==============================================================
Vitis HLS - High-Level Synthesis from C, C++ and OpenCL v2021.1 (64-bit)
Copyright 1986-2021 Xilinx, Inc. All Rights Reserved.
==============================================================
INFO: [HLS 200-1505] Using default flow_target 'vivado'
INFO: [HLS 200-1510] Running: config_array_partition -maximum_size 401920 
INFO: [XFORM 203-101] Allowed max sub elements number after partition is 401920.
ERROR: [HLS 200-642] The 'config_array_partition -maximum_size' command is not supported.
INFO: [HLS 200-1510] Running: config_compile -name_max_length 80 
INFO: [XFORM 203-1161] The maximum of name length is set into 80.
INFO: [HLS 200-1510] Running: set_part xc7z007s-clg225-2 
INFO: [HLS 200-1611] Setting target device to 'xc7z007s-clg225-2'
INFO: [XFORM 203-1161] The maximum of name length is set into 80.
INFO: [HLS 200-1510] Running: config_schedule -enable_dsp_full_reg=false 
INFO: [HLS 200-1510] Running: config_op mul -impl fabric 
INFO: [HLS 200-1445] Configure operator 'mul' with implementation style 'fabric'.
INFO: [HLS 200-1510] Running: create_clock -period 5 -name default 
INFO: [SYN 201-201] Setting up clock 'default' with a period of 5ns.
INFO: [HLS 200-1510] Running: set_clock_uncertainty 12.5% default 
INFO: [SYN 201-201] Setting up clock 'default' with an uncertainty of 0.625ns.
INFO: [HLS 200-1510] Running: csynth_design 
INFO: [HLS 200-111] Finished File checks and directory preparation: CPU user time: 0.01 seconds. CPU system time: 0 seconds. Elapsed time: 0 seconds; current allocated memory: 250.397 MB.
INFO: [HLS 200-10] Analyzing design file 'firmware/myproject.cpp' ... 
WARNING: [HLS 207-5499] the pragma is not supported and will be ignored: firmware/nnet_utils/nnet_activation_stream.h:453:9
WARNING: [HLS 207-5535] Unsupported interface port data type in '#pragma HLS interface ap_vld': firmware/myproject.cpp:14:45
WARNING: [HLS 207-5301] unused parameter 'print': /tools/Xilinx/Vitis_HLS/2021.1/common/technology/autopilot/ap_int_base.h:792:16
WARNING: [HLS 207-5301] unused parameter 'keep': firmware/nnet_utils/nnet_helpers.h:285:99
WARNING: [HLS 207-5301] unused parameter 'data': firmware/nnet_utils/nnet_code_gen.h:11:36
WARNING: [HLS 207-5301] unused parameter 'buffer': firmware/nnet_utils/nnet_code_gen.h:12:36
WARNING: [HLS 207-5301] unused parameter 'partition': firmware/nnet_utils/nnet_code_gen.h:13:44
WARNING: [HLS 207-5301] unused parameter 'data': firmware/nnet_utils/nnet_code_gen.h:21:24
WARNING: [HLS 207-5301] unused parameter 'buffer': firmware/nnet_utils/nnet_code_gen.h:22:24
WARNING: [HLS 207-5301] unused parameter 'partition': firmware/nnet_utils/nnet_code_gen.h:23:32
WARNING: [HLS 207-5499] the pragma is not supported and will be ignored: firmware/nnet_utils/nnet_activation_stream.h:453:9
WARNING: [HLS 207-5535] Unsupported interface port data type in '#pragma HLS interface ap_vld': firmware/myproject.cpp:14:45
INFO: [HLS 200-111] Finished Source Code Analysis and Preprocessing: CPU user time: 10.11 seconds. CPU system time: 0.88 seconds. Elapsed time: 9.9 seconds; current allocated memory: 253.100 MB.
INFO: [HLS 200-777] Using interface defaults for 'Vivado' flow target.
INFO: [HLS 214-279] Initial Interval estimation mode is set into default.
INFO: [HLS 214-284] Auto array partition mode is set into default.
INFO: [HLS 214-131] Inlining function 'nnet::product::mult<ap_fixed<8, 2, (ap_q_mode)5, (ap_o_mode)3, 0>, ap_fixed<8, 1, (ap_q_mode)5, (ap_o_mode)3, 0> >::product(ap_fixed<8, 2, (ap_q_mode)5, (ap_o_mode)3, 0>, ap_fixed<8, 1, (ap_q_mode)5, (ap_o_mode)3, 0>)' into 'void nnet::dense_latency<ap_fixed<8, 2, (ap_q_mode)5, (ap_o_mode)3, 0>, ap_fixed<16, 4, (ap_q_mode)5, (ap_o_mode)3, 0>, config2>(ap_fixed<8, 2, (ap_q_mode)5, (ap_o_mode)3, 0>*, ap_fixed<16, 4, (ap_q_mode)5, (ap_o_mode)3, 0>*, config2::weight_t*, config2::bias_t*)' (firmware/nnet_utils/nnet_dense_latency.h:42:27)
INFO: [HLS 214-131] Inlining function 'nnet::product::mult<ap_ufixed<8, 0, (ap_q_mode)4, (ap_o_mode)0, 0>, ap_fixed<8, 1, (ap_q_mode)5, (ap_o_mode)3, 0> >::product(ap_ufixed<8, 0, (ap_q_mode)4, (ap_o_mode)0, 0>, ap_fixed<8, 1, (ap_q_mode)5, (ap_o_mode)3, 0>)' into 'void nnet::dense_latency<ap_ufixed<8, 0, (ap_q_mode)4, (ap_o_mode)0, 0>, ap_fixed<16, 4, (ap_q_mode)5, (ap_o_mode)3, 0>, config5>(ap_ufixed<8, 0, (ap_q_mode)4, (ap_o_mode)0, 0>*, ap_fixed<16, 4, (ap_q_mode)5, (ap_o_mode)3, 0>*, config5::weight_t*, config5::bias_t*)' (firmware/nnet_utils/nnet_dense_latency.h:42:27)
INFO: [HLS 214-131] Inlining function 'nnet::product::mult<ap_fixed<16, 4, (ap_q_mode)5, (ap_o_mode)3, 0>, ap_fixed<16, 4, (ap_q_mode)5, (ap_o_mode)3, 0> >::product(ap_fixed<16, 4, (ap_q_mode)5, (ap_o_mode)3, 0>, ap_fixed<16, 4, (ap_q_mode)5, (ap_o_mode)3, 0>)' into 'void nnet::normalize<ap_fixed<16, 4, (ap_q_mode)5, (ap_o_mode)3, 0>, ap_fixed<16, 4, (ap_q_mode)5, (ap_o_mode)3, 0>, config11>(ap_fixed<16, 4, (ap_q_mode)5, (ap_o_mode)3, 0>*, ap_fixed<16, 4, (ap_q_mode)5, (ap_o_mode)3, 0>*, config11::scale_t*, config11::bias_t*)' (firmware/nnet_utils/nnet_batchnorm.h:54:25)
INFO: [HLS 214-131] Inlining function 'nnet::product::mult<ap_ufixed<8, 0, (ap_q_mode)4, (ap_o_mode)0, 0>, ap_fixed<8, 1, (ap_q_mode)5, (ap_o_mode)3, 0> >::product(ap_ufixed<8, 0, (ap_q_mode)4, (ap_o_mode)0, 0>, ap_fixed<8, 1, (ap_q_mode)5, (ap_o_mode)3, 0>)' into 'void nnet::dense_latency<ap_ufixed<8, 0, (ap_q_mode)4, (ap_o_mode)0, 0>, ap_fixed<16, 4, (ap_q_mode)5, (ap_o_mode)3, 0>, config8>(ap_ufixed<8, 0, (ap_q_mode)4, (ap_o_mode)0, 0>*, ap_fixed<16, 4, (ap_q_mode)5, (ap_o_mode)3, 0>*, config8::weight_t*, config8::bias_t*)' (firmware/nnet_utils/nnet_dense_latency.h:42:27)
INFO: [HLS 214-131] Inlining function 'nnet::product::mult<ap_fixed<16, 4, (ap_q_mode)5, (ap_o_mode)3, 0>, ap_fixed<16, 4, (ap_q_mode)5, (ap_o_mode)3, 0> >::product(ap_fixed<16, 4, (ap_q_mode)5, (ap_o_mode)3, 0>, ap_fixed<16, 4, (ap_q_mode)5, (ap_o_mode)3, 0>)' into 'void nnet::normalize<ap_fixed<16, 4, (ap_q_mode)5, (ap_o_mode)3, 0>, ap_fixed<16, 4, (ap_q_mode)5, (ap_o_mode)3, 0>, config12>(ap_fixed<16, 4, (ap_q_mode)5, (ap_o_mode)3, 0>*, ap_fixed<16, 4, (ap_q_mode)5, (ap_o_mode)3, 0>*, config12::scale_t*, config12::bias_t*)' (firmware/nnet_utils/nnet_batchnorm.h:54:25)
INFO: [HLS 214-131] Inlining function 'void nnet::dense<ap_fixed<8, 2, (ap_q_mode)5, (ap_o_mode)3, 0>, ap_fixed<16, 4, (ap_q_mode)5, (ap_o_mode)3, 0>, config2>(ap_fixed<8, 2, (ap_q_mode)5, (ap_o_mode)3, 0>*, ap_fixed<16, 4, (ap_q_mode)5, (ap_o_mode)3, 0>*, config2::weight_t*, config2::bias_t*)' into 'myproject(ap_fixed<8, 2, (ap_q_mode)5, (ap_o_mode)3, 0>*, ap_fixed<16, 4, (ap_q_mode)5, (ap_o_mode)3, 0>*)' (firmware/myproject.cpp:43:2)
INFO: [HLS 214-131] Inlining function 'void nnet::dense<ap_ufixed<8, 0, (ap_q_mode)4, (ap_o_mode)0, 0>, ap_fixed<16, 4, (ap_q_mode)5, (ap_o_mode)3, 0>, config5>(ap_ufixed<8, 0, (ap_q_mode)4, (ap_o_mode)0, 0>*, ap_fixed<16, 4, (ap_q_mode)5, (ap_o_mode)3, 0>*, config5::weight_t*, config5::bias_t*)' into 'myproject(ap_fixed<8, 2, (ap_q_mode)5, (ap_o_mode)3, 0>*, ap_fixed<16, 4, (ap_q_mode)5, (ap_o_mode)3, 0>*)' (firmware/myproject.cpp:51:2)
INFO: [HLS 214-131] Inlining function 'void nnet::dense<ap_ufixed<8, 0, (ap_q_mode)4, (ap_o_mode)0, 0>, ap_fixed<16, 4, (ap_q_mode)5, (ap_o_mode)3, 0>, config8>(ap_ufixed<8, 0, (ap_q_mode)4, (ap_o_mode)0, 0>*, ap_fixed<16, 4, (ap_q_mode)5, (ap_o_mode)3, 0>*, config8::weight_t*, config8::bias_t*)' into 'myproject(ap_fixed<8, 2, (ap_q_mode)5, (ap_o_mode)3, 0>*, ap_fixed<16, 4, (ap_q_mode)5, (ap_o_mode)3, 0>*)' (firmware/myproject.cpp:63:2)
INFO: [HLS 214-131] Inlining function 'void nnet::softmax<ap_fixed<16, 4, (ap_q_mode)5, (ap_o_mode)3, 0>, ap_fixed<16, 4, (ap_q_mode)5, (ap_o_mode)3, 0>, softmax_config10>(ap_fixed<16, 4, (ap_q_mode)5, (ap_o_mode)3, 0>*, ap_fixed<16, 4, (ap_q_mode)5, (ap_o_mode)3, 0>*)' into 'myproject(ap_fixed<8, 2, (ap_q_mode)5, (ap_o_mode)3, 0>*, ap_fixed<16, 4, (ap_q_mode)5, (ap_o_mode)3, 0>*)' (firmware/myproject.cpp:69:5)
INFO: [HLS 214-186] Unrolling loop 'VITIS_LOOP_266_3' (firmware/nnet_utils/nnet_activation.h:266:23) in function 'nnet::softmax_stable<ap_fixed<16, 4, (ap_q_mode)5, (ap_o_mode)3, 0>, ap_fixed<16, 4, (ap_q_mode)5, (ap_o_mode)3, 0>, softmax_config10>' completely with a factor of 2 (firmware/nnet_utils/nnet_activation.h:216:0)
INFO: [HLS 214-186] Unrolling loop 'VITIS_LOOP_252_2' (firmware/nnet_utils/nnet_activation.h:252:23) in function 'nnet::softmax_stable<ap_fixed<16, 4, (ap_q_mode)5, (ap_o_mode)3, 0>, ap_fixed<16, 4, (ap_q_mode)5, (ap_o_mode)3, 0>, softmax_config10>' completely with a factor of 2 (firmware/nnet_utils/nnet_activation.h:216:0)
INFO: [HLS 214-186] Unrolling loop 'VITIS_LOOP_243_1' (firmware/nnet_utils/nnet_activation.h:243:23) in function 'nnet::softmax_stable<ap_fixed<16, 4, (ap_q_mode)5, (ap_o_mode)3, 0>, ap_fixed<16, 4, (ap_q_mode)5, (ap_o_mode)3, 0>, softmax_config10>' completely with a factor of 2 (firmware/nnet_utils/nnet_activation.h:216:0)
INFO: [HLS 214-178] Inlining function 'std::enable_if<!(std::is_same<ap_fixed<8, 2, (ap_q_mode)5, (ap_o_mode)3, 0>, ap_uint<1> >::value), ap_fixed<16, 4, (ap_q_mode)5, (ap_o_mode)3, 0> >::type nnet::cast<ap_fixed<8, 2, (ap_q_mode)5, (ap_o_mode)3, 0>, ap_fixed<16, 4, (ap_q_mode)5, (ap_o_mode)3, 0>, config2>(config2::accum_t)' into 'void nnet::dense_latency<ap_fixed<8, 2, (ap_q_mode)5, (ap_o_mode)3, 0>, ap_fixed<16, 4, (ap_q_mode)5, (ap_o_mode)3, 0>, config2>(ap_fixed<8, 2, (ap_q_mode)5, (ap_o_mode)3, 0>*, ap_fixed<16, 4, (ap_q_mode)5, (ap_o_mode)3, 0>*, config2::weight_t*, config2::bias_t*)' (firmware/nnet_utils/nnet_dense_latency.h:15:0)
INFO: [HLS 214-178] Inlining function 'std::enable_if<!(std::is_same<ap_ufixed<8, 0, (ap_q_mode)4, (ap_o_mode)0, 0>, ap_uint<1> >::value), ap_fixed<16, 4, (ap_q_mode)5, (ap_o_mode)3, 0> >::type nnet::cast<ap_ufixed<8, 0, (ap_q_mode)4, (ap_o_mode)0, 0>, ap_fixed<16, 4, (ap_q_mode)5, (ap_o_mode)3, 0>, config5>(config5::accum_t)' into 'void nnet::dense_latency<ap_ufixed<8, 0, (ap_q_mode)4, (ap_o_mode)0, 0>, ap_fixed<16, 4, (ap_q_mode)5, (ap_o_mode)3, 0>, config5>(ap_ufixed<8, 0, (ap_q_mode)4, (ap_o_mode)0, 0>*, ap_fixed<16, 4, (ap_q_mode)5, (ap_o_mode)3, 0>*, config5::weight_t*, config5::bias_t*)' (firmware/nnet_utils/nnet_dense_latency.h:15:0)
INFO: [HLS 214-178] Inlining function 'std::enable_if<!(std::is_same<ap_ufixed<8, 0, (ap_q_mode)4, (ap_o_mode)0, 0>, ap_uint<1> >::value), ap_fixed<16, 4, (ap_q_mode)5, (ap_o_mode)3, 0> >::type nnet::cast<ap_ufixed<8, 0, (ap_q_mode)4, (ap_o_mode)0, 0>, ap_fixed<16, 4, (ap_q_mode)5, (ap_o_mode)3, 0>, config8>(config8::accum_t)' into 'void nnet::dense_latency<ap_ufixed<8, 0, (ap_q_mode)4, (ap_o_mode)0, 0>, ap_fixed<16, 4, (ap_q_mode)5, (ap_o_mode)3, 0>, config8>(ap_ufixed<8, 0, (ap_q_mode)4, (ap_o_mode)0, 0>*, ap_fixed<16, 4, (ap_q_mode)5, (ap_o_mode)3, 0>*, config8::weight_t*, config8::bias_t*)' (firmware/nnet_utils/nnet_dense_latency.h:15:0)
INFO: [HLS 214-178] Inlining function 'nnet::Op_max<ap_fixed<16, 4, (ap_q_mode)5, (ap_o_mode)3, 0> >::operator()(ap_fixed<16, 4, (ap_q_mode)5, (ap_o_mode)3, 0>, ap_fixed<16, 4, (ap_q_mode)5, (ap_o_mode)3, 0>)' into 'ap_fixed<16, 4, (ap_q_mode)5, (ap_o_mode)3, 0> nnet::reduce<ap_fixed<16, 4, (ap_q_mode)5, (ap_o_mode)3, 0>, 2, nnet::Op_max<ap_fixed<16, 4, (ap_q_mode)5, (ap_o_mode)3, 0> > >(ap_fixed<16, 4, (ap_q_mode)5, (ap_o_mode)3, 0> const*, nnet::Op_max<ap_fixed<16, 4, (ap_q_mode)5, (ap_o_mode)3, 0> >)' (firmware/nnet_utils/nnet_common.h:36:0)
INFO: [HLS 214-178] Inlining function 'nnet::Op_add<ap_fixed<18, 8, (ap_q_mode)5, (ap_o_mode)3, 0> >::operator()(ap_fixed<18, 8, (ap_q_mode)5, (ap_o_mode)3, 0>, ap_fixed<18, 8, (ap_q_mode)5, (ap_o_mode)3, 0>)' into 'ap_fixed<18, 8, (ap_q_mode)5, (ap_o_mode)3, 0> nnet::reduce<ap_fixed<18, 8, (ap_q_mode)5, (ap_o_mode)3, 0>, 2, nnet::Op_add<ap_fixed<18, 8, (ap_q_mode)5, (ap_o_mode)3, 0> > >(ap_fixed<18, 8, (ap_q_mode)5, (ap_o_mode)3, 0> const*, nnet::Op_add<ap_fixed<18, 8, (ap_q_mode)5, (ap_o_mode)3, 0> >)' (firmware/nnet_utils/nnet_common.h:36:0)
INFO: [HLS 214-178] Inlining function 'ap_fixed<16, 4, (ap_q_mode)5, (ap_o_mode)3, 0> nnet::reduce<ap_fixed<16, 4, (ap_q_mode)5, (ap_o_mode)3, 0>, 2, nnet::Op_max<ap_fixed<16, 4, (ap_q_mode)5, (ap_o_mode)3, 0> > >(ap_fixed<16, 4, (ap_q_mode)5, (ap_o_mode)3, 0> const*, nnet::Op_max<ap_fixed<16, 4, (ap_q_mode)5, (ap_o_mode)3, 0> >)' into 'void nnet::softmax_stable<ap_fixed<16, 4, (ap_q_mode)5, (ap_o_mode)3, 0>, ap_fixed<16, 4, (ap_q_mode)5, (ap_o_mode)3, 0>, softmax_config10>(ap_fixed<16, 4, (ap_q_mode)5, (ap_o_mode)3, 0>*, ap_fixed<16, 4, (ap_q_mode)5, (ap_o_mode)3, 0>*)' (firmware/nnet_utils/nnet_activation.h:216:0)
INFO: [HLS 214-178] Inlining function 'unsigned int nnet::softmax_idx_from_real_val<ap_fixed<16, 4, (ap_q_mode)5, (ap_o_mode)3, 0>, softmax_config10>(ap_fixed<16, 4, (ap_q_mode)5, (ap_o_mode)3, 0>)' into 'void nnet::softmax_stable<ap_fixed<16, 4, (ap_q_mode)5, (ap_o_mode)3, 0>, ap_fixed<16, 4, (ap_q_mode)5, (ap_o_mode)3, 0>, softmax_config10>(ap_fixed<16, 4, (ap_q_mode)5, (ap_o_mode)3, 0>*, ap_fixed<16, 4, (ap_q_mode)5, (ap_o_mode)3, 0>*)' (firmware/nnet_utils/nnet_activation.h:216:0)
INFO: [HLS 214-178] Inlining function 'ap_fixed<18, 8, (ap_q_mode)5, (ap_o_mode)3, 0> nnet::reduce<ap_fixed<18, 8, (ap_q_mode)5, (ap_o_mode)3, 0>, 2, nnet::Op_add<ap_fixed<18, 8, (ap_q_mode)5, (ap_o_mode)3, 0> > >(ap_fixed<18, 8, (ap_q_mode)5, (ap_o_mode)3, 0> const*, nnet::Op_add<ap_fixed<18, 8, (ap_q_mode)5, (ap_o_mode)3, 0> >)' into 'void nnet::softmax_stable<ap_fixed<16, 4, (ap_q_mode)5, (ap_o_mode)3, 0>, ap_fixed<16, 4, (ap_q_mode)5, (ap_o_mode)3, 0>, softmax_config10>(ap_fixed<16, 4, (ap_q_mode)5, (ap_o_mode)3, 0>*, ap_fixed<16, 4, (ap_q_mode)5, (ap_o_mode)3, 0>*)' (firmware/nnet_utils/nnet_activation.h:216:0)
INFO: [HLS 214-178] Inlining function 'unsigned int nnet::softmax_idx_from_real_val<ap_fixed<18, 8, (ap_q_mode)5, (ap_o_mode)3, 0>, softmax_config10>(ap_fixed<18, 8, (ap_q_mode)5, (ap_o_mode)3, 0>)' into 'void nnet::softmax_stable<ap_fixed<16, 4, (ap_q_mode)5, (ap_o_mode)3, 0>, ap_fixed<16, 4, (ap_q_mode)5, (ap_o_mode)3, 0>, softmax_config10>(ap_fixed<16, 4, (ap_q_mode)5, (ap_o_mode)3, 0>*, ap_fixed<16, 4, (ap_q_mode)5, (ap_o_mode)3, 0>*)' (firmware/nnet_utils/nnet_activation.h:216:0)
INFO: [HLS 214-248] Applying array_partition to 'layer10_out': Complete partitioning on dimension 1. (firmware/myproject.cpp:9:0)
INFO: [HLS 214-241] Aggregating scalar variable 'layer10_out_1' with field bit alignment mode in 16-bits (firmware/myproject.cpp:9:0)
INFO: [HLS 214-241] Aggregating scalar variable 'layer10_out_0' with field bit alignment mode in 16-bits (firmware/myproject.cpp:9:0)
INFO: [HLS 214-241] Aggregating bram variable 'fc1_input' with field bit alignment mode in 8-bits (firmware/myproject.cpp:9:0)
INFO: [HLS 214-248] Applying array_reshape to 'fc1_input': Complete reshaping on dimension 1. (firmware/myproject.cpp:9:0)
WARNING: [HLS 214-281] Estimating pipelined function 'myproject' with estimated II increased from II=1 to II=+infinity because of sub function call 'call' (firmware/myproject.cpp:9:0)
INFO: [HLS 214-270] Starting automatic array partition analysis...
INFO: [HLS 214-131] Inlining function '_llvm.fpga.pack.none.i16.s_struct.ap_fixed.0s' into 'void nnet::softmax_stable<ap_fixed<16, 4, (ap_q_mode)5, (ap_o_mode)3, 0>, ap_fixed<16, 4, (ap_q_mode)5, (ap_o_mode)3, 0>, softmax_config10>(ap_fixed<16, 4, (ap_q_mode)5, (ap_o_mode)3, 0>*, ap_fixed<16, 4, (ap_q_mode)5, (ap_o_mode)3, 0>*)' (firmware/nnet_utils/nnet_activation.h:268:9)
INFO: [HLS 214-131] Inlining function '_llvm.fpga.pack.none.i16.s_struct.ap_fixed.0s' into 'void nnet::softmax_stable<ap_fixed<16, 4, (ap_q_mode)5, (ap_o_mode)3, 0>, ap_fixed<16, 4, (ap_q_mode)5, (ap_o_mode)3, 0>, softmax_config10>(ap_fixed<16, 4, (ap_q_mode)5, (ap_o_mode)3, 0>*, ap_fixed<16, 4, (ap_q_mode)5, (ap_o_mode)3, 0>*)' (firmware/nnet_utils/nnet_activation.h:268:9)
INFO: [HLS 200-111] Finished Compiling Optimization and Transform: CPU user time: 5.31 seconds. CPU system time: 0.5 seconds. Elapsed time: 5.8 seconds; current allocated memory: 255.500 MB.
INFO: [HLS 200-111] Finished Checking Pragmas: CPU user time: 0 seconds. CPU system time: 0 seconds. Elapsed time: 0 seconds; current allocated memory: 255.502 MB.
INFO: [HLS 200-10] Starting code transformations ...
INFO: [HLS 200-111] Finished Standard Transforms: CPU user time: 0.14 seconds. CPU system time: 0.02 seconds. Elapsed time: 0.16 seconds; current allocated memory: 283.254 MB.
INFO: [HLS 200-10] Checking synthesizability ...
INFO: [HLS 200-111] Finished Checking Synthesizability: CPU user time: 0.32 seconds. CPU system time: 0.01 seconds. Elapsed time: 0.34 seconds; current allocated memory: 328.204 MB.
INFO: [XFORM 203-502] Unrolling all loops for pipelining in function 'nnet::normalize<ap_fixed<16, 4, (ap_q_mode)5, (ap_o_mode)3, 0>, ap_fixed<16, 4, (ap_q_mode)5, (ap_o_mode)3, 0>, config12>' (firmware/nnet_utils/nnet_batchnorm.h:46:51).
INFO: [XFORM 203-502] Unrolling all loops for pipelining in function 'nnet::dense_latency<ap_ufixed<8, 0, (ap_q_mode)4, (ap_o_mode)0, 0>, ap_fixed<16, 4, (ap_q_mode)5, (ap_o_mode)3, 0>, config8>' (firmware/nnet_utils/nnet_dense_latency.h:17:50).
INFO: [XFORM 203-502] Unrolling all loops for pipelining in function 'nnet::relu<ap_fixed<16, 4, (ap_q_mode)5, (ap_o_mode)3, 0>, ap_ufixed<8, 0, (ap_q_mode)4, (ap_o_mode)0, 0>, relu_config7>' (firmware/nnet_utils/nnet_activation.h:39:13).
INFO: [XFORM 203-502] Unrolling all loops for pipelining in function 'nnet::normalize<ap_fixed<16, 4, (ap_q_mode)5, (ap_o_mode)3, 0>, ap_fixed<16, 4, (ap_q_mode)5, (ap_o_mode)3, 0>, config11>' (firmware/nnet_utils/nnet_batchnorm.h:46:51).
INFO: [XFORM 203-502] Unrolling all loops for pipelining in function 'nnet::dense_latency<ap_ufixed<8, 0, (ap_q_mode)4, (ap_o_mode)0, 0>, ap_fixed<16, 4, (ap_q_mode)5, (ap_o_mode)3, 0>, config5>' (firmware/nnet_utils/nnet_dense_latency.h:17:50).
INFO: [XFORM 203-502] Unrolling all loops for pipelining in function 'nnet::relu<ap_fixed<16, 4, (ap_q_mode)5, (ap_o_mode)3, 0>, ap_ufixed<8, 0, (ap_q_mode)4, (ap_o_mode)0, 0>, relu_config4>' (firmware/nnet_utils/nnet_activation.h:39:13).
INFO: [XFORM 203-502] Unrolling all loops for pipelining in function 'nnet::dense_latency<ap_fixed<8, 2, (ap_q_mode)5, (ap_o_mode)3, 0>, ap_fixed<16, 4, (ap_q_mode)5, (ap_o_mode)3, 0>, config2>' (firmware/nnet_utils/nnet_dense_latency.h:17:50).
INFO: [HLS 200-489] Unrolling loop 'Result' (firmware/nnet_utils/nnet_batchnorm.h:52) in function 'nnet::normalize<ap_fixed<16, 4, (ap_q_mode)5, (ap_o_mode)3, 0>, ap_fixed<16, 4, (ap_q_mode)5, (ap_o_mode)3, 0>, config12>' completely with a factor of 2.
INFO: [HLS 200-489] Unrolling loop 'Product1' (firmware/nnet_utils/nnet_dense_latency.h:37) in function 'nnet::dense_latency<ap_ufixed<8, 0, (ap_q_mode)4, (ap_o_mode)0, 0>, ap_fixed<16, 4, (ap_q_mode)5, (ap_o_mode)3, 0>, config8>' completely with a factor of 3.
INFO: [HLS 200-489] Unrolling loop 'Product2' (firmware/nnet_utils/nnet_dense_latency.h:40) in function 'nnet::dense_latency<ap_ufixed<8, 0, (ap_q_mode)4, (ap_o_mode)0, 0>, ap_fixed<16, 4, (ap_q_mode)5, (ap_o_mode)3, 0>, config8>' completely with a factor of 2.
INFO: [HLS 200-489] Unrolling loop 'ResetAccum' (firmware/nnet_utils/nnet_dense_latency.h:48) in function 'nnet::dense_latency<ap_ufixed<8, 0, (ap_q_mode)4, (ap_o_mode)0, 0>, ap_fixed<16, 4, (ap_q_mode)5, (ap_o_mode)3, 0>, config8>' completely with a factor of 2.
INFO: [HLS 200-489] Unrolling loop 'Accum1' (firmware/nnet_utils/nnet_dense_latency.h:54) in function 'nnet::dense_latency<ap_ufixed<8, 0, (ap_q_mode)4, (ap_o_mode)0, 0>, ap_fixed<16, 4, (ap_q_mode)5, (ap_o_mode)3, 0>, config8>' completely with a factor of 3.
INFO: [HLS 200-489] Unrolling loop 'Accum2' (firmware/nnet_utils/nnet_dense_latency.h:56) in function 'nnet::dense_latency<ap_ufixed<8, 0, (ap_q_mode)4, (ap_o_mode)0, 0>, ap_fixed<16, 4, (ap_q_mode)5, (ap_o_mode)3, 0>, config8>' completely with a factor of 2.
INFO: [HLS 200-489] Unrolling loop 'Result' (firmware/nnet_utils/nnet_dense_latency.h:64) in function 'nnet::dense_latency<ap_ufixed<8, 0, (ap_q_mode)4, (ap_o_mode)0, 0>, ap_fixed<16, 4, (ap_q_mode)5, (ap_o_mode)3, 0>, config8>' completely with a factor of 2.
INFO: [HLS 200-489] Unrolling loop 'VITIS_LOOP_43_1' (firmware/nnet_utils/nnet_activation.h:43) in function 'nnet::relu<ap_fixed<16, 4, (ap_q_mode)5, (ap_o_mode)3, 0>, ap_ufixed<8, 0, (ap_q_mode)4, (ap_o_mode)0, 0>, relu_config7>' completely with a factor of 3.
INFO: [HLS 200-489] Unrolling loop 'Result' (firmware/nnet_utils/nnet_batchnorm.h:52) in function 'nnet::normalize<ap_fixed<16, 4, (ap_q_mode)5, (ap_o_mode)3, 0>, ap_fixed<16, 4, (ap_q_mode)5, (ap_o_mode)3, 0>, config11>' completely with a factor of 3.
INFO: [HLS 200-489] Unrolling loop 'Product1' (firmware/nnet_utils/nnet_dense_latency.h:37) in function 'nnet::dense_latency<ap_ufixed<8, 0, (ap_q_mode)4, (ap_o_mode)0, 0>, ap_fixed<16, 4, (ap_q_mode)5, (ap_o_mode)3, 0>, config5>' completely with a factor of 5.
INFO: [HLS 200-489] Unrolling loop 'Product2' (firmware/nnet_utils/nnet_dense_latency.h:40) in function 'nnet::dense_latency<ap_ufixed<8, 0, (ap_q_mode)4, (ap_o_mode)0, 0>, ap_fixed<16, 4, (ap_q_mode)5, (ap_o_mode)3, 0>, config5>' completely with a factor of 3.
INFO: [HLS 200-489] Unrolling loop 'ResetAccum' (firmware/nnet_utils/nnet_dense_latency.h:48) in function 'nnet::dense_latency<ap_ufixed<8, 0, (ap_q_mode)4, (ap_o_mode)0, 0>, ap_fixed<16, 4, (ap_q_mode)5, (ap_o_mode)3, 0>, config5>' completely with a factor of 3.
INFO: [HLS 200-489] Unrolling loop 'Accum1' (firmware/nnet_utils/nnet_dense_latency.h:54) in function 'nnet::dense_latency<ap_ufixed<8, 0, (ap_q_mode)4, (ap_o_mode)0, 0>, ap_fixed<16, 4, (ap_q_mode)5, (ap_o_mode)3, 0>, config5>' completely with a factor of 5.
INFO: [HLS 200-489] Unrolling loop 'Accum2' (firmware/nnet_utils/nnet_dense_latency.h:56) in function 'nnet::dense_latency<ap_ufixed<8, 0, (ap_q_mode)4, (ap_o_mode)0, 0>, ap_fixed<16, 4, (ap_q_mode)5, (ap_o_mode)3, 0>, config5>' completely with a factor of 3.
INFO: [HLS 200-489] Unrolling loop 'Result' (firmware/nnet_utils/nnet_dense_latency.h:64) in function 'nnet::dense_latency<ap_ufixed<8, 0, (ap_q_mode)4, (ap_o_mode)0, 0>, ap_fixed<16, 4, (ap_q_mode)5, (ap_o_mode)3, 0>, config5>' completely with a factor of 3.
INFO: [HLS 200-489] Unrolling loop 'VITIS_LOOP_43_1' (firmware/nnet_utils/nnet_activation.h:43) in function 'nnet::relu<ap_fixed<16, 4, (ap_q_mode)5, (ap_o_mode)3, 0>, ap_ufixed<8, 0, (ap_q_mode)4, (ap_o_mode)0, 0>, relu_config4>' completely with a factor of 5.
INFO: [HLS 200-489] Unrolling loop 'Product1' (firmware/nnet_utils/nnet_dense_latency.h:37) in function 'nnet::dense_latency<ap_fixed<8, 2, (ap_q_mode)5, (ap_o_mode)3, 0>, ap_fixed<16, 4, (ap_q_mode)5, (ap_o_mode)3, 0>, config2>' completely with a factor of 10.
INFO: [HLS 200-489] Unrolling loop 'Product2' (firmware/nnet_utils/nnet_dense_latency.h:40) in function 'nnet::dense_latency<ap_fixed<8, 2, (ap_q_mode)5, (ap_o_mode)3, 0>, ap_fixed<16, 4, (ap_q_mode)5, (ap_o_mode)3, 0>, config2>' completely with a factor of 5.
INFO: [HLS 200-489] Unrolling loop 'ResetAccum' (firmware/nnet_utils/nnet_dense_latency.h:48) in function 'nnet::dense_latency<ap_fixed<8, 2, (ap_q_mode)5, (ap_o_mode)3, 0>, ap_fixed<16, 4, (ap_q_mode)5, (ap_o_mode)3, 0>, config2>' completely with a factor of 5.
INFO: [HLS 200-489] Unrolling loop 'Accum1' (firmware/nnet_utils/nnet_dense_latency.h:54) in function 'nnet::dense_latency<ap_fixed<8, 2, (ap_q_mode)5, (ap_o_mode)3, 0>, ap_fixed<16, 4, (ap_q_mode)5, (ap_o_mode)3, 0>, config2>' completely with a factor of 10.
INFO: [HLS 200-489] Unrolling loop 'Accum2' (firmware/nnet_utils/nnet_dense_latency.h:56) in function 'nnet::dense_latency<ap_fixed<8, 2, (ap_q_mode)5, (ap_o_mode)3, 0>, ap_fixed<16, 4, (ap_q_mode)5, (ap_o_mode)3, 0>, config2>' completely with a factor of 5.
INFO: [HLS 200-489] Unrolling loop 'Result' (firmware/nnet_utils/nnet_dense_latency.h:64) in function 'nnet::dense_latency<ap_fixed<8, 2, (ap_q_mode)5, (ap_o_mode)3, 0>, ap_fixed<16, 4, (ap_q_mode)5, (ap_o_mode)3, 0>, config2>' completely with a factor of 5.
INFO: [XFORM 203-101] Partitioning array 'layer2_out.V' (firmware/myproject.cpp:41) in dimension 1 completely.
INFO: [XFORM 203-101] Partitioning array 'b2.V'  in dimension 1 completely.
INFO: [XFORM 203-101] Partitioning array 'layer4_out.V' (firmware/myproject.cpp:45) in dimension 1 completely.
INFO: [XFORM 203-101] Partitioning array 'layer5_out.V' (firmware/myproject.cpp:49) in dimension 1 completely.
INFO: [XFORM 203-101] Partitioning array 'b5.V'  in dimension 1 completely.
INFO: [XFORM 203-101] Partitioning array 'layer11_out.V' (firmware/myproject.cpp:53) in dimension 1 completely.
INFO: [XFORM 203-101] Partitioning array 's11.V'  in dimension 1 completely.
INFO: [XFORM 203-101] Partitioning array 'b11.V'  in dimension 1 completely.
INFO: [XFORM 203-101] Partitioning array 'layer7_out.V' (firmware/myproject.cpp:57) in dimension 1 completely.
INFO: [XFORM 203-101] Partitioning array 'layer8_out.V' (firmware/myproject.cpp:61) in dimension 1 completely.
INFO: [XFORM 203-101] Partitioning array 'b8.V'  in dimension 1 completely.
INFO: [XFORM 203-101] Partitioning array 'layer12_out.V' (firmware/myproject.cpp:65) in dimension 1 completely.
INFO: [XFORM 203-101] Partitioning array 's12.V'  in dimension 1 completely.
INFO: [XFORM 203-101] Partitioning array 'b12.V'  in dimension 1 completely.
INFO: [XFORM 203-101] Partitioning array 'mult.V' (firmware/nnet_utils/nnet_dense_latency.h:17) in dimension 1 completely.
INFO: [XFORM 203-101] Partitioning array 'acc.V' (firmware/nnet_utils/nnet_dense_latency.h:18) in dimension 1 completely.
INFO: [XFORM 203-101] Partitioning array 'mult.V' (firmware/nnet_utils/nnet_dense_latency.h:17) in dimension 1 completely.
INFO: [XFORM 203-101] Partitioning array 'acc.V' (firmware/nnet_utils/nnet_dense_latency.h:18) in dimension 1 completely.
INFO: [XFORM 203-101] Partitioning array 'mult.V' (firmware/nnet_utils/nnet_dense_latency.h:17) in dimension 1 completely.
INFO: [XFORM 203-101] Partitioning array 'acc.V' (firmware/nnet_utils/nnet_dense_latency.h:18) in dimension 1 completely.
INFO: [XFORM 203-401] Performing if-conversion on hyperblock from (firmware/nnet_utils/nnet_activation.h:39:74) in function 'nnet::relu<ap_fixed<16, 4, (ap_q_mode)5, (ap_o_mode)3, 0>, ap_ufixed<8, 0, (ap_q_mode)4, (ap_o_mode)0, 0>, relu_config7>'... converting 11 basic blocks.
INFO: [XFORM 203-401] Performing if-conversion on hyperblock from (firmware/nnet_utils/nnet_activation.h:39:74) to (firmware/nnet_utils/nnet_activation.h:50:1) in function 'nnet::relu<ap_fixed<16, 4, (ap_q_mode)5, (ap_o_mode)3, 0>, ap_ufixed<8, 0, (ap_q_mode)4, (ap_o_mode)0, 0>, relu_config4>'... converting 26 basic blocks.
INFO: [XFORM 203-11] Balancing expressions in function 'nnet::dense_latency<ap_ufixed<8, 0, (ap_q_mode)4, (ap_o_mode)0, 0>, ap_fixed<16, 4, (ap_q_mode)5, (ap_o_mode)3, 0>, config5>' (firmware/nnet_utils/nnet_dense_latency.h:31:9)...8 expression(s) balanced.
INFO: [XFORM 203-11] Balancing expressions in function 'nnet::dense_latency<ap_fixed<8, 2, (ap_q_mode)5, (ap_o_mode)3, 0>, ap_fixed<16, 4, (ap_q_mode)5, (ap_o_mode)3, 0>, config2>' (firmware/nnet_utils/nnet_dense_latency.h:31:1)...50 expression(s) balanced.
INFO: [HLS 200-111] Finished Loop, function and other optimizations: CPU user time: 0.46 seconds. CPU system time: 0.09 seconds. Elapsed time: 0.55 seconds; current allocated memory: 397.062 MB.
INFO: [HLS 200-111] Finished Architecture Synthesis: CPU user time: 0.26 seconds. CPU system time: 0.03 seconds. Elapsed time: 0.29 seconds; current allocated memory: 491.066 MB.
INFO: [HLS 200-10] Starting hardware synthesis ...
INFO: [HLS 200-10] Synthesizing 'myproject' ...
WARNING: [SYN 201-103] Legalizing function name 'dense_latency<ap_fixed<8, 2, 5, 3, 0>, ap_fixed<16, 4, 5, 3, 0>, config2>' to 'dense_latency_ap_fixed_8_2_5_3_0_ap_fixed_16_4_5_3_0_config2_s'.
WARNING: [SYN 201-103] Legalizing function name 'relu<ap_fixed<16, 4, 5, 3, 0>, ap_ufixed<8, 0, 4, 0, 0>, relu_config4>' to 'relu_ap_fixed_16_4_5_3_0_ap_ufixed_8_0_4_0_0_relu_config4_s'.
WARNING: [SYN 201-103] Legalizing function name 'dense_latency<ap_ufixed<8, 0, 4, 0, 0>, ap_fixed<16, 4, 5, 3, 0>, config5>' to 'dense_latency_ap_ufixed_8_0_4_0_0_ap_fixed_16_4_5_3_0_config5_s'.
WARNING: [SYN 201-103] Legalizing function name 'normalize<ap_fixed<16, 4, 5, 3, 0>, ap_fixed<16, 4, 5, 3, 0>, config11>' to 'normalize_ap_fixed_16_4_5_3_0_ap_fixed_16_4_5_3_0_config11_s'.
WARNING: [SYN 201-103] Legalizing function name 'relu<ap_fixed<16, 4, 5, 3, 0>, ap_ufixed<8, 0, 4, 0, 0>, relu_config7>' to 'relu_ap_fixed_16_4_5_3_0_ap_ufixed_8_0_4_0_0_relu_config7_s'.
WARNING: [SYN 201-103] Legalizing function name 'dense_latency<ap_ufixed<8, 0, 4, 0, 0>, ap_fixed<16, 4, 5, 3, 0>, config8>' to 'dense_latency_ap_ufixed_8_0_4_0_0_ap_fixed_16_4_5_3_0_config8_s'.
WARNING: [SYN 201-103] Legalizing function name 'normalize<ap_fixed<16, 4, 5, 3, 0>, ap_fixed<16, 4, 5, 3, 0>, config12>' to 'normalize_ap_fixed_16_4_5_3_0_ap_fixed_16_4_5_3_0_config12_s'.
WARNING: [SYN 201-103] Legalizing function name 'softmax_stable<ap_fixed,ap_fixed<16,4,5,3,0>,softmax_config10>' to 'softmax_stable_ap_fixed_ap_fixed_16_4_5_3_0_softmax_config10_s'.
WARNING: [SYN 201-223] Checking resource limit in 'normalize<ap_fixed<16, 4, 5, 3, 0>, ap_fixed<16, 4, 5, 3, 0>, config11>': cannot find any operation of 'mul'.
WARNING: [SYN 201-223] Checking resource limit in 'normalize<ap_fixed<16, 4, 5, 3, 0>, ap_fixed<16, 4, 5, 3, 0>, config12>': cannot find any operation of 'mul'.
INFO: [HLS 200-10] ----------------------------------------------------------------
INFO: [HLS 200-42] -- Implementing module 'dense_latency_ap_fixed_8_2_5_3_0_ap_fixed_16_4_5_3_0_config2_s' 
INFO: [HLS 200-10] ----------------------------------------------------------------
INFO: [SCHED 204-11] Starting scheduling ...
WARNING: [HLS 200-1015] Estimated delay Estimated delay (5.28ns)  of 'mul' operation ('mul_ln1171') exceeds the target cycle time (target cycle time: 5ns, clock uncertainty: 0.625ns, effective cycle time: 4.38ns).

INFO: [SCHED 204-61] Pipelining function 'dense_latency<ap_fixed<8, 2, 5, 3, 0>, ap_fixed<16, 4, 5, 3, 0>, config2>'.
INFO: [HLS 200-1470] Pipelining result : Target II = NA, Final II = 1, Depth = 4, function 'dense_latency<ap_fixed<8, 2, 5, 3, 0>, ap_fixed<16, 4, 5, 3, 0>, config2>'
WARNING: [HLS 200-871] Estimated clock period (5.282ns) exceeds the target (target clock period: 5ns, clock uncertainty: 0.625ns, effective delay budget: 4.375ns).
WARNING: [HLS 200-1016] The critical path in module 'dense_latency_ap_fixed_8_2_5_3_0_ap_fixed_16_4_5_3_0_config2_s' consists of the following:	wire read operation ('p_read69', firmware/nnet_utils/nnet_dense_latency.h:38) on port 'p_read' (firmware/nnet_utils/nnet_dense_latency.h:38) [4]  (0 ns)
	'mul' operation ('mul_ln1171_18') [154]  (5.28 ns)

INFO: [SCHED 204-11] Finished scheduling.
INFO: [HLS 200-111] Finished Scheduling: CPU user time: 0.27 seconds. CPU system time: 0.03 seconds. Elapsed time: 0.3 seconds; current allocated memory: 492.383 MB.
INFO: [BIND 205-100] Starting micro-architecture generation ...
INFO: [BIND 205-101] Performing variable lifetime analysis.
INFO: [BIND 205-101] Exploring resource sharing.
INFO: [BIND 205-101] Binding ...
INFO: [BIND 205-100] Starting global binding ...
INFO: [BIND 205-100] Finished micro-architecture generation.
INFO: [HLS 200-111] Finished Binding: CPU user time: 0.21 seconds. CPU system time: 0 seconds. Elapsed time: 0.21 seconds; current allocated memory: 493.658 MB.
INFO: [HLS 200-10] ----------------------------------------------------------------
INFO: [HLS 200-42] -- Implementing module 'relu_ap_fixed_16_4_5_3_0_ap_ufixed_8_0_4_0_0_relu_config4_s' 
INFO: [HLS 200-10] ----------------------------------------------------------------
INFO: [SCHED 204-11] Starting scheduling ...
INFO: [SCHED 204-61] Pipelining function 'relu<ap_fixed<16, 4, 5, 3, 0>, ap_ufixed<8, 0, 4, 0, 0>, relu_config4>'.
INFO: [HLS 200-1470] Pipelining result : Target II = NA, Final II = 1, Depth = 1, function 'relu<ap_fixed<16, 4, 5, 3, 0>, ap_ufixed<8, 0, 4, 0, 0>, relu_config4>'
INFO: [SCHED 204-11] Finished scheduling.
INFO: [HLS 200-111] Finished Scheduling: CPU user time: 0.39 seconds. CPU system time: 0 seconds. Elapsed time: 0.4 seconds; current allocated memory: 494.085 MB.
INFO: [BIND 205-100] Starting micro-architecture generation ...
INFO: [BIND 205-101] Performing variable lifetime analysis.
INFO: [BIND 205-101] Exploring resource sharing.
INFO: [BIND 205-101] Binding ...
INFO: [BIND 205-100] Finished micro-architecture generation.
INFO: [HLS 200-111] Finished Binding: CPU user time: 0.07 seconds. CPU system time: 0 seconds. Elapsed time: 0.08 seconds; current allocated memory: 494.582 MB.
INFO: [HLS 200-10] ----------------------------------------------------------------
INFO: [HLS 200-42] -- Implementing module 'dense_latency_ap_ufixed_8_0_4_0_0_ap_fixed_16_4_5_3_0_config5_s' 
INFO: [HLS 200-10] ----------------------------------------------------------------
INFO: [SCHED 204-11] Starting scheduling ...
WARNING: [HLS 200-1015] Estimated delay Estimated delay (5.28ns)  of 'mul' operation ('mul_ln717') exceeds the target cycle time (target cycle time: 5ns, clock uncertainty: 0.625ns, effective cycle time: 4.38ns).

INFO: [SCHED 204-61] Pipelining function 'dense_latency<ap_ufixed<8, 0, 4, 0, 0>, ap_fixed<16, 4, 5, 3, 0>, config5>'.
INFO: [HLS 200-1470] Pipelining result : Target II = NA, Final II = 1, Depth = 3, function 'dense_latency<ap_ufixed<8, 0, 4, 0, 0>, ap_fixed<16, 4, 5, 3, 0>, config5>'
WARNING: [HLS 200-871] Estimated clock period (5.282ns) exceeds the target (target clock period: 5ns, clock uncertainty: 0.625ns, effective delay budget: 4.375ns).
WARNING: [HLS 200-1016] The critical path in module 'dense_latency_ap_ufixed_8_0_4_0_0_ap_fixed_16_4_5_3_0_config5_s' consists of the following:	wire read operation ('p_read_13') on port 'p_read' [12]  (0 ns)
	'mul' operation ('mul_ln717') [15]  (5.28 ns)

INFO: [SCHED 204-11] Finished scheduling.
INFO: [HLS 200-111] Finished Scheduling: CPU user time: 0.18 seconds. CPU system time: 0.01 seconds. Elapsed time: 0.19 seconds; current allocated memory: 494.852 MB.
INFO: [BIND 205-100] Starting micro-architecture generation ...
INFO: [BIND 205-101] Performing variable lifetime analysis.
INFO: [BIND 205-101] Exploring resource sharing.
INFO: [BIND 205-101] Binding ...
INFO: [BIND 205-100] Starting global binding ...
INFO: [BIND 205-100] Finished micro-architecture generation.
INFO: [HLS 200-111] Finished Binding: CPU user time: 0.05 seconds. CPU system time: 0 seconds. Elapsed time: 0.06 seconds; current allocated memory: 495.159 MB.
INFO: [HLS 200-10] ----------------------------------------------------------------
INFO: [HLS 200-42] -- Implementing module 'normalize_ap_fixed_16_4_5_3_0_ap_fixed_16_4_5_3_0_config11_s' 
INFO: [HLS 200-10] ----------------------------------------------------------------
INFO: [SCHED 204-11] Starting scheduling ...
INFO: [SCHED 204-61] Pipelining function 'normalize<ap_fixed<16, 4, 5, 3, 0>, ap_fixed<16, 4, 5, 3, 0>, config11>'.
INFO: [HLS 200-1470] Pipelining result : Target II = NA, Final II = 1, Depth = 1, function 'normalize<ap_fixed<16, 4, 5, 3, 0>, ap_fixed<16, 4, 5, 3, 0>, config11>'
INFO: [SCHED 204-11] Finished scheduling.
INFO: [HLS 200-111] Finished Scheduling: CPU user time: 0.07 seconds. CPU system time: 0.01 seconds. Elapsed time: 0.08 seconds; current allocated memory: 495.229 MB.
INFO: [BIND 205-100] Starting micro-architecture generation ...
INFO: [BIND 205-101] Performing variable lifetime analysis.
INFO: [BIND 205-101] Exploring resource sharing.
INFO: [BIND 205-101] Binding ...
INFO: [BIND 205-100] Finished micro-architecture generation.
INFO: [HLS 200-111] Finished Binding: CPU user time: 0.02 seconds. CPU system time: 0 seconds. Elapsed time: 0.02 seconds; current allocated memory: 495.306 MB.
INFO: [HLS 200-10] ----------------------------------------------------------------
INFO: [HLS 200-42] -- Implementing module 'relu_ap_fixed_16_4_5_3_0_ap_ufixed_8_0_4_0_0_relu_config7_s' 
INFO: [HLS 200-10] ----------------------------------------------------------------
INFO: [SCHED 204-11] Starting scheduling ...
INFO: [SCHED 204-61] Pipelining function 'relu<ap_fixed<16, 4, 5, 3, 0>, ap_ufixed<8, 0, 4, 0, 0>, relu_config7>'.
INFO: [HLS 200-1470] Pipelining result : Target II = NA, Final II = 1, Depth = 1, function 'relu<ap_fixed<16, 4, 5, 3, 0>, ap_ufixed<8, 0, 4, 0, 0>, relu_config7>'
INFO: [SCHED 204-11] Finished scheduling.
INFO: [HLS 200-111] Finished Scheduling: CPU user time: 0.03 seconds. CPU system time: 0 seconds. Elapsed time: 0.03 seconds; current allocated memory: 495.497 MB.
INFO: [BIND 205-100] Starting micro-architecture generation ...
INFO: [BIND 205-101] Performing variable lifetime analysis.
INFO: [BIND 205-101] Exploring resource sharing.
INFO: [BIND 205-101] Binding ...
INFO: [BIND 205-100] Finished micro-architecture generation.
INFO: [HLS 200-111] Finished Binding: CPU user time: 0.04 seconds. CPU system time: 0 seconds. Elapsed time: 0.03 seconds; current allocated memory: 495.706 MB.
INFO: [HLS 200-10] ----------------------------------------------------------------
INFO: [HLS 200-42] -- Implementing module 'dense_latency_ap_ufixed_8_0_4_0_0_ap_fixed_16_4_5_3_0_config8_s' 
INFO: [HLS 200-10] ----------------------------------------------------------------
INFO: [SCHED 204-11] Starting scheduling ...
WARNING: [HLS 200-1015] Estimated delay Estimated delay (5.28ns)  of 'mul' operation ('mul_ln1171') exceeds the target cycle time (target cycle time: 5ns, clock uncertainty: 0.625ns, effective cycle time: 4.38ns).

INFO: [SCHED 204-61] Pipelining function 'dense_latency<ap_ufixed<8, 0, 4, 0, 0>, ap_fixed<16, 4, 5, 3, 0>, config8>'.
INFO: [HLS 200-1470] Pipelining result : Target II = NA, Final II = 1, Depth = 2, function 'dense_latency<ap_ufixed<8, 0, 4, 0, 0>, ap_fixed<16, 4, 5, 3, 0>, config8>'
WARNING: [HLS 200-871] Estimated clock period (5.282ns) exceeds the target (target clock period: 5ns, clock uncertainty: 0.625ns, effective delay budget: 4.375ns).
WARNING: [HLS 200-1016] The critical path in module 'dense_latency_ap_ufixed_8_0_4_0_0_ap_fixed_16_4_5_3_0_config8_s' consists of the following:	wire read operation ('p_read_9') on port 'p_read' [6]  (0 ns)
	'mul' operation ('mul_ln1171') [13]  (5.28 ns)

INFO: [SCHED 204-11] Finished scheduling.
INFO: [HLS 200-111] Finished Scheduling: CPU user time: 0.09 seconds. CPU system time: 0 seconds. Elapsed time: 0.08 seconds; current allocated memory: 495.854 MB.
INFO: [BIND 205-100] Starting micro-architecture generation ...
INFO: [BIND 205-101] Performing variable lifetime analysis.
INFO: [BIND 205-101] Exploring resource sharing.
INFO: [BIND 205-101] Binding ...
INFO: [BIND 205-100] Starting global binding ...
INFO: [BIND 205-100] Finished micro-architecture generation.
INFO: [HLS 200-111] Finished Binding: CPU user time: 0.03 seconds. CPU system time: 0 seconds. Elapsed time: 0.04 seconds; current allocated memory: 496.002 MB.
INFO: [HLS 200-10] ----------------------------------------------------------------
INFO: [HLS 200-42] -- Implementing module 'normalize_ap_fixed_16_4_5_3_0_ap_fixed_16_4_5_3_0_config12_s' 
INFO: [HLS 200-10] ----------------------------------------------------------------
INFO: [SCHED 204-11] Starting scheduling ...
INFO: [SCHED 204-61] Pipelining function 'normalize<ap_fixed<16, 4, 5, 3, 0>, ap_fixed<16, 4, 5, 3, 0>, config12>'.
INFO: [HLS 200-1470] Pipelining result : Target II = NA, Final II = 1, Depth = 1, function 'normalize<ap_fixed<16, 4, 5, 3, 0>, ap_fixed<16, 4, 5, 3, 0>, config12>'
INFO: [SCHED 204-11] Finished scheduling.
INFO: [HLS 200-111] Finished Scheduling: CPU user time: 0.04 seconds. CPU system time: 0 seconds. Elapsed time: 0.04 seconds; current allocated memory: 496.072 MB.
INFO: [BIND 205-100] Starting micro-architecture generation ...
INFO: [BIND 205-101] Performing variable lifetime analysis.
INFO: [BIND 205-101] Exploring resource sharing.
INFO: [BIND 205-101] Binding ...
INFO: [BIND 205-100] Finished micro-architecture generation.
INFO: [HLS 200-111] Finished Binding: CPU user time: 0.01 seconds. CPU system time: 0 seconds. Elapsed time: 0.02 seconds; current allocated memory: 496.152 MB.
INFO: [HLS 200-10] ----------------------------------------------------------------
INFO: [HLS 200-42] -- Implementing module 'softmax_stable_ap_fixed_ap_fixed_16_4_5_3_0_softmax_config10_s' 
INFO: [HLS 200-10] ----------------------------------------------------------------
INFO: [SCHED 204-11] Starting scheduling ...
WARNING: [HLS 200-1015] Estimated delay Estimated delay (7.95ns)  of 'mul' operation ('mul_ln1168') exceeds the target cycle time (target cycle time: 5ns, clock uncertainty: 0.625ns, effective cycle time: 4.38ns).

INFO: [SCHED 204-61] Pipelining function 'softmax_stable<ap_fixed,ap_fixed<16,4,5,3,0>,softmax_config10>'.
INFO: [HLS 200-1470] Pipelining result : Target II = NA, Final II = 1, Depth = 7, function 'softmax_stable<ap_fixed,ap_fixed<16,4,5,3,0>,softmax_config10>'
WARNING: [HLS 200-871] Estimated clock period (7.94738ns) exceeds the target (target clock period: 5ns, clock uncertainty: 0.625ns, effective delay budget: 4.375ns).
WARNING: [HLS 200-1016] The critical path in module 'softmax_stable_ap_fixed_ap_fixed_16_4_5_3_0_softmax_config10_s' consists of the following:	'mul' operation ('mul_ln1168') [45]  (7.95 ns)

INFO: [SCHED 204-11] Finished scheduling.
INFO: [HLS 200-111] Finished Scheduling: CPU user time: 0.06 seconds. CPU system time: 0 seconds. Elapsed time: 0.06 seconds; current allocated memory: 496.354 MB.
INFO: [BIND 205-100] Starting micro-architecture generation ...
INFO: [BIND 205-101] Performing variable lifetime analysis.
INFO: [BIND 205-101] Exploring resource sharing.
INFO: [BIND 205-101] Binding ...
INFO: [BIND 205-100] Finished micro-architecture generation.
INFO: [HLS 200-111] Finished Binding: CPU user time: 0.06 seconds. CPU system time: 0 seconds. Elapsed time: 0.06 seconds; current allocated memory: 496.579 MB.
INFO: [HLS 200-10] ----------------------------------------------------------------
INFO: [HLS 200-42] -- Implementing module 'myproject' 
INFO: [HLS 200-10] ----------------------------------------------------------------
INFO: [SCHED 204-11] Starting scheduling ...
INFO: [SCHED 204-61] Pipelining function 'myproject'.
INFO: [HLS 200-1470] Pipelining result : Target II = NA, Final II = 1, Depth = 21, function 'myproject'
WARNING: [HLS 200-871] Estimated clock period (7.94738ns) exceeds the target (target clock period: 5ns, clock uncertainty: 0.625ns, effective delay budget: 4.375ns).
WARNING: [HLS 200-1016] The critical path in module 'myproject' consists of the following:	'call' operation ('call_ret7', firmware/nnet_utils/nnet_activation.h:386) to 'softmax_stable<ap_fixed,ap_fixed<16,4,5,3,0>,softmax_config10>' [46]  (7.95 ns)

INFO: [SCHED 204-11] Finished scheduling.
INFO: [HLS 200-111] Finished Scheduling: CPU user time: 0.11 seconds. CPU system time: 0 seconds. Elapsed time: 0.11 seconds; current allocated memory: 496.770 MB.
INFO: [BIND 205-100] Starting micro-architecture generation ...
INFO: [BIND 205-101] Performing variable lifetime analysis.
INFO: [BIND 205-101] Exploring resource sharing.
INFO: [BIND 205-101] Binding ...
INFO: [BIND 205-100] Finished micro-architecture generation.
INFO: [HLS 200-111] Finished Binding: CPU user time: 0.24 seconds. CPU system time: 0.01 seconds. Elapsed time: 0.25 seconds; current allocated memory: 497.021 MB.
INFO: [HLS 200-10] ----------------------------------------------------------------
INFO: [HLS 200-10] -- Generating RTL for module 'dense_latency_ap_fixed_8_2_5_3_0_ap_fixed_16_4_5_3_0_config2_s' 
INFO: [HLS 200-10] ----------------------------------------------------------------
INFO: [RTGEN 206-100] Generating core module 'mul_8s_5ns_13_1_0': 1 instance(s).
INFO: [RTGEN 206-100] Generating core module 'mul_8s_6ns_14_1_0': 5 instance(s).
INFO: [RTGEN 206-100] Generating core module 'mul_8s_6s_14_1_0': 2 instance(s).
INFO: [RTGEN 206-100] Generating core module 'mul_8s_7ns_15_1_0': 9 instance(s).
INFO: [RTGEN 206-100] Generating core module 'mul_8s_7s_15_1_0': 3 instance(s).
INFO: [RTGEN 206-100] Generating core module 'mul_8s_8ns_16_1_0': 2 instance(s).
INFO: [RTGEN 206-100] Generating core module 'mul_8s_8s_16_1_0': 3 instance(s).
INFO: [RTGEN 206-100] Finished creating RTL model for 'dense_latency_ap_fixed_8_2_5_3_0_ap_fixed_16_4_5_3_0_config2_s'.
INFO: [HLS 200-111] Finished Creating RTL model: CPU user time: 0.58 seconds. CPU system time: 0.01 seconds. Elapsed time: 0.59 seconds; current allocated memory: 499.399 MB.
INFO: [HLS 200-10] ----------------------------------------------------------------
INFO: [HLS 200-10] -- Generating RTL for module 'relu_ap_fixed_16_4_5_3_0_ap_ufixed_8_0_4_0_0_relu_config4_s' 
INFO: [HLS 200-10] ----------------------------------------------------------------
INFO: [RTGEN 206-100] Finished creating RTL model for 'relu_ap_fixed_16_4_5_3_0_ap_ufixed_8_0_4_0_0_relu_config4_s'.
INFO: [HLS 200-111] Finished Creating RTL model: CPU user time: 0.86 seconds. CPU system time: 0 seconds. Elapsed time: 0.87 seconds; current allocated memory: 505.174 MB.
INFO: [HLS 200-10] ----------------------------------------------------------------
INFO: [HLS 200-10] -- Generating RTL for module 'dense_latency_ap_ufixed_8_0_4_0_0_ap_fixed_16_4_5_3_0_config5_s' 
INFO: [HLS 200-10] ----------------------------------------------------------------
INFO: [RTGEN 206-100] Generating core module 'mul_8ns_5ns_12_1_0': 1 instance(s).
INFO: [RTGEN 206-100] Generating core module 'mul_8ns_7ns_14_1_0': 2 instance(s).
INFO: [RTGEN 206-100] Generating core module 'mul_8ns_7s_15_1_0': 1 instance(s).
INFO: [RTGEN 206-100] Generating core module 'mul_8ns_8ns_15_1_0': 1 instance(s).
INFO: [RTGEN 206-100] Generating core module 'mul_8ns_8s_16_1_0': 2 instance(s).
INFO: [RTGEN 206-100] Finished creating RTL model for 'dense_latency_ap_ufixed_8_0_4_0_0_ap_fixed_16_4_5_3_0_config5_s'.
INFO: [HLS 200-111] Finished Creating RTL model: CPU user time: 0.38 seconds. CPU system time: 0.01 seconds. Elapsed time: 0.38 seconds; current allocated memory: 507.571 MB.
INFO: [HLS 200-10] ----------------------------------------------------------------
INFO: [HLS 200-10] -- Generating RTL for module 'normalize_ap_fixed_16_4_5_3_0_ap_fixed_16_4_5_3_0_config11_s' 
INFO: [HLS 200-10] ----------------------------------------------------------------
INFO: [RTGEN 206-100] Finished creating RTL model for 'normalize_ap_fixed_16_4_5_3_0_ap_fixed_16_4_5_3_0_config11_s'.
INFO: [HLS 200-111] Finished Creating RTL model: CPU user time: 0.16 seconds. CPU system time: 0.01 seconds. Elapsed time: 0.18 seconds; current allocated memory: 508.888 MB.
INFO: [HLS 200-10] ----------------------------------------------------------------
INFO: [HLS 200-10] -- Generating RTL for module 'relu_ap_fixed_16_4_5_3_0_ap_ufixed_8_0_4_0_0_relu_config7_s' 
INFO: [HLS 200-10] ----------------------------------------------------------------
INFO: [RTGEN 206-100] Finished creating RTL model for 'relu_ap_fixed_16_4_5_3_0_ap_ufixed_8_0_4_0_0_relu_config7_s'.
INFO: [HLS 200-111] Finished Creating RTL model: CPU user time: 0.03 seconds. CPU system time: 0.01 seconds. Elapsed time: 0.04 seconds; current allocated memory: 509.508 MB.
INFO: [HLS 200-10] ----------------------------------------------------------------
INFO: [HLS 200-10] -- Generating RTL for module 'dense_latency_ap_ufixed_8_0_4_0_0_ap_fixed_16_4_5_3_0_config8_s' 
INFO: [HLS 200-10] ----------------------------------------------------------------
INFO: [RTGEN 206-100] Generating core module 'mul_8ns_7ns_14_1_0': 1 instance(s).
INFO: [RTGEN 206-100] Finished creating RTL model for 'dense_latency_ap_ufixed_8_0_4_0_0_ap_fixed_16_4_5_3_0_config8_s'.
INFO: [HLS 200-111] Finished Creating RTL model: CPU user time: 0.16 seconds. CPU system time: 0 seconds. Elapsed time: 0.16 seconds; current allocated memory: 510.582 MB.
INFO: [HLS 200-10] ----------------------------------------------------------------
INFO: [HLS 200-10] -- Generating RTL for module 'normalize_ap_fixed_16_4_5_3_0_ap_fixed_16_4_5_3_0_config12_s' 
INFO: [HLS 200-10] ----------------------------------------------------------------
INFO: [RTGEN 206-100] Finished creating RTL model for 'normalize_ap_fixed_16_4_5_3_0_ap_fixed_16_4_5_3_0_config12_s'.
INFO: [HLS 200-111] Finished Creating RTL model: CPU user time: 0.06 seconds. CPU system time: 0 seconds. Elapsed time: 0.07 seconds; current allocated memory: 511.335 MB.
INFO: [HLS 200-10] ----------------------------------------------------------------
INFO: [HLS 200-10] -- Generating RTL for module 'softmax_stable_ap_fixed_ap_fixed_16_4_5_3_0_softmax_config10_s' 
INFO: [HLS 200-10] ----------------------------------------------------------------
INFO: [HLS 200-1030] Apply Unified Pipeline Control on module 'softmax_stable_ap_fixed_ap_fixed_16_4_5_3_0_softmax_config10_s' pipeline 'softmax_stable<ap_fixed,ap_fixed<16,4,5,3,0>,softmax_config10>' pipeline type 'function pipeline'
INFO: [RTGEN 206-100] Generating core module 'mul_18s_18s_28_1_1': 2 instance(s).
INFO: [RTGEN 206-100] Finished creating RTL model for 'softmax_stable_ap_fixed_ap_fixed_16_4_5_3_0_softmax_config10_s'.
INFO: [HLS 200-111] Finished Creating RTL model: CPU user time: 0.04 seconds. CPU system time: 0 seconds. Elapsed time: 0.05 seconds; current allocated memory: 512.130 MB.
INFO: [HLS 200-10] ----------------------------------------------------------------
INFO: [HLS 200-10] -- Generating RTL for module 'myproject' 
