

================================================================
== Vitis HLS Report for 'dense_latency_ap_ufixed_8_0_4_0_0_ap_fixed_16_4_5_3_0_config5_s'
================================================================
* Date:           Sat Jul 22 14:20:23 2023

* Version:        2021.1 (Build 3247384 on Thu Jun 10 19:36:07 MDT 2021)
* Project:        myproject_prj
* Solution:       solution1 (Vivado IP Flow Target)
* Product family: zynq
* Target device:  xc7z007s-clg225-2


================================================================
== Performance Estimates
================================================================
+ Timing: 
    * Summary: 
    +--------+---------+----------+------------+
    |  Clock |  Target | Estimated| Uncertainty|
    +--------+---------+----------+------------+
    |ap_clk  |  3.33 ns|  2.459 ns|     0.42 ns|
    +--------+---------+----------+------------+

+ Latency: 
    * Summary: 
    +---------+---------+-----------+-----------+-----+-----+---------+
    |  Latency (cycles) |   Latency (absolute)  |  Interval | Pipeline|
    |   min   |   max   |    min    |    max    | min | max |   Type  |
    +---------+---------+-----------+-----------+-----+-----+---------+
    |        4|        4|  13.320 ns|  13.320 ns|    2|    2|      yes|
    +---------+---------+-----------+-----------+-----+-----+---------+

    + Detail: 
        * Instance: 
        N/A

        * Loop: 
        N/A



================================================================
== Utilization Estimates
================================================================
* Summary: 
+-----------------+---------+----+-------+-------+-----+
|       Name      | BRAM_18K| DSP|   FF  |  LUT  | URAM|
+-----------------+---------+----+-------+-------+-----+
|DSP              |        -|   -|      -|      -|    -|
|Expression       |        -|   -|      0|    242|    -|
|FIFO             |        -|   -|      -|      -|    -|
|Instance         |        -|   1|      0|      0|    -|
|Memory           |        -|   -|      -|      -|    -|
|Multiplexer      |        -|   -|      -|     31|    -|
|Register         |        -|   -|    207|      -|    -|
+-----------------+---------+----+-------+-------+-----+
|Total            |        0|   1|    207|    273|    0|
+-----------------+---------+----+-------+-------+-----+
|Available        |      100|  66|  28800|  14400|    0|
+-----------------+---------+----+-------+-------+-----+
|Utilization (%)  |        0|   1|     ~0|      1|    0|
+-----------------+---------+----+-------+-------+-----+

+ Detail: 
    * Instance: 
    +------------------------+--------------------+---------+----+---+----+-----+
    |        Instance        |       Module       | BRAM_18K| DSP| FF| LUT| URAM|
    +------------------------+--------------------+---------+----+---+----+-----+
    |mul_8ns_8ns_15_3_1_U44  |mul_8ns_8ns_15_3_1  |        0|   1|  0|   0|    0|
    +------------------------+--------------------+---------+----+---+----+-----+
    |Total                   |                    |        0|   1|  0|   0|    0|
    +------------------------+--------------------+---------+----+---+----+-----+

    * DSP: 
    N/A

    * Memory: 
    N/A

    * FIFO: 
    N/A

    * Expression: 
    +------------------------+----------+----+---+----+------------+------------+
    |      Variable Name     | Operation| DSP| FF| LUT| Bitwidth P0| Bitwidth P1|
    +------------------------+----------+----+---+----+------------+------------+
    |add_ln740_1_fu_394_p2   |         +|   0|  0|  13|          13|          13|
    |add_ln740_2_fu_418_p2   |         +|   0|  0|  13|          13|          13|
    |add_ln740_3_fu_332_p2   |         +|   0|  0|  12|          12|          12|
    |add_ln740_4_fu_338_p2   |         +|   0|  0|  12|          12|          10|
    |add_ln740_5_fu_344_p2   |         +|   0|  0|  12|          12|          12|
    |add_ln740_6_fu_350_p2   |         +|   0|  0|  12|          12|          10|
    |add_ln740_7_fu_356_p2   |         +|   0|  0|  12|          12|          12|
    |add_ln740_8_fu_362_p2   |         +|   0|  0|  12|          12|          12|
    |add_ln740_fu_374_p2     |         +|   0|  0|  14|          14|          14|
    |sub_ln1171_1_fu_150_p2  |         -|   0|  0|  16|           1|          16|
    |sub_ln1171_2_fu_180_p2  |         -|   0|  0|  16|           1|          16|
    |sub_ln1171_3_fu_196_p2  |         -|   0|  0|  16|          16|          16|
    |sub_ln1171_4_fu_227_p2  |         -|   0|  0|  16|          16|          16|
    |sub_ln1171_5_fu_243_p2  |         -|   0|  0|  16|           1|          16|
    |sub_ln1171_6_fu_259_p2  |         -|   0|  0|  16|          16|          16|
    |sub_ln1171_7_fu_134_p2  |         -|   0|  0|  16|          16|          16|
    |sub_ln1171_fu_128_p2    |         -|   0|  0|  16|          16|          16|
    |ap_enable_pp0           |       xor|   0|  0|   2|           1|           2|
    +------------------------+----------+----+---+----+------------+------------+
    |Total                   |          |   0|  0| 242|         196|         238|
    +------------------------+----------+----+---+----+------------+------------+

    * Multiplexer: 
    +-------------------------+----+-----------+-----+-----------+
    |           Name          | LUT| Input Size| Bits| Total Bits|
    +-------------------------+----+-----------+-----+-----------+
    |ap_NS_fsm                |  13|          3|    1|          3|
    |ap_enable_reg_pp0_iter0  |   9|          2|    1|          2|
    |ap_enable_reg_pp0_iter2  |   9|          2|    1|          2|
    +-------------------------+----+-----------+-----+-----------+
    |Total                    |  31|          7|    3|          7|
    +-------------------------+----+-----------+-----+-----------+

    * Register: 
    +-----------------------------+----+----+-----+-----------+
    |             Name            | FF | LUT| Bits| Const Bits|
    +-----------------------------+----+----+-----+-----------+
    |add_ln740_3_reg_523          |  12|   0|   12|          0|
    |add_ln740_4_reg_528          |  12|   0|   12|          0|
    |add_ln740_5_reg_533          |  12|   0|   12|          0|
    |add_ln740_6_reg_538          |  12|   0|   12|          0|
    |add_ln740_7_reg_543          |  10|   0|   12|          2|
    |add_ln740_8_reg_548          |  12|   0|   12|          0|
    |ap_CS_fsm                    |   2|   0|    2|          0|
    |ap_enable_reg_pp0_iter0_reg  |   1|   0|    1|          0|
    |ap_enable_reg_pp0_iter1      |   1|   0|    1|          0|
    |ap_enable_reg_pp0_iter2      |   1|   0|    1|          0|
    |ap_port_reg_p_read           |   8|   0|    8|          0|
    |ap_port_reg_p_read2          |   8|   0|    8|          0|
    |p_read14_reg_454             |   8|   0|    8|          0|
    |p_read25_reg_465             |   8|   0|    8|          0|
    |p_read_6_reg_472             |   8|   0|    8|          0|
    |trunc_ln3_reg_503            |  11|   0|   11|          0|
    |trunc_ln4_reg_518            |  11|   0|   11|          0|
    |trunc_ln712_1_reg_508        |  11|   0|   11|          0|
    |trunc_ln712_2_reg_513        |  10|   0|   10|          0|
    |trunc_ln717_5_reg_483        |   9|   0|   11|          2|
    |trunc_ln717_6_reg_488        |   9|   0|   11|          2|
    |trunc_ln717_7_reg_493        |  11|   0|   11|          0|
    |trunc_ln717_8_reg_498        |   9|   0|   11|          2|
    |trunc_ln_reg_478             |  11|   0|   11|          0|
    +-----------------------------+----+----+-----+-----------+
    |Total                        | 207|   0|  215|          8|
    +-----------------------------+----+----+-----+-----------+



================================================================
== Interface
================================================================
* Summary: 
+-------------+-----+-----+------------+----------------------------------------------------------------------------+--------------+
|  RTL Ports  | Dir | Bits|  Protocol  |                                Source Object                               |    C Type    |
+-------------+-----+-----+------------+----------------------------------------------------------------------------+--------------+
|ap_clk       |   in|    1|  ap_ctrl_hs|  dense_latency<ap_ufixed<8, 0, 4, 0, 0>, ap_fixed<16, 4, 5, 3, 0>, config5>|  return value|
|ap_rst       |   in|    1|  ap_ctrl_hs|  dense_latency<ap_ufixed<8, 0, 4, 0, 0>, ap_fixed<16, 4, 5, 3, 0>, config5>|  return value|
|ap_start     |   in|    1|  ap_ctrl_hs|  dense_latency<ap_ufixed<8, 0, 4, 0, 0>, ap_fixed<16, 4, 5, 3, 0>, config5>|  return value|
|ap_done      |  out|    1|  ap_ctrl_hs|  dense_latency<ap_ufixed<8, 0, 4, 0, 0>, ap_fixed<16, 4, 5, 3, 0>, config5>|  return value|
|ap_idle      |  out|    1|  ap_ctrl_hs|  dense_latency<ap_ufixed<8, 0, 4, 0, 0>, ap_fixed<16, 4, 5, 3, 0>, config5>|  return value|
|ap_ready     |  out|    1|  ap_ctrl_hs|  dense_latency<ap_ufixed<8, 0, 4, 0, 0>, ap_fixed<16, 4, 5, 3, 0>, config5>|  return value|
|ap_return_0  |  out|   16|  ap_ctrl_hs|  dense_latency<ap_ufixed<8, 0, 4, 0, 0>, ap_fixed<16, 4, 5, 3, 0>, config5>|  return value|
|ap_return_1  |  out|   16|  ap_ctrl_hs|  dense_latency<ap_ufixed<8, 0, 4, 0, 0>, ap_fixed<16, 4, 5, 3, 0>, config5>|  return value|
|ap_return_2  |  out|   16|  ap_ctrl_hs|  dense_latency<ap_ufixed<8, 0, 4, 0, 0>, ap_fixed<16, 4, 5, 3, 0>, config5>|  return value|
|p_read       |   in|    8|     ap_none|                                                                      p_read|        scalar|
|p_read1      |   in|    8|     ap_none|                                                                     p_read1|        scalar|
|p_read2      |   in|    8|     ap_none|                                                                     p_read2|        scalar|
+-------------+-----+-----+------------+----------------------------------------------------------------------------+--------------+

