

================================================================
== Vitis HLS Report for 'dense_latency_ap_ufixed_8_0_4_0_0_ap_fixed_16_4_5_3_0_config8_s'
================================================================
* Date:           Wed Jul 19 12:29:58 2023

* Version:        2021.1 (Build 3247384 on Thu Jun 10 19:36:07 MDT 2021)
* Project:        myproject_prj
* Solution:       solution1 (Vivado IP Flow Target)
* Product family: zynq
* Target device:  xc7z007s-clg225-2


================================================================
== Performance Estimates
================================================================
+ Timing: 
    * Summary: 
    +--------+---------+----------+------------+
    |  Clock |  Target | Estimated| Uncertainty|
    +--------+---------+----------+------------+
    |ap_clk  |  5.00 ns|  3.810 ns|     0.62 ns|
    +--------+---------+----------+------------+

+ Latency: 
    * Summary: 
    +---------+---------+----------+----------+-----+-----+---------+
    |  Latency (cycles) |  Latency (absolute) |  Interval | Pipeline|
    |   min   |   max   |    min   |    max   | min | max |   Type  |
    +---------+---------+----------+----------+-----+-----+---------+
    |        1|        1|  5.000 ns|  5.000 ns|    1|    1|      yes|
    +---------+---------+----------+----------+-----+-----+---------+

    + Detail: 
        * Instance: 
        N/A

        * Loop: 
        N/A

============================================================
+ Verbose Summary: Synthesis Manager
============================================================
InlineROM: 1
ExposeGlobal: 0
============================================================
+ Verbose Summary: CDFG Model
============================================================
IsTopModel: 0
ResetActiveHigh: 1
IsCombinational: 0
IsDatapathOnly: 0
HasWiredReturn: 1
HasMFsm: 2
HasVarLatency: 0
IsPipeline: 1
IsRtlPipelined: 1
IsInstanceOverlapped: 0
IsDontTouch: 0
HasImplIP: 0
IsGatedGlobalClock: 0

+ Individual pipeline summary: 
  * Pipeline-0: initiation interval (II) = 1, depth = 2


============================================================
+ Verbose Summary: Schedule
============================================================
* Number of FSM states : 2
* Pipeline : 1
  Pipeline-0 : II = 1, D = 2, States = { 1 2 }
* Dataflow Pipeline: 0

* FSM state transitions: 
1 --> 2 
2 --> 

* FSM state operations: 

State 1 <SV = 0> <Delay = 3.81>
ST_1 : Operation 3 [1/1] (0.00ns)   --->   "%p_read13 = read i8 @_ssdm_op_Read.ap_auto.i8, i8 %p_read1"   --->   Operation 3 'read' 'p_read13' <Predicate = true> <Delay = 0.00>
ST_1 : Operation 4 [1/1] (0.00ns)   --->   "%p_read_9 = read i8 @_ssdm_op_Read.ap_auto.i8, i8 %p_read"   --->   Operation 4 'read' 'p_read_9' <Predicate = true> <Delay = 0.00>
ST_1 : Operation 5 [1/1] (0.00ns)   --->   "%zext_ln1171 = zext i8 %p_read_9"   --->   Operation 5 'zext' 'zext_ln1171' <Predicate = true> <Delay = 0.00>
ST_1 : Operation 6 [1/1] (3.81ns)   --->   "%mul_ln1171 = mul i14 %zext_ln1171, i14 49"   --->   Operation 6 'mul' 'mul_ln1171' <Predicate = true> <Delay = 3.81> <CoreInst = "Mul_DSP">   --->   Core 5 'Mul_DSP' <Latency = 0> <II = 1> <Delay = 3.81> <FuncUnit> <Opcode : 'mul'> <InPorts = 2> <OutPorts = 1>
ST_1 : Operation 7 [1/1] (0.00ns)   --->   "%lshr_ln717_5 = partselect i11 @_ssdm_op_PartSelect.i11.i14.i32.i32, i14 %mul_ln1171, i32 3, i32 13"   --->   Operation 7 'partselect' 'lshr_ln717_5' <Predicate = true> <Delay = 0.00>

State 2 <SV = 1> <Delay = 3.07>
ST_2 : Operation 8 [1/1] (0.00ns)   --->   "%specpipeline_ln0 = specpipeline void @_ssdm_op_SpecPipeline, i32 1, i32 0, i32 0, i32 0, void @empty_1"   --->   Operation 8 'specpipeline' 'specpipeline_ln0' <Predicate = true> <Delay = 0.00>
ST_2 : Operation 9 [1/1] (0.00ns)   --->   "%specresourcelimit_ln31 = specresourcelimit void @_ssdm_op_SpecResourceLimit, i64 4, void @empty_2, void @empty_1, void @empty_1, void @empty_1" [firmware/nnet_utils/nnet_dense_latency.h:31]   --->   Operation 9 'specresourcelimit' 'specresourcelimit_ln31' <Predicate = true> <Delay = 0.00>
ST_2 : Operation 10 [1/1] (0.00ns)   --->   "%shl_ln = bitconcatenate i15 @_ssdm_op_BitConcatenate.i15.i8.i7, i8 %p_read_9, i7 0"   --->   Operation 10 'bitconcatenate' 'shl_ln' <Predicate = true> <Delay = 0.00>
ST_2 : Operation 11 [1/1] (0.00ns)   --->   "%zext_ln1171_1 = zext i15 %shl_ln"   --->   Operation 11 'zext' 'zext_ln1171_1' <Predicate = true> <Delay = 0.00>
ST_2 : Operation 12 [1/1] (1.53ns)   --->   "%sub_ln1171 = sub i16 0, i16 %zext_ln1171_1"   --->   Operation 12 'sub' 'sub_ln1171' <Predicate = true> <Delay = 1.53> <CoreInst = "Adder">   --->   Core 1 'Adder' <Latency = 0> <II = 1> <Delay = 1.53> <FuncUnit> <Opcode : 'add' 'sub'> <InPorts = 2> <OutPorts = 1>
ST_2 : Operation 13 [1/1] (0.00ns)   --->   "%trunc_ln = partselect i13 @_ssdm_op_PartSelect.i13.i16.i32.i32, i16 %sub_ln1171, i32 3, i32 15"   --->   Operation 13 'partselect' 'trunc_ln' <Predicate = true> <Delay = 0.00>
ST_2 : Operation 14 [1/1] (0.00ns)   --->   "%sext_ln1171 = sext i13 %trunc_ln"   --->   Operation 14 'sext' 'sext_ln1171' <Predicate = true> <Delay = 0.00>
ST_2 : Operation 15 [1/1] (0.00ns)   --->   "%zext_ln717 = zext i11 %lshr_ln717_5"   --->   Operation 15 'zext' 'zext_ln717' <Predicate = true> <Delay = 0.00>
ST_2 : Operation 16 [1/1] (0.00ns)   --->   "%r_V_2 = zext i8 %p_read13"   --->   Operation 16 'zext' 'r_V_2' <Predicate = true> <Delay = 0.00>
ST_2 : Operation 17 [1/1] (0.00ns)   --->   "%shl_ln1171_3 = bitconcatenate i14 @_ssdm_op_BitConcatenate.i14.i8.i6, i8 %p_read13, i6 0"   --->   Operation 17 'bitconcatenate' 'shl_ln1171_3' <Predicate = true> <Delay = 0.00>
ST_2 : Operation 18 [1/1] (0.00ns)   --->   "%zext_ln1171_2 = zext i14 %shl_ln1171_3"   --->   Operation 18 'zext' 'zext_ln1171_2' <Predicate = true> <Delay = 0.00>
ST_2 : Operation 19 [1/1] (0.00ns)   --->   "%shl_ln1171_4 = bitconcatenate i12 @_ssdm_op_BitConcatenate.i12.i8.i4, i8 %p_read13, i4 0"   --->   Operation 19 'bitconcatenate' 'shl_ln1171_4' <Predicate = true> <Delay = 0.00>
ST_2 : Operation 20 [1/1] (0.00ns)   --->   "%zext_ln1171_3 = zext i12 %shl_ln1171_4"   --->   Operation 20 'zext' 'zext_ln1171_3' <Predicate = true> <Delay = 0.00>
ST_2 : Operation 21 [1/1] (1.52ns)   --->   "%add_ln1171 = add i15 %zext_ln1171_2, i15 %zext_ln1171_3"   --->   Operation 21 'add' 'add_ln1171' <Predicate = true> <Delay = 1.52> <CoreInst = "Adder">   --->   Core 1 'Adder' <Latency = 0> <II = 1> <Delay = 1.53> <FuncUnit> <Opcode : 'add' 'sub'> <InPorts = 2> <OutPorts = 1>
ST_2 : Operation 22 [1/1] (0.00ns)   --->   "%trunc_ln5 = partselect i12 @_ssdm_op_PartSelect.i12.i15.i32.i32, i15 %add_ln1171, i32 3, i32 14"   --->   Operation 22 'partselect' 'trunc_ln5' <Predicate = true> <Delay = 0.00>
ST_2 : Operation 23 [1/1] (0.00ns)   --->   "%zext_ln1171_4 = zext i12 %trunc_ln5"   --->   Operation 23 'zext' 'zext_ln1171_4' <Predicate = true> <Delay = 0.00>
ST_2 : Operation 24 [1/1] (0.00ns)   --->   "%tmp = bitconcatenate i15 @_ssdm_op_BitConcatenate.i15.i8.i7, i8 %p_read13, i7 0"   --->   Operation 24 'bitconcatenate' 'tmp' <Predicate = true> <Delay = 0.00>
ST_2 : Operation 25 [1/1] (0.00ns)   --->   "%zext_ln1171_5 = zext i15 %tmp"   --->   Operation 25 'zext' 'zext_ln1171_5' <Predicate = true> <Delay = 0.00>
ST_2 : Operation 26 [1/1] (1.53ns)   --->   "%sub_ln1171_1 = sub i16 %r_V_2, i16 %zext_ln1171_5"   --->   Operation 26 'sub' 'sub_ln1171_1' <Predicate = true> <Delay = 1.53> <CoreInst = "Adder">   --->   Core 1 'Adder' <Latency = 0> <II = 1> <Delay = 1.53> <FuncUnit> <Opcode : 'add' 'sub'> <InPorts = 2> <OutPorts = 1>
ST_2 : Operation 27 [1/1] (0.00ns)   --->   "%trunc_ln717_9 = partselect i13 @_ssdm_op_PartSelect.i13.i16.i32.i32, i16 %sub_ln1171_1, i32 3, i32 15"   --->   Operation 27 'partselect' 'trunc_ln717_9' <Predicate = true> <Delay = 0.00>
ST_2 : Operation 28 [1/1] (0.00ns)   --->   "%sext_ln712 = sext i13 %trunc_ln717_9"   --->   Operation 28 'sext' 'sext_ln712' <Predicate = true> <Delay = 0.00>
ST_2 : Operation 29 [1/1] (1.53ns)   --->   "%add_ln712 = add i14 %zext_ln1171_4, i14 %sext_ln1171"   --->   Operation 29 'add' 'add_ln712' <Predicate = true> <Delay = 1.53> <CoreInst = "Adder">   --->   Core 1 'Adder' <Latency = 0> <II = 1> <Delay = 1.53> <FuncUnit> <Opcode : 'add' 'sub'> <InPorts = 2> <OutPorts = 1>
ST_2 : Operation 30 [1/1] (0.00ns)   --->   "%sext_ln712_1 = sext i14 %add_ln712"   --->   Operation 30 'sext' 'sext_ln712_1' <Predicate = true> <Delay = 0.00>
ST_2 : Operation 31 [1/1] (1.53ns)   --->   "%add_ln712_1 = add i14 %sext_ln712, i14 %zext_ln717"   --->   Operation 31 'add' 'add_ln712_1' <Predicate = true> <Delay = 1.53> <CoreInst = "Adder">   --->   Core 1 'Adder' <Latency = 0> <II = 1> <Delay = 1.53> <FuncUnit> <Opcode : 'add' 'sub'> <InPorts = 2> <OutPorts = 1>
ST_2 : Operation 32 [1/1] (0.00ns)   --->   "%sext_ln68 = sext i14 %add_ln712_1" [firmware/nnet_utils/nnet_dense_latency.h:68]   --->   Operation 32 'sext' 'sext_ln68' <Predicate = true> <Delay = 0.00>
ST_2 : Operation 33 [1/1] (0.00ns)   --->   "%mrv = insertvalue i32 <undef>, i16 %sext_ln712_1" [firmware/nnet_utils/nnet_dense_latency.h:68]   --->   Operation 33 'insertvalue' 'mrv' <Predicate = true> <Delay = 0.00>
ST_2 : Operation 34 [1/1] (0.00ns)   --->   "%mrv_1 = insertvalue i32 %mrv, i16 %sext_ln68" [firmware/nnet_utils/nnet_dense_latency.h:68]   --->   Operation 34 'insertvalue' 'mrv_1' <Predicate = true> <Delay = 0.00>
ST_2 : Operation 35 [1/1] (0.00ns)   --->   "%ret_ln68 = ret i32 %mrv_1" [firmware/nnet_utils/nnet_dense_latency.h:68]   --->   Operation 35 'ret' 'ret_ln68' <Predicate = true> <Delay = 0.00>


============================================================
+ Verbose Summary: Binding
============================================================
STG Binding: 
---------------- STG Properties BEGIN ----------------
- Is combinational: 0
- Is one-state seq: 0
- Is datapath-only: 1
- Is pipelined: 1
- Is top level: 0
Port [ Return ] is wired: 1; IO mode=ap_ctrl_hs:ce=0
Port [ p_read]:  wired=1; compound=0; hidden=0; nouse=0; global=0; static=0; extern=0; dir=0; type=0; pingpong=0; private_global=0; IO mode=ap_none:ce=0
Port [ p_read1]:  wired=1; compound=0; hidden=0; nouse=0; global=0; static=0; extern=0; dir=0; type=0; pingpong=0; private_global=0; IO mode=ap_none:ce=0
---------------- STG Properties END ------------------

---------------- Datapath Model BEGIN ----------------

<LifeTime>
<method=bitvector/>
p_read13               (read             ) [ 011]
p_read_9               (read             ) [ 011]
zext_ln1171            (zext             ) [ 000]
mul_ln1171             (mul              ) [ 000]
lshr_ln717_5           (partselect       ) [ 011]
specpipeline_ln0       (specpipeline     ) [ 000]
specresourcelimit_ln31 (specresourcelimit) [ 000]
shl_ln                 (bitconcatenate   ) [ 000]
zext_ln1171_1          (zext             ) [ 000]
sub_ln1171             (sub              ) [ 000]
trunc_ln               (partselect       ) [ 000]
sext_ln1171            (sext             ) [ 000]
zext_ln717             (zext             ) [ 000]
r_V_2                  (zext             ) [ 000]
shl_ln1171_3           (bitconcatenate   ) [ 000]
zext_ln1171_2          (zext             ) [ 000]
shl_ln1171_4           (bitconcatenate   ) [ 000]
zext_ln1171_3          (zext             ) [ 000]
add_ln1171             (add              ) [ 000]
trunc_ln5              (partselect       ) [ 000]
zext_ln1171_4          (zext             ) [ 000]
tmp                    (bitconcatenate   ) [ 000]
zext_ln1171_5          (zext             ) [ 000]
sub_ln1171_1           (sub              ) [ 000]
trunc_ln717_9          (partselect       ) [ 000]
sext_ln712             (sext             ) [ 000]
add_ln712              (add              ) [ 000]
sext_ln712_1           (sext             ) [ 000]
add_ln712_1            (add              ) [ 000]
sext_ln68              (sext             ) [ 000]
mrv                    (insertvalue      ) [ 000]
mrv_1                  (insertvalue      ) [ 000]
ret_ln68               (ret              ) [ 000]
</LifeTime>

<model>

<comp_list>
<comp id="0" class="1000" name="p_read">
<pin_list>
<pin id="1" dir="1" index="0" bw="1" slack="0"/>
</pin_list>
<bind>
<StgValue><ssdm name="p_read"/></StgValue>
</bind>
</comp>

<comp id="2" class="1000" name="p_read1">
<pin_list>
<pin id="3" dir="1" index="0" bw="1" slack="0"/>
</pin_list>
<bind>
<StgValue><ssdm name="p_read1"/></StgValue>
</bind>
</comp>

<comp id="4" class="1001" name="const_4">
<pin_list>
<pin id="5" dir="1" index="0" bw="1" slack="0"/>
</pin_list>
<bind>
<StgValue><ssdm name="_ssdm_op_Read.ap_auto.i8"/></StgValue>
</bind>
</comp>

<comp id="6" class="1001" name="const_6">
<pin_list>
<pin id="7" dir="1" index="0" bw="1" slack="0"/>
</pin_list>
<bind>
<StgValue><ssdm name=""/></StgValue>
</bind>
</comp>

<comp id="8" class="1001" name="const_8">
<pin_list>
<pin id="9" dir="1" index="0" bw="1" slack="0"/>
</pin_list>
<bind>
<StgValue><ssdm name="_ssdm_op_PartSelect.i11.i14.i32.i32"/></StgValue>
</bind>
</comp>

<comp id="10" class="1001" name="const_10">
<pin_list>
<pin id="11" dir="1" index="0" bw="1" slack="0"/>
</pin_list>
<bind>
<StgValue><ssdm name=""/></StgValue>
</bind>
</comp>

<comp id="12" class="1001" name="const_12">
<pin_list>
<pin id="13" dir="1" index="0" bw="1" slack="0"/>
</pin_list>
<bind>
<StgValue><ssdm name=""/></StgValue>
</bind>
</comp>

<comp id="14" class="1001" name="const_14">
<pin_list>
<pin id="15" dir="1" index="0" bw="1" slack="2147483647"/>
</pin_list>
<bind>
<StgValue><ssdm name="_ssdm_op_SpecPipeline"/></StgValue>
</bind>
</comp>

<comp id="16" class="1001" name="const_16">
<pin_list>
<pin id="17" dir="1" index="0" bw="1" slack="2147483647"/>
</pin_list>
<bind>
<StgValue><ssdm name=""/></StgValue>
</bind>
</comp>

<comp id="18" class="1001" name="const_18">
<pin_list>
<pin id="19" dir="1" index="0" bw="1" slack="2147483647"/>
</pin_list>
<bind>
<StgValue><ssdm name=""/></StgValue>
</bind>
</comp>

<comp id="20" class="1001" name="const_20">
<pin_list>
<pin id="21" dir="1" index="0" bw="1" slack="2147483647"/>
</pin_list>
<bind>
<StgValue><ssdm name="empty_1"/></StgValue>
</bind>
</comp>

<comp id="22" class="1001" name="const_22">
<pin_list>
<pin id="23" dir="1" index="0" bw="1" slack="2147483647"/>
</pin_list>
<bind>
<StgValue><ssdm name="_ssdm_op_SpecResourceLimit"/></StgValue>
</bind>
</comp>

<comp id="24" class="1001" name="const_24">
<pin_list>
<pin id="25" dir="1" index="0" bw="1" slack="2147483647"/>
</pin_list>
<bind>
<StgValue><ssdm name=""/></StgValue>
</bind>
</comp>

<comp id="26" class="1001" name="const_26">
<pin_list>
<pin id="27" dir="1" index="0" bw="1" slack="2147483647"/>
</pin_list>
<bind>
<StgValue><ssdm name="empty_2"/></StgValue>
</bind>
</comp>

<comp id="28" class="1001" name="const_28">
<pin_list>
<pin id="29" dir="1" index="0" bw="1" slack="0"/>
</pin_list>
<bind>
<StgValue><ssdm name="_ssdm_op_BitConcatenate.i15.i8.i7"/></StgValue>
</bind>
</comp>

<comp id="30" class="1001" name="const_30">
<pin_list>
<pin id="31" dir="1" index="0" bw="1" slack="0"/>
</pin_list>
<bind>
<StgValue><ssdm name=""/></StgValue>
</bind>
</comp>

<comp id="32" class="1001" name="const_32">
<pin_list>
<pin id="33" dir="1" index="0" bw="1" slack="0"/>
</pin_list>
<bind>
<StgValue><ssdm name=""/></StgValue>
</bind>
</comp>

<comp id="34" class="1001" name="const_34">
<pin_list>
<pin id="35" dir="1" index="0" bw="1" slack="0"/>
</pin_list>
<bind>
<StgValue><ssdm name="_ssdm_op_PartSelect.i13.i16.i32.i32"/></StgValue>
</bind>
</comp>

<comp id="36" class="1001" name="const_36">
<pin_list>
<pin id="37" dir="1" index="0" bw="1" slack="0"/>
</pin_list>
<bind>
<StgValue><ssdm name=""/></StgValue>
</bind>
</comp>

<comp id="38" class="1001" name="const_38">
<pin_list>
<pin id="39" dir="1" index="0" bw="1" slack="0"/>
</pin_list>
<bind>
<StgValue><ssdm name="_ssdm_op_BitConcatenate.i14.i8.i6"/></StgValue>
</bind>
</comp>

<comp id="40" class="1001" name="const_40">
<pin_list>
<pin id="41" dir="1" index="0" bw="1" slack="0"/>
</pin_list>
<bind>
<StgValue><ssdm name=""/></StgValue>
</bind>
</comp>

<comp id="42" class="1001" name="const_42">
<pin_list>
<pin id="43" dir="1" index="0" bw="1" slack="0"/>
</pin_list>
<bind>
<StgValue><ssdm name="_ssdm_op_BitConcatenate.i12.i8.i4"/></StgValue>
</bind>
</comp>

<comp id="44" class="1001" name="const_44">
<pin_list>
<pin id="45" dir="1" index="0" bw="1" slack="0"/>
</pin_list>
<bind>
<StgValue><ssdm name=""/></StgValue>
</bind>
</comp>

<comp id="46" class="1001" name="const_46">
<pin_list>
<pin id="47" dir="1" index="0" bw="1" slack="0"/>
</pin_list>
<bind>
<StgValue><ssdm name="_ssdm_op_PartSelect.i12.i15.i32.i32"/></StgValue>
</bind>
</comp>

<comp id="48" class="1001" name="const_48">
<pin_list>
<pin id="49" dir="1" index="0" bw="1" slack="0"/>
</pin_list>
<bind>
<StgValue><ssdm name=""/></StgValue>
</bind>
</comp>

<comp id="50" class="1001" name="const_50">
<pin_list>
<pin id="51" dir="1" index="0" bw="1" slack="0"/>
</pin_list>
<bind>
<StgValue><ssdm name=""/></StgValue>
</bind>
</comp>

<comp id="52" class="1004" name="p_read13_read_fu_52">
<pin_list>
<pin id="53" dir="0" index="0" bw="8" slack="0"/>
<pin id="54" dir="0" index="1" bw="8" slack="0"/>
<pin id="55" dir="1" index="2" bw="8" slack="1"/>
</pin_list>
<bind>
<opcode="read(1150) " fcode="read"/>
<opset="p_read13/1 "/>
</bind>
</comp>

<comp id="58" class="1004" name="p_read_9_read_fu_58">
<pin_list>
<pin id="59" dir="0" index="0" bw="8" slack="0"/>
<pin id="60" dir="0" index="1" bw="8" slack="0"/>
<pin id="61" dir="1" index="2" bw="8" slack="0"/>
</pin_list>
<bind>
<opcode="read(1150) " fcode="read"/>
<opset="p_read_9/1 "/>
</bind>
</comp>

<comp id="65" class="1004" name="mul_ln1171_fu_65">
<pin_list>
<pin id="84" dir="0" index="0" bw="8" slack="0"/>
<pin id="85" dir="0" index="1" bw="7" slack="0"/>
<pin id="86" dir="1" index="2" bw="14" slack="0"/>
</pin_list>
<bind>
<opcode="mul(12) " fcode="mul"/>
<opset="mul_ln1171/1 "/>
</bind>
</comp>

<comp id="92" class="1004" name="zext_ln1171_fu_92">
<pin_list>
<pin id="93" dir="0" index="0" bw="8" slack="0"/>
<pin id="94" dir="1" index="1" bw="14" slack="0"/>
</pin_list>
<bind>
<opcode="zext(34) " fcode="zext"/>
<opset="zext_ln1171/1 "/>
</bind>
</comp>

<comp id="97" class="1004" name="lshr_ln717_5_fu_97">
<pin_list>
<pin id="98" dir="0" index="0" bw="11" slack="0"/>
<pin id="99" dir="0" index="1" bw="14" slack="0"/>
<pin id="100" dir="0" index="2" bw="3" slack="0"/>
<pin id="101" dir="0" index="3" bw="5" slack="0"/>
<pin id="102" dir="1" index="4" bw="11" slack="1"/>
</pin_list>
<bind>
<opcode="partselect(1002) " fcode="partselect"/>
<opset="lshr_ln717_5/1 "/>
</bind>
</comp>

<comp id="107" class="1004" name="shl_ln_fu_107">
<pin_list>
<pin id="108" dir="0" index="0" bw="15" slack="0"/>
<pin id="109" dir="0" index="1" bw="8" slack="1"/>
<pin id="110" dir="0" index="2" bw="1" slack="0"/>
<pin id="111" dir="1" index="3" bw="15" slack="0"/>
</pin_list>
<bind>
<opcode="bitconcatenate(1004) " fcode="bitconcatenate"/>
<opset="shl_ln/2 "/>
</bind>
</comp>

<comp id="114" class="1004" name="zext_ln1171_1_fu_114">
<pin_list>
<pin id="115" dir="0" index="0" bw="15" slack="0"/>
<pin id="116" dir="1" index="1" bw="16" slack="0"/>
</pin_list>
<bind>
<opcode="zext(34) " fcode="zext"/>
<opset="zext_ln1171_1/2 "/>
</bind>
</comp>

<comp id="118" class="1004" name="sub_ln1171_fu_118">
<pin_list>
<pin id="119" dir="0" index="0" bw="1" slack="0"/>
<pin id="120" dir="0" index="1" bw="15" slack="0"/>
<pin id="121" dir="1" index="2" bw="16" slack="0"/>
</pin_list>
<bind>
<opcode="sub(10) " fcode="sub"/>
<opset="sub_ln1171/2 "/>
</bind>
</comp>

<comp id="124" class="1004" name="trunc_ln_fu_124">
<pin_list>
<pin id="125" dir="0" index="0" bw="13" slack="0"/>
<pin id="126" dir="0" index="1" bw="16" slack="0"/>
<pin id="127" dir="0" index="2" bw="3" slack="0"/>
<pin id="128" dir="0" index="3" bw="5" slack="0"/>
<pin id="129" dir="1" index="4" bw="13" slack="0"/>
</pin_list>
<bind>
<opcode="partselect(1002) " fcode="partselect"/>
<opset="trunc_ln/2 "/>
</bind>
</comp>

<comp id="134" class="1004" name="sext_ln1171_fu_134">
<pin_list>
<pin id="135" dir="0" index="0" bw="13" slack="0"/>
<pin id="136" dir="1" index="1" bw="14" slack="0"/>
</pin_list>
<bind>
<opcode="sext(35) " fcode="sext"/>
<opset="sext_ln1171/2 "/>
</bind>
</comp>

<comp id="138" class="1004" name="zext_ln717_fu_138">
<pin_list>
<pin id="139" dir="0" index="0" bw="11" slack="1"/>
<pin id="140" dir="1" index="1" bw="14" slack="0"/>
</pin_list>
<bind>
<opcode="zext(34) " fcode="zext"/>
<opset="zext_ln717/2 "/>
</bind>
</comp>

<comp id="141" class="1004" name="r_V_2_fu_141">
<pin_list>
<pin id="142" dir="0" index="0" bw="8" slack="1"/>
<pin id="143" dir="1" index="1" bw="16" slack="0"/>
</pin_list>
<bind>
<opcode="zext(34) " fcode="zext"/>
<opset="r_V_2/2 "/>
</bind>
</comp>

<comp id="144" class="1004" name="shl_ln1171_3_fu_144">
<pin_list>
<pin id="145" dir="0" index="0" bw="14" slack="0"/>
<pin id="146" dir="0" index="1" bw="8" slack="1"/>
<pin id="147" dir="0" index="2" bw="1" slack="0"/>
<pin id="148" dir="1" index="3" bw="14" slack="0"/>
</pin_list>
<bind>
<opcode="bitconcatenate(1004) " fcode="bitconcatenate"/>
<opset="shl_ln1171_3/2 "/>
</bind>
</comp>

<comp id="151" class="1004" name="zext_ln1171_2_fu_151">
<pin_list>
<pin id="152" dir="0" index="0" bw="14" slack="0"/>
<pin id="153" dir="1" index="1" bw="15" slack="0"/>
</pin_list>
<bind>
<opcode="zext(34) " fcode="zext"/>
<opset="zext_ln1171_2/2 "/>
</bind>
</comp>

<comp id="155" class="1004" name="shl_ln1171_4_fu_155">
<pin_list>
<pin id="156" dir="0" index="0" bw="12" slack="0"/>
<pin id="157" dir="0" index="1" bw="8" slack="1"/>
<pin id="158" dir="0" index="2" bw="1" slack="0"/>
<pin id="159" dir="1" index="3" bw="12" slack="0"/>
</pin_list>
<bind>
<opcode="bitconcatenate(1004) " fcode="bitconcatenate"/>
<opset="shl_ln1171_4/2 "/>
</bind>
</comp>

<comp id="162" class="1004" name="zext_ln1171_3_fu_162">
<pin_list>
<pin id="163" dir="0" index="0" bw="12" slack="0"/>
<pin id="164" dir="1" index="1" bw="15" slack="0"/>
</pin_list>
<bind>
<opcode="zext(34) " fcode="zext"/>
<opset="zext_ln1171_3/2 "/>
</bind>
</comp>

<comp id="166" class="1004" name="add_ln1171_fu_166">
<pin_list>
<pin id="167" dir="0" index="0" bw="14" slack="0"/>
<pin id="168" dir="0" index="1" bw="12" slack="0"/>
<pin id="169" dir="1" index="2" bw="15" slack="0"/>
</pin_list>
<bind>
<opcode="add(8) " fcode="add"/>
<opset="add_ln1171/2 "/>
</bind>
</comp>

<comp id="172" class="1004" name="trunc_ln5_fu_172">
<pin_list>
<pin id="173" dir="0" index="0" bw="12" slack="0"/>
<pin id="174" dir="0" index="1" bw="15" slack="0"/>
<pin id="175" dir="0" index="2" bw="3" slack="0"/>
<pin id="176" dir="0" index="3" bw="5" slack="0"/>
<pin id="177" dir="1" index="4" bw="12" slack="0"/>
</pin_list>
<bind>
<opcode="partselect(1002) " fcode="partselect"/>
<opset="trunc_ln5/2 "/>
</bind>
</comp>

<comp id="182" class="1004" name="zext_ln1171_4_fu_182">
<pin_list>
<pin id="183" dir="0" index="0" bw="12" slack="0"/>
<pin id="184" dir="1" index="1" bw="14" slack="0"/>
</pin_list>
<bind>
<opcode="zext(34) " fcode="zext"/>
<opset="zext_ln1171_4/2 "/>
</bind>
</comp>

<comp id="186" class="1004" name="tmp_fu_186">
<pin_list>
<pin id="187" dir="0" index="0" bw="15" slack="0"/>
<pin id="188" dir="0" index="1" bw="8" slack="1"/>
<pin id="189" dir="0" index="2" bw="1" slack="0"/>
<pin id="190" dir="1" index="3" bw="15" slack="0"/>
</pin_list>
<bind>
<opcode="bitconcatenate(1004) " fcode="bitconcatenate"/>
<opset="tmp/2 "/>
</bind>
</comp>

<comp id="193" class="1004" name="zext_ln1171_5_fu_193">
<pin_list>
<pin id="194" dir="0" index="0" bw="15" slack="0"/>
<pin id="195" dir="1" index="1" bw="16" slack="0"/>
</pin_list>
<bind>
<opcode="zext(34) " fcode="zext"/>
<opset="zext_ln1171_5/2 "/>
</bind>
</comp>

<comp id="197" class="1004" name="sub_ln1171_1_fu_197">
<pin_list>
<pin id="198" dir="0" index="0" bw="8" slack="0"/>
<pin id="199" dir="0" index="1" bw="15" slack="0"/>
<pin id="200" dir="1" index="2" bw="16" slack="0"/>
</pin_list>
<bind>
<opcode="sub(10) " fcode="sub"/>
<opset="sub_ln1171_1/2 "/>
</bind>
</comp>

<comp id="203" class="1004" name="trunc_ln717_9_fu_203">
<pin_list>
<pin id="204" dir="0" index="0" bw="13" slack="0"/>
<pin id="205" dir="0" index="1" bw="16" slack="0"/>
<pin id="206" dir="0" index="2" bw="3" slack="0"/>
<pin id="207" dir="0" index="3" bw="5" slack="0"/>
<pin id="208" dir="1" index="4" bw="13" slack="0"/>
</pin_list>
<bind>
<opcode="partselect(1002) " fcode="partselect"/>
<opset="trunc_ln717_9/2 "/>
</bind>
</comp>

<comp id="213" class="1004" name="sext_ln712_fu_213">
<pin_list>
<pin id="214" dir="0" index="0" bw="13" slack="0"/>
<pin id="215" dir="1" index="1" bw="14" slack="0"/>
</pin_list>
<bind>
<opcode="sext(35) " fcode="sext"/>
<opset="sext_ln712/2 "/>
</bind>
</comp>

<comp id="217" class="1004" name="add_ln712_fu_217">
<pin_list>
<pin id="218" dir="0" index="0" bw="12" slack="0"/>
<pin id="219" dir="0" index="1" bw="13" slack="0"/>
<pin id="220" dir="1" index="2" bw="14" slack="0"/>
</pin_list>
<bind>
<opcode="add(8) " fcode="add"/>
<opset="add_ln712/2 "/>
</bind>
</comp>

<comp id="223" class="1004" name="sext_ln712_1_fu_223">
<pin_list>
<pin id="224" dir="0" index="0" bw="14" slack="0"/>
<pin id="225" dir="1" index="1" bw="16" slack="0"/>
</pin_list>
<bind>
<opcode="sext(35) " fcode="sext"/>
<opset="sext_ln712_1/2 "/>
</bind>
</comp>

<comp id="227" class="1004" name="add_ln712_1_fu_227">
<pin_list>
<pin id="228" dir="0" index="0" bw="13" slack="0"/>
<pin id="229" dir="0" index="1" bw="11" slack="0"/>
<pin id="230" dir="1" index="2" bw="14" slack="0"/>
</pin_list>
<bind>
<opcode="add(8) " fcode="add"/>
<opset="add_ln712_1/2 "/>
</bind>
</comp>

<comp id="233" class="1004" name="sext_ln68_fu_233">
<pin_list>
<pin id="234" dir="0" index="0" bw="14" slack="0"/>
<pin id="235" dir="1" index="1" bw="16" slack="0"/>
</pin_list>
<bind>
<opcode="sext(35) " fcode="sext"/>
<opset="sext_ln68/2 "/>
</bind>
</comp>

<comp id="237" class="1004" name="mrv_fu_237">
<pin_list>
<pin id="238" dir="0" index="0" bw="32" slack="0"/>
<pin id="239" dir="0" index="1" bw="14" slack="0"/>
<pin id="240" dir="1" index="2" bw="32" slack="0"/>
</pin_list>
<bind>
<opcode="insertvalue(57) " fcode="insertvalue"/>
<opset="mrv/2 "/>
</bind>
</comp>

<comp id="243" class="1004" name="mrv_1_fu_243">
<pin_list>
<pin id="244" dir="0" index="0" bw="32" slack="0"/>
<pin id="245" dir="0" index="1" bw="14" slack="0"/>
<pin id="246" dir="1" index="2" bw="32" slack="2147483647"/>
</pin_list>
<bind>
<opcode="insertvalue(57) " fcode="insertvalue"/>
<opset="mrv_1/2 "/>
</bind>
</comp>

<comp id="249" class="1005" name="p_read13_reg_249">
<pin_list>
<pin id="250" dir="0" index="0" bw="8" slack="1"/>
<pin id="251" dir="1" index="1" bw="8" slack="1"/>
</pin_list>
<bind>
<opset="p_read13 "/>
</bind>
</comp>

<comp id="257" class="1005" name="p_read_9_reg_257">
<pin_list>
<pin id="258" dir="0" index="0" bw="8" slack="1"/>
<pin id="259" dir="1" index="1" bw="8" slack="1"/>
</pin_list>
<bind>
<opset="p_read_9 "/>
</bind>
</comp>

<comp id="262" class="1005" name="lshr_ln717_5_reg_262">
<pin_list>
<pin id="263" dir="0" index="0" bw="11" slack="1"/>
<pin id="264" dir="1" index="1" bw="11" slack="1"/>
</pin_list>
<bind>
<opset="lshr_ln717_5 "/>
</bind>
</comp>

</comp_list>

<net_list>
<net id="56"><net_src comp="4" pin="0"/><net_sink comp="52" pin=0"/></net>

<net id="57"><net_src comp="2" pin="0"/><net_sink comp="52" pin=1"/></net>

<net id="62"><net_src comp="4" pin="0"/><net_sink comp="58" pin=0"/></net>

<net id="63"><net_src comp="0" pin="0"/><net_sink comp="58" pin=1"/></net>

<net id="87"><net_src comp="6" pin="0"/><net_sink comp="65" pin=1"/></net>

<net id="95"><net_src comp="58" pin="2"/><net_sink comp="92" pin=0"/></net>

<net id="96"><net_src comp="92" pin="1"/><net_sink comp="65" pin=0"/></net>

<net id="103"><net_src comp="8" pin="0"/><net_sink comp="97" pin=0"/></net>

<net id="104"><net_src comp="65" pin="2"/><net_sink comp="97" pin=1"/></net>

<net id="105"><net_src comp="10" pin="0"/><net_sink comp="97" pin=2"/></net>

<net id="106"><net_src comp="12" pin="0"/><net_sink comp="97" pin=3"/></net>

<net id="112"><net_src comp="28" pin="0"/><net_sink comp="107" pin=0"/></net>

<net id="113"><net_src comp="30" pin="0"/><net_sink comp="107" pin=2"/></net>

<net id="117"><net_src comp="107" pin="3"/><net_sink comp="114" pin=0"/></net>

<net id="122"><net_src comp="32" pin="0"/><net_sink comp="118" pin=0"/></net>

<net id="123"><net_src comp="114" pin="1"/><net_sink comp="118" pin=1"/></net>

<net id="130"><net_src comp="34" pin="0"/><net_sink comp="124" pin=0"/></net>

<net id="131"><net_src comp="118" pin="2"/><net_sink comp="124" pin=1"/></net>

<net id="132"><net_src comp="10" pin="0"/><net_sink comp="124" pin=2"/></net>

<net id="133"><net_src comp="36" pin="0"/><net_sink comp="124" pin=3"/></net>

<net id="137"><net_src comp="124" pin="4"/><net_sink comp="134" pin=0"/></net>

<net id="149"><net_src comp="38" pin="0"/><net_sink comp="144" pin=0"/></net>

<net id="150"><net_src comp="40" pin="0"/><net_sink comp="144" pin=2"/></net>

<net id="154"><net_src comp="144" pin="3"/><net_sink comp="151" pin=0"/></net>

<net id="160"><net_src comp="42" pin="0"/><net_sink comp="155" pin=0"/></net>

<net id="161"><net_src comp="44" pin="0"/><net_sink comp="155" pin=2"/></net>

<net id="165"><net_src comp="155" pin="3"/><net_sink comp="162" pin=0"/></net>

<net id="170"><net_src comp="151" pin="1"/><net_sink comp="166" pin=0"/></net>

<net id="171"><net_src comp="162" pin="1"/><net_sink comp="166" pin=1"/></net>

<net id="178"><net_src comp="46" pin="0"/><net_sink comp="172" pin=0"/></net>

<net id="179"><net_src comp="166" pin="2"/><net_sink comp="172" pin=1"/></net>

<net id="180"><net_src comp="10" pin="0"/><net_sink comp="172" pin=2"/></net>

<net id="181"><net_src comp="48" pin="0"/><net_sink comp="172" pin=3"/></net>

<net id="185"><net_src comp="172" pin="4"/><net_sink comp="182" pin=0"/></net>

<net id="191"><net_src comp="28" pin="0"/><net_sink comp="186" pin=0"/></net>

<net id="192"><net_src comp="30" pin="0"/><net_sink comp="186" pin=2"/></net>

<net id="196"><net_src comp="186" pin="3"/><net_sink comp="193" pin=0"/></net>

<net id="201"><net_src comp="141" pin="1"/><net_sink comp="197" pin=0"/></net>

<net id="202"><net_src comp="193" pin="1"/><net_sink comp="197" pin=1"/></net>

<net id="209"><net_src comp="34" pin="0"/><net_sink comp="203" pin=0"/></net>

<net id="210"><net_src comp="197" pin="2"/><net_sink comp="203" pin=1"/></net>

<net id="211"><net_src comp="10" pin="0"/><net_sink comp="203" pin=2"/></net>

<net id="212"><net_src comp="36" pin="0"/><net_sink comp="203" pin=3"/></net>

<net id="216"><net_src comp="203" pin="4"/><net_sink comp="213" pin=0"/></net>

<net id="221"><net_src comp="182" pin="1"/><net_sink comp="217" pin=0"/></net>

<net id="222"><net_src comp="134" pin="1"/><net_sink comp="217" pin=1"/></net>

<net id="226"><net_src comp="217" pin="2"/><net_sink comp="223" pin=0"/></net>

<net id="231"><net_src comp="213" pin="1"/><net_sink comp="227" pin=0"/></net>

<net id="232"><net_src comp="138" pin="1"/><net_sink comp="227" pin=1"/></net>

<net id="236"><net_src comp="227" pin="2"/><net_sink comp="233" pin=0"/></net>

<net id="241"><net_src comp="50" pin="0"/><net_sink comp="237" pin=0"/></net>

<net id="242"><net_src comp="223" pin="1"/><net_sink comp="237" pin=1"/></net>

<net id="247"><net_src comp="237" pin="2"/><net_sink comp="243" pin=0"/></net>

<net id="248"><net_src comp="233" pin="1"/><net_sink comp="243" pin=1"/></net>

<net id="252"><net_src comp="52" pin="2"/><net_sink comp="249" pin=0"/></net>

<net id="253"><net_src comp="249" pin="1"/><net_sink comp="141" pin=0"/></net>

<net id="254"><net_src comp="249" pin="1"/><net_sink comp="144" pin=1"/></net>

<net id="255"><net_src comp="249" pin="1"/><net_sink comp="155" pin=1"/></net>

<net id="256"><net_src comp="249" pin="1"/><net_sink comp="186" pin=1"/></net>

<net id="260"><net_src comp="58" pin="2"/><net_sink comp="257" pin=0"/></net>

<net id="261"><net_src comp="257" pin="1"/><net_sink comp="107" pin=1"/></net>

<net id="265"><net_src comp="97" pin="4"/><net_sink comp="262" pin=0"/></net>

<net id="266"><net_src comp="262" pin="1"/><net_sink comp="138" pin=0"/></net>

</net_list>

</model> 
---------------- Datapath Model END ------------------

* FSMD analyzer results:
  - Output states:
 - Input state : 
	Port: dense_latency<ap_ufixed<8, 0, 4, 0, 0>, ap_fixed<16, 4, 5, 3, 0>, config8> : p_read | {1 }
	Port: dense_latency<ap_ufixed<8, 0, 4, 0, 0>, ap_fixed<16, 4, 5, 3, 0>, config8> : p_read1 | {1 }
  - Chain level:
	State 1
		mul_ln1171 : 1
		lshr_ln717_5 : 2
	State 2
		zext_ln1171_1 : 1
		sub_ln1171 : 2
		trunc_ln : 3
		sext_ln1171 : 4
		zext_ln1171_2 : 1
		zext_ln1171_3 : 1
		add_ln1171 : 2
		trunc_ln5 : 3
		zext_ln1171_4 : 4
		zext_ln1171_5 : 1
		sub_ln1171_1 : 2
		trunc_ln717_9 : 3
		sext_ln712 : 4
		add_ln712 : 5
		sext_ln712_1 : 6
		add_ln712_1 : 5
		sext_ln68 : 6
		mrv : 7
		mrv_1 : 8
		ret_ln68 : 9


============================================================
+ Verbose Summary: Datapath Resource usage 
============================================================

* Functional unit list:
|----------|----------------------|---------|---------|---------|
| Operation|    Functional Unit   |   DSP   |    FF   |   LUT   |
|----------|----------------------|---------|---------|---------|
|          |   add_ln1171_fu_166  |    0    |    0    |    14   |
|    add   |   add_ln712_fu_217   |    0    |    0    |    13   |
|          |  add_ln712_1_fu_227  |    0    |    0    |    13   |
|----------|----------------------|---------|---------|---------|
|    sub   |   sub_ln1171_fu_118  |    0    |    0    |    15   |
|          |  sub_ln1171_1_fu_197 |    0    |    0    |    15   |
|----------|----------------------|---------|---------|---------|
|    mul   |   mul_ln1171_fu_65   |    1    |    0    |    0    |
|----------|----------------------|---------|---------|---------|
|   read   |  p_read13_read_fu_52 |    0    |    0    |    0    |
|          |  p_read_9_read_fu_58 |    0    |    0    |    0    |
|----------|----------------------|---------|---------|---------|
|          |   zext_ln1171_fu_92  |    0    |    0    |    0    |
|          | zext_ln1171_1_fu_114 |    0    |    0    |    0    |
|          |   zext_ln717_fu_138  |    0    |    0    |    0    |
|   zext   |     r_V_2_fu_141     |    0    |    0    |    0    |
|          | zext_ln1171_2_fu_151 |    0    |    0    |    0    |
|          | zext_ln1171_3_fu_162 |    0    |    0    |    0    |
|          | zext_ln1171_4_fu_182 |    0    |    0    |    0    |
|          | zext_ln1171_5_fu_193 |    0    |    0    |    0    |
|----------|----------------------|---------|---------|---------|
|          |  lshr_ln717_5_fu_97  |    0    |    0    |    0    |
|partselect|    trunc_ln_fu_124   |    0    |    0    |    0    |
|          |   trunc_ln5_fu_172   |    0    |    0    |    0    |
|          | trunc_ln717_9_fu_203 |    0    |    0    |    0    |
|----------|----------------------|---------|---------|---------|
|          |     shl_ln_fu_107    |    0    |    0    |    0    |
|bitconcatenate|  shl_ln1171_3_fu_144 |    0    |    0    |    0    |
|          |  shl_ln1171_4_fu_155 |    0    |    0    |    0    |
|          |      tmp_fu_186      |    0    |    0    |    0    |
|----------|----------------------|---------|---------|---------|
|          |  sext_ln1171_fu_134  |    0    |    0    |    0    |
|   sext   |   sext_ln712_fu_213  |    0    |    0    |    0    |
|          |  sext_ln712_1_fu_223 |    0    |    0    |    0    |
|          |   sext_ln68_fu_233   |    0    |    0    |    0    |
|----------|----------------------|---------|---------|---------|
|insertvalue|      mrv_fu_237      |    0    |    0    |    0    |
|          |     mrv_1_fu_243     |    0    |    0    |    0    |
|----------|----------------------|---------|---------|---------|
|   Total  |                      |    1    |    0    |    70   |
|----------|----------------------|---------|---------|---------|

Memories:
N/A

* Register list:
+--------------------+--------+
|                    |   FF   |
+--------------------+--------+
|lshr_ln717_5_reg_262|   11   |
|  p_read13_reg_249  |    8   |
|  p_read_9_reg_257  |    8   |
+--------------------+--------+
|        Total       |   27   |
+--------------------+--------+

* Multiplexer (MUX) list: 
|--------|------|------|------|--------|
|  Comp  |  Pin | Size |  BW  | S x BW |
|--------|------|------|------|--------|
|  Total |      |      |      |    0   |
|--------|------|------|------|--------|



* Summary:
+-----------+--------+--------+--------+
|           |   DSP  |   FF   |   LUT  |
+-----------+--------+--------+--------+
|  Function |    1   |    0   |   70   |
|   Memory  |    -   |    -   |    -   |
|Multiplexer|    -   |    -   |    -   |
|  Register |    -   |   27   |    -   |
+-----------+--------+--------+--------+
|   Total   |    1   |   27   |   70   |
+-----------+--------+--------+--------+
