

================================================================
== Vitis HLS Report for 'dense_latency_ap_ufixed_8_0_4_0_0_ap_fixed_16_4_5_3_0_config5_s'
================================================================
* Date:           Sat Jul 22 14:06:10 2023

* Version:        2021.1 (Build 3247384 on Thu Jun 10 19:36:07 MDT 2021)
* Project:        myproject_prj
* Solution:       solution1 (Vivado IP Flow Target)
* Product family: zynq
* Target device:  xc7z007s-clg225-2


================================================================
== Performance Estimates
================================================================
+ Timing: 
    * Summary: 
    +--------+---------+----------+------------+
    |  Clock |  Target | Estimated| Uncertainty|
    +--------+---------+----------+------------+
    |ap_clk  |  3.33 ns|  5.282 ns|     0.42 ns|
    +--------+---------+----------+------------+

+ Latency: 
    * Summary: 
    +---------+---------+-----------+-----------+-----+-----+---------+
    |  Latency (cycles) |   Latency (absolute)  |  Interval | Pipeline|
    |   min   |   max   |    min    |    max    | min | max |   Type  |
    +---------+---------+-----------+-----------+-----+-----+---------+
    |        2|        2|  10.564 ns|  10.564 ns|    1|    1|      yes|
    +---------+---------+-----------+-----------+-----+-----+---------+

    + Detail: 
        * Instance: 
        N/A

        * Loop: 
        N/A

============================================================
+ Verbose Summary: Synthesis Manager
============================================================
InlineROM: 1
ExposeGlobal: 0
============================================================
+ Verbose Summary: CDFG Model
============================================================
IsTopModel: 0
ResetActiveHigh: 1
IsCombinational: 0
IsDatapathOnly: 0
HasWiredReturn: 1
HasMFsm: 2
HasVarLatency: 0
IsPipeline: 1
IsRtlPipelined: 1
IsInstanceOverlapped: 0
IsDontTouch: 0
HasImplIP: 0
IsGatedGlobalClock: 0

+ Individual pipeline summary: 
  * Pipeline-0: initiation interval (II) = 1, depth = 3


============================================================
+ Verbose Summary: Schedule
============================================================
* Number of FSM states : 3
* Pipeline : 1
  Pipeline-0 : II = 1, D = 3, States = { 1 2 3 }
* Dataflow Pipeline: 0

* FSM state transitions: 
1 --> 2 
2 --> 3 
3 --> 

* FSM state operations: 

State 1 <SV = 0> <Delay = 5.28>
ST_1 : Operation 4 [1/1] (0.00ns)   --->   "%p_read25 = read i8 @_ssdm_op_Read.ap_auto.i8, i8 %p_read2"   --->   Operation 4 'read' 'p_read25' <Predicate = true> <Delay = 0.00>
ST_1 : Operation 5 [1/1] (0.00ns)   --->   "%p_read14 = read i8 @_ssdm_op_Read.ap_auto.i8, i8 %p_read1"   --->   Operation 5 'read' 'p_read14' <Predicate = true> <Delay = 0.00>
ST_1 : Operation 6 [1/1] (0.00ns)   --->   "%p_read_6 = read i8 @_ssdm_op_Read.ap_auto.i8, i8 %p_read"   --->   Operation 6 'read' 'p_read_6' <Predicate = true> <Delay = 0.00>
ST_1 : Operation 7 [1/1] (0.00ns)   --->   "%r_V_0 = zext i8 %p_read_6"   --->   Operation 7 'zext' 'r_V_0' <Predicate = true> <Delay = 0.00>
ST_1 : Operation 8 [1/1] (0.00ns)   --->   "%shl_ln = bitconcatenate i15 @_ssdm_op_BitConcatenate.i15.i8.i7, i8 %p_read_6, i7 0"   --->   Operation 8 'bitconcatenate' 'shl_ln' <Predicate = true> <Delay = 0.00>
ST_1 : Operation 9 [1/1] (0.00ns)   --->   "%zext_ln1171 = zext i15 %shl_ln"   --->   Operation 9 'zext' 'zext_ln1171' <Predicate = true> <Delay = 0.00>
ST_1 : Operation 10 [1/1] (1.53ns)   --->   "%sub_ln1171 = sub i16 %zext_ln1171, i16 %r_V_0"   --->   Operation 10 'sub' 'sub_ln1171' <Predicate = true> <Delay = 1.53> <CoreInst = "Adder">   --->   Core 1 'Adder' <Latency = 0> <II = 1> <Delay = 1.54> <FuncUnit> <Opcode : 'add' 'sub'> <InPorts = 2> <OutPorts = 1>
ST_1 : Operation 11 [1/1] (1.53ns)   --->   "%sub_ln1171_7 = sub i16 %r_V_0, i16 %zext_ln1171"   --->   Operation 11 'sub' 'sub_ln1171_7' <Predicate = true> <Delay = 1.53> <CoreInst = "Adder">   --->   Core 1 'Adder' <Latency = 0> <II = 1> <Delay = 1.54> <FuncUnit> <Opcode : 'add' 'sub'> <InPorts = 2> <OutPorts = 1>
ST_1 : Operation 12 [1/1] (0.00ns)   --->   "%trunc_ln = partselect i11 @_ssdm_op_PartSelect.i11.i16.i32.i32, i16 %sub_ln1171_7, i32 5, i32 15"   --->   Operation 12 'partselect' 'trunc_ln' <Predicate = true> <Delay = 0.00>
ST_1 : Operation 13 [1/1] (1.53ns)   --->   "%sub_ln1171_1 = sub i16 0, i16 %zext_ln1171"   --->   Operation 13 'sub' 'sub_ln1171_1' <Predicate = true> <Delay = 1.53> <CoreInst = "Adder">   --->   Core 1 'Adder' <Latency = 0> <II = 1> <Delay = 1.54> <FuncUnit> <Opcode : 'add' 'sub'> <InPorts = 2> <OutPorts = 1>
ST_1 : Operation 14 [1/1] (0.00ns)   --->   "%trunc_ln717_5 = partselect i11 @_ssdm_op_PartSelect.i11.i16.i32.i32, i16 %sub_ln1171_1, i32 5, i32 15"   --->   Operation 14 'partselect' 'trunc_ln717_5' <Predicate = true> <Delay = 0.00>
ST_1 : Operation 15 [1/1] (0.00ns)   --->   "%r_V_1 = zext i8 %p_read14"   --->   Operation 15 'zext' 'r_V_1' <Predicate = true> <Delay = 0.00>
ST_1 : Operation 16 [1/1] (0.00ns)   --->   "%zext_ln1171_1 = zext i8 %p_read14"   --->   Operation 16 'zext' 'zext_ln1171_1' <Predicate = true> <Delay = 0.00>
ST_1 : Operation 17 [1/1] (0.00ns)   --->   "%shl_ln1171_1 = bitconcatenate i15 @_ssdm_op_BitConcatenate.i15.i8.i7, i8 %p_read14, i7 0"   --->   Operation 17 'bitconcatenate' 'shl_ln1171_1' <Predicate = true> <Delay = 0.00>
ST_1 : Operation 18 [1/1] (0.00ns)   --->   "%zext_ln1171_2 = zext i15 %shl_ln1171_1"   --->   Operation 18 'zext' 'zext_ln1171_2' <Predicate = true> <Delay = 0.00>
ST_1 : Operation 19 [1/1] (1.53ns)   --->   "%sub_ln1171_2 = sub i16 0, i16 %zext_ln1171_2"   --->   Operation 19 'sub' 'sub_ln1171_2' <Predicate = true> <Delay = 1.53> <CoreInst = "Adder">   --->   Core 1 'Adder' <Latency = 0> <II = 1> <Delay = 1.54> <FuncUnit> <Opcode : 'add' 'sub'> <InPorts = 2> <OutPorts = 1>
ST_1 : Operation 20 [1/1] (0.00ns)   --->   "%trunc_ln717_6 = partselect i11 @_ssdm_op_PartSelect.i11.i16.i32.i32, i16 %sub_ln1171_2, i32 5, i32 15"   --->   Operation 20 'partselect' 'trunc_ln717_6' <Predicate = true> <Delay = 0.00>
ST_1 : Operation 21 [1/1] (1.53ns)   --->   "%sub_ln1171_3 = sub i16 %zext_ln1171_2, i16 %r_V_1"   --->   Operation 21 'sub' 'sub_ln1171_3' <Predicate = true> <Delay = 1.53> <CoreInst = "Adder">   --->   Core 1 'Adder' <Latency = 0> <II = 1> <Delay = 1.54> <FuncUnit> <Opcode : 'add' 'sub'> <InPorts = 2> <OutPorts = 1>
ST_1 : Operation 22 [1/1] (5.28ns)   --->   "%mul_ln1171 = mul i15 %zext_ln1171_1, i15 122"   --->   Operation 22 'mul' 'mul_ln1171' <Predicate = true> <Delay = 5.28> <CoreInst = "Mul_LUT">   --->   Core 4 'Mul_LUT' <Latency = 0> <II = 1> <Delay = 5.28> <FuncUnit> <Opcode : 'mul'> <InPorts = 2> <OutPorts = 1>
ST_1 : Operation 23 [1/1] (0.00ns)   --->   "%r_V_2 = zext i8 %p_read25"   --->   Operation 23 'zext' 'r_V_2' <Predicate = true> <Delay = 0.00>
ST_1 : Operation 24 [1/1] (0.00ns)   --->   "%shl_ln1171_2 = bitconcatenate i15 @_ssdm_op_BitConcatenate.i15.i8.i7, i8 %p_read25, i7 0"   --->   Operation 24 'bitconcatenate' 'shl_ln1171_2' <Predicate = true> <Delay = 0.00>
ST_1 : Operation 25 [1/1] (0.00ns)   --->   "%zext_ln1171_3 = zext i15 %shl_ln1171_2"   --->   Operation 25 'zext' 'zext_ln1171_3' <Predicate = true> <Delay = 0.00>
ST_1 : Operation 26 [1/1] (0.00ns)   --->   "%shl_ln1171_3 = bitconcatenate i9 @_ssdm_op_BitConcatenate.i9.i8.i1, i8 %p_read25, i1 0"   --->   Operation 26 'bitconcatenate' 'shl_ln1171_3' <Predicate = true> <Delay = 0.00>
ST_1 : Operation 27 [1/1] (0.00ns)   --->   "%zext_ln1171_4 = zext i9 %shl_ln1171_3"   --->   Operation 27 'zext' 'zext_ln1171_4' <Predicate = true> <Delay = 0.00>
ST_1 : Operation 28 [1/1] (1.53ns)   --->   "%sub_ln1171_4 = sub i16 %zext_ln1171_4, i16 %zext_ln1171_3"   --->   Operation 28 'sub' 'sub_ln1171_4' <Predicate = true> <Delay = 1.53> <CoreInst = "Adder">   --->   Core 1 'Adder' <Latency = 0> <II = 1> <Delay = 1.54> <FuncUnit> <Opcode : 'add' 'sub'> <InPorts = 2> <OutPorts = 1>
ST_1 : Operation 29 [1/1] (0.00ns)   --->   "%trunc_ln717_7 = partselect i11 @_ssdm_op_PartSelect.i11.i16.i32.i32, i16 %sub_ln1171_4, i32 5, i32 15"   --->   Operation 29 'partselect' 'trunc_ln717_7' <Predicate = true> <Delay = 0.00>
ST_1 : Operation 30 [1/1] (1.53ns)   --->   "%sub_ln1171_5 = sub i16 0, i16 %zext_ln1171_3"   --->   Operation 30 'sub' 'sub_ln1171_5' <Predicate = true> <Delay = 1.53> <CoreInst = "Adder">   --->   Core 1 'Adder' <Latency = 0> <II = 1> <Delay = 1.54> <FuncUnit> <Opcode : 'add' 'sub'> <InPorts = 2> <OutPorts = 1>
ST_1 : Operation 31 [1/1] (0.00ns)   --->   "%trunc_ln717_8 = partselect i11 @_ssdm_op_PartSelect.i11.i16.i32.i32, i16 %sub_ln1171_5, i32 5, i32 15"   --->   Operation 31 'partselect' 'trunc_ln717_8' <Predicate = true> <Delay = 0.00>
ST_1 : Operation 32 [1/1] (1.53ns)   --->   "%sub_ln1171_6 = sub i16 %zext_ln1171_3, i16 %r_V_2"   --->   Operation 32 'sub' 'sub_ln1171_6' <Predicate = true> <Delay = 1.53> <CoreInst = "Adder">   --->   Core 1 'Adder' <Latency = 0> <II = 1> <Delay = 1.54> <FuncUnit> <Opcode : 'add' 'sub'> <InPorts = 2> <OutPorts = 1>
ST_1 : Operation 33 [1/1] (0.00ns)   --->   "%trunc_ln3 = partselect i11 @_ssdm_op_PartSelect.i11.i16.i32.i32, i16 %sub_ln1171, i32 5, i32 15"   --->   Operation 33 'partselect' 'trunc_ln3' <Predicate = true> <Delay = 0.00>
ST_1 : Operation 34 [1/1] (0.00ns)   --->   "%trunc_ln712_1 = partselect i11 @_ssdm_op_PartSelect.i11.i16.i32.i32, i16 %sub_ln1171_3, i32 5, i32 15"   --->   Operation 34 'partselect' 'trunc_ln712_1' <Predicate = true> <Delay = 0.00>
ST_1 : Operation 35 [1/1] (0.00ns)   --->   "%trunc_ln712_2 = partselect i10 @_ssdm_op_PartSelect.i10.i15.i32.i32, i15 %mul_ln1171, i32 5, i32 14"   --->   Operation 35 'partselect' 'trunc_ln712_2' <Predicate = true> <Delay = 0.00>
ST_1 : Operation 36 [1/1] (0.00ns)   --->   "%trunc_ln4 = partselect i11 @_ssdm_op_PartSelect.i11.i16.i32.i32, i16 %sub_ln1171_6, i32 5, i32 15"   --->   Operation 36 'partselect' 'trunc_ln4' <Predicate = true> <Delay = 0.00>

State 2 <SV = 1> <Delay = 1.48>
ST_2 : Operation 37 [1/1] (0.00ns)   --->   "%zext_ln712 = zext i11 %trunc_ln3"   --->   Operation 37 'zext' 'zext_ln712' <Predicate = true> <Delay = 0.00>
ST_2 : Operation 38 [1/1] (0.00ns)   --->   "%sext_ln712 = sext i11 %trunc_ln"   --->   Operation 38 'sext' 'sext_ln712' <Predicate = true> <Delay = 0.00>
ST_2 : Operation 39 [1/1] (0.00ns)   --->   "%sext_ln712_1 = sext i11 %trunc_ln717_5"   --->   Operation 39 'sext' 'sext_ln712_1' <Predicate = true> <Delay = 0.00>
ST_2 : Operation 40 [1/1] (0.00ns)   --->   "%sext_ln712_2 = sext i11 %trunc_ln717_6"   --->   Operation 40 'sext' 'sext_ln712_2' <Predicate = true> <Delay = 0.00>
ST_2 : Operation 41 [1/1] (0.00ns)   --->   "%zext_ln712_1 = zext i11 %trunc_ln712_1"   --->   Operation 41 'zext' 'zext_ln712_1' <Predicate = true> <Delay = 0.00>
ST_2 : Operation 42 [1/1] (0.00ns)   --->   "%zext_ln712_2 = zext i10 %trunc_ln712_2"   --->   Operation 42 'zext' 'zext_ln712_2' <Predicate = true> <Delay = 0.00>
ST_2 : Operation 43 [1/1] (0.00ns)   --->   "%sext_ln712_3 = sext i11 %trunc_ln717_7"   --->   Operation 43 'sext' 'sext_ln712_3' <Predicate = true> <Delay = 0.00>
ST_2 : Operation 44 [1/1] (0.00ns)   --->   "%sext_ln712_4 = sext i11 %trunc_ln717_8"   --->   Operation 44 'sext' 'sext_ln712_4' <Predicate = true> <Delay = 0.00>
ST_2 : Operation 45 [1/1] (0.00ns)   --->   "%zext_ln740 = zext i11 %trunc_ln4"   --->   Operation 45 'zext' 'zext_ln740' <Predicate = true> <Delay = 0.00>
ST_2 : Operation 46 [1/1] (1.48ns)   --->   "%add_ln740_3 = add i12 %sext_ln712_2, i12 %sext_ln712_3"   --->   Operation 46 'add' 'add_ln740_3' <Predicate = true> <Delay = 1.48> <CoreInst = "Adder">   --->   Core 1 'Adder' <Latency = 0> <II = 1> <Delay = 1.54> <FuncUnit> <Opcode : 'add' 'sub'> <InPorts = 2> <OutPorts = 1>
ST_2 : Operation 47 [1/1] (1.48ns)   --->   "%add_ln740_4 = add i12 %zext_ln712, i12 936"   --->   Operation 47 'add' 'add_ln740_4' <Predicate = true> <Delay = 1.48> <CoreInst = "Adder">   --->   Core 1 'Adder' <Latency = 0> <II = 1> <Delay = 1.54> <FuncUnit> <Opcode : 'add' 'sub'> <InPorts = 2> <OutPorts = 1>
ST_2 : Operation 48 [1/1] (1.48ns)   --->   "%add_ln740_5 = add i12 %sext_ln712, i12 %sext_ln712_4"   --->   Operation 48 'add' 'add_ln740_5' <Predicate = true> <Delay = 1.48> <CoreInst = "Adder">   --->   Core 1 'Adder' <Latency = 0> <II = 1> <Delay = 1.54> <FuncUnit> <Opcode : 'add' 'sub'> <InPorts = 2> <OutPorts = 1>
ST_2 : Operation 49 [1/1] (1.48ns)   --->   "%add_ln740_6 = add i12 %zext_ln712_1, i12 3720"   --->   Operation 49 'add' 'add_ln740_6' <Predicate = true> <Delay = 1.48> <CoreInst = "Adder">   --->   Core 1 'Adder' <Latency = 0> <II = 1> <Delay = 1.54> <FuncUnit> <Opcode : 'add' 'sub'> <InPorts = 2> <OutPorts = 1>
ST_2 : Operation 50 [1/1] (1.48ns)   --->   "%add_ln740_7 = add i12 %sext_ln712_1, i12 3072"   --->   Operation 50 'add' 'add_ln740_7' <Predicate = true> <Delay = 1.48> <CoreInst = "Adder">   --->   Core 1 'Adder' <Latency = 0> <II = 1> <Delay = 1.54> <FuncUnit> <Opcode : 'add' 'sub'> <InPorts = 2> <OutPorts = 1>
ST_2 : Operation 51 [1/1] (1.48ns)   --->   "%add_ln740_8 = add i12 %zext_ln712_2, i12 %zext_ln740"   --->   Operation 51 'add' 'add_ln740_8' <Predicate = true> <Delay = 1.48> <CoreInst = "Adder">   --->   Core 1 'Adder' <Latency = 0> <II = 1> <Delay = 1.54> <FuncUnit> <Opcode : 'add' 'sub'> <InPorts = 2> <OutPorts = 1>

State 3 <SV = 2> <Delay = 1.54>
ST_3 : Operation 52 [1/1] (0.00ns)   --->   "%specpipeline_ln0 = specpipeline void @_ssdm_op_SpecPipeline, i32 1, i32 0, i32 0, i32 0, void @empty_0"   --->   Operation 52 'specpipeline' 'specpipeline_ln0' <Predicate = true> <Delay = 0.00>
ST_3 : Operation 53 [1/1] (0.00ns)   --->   "%specresourcelimit_ln31 = specresourcelimit void @_ssdm_op_SpecResourceLimit, i64 9, void @empty_2, void @empty_0, void @empty_0, void @empty_0" [firmware/nnet_utils/nnet_dense_latency.h:31]   --->   Operation 53 'specresourcelimit' 'specresourcelimit_ln31' <Predicate = true> <Delay = 0.00>
ST_3 : Operation 54 [1/1] (0.00ns)   --->   "%sext_ln740 = sext i12 %add_ln740_3"   --->   Operation 54 'sext' 'sext_ln740' <Predicate = true> <Delay = 0.00>
ST_3 : Operation 55 [1/1] (0.00ns)   --->   "%zext_ln740_1 = zext i12 %add_ln740_4"   --->   Operation 55 'zext' 'zext_ln740_1' <Predicate = true> <Delay = 0.00>
ST_3 : Operation 56 [1/1] (1.54ns)   --->   "%add_ln740 = add i14 %zext_ln740_1, i14 %sext_ln740"   --->   Operation 56 'add' 'add_ln740' <Predicate = true> <Delay = 1.54> <CoreInst = "Adder">   --->   Core 1 'Adder' <Latency = 0> <II = 1> <Delay = 1.54> <FuncUnit> <Opcode : 'add' 'sub'> <InPorts = 2> <OutPorts = 1>
ST_3 : Operation 57 [1/1] (0.00ns)   --->   "%shl_ln1 = bitconcatenate i16 @_ssdm_op_BitConcatenate.i16.i14.i2, i14 %add_ln740, i2 0"   --->   Operation 57 'bitconcatenate' 'shl_ln1' <Predicate = true> <Delay = 0.00>
ST_3 : Operation 58 [1/1] (0.00ns)   --->   "%sext_ln740_1 = sext i12 %add_ln740_5"   --->   Operation 58 'sext' 'sext_ln740_1' <Predicate = true> <Delay = 0.00>
ST_3 : Operation 59 [1/1] (0.00ns)   --->   "%sext_ln740_2 = sext i12 %add_ln740_6"   --->   Operation 59 'sext' 'sext_ln740_2' <Predicate = true> <Delay = 0.00>
ST_3 : Operation 60 [1/1] (1.54ns)   --->   "%add_ln740_1 = add i13 %sext_ln740_2, i13 %sext_ln740_1"   --->   Operation 60 'add' 'add_ln740_1' <Predicate = true> <Delay = 1.54> <CoreInst = "Adder">   --->   Core 1 'Adder' <Latency = 0> <II = 1> <Delay = 1.54> <FuncUnit> <Opcode : 'add' 'sub'> <InPorts = 2> <OutPorts = 1>
ST_3 : Operation 61 [1/1] (0.00ns)   --->   "%tmp_1 = bitconcatenate i15 @_ssdm_op_BitConcatenate.i15.i13.i2, i13 %add_ln740_1, i2 0"   --->   Operation 61 'bitconcatenate' 'tmp_1' <Predicate = true> <Delay = 0.00>
ST_3 : Operation 62 [1/1] (0.00ns)   --->   "%sext_ln740_3 = sext i15 %tmp_1"   --->   Operation 62 'sext' 'sext_ln740_3' <Predicate = true> <Delay = 0.00>
ST_3 : Operation 63 [1/1] (0.00ns)   --->   "%sext_ln740_4 = sext i12 %add_ln740_7"   --->   Operation 63 'sext' 'sext_ln740_4' <Predicate = true> <Delay = 0.00>
ST_3 : Operation 64 [1/1] (0.00ns)   --->   "%zext_ln740_2 = zext i12 %add_ln740_8"   --->   Operation 64 'zext' 'zext_ln740_2' <Predicate = true> <Delay = 0.00>
ST_3 : Operation 65 [1/1] (1.54ns)   --->   "%add_ln740_2 = add i13 %zext_ln740_2, i13 %sext_ln740_4"   --->   Operation 65 'add' 'add_ln740_2' <Predicate = true> <Delay = 1.54> <CoreInst = "Adder">   --->   Core 1 'Adder' <Latency = 0> <II = 1> <Delay = 1.54> <FuncUnit> <Opcode : 'add' 'sub'> <InPorts = 2> <OutPorts = 1>
ST_3 : Operation 66 [1/1] (0.00ns)   --->   "%tmp_2 = bitconcatenate i15 @_ssdm_op_BitConcatenate.i15.i13.i2, i13 %add_ln740_2, i2 0"   --->   Operation 66 'bitconcatenate' 'tmp_2' <Predicate = true> <Delay = 0.00>
ST_3 : Operation 67 [1/1] (0.00ns)   --->   "%sext_ln740_5 = sext i15 %tmp_2"   --->   Operation 67 'sext' 'sext_ln740_5' <Predicate = true> <Delay = 0.00>
ST_3 : Operation 68 [1/1] (0.00ns)   --->   "%mrv = insertvalue i48 <undef>, i16 %shl_ln1" [firmware/nnet_utils/nnet_dense_latency.h:68]   --->   Operation 68 'insertvalue' 'mrv' <Predicate = true> <Delay = 0.00>
ST_3 : Operation 69 [1/1] (0.00ns)   --->   "%mrv_1 = insertvalue i48 %mrv, i16 %sext_ln740_3" [firmware/nnet_utils/nnet_dense_latency.h:68]   --->   Operation 69 'insertvalue' 'mrv_1' <Predicate = true> <Delay = 0.00>
ST_3 : Operation 70 [1/1] (0.00ns)   --->   "%mrv_2 = insertvalue i48 %mrv_1, i16 %sext_ln740_5" [firmware/nnet_utils/nnet_dense_latency.h:68]   --->   Operation 70 'insertvalue' 'mrv_2' <Predicate = true> <Delay = 0.00>
ST_3 : Operation 71 [1/1] (0.00ns)   --->   "%ret_ln68 = ret i48 %mrv_2" [firmware/nnet_utils/nnet_dense_latency.h:68]   --->   Operation 71 'ret' 'ret_ln68' <Predicate = true> <Delay = 0.00>


============================================================
+ Verbose Summary: Binding
============================================================
STG Binding: 
---------------- STG Properties BEGIN ----------------
- Is combinational: 0
- Is one-state seq: 0
- Is datapath-only: 1
- Is pipelined: 1
- Is top level: 0
Port [ Return ] is wired: 1; IO mode=ap_ctrl_hs:ce=0
Port [ p_read]:  wired=1; compound=0; hidden=0; nouse=0; global=0; static=0; extern=0; dir=0; type=0; pingpong=0; private_global=0; IO mode=ap_none:ce=0
Port [ p_read1]:  wired=1; compound=0; hidden=0; nouse=0; global=0; static=0; extern=0; dir=0; type=0; pingpong=0; private_global=0; IO mode=ap_none:ce=0
Port [ p_read2]:  wired=1; compound=0; hidden=0; nouse=0; global=0; static=0; extern=0; dir=0; type=0; pingpong=0; private_global=0; IO mode=ap_none:ce=0
---------------- STG Properties END ------------------

---------------- Datapath Model BEGIN ----------------

<LifeTime>
<method=bitvector/>
p_read25               (read             ) [ 0000]
p_read14               (read             ) [ 0000]
p_read_6               (read             ) [ 0000]
r_V_0                  (zext             ) [ 0000]
shl_ln                 (bitconcatenate   ) [ 0000]
zext_ln1171            (zext             ) [ 0000]
sub_ln1171             (sub              ) [ 0000]
sub_ln1171_7           (sub              ) [ 0000]
trunc_ln               (partselect       ) [ 0110]
sub_ln1171_1           (sub              ) [ 0000]
trunc_ln717_5          (partselect       ) [ 0110]
r_V_1                  (zext             ) [ 0000]
zext_ln1171_1          (zext             ) [ 0000]
shl_ln1171_1           (bitconcatenate   ) [ 0000]
zext_ln1171_2          (zext             ) [ 0000]
sub_ln1171_2           (sub              ) [ 0000]
trunc_ln717_6          (partselect       ) [ 0110]
sub_ln1171_3           (sub              ) [ 0000]
mul_ln1171             (mul              ) [ 0000]
r_V_2                  (zext             ) [ 0000]
shl_ln1171_2           (bitconcatenate   ) [ 0000]
zext_ln1171_3          (zext             ) [ 0000]
shl_ln1171_3           (bitconcatenate   ) [ 0000]
zext_ln1171_4          (zext             ) [ 0000]
sub_ln1171_4           (sub              ) [ 0000]
trunc_ln717_7          (partselect       ) [ 0110]
sub_ln1171_5           (sub              ) [ 0000]
trunc_ln717_8          (partselect       ) [ 0110]
sub_ln1171_6           (sub              ) [ 0000]
trunc_ln3              (partselect       ) [ 0110]
trunc_ln712_1          (partselect       ) [ 0110]
trunc_ln712_2          (partselect       ) [ 0110]
trunc_ln4              (partselect       ) [ 0110]
zext_ln712             (zext             ) [ 0000]
sext_ln712             (sext             ) [ 0000]
sext_ln712_1           (sext             ) [ 0000]
sext_ln712_2           (sext             ) [ 0000]
zext_ln712_1           (zext             ) [ 0000]
zext_ln712_2           (zext             ) [ 0000]
sext_ln712_3           (sext             ) [ 0000]
sext_ln712_4           (sext             ) [ 0000]
zext_ln740             (zext             ) [ 0000]
add_ln740_3            (add              ) [ 0101]
add_ln740_4            (add              ) [ 0101]
add_ln740_5            (add              ) [ 0101]
add_ln740_6            (add              ) [ 0101]
add_ln740_7            (add              ) [ 0101]
add_ln740_8            (add              ) [ 0101]
specpipeline_ln0       (specpipeline     ) [ 0000]
specresourcelimit_ln31 (specresourcelimit) [ 0000]
sext_ln740             (sext             ) [ 0000]
zext_ln740_1           (zext             ) [ 0000]
add_ln740              (add              ) [ 0000]
shl_ln1                (bitconcatenate   ) [ 0000]
sext_ln740_1           (sext             ) [ 0000]
sext_ln740_2           (sext             ) [ 0000]
add_ln740_1            (add              ) [ 0000]
tmp_1                  (bitconcatenate   ) [ 0000]
sext_ln740_3           (sext             ) [ 0000]
sext_ln740_4           (sext             ) [ 0000]
zext_ln740_2           (zext             ) [ 0000]
add_ln740_2            (add              ) [ 0000]
tmp_2                  (bitconcatenate   ) [ 0000]
sext_ln740_5           (sext             ) [ 0000]
mrv                    (insertvalue      ) [ 0000]
mrv_1                  (insertvalue      ) [ 0000]
mrv_2                  (insertvalue      ) [ 0000]
ret_ln68               (ret              ) [ 0000]
</LifeTime>

<model>

<comp_list>
<comp id="0" class="1000" name="p_read">
<pin_list>
<pin id="1" dir="1" index="0" bw="1" slack="0"/>
</pin_list>
<bind>
<StgValue><ssdm name="p_read"/></StgValue>
</bind>
</comp>

<comp id="2" class="1000" name="p_read1">
<pin_list>
<pin id="3" dir="1" index="0" bw="1" slack="0"/>
</pin_list>
<bind>
<StgValue><ssdm name="p_read1"/></StgValue>
</bind>
</comp>

<comp id="4" class="1000" name="p_read2">
<pin_list>
<pin id="5" dir="1" index="0" bw="1" slack="0"/>
</pin_list>
<bind>
<StgValue><ssdm name="p_read2"/></StgValue>
</bind>
</comp>

<comp id="6" class="1001" name="const_6">
<pin_list>
<pin id="7" dir="1" index="0" bw="1" slack="0"/>
</pin_list>
<bind>
<StgValue><ssdm name="_ssdm_op_Read.ap_auto.i8"/></StgValue>
</bind>
</comp>

<comp id="8" class="1001" name="const_8">
<pin_list>
<pin id="9" dir="1" index="0" bw="1" slack="0"/>
</pin_list>
<bind>
<StgValue><ssdm name="_ssdm_op_BitConcatenate.i15.i8.i7"/></StgValue>
</bind>
</comp>

<comp id="10" class="1001" name="const_10">
<pin_list>
<pin id="11" dir="1" index="0" bw="1" slack="0"/>
</pin_list>
<bind>
<StgValue><ssdm name=""/></StgValue>
</bind>
</comp>

<comp id="12" class="1001" name="const_12">
<pin_list>
<pin id="13" dir="1" index="0" bw="1" slack="0"/>
</pin_list>
<bind>
<StgValue><ssdm name="_ssdm_op_PartSelect.i11.i16.i32.i32"/></StgValue>
</bind>
</comp>

<comp id="14" class="1001" name="const_14">
<pin_list>
<pin id="15" dir="1" index="0" bw="1" slack="0"/>
</pin_list>
<bind>
<StgValue><ssdm name=""/></StgValue>
</bind>
</comp>

<comp id="16" class="1001" name="const_16">
<pin_list>
<pin id="17" dir="1" index="0" bw="1" slack="0"/>
</pin_list>
<bind>
<StgValue><ssdm name=""/></StgValue>
</bind>
</comp>

<comp id="18" class="1001" name="const_18">
<pin_list>
<pin id="19" dir="1" index="0" bw="1" slack="0"/>
</pin_list>
<bind>
<StgValue><ssdm name=""/></StgValue>
</bind>
</comp>

<comp id="20" class="1001" name="const_20">
<pin_list>
<pin id="21" dir="1" index="0" bw="1" slack="0"/>
</pin_list>
<bind>
<StgValue><ssdm name=""/></StgValue>
</bind>
</comp>

<comp id="22" class="1001" name="const_22">
<pin_list>
<pin id="23" dir="1" index="0" bw="1" slack="0"/>
</pin_list>
<bind>
<StgValue><ssdm name="_ssdm_op_BitConcatenate.i9.i8.i1"/></StgValue>
</bind>
</comp>

<comp id="24" class="1001" name="const_24">
<pin_list>
<pin id="25" dir="1" index="0" bw="1" slack="0"/>
</pin_list>
<bind>
<StgValue><ssdm name=""/></StgValue>
</bind>
</comp>

<comp id="26" class="1001" name="const_26">
<pin_list>
<pin id="27" dir="1" index="0" bw="1" slack="0"/>
</pin_list>
<bind>
<StgValue><ssdm name="_ssdm_op_PartSelect.i10.i15.i32.i32"/></StgValue>
</bind>
</comp>

<comp id="28" class="1001" name="const_28">
<pin_list>
<pin id="29" dir="1" index="0" bw="1" slack="0"/>
</pin_list>
<bind>
<StgValue><ssdm name=""/></StgValue>
</bind>
</comp>

<comp id="30" class="1001" name="const_30">
<pin_list>
<pin id="31" dir="1" index="0" bw="1" slack="0"/>
</pin_list>
<bind>
<StgValue><ssdm name=""/></StgValue>
</bind>
</comp>

<comp id="32" class="1001" name="const_32">
<pin_list>
<pin id="33" dir="1" index="0" bw="1" slack="0"/>
</pin_list>
<bind>
<StgValue><ssdm name=""/></StgValue>
</bind>
</comp>

<comp id="34" class="1001" name="const_34">
<pin_list>
<pin id="35" dir="1" index="0" bw="1" slack="0"/>
</pin_list>
<bind>
<StgValue><ssdm name=""/></StgValue>
</bind>
</comp>

<comp id="36" class="1001" name="const_36">
<pin_list>
<pin id="37" dir="1" index="0" bw="1" slack="2147483647"/>
</pin_list>
<bind>
<StgValue><ssdm name="_ssdm_op_SpecPipeline"/></StgValue>
</bind>
</comp>

<comp id="38" class="1001" name="const_38">
<pin_list>
<pin id="39" dir="1" index="0" bw="1" slack="2147483647"/>
</pin_list>
<bind>
<StgValue><ssdm name=""/></StgValue>
</bind>
</comp>

<comp id="40" class="1001" name="const_40">
<pin_list>
<pin id="41" dir="1" index="0" bw="1" slack="2147483647"/>
</pin_list>
<bind>
<StgValue><ssdm name=""/></StgValue>
</bind>
</comp>

<comp id="42" class="1001" name="const_42">
<pin_list>
<pin id="43" dir="1" index="0" bw="1" slack="2147483647"/>
</pin_list>
<bind>
<StgValue><ssdm name="empty_0"/></StgValue>
</bind>
</comp>

<comp id="44" class="1001" name="const_44">
<pin_list>
<pin id="45" dir="1" index="0" bw="1" slack="2147483647"/>
</pin_list>
<bind>
<StgValue><ssdm name="_ssdm_op_SpecResourceLimit"/></StgValue>
</bind>
</comp>

<comp id="46" class="1001" name="const_46">
<pin_list>
<pin id="47" dir="1" index="0" bw="1" slack="2147483647"/>
</pin_list>
<bind>
<StgValue><ssdm name=""/></StgValue>
</bind>
</comp>

<comp id="48" class="1001" name="const_48">
<pin_list>
<pin id="49" dir="1" index="0" bw="1" slack="2147483647"/>
</pin_list>
<bind>
<StgValue><ssdm name="empty_2"/></StgValue>
</bind>
</comp>

<comp id="50" class="1001" name="const_50">
<pin_list>
<pin id="51" dir="1" index="0" bw="1" slack="0"/>
</pin_list>
<bind>
<StgValue><ssdm name="_ssdm_op_BitConcatenate.i16.i14.i2"/></StgValue>
</bind>
</comp>

<comp id="52" class="1001" name="const_52">
<pin_list>
<pin id="53" dir="1" index="0" bw="1" slack="0"/>
</pin_list>
<bind>
<StgValue><ssdm name=""/></StgValue>
</bind>
</comp>

<comp id="54" class="1001" name="const_54">
<pin_list>
<pin id="55" dir="1" index="0" bw="1" slack="0"/>
</pin_list>
<bind>
<StgValue><ssdm name="_ssdm_op_BitConcatenate.i15.i13.i2"/></StgValue>
</bind>
</comp>

<comp id="56" class="1001" name="const_56">
<pin_list>
<pin id="57" dir="1" index="0" bw="1" slack="0"/>
</pin_list>
<bind>
<StgValue><ssdm name=""/></StgValue>
</bind>
</comp>

<comp id="58" class="1004" name="p_read25_read_fu_58">
<pin_list>
<pin id="59" dir="0" index="0" bw="8" slack="0"/>
<pin id="60" dir="0" index="1" bw="8" slack="0"/>
<pin id="61" dir="1" index="2" bw="8" slack="0"/>
</pin_list>
<bind>
<opcode="read(1150) " fcode="read"/>
<opset="p_read25/1 "/>
</bind>
</comp>

<comp id="64" class="1004" name="p_read14_read_fu_64">
<pin_list>
<pin id="65" dir="0" index="0" bw="8" slack="0"/>
<pin id="66" dir="0" index="1" bw="8" slack="0"/>
<pin id="67" dir="1" index="2" bw="8" slack="0"/>
</pin_list>
<bind>
<opcode="read(1150) " fcode="read"/>
<opset="p_read14/1 "/>
</bind>
</comp>

<comp id="70" class="1004" name="p_read_6_read_fu_70">
<pin_list>
<pin id="71" dir="0" index="0" bw="8" slack="0"/>
<pin id="72" dir="0" index="1" bw="8" slack="0"/>
<pin id="73" dir="1" index="2" bw="8" slack="0"/>
</pin_list>
<bind>
<opcode="read(1150) " fcode="read"/>
<opset="p_read_6/1 "/>
</bind>
</comp>

<comp id="83" class="1004" name="mul_ln1171_fu_83">
<pin_list>
<pin id="121" dir="0" index="0" bw="8" slack="0"/>
<pin id="122" dir="0" index="1" bw="8" slack="0"/>
<pin id="123" dir="1" index="2" bw="15" slack="0"/>
</pin_list>
<bind>
<opcode="mul(12) " fcode="mul"/>
<opset="mul_ln1171/1 "/>
</bind>
</comp>

<comp id="129" class="1004" name="r_V_0_fu_129">
<pin_list>
<pin id="130" dir="0" index="0" bw="8" slack="0"/>
<pin id="131" dir="1" index="1" bw="16" slack="0"/>
</pin_list>
<bind>
<opcode="zext(34) " fcode="zext"/>
<opset="r_V_0/1 "/>
</bind>
</comp>

<comp id="133" class="1004" name="shl_ln_fu_133">
<pin_list>
<pin id="134" dir="0" index="0" bw="15" slack="0"/>
<pin id="135" dir="0" index="1" bw="8" slack="0"/>
<pin id="136" dir="0" index="2" bw="1" slack="0"/>
<pin id="137" dir="1" index="3" bw="15" slack="0"/>
</pin_list>
<bind>
<opcode="bitconcatenate(1004) " fcode="bitconcatenate"/>
<opset="shl_ln/1 "/>
</bind>
</comp>

<comp id="141" class="1004" name="zext_ln1171_fu_141">
<pin_list>
<pin id="142" dir="0" index="0" bw="15" slack="0"/>
<pin id="143" dir="1" index="1" bw="16" slack="0"/>
</pin_list>
<bind>
<opcode="zext(34) " fcode="zext"/>
<opset="zext_ln1171/1 "/>
</bind>
</comp>

<comp id="145" class="1004" name="sub_ln1171_fu_145">
<pin_list>
<pin id="146" dir="0" index="0" bw="15" slack="0"/>
<pin id="147" dir="0" index="1" bw="8" slack="0"/>
<pin id="148" dir="1" index="2" bw="16" slack="0"/>
</pin_list>
<bind>
<opcode="sub(10) " fcode="sub"/>
<opset="sub_ln1171/1 "/>
</bind>
</comp>

<comp id="151" class="1004" name="sub_ln1171_7_fu_151">
<pin_list>
<pin id="152" dir="0" index="0" bw="8" slack="0"/>
<pin id="153" dir="0" index="1" bw="15" slack="0"/>
<pin id="154" dir="1" index="2" bw="16" slack="0"/>
</pin_list>
<bind>
<opcode="sub(10) " fcode="sub"/>
<opset="sub_ln1171_7/1 "/>
</bind>
</comp>

<comp id="157" class="1004" name="trunc_ln_fu_157">
<pin_list>
<pin id="158" dir="0" index="0" bw="11" slack="0"/>
<pin id="159" dir="0" index="1" bw="16" slack="0"/>
<pin id="160" dir="0" index="2" bw="4" slack="0"/>
<pin id="161" dir="0" index="3" bw="5" slack="0"/>
<pin id="162" dir="1" index="4" bw="11" slack="1"/>
</pin_list>
<bind>
<opcode="partselect(1002) " fcode="partselect"/>
<opset="trunc_ln/1 "/>
</bind>
</comp>

<comp id="167" class="1004" name="sub_ln1171_1_fu_167">
<pin_list>
<pin id="168" dir="0" index="0" bw="1" slack="0"/>
<pin id="169" dir="0" index="1" bw="15" slack="0"/>
<pin id="170" dir="1" index="2" bw="16" slack="0"/>
</pin_list>
<bind>
<opcode="sub(10) " fcode="sub"/>
<opset="sub_ln1171_1/1 "/>
</bind>
</comp>

<comp id="173" class="1004" name="trunc_ln717_5_fu_173">
<pin_list>
<pin id="174" dir="0" index="0" bw="11" slack="0"/>
<pin id="175" dir="0" index="1" bw="16" slack="0"/>
<pin id="176" dir="0" index="2" bw="4" slack="0"/>
<pin id="177" dir="0" index="3" bw="5" slack="0"/>
<pin id="178" dir="1" index="4" bw="11" slack="1"/>
</pin_list>
<bind>
<opcode="partselect(1002) " fcode="partselect"/>
<opset="trunc_ln717_5/1 "/>
</bind>
</comp>

<comp id="183" class="1004" name="r_V_1_fu_183">
<pin_list>
<pin id="184" dir="0" index="0" bw="8" slack="0"/>
<pin id="185" dir="1" index="1" bw="16" slack="0"/>
</pin_list>
<bind>
<opcode="zext(34) " fcode="zext"/>
<opset="r_V_1/1 "/>
</bind>
</comp>

<comp id="187" class="1004" name="zext_ln1171_1_fu_187">
<pin_list>
<pin id="188" dir="0" index="0" bw="8" slack="0"/>
<pin id="189" dir="1" index="1" bw="15" slack="0"/>
</pin_list>
<bind>
<opcode="zext(34) " fcode="zext"/>
<opset="zext_ln1171_1/1 "/>
</bind>
</comp>

<comp id="192" class="1004" name="shl_ln1171_1_fu_192">
<pin_list>
<pin id="193" dir="0" index="0" bw="15" slack="0"/>
<pin id="194" dir="0" index="1" bw="8" slack="0"/>
<pin id="195" dir="0" index="2" bw="1" slack="0"/>
<pin id="196" dir="1" index="3" bw="15" slack="0"/>
</pin_list>
<bind>
<opcode="bitconcatenate(1004) " fcode="bitconcatenate"/>
<opset="shl_ln1171_1/1 "/>
</bind>
</comp>

<comp id="200" class="1004" name="zext_ln1171_2_fu_200">
<pin_list>
<pin id="201" dir="0" index="0" bw="15" slack="0"/>
<pin id="202" dir="1" index="1" bw="16" slack="0"/>
</pin_list>
<bind>
<opcode="zext(34) " fcode="zext"/>
<opset="zext_ln1171_2/1 "/>
</bind>
</comp>

<comp id="204" class="1004" name="sub_ln1171_2_fu_204">
<pin_list>
<pin id="205" dir="0" index="0" bw="1" slack="0"/>
<pin id="206" dir="0" index="1" bw="15" slack="0"/>
<pin id="207" dir="1" index="2" bw="16" slack="0"/>
</pin_list>
<bind>
<opcode="sub(10) " fcode="sub"/>
<opset="sub_ln1171_2/1 "/>
</bind>
</comp>

<comp id="210" class="1004" name="trunc_ln717_6_fu_210">
<pin_list>
<pin id="211" dir="0" index="0" bw="11" slack="0"/>
<pin id="212" dir="0" index="1" bw="16" slack="0"/>
<pin id="213" dir="0" index="2" bw="4" slack="0"/>
<pin id="214" dir="0" index="3" bw="5" slack="0"/>
<pin id="215" dir="1" index="4" bw="11" slack="1"/>
</pin_list>
<bind>
<opcode="partselect(1002) " fcode="partselect"/>
<opset="trunc_ln717_6/1 "/>
</bind>
</comp>

<comp id="220" class="1004" name="sub_ln1171_3_fu_220">
<pin_list>
<pin id="221" dir="0" index="0" bw="15" slack="0"/>
<pin id="222" dir="0" index="1" bw="8" slack="0"/>
<pin id="223" dir="1" index="2" bw="16" slack="0"/>
</pin_list>
<bind>
<opcode="sub(10) " fcode="sub"/>
<opset="sub_ln1171_3/1 "/>
</bind>
</comp>

<comp id="226" class="1004" name="r_V_2_fu_226">
<pin_list>
<pin id="227" dir="0" index="0" bw="8" slack="0"/>
<pin id="228" dir="1" index="1" bw="16" slack="0"/>
</pin_list>
<bind>
<opcode="zext(34) " fcode="zext"/>
<opset="r_V_2/1 "/>
</bind>
</comp>

<comp id="230" class="1004" name="shl_ln1171_2_fu_230">
<pin_list>
<pin id="231" dir="0" index="0" bw="15" slack="0"/>
<pin id="232" dir="0" index="1" bw="8" slack="0"/>
<pin id="233" dir="0" index="2" bw="1" slack="0"/>
<pin id="234" dir="1" index="3" bw="15" slack="0"/>
</pin_list>
<bind>
<opcode="bitconcatenate(1004) " fcode="bitconcatenate"/>
<opset="shl_ln1171_2/1 "/>
</bind>
</comp>

<comp id="238" class="1004" name="zext_ln1171_3_fu_238">
<pin_list>
<pin id="239" dir="0" index="0" bw="15" slack="0"/>
<pin id="240" dir="1" index="1" bw="16" slack="0"/>
</pin_list>
<bind>
<opcode="zext(34) " fcode="zext"/>
<opset="zext_ln1171_3/1 "/>
</bind>
</comp>

<comp id="242" class="1004" name="shl_ln1171_3_fu_242">
<pin_list>
<pin id="243" dir="0" index="0" bw="9" slack="0"/>
<pin id="244" dir="0" index="1" bw="8" slack="0"/>
<pin id="245" dir="0" index="2" bw="1" slack="0"/>
<pin id="246" dir="1" index="3" bw="9" slack="0"/>
</pin_list>
<bind>
<opcode="bitconcatenate(1004) " fcode="bitconcatenate"/>
<opset="shl_ln1171_3/1 "/>
</bind>
</comp>

<comp id="250" class="1004" name="zext_ln1171_4_fu_250">
<pin_list>
<pin id="251" dir="0" index="0" bw="9" slack="0"/>
<pin id="252" dir="1" index="1" bw="16" slack="0"/>
</pin_list>
<bind>
<opcode="zext(34) " fcode="zext"/>
<opset="zext_ln1171_4/1 "/>
</bind>
</comp>

<comp id="254" class="1004" name="sub_ln1171_4_fu_254">
<pin_list>
<pin id="255" dir="0" index="0" bw="9" slack="0"/>
<pin id="256" dir="0" index="1" bw="15" slack="0"/>
<pin id="257" dir="1" index="2" bw="16" slack="0"/>
</pin_list>
<bind>
<opcode="sub(10) " fcode="sub"/>
<opset="sub_ln1171_4/1 "/>
</bind>
</comp>

<comp id="260" class="1004" name="trunc_ln717_7_fu_260">
<pin_list>
<pin id="261" dir="0" index="0" bw="11" slack="0"/>
<pin id="262" dir="0" index="1" bw="16" slack="0"/>
<pin id="263" dir="0" index="2" bw="4" slack="0"/>
<pin id="264" dir="0" index="3" bw="5" slack="0"/>
<pin id="265" dir="1" index="4" bw="11" slack="1"/>
</pin_list>
<bind>
<opcode="partselect(1002) " fcode="partselect"/>
<opset="trunc_ln717_7/1 "/>
</bind>
</comp>

<comp id="270" class="1004" name="sub_ln1171_5_fu_270">
<pin_list>
<pin id="271" dir="0" index="0" bw="1" slack="0"/>
<pin id="272" dir="0" index="1" bw="15" slack="0"/>
<pin id="273" dir="1" index="2" bw="16" slack="0"/>
</pin_list>
<bind>
<opcode="sub(10) " fcode="sub"/>
<opset="sub_ln1171_5/1 "/>
</bind>
</comp>

<comp id="276" class="1004" name="trunc_ln717_8_fu_276">
<pin_list>
<pin id="277" dir="0" index="0" bw="11" slack="0"/>
<pin id="278" dir="0" index="1" bw="16" slack="0"/>
<pin id="279" dir="0" index="2" bw="4" slack="0"/>
<pin id="280" dir="0" index="3" bw="5" slack="0"/>
<pin id="281" dir="1" index="4" bw="11" slack="1"/>
</pin_list>
<bind>
<opcode="partselect(1002) " fcode="partselect"/>
<opset="trunc_ln717_8/1 "/>
</bind>
</comp>

<comp id="286" class="1004" name="sub_ln1171_6_fu_286">
<pin_list>
<pin id="287" dir="0" index="0" bw="15" slack="0"/>
<pin id="288" dir="0" index="1" bw="8" slack="0"/>
<pin id="289" dir="1" index="2" bw="16" slack="0"/>
</pin_list>
<bind>
<opcode="sub(10) " fcode="sub"/>
<opset="sub_ln1171_6/1 "/>
</bind>
</comp>

<comp id="292" class="1004" name="trunc_ln3_fu_292">
<pin_list>
<pin id="293" dir="0" index="0" bw="11" slack="0"/>
<pin id="294" dir="0" index="1" bw="16" slack="0"/>
<pin id="295" dir="0" index="2" bw="4" slack="0"/>
<pin id="296" dir="0" index="3" bw="5" slack="0"/>
<pin id="297" dir="1" index="4" bw="11" slack="1"/>
</pin_list>
<bind>
<opcode="partselect(1002) " fcode="partselect"/>
<opset="trunc_ln3/1 "/>
</bind>
</comp>

<comp id="302" class="1004" name="trunc_ln712_1_fu_302">
<pin_list>
<pin id="303" dir="0" index="0" bw="11" slack="0"/>
<pin id="304" dir="0" index="1" bw="16" slack="0"/>
<pin id="305" dir="0" index="2" bw="4" slack="0"/>
<pin id="306" dir="0" index="3" bw="5" slack="0"/>
<pin id="307" dir="1" index="4" bw="11" slack="1"/>
</pin_list>
<bind>
<opcode="partselect(1002) " fcode="partselect"/>
<opset="trunc_ln712_1/1 "/>
</bind>
</comp>

<comp id="312" class="1004" name="trunc_ln712_2_fu_312">
<pin_list>
<pin id="313" dir="0" index="0" bw="10" slack="0"/>
<pin id="314" dir="0" index="1" bw="15" slack="0"/>
<pin id="315" dir="0" index="2" bw="4" slack="0"/>
<pin id="316" dir="0" index="3" bw="5" slack="0"/>
<pin id="317" dir="1" index="4" bw="10" slack="1"/>
</pin_list>
<bind>
<opcode="partselect(1002) " fcode="partselect"/>
<opset="trunc_ln712_2/1 "/>
</bind>
</comp>

<comp id="322" class="1004" name="trunc_ln4_fu_322">
<pin_list>
<pin id="323" dir="0" index="0" bw="11" slack="0"/>
<pin id="324" dir="0" index="1" bw="16" slack="0"/>
<pin id="325" dir="0" index="2" bw="4" slack="0"/>
<pin id="326" dir="0" index="3" bw="5" slack="0"/>
<pin id="327" dir="1" index="4" bw="11" slack="1"/>
</pin_list>
<bind>
<opcode="partselect(1002) " fcode="partselect"/>
<opset="trunc_ln4/1 "/>
</bind>
</comp>

<comp id="332" class="1004" name="zext_ln712_fu_332">
<pin_list>
<pin id="333" dir="0" index="0" bw="11" slack="1"/>
<pin id="334" dir="1" index="1" bw="12" slack="0"/>
</pin_list>
<bind>
<opcode="zext(34) " fcode="zext"/>
<opset="zext_ln712/2 "/>
</bind>
</comp>

<comp id="335" class="1004" name="sext_ln712_fu_335">
<pin_list>
<pin id="336" dir="0" index="0" bw="11" slack="1"/>
<pin id="337" dir="1" index="1" bw="12" slack="0"/>
</pin_list>
<bind>
<opcode="sext(35) " fcode="sext"/>
<opset="sext_ln712/2 "/>
</bind>
</comp>

<comp id="338" class="1004" name="sext_ln712_1_fu_338">
<pin_list>
<pin id="339" dir="0" index="0" bw="11" slack="1"/>
<pin id="340" dir="1" index="1" bw="12" slack="0"/>
</pin_list>
<bind>
<opcode="sext(35) " fcode="sext"/>
<opset="sext_ln712_1/2 "/>
</bind>
</comp>

<comp id="341" class="1004" name="sext_ln712_2_fu_341">
<pin_list>
<pin id="342" dir="0" index="0" bw="11" slack="1"/>
<pin id="343" dir="1" index="1" bw="12" slack="0"/>
</pin_list>
<bind>
<opcode="sext(35) " fcode="sext"/>
<opset="sext_ln712_2/2 "/>
</bind>
</comp>

<comp id="344" class="1004" name="zext_ln712_1_fu_344">
<pin_list>
<pin id="345" dir="0" index="0" bw="11" slack="1"/>
<pin id="346" dir="1" index="1" bw="12" slack="0"/>
</pin_list>
<bind>
<opcode="zext(34) " fcode="zext"/>
<opset="zext_ln712_1/2 "/>
</bind>
</comp>

<comp id="347" class="1004" name="zext_ln712_2_fu_347">
<pin_list>
<pin id="348" dir="0" index="0" bw="10" slack="1"/>
<pin id="349" dir="1" index="1" bw="12" slack="0"/>
</pin_list>
<bind>
<opcode="zext(34) " fcode="zext"/>
<opset="zext_ln712_2/2 "/>
</bind>
</comp>

<comp id="350" class="1004" name="sext_ln712_3_fu_350">
<pin_list>
<pin id="351" dir="0" index="0" bw="11" slack="1"/>
<pin id="352" dir="1" index="1" bw="12" slack="0"/>
</pin_list>
<bind>
<opcode="sext(35) " fcode="sext"/>
<opset="sext_ln712_3/2 "/>
</bind>
</comp>

<comp id="353" class="1004" name="sext_ln712_4_fu_353">
<pin_list>
<pin id="354" dir="0" index="0" bw="11" slack="1"/>
<pin id="355" dir="1" index="1" bw="12" slack="0"/>
</pin_list>
<bind>
<opcode="sext(35) " fcode="sext"/>
<opset="sext_ln712_4/2 "/>
</bind>
</comp>

<comp id="356" class="1004" name="zext_ln740_fu_356">
<pin_list>
<pin id="357" dir="0" index="0" bw="11" slack="1"/>
<pin id="358" dir="1" index="1" bw="12" slack="0"/>
</pin_list>
<bind>
<opcode="zext(34) " fcode="zext"/>
<opset="zext_ln740/2 "/>
</bind>
</comp>

<comp id="359" class="1004" name="add_ln740_3_fu_359">
<pin_list>
<pin id="360" dir="0" index="0" bw="11" slack="0"/>
<pin id="361" dir="0" index="1" bw="11" slack="0"/>
<pin id="362" dir="1" index="2" bw="12" slack="1"/>
</pin_list>
<bind>
<opcode="add(8) " fcode="add"/>
<opset="add_ln740_3/2 "/>
</bind>
</comp>

<comp id="365" class="1004" name="add_ln740_4_fu_365">
<pin_list>
<pin id="366" dir="0" index="0" bw="11" slack="0"/>
<pin id="367" dir="0" index="1" bw="11" slack="0"/>
<pin id="368" dir="1" index="2" bw="12" slack="1"/>
</pin_list>
<bind>
<opcode="add(8) " fcode="add"/>
<opset="add_ln740_4/2 "/>
</bind>
</comp>

<comp id="371" class="1004" name="add_ln740_5_fu_371">
<pin_list>
<pin id="372" dir="0" index="0" bw="11" slack="0"/>
<pin id="373" dir="0" index="1" bw="11" slack="0"/>
<pin id="374" dir="1" index="2" bw="12" slack="1"/>
</pin_list>
<bind>
<opcode="add(8) " fcode="add"/>
<opset="add_ln740_5/2 "/>
</bind>
</comp>

<comp id="377" class="1004" name="add_ln740_6_fu_377">
<pin_list>
<pin id="378" dir="0" index="0" bw="11" slack="0"/>
<pin id="379" dir="0" index="1" bw="10" slack="0"/>
<pin id="380" dir="1" index="2" bw="12" slack="1"/>
</pin_list>
<bind>
<opcode="add(8) " fcode="add"/>
<opset="add_ln740_6/2 "/>
</bind>
</comp>

<comp id="383" class="1004" name="add_ln740_7_fu_383">
<pin_list>
<pin id="384" dir="0" index="0" bw="11" slack="0"/>
<pin id="385" dir="0" index="1" bw="11" slack="0"/>
<pin id="386" dir="1" index="2" bw="12" slack="1"/>
</pin_list>
<bind>
<opcode="add(8) " fcode="add"/>
<opset="add_ln740_7/2 "/>
</bind>
</comp>

<comp id="389" class="1004" name="add_ln740_8_fu_389">
<pin_list>
<pin id="390" dir="0" index="0" bw="10" slack="0"/>
<pin id="391" dir="0" index="1" bw="11" slack="0"/>
<pin id="392" dir="1" index="2" bw="12" slack="1"/>
</pin_list>
<bind>
<opcode="add(8) " fcode="add"/>
<opset="add_ln740_8/2 "/>
</bind>
</comp>

<comp id="395" class="1004" name="sext_ln740_fu_395">
<pin_list>
<pin id="396" dir="0" index="0" bw="12" slack="1"/>
<pin id="397" dir="1" index="1" bw="14" slack="0"/>
</pin_list>
<bind>
<opcode="sext(35) " fcode="sext"/>
<opset="sext_ln740/3 "/>
</bind>
</comp>

<comp id="398" class="1004" name="zext_ln740_1_fu_398">
<pin_list>
<pin id="399" dir="0" index="0" bw="12" slack="1"/>
<pin id="400" dir="1" index="1" bw="14" slack="0"/>
</pin_list>
<bind>
<opcode="zext(34) " fcode="zext"/>
<opset="zext_ln740_1/3 "/>
</bind>
</comp>

<comp id="401" class="1004" name="add_ln740_fu_401">
<pin_list>
<pin id="402" dir="0" index="0" bw="12" slack="0"/>
<pin id="403" dir="0" index="1" bw="12" slack="0"/>
<pin id="404" dir="1" index="2" bw="14" slack="0"/>
</pin_list>
<bind>
<opcode="add(8) " fcode="add"/>
<opset="add_ln740/3 "/>
</bind>
</comp>

<comp id="407" class="1004" name="shl_ln1_fu_407">
<pin_list>
<pin id="408" dir="0" index="0" bw="16" slack="0"/>
<pin id="409" dir="0" index="1" bw="14" slack="0"/>
<pin id="410" dir="0" index="2" bw="1" slack="0"/>
<pin id="411" dir="1" index="3" bw="16" slack="0"/>
</pin_list>
<bind>
<opcode="bitconcatenate(1004) " fcode="bitconcatenate"/>
<opset="shl_ln1/3 "/>
</bind>
</comp>

<comp id="415" class="1004" name="sext_ln740_1_fu_415">
<pin_list>
<pin id="416" dir="0" index="0" bw="12" slack="1"/>
<pin id="417" dir="1" index="1" bw="13" slack="0"/>
</pin_list>
<bind>
<opcode="sext(35) " fcode="sext"/>
<opset="sext_ln740_1/3 "/>
</bind>
</comp>

<comp id="418" class="1004" name="sext_ln740_2_fu_418">
<pin_list>
<pin id="419" dir="0" index="0" bw="12" slack="1"/>
<pin id="420" dir="1" index="1" bw="13" slack="0"/>
</pin_list>
<bind>
<opcode="sext(35) " fcode="sext"/>
<opset="sext_ln740_2/3 "/>
</bind>
</comp>

<comp id="421" class="1004" name="add_ln740_1_fu_421">
<pin_list>
<pin id="422" dir="0" index="0" bw="12" slack="0"/>
<pin id="423" dir="0" index="1" bw="12" slack="0"/>
<pin id="424" dir="1" index="2" bw="13" slack="0"/>
</pin_list>
<bind>
<opcode="add(8) " fcode="add"/>
<opset="add_ln740_1/3 "/>
</bind>
</comp>

<comp id="427" class="1004" name="tmp_1_fu_427">
<pin_list>
<pin id="428" dir="0" index="0" bw="15" slack="0"/>
<pin id="429" dir="0" index="1" bw="13" slack="0"/>
<pin id="430" dir="0" index="2" bw="1" slack="0"/>
<pin id="431" dir="1" index="3" bw="15" slack="0"/>
</pin_list>
<bind>
<opcode="bitconcatenate(1004) " fcode="bitconcatenate"/>
<opset="tmp_1/3 "/>
</bind>
</comp>

<comp id="435" class="1004" name="sext_ln740_3_fu_435">
<pin_list>
<pin id="436" dir="0" index="0" bw="15" slack="0"/>
<pin id="437" dir="1" index="1" bw="16" slack="0"/>
</pin_list>
<bind>
<opcode="sext(35) " fcode="sext"/>
<opset="sext_ln740_3/3 "/>
</bind>
</comp>

<comp id="439" class="1004" name="sext_ln740_4_fu_439">
<pin_list>
<pin id="440" dir="0" index="0" bw="12" slack="1"/>
<pin id="441" dir="1" index="1" bw="13" slack="0"/>
</pin_list>
<bind>
<opcode="sext(35) " fcode="sext"/>
<opset="sext_ln740_4/3 "/>
</bind>
</comp>

<comp id="442" class="1004" name="zext_ln740_2_fu_442">
<pin_list>
<pin id="443" dir="0" index="0" bw="12" slack="1"/>
<pin id="444" dir="1" index="1" bw="13" slack="0"/>
</pin_list>
<bind>
<opcode="zext(34) " fcode="zext"/>
<opset="zext_ln740_2/3 "/>
</bind>
</comp>

<comp id="445" class="1004" name="add_ln740_2_fu_445">
<pin_list>
<pin id="446" dir="0" index="0" bw="12" slack="0"/>
<pin id="447" dir="0" index="1" bw="12" slack="0"/>
<pin id="448" dir="1" index="2" bw="13" slack="0"/>
</pin_list>
<bind>
<opcode="add(8) " fcode="add"/>
<opset="add_ln740_2/3 "/>
</bind>
</comp>

<comp id="451" class="1004" name="tmp_2_fu_451">
<pin_list>
<pin id="452" dir="0" index="0" bw="15" slack="0"/>
<pin id="453" dir="0" index="1" bw="13" slack="0"/>
<pin id="454" dir="0" index="2" bw="1" slack="0"/>
<pin id="455" dir="1" index="3" bw="15" slack="0"/>
</pin_list>
<bind>
<opcode="bitconcatenate(1004) " fcode="bitconcatenate"/>
<opset="tmp_2/3 "/>
</bind>
</comp>

<comp id="459" class="1004" name="sext_ln740_5_fu_459">
<pin_list>
<pin id="460" dir="0" index="0" bw="15" slack="0"/>
<pin id="461" dir="1" index="1" bw="16" slack="0"/>
</pin_list>
<bind>
<opcode="sext(35) " fcode="sext"/>
<opset="sext_ln740_5/3 "/>
</bind>
</comp>

<comp id="463" class="1004" name="mrv_fu_463">
<pin_list>
<pin id="464" dir="0" index="0" bw="48" slack="0"/>
<pin id="465" dir="0" index="1" bw="16" slack="0"/>
<pin id="466" dir="1" index="2" bw="48" slack="0"/>
</pin_list>
<bind>
<opcode="insertvalue(57) " fcode="insertvalue"/>
<opset="mrv/3 "/>
</bind>
</comp>

<comp id="469" class="1004" name="mrv_1_fu_469">
<pin_list>
<pin id="470" dir="0" index="0" bw="48" slack="0"/>
<pin id="471" dir="0" index="1" bw="15" slack="0"/>
<pin id="472" dir="1" index="2" bw="48" slack="0"/>
</pin_list>
<bind>
<opcode="insertvalue(57) " fcode="insertvalue"/>
<opset="mrv_1/3 "/>
</bind>
</comp>

<comp id="475" class="1004" name="mrv_2_fu_475">
<pin_list>
<pin id="476" dir="0" index="0" bw="48" slack="0"/>
<pin id="477" dir="0" index="1" bw="15" slack="0"/>
<pin id="478" dir="1" index="2" bw="48" slack="2147483647"/>
</pin_list>
<bind>
<opcode="insertvalue(57) " fcode="insertvalue"/>
<opset="mrv_2/3 "/>
</bind>
</comp>

<comp id="481" class="1005" name="trunc_ln_reg_481">
<pin_list>
<pin id="482" dir="0" index="0" bw="11" slack="1"/>
<pin id="483" dir="1" index="1" bw="11" slack="1"/>
</pin_list>
<bind>
<opset="trunc_ln "/>
</bind>
</comp>

<comp id="486" class="1005" name="trunc_ln717_5_reg_486">
<pin_list>
<pin id="487" dir="0" index="0" bw="11" slack="1"/>
<pin id="488" dir="1" index="1" bw="11" slack="1"/>
</pin_list>
<bind>
<opset="trunc_ln717_5 "/>
</bind>
</comp>

<comp id="491" class="1005" name="trunc_ln717_6_reg_491">
<pin_list>
<pin id="492" dir="0" index="0" bw="11" slack="1"/>
<pin id="493" dir="1" index="1" bw="11" slack="1"/>
</pin_list>
<bind>
<opset="trunc_ln717_6 "/>
</bind>
</comp>

<comp id="496" class="1005" name="trunc_ln717_7_reg_496">
<pin_list>
<pin id="497" dir="0" index="0" bw="11" slack="1"/>
<pin id="498" dir="1" index="1" bw="11" slack="1"/>
</pin_list>
<bind>
<opset="trunc_ln717_7 "/>
</bind>
</comp>

<comp id="501" class="1005" name="trunc_ln717_8_reg_501">
<pin_list>
<pin id="502" dir="0" index="0" bw="11" slack="1"/>
<pin id="503" dir="1" index="1" bw="11" slack="1"/>
</pin_list>
<bind>
<opset="trunc_ln717_8 "/>
</bind>
</comp>

<comp id="506" class="1005" name="trunc_ln3_reg_506">
<pin_list>
<pin id="507" dir="0" index="0" bw="11" slack="1"/>
<pin id="508" dir="1" index="1" bw="11" slack="1"/>
</pin_list>
<bind>
<opset="trunc_ln3 "/>
</bind>
</comp>

<comp id="511" class="1005" name="trunc_ln712_1_reg_511">
<pin_list>
<pin id="512" dir="0" index="0" bw="11" slack="1"/>
<pin id="513" dir="1" index="1" bw="11" slack="1"/>
</pin_list>
<bind>
<opset="trunc_ln712_1 "/>
</bind>
</comp>

<comp id="516" class="1005" name="trunc_ln712_2_reg_516">
<pin_list>
<pin id="517" dir="0" index="0" bw="10" slack="1"/>
<pin id="518" dir="1" index="1" bw="10" slack="1"/>
</pin_list>
<bind>
<opset="trunc_ln712_2 "/>
</bind>
</comp>

<comp id="521" class="1005" name="trunc_ln4_reg_521">
<pin_list>
<pin id="522" dir="0" index="0" bw="11" slack="1"/>
<pin id="523" dir="1" index="1" bw="11" slack="1"/>
</pin_list>
<bind>
<opset="trunc_ln4 "/>
</bind>
</comp>

<comp id="526" class="1005" name="add_ln740_3_reg_526">
<pin_list>
<pin id="527" dir="0" index="0" bw="12" slack="1"/>
<pin id="528" dir="1" index="1" bw="12" slack="1"/>
</pin_list>
<bind>
<opset="add_ln740_3 "/>
</bind>
</comp>

<comp id="531" class="1005" name="add_ln740_4_reg_531">
<pin_list>
<pin id="532" dir="0" index="0" bw="12" slack="1"/>
<pin id="533" dir="1" index="1" bw="12" slack="1"/>
</pin_list>
<bind>
<opset="add_ln740_4 "/>
</bind>
</comp>

<comp id="536" class="1005" name="add_ln740_5_reg_536">
<pin_list>
<pin id="537" dir="0" index="0" bw="12" slack="1"/>
<pin id="538" dir="1" index="1" bw="12" slack="1"/>
</pin_list>
<bind>
<opset="add_ln740_5 "/>
</bind>
</comp>

<comp id="541" class="1005" name="add_ln740_6_reg_541">
<pin_list>
<pin id="542" dir="0" index="0" bw="12" slack="1"/>
<pin id="543" dir="1" index="1" bw="12" slack="1"/>
</pin_list>
<bind>
<opset="add_ln740_6 "/>
</bind>
</comp>

<comp id="546" class="1005" name="add_ln740_7_reg_546">
<pin_list>
<pin id="547" dir="0" index="0" bw="12" slack="1"/>
<pin id="548" dir="1" index="1" bw="12" slack="1"/>
</pin_list>
<bind>
<opset="add_ln740_7 "/>
</bind>
</comp>

<comp id="551" class="1005" name="add_ln740_8_reg_551">
<pin_list>
<pin id="552" dir="0" index="0" bw="12" slack="1"/>
<pin id="553" dir="1" index="1" bw="12" slack="1"/>
</pin_list>
<bind>
<opset="add_ln740_8 "/>
</bind>
</comp>

</comp_list>

<net_list>
<net id="62"><net_src comp="6" pin="0"/><net_sink comp="58" pin=0"/></net>

<net id="63"><net_src comp="4" pin="0"/><net_sink comp="58" pin=1"/></net>

<net id="68"><net_src comp="6" pin="0"/><net_sink comp="64" pin=0"/></net>

<net id="69"><net_src comp="2" pin="0"/><net_sink comp="64" pin=1"/></net>

<net id="74"><net_src comp="6" pin="0"/><net_sink comp="70" pin=0"/></net>

<net id="75"><net_src comp="0" pin="0"/><net_sink comp="70" pin=1"/></net>

<net id="124"><net_src comp="20" pin="0"/><net_sink comp="83" pin=1"/></net>

<net id="132"><net_src comp="70" pin="2"/><net_sink comp="129" pin=0"/></net>

<net id="138"><net_src comp="8" pin="0"/><net_sink comp="133" pin=0"/></net>

<net id="139"><net_src comp="70" pin="2"/><net_sink comp="133" pin=1"/></net>

<net id="140"><net_src comp="10" pin="0"/><net_sink comp="133" pin=2"/></net>

<net id="144"><net_src comp="133" pin="3"/><net_sink comp="141" pin=0"/></net>

<net id="149"><net_src comp="141" pin="1"/><net_sink comp="145" pin=0"/></net>

<net id="150"><net_src comp="129" pin="1"/><net_sink comp="145" pin=1"/></net>

<net id="155"><net_src comp="129" pin="1"/><net_sink comp="151" pin=0"/></net>

<net id="156"><net_src comp="141" pin="1"/><net_sink comp="151" pin=1"/></net>

<net id="163"><net_src comp="12" pin="0"/><net_sink comp="157" pin=0"/></net>

<net id="164"><net_src comp="151" pin="2"/><net_sink comp="157" pin=1"/></net>

<net id="165"><net_src comp="14" pin="0"/><net_sink comp="157" pin=2"/></net>

<net id="166"><net_src comp="16" pin="0"/><net_sink comp="157" pin=3"/></net>

<net id="171"><net_src comp="18" pin="0"/><net_sink comp="167" pin=0"/></net>

<net id="172"><net_src comp="141" pin="1"/><net_sink comp="167" pin=1"/></net>

<net id="179"><net_src comp="12" pin="0"/><net_sink comp="173" pin=0"/></net>

<net id="180"><net_src comp="167" pin="2"/><net_sink comp="173" pin=1"/></net>

<net id="181"><net_src comp="14" pin="0"/><net_sink comp="173" pin=2"/></net>

<net id="182"><net_src comp="16" pin="0"/><net_sink comp="173" pin=3"/></net>

<net id="186"><net_src comp="64" pin="2"/><net_sink comp="183" pin=0"/></net>

<net id="190"><net_src comp="64" pin="2"/><net_sink comp="187" pin=0"/></net>

<net id="191"><net_src comp="187" pin="1"/><net_sink comp="83" pin=0"/></net>

<net id="197"><net_src comp="8" pin="0"/><net_sink comp="192" pin=0"/></net>

<net id="198"><net_src comp="64" pin="2"/><net_sink comp="192" pin=1"/></net>

<net id="199"><net_src comp="10" pin="0"/><net_sink comp="192" pin=2"/></net>

<net id="203"><net_src comp="192" pin="3"/><net_sink comp="200" pin=0"/></net>

<net id="208"><net_src comp="18" pin="0"/><net_sink comp="204" pin=0"/></net>

<net id="209"><net_src comp="200" pin="1"/><net_sink comp="204" pin=1"/></net>

<net id="216"><net_src comp="12" pin="0"/><net_sink comp="210" pin=0"/></net>

<net id="217"><net_src comp="204" pin="2"/><net_sink comp="210" pin=1"/></net>

<net id="218"><net_src comp="14" pin="0"/><net_sink comp="210" pin=2"/></net>

<net id="219"><net_src comp="16" pin="0"/><net_sink comp="210" pin=3"/></net>

<net id="224"><net_src comp="200" pin="1"/><net_sink comp="220" pin=0"/></net>

<net id="225"><net_src comp="183" pin="1"/><net_sink comp="220" pin=1"/></net>

<net id="229"><net_src comp="58" pin="2"/><net_sink comp="226" pin=0"/></net>

<net id="235"><net_src comp="8" pin="0"/><net_sink comp="230" pin=0"/></net>

<net id="236"><net_src comp="58" pin="2"/><net_sink comp="230" pin=1"/></net>

<net id="237"><net_src comp="10" pin="0"/><net_sink comp="230" pin=2"/></net>

<net id="241"><net_src comp="230" pin="3"/><net_sink comp="238" pin=0"/></net>

<net id="247"><net_src comp="22" pin="0"/><net_sink comp="242" pin=0"/></net>

<net id="248"><net_src comp="58" pin="2"/><net_sink comp="242" pin=1"/></net>

<net id="249"><net_src comp="24" pin="0"/><net_sink comp="242" pin=2"/></net>

<net id="253"><net_src comp="242" pin="3"/><net_sink comp="250" pin=0"/></net>

<net id="258"><net_src comp="250" pin="1"/><net_sink comp="254" pin=0"/></net>

<net id="259"><net_src comp="238" pin="1"/><net_sink comp="254" pin=1"/></net>

<net id="266"><net_src comp="12" pin="0"/><net_sink comp="260" pin=0"/></net>

<net id="267"><net_src comp="254" pin="2"/><net_sink comp="260" pin=1"/></net>

<net id="268"><net_src comp="14" pin="0"/><net_sink comp="260" pin=2"/></net>

<net id="269"><net_src comp="16" pin="0"/><net_sink comp="260" pin=3"/></net>

<net id="274"><net_src comp="18" pin="0"/><net_sink comp="270" pin=0"/></net>

<net id="275"><net_src comp="238" pin="1"/><net_sink comp="270" pin=1"/></net>

<net id="282"><net_src comp="12" pin="0"/><net_sink comp="276" pin=0"/></net>

<net id="283"><net_src comp="270" pin="2"/><net_sink comp="276" pin=1"/></net>

<net id="284"><net_src comp="14" pin="0"/><net_sink comp="276" pin=2"/></net>

<net id="285"><net_src comp="16" pin="0"/><net_sink comp="276" pin=3"/></net>

<net id="290"><net_src comp="238" pin="1"/><net_sink comp="286" pin=0"/></net>

<net id="291"><net_src comp="226" pin="1"/><net_sink comp="286" pin=1"/></net>

<net id="298"><net_src comp="12" pin="0"/><net_sink comp="292" pin=0"/></net>

<net id="299"><net_src comp="145" pin="2"/><net_sink comp="292" pin=1"/></net>

<net id="300"><net_src comp="14" pin="0"/><net_sink comp="292" pin=2"/></net>

<net id="301"><net_src comp="16" pin="0"/><net_sink comp="292" pin=3"/></net>

<net id="308"><net_src comp="12" pin="0"/><net_sink comp="302" pin=0"/></net>

<net id="309"><net_src comp="220" pin="2"/><net_sink comp="302" pin=1"/></net>

<net id="310"><net_src comp="14" pin="0"/><net_sink comp="302" pin=2"/></net>

<net id="311"><net_src comp="16" pin="0"/><net_sink comp="302" pin=3"/></net>

<net id="318"><net_src comp="26" pin="0"/><net_sink comp="312" pin=0"/></net>

<net id="319"><net_src comp="83" pin="2"/><net_sink comp="312" pin=1"/></net>

<net id="320"><net_src comp="14" pin="0"/><net_sink comp="312" pin=2"/></net>

<net id="321"><net_src comp="28" pin="0"/><net_sink comp="312" pin=3"/></net>

<net id="328"><net_src comp="12" pin="0"/><net_sink comp="322" pin=0"/></net>

<net id="329"><net_src comp="286" pin="2"/><net_sink comp="322" pin=1"/></net>

<net id="330"><net_src comp="14" pin="0"/><net_sink comp="322" pin=2"/></net>

<net id="331"><net_src comp="16" pin="0"/><net_sink comp="322" pin=3"/></net>

<net id="363"><net_src comp="341" pin="1"/><net_sink comp="359" pin=0"/></net>

<net id="364"><net_src comp="350" pin="1"/><net_sink comp="359" pin=1"/></net>

<net id="369"><net_src comp="332" pin="1"/><net_sink comp="365" pin=0"/></net>

<net id="370"><net_src comp="30" pin="0"/><net_sink comp="365" pin=1"/></net>

<net id="375"><net_src comp="335" pin="1"/><net_sink comp="371" pin=0"/></net>

<net id="376"><net_src comp="353" pin="1"/><net_sink comp="371" pin=1"/></net>

<net id="381"><net_src comp="344" pin="1"/><net_sink comp="377" pin=0"/></net>

<net id="382"><net_src comp="32" pin="0"/><net_sink comp="377" pin=1"/></net>

<net id="387"><net_src comp="338" pin="1"/><net_sink comp="383" pin=0"/></net>

<net id="388"><net_src comp="34" pin="0"/><net_sink comp="383" pin=1"/></net>

<net id="393"><net_src comp="347" pin="1"/><net_sink comp="389" pin=0"/></net>

<net id="394"><net_src comp="356" pin="1"/><net_sink comp="389" pin=1"/></net>

<net id="405"><net_src comp="398" pin="1"/><net_sink comp="401" pin=0"/></net>

<net id="406"><net_src comp="395" pin="1"/><net_sink comp="401" pin=1"/></net>

<net id="412"><net_src comp="50" pin="0"/><net_sink comp="407" pin=0"/></net>

<net id="413"><net_src comp="401" pin="2"/><net_sink comp="407" pin=1"/></net>

<net id="414"><net_src comp="52" pin="0"/><net_sink comp="407" pin=2"/></net>

<net id="425"><net_src comp="418" pin="1"/><net_sink comp="421" pin=0"/></net>

<net id="426"><net_src comp="415" pin="1"/><net_sink comp="421" pin=1"/></net>

<net id="432"><net_src comp="54" pin="0"/><net_sink comp="427" pin=0"/></net>

<net id="433"><net_src comp="421" pin="2"/><net_sink comp="427" pin=1"/></net>

<net id="434"><net_src comp="52" pin="0"/><net_sink comp="427" pin=2"/></net>

<net id="438"><net_src comp="427" pin="3"/><net_sink comp="435" pin=0"/></net>

<net id="449"><net_src comp="442" pin="1"/><net_sink comp="445" pin=0"/></net>

<net id="450"><net_src comp="439" pin="1"/><net_sink comp="445" pin=1"/></net>

<net id="456"><net_src comp="54" pin="0"/><net_sink comp="451" pin=0"/></net>

<net id="457"><net_src comp="445" pin="2"/><net_sink comp="451" pin=1"/></net>

<net id="458"><net_src comp="52" pin="0"/><net_sink comp="451" pin=2"/></net>

<net id="462"><net_src comp="451" pin="3"/><net_sink comp="459" pin=0"/></net>

<net id="467"><net_src comp="56" pin="0"/><net_sink comp="463" pin=0"/></net>

<net id="468"><net_src comp="407" pin="3"/><net_sink comp="463" pin=1"/></net>

<net id="473"><net_src comp="463" pin="2"/><net_sink comp="469" pin=0"/></net>

<net id="474"><net_src comp="435" pin="1"/><net_sink comp="469" pin=1"/></net>

<net id="479"><net_src comp="469" pin="2"/><net_sink comp="475" pin=0"/></net>

<net id="480"><net_src comp="459" pin="1"/><net_sink comp="475" pin=1"/></net>

<net id="484"><net_src comp="157" pin="4"/><net_sink comp="481" pin=0"/></net>

<net id="485"><net_src comp="481" pin="1"/><net_sink comp="335" pin=0"/></net>

<net id="489"><net_src comp="173" pin="4"/><net_sink comp="486" pin=0"/></net>

<net id="490"><net_src comp="486" pin="1"/><net_sink comp="338" pin=0"/></net>

<net id="494"><net_src comp="210" pin="4"/><net_sink comp="491" pin=0"/></net>

<net id="495"><net_src comp="491" pin="1"/><net_sink comp="341" pin=0"/></net>

<net id="499"><net_src comp="260" pin="4"/><net_sink comp="496" pin=0"/></net>

<net id="500"><net_src comp="496" pin="1"/><net_sink comp="350" pin=0"/></net>

<net id="504"><net_src comp="276" pin="4"/><net_sink comp="501" pin=0"/></net>

<net id="505"><net_src comp="501" pin="1"/><net_sink comp="353" pin=0"/></net>

<net id="509"><net_src comp="292" pin="4"/><net_sink comp="506" pin=0"/></net>

<net id="510"><net_src comp="506" pin="1"/><net_sink comp="332" pin=0"/></net>

<net id="514"><net_src comp="302" pin="4"/><net_sink comp="511" pin=0"/></net>

<net id="515"><net_src comp="511" pin="1"/><net_sink comp="344" pin=0"/></net>

<net id="519"><net_src comp="312" pin="4"/><net_sink comp="516" pin=0"/></net>

<net id="520"><net_src comp="516" pin="1"/><net_sink comp="347" pin=0"/></net>

<net id="524"><net_src comp="322" pin="4"/><net_sink comp="521" pin=0"/></net>

<net id="525"><net_src comp="521" pin="1"/><net_sink comp="356" pin=0"/></net>

<net id="529"><net_src comp="359" pin="2"/><net_sink comp="526" pin=0"/></net>

<net id="530"><net_src comp="526" pin="1"/><net_sink comp="395" pin=0"/></net>

<net id="534"><net_src comp="365" pin="2"/><net_sink comp="531" pin=0"/></net>

<net id="535"><net_src comp="531" pin="1"/><net_sink comp="398" pin=0"/></net>

<net id="539"><net_src comp="371" pin="2"/><net_sink comp="536" pin=0"/></net>

<net id="540"><net_src comp="536" pin="1"/><net_sink comp="415" pin=0"/></net>

<net id="544"><net_src comp="377" pin="2"/><net_sink comp="541" pin=0"/></net>

<net id="545"><net_src comp="541" pin="1"/><net_sink comp="418" pin=0"/></net>

<net id="549"><net_src comp="383" pin="2"/><net_sink comp="546" pin=0"/></net>

<net id="550"><net_src comp="546" pin="1"/><net_sink comp="439" pin=0"/></net>

<net id="554"><net_src comp="389" pin="2"/><net_sink comp="551" pin=0"/></net>

<net id="555"><net_src comp="551" pin="1"/><net_sink comp="442" pin=0"/></net>

</net_list>

</model> 
---------------- Datapath Model END ------------------

* FSMD analyzer results:
  - Output states:
 - Input state : 
	Port: dense_latency<ap_ufixed<8, 0, 4, 0, 0>, ap_fixed<16, 4, 5, 3, 0>, config5> : p_read | {1 }
	Port: dense_latency<ap_ufixed<8, 0, 4, 0, 0>, ap_fixed<16, 4, 5, 3, 0>, config5> : p_read1 | {1 }
	Port: dense_latency<ap_ufixed<8, 0, 4, 0, 0>, ap_fixed<16, 4, 5, 3, 0>, config5> : p_read2 | {1 }
  - Chain level:
	State 1
		zext_ln1171 : 1
		sub_ln1171 : 2
		sub_ln1171_7 : 2
		trunc_ln : 3
		sub_ln1171_1 : 2
		trunc_ln717_5 : 3
		zext_ln1171_2 : 1
		sub_ln1171_2 : 2
		trunc_ln717_6 : 3
		sub_ln1171_3 : 2
		mul_ln1171 : 1
		zext_ln1171_3 : 1
		zext_ln1171_4 : 1
		sub_ln1171_4 : 2
		trunc_ln717_7 : 3
		sub_ln1171_5 : 2
		trunc_ln717_8 : 3
		sub_ln1171_6 : 2
		trunc_ln3 : 3
		trunc_ln712_1 : 3
		trunc_ln712_2 : 2
		trunc_ln4 : 3
	State 2
		add_ln740_3 : 1
		add_ln740_4 : 1
		add_ln740_5 : 1
		add_ln740_6 : 1
		add_ln740_7 : 1
		add_ln740_8 : 1
	State 3
		add_ln740 : 1
		shl_ln1 : 2
		add_ln740_1 : 1
		tmp_1 : 2
		sext_ln740_3 : 3
		add_ln740_2 : 1
		tmp_2 : 2
		sext_ln740_5 : 3
		mrv : 3
		mrv_1 : 4
		mrv_2 : 5
		ret_ln68 : 6


============================================================
+ Verbose Summary: Datapath Resource usage 
============================================================

* Functional unit list:
|----------|----------------------|---------|---------|---------|
| Operation|    Functional Unit   |   DSP   |    FF   |   LUT   |
|----------|----------------------|---------|---------|---------|
|          |   sub_ln1171_fu_145  |    0    |    0    |    15   |
|          |  sub_ln1171_7_fu_151 |    0    |    0    |    15   |
|          |  sub_ln1171_1_fu_167 |    0    |    0    |    15   |
|    sub   |  sub_ln1171_2_fu_204 |    0    |    0    |    15   |
|          |  sub_ln1171_3_fu_220 |    0    |    0    |    15   |
|          |  sub_ln1171_4_fu_254 |    0    |    0    |    15   |
|          |  sub_ln1171_5_fu_270 |    0    |    0    |    15   |
|          |  sub_ln1171_6_fu_286 |    0    |    0    |    15   |
|----------|----------------------|---------|---------|---------|
|          |  add_ln740_3_fu_359  |    0    |    0    |    11   |
|          |  add_ln740_4_fu_365  |    0    |    0    |    11   |
|          |  add_ln740_5_fu_371  |    0    |    0    |    11   |
|          |  add_ln740_6_fu_377  |    0    |    0    |    11   |
|    add   |  add_ln740_7_fu_383  |    0    |    0    |    11   |
|          |  add_ln740_8_fu_389  |    0    |    0    |    11   |
|          |   add_ln740_fu_401   |    0    |    0    |    12   |
|          |  add_ln740_1_fu_421  |    0    |    0    |    12   |
|          |  add_ln740_2_fu_445  |    0    |    0    |    12   |
|----------|----------------------|---------|---------|---------|
|    mul   |   mul_ln1171_fu_83   |    0    |    0    |    62   |
|----------|----------------------|---------|---------|---------|
|          |  p_read25_read_fu_58 |    0    |    0    |    0    |
|   read   |  p_read14_read_fu_64 |    0    |    0    |    0    |
|          |  p_read_6_read_fu_70 |    0    |    0    |    0    |
|----------|----------------------|---------|---------|---------|
|          |     r_V_0_fu_129     |    0    |    0    |    0    |
|          |  zext_ln1171_fu_141  |    0    |    0    |    0    |
|          |     r_V_1_fu_183     |    0    |    0    |    0    |
|          | zext_ln1171_1_fu_187 |    0    |    0    |    0    |
|          | zext_ln1171_2_fu_200 |    0    |    0    |    0    |
|          |     r_V_2_fu_226     |    0    |    0    |    0    |
|   zext   | zext_ln1171_3_fu_238 |    0    |    0    |    0    |
|          | zext_ln1171_4_fu_250 |    0    |    0    |    0    |
|          |   zext_ln712_fu_332  |    0    |    0    |    0    |
|          |  zext_ln712_1_fu_344 |    0    |    0    |    0    |
|          |  zext_ln712_2_fu_347 |    0    |    0    |    0    |
|          |   zext_ln740_fu_356  |    0    |    0    |    0    |
|          |  zext_ln740_1_fu_398 |    0    |    0    |    0    |
|          |  zext_ln740_2_fu_442 |    0    |    0    |    0    |
|----------|----------------------|---------|---------|---------|
|          |     shl_ln_fu_133    |    0    |    0    |    0    |
|          |  shl_ln1171_1_fu_192 |    0    |    0    |    0    |
|          |  shl_ln1171_2_fu_230 |    0    |    0    |    0    |
|bitconcatenate|  shl_ln1171_3_fu_242 |    0    |    0    |    0    |
|          |    shl_ln1_fu_407    |    0    |    0    |    0    |
|          |     tmp_1_fu_427     |    0    |    0    |    0    |
|          |     tmp_2_fu_451     |    0    |    0    |    0    |
|----------|----------------------|---------|---------|---------|
|          |    trunc_ln_fu_157   |    0    |    0    |    0    |
|          | trunc_ln717_5_fu_173 |    0    |    0    |    0    |
|          | trunc_ln717_6_fu_210 |    0    |    0    |    0    |
|          | trunc_ln717_7_fu_260 |    0    |    0    |    0    |
|partselect| trunc_ln717_8_fu_276 |    0    |    0    |    0    |
|          |   trunc_ln3_fu_292   |    0    |    0    |    0    |
|          | trunc_ln712_1_fu_302 |    0    |    0    |    0    |
|          | trunc_ln712_2_fu_312 |    0    |    0    |    0    |
|          |   trunc_ln4_fu_322   |    0    |    0    |    0    |
|----------|----------------------|---------|---------|---------|
|          |   sext_ln712_fu_335  |    0    |    0    |    0    |
|          |  sext_ln712_1_fu_338 |    0    |    0    |    0    |
|          |  sext_ln712_2_fu_341 |    0    |    0    |    0    |
|          |  sext_ln712_3_fu_350 |    0    |    0    |    0    |
|          |  sext_ln712_4_fu_353 |    0    |    0    |    0    |
|   sext   |   sext_ln740_fu_395  |    0    |    0    |    0    |
|          |  sext_ln740_1_fu_415 |    0    |    0    |    0    |
|          |  sext_ln740_2_fu_418 |    0    |    0    |    0    |
|          |  sext_ln740_3_fu_435 |    0    |    0    |    0    |
|          |  sext_ln740_4_fu_439 |    0    |    0    |    0    |
|          |  sext_ln740_5_fu_459 |    0    |    0    |    0    |
|----------|----------------------|---------|---------|---------|
|          |      mrv_fu_463      |    0    |    0    |    0    |
|insertvalue|     mrv_1_fu_469     |    0    |    0    |    0    |
|          |     mrv_2_fu_475     |    0    |    0    |    0    |
|----------|----------------------|---------|---------|---------|
|   Total  |                      |    0    |    0    |   284   |
|----------|----------------------|---------|---------|---------|

Memories:
N/A

* Register list:
+---------------------+--------+
|                     |   FF   |
+---------------------+--------+
| add_ln740_3_reg_526 |   12   |
| add_ln740_4_reg_531 |   12   |
| add_ln740_5_reg_536 |   12   |
| add_ln740_6_reg_541 |   12   |
| add_ln740_7_reg_546 |   12   |
| add_ln740_8_reg_551 |   12   |
|  trunc_ln3_reg_506  |   11   |
|  trunc_ln4_reg_521  |   11   |
|trunc_ln712_1_reg_511|   11   |
|trunc_ln712_2_reg_516|   10   |
|trunc_ln717_5_reg_486|   11   |
|trunc_ln717_6_reg_491|   11   |
|trunc_ln717_7_reg_496|   11   |
|trunc_ln717_8_reg_501|   11   |
|   trunc_ln_reg_481  |   11   |
+---------------------+--------+
|        Total        |   170  |
+---------------------+--------+

* Multiplexer (MUX) list: 
|--------|------|------|------|--------|
|  Comp  |  Pin | Size |  BW  | S x BW |
|--------|------|------|------|--------|
|  Total |      |      |      |    0   |
|--------|------|------|------|--------|



* Summary:
+-----------+--------+--------+--------+
|           |   DSP  |   FF   |   LUT  |
+-----------+--------+--------+--------+
|  Function |    0   |    0   |   284  |
|   Memory  |    -   |    -   |    -   |
|Multiplexer|    -   |    -   |    -   |
|  Register |    -   |   170  |    -   |
+-----------+--------+--------+--------+
|   Total   |    0   |   170  |   284  |
+-----------+--------+--------+--------+
