

================================================================
== Vitis HLS Report for 'dense_latency_ap_fixed_8_2_5_3_0_ap_fixed_16_4_5_3_0_config2_s'
================================================================
* Date:           Sat Jul 22 14:06:09 2023

* Version:        2021.1 (Build 3247384 on Thu Jun 10 19:36:07 MDT 2021)
* Project:        myproject_prj
* Solution:       solution1 (Vivado IP Flow Target)
* Product family: zynq
* Target device:  xc7z007s-clg225-2


================================================================
== Performance Estimates
================================================================
+ Timing: 
    * Summary: 
    +--------+---------+----------+------------+
    |  Clock |  Target | Estimated| Uncertainty|
    +--------+---------+----------+------------+
    |ap_clk  |  3.33 ns|  5.282 ns|     0.42 ns|
    +--------+---------+----------+------------+

+ Latency: 
    * Summary: 
    +---------+---------+-----------+-----------+-----+-----+---------+
    |  Latency (cycles) |   Latency (absolute)  |  Interval | Pipeline|
    |   min   |   max   |    min    |    max    | min | max |   Type  |
    +---------+---------+-----------+-----------+-----+-----+---------+
    |        4|        4|  21.128 ns|  21.128 ns|    1|    1|      yes|
    +---------+---------+-----------+-----------+-----+-----+---------+

    + Detail: 
        * Instance: 
        N/A

        * Loop: 
        N/A

============================================================
+ Verbose Summary: Synthesis Manager
============================================================
InlineROM: 1
ExposeGlobal: 0
============================================================
+ Verbose Summary: CDFG Model
============================================================
IsTopModel: 0
ResetActiveHigh: 1
IsCombinational: 0
IsDatapathOnly: 0
HasWiredReturn: 1
HasMFsm: 2
HasVarLatency: 0
IsPipeline: 1
IsRtlPipelined: 1
IsInstanceOverlapped: 0
IsDontTouch: 0
HasImplIP: 0
IsGatedGlobalClock: 0

+ Individual pipeline summary: 
  * Pipeline-0: initiation interval (II) = 1, depth = 5


============================================================
+ Verbose Summary: Schedule
============================================================
* Number of FSM states : 5
* Pipeline : 1
  Pipeline-0 : II = 1, D = 5, States = { 1 2 3 4 5 }
* Dataflow Pipeline: 0

* FSM state transitions: 
1 --> 2 
2 --> 3 
3 --> 4 
4 --> 5 
5 --> 

* FSM state operations: 

State 1 <SV = 0> <Delay = 5.28>
ST_1 : Operation 6 [1/1] (0.00ns)   --->   "%p_read32 = read i168 @_ssdm_op_Read.ap_auto.i168, i168 %p_read" [firmware/nnet_utils/nnet_dense_latency.h:38]   --->   Operation 6 'read' 'p_read32' <Predicate = true> <Delay = 0.00>
ST_1 : Operation 7 [1/1] (0.00ns)   --->   "%trunc_ln38 = trunc i168 %p_read32" [firmware/nnet_utils/nnet_dense_latency.h:38]   --->   Operation 7 'trunc' 'trunc_ln38' <Predicate = true> <Delay = 0.00>
ST_1 : Operation 8 [1/1] (0.00ns)   --->   "%trunc_ln38_1 = partselect i8 @_ssdm_op_PartSelect.i8.i168.i32.i32, i168 %p_read32, i32 8, i32 15" [firmware/nnet_utils/nnet_dense_latency.h:38]   --->   Operation 8 'partselect' 'trunc_ln38_1' <Predicate = true> <Delay = 0.00>
ST_1 : Operation 9 [1/1] (0.00ns)   --->   "%trunc_ln38_2 = partselect i8 @_ssdm_op_PartSelect.i8.i168.i32.i32, i168 %p_read32, i32 16, i32 23" [firmware/nnet_utils/nnet_dense_latency.h:38]   --->   Operation 9 'partselect' 'trunc_ln38_2' <Predicate = true> <Delay = 0.00>
ST_1 : Operation 10 [1/1] (0.00ns)   --->   "%trunc_ln38_3 = partselect i8 @_ssdm_op_PartSelect.i8.i168.i32.i32, i168 %p_read32, i32 24, i32 31" [firmware/nnet_utils/nnet_dense_latency.h:38]   --->   Operation 10 'partselect' 'trunc_ln38_3' <Predicate = true> <Delay = 0.00>
ST_1 : Operation 11 [1/1] (0.00ns)   --->   "%trunc_ln38_4 = partselect i8 @_ssdm_op_PartSelect.i8.i168.i32.i32, i168 %p_read32, i32 32, i32 39" [firmware/nnet_utils/nnet_dense_latency.h:38]   --->   Operation 11 'partselect' 'trunc_ln38_4' <Predicate = true> <Delay = 0.00>
ST_1 : Operation 12 [1/1] (0.00ns)   --->   "%trunc_ln38_5 = partselect i8 @_ssdm_op_PartSelect.i8.i168.i32.i32, i168 %p_read32, i32 40, i32 47" [firmware/nnet_utils/nnet_dense_latency.h:38]   --->   Operation 12 'partselect' 'trunc_ln38_5' <Predicate = true> <Delay = 0.00>
ST_1 : Operation 13 [1/1] (0.00ns)   --->   "%trunc_ln38_6 = partselect i8 @_ssdm_op_PartSelect.i8.i168.i32.i32, i168 %p_read32, i32 48, i32 55" [firmware/nnet_utils/nnet_dense_latency.h:38]   --->   Operation 13 'partselect' 'trunc_ln38_6' <Predicate = true> <Delay = 0.00>
ST_1 : Operation 14 [1/1] (0.00ns)   --->   "%trunc_ln38_7 = partselect i8 @_ssdm_op_PartSelect.i8.i168.i32.i32, i168 %p_read32, i32 56, i32 63" [firmware/nnet_utils/nnet_dense_latency.h:38]   --->   Operation 14 'partselect' 'trunc_ln38_7' <Predicate = true> <Delay = 0.00>
ST_1 : Operation 15 [1/1] (0.00ns)   --->   "%trunc_ln38_8 = partselect i8 @_ssdm_op_PartSelect.i8.i168.i32.i32, i168 %p_read32, i32 64, i32 71" [firmware/nnet_utils/nnet_dense_latency.h:38]   --->   Operation 15 'partselect' 'trunc_ln38_8' <Predicate = true> <Delay = 0.00>
ST_1 : Operation 16 [1/1] (0.00ns)   --->   "%trunc_ln38_9 = partselect i8 @_ssdm_op_PartSelect.i8.i168.i32.i32, i168 %p_read32, i32 72, i32 79" [firmware/nnet_utils/nnet_dense_latency.h:38]   --->   Operation 16 'partselect' 'trunc_ln38_9' <Predicate = true> <Delay = 0.00>
ST_1 : Operation 17 [1/1] (0.00ns)   --->   "%trunc_ln38_s = partselect i8 @_ssdm_op_PartSelect.i8.i168.i32.i32, i168 %p_read32, i32 80, i32 87" [firmware/nnet_utils/nnet_dense_latency.h:38]   --->   Operation 17 'partselect' 'trunc_ln38_s' <Predicate = true> <Delay = 0.00>
ST_1 : Operation 18 [1/1] (0.00ns)   --->   "%trunc_ln38_10 = partselect i8 @_ssdm_op_PartSelect.i8.i168.i32.i32, i168 %p_read32, i32 88, i32 95" [firmware/nnet_utils/nnet_dense_latency.h:38]   --->   Operation 18 'partselect' 'trunc_ln38_10' <Predicate = true> <Delay = 0.00>
ST_1 : Operation 19 [1/1] (0.00ns)   --->   "%trunc_ln38_11 = partselect i8 @_ssdm_op_PartSelect.i8.i168.i32.i32, i168 %p_read32, i32 96, i32 103" [firmware/nnet_utils/nnet_dense_latency.h:38]   --->   Operation 19 'partselect' 'trunc_ln38_11' <Predicate = true> <Delay = 0.00>
ST_1 : Operation 20 [1/1] (0.00ns)   --->   "%trunc_ln38_12 = partselect i8 @_ssdm_op_PartSelect.i8.i168.i32.i32, i168 %p_read32, i32 104, i32 111" [firmware/nnet_utils/nnet_dense_latency.h:38]   --->   Operation 20 'partselect' 'trunc_ln38_12' <Predicate = true> <Delay = 0.00>
ST_1 : Operation 21 [1/1] (0.00ns)   --->   "%trunc_ln38_13 = partselect i8 @_ssdm_op_PartSelect.i8.i168.i32.i32, i168 %p_read32, i32 112, i32 119" [firmware/nnet_utils/nnet_dense_latency.h:38]   --->   Operation 21 'partselect' 'trunc_ln38_13' <Predicate = true> <Delay = 0.00>
ST_1 : Operation 22 [1/1] (0.00ns)   --->   "%sext_ln1171_40 = sext i8 %trunc_ln38_13"   --->   Operation 22 'sext' 'sext_ln1171_40' <Predicate = true> <Delay = 0.00>
ST_1 : Operation 23 [1/1] (5.28ns)   --->   "%mul_ln1171_24 = mul i14 %sext_ln1171_40, i14 16363"   --->   Operation 23 'mul' 'mul_ln1171_24' <Predicate = true> <Delay = 5.28> <CoreInst = "Mul_LUT">   --->   Core 4 'Mul_LUT' <Latency = 0> <II = 1> <Delay = 5.28> <FuncUnit> <Opcode : 'mul'> <InPorts = 2> <OutPorts = 1>
ST_1 : Operation 24 [1/1] (0.00ns)   --->   "%trunc_ln717_39 = partselect i11 @_ssdm_op_PartSelect.i11.i14.i32.i32, i14 %mul_ln1171_24, i32 3, i32 13"   --->   Operation 24 'partselect' 'trunc_ln717_39' <Predicate = true> <Delay = 0.00>
ST_1 : Operation 25 [1/1] (0.00ns)   --->   "%trunc_ln38_14 = partselect i8 @_ssdm_op_PartSelect.i8.i168.i32.i32, i168 %p_read32, i32 120, i32 127" [firmware/nnet_utils/nnet_dense_latency.h:38]   --->   Operation 25 'partselect' 'trunc_ln38_14' <Predicate = true> <Delay = 0.00>
ST_1 : Operation 26 [1/1] (0.00ns)   --->   "%sext_ln717 = sext i8 %trunc_ln38_14"   --->   Operation 26 'sext' 'sext_ln717' <Predicate = true> <Delay = 0.00>
ST_1 : Operation 27 [1/1] (0.00ns)   --->   "%trunc_ln717_41 = partselect i7 @_ssdm_op_PartSelect.i7.i168.i32.i32, i168 %p_read32, i32 121, i32 127"   --->   Operation 27 'partselect' 'trunc_ln717_41' <Predicate = true> <Delay = 0.00>
ST_1 : Operation 28 [1/1] (5.28ns)   --->   "%mul_ln1171_25 = mul i14 %sext_ln717, i14 16363"   --->   Operation 28 'mul' 'mul_ln1171_25' <Predicate = true> <Delay = 5.28> <CoreInst = "Mul_LUT">   --->   Core 4 'Mul_LUT' <Latency = 0> <II = 1> <Delay = 5.28> <FuncUnit> <Opcode : 'mul'> <InPorts = 2> <OutPorts = 1>
ST_1 : Operation 29 [1/1] (0.00ns)   --->   "%trunc_ln717_42 = partselect i11 @_ssdm_op_PartSelect.i11.i14.i32.i32, i14 %mul_ln1171_25, i32 3, i32 13"   --->   Operation 29 'partselect' 'trunc_ln717_42' <Predicate = true> <Delay = 0.00>
ST_1 : Operation 30 [1/1] (0.00ns)   --->   "%trunc_ln38_15 = partselect i8 @_ssdm_op_PartSelect.i8.i168.i32.i32, i168 %p_read32, i32 128, i32 135" [firmware/nnet_utils/nnet_dense_latency.h:38]   --->   Operation 30 'partselect' 'trunc_ln38_15' <Predicate = true> <Delay = 0.00>
ST_1 : Operation 31 [1/1] (0.00ns)   --->   "%trunc_ln38_16 = partselect i8 @_ssdm_op_PartSelect.i8.i168.i32.i32, i168 %p_read32, i32 136, i32 143" [firmware/nnet_utils/nnet_dense_latency.h:38]   --->   Operation 31 'partselect' 'trunc_ln38_16' <Predicate = true> <Delay = 0.00>
ST_1 : Operation 32 [1/1] (0.00ns)   --->   "%sext_ln1171_47 = sext i8 %trunc_ln38_16"   --->   Operation 32 'sext' 'sext_ln1171_47' <Predicate = true> <Delay = 0.00>
ST_1 : Operation 33 [1/1] (5.28ns)   --->   "%mul_ln1171_28 = mul i15 %sext_ln1171_47, i15 55"   --->   Operation 33 'mul' 'mul_ln1171_28' <Predicate = true> <Delay = 5.28> <CoreInst = "Mul_LUT">   --->   Core 4 'Mul_LUT' <Latency = 0> <II = 1> <Delay = 5.28> <FuncUnit> <Opcode : 'mul'> <InPorts = 2> <OutPorts = 1>
ST_1 : Operation 34 [1/1] (0.00ns)   --->   "%trunc_ln717_47 = partselect i12 @_ssdm_op_PartSelect.i12.i15.i32.i32, i15 %mul_ln1171_28, i32 3, i32 14"   --->   Operation 34 'partselect' 'trunc_ln717_47' <Predicate = true> <Delay = 0.00>
ST_1 : Operation 35 [1/1] (0.00ns)   --->   "%trunc_ln717_48 = partselect i5 @_ssdm_op_PartSelect.i5.i168.i32.i32, i168 %p_read32, i32 139, i32 143"   --->   Operation 35 'partselect' 'trunc_ln717_48' <Predicate = true> <Delay = 0.00>
ST_1 : Operation 36 [1/1] (0.00ns)   --->   "%tmp_2 = partselect i8 @_ssdm_op_PartSelect.i8.i168.i32.i32, i168 %p_read32, i32 144, i32 151"   --->   Operation 36 'partselect' 'tmp_2' <Predicate = true> <Delay = 0.00>
ST_1 : Operation 37 [1/1] (0.00ns)   --->   "%shl_ln1171_24 = bitconcatenate i11 @_ssdm_op_BitConcatenate.i11.i8.i3, i8 %tmp_2, i3 0"   --->   Operation 37 'bitconcatenate' 'shl_ln1171_24' <Predicate = true> <Delay = 0.00>
ST_1 : Operation 38 [1/1] (0.00ns)   --->   "%sext_ln1171_50 = sext i11 %shl_ln1171_24"   --->   Operation 38 'sext' 'sext_ln1171_50' <Predicate = true> <Delay = 0.00>
ST_1 : Operation 39 [1/1] (0.00ns)   --->   "%shl_ln1171_25 = bitconcatenate i9 @_ssdm_op_BitConcatenate.i9.i8.i1, i8 %tmp_2, i1 0"   --->   Operation 39 'bitconcatenate' 'shl_ln1171_25' <Predicate = true> <Delay = 0.00>
ST_1 : Operation 40 [1/1] (0.00ns)   --->   "%sext_ln1171_51 = sext i9 %shl_ln1171_25"   --->   Operation 40 'sext' 'sext_ln1171_51' <Predicate = true> <Delay = 0.00>
ST_1 : Operation 41 [1/1] (1.48ns)   --->   "%sub_ln1171_23 = sub i12 %sext_ln1171_50, i12 %sext_ln1171_51"   --->   Operation 41 'sub' 'sub_ln1171_23' <Predicate = true> <Delay = 1.48> <CoreInst = "Adder">   --->   Core 1 'Adder' <Latency = 0> <II = 1> <Delay = 1.54> <FuncUnit> <Opcode : 'add' 'sub'> <InPorts = 2> <OutPorts = 1>
ST_1 : Operation 42 [1/1] (0.00ns)   --->   "%trunc_ln717_50 = partselect i9 @_ssdm_op_PartSelect.i9.i12.i32.i32, i12 %sub_ln1171_23, i32 3, i32 11"   --->   Operation 42 'partselect' 'trunc_ln717_50' <Predicate = true> <Delay = 0.00>
ST_1 : Operation 43 [1/1] (0.00ns)   --->   "%shl_ln1171_26 = bitconcatenate i15 @_ssdm_op_BitConcatenate.i15.i8.i7, i8 %tmp_2, i7 0"   --->   Operation 43 'bitconcatenate' 'shl_ln1171_26' <Predicate = true> <Delay = 0.00>
ST_1 : Operation 44 [1/1] (0.00ns)   --->   "%sext_ln1171_52 = sext i15 %shl_ln1171_26"   --->   Operation 44 'sext' 'sext_ln1171_52' <Predicate = true> <Delay = 0.00>
ST_1 : Operation 45 [1/1] (0.00ns)   --->   "%shl_ln1171_27 = bitconcatenate i10 @_ssdm_op_BitConcatenate.i10.i8.i2, i8 %tmp_2, i2 0"   --->   Operation 45 'bitconcatenate' 'shl_ln1171_27' <Predicate = true> <Delay = 0.00>
ST_1 : Operation 46 [1/1] (0.00ns)   --->   "%sext_ln1171_53 = sext i10 %shl_ln1171_27"   --->   Operation 46 'sext' 'sext_ln1171_53' <Predicate = true> <Delay = 0.00>
ST_1 : Operation 47 [1/1] (1.53ns)   --->   "%sub_ln1171_24 = sub i16 %sext_ln1171_53, i16 %sext_ln1171_52"   --->   Operation 47 'sub' 'sub_ln1171_24' <Predicate = true> <Delay = 1.53> <CoreInst = "Adder">   --->   Core 1 'Adder' <Latency = 0> <II = 1> <Delay = 1.54> <FuncUnit> <Opcode : 'add' 'sub'> <InPorts = 2> <OutPorts = 1>
ST_1 : Operation 48 [1/1] (0.00ns)   --->   "%trunc_ln717_51 = partselect i13 @_ssdm_op_PartSelect.i13.i16.i32.i32, i16 %sub_ln1171_24, i32 3, i32 15"   --->   Operation 48 'partselect' 'trunc_ln717_51' <Predicate = true> <Delay = 0.00>
ST_1 : Operation 49 [1/1] (0.00ns)   --->   "%trunc_ln38_17 = partselect i8 @_ssdm_op_PartSelect.i8.i168.i32.i32, i168 %p_read32, i32 152, i32 159" [firmware/nnet_utils/nnet_dense_latency.h:38]   --->   Operation 49 'partselect' 'trunc_ln38_17' <Predicate = true> <Delay = 0.00>
ST_1 : Operation 50 [1/1] (0.00ns)   --->   "%r_V_19 = sext i8 %trunc_ln38_17" [firmware/nnet_utils/nnet_dense_latency.h:38]   --->   Operation 50 'sext' 'r_V_19' <Predicate = true> <Delay = 0.00>
ST_1 : Operation 51 [1/1] (0.00ns)   --->   "%shl_ln1171_28 = bitconcatenate i15 @_ssdm_op_BitConcatenate.i15.i8.i7, i8 %trunc_ln38_17, i7 0"   --->   Operation 51 'bitconcatenate' 'shl_ln1171_28' <Predicate = true> <Delay = 0.00>
ST_1 : Operation 52 [1/1] (0.00ns)   --->   "%sext_ln1171_54 = sext i15 %shl_ln1171_28"   --->   Operation 52 'sext' 'sext_ln1171_54' <Predicate = true> <Delay = 0.00>
ST_1 : Operation 53 [1/1] (0.00ns)   --->   "%shl_ln1171_29 = bitconcatenate i9 @_ssdm_op_BitConcatenate.i9.i8.i1, i8 %trunc_ln38_17, i1 0"   --->   Operation 53 'bitconcatenate' 'shl_ln1171_29' <Predicate = true> <Delay = 0.00>
ST_1 : Operation 54 [1/1] (0.00ns)   --->   "%sext_ln1171_55 = sext i9 %shl_ln1171_29"   --->   Operation 54 'sext' 'sext_ln1171_55' <Predicate = true> <Delay = 0.00>
ST_1 : Operation 55 [1/1] (1.53ns)   --->   "%sub_ln1171_25 = sub i16 %sext_ln1171_55, i16 %sext_ln1171_54"   --->   Operation 55 'sub' 'sub_ln1171_25' <Predicate = true> <Delay = 1.53> <CoreInst = "Adder">   --->   Core 1 'Adder' <Latency = 0> <II = 1> <Delay = 1.54> <FuncUnit> <Opcode : 'add' 'sub'> <InPorts = 2> <OutPorts = 1>
ST_1 : Operation 56 [1/1] (0.00ns)   --->   "%trunc_ln717_52 = partselect i13 @_ssdm_op_PartSelect.i13.i16.i32.i32, i16 %sub_ln1171_25, i32 3, i32 15"   --->   Operation 56 'partselect' 'trunc_ln717_52' <Predicate = true> <Delay = 0.00>
ST_1 : Operation 57 [1/1] (5.28ns)   --->   "%mul_ln1171_29 = mul i16 %r_V_19, i16 86"   --->   Operation 57 'mul' 'mul_ln1171_29' <Predicate = true> <Delay = 5.28> <CoreInst = "Mul_LUT">   --->   Core 4 'Mul_LUT' <Latency = 0> <II = 1> <Delay = 5.28> <FuncUnit> <Opcode : 'mul'> <InPorts = 2> <OutPorts = 1>
ST_1 : Operation 58 [1/1] (0.00ns)   --->   "%trunc_ln717_53 = partselect i13 @_ssdm_op_PartSelect.i13.i16.i32.i32, i16 %mul_ln1171_29, i32 3, i32 15"   --->   Operation 58 'partselect' 'trunc_ln717_53' <Predicate = true> <Delay = 0.00>
ST_1 : Operation 59 [1/1] (0.00ns)   --->   "%shl_ln1171_30 = bitconcatenate i10 @_ssdm_op_BitConcatenate.i10.i8.i2, i8 %trunc_ln38_17, i2 0"   --->   Operation 59 'bitconcatenate' 'shl_ln1171_30' <Predicate = true> <Delay = 0.00>
ST_1 : Operation 60 [1/1] (0.00ns)   --->   "%sext_ln1171_56 = sext i10 %shl_ln1171_30"   --->   Operation 60 'sext' 'sext_ln1171_56' <Predicate = true> <Delay = 0.00>
ST_1 : Operation 61 [1/1] (1.53ns)   --->   "%sub_ln1171_26 = sub i16 %sext_ln1171_54, i16 %sext_ln1171_56"   --->   Operation 61 'sub' 'sub_ln1171_26' <Predicate = true> <Delay = 1.53> <CoreInst = "Adder">   --->   Core 1 'Adder' <Latency = 0> <II = 1> <Delay = 1.54> <FuncUnit> <Opcode : 'add' 'sub'> <InPorts = 2> <OutPorts = 1>
ST_1 : Operation 62 [1/1] (0.00ns)   --->   "%trunc_ln717_54 = partselect i13 @_ssdm_op_PartSelect.i13.i16.i32.i32, i16 %sub_ln1171_26, i32 3, i32 15"   --->   Operation 62 'partselect' 'trunc_ln717_54' <Predicate = true> <Delay = 0.00>
ST_1 : Operation 63 [1/1] (0.00ns)   --->   "%trunc_ln38_18 = partselect i8 @_ssdm_op_PartSelect.i8.i168.i32.i32, i168 %p_read32, i32 160, i32 167" [firmware/nnet_utils/nnet_dense_latency.h:38]   --->   Operation 63 'partselect' 'trunc_ln38_18' <Predicate = true> <Delay = 0.00>
ST_1 : Operation 64 [1/1] (0.00ns)   --->   "%sext_ln1171_57 = sext i8 %trunc_ln38_18"   --->   Operation 64 'sext' 'sext_ln1171_57' <Predicate = true> <Delay = 0.00>
ST_1 : Operation 65 [1/1] (0.00ns)   --->   "%sext_ln1171_58 = sext i8 %trunc_ln38_18"   --->   Operation 65 'sext' 'sext_ln1171_58' <Predicate = true> <Delay = 0.00>
ST_1 : Operation 66 [1/1] (0.00ns)   --->   "%shl_ln1171_31 = bitconcatenate i10 @_ssdm_op_BitConcatenate.i10.i8.i2, i8 %trunc_ln38_18, i2 0"   --->   Operation 66 'bitconcatenate' 'shl_ln1171_31' <Predicate = true> <Delay = 0.00>
ST_1 : Operation 67 [1/1] (0.00ns)   --->   "%sext_ln1171_59 = sext i10 %shl_ln1171_31"   --->   Operation 67 'sext' 'sext_ln1171_59' <Predicate = true> <Delay = 0.00>
ST_1 : Operation 68 [1/1] (1.41ns)   --->   "%sub_ln1171_27 = sub i11 %sext_ln1171_59, i11 %sext_ln1171_58"   --->   Operation 68 'sub' 'sub_ln1171_27' <Predicate = true> <Delay = 1.41> <CoreInst = "Adder">   --->   Core 1 'Adder' <Latency = 0> <II = 1> <Delay = 1.54> <FuncUnit> <Opcode : 'add' 'sub'> <InPorts = 2> <OutPorts = 1>
ST_1 : Operation 69 [1/1] (0.00ns)   --->   "%trunc_ln717_55 = partselect i8 @_ssdm_op_PartSelect.i8.i11.i32.i32, i11 %sub_ln1171_27, i32 3, i32 10"   --->   Operation 69 'partselect' 'trunc_ln717_55' <Predicate = true> <Delay = 0.00>
ST_1 : Operation 70 [1/1] (5.28ns)   --->   "%mul_ln1171_30 = mul i15 %sext_ln1171_57, i15 32722"   --->   Operation 70 'mul' 'mul_ln1171_30' <Predicate = true> <Delay = 5.28> <CoreInst = "Mul_LUT">   --->   Core 4 'Mul_LUT' <Latency = 0> <II = 1> <Delay = 5.28> <FuncUnit> <Opcode : 'mul'> <InPorts = 2> <OutPorts = 1>
ST_1 : Operation 71 [1/1] (0.00ns)   --->   "%trunc_ln717_56 = partselect i12 @_ssdm_op_PartSelect.i12.i15.i32.i32, i15 %mul_ln1171_30, i32 3, i32 14"   --->   Operation 71 'partselect' 'trunc_ln717_56' <Predicate = true> <Delay = 0.00>
ST_1 : Operation 72 [1/1] (5.28ns)   --->   "%mul_ln1171_31 = mul i15 %sext_ln1171_57, i15 32721"   --->   Operation 72 'mul' 'mul_ln1171_31' <Predicate = true> <Delay = 5.28> <CoreInst = "Mul_LUT">   --->   Core 4 'Mul_LUT' <Latency = 0> <II = 1> <Delay = 5.28> <FuncUnit> <Opcode : 'mul'> <InPorts = 2> <OutPorts = 1>
ST_1 : Operation 73 [1/1] (0.00ns)   --->   "%trunc_ln717_57 = partselect i12 @_ssdm_op_PartSelect.i12.i15.i32.i32, i15 %mul_ln1171_31, i32 3, i32 14"   --->   Operation 73 'partselect' 'trunc_ln717_57' <Predicate = true> <Delay = 0.00>
ST_1 : Operation 74 [1/1] (0.00ns)   --->   "%sext_ln712_44 = sext i8 %trunc_ln38_12"   --->   Operation 74 'sext' 'sext_ln712_44' <Predicate = true> <Delay = 0.00>
ST_1 : Operation 75 [1/1] (0.00ns)   --->   "%sext_ln712_48 = sext i7 %trunc_ln717_41"   --->   Operation 75 'sext' 'sext_ln712_48' <Predicate = true> <Delay = 0.00>
ST_1 : Operation 76 [1/1] (0.00ns)   --->   "%sext_ln712_62 = sext i8 %trunc_ln717_55"   --->   Operation 76 'sext' 'sext_ln712_62' <Predicate = true> <Delay = 0.00>
ST_1 : Operation 77 [1/1] (1.30ns)   --->   "%add_ln740_24 = add i9 %sext_ln712_48, i9 384"   --->   Operation 77 'add' 'add_ln740_24' <Predicate = true> <Delay = 1.30> <CoreInst = "Adder">   --->   Core 1 'Adder' <Latency = 0> <II = 1> <Delay = 1.54> <FuncUnit> <Opcode : 'add' 'sub'> <InPorts = 2> <OutPorts = 1>
ST_1 : Operation 78 [1/1] (0.00ns)   --->   "%zext_ln740 = zext i9 %add_ln740_24"   --->   Operation 78 'zext' 'zext_ln740' <Predicate = true> <Delay = 0.00>
ST_1 : Operation 79 [1/1] (1.36ns)   --->   "%add_ln740_25 = add i10 %zext_ln740, i10 %sext_ln712_62"   --->   Operation 79 'add' 'add_ln740_25' <Predicate = true> <Delay = 1.36> <CoreInst = "Adder">   --->   Core 1 'Adder' <Latency = 0> <II = 1> <Delay = 1.54> <FuncUnit> <Opcode : 'add' 'sub'> <InPorts = 2> <OutPorts = 1>
ST_1 : Operation 80 [1/1] (1.41ns)   --->   "%add_ln740_64 = add i10 %sext_ln712_44, i10 480"   --->   Operation 80 'add' 'add_ln740_64' <Predicate = true> <Delay = 1.41> <CoreInst = "Adder">   --->   Core 1 'Adder' <Latency = 0> <II = 1> <Delay = 1.54> <FuncUnit> <Opcode : 'add' 'sub'> <InPorts = 2> <OutPorts = 1>

State 2 <SV = 1> <Delay = 5.28>
ST_2 : Operation 81 [1/1] (0.00ns)   --->   "%sext_ln1171_7 = sext i8 %trunc_ln38_2"   --->   Operation 81 'sext' 'sext_ln1171_7' <Predicate = true> <Delay = 0.00>
ST_2 : Operation 82 [1/1] (0.00ns)   --->   "%shl_ln1171_6 = bitconcatenate i13 @_ssdm_op_BitConcatenate.i13.i8.i5, i8 %trunc_ln38_2, i5 0"   --->   Operation 82 'bitconcatenate' 'shl_ln1171_6' <Predicate = true> <Delay = 0.00>
ST_2 : Operation 83 [1/1] (0.00ns)   --->   "%sext_ln1171_8 = sext i13 %shl_ln1171_6"   --->   Operation 83 'sext' 'sext_ln1171_8' <Predicate = true> <Delay = 0.00>
ST_2 : Operation 84 [1/1] (0.00ns)   --->   "%sext_ln1171_9 = sext i13 %shl_ln1171_6"   --->   Operation 84 'sext' 'sext_ln1171_9' <Predicate = true> <Delay = 0.00>
ST_2 : Operation 85 [1/1] (0.00ns) (grouped into TernaryAdder)   --->   "%sub_ln1171_9 = sub i14 0, i14 %sext_ln1171_9"   --->   Operation 85 'sub' 'sub_ln1171_9' <Predicate = true> <Delay = 0.00> <CoreInst = "TAddSub">   --->   Core 10 'TAddSub' <Latency = 0> <II = 1> <Delay = 1.56> <IPBlock> <Opcode : 'add' 'sub'> <InPorts = 3> <OutPorts = 1> <Sync> <CReg>
ST_2 : Operation 86 [1/1] (0.00ns)   --->   "%shl_ln1171_7 = bitconcatenate i9 @_ssdm_op_BitConcatenate.i9.i8.i1, i8 %trunc_ln38_2, i1 0"   --->   Operation 86 'bitconcatenate' 'shl_ln1171_7' <Predicate = true> <Delay = 0.00>
ST_2 : Operation 87 [1/1] (0.00ns)   --->   "%sext_ln1171_10 = sext i9 %shl_ln1171_7"   --->   Operation 87 'sext' 'sext_ln1171_10' <Predicate = true> <Delay = 0.00>
ST_2 : Operation 88 [1/1] (3.13ns) (root node of TernaryAdder)   --->   "%sub_ln1171_10 = sub i14 %sub_ln1171_9, i14 %sext_ln1171_10"   --->   Operation 88 'sub' 'sub_ln1171_10' <Predicate = true> <Delay = 3.13> <CoreInst = "TAddSub">   --->   Core 10 'TAddSub' <Latency = 0> <II = 1> <Delay = 1.56> <IPBlock> <Opcode : 'add' 'sub'> <InPorts = 3> <OutPorts = 1> <Sync> <CReg>
ST_2 : Operation 89 [1/1] (0.00ns)   --->   "%trunc_ln717_4 = partselect i11 @_ssdm_op_PartSelect.i11.i14.i32.i32, i14 %sub_ln1171_10, i32 3, i32 13"   --->   Operation 89 'partselect' 'trunc_ln717_4' <Predicate = true> <Delay = 0.00>
ST_2 : Operation 90 [1/1] (0.00ns)   --->   "%shl_ln1171_8 = bitconcatenate i15 @_ssdm_op_BitConcatenate.i15.i8.i7, i8 %trunc_ln38_2, i7 0"   --->   Operation 90 'bitconcatenate' 'shl_ln1171_8' <Predicate = true> <Delay = 0.00>
ST_2 : Operation 91 [1/1] (0.00ns)   --->   "%sext_ln1171_11 = sext i15 %shl_ln1171_8"   --->   Operation 91 'sext' 'sext_ln1171_11' <Predicate = true> <Delay = 0.00>
ST_2 : Operation 92 [1/1] (1.53ns)   --->   "%sub_ln1171_11 = sub i16 %sext_ln1171_11, i16 %sext_ln1171_8"   --->   Operation 92 'sub' 'sub_ln1171_11' <Predicate = true> <Delay = 1.53> <CoreInst = "Adder">   --->   Core 1 'Adder' <Latency = 0> <II = 1> <Delay = 1.54> <FuncUnit> <Opcode : 'add' 'sub'> <InPorts = 2> <OutPorts = 1>
ST_2 : Operation 93 [1/1] (0.00ns)   --->   "%trunc_ln717_5 = partselect i13 @_ssdm_op_PartSelect.i13.i16.i32.i32, i16 %sub_ln1171_11, i32 3, i32 15"   --->   Operation 93 'partselect' 'trunc_ln717_5' <Predicate = true> <Delay = 0.00>
ST_2 : Operation 94 [1/1] (5.28ns)   --->   "%mul_ln1171_3 = mul i14 %sext_ln1171_7, i14 26"   --->   Operation 94 'mul' 'mul_ln1171_3' <Predicate = true> <Delay = 5.28> <CoreInst = "Mul_LUT">   --->   Core 4 'Mul_LUT' <Latency = 0> <II = 1> <Delay = 5.28> <FuncUnit> <Opcode : 'mul'> <InPorts = 2> <OutPorts = 1>
ST_2 : Operation 95 [1/1] (0.00ns)   --->   "%trunc_ln717_6 = partselect i11 @_ssdm_op_PartSelect.i11.i14.i32.i32, i14 %mul_ln1171_3, i32 3, i32 13"   --->   Operation 95 'partselect' 'trunc_ln717_6' <Predicate = true> <Delay = 0.00>
ST_2 : Operation 96 [1/1] (0.00ns)   --->   "%r_V_3 = sext i8 %trunc_ln38_3" [firmware/nnet_utils/nnet_dense_latency.h:38]   --->   Operation 96 'sext' 'r_V_3' <Predicate = true> <Delay = 0.00>
ST_2 : Operation 97 [1/1] (0.00ns)   --->   "%sext_ln1171_12 = sext i8 %trunc_ln38_3"   --->   Operation 97 'sext' 'sext_ln1171_12' <Predicate = true> <Delay = 0.00>
ST_2 : Operation 98 [1/1] (0.00ns)   --->   "%shl_ln1171_9 = bitconcatenate i15 @_ssdm_op_BitConcatenate.i15.i8.i7, i8 %trunc_ln38_3, i7 0"   --->   Operation 98 'bitconcatenate' 'shl_ln1171_9' <Predicate = true> <Delay = 0.00>
ST_2 : Operation 99 [1/1] (0.00ns)   --->   "%sext_ln1171_13 = sext i15 %shl_ln1171_9"   --->   Operation 99 'sext' 'sext_ln1171_13' <Predicate = true> <Delay = 0.00>
ST_2 : Operation 100 [1/1] (1.53ns)   --->   "%sub_ln1171_12 = sub i16 %sext_ln1171_13, i16 %r_V_3"   --->   Operation 100 'sub' 'sub_ln1171_12' <Predicate = true> <Delay = 1.53> <CoreInst = "Adder">   --->   Core 1 'Adder' <Latency = 0> <II = 1> <Delay = 1.54> <FuncUnit> <Opcode : 'add' 'sub'> <InPorts = 2> <OutPorts = 1>
ST_2 : Operation 101 [1/1] (0.00ns)   --->   "%trunc_ln717_7 = partselect i13 @_ssdm_op_PartSelect.i13.i16.i32.i32, i16 %sub_ln1171_12, i32 3, i32 15"   --->   Operation 101 'partselect' 'trunc_ln717_7' <Predicate = true> <Delay = 0.00>
ST_2 : Operation 102 [1/1] (5.28ns)   --->   "%mul_ln1171_4 = mul i16 %r_V_3, i16 65442"   --->   Operation 102 'mul' 'mul_ln1171_4' <Predicate = true> <Delay = 5.28> <CoreInst = "Mul_LUT">   --->   Core 4 'Mul_LUT' <Latency = 0> <II = 1> <Delay = 5.28> <FuncUnit> <Opcode : 'mul'> <InPorts = 2> <OutPorts = 1>
ST_2 : Operation 103 [1/1] (0.00ns)   --->   "%trunc_ln717_8 = partselect i13 @_ssdm_op_PartSelect.i13.i16.i32.i32, i16 %mul_ln1171_4, i32 3, i32 15"   --->   Operation 103 'partselect' 'trunc_ln717_8' <Predicate = true> <Delay = 0.00>
ST_2 : Operation 104 [1/1] (5.28ns)   --->   "%mul_ln1171_5 = mul i15 %sext_ln1171_12, i15 52"   --->   Operation 104 'mul' 'mul_ln1171_5' <Predicate = true> <Delay = 5.28> <CoreInst = "Mul_LUT">   --->   Core 4 'Mul_LUT' <Latency = 0> <II = 1> <Delay = 5.28> <FuncUnit> <Opcode : 'mul'> <InPorts = 2> <OutPorts = 1>
ST_2 : Operation 105 [1/1] (0.00ns)   --->   "%trunc_ln717_10 = partselect i12 @_ssdm_op_PartSelect.i12.i15.i32.i32, i15 %mul_ln1171_5, i32 3, i32 14"   --->   Operation 105 'partselect' 'trunc_ln717_10' <Predicate = true> <Delay = 0.00>
ST_2 : Operation 106 [1/1] (0.00ns)   --->   "%sext_ln1171_14 = sext i8 %trunc_ln38_4"   --->   Operation 106 'sext' 'sext_ln1171_14' <Predicate = true> <Delay = 0.00>
ST_2 : Operation 107 [1/1] (0.00ns)   --->   "%sext_ln1171_15 = sext i8 %trunc_ln38_4"   --->   Operation 107 'sext' 'sext_ln1171_15' <Predicate = true> <Delay = 0.00>
ST_2 : Operation 108 [1/1] (5.28ns)   --->   "%mul_ln1171_6 = mul i15 %sext_ln1171_15, i15 52"   --->   Operation 108 'mul' 'mul_ln1171_6' <Predicate = true> <Delay = 5.28> <CoreInst = "Mul_LUT">   --->   Core 4 'Mul_LUT' <Latency = 0> <II = 1> <Delay = 5.28> <FuncUnit> <Opcode : 'mul'> <InPorts = 2> <OutPorts = 1>
ST_2 : Operation 109 [1/1] (0.00ns)   --->   "%trunc_ln717_11 = partselect i12 @_ssdm_op_PartSelect.i12.i15.i32.i32, i15 %mul_ln1171_6, i32 3, i32 14"   --->   Operation 109 'partselect' 'trunc_ln717_11' <Predicate = true> <Delay = 0.00>
ST_2 : Operation 110 [1/1] (5.28ns)   --->   "%mul_ln1171_7 = mul i13 %sext_ln1171_14, i13 13"   --->   Operation 110 'mul' 'mul_ln1171_7' <Predicate = true> <Delay = 5.28> <CoreInst = "Mul_LUT">   --->   Core 4 'Mul_LUT' <Latency = 0> <II = 1> <Delay = 5.28> <FuncUnit> <Opcode : 'mul'> <InPorts = 2> <OutPorts = 1>
ST_2 : Operation 111 [1/1] (0.00ns)   --->   "%trunc_ln717_12 = partselect i10 @_ssdm_op_PartSelect.i10.i13.i32.i32, i13 %mul_ln1171_7, i32 3, i32 12"   --->   Operation 111 'partselect' 'trunc_ln717_12' <Predicate = true> <Delay = 0.00>
ST_2 : Operation 112 [1/1] (0.00ns)   --->   "%shl_ln1171_s = bitconcatenate i13 @_ssdm_op_BitConcatenate.i13.i8.i5, i8 %trunc_ln38_4, i5 0"   --->   Operation 112 'bitconcatenate' 'shl_ln1171_s' <Predicate = true> <Delay = 0.00>
ST_2 : Operation 113 [1/1] (0.00ns)   --->   "%sext_ln1171_16 = sext i13 %shl_ln1171_s"   --->   Operation 113 'sext' 'sext_ln1171_16' <Predicate = true> <Delay = 0.00>
ST_2 : Operation 114 [1/1] (0.00ns)   --->   "%shl_ln1171_1 = bitconcatenate i10 @_ssdm_op_BitConcatenate.i10.i8.i2, i8 %trunc_ln38_4, i2 0"   --->   Operation 114 'bitconcatenate' 'shl_ln1171_1' <Predicate = true> <Delay = 0.00>
ST_2 : Operation 115 [1/1] (0.00ns)   --->   "%sext_ln1171_17 = sext i10 %shl_ln1171_1"   --->   Operation 115 'sext' 'sext_ln1171_17' <Predicate = true> <Delay = 0.00>
ST_2 : Operation 116 [1/1] (1.53ns)   --->   "%add_ln1171 = add i14 %sext_ln1171_16, i14 %sext_ln1171_17"   --->   Operation 116 'add' 'add_ln1171' <Predicate = true> <Delay = 1.53> <CoreInst = "Adder">   --->   Core 1 'Adder' <Latency = 0> <II = 1> <Delay = 1.54> <FuncUnit> <Opcode : 'add' 'sub'> <InPorts = 2> <OutPorts = 1>
ST_2 : Operation 117 [1/1] (0.00ns)   --->   "%trunc_ln717_13 = partselect i11 @_ssdm_op_PartSelect.i11.i14.i32.i32, i14 %add_ln1171, i32 3, i32 13"   --->   Operation 117 'partselect' 'trunc_ln717_13' <Predicate = true> <Delay = 0.00>
ST_2 : Operation 118 [1/1] (0.00ns)   --->   "%r_V_6 = sext i8 %trunc_ln38_6" [firmware/nnet_utils/nnet_dense_latency.h:38]   --->   Operation 118 'sext' 'r_V_6' <Predicate = true> <Delay = 0.00>
ST_2 : Operation 119 [1/1] (5.28ns)   --->   "%mul_ln1171_10 = mul i16 %r_V_6, i16 125"   --->   Operation 119 'mul' 'mul_ln1171_10' <Predicate = true> <Delay = 5.28> <CoreInst = "Mul_LUT">   --->   Core 4 'Mul_LUT' <Latency = 0> <II = 1> <Delay = 5.28> <FuncUnit> <Opcode : 'mul'> <InPorts = 2> <OutPorts = 1>
ST_2 : Operation 120 [1/1] (0.00ns)   --->   "%trunc_ln717_18 = partselect i13 @_ssdm_op_PartSelect.i13.i16.i32.i32, i16 %mul_ln1171_10, i32 3, i32 15"   --->   Operation 120 'partselect' 'trunc_ln717_18' <Predicate = true> <Delay = 0.00>
ST_2 : Operation 121 [1/1] (0.00ns)   --->   "%r_V_77 = sext i8 %trunc_ln38_7" [firmware/nnet_utils/nnet_dense_latency.h:38]   --->   Operation 121 'sext' 'r_V_77' <Predicate = true> <Delay = 0.00>
ST_2 : Operation 122 [1/1] (5.28ns)   --->   "%mul_ln1171_11 = mul i16 %r_V_77, i16 65439"   --->   Operation 122 'mul' 'mul_ln1171_11' <Predicate = true> <Delay = 5.28> <CoreInst = "Mul_LUT">   --->   Core 4 'Mul_LUT' <Latency = 0> <II = 1> <Delay = 5.28> <FuncUnit> <Opcode : 'mul'> <InPorts = 2> <OutPorts = 1>
ST_2 : Operation 123 [1/1] (0.00ns)   --->   "%trunc_ln717_19 = partselect i13 @_ssdm_op_PartSelect.i13.i16.i32.i32, i16 %mul_ln1171_11, i32 3, i32 15"   --->   Operation 123 'partselect' 'trunc_ln717_19' <Predicate = true> <Delay = 0.00>
ST_2 : Operation 124 [1/1] (5.28ns)   --->   "%mul_ln1171_12 = mul i16 %r_V_77, i16 104"   --->   Operation 124 'mul' 'mul_ln1171_12' <Predicate = true> <Delay = 5.28> <CoreInst = "Mul_LUT">   --->   Core 4 'Mul_LUT' <Latency = 0> <II = 1> <Delay = 5.28> <FuncUnit> <Opcode : 'mul'> <InPorts = 2> <OutPorts = 1>
ST_2 : Operation 125 [1/1] (0.00ns)   --->   "%trunc_ln717_20 = partselect i13 @_ssdm_op_PartSelect.i13.i16.i32.i32, i16 %mul_ln1171_12, i32 3, i32 15"   --->   Operation 125 'partselect' 'trunc_ln717_20' <Predicate = true> <Delay = 0.00>
ST_2 : Operation 126 [1/1] (0.00ns)   --->   "%r_V_8 = sext i8 %trunc_ln38_8" [firmware/nnet_utils/nnet_dense_latency.h:38]   --->   Operation 126 'sext' 'r_V_8' <Predicate = true> <Delay = 0.00>
ST_2 : Operation 127 [1/1] (0.00ns)   --->   "%sext_ln1171_23 = sext i8 %trunc_ln38_8"   --->   Operation 127 'sext' 'sext_ln1171_23' <Predicate = true> <Delay = 0.00>
ST_2 : Operation 128 [1/1] (5.28ns)   --->   "%mul_ln1171_13 = mul i15 %sext_ln1171_23, i15 47"   --->   Operation 128 'mul' 'mul_ln1171_13' <Predicate = true> <Delay = 5.28> <CoreInst = "Mul_LUT">   --->   Core 4 'Mul_LUT' <Latency = 0> <II = 1> <Delay = 5.28> <FuncUnit> <Opcode : 'mul'> <InPorts = 2> <OutPorts = 1>
ST_2 : Operation 129 [1/1] (0.00ns)   --->   "%trunc_ln717_21 = partselect i12 @_ssdm_op_PartSelect.i12.i15.i32.i32, i15 %mul_ln1171_13, i32 3, i32 14"   --->   Operation 129 'partselect' 'trunc_ln717_21' <Predicate = true> <Delay = 0.00>
ST_2 : Operation 130 [1/1] (5.28ns)   --->   "%mul_ln1171_14 = mul i16 %r_V_8, i16 65446"   --->   Operation 130 'mul' 'mul_ln1171_14' <Predicate = true> <Delay = 5.28> <CoreInst = "Mul_LUT">   --->   Core 4 'Mul_LUT' <Latency = 0> <II = 1> <Delay = 5.28> <FuncUnit> <Opcode : 'mul'> <InPorts = 2> <OutPorts = 1>
ST_2 : Operation 131 [1/1] (0.00ns)   --->   "%trunc_ln717_22 = partselect i13 @_ssdm_op_PartSelect.i13.i16.i32.i32, i16 %mul_ln1171_14, i32 3, i32 15"   --->   Operation 131 'partselect' 'trunc_ln717_22' <Predicate = true> <Delay = 0.00>
ST_2 : Operation 132 [1/1] (5.28ns)   --->   "%mul_ln1171_15 = mul i16 %r_V_8, i16 86"   --->   Operation 132 'mul' 'mul_ln1171_15' <Predicate = true> <Delay = 5.28> <CoreInst = "Mul_LUT">   --->   Core 4 'Mul_LUT' <Latency = 0> <II = 1> <Delay = 5.28> <FuncUnit> <Opcode : 'mul'> <InPorts = 2> <OutPorts = 1>
ST_2 : Operation 133 [1/1] (0.00ns)   --->   "%trunc_ln717_23 = partselect i13 @_ssdm_op_PartSelect.i13.i16.i32.i32, i16 %mul_ln1171_15, i32 3, i32 15"   --->   Operation 133 'partselect' 'trunc_ln717_23' <Predicate = true> <Delay = 0.00>
ST_2 : Operation 134 [1/1] (0.00ns)   --->   "%r_V_9 = sext i8 %trunc_ln38_9" [firmware/nnet_utils/nnet_dense_latency.h:38]   --->   Operation 134 'sext' 'r_V_9' <Predicate = true> <Delay = 0.00>
ST_2 : Operation 135 [1/1] (5.28ns)   --->   "%mul_ln1171_16 = mul i16 %r_V_9, i16 65448"   --->   Operation 135 'mul' 'mul_ln1171_16' <Predicate = true> <Delay = 5.28> <CoreInst = "Mul_LUT">   --->   Core 4 'Mul_LUT' <Latency = 0> <II = 1> <Delay = 5.28> <FuncUnit> <Opcode : 'mul'> <InPorts = 2> <OutPorts = 1>
ST_2 : Operation 136 [1/1] (0.00ns)   --->   "%trunc_ln717_24 = partselect i13 @_ssdm_op_PartSelect.i13.i16.i32.i32, i16 %mul_ln1171_16, i32 3, i32 15"   --->   Operation 136 'partselect' 'trunc_ln717_24' <Predicate = true> <Delay = 0.00>
ST_2 : Operation 137 [1/1] (5.28ns)   --->   "%mul_ln1171_17 = mul i16 %r_V_9, i16 117"   --->   Operation 137 'mul' 'mul_ln1171_17' <Predicate = true> <Delay = 5.28> <CoreInst = "Mul_LUT">   --->   Core 4 'Mul_LUT' <Latency = 0> <II = 1> <Delay = 5.28> <FuncUnit> <Opcode : 'mul'> <InPorts = 2> <OutPorts = 1>
ST_2 : Operation 138 [1/1] (0.00ns)   --->   "%trunc_ln717_25 = partselect i13 @_ssdm_op_PartSelect.i13.i16.i32.i32, i16 %mul_ln1171_17, i32 3, i32 15"   --->   Operation 138 'partselect' 'trunc_ln717_25' <Predicate = true> <Delay = 0.00>
ST_2 : Operation 139 [1/1] (5.28ns)   --->   "%mul_ln1171_18 = mul i16 %r_V_9, i16 65450"   --->   Operation 139 'mul' 'mul_ln1171_18' <Predicate = true> <Delay = 5.28> <CoreInst = "Mul_LUT">   --->   Core 4 'Mul_LUT' <Latency = 0> <II = 1> <Delay = 5.28> <FuncUnit> <Opcode : 'mul'> <InPorts = 2> <OutPorts = 1>
ST_2 : Operation 140 [1/1] (0.00ns)   --->   "%trunc_ln717_26 = partselect i13 @_ssdm_op_PartSelect.i13.i16.i32.i32, i16 %mul_ln1171_18, i32 3, i32 15"   --->   Operation 140 'partselect' 'trunc_ln717_26' <Predicate = true> <Delay = 0.00>
ST_2 : Operation 141 [1/1] (0.00ns)   --->   "%r_V_10 = sext i8 %trunc_ln38_s" [firmware/nnet_utils/nnet_dense_latency.h:38]   --->   Operation 141 'sext' 'r_V_10' <Predicate = true> <Delay = 0.00>
ST_2 : Operation 142 [1/1] (0.00ns)   --->   "%sext_ln1171_24 = sext i8 %trunc_ln38_s"   --->   Operation 142 'sext' 'sext_ln1171_24' <Predicate = true> <Delay = 0.00>
ST_2 : Operation 143 [1/1] (5.28ns)   --->   "%mul_ln1171_19 = mul i16 %r_V_10, i16 91"   --->   Operation 143 'mul' 'mul_ln1171_19' <Predicate = true> <Delay = 5.28> <CoreInst = "Mul_LUT">   --->   Core 4 'Mul_LUT' <Latency = 0> <II = 1> <Delay = 5.28> <FuncUnit> <Opcode : 'mul'> <InPorts = 2> <OutPorts = 1>
ST_2 : Operation 144 [1/1] (0.00ns)   --->   "%trunc_ln717_27 = partselect i13 @_ssdm_op_PartSelect.i13.i16.i32.i32, i16 %mul_ln1171_19, i32 3, i32 15"   --->   Operation 144 'partselect' 'trunc_ln717_27' <Predicate = true> <Delay = 0.00>
ST_2 : Operation 145 [1/1] (5.28ns)   --->   "%mul_ln1171_20 = mul i14 %sext_ln1171_24, i14 16363"   --->   Operation 145 'mul' 'mul_ln1171_20' <Predicate = true> <Delay = 5.28> <CoreInst = "Mul_LUT">   --->   Core 4 'Mul_LUT' <Latency = 0> <II = 1> <Delay = 5.28> <FuncUnit> <Opcode : 'mul'> <InPorts = 2> <OutPorts = 1>
ST_2 : Operation 146 [1/1] (0.00ns)   --->   "%trunc_ln717_28 = partselect i11 @_ssdm_op_PartSelect.i11.i14.i32.i32, i14 %mul_ln1171_20, i32 3, i32 13"   --->   Operation 146 'partselect' 'trunc_ln717_28' <Predicate = true> <Delay = 0.00>
ST_2 : Operation 147 [1/1] (0.00ns)   --->   "%shl_ln1171_11 = bitconcatenate i12 @_ssdm_op_BitConcatenate.i12.i8.i4, i8 %trunc_ln38_s, i4 0"   --->   Operation 147 'bitconcatenate' 'shl_ln1171_11' <Predicate = true> <Delay = 0.00>
ST_2 : Operation 148 [1/1] (0.00ns)   --->   "%sext_ln1171_25 = sext i12 %shl_ln1171_11"   --->   Operation 148 'sext' 'sext_ln1171_25' <Predicate = true> <Delay = 0.00>
ST_2 : Operation 149 [1/1] (0.00ns)   --->   "%shl_ln1171_12 = bitconcatenate i10 @_ssdm_op_BitConcatenate.i10.i8.i2, i8 %trunc_ln38_s, i2 0"   --->   Operation 149 'bitconcatenate' 'shl_ln1171_12' <Predicate = true> <Delay = 0.00>
ST_2 : Operation 150 [1/1] (0.00ns)   --->   "%sext_ln1171_26 = sext i10 %shl_ln1171_12"   --->   Operation 150 'sext' 'sext_ln1171_26' <Predicate = true> <Delay = 0.00>
ST_2 : Operation 151 [1/1] (1.54ns)   --->   "%sub_ln1171_14 = sub i13 %sext_ln1171_26, i13 %sext_ln1171_25"   --->   Operation 151 'sub' 'sub_ln1171_14' <Predicate = true> <Delay = 1.54> <CoreInst = "Adder">   --->   Core 1 'Adder' <Latency = 0> <II = 1> <Delay = 1.54> <FuncUnit> <Opcode : 'add' 'sub'> <InPorts = 2> <OutPorts = 1>
ST_2 : Operation 152 [1/1] (0.00ns)   --->   "%trunc_ln717_29 = partselect i10 @_ssdm_op_PartSelect.i10.i13.i32.i32, i13 %sub_ln1171_14, i32 3, i32 12"   --->   Operation 152 'partselect' 'trunc_ln717_29' <Predicate = true> <Delay = 0.00>
ST_2 : Operation 153 [1/1] (0.00ns)   --->   "%sext_ln1171_27 = sext i8 %trunc_ln38_10"   --->   Operation 153 'sext' 'sext_ln1171_27' <Predicate = true> <Delay = 0.00>
ST_2 : Operation 154 [1/1] (5.28ns)   --->   "%mul_ln1171_21 = mul i15 %sext_ln1171_27, i15 37"   --->   Operation 154 'mul' 'mul_ln1171_21' <Predicate = true> <Delay = 5.28> <CoreInst = "Mul_LUT">   --->   Core 4 'Mul_LUT' <Latency = 0> <II = 1> <Delay = 5.28> <FuncUnit> <Opcode : 'mul'> <InPorts = 2> <OutPorts = 1>
ST_2 : Operation 155 [1/1] (0.00ns)   --->   "%trunc_ln717_30 = partselect i12 @_ssdm_op_PartSelect.i12.i15.i32.i32, i15 %mul_ln1171_21, i32 3, i32 14"   --->   Operation 155 'partselect' 'trunc_ln717_30' <Predicate = true> <Delay = 0.00>
ST_2 : Operation 156 [1/1] (0.00ns)   --->   "%shl_ln1171_13 = bitconcatenate i13 @_ssdm_op_BitConcatenate.i13.i8.i5, i8 %trunc_ln38_10, i5 0"   --->   Operation 156 'bitconcatenate' 'shl_ln1171_13' <Predicate = true> <Delay = 0.00>
ST_2 : Operation 157 [1/1] (0.00ns)   --->   "%sext_ln1171_28 = sext i13 %shl_ln1171_13"   --->   Operation 157 'sext' 'sext_ln1171_28' <Predicate = true> <Delay = 0.00>
ST_2 : Operation 158 [1/1] (0.00ns)   --->   "%shl_ln1171_14 = bitconcatenate i11 @_ssdm_op_BitConcatenate.i11.i8.i3, i8 %trunc_ln38_10, i3 0"   --->   Operation 158 'bitconcatenate' 'shl_ln1171_14' <Predicate = true> <Delay = 0.00>
ST_2 : Operation 159 [1/1] (0.00ns)   --->   "%sext_ln1171_29 = sext i11 %shl_ln1171_14"   --->   Operation 159 'sext' 'sext_ln1171_29' <Predicate = true> <Delay = 0.00>
ST_2 : Operation 160 [1/1] (1.53ns)   --->   "%sub_ln1171_15 = sub i14 %sext_ln1171_28, i14 %sext_ln1171_29"   --->   Operation 160 'sub' 'sub_ln1171_15' <Predicate = true> <Delay = 1.53> <CoreInst = "Adder">   --->   Core 1 'Adder' <Latency = 0> <II = 1> <Delay = 1.54> <FuncUnit> <Opcode : 'add' 'sub'> <InPorts = 2> <OutPorts = 1>
ST_2 : Operation 161 [1/1] (0.00ns)   --->   "%trunc_ln717_31 = partselect i11 @_ssdm_op_PartSelect.i11.i14.i32.i32, i14 %sub_ln1171_15, i32 3, i32 13"   --->   Operation 161 'partselect' 'trunc_ln717_31' <Predicate = true> <Delay = 0.00>
ST_2 : Operation 162 [1/1] (0.00ns)   --->   "%shl_ln1171_15 = bitconcatenate i9 @_ssdm_op_BitConcatenate.i9.i8.i1, i8 %trunc_ln38_10, i1 0"   --->   Operation 162 'bitconcatenate' 'shl_ln1171_15' <Predicate = true> <Delay = 0.00>
ST_2 : Operation 163 [1/1] (0.00ns)   --->   "%sext_ln1171_30 = sext i9 %shl_ln1171_15"   --->   Operation 163 'sext' 'sext_ln1171_30' <Predicate = true> <Delay = 0.00>
ST_2 : Operation 164 [1/1] (1.36ns)   --->   "%sub_ln1171_16 = sub i10 0, i10 %sext_ln1171_30"   --->   Operation 164 'sub' 'sub_ln1171_16' <Predicate = true> <Delay = 1.36> <CoreInst = "Adder">   --->   Core 1 'Adder' <Latency = 0> <II = 1> <Delay = 1.54> <FuncUnit> <Opcode : 'add' 'sub'> <InPorts = 2> <OutPorts = 1>
ST_2 : Operation 165 [1/1] (0.00ns)   --->   "%trunc_ln717_32 = partselect i7 @_ssdm_op_PartSelect.i7.i10.i32.i32, i10 %sub_ln1171_16, i32 3, i32 9"   --->   Operation 165 'partselect' 'trunc_ln717_32' <Predicate = true> <Delay = 0.00>
ST_2 : Operation 166 [1/1] (0.00ns)   --->   "%sext_ln1171_31 = sext i8 %trunc_ln38_11"   --->   Operation 166 'sext' 'sext_ln1171_31' <Predicate = true> <Delay = 0.00>
ST_2 : Operation 167 [1/1] (0.00ns)   --->   "%sext_ln1171_32 = sext i8 %trunc_ln38_11"   --->   Operation 167 'sext' 'sext_ln1171_32' <Predicate = true> <Delay = 0.00>
ST_2 : Operation 168 [1/1] (0.00ns)   --->   "%shl_ln1171_16 = bitconcatenate i12 @_ssdm_op_BitConcatenate.i12.i8.i4, i8 %trunc_ln38_11, i4 0"   --->   Operation 168 'bitconcatenate' 'shl_ln1171_16' <Predicate = true> <Delay = 0.00>
ST_2 : Operation 169 [1/1] (0.00ns)   --->   "%sext_ln1171_33 = sext i12 %shl_ln1171_16"   --->   Operation 169 'sext' 'sext_ln1171_33' <Predicate = true> <Delay = 0.00>
ST_2 : Operation 170 [1/1] (1.54ns)   --->   "%sub_ln1171_17 = sub i13 %sext_ln1171_33, i13 %sext_ln1171_32"   --->   Operation 170 'sub' 'sub_ln1171_17' <Predicate = true> <Delay = 1.54> <CoreInst = "Adder">   --->   Core 1 'Adder' <Latency = 0> <II = 1> <Delay = 1.54> <FuncUnit> <Opcode : 'add' 'sub'> <InPorts = 2> <OutPorts = 1>
ST_2 : Operation 171 [1/1] (0.00ns)   --->   "%trunc_ln717_33 = partselect i10 @_ssdm_op_PartSelect.i10.i13.i32.i32, i13 %sub_ln1171_17, i32 3, i32 12"   --->   Operation 171 'partselect' 'trunc_ln717_33' <Predicate = true> <Delay = 0.00>
ST_2 : Operation 172 [1/1] (0.00ns)   --->   "%shl_ln1171_17 = bitconcatenate i13 @_ssdm_op_BitConcatenate.i13.i8.i5, i8 %trunc_ln38_11, i5 0"   --->   Operation 172 'bitconcatenate' 'shl_ln1171_17' <Predicate = true> <Delay = 0.00>
ST_2 : Operation 173 [1/1] (0.00ns)   --->   "%sext_ln1171_34 = sext i13 %shl_ln1171_17"   --->   Operation 173 'sext' 'sext_ln1171_34' <Predicate = true> <Delay = 0.00>
ST_2 : Operation 174 [1/1] (0.00ns)   --->   "%shl_ln1171_18 = bitconcatenate i9 @_ssdm_op_BitConcatenate.i9.i8.i1, i8 %trunc_ln38_11, i1 0"   --->   Operation 174 'bitconcatenate' 'shl_ln1171_18' <Predicate = true> <Delay = 0.00>
ST_2 : Operation 175 [1/1] (0.00ns)   --->   "%sext_ln1171_35 = sext i9 %shl_ln1171_18"   --->   Operation 175 'sext' 'sext_ln1171_35' <Predicate = true> <Delay = 0.00>
ST_2 : Operation 176 [1/1] (1.53ns)   --->   "%sub_ln1171_18 = sub i14 %sext_ln1171_35, i14 %sext_ln1171_34"   --->   Operation 176 'sub' 'sub_ln1171_18' <Predicate = true> <Delay = 1.53> <CoreInst = "Adder">   --->   Core 1 'Adder' <Latency = 0> <II = 1> <Delay = 1.54> <FuncUnit> <Opcode : 'add' 'sub'> <InPorts = 2> <OutPorts = 1>
ST_2 : Operation 177 [1/1] (0.00ns)   --->   "%trunc_ln717_34 = partselect i11 @_ssdm_op_PartSelect.i11.i14.i32.i32, i14 %sub_ln1171_18, i32 3, i32 13"   --->   Operation 177 'partselect' 'trunc_ln717_34' <Predicate = true> <Delay = 0.00>
ST_2 : Operation 178 [1/1] (5.28ns)   --->   "%mul_ln1171_22 = mul i15 %sext_ln1171_31, i15 32710"   --->   Operation 178 'mul' 'mul_ln1171_22' <Predicate = true> <Delay = 5.28> <CoreInst = "Mul_LUT">   --->   Core 4 'Mul_LUT' <Latency = 0> <II = 1> <Delay = 5.28> <FuncUnit> <Opcode : 'mul'> <InPorts = 2> <OutPorts = 1>
ST_2 : Operation 179 [1/1] (0.00ns)   --->   "%trunc_ln717_35 = partselect i12 @_ssdm_op_PartSelect.i12.i15.i32.i32, i15 %mul_ln1171_22, i32 3, i32 14"   --->   Operation 179 'partselect' 'trunc_ln717_35' <Predicate = true> <Delay = 0.00>
ST_2 : Operation 180 [1/1] (0.00ns)   --->   "%sext_ln1171_36 = sext i8 %trunc_ln38_12"   --->   Operation 180 'sext' 'sext_ln1171_36' <Predicate = true> <Delay = 0.00>
ST_2 : Operation 181 [1/1] (0.00ns)   --->   "%sext_ln1171_37 = sext i8 %trunc_ln38_12"   --->   Operation 181 'sext' 'sext_ln1171_37' <Predicate = true> <Delay = 0.00>
ST_2 : Operation 182 [1/1] (0.00ns)   --->   "%tmp_s = bitconcatenate i11 @_ssdm_op_BitConcatenate.i11.i8.i3, i8 %trunc_ln38_12, i3 0"   --->   Operation 182 'bitconcatenate' 'tmp_s' <Predicate = true> <Delay = 0.00>
ST_2 : Operation 183 [1/1] (0.00ns)   --->   "%sext_ln1171_38 = sext i11 %tmp_s"   --->   Operation 183 'sext' 'sext_ln1171_38' <Predicate = true> <Delay = 0.00>
ST_2 : Operation 184 [1/1] (1.48ns)   --->   "%sub_ln1171_28 = sub i12 %sext_ln1171_37, i12 %sext_ln1171_38"   --->   Operation 184 'sub' 'sub_ln1171_28' <Predicate = true> <Delay = 1.48> <CoreInst = "Adder">   --->   Core 1 'Adder' <Latency = 0> <II = 1> <Delay = 1.54> <FuncUnit> <Opcode : 'add' 'sub'> <InPorts = 2> <OutPorts = 1>
ST_2 : Operation 185 [1/1] (0.00ns)   --->   "%trunc_ln717_36 = partselect i9 @_ssdm_op_PartSelect.i9.i12.i32.i32, i12 %sub_ln1171_28, i32 3, i32 11"   --->   Operation 185 'partselect' 'trunc_ln717_36' <Predicate = true> <Delay = 0.00>
ST_2 : Operation 186 [1/1] (5.28ns)   --->   "%mul_ln1171_23 = mul i15 %sext_ln1171_36, i15 38"   --->   Operation 186 'mul' 'mul_ln1171_23' <Predicate = true> <Delay = 5.28> <CoreInst = "Mul_LUT">   --->   Core 4 'Mul_LUT' <Latency = 0> <II = 1> <Delay = 5.28> <FuncUnit> <Opcode : 'mul'> <InPorts = 2> <OutPorts = 1>
ST_2 : Operation 187 [1/1] (0.00ns)   --->   "%trunc_ln717_37 = partselect i12 @_ssdm_op_PartSelect.i12.i15.i32.i32, i15 %mul_ln1171_23, i32 3, i32 14"   --->   Operation 187 'partselect' 'trunc_ln717_37' <Predicate = true> <Delay = 0.00>
ST_2 : Operation 188 [1/1] (0.00ns)   --->   "%sext_ln1171_39 = sext i8 %trunc_ln38_13"   --->   Operation 188 'sext' 'sext_ln1171_39' <Predicate = true> <Delay = 0.00>
ST_2 : Operation 189 [1/1] (0.00ns)   --->   "%shl_ln1171_19 = bitconcatenate i10 @_ssdm_op_BitConcatenate.i10.i8.i2, i8 %trunc_ln38_13, i2 0"   --->   Operation 189 'bitconcatenate' 'shl_ln1171_19' <Predicate = true> <Delay = 0.00>
ST_2 : Operation 190 [1/1] (0.00ns)   --->   "%sext_ln1171_41 = sext i10 %shl_ln1171_19"   --->   Operation 190 'sext' 'sext_ln1171_41' <Predicate = true> <Delay = 0.00>
ST_2 : Operation 191 [1/1] (1.41ns)   --->   "%sub_ln1171_19 = sub i11 0, i11 %sext_ln1171_41"   --->   Operation 191 'sub' 'sub_ln1171_19' <Predicate = true> <Delay = 1.41> <CoreInst = "Adder">   --->   Core 1 'Adder' <Latency = 0> <II = 1> <Delay = 1.54> <FuncUnit> <Opcode : 'add' 'sub'> <InPorts = 2> <OutPorts = 1>
ST_2 : Operation 192 [1/1] (0.00ns)   --->   "%trunc_ln717_38 = partselect i8 @_ssdm_op_PartSelect.i8.i11.i32.i32, i11 %sub_ln1171_19, i32 3, i32 10"   --->   Operation 192 'partselect' 'trunc_ln717_38' <Predicate = true> <Delay = 0.00>
ST_2 : Operation 193 [1/1] (1.41ns)   --->   "%add_ln1171_2 = add i11 %sext_ln1171_41, i11 %sext_ln1171_39"   --->   Operation 193 'add' 'add_ln1171_2' <Predicate = true> <Delay = 1.41> <CoreInst = "Adder">   --->   Core 1 'Adder' <Latency = 0> <II = 1> <Delay = 1.54> <FuncUnit> <Opcode : 'add' 'sub'> <InPorts = 2> <OutPorts = 1>
ST_2 : Operation 194 [1/1] (0.00ns)   --->   "%trunc_ln717_40 = partselect i8 @_ssdm_op_PartSelect.i8.i11.i32.i32, i11 %add_ln1171_2, i32 3, i32 10"   --->   Operation 194 'partselect' 'trunc_ln717_40' <Predicate = true> <Delay = 0.00>
ST_2 : Operation 195 [1/1] (0.00ns)   --->   "%shl_ln1171_20 = bitconcatenate i14 @_ssdm_op_BitConcatenate.i14.i8.i6, i8 %trunc_ln38_14, i6 0"   --->   Operation 195 'bitconcatenate' 'shl_ln1171_20' <Predicate = true> <Delay = 0.00>
ST_2 : Operation 196 [1/1] (0.00ns)   --->   "%sext_ln1171_42 = sext i14 %shl_ln1171_20"   --->   Operation 196 'sext' 'sext_ln1171_42' <Predicate = true> <Delay = 0.00>
ST_2 : Operation 197 [1/1] (0.00ns)   --->   "%shl_ln1171_21 = bitconcatenate i12 @_ssdm_op_BitConcatenate.i12.i8.i4, i8 %trunc_ln38_14, i4 0"   --->   Operation 197 'bitconcatenate' 'shl_ln1171_21' <Predicate = true> <Delay = 0.00>
ST_2 : Operation 198 [1/1] (0.00ns)   --->   "%sext_ln1171_43 = sext i12 %shl_ln1171_21"   --->   Operation 198 'sext' 'sext_ln1171_43' <Predicate = true> <Delay = 0.00>
ST_2 : Operation 199 [1/1] (1.52ns)   --->   "%sub_ln1171_20 = sub i15 %sext_ln1171_42, i15 %sext_ln1171_43"   --->   Operation 199 'sub' 'sub_ln1171_20' <Predicate = true> <Delay = 1.52> <CoreInst = "Adder">   --->   Core 1 'Adder' <Latency = 0> <II = 1> <Delay = 1.54> <FuncUnit> <Opcode : 'add' 'sub'> <InPorts = 2> <OutPorts = 1>
ST_2 : Operation 200 [1/1] (0.00ns)   --->   "%trunc_ln717_43 = partselect i12 @_ssdm_op_PartSelect.i12.i15.i32.i32, i15 %sub_ln1171_20, i32 3, i32 14"   --->   Operation 200 'partselect' 'trunc_ln717_43' <Predicate = true> <Delay = 0.00>
ST_2 : Operation 201 [1/1] (0.00ns)   --->   "%r_V_16 = sext i8 %trunc_ln38_15" [firmware/nnet_utils/nnet_dense_latency.h:38]   --->   Operation 201 'sext' 'r_V_16' <Predicate = true> <Delay = 0.00>
ST_2 : Operation 202 [1/1] (0.00ns)   --->   "%sext_ln1171_44 = sext i8 %trunc_ln38_15"   --->   Operation 202 'sext' 'sext_ln1171_44' <Predicate = true> <Delay = 0.00>
ST_2 : Operation 203 [1/1] (0.00ns)   --->   "%sext_ln1171_45 = sext i8 %trunc_ln38_15"   --->   Operation 203 'sext' 'sext_ln1171_45' <Predicate = true> <Delay = 0.00>
ST_2 : Operation 204 [1/1] (5.28ns)   --->   "%mul_ln1171_26 = mul i14 %sext_ln1171_45, i14 22"   --->   Operation 204 'mul' 'mul_ln1171_26' <Predicate = true> <Delay = 5.28> <CoreInst = "Mul_LUT">   --->   Core 4 'Mul_LUT' <Latency = 0> <II = 1> <Delay = 5.28> <FuncUnit> <Opcode : 'mul'> <InPorts = 2> <OutPorts = 1>
ST_2 : Operation 205 [1/1] (0.00ns)   --->   "%trunc_ln717_44 = partselect i11 @_ssdm_op_PartSelect.i11.i14.i32.i32, i14 %mul_ln1171_26, i32 3, i32 13"   --->   Operation 205 'partselect' 'trunc_ln717_44' <Predicate = true> <Delay = 0.00>
ST_2 : Operation 206 [1/1] (0.00ns)   --->   "%tmp_1 = bitconcatenate i12 @_ssdm_op_BitConcatenate.i12.i8.i4, i8 %trunc_ln38_15, i4 0"   --->   Operation 206 'bitconcatenate' 'tmp_1' <Predicate = true> <Delay = 0.00>
ST_2 : Operation 207 [1/1] (0.00ns)   --->   "%sext_ln1171_46 = sext i12 %tmp_1"   --->   Operation 207 'sext' 'sext_ln1171_46' <Predicate = true> <Delay = 0.00>
ST_2 : Operation 208 [1/1] (1.54ns)   --->   "%sub_ln1171_29 = sub i13 %sext_ln1171_44, i13 %sext_ln1171_46"   --->   Operation 208 'sub' 'sub_ln1171_29' <Predicate = true> <Delay = 1.54> <CoreInst = "Adder">   --->   Core 1 'Adder' <Latency = 0> <II = 1> <Delay = 1.54> <FuncUnit> <Opcode : 'add' 'sub'> <InPorts = 2> <OutPorts = 1>
ST_2 : Operation 209 [1/1] (0.00ns)   --->   "%trunc_ln717_45 = partselect i10 @_ssdm_op_PartSelect.i10.i13.i32.i32, i13 %sub_ln1171_29, i32 3, i32 12"   --->   Operation 209 'partselect' 'trunc_ln717_45' <Predicate = true> <Delay = 0.00>
ST_2 : Operation 210 [1/1] (5.28ns)   --->   "%mul_ln1171_27 = mul i16 %r_V_16, i16 65467"   --->   Operation 210 'mul' 'mul_ln1171_27' <Predicate = true> <Delay = 5.28> <CoreInst = "Mul_LUT">   --->   Core 4 'Mul_LUT' <Latency = 0> <II = 1> <Delay = 5.28> <FuncUnit> <Opcode : 'mul'> <InPorts = 2> <OutPorts = 1>
ST_2 : Operation 211 [1/1] (0.00ns)   --->   "%trunc_ln717_46 = partselect i13 @_ssdm_op_PartSelect.i13.i16.i32.i32, i16 %mul_ln1171_27, i32 3, i32 15"   --->   Operation 211 'partselect' 'trunc_ln717_46' <Predicate = true> <Delay = 0.00>
ST_2 : Operation 212 [1/1] (0.00ns)   --->   "%shl_ln1171_22 = bitconcatenate i14 @_ssdm_op_BitConcatenate.i14.i8.i6, i8 %trunc_ln38_16, i6 0"   --->   Operation 212 'bitconcatenate' 'shl_ln1171_22' <Predicate = true> <Delay = 0.00>
ST_2 : Operation 213 [1/1] (0.00ns)   --->   "%sext_ln1171_48 = sext i14 %shl_ln1171_22"   --->   Operation 213 'sext' 'sext_ln1171_48' <Predicate = true> <Delay = 0.00>
ST_2 : Operation 214 [1/1] (0.00ns) (grouped into TernaryAdder)   --->   "%sub_ln1171_21 = sub i15 0, i15 %sext_ln1171_48"   --->   Operation 214 'sub' 'sub_ln1171_21' <Predicate = true> <Delay = 0.00> <CoreInst = "TAddSub">   --->   Core 10 'TAddSub' <Latency = 0> <II = 1> <Delay = 1.56> <IPBlock> <Opcode : 'add' 'sub'> <InPorts = 3> <OutPorts = 1> <Sync> <CReg>
ST_2 : Operation 215 [1/1] (0.00ns)   --->   "%shl_ln1171_23 = bitconcatenate i10 @_ssdm_op_BitConcatenate.i10.i8.i2, i8 %trunc_ln38_16, i2 0"   --->   Operation 215 'bitconcatenate' 'shl_ln1171_23' <Predicate = true> <Delay = 0.00>
ST_2 : Operation 216 [1/1] (0.00ns)   --->   "%sext_ln1171_49 = sext i10 %shl_ln1171_23"   --->   Operation 216 'sext' 'sext_ln1171_49' <Predicate = true> <Delay = 0.00>
ST_2 : Operation 217 [1/1] (3.15ns) (root node of TernaryAdder)   --->   "%sub_ln1171_22 = sub i15 %sub_ln1171_21, i15 %sext_ln1171_49"   --->   Operation 217 'sub' 'sub_ln1171_22' <Predicate = true> <Delay = 3.15> <CoreInst = "TAddSub">   --->   Core 10 'TAddSub' <Latency = 0> <II = 1> <Delay = 1.56> <IPBlock> <Opcode : 'add' 'sub'> <InPorts = 3> <OutPorts = 1> <Sync> <CReg>
ST_2 : Operation 218 [1/1] (0.00ns)   --->   "%trunc_ln717_49 = partselect i12 @_ssdm_op_PartSelect.i12.i15.i32.i32, i15 %sub_ln1171_22, i32 3, i32 14"   --->   Operation 218 'partselect' 'trunc_ln717_49' <Predicate = true> <Delay = 0.00>
ST_2 : Operation 219 [1/1] (0.00ns)   --->   "%sext_ln712_42 = sext i9 %trunc_ln717_36"   --->   Operation 219 'sext' 'sext_ln712_42' <Predicate = true> <Delay = 0.00>
ST_2 : Operation 220 [1/1] (0.00ns)   --->   "%sext_ln712_45 = sext i8 %trunc_ln717_38"   --->   Operation 220 'sext' 'sext_ln712_45' <Predicate = true> <Delay = 0.00>
ST_2 : Operation 221 [1/1] (0.00ns)   --->   "%sext_ln712_46 = sext i11 %trunc_ln717_39"   --->   Operation 221 'sext' 'sext_ln712_46' <Predicate = true> <Delay = 0.00>
ST_2 : Operation 222 [1/1] (0.00ns)   --->   "%sext_ln712_49 = sext i11 %trunc_ln717_42"   --->   Operation 222 'sext' 'sext_ln712_49' <Predicate = true> <Delay = 0.00>
ST_2 : Operation 223 [1/1] (0.00ns)   --->   "%sext_ln712_54 = sext i12 %trunc_ln717_47"   --->   Operation 223 'sext' 'sext_ln712_54' <Predicate = true> <Delay = 0.00>
ST_2 : Operation 224 [1/1] (0.00ns)   --->   "%sext_ln712_55 = sext i5 %trunc_ln717_48"   --->   Operation 224 'sext' 'sext_ln712_55' <Predicate = true> <Delay = 0.00>
ST_2 : Operation 225 [1/1] (0.00ns)   --->   "%sext_ln712_57 = sext i9 %trunc_ln717_50"   --->   Operation 225 'sext' 'sext_ln712_57' <Predicate = true> <Delay = 0.00>
ST_2 : Operation 226 [1/1] (0.00ns)   --->   "%sext_ln712_58 = sext i13 %trunc_ln717_51"   --->   Operation 226 'sext' 'sext_ln712_58' <Predicate = true> <Delay = 0.00>
ST_2 : Operation 227 [1/1] (0.00ns)   --->   "%sext_ln712_59 = sext i13 %trunc_ln717_52"   --->   Operation 227 'sext' 'sext_ln712_59' <Predicate = true> <Delay = 0.00>
ST_2 : Operation 228 [1/1] (0.00ns)   --->   "%sext_ln712_60 = sext i13 %trunc_ln717_53"   --->   Operation 228 'sext' 'sext_ln712_60' <Predicate = true> <Delay = 0.00>
ST_2 : Operation 229 [1/1] (0.00ns)   --->   "%sext_ln712_61 = sext i13 %trunc_ln717_54"   --->   Operation 229 'sext' 'sext_ln712_61' <Predicate = true> <Delay = 0.00>
ST_2 : Operation 230 [1/1] (0.00ns)   --->   "%sext_ln712_63 = sext i12 %trunc_ln717_56"   --->   Operation 230 'sext' 'sext_ln712_63' <Predicate = true> <Delay = 0.00>
ST_2 : Operation 231 [1/1] (0.00ns)   --->   "%sext_ln740 = sext i12 %trunc_ln717_57"   --->   Operation 231 'sext' 'sext_ln740' <Predicate = true> <Delay = 0.00>
ST_2 : Operation 232 [1/1] (1.36ns)   --->   "%add_ln740_19 = add i10 %sext_ln712_42, i10 %sext_ln712_45"   --->   Operation 232 'add' 'add_ln740_19' <Predicate = true> <Delay = 1.36> <CoreInst = "Adder">   --->   Core 1 'Adder' <Latency = 0> <II = 1> <Delay = 1.54> <FuncUnit> <Opcode : 'add' 'sub'> <InPorts = 2> <OutPorts = 1>
ST_2 : Operation 233 [1/1] (1.53ns)   --->   "%add_ln740_22 = add i14 %sext_ln712_54, i14 %sext_ln712_59"   --->   Operation 233 'add' 'add_ln740_22' <Predicate = true> <Delay = 1.53> <CoreInst = "Adder">   --->   Core 1 'Adder' <Latency = 0> <II = 1> <Delay = 1.54> <FuncUnit> <Opcode : 'add' 'sub'> <InPorts = 2> <OutPorts = 1>
ST_2 : Operation 234 [1/1] (1.48ns)   --->   "%add_ln740_39 = add i12 %sext_ln712_46, i12 %sext_ln712_49"   --->   Operation 234 'add' 'add_ln740_39' <Predicate = true> <Delay = 1.48> <CoreInst = "Adder">   --->   Core 1 'Adder' <Latency = 0> <II = 1> <Delay = 1.54> <FuncUnit> <Opcode : 'add' 'sub'> <InPorts = 2> <OutPorts = 1>
ST_2 : Operation 235 [1/1] (1.53ns)   --->   "%add_ln740_42 = add i14 %sext_ln712_57, i14 %sext_ln712_60"   --->   Operation 235 'add' 'add_ln740_42' <Predicate = true> <Delay = 1.53> <CoreInst = "Adder">   --->   Core 1 'Adder' <Latency = 0> <II = 1> <Delay = 1.54> <FuncUnit> <Opcode : 'add' 'sub'> <InPorts = 2> <OutPorts = 1>
ST_2 : Operation 236 [1/1] (1.02ns)   --->   "%add_ln740_44 = add i6 %sext_ln712_55, i6 56"   --->   Operation 236 'add' 'add_ln740_44' <Predicate = true> <Delay = 1.02> <CoreInst = "Adder">   --->   Core 1 'Adder' <Latency = 0> <II = 1> <Delay = 1.54> <FuncUnit> <Opcode : 'add' 'sub'> <InPorts = 2> <OutPorts = 1>
ST_2 : Operation 237 [1/1] (0.00ns)   --->   "%sext_ln740_11 = sext i6 %add_ln740_44"   --->   Operation 237 'sext' 'sext_ln740_11' <Predicate = true> <Delay = 0.00>
ST_2 : Operation 238 [1/1] (1.54ns)   --->   "%add_ln740_45 = add i13 %sext_ln740_11, i13 %sext_ln712_63"   --->   Operation 238 'add' 'add_ln740_45' <Predicate = true> <Delay = 1.54> <CoreInst = "Adder">   --->   Core 1 'Adder' <Latency = 0> <II = 1> <Delay = 1.54> <FuncUnit> <Opcode : 'add' 'sub'> <InPorts = 2> <OutPorts = 1>
ST_2 : Operation 239 [1/1] (1.53ns)   --->   "%add_ln740_62 = add i14 %sext_ln712_58, i14 %sext_ln712_61"   --->   Operation 239 'add' 'add_ln740_62' <Predicate = true> <Delay = 1.53> <CoreInst = "Adder">   --->   Core 1 'Adder' <Latency = 0> <II = 1> <Delay = 1.54> <FuncUnit> <Opcode : 'add' 'sub'> <InPorts = 2> <OutPorts = 1>
ST_2 : Operation 240 [1/1] (0.00ns)   --->   "%zext_ln740_4 = zext i10 %add_ln740_64"   --->   Operation 240 'zext' 'zext_ln740_4' <Predicate = true> <Delay = 0.00>
ST_2 : Operation 241 [1/1] (1.54ns)   --->   "%add_ln740_65 = add i13 %zext_ln740_4, i13 %sext_ln740"   --->   Operation 241 'add' 'add_ln740_65' <Predicate = true> <Delay = 1.54> <CoreInst = "Adder">   --->   Core 1 'Adder' <Latency = 0> <II = 1> <Delay = 1.54> <FuncUnit> <Opcode : 'add' 'sub'> <InPorts = 2> <OutPorts = 1>

State 3 <SV = 2> <Delay = 5.28>
ST_3 : Operation 242 [1/1] (0.00ns)   --->   "%r_V_0 = sext i8 %trunc_ln38" [firmware/nnet_utils/nnet_dense_latency.h:38]   --->   Operation 242 'sext' 'r_V_0' <Predicate = true> <Delay = 0.00>
ST_3 : Operation 243 [1/1] (0.00ns)   --->   "%sext_ln1171 = sext i8 %trunc_ln38"   --->   Operation 243 'sext' 'sext_ln1171' <Predicate = true> <Delay = 0.00>
ST_3 : Operation 244 [1/1] (5.28ns)   --->   "%mul_ln1171 = mul i15 %sext_ln1171, i15 32724"   --->   Operation 244 'mul' 'mul_ln1171' <Predicate = true> <Delay = 5.28> <CoreInst = "Mul_LUT">   --->   Core 4 'Mul_LUT' <Latency = 0> <II = 1> <Delay = 5.28> <FuncUnit> <Opcode : 'mul'> <InPorts = 2> <OutPorts = 1>
ST_3 : Operation 245 [1/1] (0.00ns)   --->   "%trunc_ln5 = partselect i12 @_ssdm_op_PartSelect.i12.i15.i32.i32, i15 %mul_ln1171, i32 3, i32 14"   --->   Operation 245 'partselect' 'trunc_ln5' <Predicate = true> <Delay = 0.00>
ST_3 : Operation 246 [1/1] (5.28ns)   --->   "%mul_ln1171_1 = mul i16 %r_V_0, i16 111"   --->   Operation 246 'mul' 'mul_ln1171_1' <Predicate = true> <Delay = 5.28> <CoreInst = "Mul_LUT">   --->   Core 4 'Mul_LUT' <Latency = 0> <II = 1> <Delay = 5.28> <FuncUnit> <Opcode : 'mul'> <InPorts = 2> <OutPorts = 1>
ST_3 : Operation 247 [1/1] (0.00ns)   --->   "%trunc_ln717_9 = partselect i13 @_ssdm_op_PartSelect.i13.i16.i32.i32, i16 %mul_ln1171_1, i32 3, i32 15"   --->   Operation 247 'partselect' 'trunc_ln717_9' <Predicate = true> <Delay = 0.00>
ST_3 : Operation 248 [1/1] (0.00ns)   --->   "%shl_ln = bitconcatenate i12 @_ssdm_op_BitConcatenate.i12.i8.i4, i8 %trunc_ln38, i4 0"   --->   Operation 248 'bitconcatenate' 'shl_ln' <Predicate = true> <Delay = 0.00>
ST_3 : Operation 249 [1/1] (0.00ns)   --->   "%sext_ln1171_4 = sext i12 %shl_ln"   --->   Operation 249 'sext' 'sext_ln1171_4' <Predicate = true> <Delay = 0.00>
ST_3 : Operation 250 [1/1] (0.00ns)   --->   "%shl_ln1171_4 = bitconcatenate i10 @_ssdm_op_BitConcatenate.i10.i8.i2, i8 %trunc_ln38, i2 0"   --->   Operation 250 'bitconcatenate' 'shl_ln1171_4' <Predicate = true> <Delay = 0.00>
ST_3 : Operation 251 [1/1] (0.00ns)   --->   "%sext_ln1171_5 = sext i10 %shl_ln1171_4"   --->   Operation 251 'sext' 'sext_ln1171_5' <Predicate = true> <Delay = 0.00>
ST_3 : Operation 252 [1/1] (1.54ns)   --->   "%sub_ln1171 = sub i13 %sext_ln1171_5, i13 %sext_ln1171_4"   --->   Operation 252 'sub' 'sub_ln1171' <Predicate = true> <Delay = 1.54> <CoreInst = "Adder">   --->   Core 1 'Adder' <Latency = 0> <II = 1> <Delay = 1.54> <FuncUnit> <Opcode : 'add' 'sub'> <InPorts = 2> <OutPorts = 1>
ST_3 : Operation 253 [1/1] (0.00ns)   --->   "%trunc_ln717_s = partselect i10 @_ssdm_op_PartSelect.i10.i13.i32.i32, i13 %sub_ln1171, i32 3, i32 12"   --->   Operation 253 'partselect' 'trunc_ln717_s' <Predicate = true> <Delay = 0.00>
ST_3 : Operation 254 [1/1] (0.00ns)   --->   "%r_V_1 = sext i8 %trunc_ln38_1" [firmware/nnet_utils/nnet_dense_latency.h:38]   --->   Operation 254 'sext' 'r_V_1' <Predicate = true> <Delay = 0.00>
ST_3 : Operation 255 [1/1] (0.00ns)   --->   "%shl_ln1171_5 = bitconcatenate i15 @_ssdm_op_BitConcatenate.i15.i8.i7, i8 %trunc_ln38_1, i7 0"   --->   Operation 255 'bitconcatenate' 'shl_ln1171_5' <Predicate = true> <Delay = 0.00>
ST_3 : Operation 256 [1/1] (0.00ns)   --->   "%sext_ln1171_6 = sext i15 %shl_ln1171_5"   --->   Operation 256 'sext' 'sext_ln1171_6' <Predicate = true> <Delay = 0.00>
ST_3 : Operation 257 [1/1] (1.53ns)   --->   "%sub_ln1171_7 = sub i16 %sext_ln1171_6, i16 %r_V_1"   --->   Operation 257 'sub' 'sub_ln1171_7' <Predicate = true> <Delay = 1.53> <CoreInst = "Adder">   --->   Core 1 'Adder' <Latency = 0> <II = 1> <Delay = 1.54> <FuncUnit> <Opcode : 'add' 'sub'> <InPorts = 2> <OutPorts = 1>
ST_3 : Operation 258 [1/1] (0.00ns)   --->   "%trunc_ln717_1 = partselect i13 @_ssdm_op_PartSelect.i13.i16.i32.i32, i16 %sub_ln1171_7, i32 3, i32 15"   --->   Operation 258 'partselect' 'trunc_ln717_1' <Predicate = true> <Delay = 0.00>
ST_3 : Operation 259 [1/1] (1.53ns)   --->   "%sub_ln1171_8 = sub i16 0, i16 %sext_ln1171_6"   --->   Operation 259 'sub' 'sub_ln1171_8' <Predicate = true> <Delay = 1.53> <CoreInst = "Adder">   --->   Core 1 'Adder' <Latency = 0> <II = 1> <Delay = 1.54> <FuncUnit> <Opcode : 'add' 'sub'> <InPorts = 2> <OutPorts = 1>
ST_3 : Operation 260 [1/1] (0.00ns)   --->   "%trunc_ln717_2 = partselect i13 @_ssdm_op_PartSelect.i13.i16.i32.i32, i16 %sub_ln1171_8, i32 3, i32 15"   --->   Operation 260 'partselect' 'trunc_ln717_2' <Predicate = true> <Delay = 0.00>
ST_3 : Operation 261 [1/1] (5.28ns)   --->   "%mul_ln1171_2 = mul i16 %r_V_1, i16 65426"   --->   Operation 261 'mul' 'mul_ln1171_2' <Predicate = true> <Delay = 5.28> <CoreInst = "Mul_LUT">   --->   Core 4 'Mul_LUT' <Latency = 0> <II = 1> <Delay = 5.28> <FuncUnit> <Opcode : 'mul'> <InPorts = 2> <OutPorts = 1>
ST_3 : Operation 262 [1/1] (0.00ns)   --->   "%trunc_ln717_3 = partselect i13 @_ssdm_op_PartSelect.i13.i16.i32.i32, i16 %mul_ln1171_2, i32 3, i32 15"   --->   Operation 262 'partselect' 'trunc_ln717_3' <Predicate = true> <Delay = 0.00>
ST_3 : Operation 263 [1/1] (0.00ns)   --->   "%sext_ln1171_18 = sext i8 %trunc_ln38_5"   --->   Operation 263 'sext' 'sext_ln1171_18' <Predicate = true> <Delay = 0.00>
ST_3 : Operation 264 [1/1] (0.00ns)   --->   "%sext_ln1171_19 = sext i8 %trunc_ln38_5"   --->   Operation 264 'sext' 'sext_ln1171_19' <Predicate = true> <Delay = 0.00>
ST_3 : Operation 265 [1/1] (5.28ns)   --->   "%mul_ln1171_8 = mul i14 %sext_ln1171_19, i14 16358"   --->   Operation 265 'mul' 'mul_ln1171_8' <Predicate = true> <Delay = 5.28> <CoreInst = "Mul_LUT">   --->   Core 4 'Mul_LUT' <Latency = 0> <II = 1> <Delay = 5.28> <FuncUnit> <Opcode : 'mul'> <InPorts = 2> <OutPorts = 1>
ST_3 : Operation 266 [1/1] (0.00ns)   --->   "%trunc_ln717_14 = partselect i11 @_ssdm_op_PartSelect.i11.i14.i32.i32, i14 %mul_ln1171_8, i32 3, i32 13"   --->   Operation 266 'partselect' 'trunc_ln717_14' <Predicate = true> <Delay = 0.00>
ST_3 : Operation 267 [1/1] (0.00ns)   --->   "%shl_ln1171_2 = bitconcatenate i12 @_ssdm_op_BitConcatenate.i12.i8.i4, i8 %trunc_ln38_5, i4 0"   --->   Operation 267 'bitconcatenate' 'shl_ln1171_2' <Predicate = true> <Delay = 0.00>
ST_3 : Operation 268 [1/1] (0.00ns)   --->   "%sext_ln1171_20 = sext i12 %shl_ln1171_2"   --->   Operation 268 'sext' 'sext_ln1171_20' <Predicate = true> <Delay = 0.00>
ST_3 : Operation 269 [1/1] (1.54ns)   --->   "%add_ln1171_1 = add i13 %sext_ln1171_20, i13 %sext_ln1171_18"   --->   Operation 269 'add' 'add_ln1171_1' <Predicate = true> <Delay = 1.54> <CoreInst = "Adder">   --->   Core 1 'Adder' <Latency = 0> <II = 1> <Delay = 1.54> <FuncUnit> <Opcode : 'add' 'sub'> <InPorts = 2> <OutPorts = 1>
ST_3 : Operation 270 [1/1] (0.00ns)   --->   "%trunc_ln717_15 = partselect i10 @_ssdm_op_PartSelect.i10.i13.i32.i32, i13 %add_ln1171_1, i32 3, i32 12"   --->   Operation 270 'partselect' 'trunc_ln717_15' <Predicate = true> <Delay = 0.00>
ST_3 : Operation 271 [1/1] (5.28ns)   --->   "%mul_ln1171_9 = mul i14 %sext_ln1171_19, i14 19"   --->   Operation 271 'mul' 'mul_ln1171_9' <Predicate = true> <Delay = 5.28> <CoreInst = "Mul_LUT">   --->   Core 4 'Mul_LUT' <Latency = 0> <II = 1> <Delay = 5.28> <FuncUnit> <Opcode : 'mul'> <InPorts = 2> <OutPorts = 1>
ST_3 : Operation 272 [1/1] (0.00ns)   --->   "%trunc_ln717_16 = partselect i11 @_ssdm_op_PartSelect.i11.i14.i32.i32, i14 %mul_ln1171_9, i32 3, i32 13"   --->   Operation 272 'partselect' 'trunc_ln717_16' <Predicate = true> <Delay = 0.00>
ST_3 : Operation 273 [1/1] (0.00ns)   --->   "%shl_ln1171_3 = bitconcatenate i15 @_ssdm_op_BitConcatenate.i15.i8.i7, i8 %trunc_ln38_6, i7 0"   --->   Operation 273 'bitconcatenate' 'shl_ln1171_3' <Predicate = true> <Delay = 0.00>
ST_3 : Operation 274 [1/1] (0.00ns)   --->   "%sext_ln1171_21 = sext i15 %shl_ln1171_3"   --->   Operation 274 'sext' 'sext_ln1171_21' <Predicate = true> <Delay = 0.00>
ST_3 : Operation 275 [1/1] (0.00ns)   --->   "%shl_ln1171_10 = bitconcatenate i9 @_ssdm_op_BitConcatenate.i9.i8.i1, i8 %trunc_ln38_6, i1 0"   --->   Operation 275 'bitconcatenate' 'shl_ln1171_10' <Predicate = true> <Delay = 0.00>
ST_3 : Operation 276 [1/1] (0.00ns)   --->   "%sext_ln1171_22 = sext i9 %shl_ln1171_10"   --->   Operation 276 'sext' 'sext_ln1171_22' <Predicate = true> <Delay = 0.00>
ST_3 : Operation 277 [1/1] (1.53ns)   --->   "%sub_ln1171_13 = sub i16 %sext_ln1171_22, i16 %sext_ln1171_21"   --->   Operation 277 'sub' 'sub_ln1171_13' <Predicate = true> <Delay = 1.53> <CoreInst = "Adder">   --->   Core 1 'Adder' <Latency = 0> <II = 1> <Delay = 1.54> <FuncUnit> <Opcode : 'add' 'sub'> <InPorts = 2> <OutPorts = 1>
ST_3 : Operation 278 [1/1] (0.00ns)   --->   "%trunc_ln717_17 = partselect i13 @_ssdm_op_PartSelect.i13.i16.i32.i32, i16 %sub_ln1171_13, i32 3, i32 15"   --->   Operation 278 'partselect' 'trunc_ln717_17' <Predicate = true> <Delay = 0.00>
ST_3 : Operation 279 [1/1] (0.00ns)   --->   "%shl_ln2 = bitconcatenate i11 @_ssdm_op_BitConcatenate.i11.i8.i3, i8 %trunc_ln38_7, i3 0"   --->   Operation 279 'bitconcatenate' 'shl_ln2' <Predicate = true> <Delay = 0.00>
ST_3 : Operation 280 [1/1] (0.00ns)   --->   "%sext_ln712_10 = sext i11 %trunc_ln717_4"   --->   Operation 280 'sext' 'sext_ln712_10' <Predicate = true> <Delay = 0.00>
ST_3 : Operation 281 [1/1] (0.00ns)   --->   "%sext_ln712_11 = sext i13 %trunc_ln717_5"   --->   Operation 281 'sext' 'sext_ln712_11' <Predicate = true> <Delay = 0.00>
ST_3 : Operation 282 [1/1] (0.00ns)   --->   "%sext_ln712_12 = sext i11 %trunc_ln717_6"   --->   Operation 282 'sext' 'sext_ln712_12' <Predicate = true> <Delay = 0.00>
ST_3 : Operation 283 [1/1] (0.00ns)   --->   "%sext_ln712_13 = sext i13 %trunc_ln717_7"   --->   Operation 283 'sext' 'sext_ln712_13' <Predicate = true> <Delay = 0.00>
ST_3 : Operation 284 [1/1] (0.00ns)   --->   "%sext_ln712_14 = sext i13 %trunc_ln717_8"   --->   Operation 284 'sext' 'sext_ln712_14' <Predicate = true> <Delay = 0.00>
ST_3 : Operation 285 [1/1] (0.00ns)   --->   "%sext_ln712_15 = sext i12 %trunc_ln717_10"   --->   Operation 285 'sext' 'sext_ln712_15' <Predicate = true> <Delay = 0.00>
ST_3 : Operation 286 [1/1] (0.00ns)   --->   "%sext_ln712_16 = sext i12 %trunc_ln717_11"   --->   Operation 286 'sext' 'sext_ln712_16' <Predicate = true> <Delay = 0.00>
ST_3 : Operation 287 [1/1] (0.00ns)   --->   "%sext_ln712_17 = sext i10 %trunc_ln717_12"   --->   Operation 287 'sext' 'sext_ln712_17' <Predicate = true> <Delay = 0.00>
ST_3 : Operation 288 [1/1] (0.00ns)   --->   "%sext_ln712_18 = sext i11 %trunc_ln717_13"   --->   Operation 288 'sext' 'sext_ln712_18' <Predicate = true> <Delay = 0.00>
ST_3 : Operation 289 [1/1] (0.00ns)   --->   "%sext_ln712_23 = sext i13 %trunc_ln717_18"   --->   Operation 289 'sext' 'sext_ln712_23' <Predicate = true> <Delay = 0.00>
ST_3 : Operation 290 [1/1] (0.00ns)   --->   "%sext_ln712_24 = sext i13 %trunc_ln717_19"   --->   Operation 290 'sext' 'sext_ln712_24' <Predicate = true> <Delay = 0.00>
ST_3 : Operation 291 [1/1] (0.00ns)   --->   "%sext_ln712_25 = sext i13 %trunc_ln717_20"   --->   Operation 291 'sext' 'sext_ln712_25' <Predicate = true> <Delay = 0.00>
ST_3 : Operation 292 [1/1] (0.00ns)   --->   "%sext_ln712_26 = sext i11 %shl_ln2"   --->   Operation 292 'sext' 'sext_ln712_26' <Predicate = true> <Delay = 0.00>
ST_3 : Operation 293 [1/1] (0.00ns)   --->   "%sext_ln712_27 = sext i12 %trunc_ln717_21"   --->   Operation 293 'sext' 'sext_ln712_27' <Predicate = true> <Delay = 0.00>
ST_3 : Operation 294 [1/1] (0.00ns)   --->   "%sext_ln712_28 = sext i13 %trunc_ln717_22"   --->   Operation 294 'sext' 'sext_ln712_28' <Predicate = true> <Delay = 0.00>
ST_3 : Operation 295 [1/1] (0.00ns)   --->   "%sext_ln712_29 = sext i13 %trunc_ln717_23"   --->   Operation 295 'sext' 'sext_ln712_29' <Predicate = true> <Delay = 0.00>
ST_3 : Operation 296 [1/1] (0.00ns)   --->   "%sext_ln712_30 = sext i13 %trunc_ln717_24"   --->   Operation 296 'sext' 'sext_ln712_30' <Predicate = true> <Delay = 0.00>
ST_3 : Operation 297 [1/1] (0.00ns)   --->   "%sext_ln712_31 = sext i13 %trunc_ln717_25"   --->   Operation 297 'sext' 'sext_ln712_31' <Predicate = true> <Delay = 0.00>
ST_3 : Operation 298 [1/1] (0.00ns)   --->   "%sext_ln712_32 = sext i13 %trunc_ln717_26"   --->   Operation 298 'sext' 'sext_ln712_32' <Predicate = true> <Delay = 0.00>
ST_3 : Operation 299 [1/1] (0.00ns)   --->   "%sext_ln712_33 = sext i13 %trunc_ln717_27"   --->   Operation 299 'sext' 'sext_ln712_33' <Predicate = true> <Delay = 0.00>
ST_3 : Operation 300 [1/1] (0.00ns)   --->   "%sext_ln712_34 = sext i11 %trunc_ln717_28"   --->   Operation 300 'sext' 'sext_ln712_34' <Predicate = true> <Delay = 0.00>
ST_3 : Operation 301 [1/1] (0.00ns)   --->   "%sext_ln712_35 = sext i10 %trunc_ln717_29"   --->   Operation 301 'sext' 'sext_ln712_35' <Predicate = true> <Delay = 0.00>
ST_3 : Operation 302 [1/1] (0.00ns)   --->   "%sext_ln712_36 = sext i12 %trunc_ln717_30"   --->   Operation 302 'sext' 'sext_ln712_36' <Predicate = true> <Delay = 0.00>
ST_3 : Operation 303 [1/1] (0.00ns)   --->   "%sext_ln712_37 = sext i11 %trunc_ln717_31"   --->   Operation 303 'sext' 'sext_ln712_37' <Predicate = true> <Delay = 0.00>
ST_3 : Operation 304 [1/1] (0.00ns)   --->   "%sext_ln712_38 = sext i7 %trunc_ln717_32"   --->   Operation 304 'sext' 'sext_ln712_38' <Predicate = true> <Delay = 0.00>
ST_3 : Operation 305 [1/1] (0.00ns)   --->   "%sext_ln712_39 = sext i10 %trunc_ln717_33"   --->   Operation 305 'sext' 'sext_ln712_39' <Predicate = true> <Delay = 0.00>
ST_3 : Operation 306 [1/1] (0.00ns)   --->   "%sext_ln712_40 = sext i11 %trunc_ln717_34"   --->   Operation 306 'sext' 'sext_ln712_40' <Predicate = true> <Delay = 0.00>
ST_3 : Operation 307 [1/1] (0.00ns)   --->   "%sext_ln712_41 = sext i12 %trunc_ln717_35"   --->   Operation 307 'sext' 'sext_ln712_41' <Predicate = true> <Delay = 0.00>
ST_3 : Operation 308 [1/1] (0.00ns)   --->   "%sext_ln712_43 = sext i12 %trunc_ln717_37"   --->   Operation 308 'sext' 'sext_ln712_43' <Predicate = true> <Delay = 0.00>
ST_3 : Operation 309 [1/1] (0.00ns)   --->   "%sext_ln712_47 = sext i8 %trunc_ln717_40"   --->   Operation 309 'sext' 'sext_ln712_47' <Predicate = true> <Delay = 0.00>
ST_3 : Operation 310 [1/1] (0.00ns)   --->   "%sext_ln712_50 = sext i12 %trunc_ln717_43"   --->   Operation 310 'sext' 'sext_ln712_50' <Predicate = true> <Delay = 0.00>
ST_3 : Operation 311 [1/1] (0.00ns)   --->   "%sext_ln712_51 = sext i11 %trunc_ln717_44"   --->   Operation 311 'sext' 'sext_ln712_51' <Predicate = true> <Delay = 0.00>
ST_3 : Operation 312 [1/1] (0.00ns)   --->   "%sext_ln712_52 = sext i10 %trunc_ln717_45"   --->   Operation 312 'sext' 'sext_ln712_52' <Predicate = true> <Delay = 0.00>
ST_3 : Operation 313 [1/1] (0.00ns)   --->   "%sext_ln712_53 = sext i13 %trunc_ln717_46"   --->   Operation 313 'sext' 'sext_ln712_53' <Predicate = true> <Delay = 0.00>
ST_3 : Operation 314 [1/1] (0.00ns)   --->   "%sext_ln712_56 = sext i12 %trunc_ln717_49"   --->   Operation 314 'sext' 'sext_ln712_56' <Predicate = true> <Delay = 0.00>
ST_3 : Operation 315 [1/1] (0.00ns) (grouped into TernaryAdder)   --->   "%add_ln740_10 = add i14 %sext_ln712_13, i14 %sext_ln712_16"   --->   Operation 315 'add' 'add_ln740_10' <Predicate = true> <Delay = 0.00> <CoreInst = "TAddSub">   --->   Core 10 'TAddSub' <Latency = 0> <II = 1> <Delay = 1.56> <IPBlock> <Opcode : 'add' 'sub'> <InPorts = 3> <OutPorts = 1> <Sync> <CReg>
ST_3 : Operation 316 [1/1] (3.13ns) (root node of TernaryAdder)   --->   "%add_ln740_11 = add i14 %add_ln740_10, i14 %sext_ln712_10"   --->   Operation 316 'add' 'add_ln740_11' <Predicate = true> <Delay = 3.13> <CoreInst = "TAddSub">   --->   Core 10 'TAddSub' <Latency = 0> <II = 1> <Delay = 1.56> <IPBlock> <Opcode : 'add' 'sub'> <InPorts = 3> <OutPorts = 1> <Sync> <CReg>
ST_3 : Operation 317 [1/1] (0.00ns) (grouped into TernaryAdder)   --->   "%add_ln740_14 = add i14 %sext_ln712_27, i14 %sext_ln712_30"   --->   Operation 317 'add' 'add_ln740_14' <Predicate = true> <Delay = 0.00> <CoreInst = "TAddSub">   --->   Core 10 'TAddSub' <Latency = 0> <II = 1> <Delay = 1.56> <IPBlock> <Opcode : 'add' 'sub'> <InPorts = 3> <OutPorts = 1> <Sync> <CReg>
ST_3 : Operation 318 [1/1] (3.13ns) (root node of TernaryAdder)   --->   "%add_ln740_15 = add i14 %add_ln740_14, i14 %sext_ln712_24"   --->   Operation 318 'add' 'add_ln740_15' <Predicate = true> <Delay = 3.13> <CoreInst = "TAddSub">   --->   Core 10 'TAddSub' <Latency = 0> <II = 1> <Delay = 1.56> <IPBlock> <Opcode : 'add' 'sub'> <InPorts = 3> <OutPorts = 1> <Sync> <CReg>
ST_3 : Operation 319 [1/1] (1.53ns)   --->   "%add_ln740_18 = add i14 %sext_ln712_33, i14 %sext_ln712_36"   --->   Operation 319 'add' 'add_ln740_18' <Predicate = true> <Delay = 1.53> <CoreInst = "Adder">   --->   Core 1 'Adder' <Latency = 0> <II = 1> <Delay = 1.54> <FuncUnit> <Opcode : 'add' 'sub'> <InPorts = 2> <OutPorts = 1>
ST_3 : Operation 320 [1/1] (0.00ns)   --->   "%sext_ln740_6 = sext i10 %add_ln740_19"   --->   Operation 320 'sext' 'sext_ln740_6' <Predicate = true> <Delay = 0.00>
ST_3 : Operation 321 [1/1] (1.41ns)   --->   "%add_ln740_20 = add i11 %sext_ln740_6, i11 %sext_ln712_39"   --->   Operation 321 'add' 'add_ln740_20' <Predicate = true> <Delay = 1.41> <CoreInst = "Adder">   --->   Core 1 'Adder' <Latency = 0> <II = 1> <Delay = 1.54> <FuncUnit> <Opcode : 'add' 'sub'> <InPorts = 2> <OutPorts = 1>
ST_3 : Operation 322 [1/1] (0.00ns) (grouped into TernaryAdder)   --->   "%add_ln740_23 = add i14 %add_ln740_22, i14 %sext_ln712_51"   --->   Operation 322 'add' 'add_ln740_23' <Predicate = true> <Delay = 0.00> <CoreInst = "TAddSub">   --->   Core 10 'TAddSub' <Latency = 0> <II = 1> <Delay = 1.56> <IPBlock> <Opcode : 'add' 'sub'> <InPorts = 3> <OutPorts = 1> <Sync> <CReg>
ST_3 : Operation 323 [1/1] (0.00ns)   --->   "%zext_ln740_3 = zext i10 %add_ln740_25"   --->   Operation 323 'zext' 'zext_ln740_3' <Predicate = true> <Delay = 0.00>
ST_3 : Operation 324 [1/1] (3.13ns) (root node of TernaryAdder)   --->   "%add_ln740_26 = add i14 %zext_ln740_3, i14 %add_ln740_23"   --->   Operation 324 'add' 'add_ln740_26' <Predicate = true> <Delay = 3.13> <CoreInst = "TAddSub">   --->   Core 10 'TAddSub' <Latency = 0> <II = 1> <Delay = 1.56> <IPBlock> <Opcode : 'add' 'sub'> <InPorts = 3> <OutPorts = 1> <Sync> <CReg>
ST_3 : Operation 325 [1/1] (0.00ns) (grouped into TernaryAdder)   --->   "%add_ln740_29 = add i14 %sext_ln712_14, i14 %sext_ln712_17"   --->   Operation 325 'add' 'add_ln740_29' <Predicate = true> <Delay = 0.00> <CoreInst = "TAddSub">   --->   Core 10 'TAddSub' <Latency = 0> <II = 1> <Delay = 1.56> <IPBlock> <Opcode : 'add' 'sub'> <InPorts = 3> <OutPorts = 1> <Sync> <CReg>
ST_3 : Operation 326 [1/1] (3.13ns) (root node of TernaryAdder)   --->   "%add_ln740_30 = add i14 %add_ln740_29, i14 %sext_ln712_11"   --->   Operation 326 'add' 'add_ln740_30' <Predicate = true> <Delay = 3.13> <CoreInst = "TAddSub">   --->   Core 10 'TAddSub' <Latency = 0> <II = 1> <Delay = 1.56> <IPBlock> <Opcode : 'add' 'sub'> <InPorts = 3> <OutPorts = 1> <Sync> <CReg>
ST_3 : Operation 327 [1/1] (1.53ns)   --->   "%add_ln740_32 = add i14 %sext_ln712_23, i14 %sext_ln712_25"   --->   Operation 327 'add' 'add_ln740_32' <Predicate = true> <Delay = 1.53> <CoreInst = "Adder">   --->   Core 1 'Adder' <Latency = 0> <II = 1> <Delay = 1.54> <FuncUnit> <Opcode : 'add' 'sub'> <InPorts = 2> <OutPorts = 1>
ST_3 : Operation 328 [1/1] (0.00ns) (grouped into TernaryAdder)   --->   "%add_ln740_34 = add i14 %sext_ln712_31, i14 %sext_ln712_34"   --->   Operation 328 'add' 'add_ln740_34' <Predicate = true> <Delay = 0.00> <CoreInst = "TAddSub">   --->   Core 10 'TAddSub' <Latency = 0> <II = 1> <Delay = 1.56> <IPBlock> <Opcode : 'add' 'sub'> <InPorts = 3> <OutPorts = 1> <Sync> <CReg>
ST_3 : Operation 329 [1/1] (3.13ns) (root node of TernaryAdder)   --->   "%add_ln740_35 = add i14 %add_ln740_34, i14 %sext_ln712_28"   --->   Operation 329 'add' 'add_ln740_35' <Predicate = true> <Delay = 3.13> <CoreInst = "TAddSub">   --->   Core 10 'TAddSub' <Latency = 0> <II = 1> <Delay = 1.56> <IPBlock> <Opcode : 'add' 'sub'> <InPorts = 3> <OutPorts = 1> <Sync> <CReg>
ST_3 : Operation 330 [1/1] (1.48ns)   --->   "%add_ln740_38 = add i12 %sext_ln712_37, i12 %sext_ln712_40"   --->   Operation 330 'add' 'add_ln740_38' <Predicate = true> <Delay = 1.48> <CoreInst = "Adder">   --->   Core 1 'Adder' <Latency = 0> <II = 1> <Delay = 1.54> <FuncUnit> <Opcode : 'add' 'sub'> <InPorts = 2> <OutPorts = 1>
ST_3 : Operation 331 [1/1] (0.00ns)   --->   "%sext_ln740_9 = sext i12 %add_ln740_39"   --->   Operation 331 'sext' 'sext_ln740_9' <Predicate = true> <Delay = 0.00>
ST_3 : Operation 332 [1/1] (1.54ns)   --->   "%add_ln740_40 = add i13 %sext_ln740_9, i13 %sext_ln712_43"   --->   Operation 332 'add' 'add_ln740_40' <Predicate = true> <Delay = 1.54> <CoreInst = "Adder">   --->   Core 1 'Adder' <Latency = 0> <II = 1> <Delay = 1.54> <FuncUnit> <Opcode : 'add' 'sub'> <InPorts = 2> <OutPorts = 1>
ST_3 : Operation 333 [1/1] (0.00ns) (grouped into TernaryAdder)   --->   "%add_ln740_43 = add i14 %add_ln740_42, i14 %sext_ln712_52"   --->   Operation 333 'add' 'add_ln740_43' <Predicate = true> <Delay = 0.00> <CoreInst = "TAddSub">   --->   Core 10 'TAddSub' <Latency = 0> <II = 1> <Delay = 1.56> <IPBlock> <Opcode : 'add' 'sub'> <InPorts = 3> <OutPorts = 1> <Sync> <CReg>
ST_3 : Operation 334 [1/1] (0.00ns)   --->   "%sext_ln740_12 = sext i13 %add_ln740_45"   --->   Operation 334 'sext' 'sext_ln740_12' <Predicate = true> <Delay = 0.00>
ST_3 : Operation 335 [1/1] (3.13ns) (root node of TernaryAdder)   --->   "%add_ln740_46 = add i14 %sext_ln740_12, i14 %add_ln740_43"   --->   Operation 335 'add' 'add_ln740_46' <Predicate = true> <Delay = 3.13> <CoreInst = "TAddSub">   --->   Core 10 'TAddSub' <Latency = 0> <II = 1> <Delay = 1.56> <IPBlock> <Opcode : 'add' 'sub'> <InPorts = 3> <OutPorts = 1> <Sync> <CReg>
ST_3 : Operation 336 [1/1] (0.00ns) (grouped into TernaryAdder)   --->   "%add_ln740_49 = add i13 %sext_ln712_15, i13 %sext_ln712_18"   --->   Operation 336 'add' 'add_ln740_49' <Predicate = true> <Delay = 0.00> <CoreInst = "TAddSub">   --->   Core 10 'TAddSub' <Latency = 0> <II = 1> <Delay = 1.56> <IPBlock> <Opcode : 'add' 'sub'> <InPorts = 3> <OutPorts = 1> <Sync> <CReg>
ST_3 : Operation 337 [1/1] (3.10ns) (root node of TernaryAdder)   --->   "%add_ln740_50 = add i13 %add_ln740_49, i13 %sext_ln712_12"   --->   Operation 337 'add' 'add_ln740_50' <Predicate = true> <Delay = 3.10> <CoreInst = "TAddSub">   --->   Core 10 'TAddSub' <Latency = 0> <II = 1> <Delay = 1.56> <IPBlock> <Opcode : 'add' 'sub'> <InPorts = 3> <OutPorts = 1> <Sync> <CReg>
ST_3 : Operation 338 [1/1] (1.53ns)   --->   "%add_ln740_52 = add i14 %sext_ln712_23, i14 %sext_ln712_26"   --->   Operation 338 'add' 'add_ln740_52' <Predicate = true> <Delay = 1.53> <CoreInst = "Adder">   --->   Core 1 'Adder' <Latency = 0> <II = 1> <Delay = 1.54> <FuncUnit> <Opcode : 'add' 'sub'> <InPorts = 2> <OutPorts = 1>
ST_3 : Operation 339 [1/1] (0.00ns) (grouped into TernaryAdder)   --->   "%add_ln740_54 = add i14 %sext_ln712_32, i14 %sext_ln712_35"   --->   Operation 339 'add' 'add_ln740_54' <Predicate = true> <Delay = 0.00> <CoreInst = "TAddSub">   --->   Core 10 'TAddSub' <Latency = 0> <II = 1> <Delay = 1.56> <IPBlock> <Opcode : 'add' 'sub'> <InPorts = 3> <OutPorts = 1> <Sync> <CReg>
ST_3 : Operation 340 [1/1] (3.13ns) (root node of TernaryAdder)   --->   "%add_ln740_55 = add i14 %add_ln740_54, i14 %sext_ln712_29"   --->   Operation 340 'add' 'add_ln740_55' <Predicate = true> <Delay = 3.13> <CoreInst = "TAddSub">   --->   Core 10 'TAddSub' <Latency = 0> <II = 1> <Delay = 1.56> <IPBlock> <Opcode : 'add' 'sub'> <InPorts = 3> <OutPorts = 1> <Sync> <CReg>
ST_3 : Operation 341 [1/1] (1.54ns)   --->   "%add_ln740_58 = add i13 %sext_ln712_38, i13 %sext_ln712_41"   --->   Operation 341 'add' 'add_ln740_58' <Predicate = true> <Delay = 1.54> <CoreInst = "Adder">   --->   Core 1 'Adder' <Latency = 0> <II = 1> <Delay = 1.54> <FuncUnit> <Opcode : 'add' 'sub'> <InPorts = 2> <OutPorts = 1>
ST_3 : Operation 342 [1/1] (0.00ns) (grouped into TernaryAdder)   --->   "%add_ln740_59 = add i14 %sext_ln712_50, i14 %sext_ln712_53"   --->   Operation 342 'add' 'add_ln740_59' <Predicate = true> <Delay = 0.00> <CoreInst = "TAddSub">   --->   Core 10 'TAddSub' <Latency = 0> <II = 1> <Delay = 1.56> <IPBlock> <Opcode : 'add' 'sub'> <InPorts = 3> <OutPorts = 1> <Sync> <CReg>
ST_3 : Operation 343 [1/1] (3.13ns) (root node of TernaryAdder)   --->   "%add_ln740_60 = add i14 %add_ln740_59, i14 %sext_ln712_47"   --->   Operation 343 'add' 'add_ln740_60' <Predicate = true> <Delay = 3.13> <CoreInst = "TAddSub">   --->   Core 10 'TAddSub' <Latency = 0> <II = 1> <Delay = 1.56> <IPBlock> <Opcode : 'add' 'sub'> <InPorts = 3> <OutPorts = 1> <Sync> <CReg>
ST_3 : Operation 344 [1/1] (0.00ns) (grouped into TernaryAdder)   --->   "%add_ln740_63 = add i14 %add_ln740_62, i14 %sext_ln712_56"   --->   Operation 344 'add' 'add_ln740_63' <Predicate = true> <Delay = 0.00> <CoreInst = "TAddSub">   --->   Core 10 'TAddSub' <Latency = 0> <II = 1> <Delay = 1.56> <IPBlock> <Opcode : 'add' 'sub'> <InPorts = 3> <OutPorts = 1> <Sync> <CReg>
ST_3 : Operation 345 [1/1] (0.00ns)   --->   "%sext_ln740_15 = sext i13 %add_ln740_65"   --->   Operation 345 'sext' 'sext_ln740_15' <Predicate = true> <Delay = 0.00>
ST_3 : Operation 346 [1/1] (3.13ns) (root node of TernaryAdder)   --->   "%add_ln740_66 = add i14 %sext_ln740_15, i14 %add_ln740_63"   --->   Operation 346 'add' 'add_ln740_66' <Predicate = true> <Delay = 3.13> <CoreInst = "TAddSub">   --->   Core 10 'TAddSub' <Latency = 0> <II = 1> <Delay = 1.56> <IPBlock> <Opcode : 'add' 'sub'> <InPorts = 3> <OutPorts = 1> <Sync> <CReg>

State 4 <SV = 3> <Delay = 3.13>
ST_4 : Operation 347 [1/1] (0.00ns)   --->   "%sext_ln712 = sext i12 %trunc_ln5"   --->   Operation 347 'sext' 'sext_ln712' <Predicate = true> <Delay = 0.00>
ST_4 : Operation 348 [1/1] (0.00ns)   --->   "%sext_ln712_5 = sext i13 %trunc_ln717_9"   --->   Operation 348 'sext' 'sext_ln712_5' <Predicate = true> <Delay = 0.00>
ST_4 : Operation 349 [1/1] (0.00ns)   --->   "%sext_ln712_6 = sext i10 %trunc_ln717_s"   --->   Operation 349 'sext' 'sext_ln712_6' <Predicate = true> <Delay = 0.00>
ST_4 : Operation 350 [1/1] (0.00ns)   --->   "%sext_ln712_7 = sext i13 %trunc_ln717_1"   --->   Operation 350 'sext' 'sext_ln712_7' <Predicate = true> <Delay = 0.00>
ST_4 : Operation 351 [1/1] (0.00ns)   --->   "%sext_ln712_8 = sext i13 %trunc_ln717_2"   --->   Operation 351 'sext' 'sext_ln712_8' <Predicate = true> <Delay = 0.00>
ST_4 : Operation 352 [1/1] (0.00ns)   --->   "%sext_ln712_9 = sext i13 %trunc_ln717_3"   --->   Operation 352 'sext' 'sext_ln712_9' <Predicate = true> <Delay = 0.00>
ST_4 : Operation 353 [1/1] (0.00ns)   --->   "%sext_ln712_19 = sext i11 %trunc_ln717_14"   --->   Operation 353 'sext' 'sext_ln712_19' <Predicate = true> <Delay = 0.00>
ST_4 : Operation 354 [1/1] (0.00ns)   --->   "%sext_ln712_20 = sext i10 %trunc_ln717_15"   --->   Operation 354 'sext' 'sext_ln712_20' <Predicate = true> <Delay = 0.00>
ST_4 : Operation 355 [1/1] (0.00ns)   --->   "%sext_ln712_21 = sext i11 %trunc_ln717_16"   --->   Operation 355 'sext' 'sext_ln712_21' <Predicate = true> <Delay = 0.00>
ST_4 : Operation 356 [1/1] (0.00ns)   --->   "%sext_ln712_22 = sext i13 %trunc_ln717_17"   --->   Operation 356 'sext' 'sext_ln712_22' <Predicate = true> <Delay = 0.00>
ST_4 : Operation 357 [1/1] (0.00ns) (grouped into TernaryAdder)   --->   "%add_ln740_9 = add i14 %sext_ln712, i14 %sext_ln712_7"   --->   Operation 357 'add' 'add_ln740_9' <Predicate = true> <Delay = 0.00> <CoreInst = "TAddSub">   --->   Core 10 'TAddSub' <Latency = 0> <II = 1> <Delay = 1.56> <IPBlock> <Opcode : 'add' 'sub'> <InPorts = 3> <OutPorts = 1> <Sync> <CReg>
ST_4 : Operation 358 [1/1] (3.13ns) (root node of TernaryAdder)   --->   "%add_ln740_12 = add i14 %add_ln740_11, i14 %add_ln740_9"   --->   Operation 358 'add' 'add_ln740_12' <Predicate = true> <Delay = 3.13> <CoreInst = "TAddSub">   --->   Core 10 'TAddSub' <Latency = 0> <II = 1> <Delay = 1.56> <IPBlock> <Opcode : 'add' 'sub'> <InPorts = 3> <OutPorts = 1> <Sync> <CReg>
ST_4 : Operation 359 [1/1] (0.00ns) (grouped into TernaryAdder)   --->   "%add_ln740_13 = add i14 %sext_ln712_19, i14 %sext_ln712_22"   --->   Operation 359 'add' 'add_ln740_13' <Predicate = true> <Delay = 0.00> <CoreInst = "TAddSub">   --->   Core 10 'TAddSub' <Latency = 0> <II = 1> <Delay = 1.56> <IPBlock> <Opcode : 'add' 'sub'> <InPorts = 3> <OutPorts = 1> <Sync> <CReg>
ST_4 : Operation 360 [1/1] (3.13ns) (root node of TernaryAdder)   --->   "%add_ln740_16 = add i14 %add_ln740_15, i14 %add_ln740_13"   --->   Operation 360 'add' 'add_ln740_16' <Predicate = true> <Delay = 3.13> <CoreInst = "TAddSub">   --->   Core 10 'TAddSub' <Latency = 0> <II = 1> <Delay = 1.56> <IPBlock> <Opcode : 'add' 'sub'> <InPorts = 3> <OutPorts = 1> <Sync> <CReg>
ST_4 : Operation 361 [1/1] (0.00ns)   --->   "%sext_ln740_7 = sext i11 %add_ln740_20"   --->   Operation 361 'sext' 'sext_ln740_7' <Predicate = true> <Delay = 0.00>
ST_4 : Operation 362 [1/1] (0.00ns) (grouped into TernaryAdder)   --->   "%add_ln740_21 = add i14 %sext_ln740_7, i14 %add_ln740_18"   --->   Operation 362 'add' 'add_ln740_21' <Predicate = true> <Delay = 0.00> <CoreInst = "TAddSub">   --->   Core 10 'TAddSub' <Latency = 0> <II = 1> <Delay = 1.56> <IPBlock> <Opcode : 'add' 'sub'> <InPorts = 3> <OutPorts = 1> <Sync> <CReg>
ST_4 : Operation 363 [1/1] (3.13ns) (root node of TernaryAdder)   --->   "%add_ln740_27 = add i14 %add_ln740_26, i14 %add_ln740_21"   --->   Operation 363 'add' 'add_ln740_27' <Predicate = true> <Delay = 3.13> <CoreInst = "TAddSub">   --->   Core 10 'TAddSub' <Latency = 0> <II = 1> <Delay = 1.56> <IPBlock> <Opcode : 'add' 'sub'> <InPorts = 3> <OutPorts = 1> <Sync> <CReg>
ST_4 : Operation 364 [1/1] (0.00ns) (grouped into TernaryAdder)   --->   "%add_ln740_28 = add i14 %sext_ln712_5, i14 %sext_ln712_8"   --->   Operation 364 'add' 'add_ln740_28' <Predicate = true> <Delay = 0.00> <CoreInst = "TAddSub">   --->   Core 10 'TAddSub' <Latency = 0> <II = 1> <Delay = 1.56> <IPBlock> <Opcode : 'add' 'sub'> <InPorts = 3> <OutPorts = 1> <Sync> <CReg>
ST_4 : Operation 365 [1/1] (3.13ns) (root node of TernaryAdder)   --->   "%add_ln740_31 = add i14 %add_ln740_30, i14 %add_ln740_28"   --->   Operation 365 'add' 'add_ln740_31' <Predicate = true> <Delay = 3.13> <CoreInst = "TAddSub">   --->   Core 10 'TAddSub' <Latency = 0> <II = 1> <Delay = 1.56> <IPBlock> <Opcode : 'add' 'sub'> <InPorts = 3> <OutPorts = 1> <Sync> <CReg>
ST_4 : Operation 366 [1/1] (0.00ns) (grouped into TernaryAdder)   --->   "%add_ln740_33 = add i14 %add_ln740_32, i14 %sext_ln712_20"   --->   Operation 366 'add' 'add_ln740_33' <Predicate = true> <Delay = 0.00> <CoreInst = "TAddSub">   --->   Core 10 'TAddSub' <Latency = 0> <II = 1> <Delay = 1.56> <IPBlock> <Opcode : 'add' 'sub'> <InPorts = 3> <OutPorts = 1> <Sync> <CReg>
ST_4 : Operation 367 [1/1] (3.13ns) (root node of TernaryAdder)   --->   "%add_ln740_36 = add i14 %add_ln740_35, i14 %add_ln740_33"   --->   Operation 367 'add' 'add_ln740_36' <Predicate = true> <Delay = 3.13> <CoreInst = "TAddSub">   --->   Core 10 'TAddSub' <Latency = 0> <II = 1> <Delay = 1.56> <IPBlock> <Opcode : 'add' 'sub'> <InPorts = 3> <OutPorts = 1> <Sync> <CReg>
ST_4 : Operation 368 [1/1] (0.00ns)   --->   "%sext_ln740_8 = sext i12 %add_ln740_38"   --->   Operation 368 'sext' 'sext_ln740_8' <Predicate = true> <Delay = 0.00>
ST_4 : Operation 369 [1/1] (0.00ns)   --->   "%sext_ln740_10 = sext i13 %add_ln740_40"   --->   Operation 369 'sext' 'sext_ln740_10' <Predicate = true> <Delay = 0.00>
ST_4 : Operation 370 [1/1] (0.00ns) (grouped into TernaryAdder)   --->   "%add_ln740_41 = add i14 %sext_ln740_10, i14 %sext_ln740_8"   --->   Operation 370 'add' 'add_ln740_41' <Predicate = true> <Delay = 0.00> <CoreInst = "TAddSub">   --->   Core 10 'TAddSub' <Latency = 0> <II = 1> <Delay = 1.56> <IPBlock> <Opcode : 'add' 'sub'> <InPorts = 3> <OutPorts = 1> <Sync> <CReg>
ST_4 : Operation 371 [1/1] (3.13ns) (root node of TernaryAdder)   --->   "%add_ln740_47 = add i14 %add_ln740_46, i14 %add_ln740_41"   --->   Operation 371 'add' 'add_ln740_47' <Predicate = true> <Delay = 3.13> <CoreInst = "TAddSub">   --->   Core 10 'TAddSub' <Latency = 0> <II = 1> <Delay = 1.56> <IPBlock> <Opcode : 'add' 'sub'> <InPorts = 3> <OutPorts = 1> <Sync> <CReg>
ST_4 : Operation 372 [1/1] (0.00ns) (grouped into TernaryAdder)   --->   "%add_ln740_48 = add i14 %sext_ln712_6, i14 %sext_ln712_9"   --->   Operation 372 'add' 'add_ln740_48' <Predicate = true> <Delay = 0.00> <CoreInst = "TAddSub">   --->   Core 10 'TAddSub' <Latency = 0> <II = 1> <Delay = 1.56> <IPBlock> <Opcode : 'add' 'sub'> <InPorts = 3> <OutPorts = 1> <Sync> <CReg>
ST_4 : Operation 373 [1/1] (0.00ns)   --->   "%sext_ln740_13 = sext i13 %add_ln740_50"   --->   Operation 373 'sext' 'sext_ln740_13' <Predicate = true> <Delay = 0.00>
ST_4 : Operation 374 [1/1] (3.13ns) (root node of TernaryAdder)   --->   "%add_ln740_51 = add i14 %sext_ln740_13, i14 %add_ln740_48"   --->   Operation 374 'add' 'add_ln740_51' <Predicate = true> <Delay = 3.13> <CoreInst = "TAddSub">   --->   Core 10 'TAddSub' <Latency = 0> <II = 1> <Delay = 1.56> <IPBlock> <Opcode : 'add' 'sub'> <InPorts = 3> <OutPorts = 1> <Sync> <CReg>
ST_4 : Operation 375 [1/1] (0.00ns) (grouped into TernaryAdder)   --->   "%add_ln740_53 = add i14 %add_ln740_52, i14 %sext_ln712_21"   --->   Operation 375 'add' 'add_ln740_53' <Predicate = true> <Delay = 0.00> <CoreInst = "TAddSub">   --->   Core 10 'TAddSub' <Latency = 0> <II = 1> <Delay = 1.56> <IPBlock> <Opcode : 'add' 'sub'> <InPorts = 3> <OutPorts = 1> <Sync> <CReg>
ST_4 : Operation 376 [1/1] (3.13ns) (root node of TernaryAdder)   --->   "%add_ln740_56 = add i14 %add_ln740_55, i14 %add_ln740_53"   --->   Operation 376 'add' 'add_ln740_56' <Predicate = true> <Delay = 3.13> <CoreInst = "TAddSub">   --->   Core 10 'TAddSub' <Latency = 0> <II = 1> <Delay = 1.56> <IPBlock> <Opcode : 'add' 'sub'> <InPorts = 3> <OutPorts = 1> <Sync> <CReg>
ST_4 : Operation 377 [1/1] (0.00ns)   --->   "%sext_ln740_14 = sext i13 %add_ln740_58"   --->   Operation 377 'sext' 'sext_ln740_14' <Predicate = true> <Delay = 0.00>
ST_4 : Operation 378 [1/1] (0.00ns) (grouped into TernaryAdder)   --->   "%add_ln740_61 = add i14 %add_ln740_60, i14 %sext_ln740_14"   --->   Operation 378 'add' 'add_ln740_61' <Predicate = true> <Delay = 0.00> <CoreInst = "TAddSub">   --->   Core 10 'TAddSub' <Latency = 0> <II = 1> <Delay = 1.56> <IPBlock> <Opcode : 'add' 'sub'> <InPorts = 3> <OutPorts = 1> <Sync> <CReg>
ST_4 : Operation 379 [1/1] (3.13ns) (root node of TernaryAdder)   --->   "%add_ln740_67 = add i14 %add_ln740_66, i14 %add_ln740_61"   --->   Operation 379 'add' 'add_ln740_67' <Predicate = true> <Delay = 3.13> <CoreInst = "TAddSub">   --->   Core 10 'TAddSub' <Latency = 0> <II = 1> <Delay = 1.56> <IPBlock> <Opcode : 'add' 'sub'> <InPorts = 3> <OutPorts = 1> <Sync> <CReg>

State 5 <SV = 4> <Delay = 3.13>
ST_5 : Operation 380 [1/1] (0.00ns)   --->   "%specpipeline_ln0 = specpipeline void @_ssdm_op_SpecPipeline, i32 1, i32 0, i32 0, i32 0, void @empty_0"   --->   Operation 380 'specpipeline' 'specpipeline_ln0' <Predicate = true> <Delay = 0.00>
ST_5 : Operation 381 [1/1] (0.00ns)   --->   "%specresourcelimit_ln31 = specresourcelimit void @_ssdm_op_SpecResourceLimit, i64 62, void @empty_2, void @empty_0, void @empty_0, void @empty_0" [firmware/nnet_utils/nnet_dense_latency.h:31]   --->   Operation 381 'specresourcelimit' 'specresourcelimit_ln31' <Predicate = true> <Delay = 0.00>
ST_5 : Operation 382 [1/1] (0.00ns) (grouped into TernaryAdder)   --->   "%add_ln740_17 = add i14 %add_ln740_16, i14 %add_ln740_12"   --->   Operation 382 'add' 'add_ln740_17' <Predicate = true> <Delay = 0.00> <CoreInst = "TAddSub">   --->   Core 10 'TAddSub' <Latency = 0> <II = 1> <Delay = 1.56> <IPBlock> <Opcode : 'add' 'sub'> <InPorts = 3> <OutPorts = 1> <Sync> <CReg>
ST_5 : Operation 383 [1/1] (3.13ns) (root node of TernaryAdder)   --->   "%add_ln740 = add i14 %add_ln740_27, i14 %add_ln740_17"   --->   Operation 383 'add' 'add_ln740' <Predicate = true> <Delay = 3.13> <CoreInst = "TAddSub">   --->   Core 10 'TAddSub' <Latency = 0> <II = 1> <Delay = 1.56> <IPBlock> <Opcode : 'add' 'sub'> <InPorts = 3> <OutPorts = 1> <Sync> <CReg>
ST_5 : Operation 384 [1/1] (0.00ns)   --->   "%shl_ln3 = bitconcatenate i16 @_ssdm_op_BitConcatenate.i16.i14.i2, i14 %add_ln740, i2 0"   --->   Operation 384 'bitconcatenate' 'shl_ln3' <Predicate = true> <Delay = 0.00>
ST_5 : Operation 385 [1/1] (0.00ns) (grouped into TernaryAdder)   --->   "%add_ln740_37 = add i14 %add_ln740_36, i14 %add_ln740_31"   --->   Operation 385 'add' 'add_ln740_37' <Predicate = true> <Delay = 0.00> <CoreInst = "TAddSub">   --->   Core 10 'TAddSub' <Latency = 0> <II = 1> <Delay = 1.56> <IPBlock> <Opcode : 'add' 'sub'> <InPorts = 3> <OutPorts = 1> <Sync> <CReg>
ST_5 : Operation 386 [1/1] (3.13ns) (root node of TernaryAdder)   --->   "%add_ln740_3 = add i14 %add_ln740_47, i14 %add_ln740_37"   --->   Operation 386 'add' 'add_ln740_3' <Predicate = true> <Delay = 3.13> <CoreInst = "TAddSub">   --->   Core 10 'TAddSub' <Latency = 0> <II = 1> <Delay = 1.56> <IPBlock> <Opcode : 'add' 'sub'> <InPorts = 3> <OutPorts = 1> <Sync> <CReg>
ST_5 : Operation 387 [1/1] (0.00ns)   --->   "%shl_ln740_3 = bitconcatenate i16 @_ssdm_op_BitConcatenate.i16.i14.i2, i14 %add_ln740_3, i2 0"   --->   Operation 387 'bitconcatenate' 'shl_ln740_3' <Predicate = true> <Delay = 0.00>
ST_5 : Operation 388 [1/1] (0.00ns) (grouped into TernaryAdder)   --->   "%add_ln740_57 = add i14 %add_ln740_56, i14 %add_ln740_51"   --->   Operation 388 'add' 'add_ln740_57' <Predicate = true> <Delay = 0.00> <CoreInst = "TAddSub">   --->   Core 10 'TAddSub' <Latency = 0> <II = 1> <Delay = 1.56> <IPBlock> <Opcode : 'add' 'sub'> <InPorts = 3> <OutPorts = 1> <Sync> <CReg>
ST_5 : Operation 389 [1/1] (3.13ns) (root node of TernaryAdder)   --->   "%add_ln740_4 = add i14 %add_ln740_67, i14 %add_ln740_57"   --->   Operation 389 'add' 'add_ln740_4' <Predicate = true> <Delay = 3.13> <CoreInst = "TAddSub">   --->   Core 10 'TAddSub' <Latency = 0> <II = 1> <Delay = 1.56> <IPBlock> <Opcode : 'add' 'sub'> <InPorts = 3> <OutPorts = 1> <Sync> <CReg>
ST_5 : Operation 390 [1/1] (0.00ns)   --->   "%shl_ln740_4 = bitconcatenate i16 @_ssdm_op_BitConcatenate.i16.i14.i2, i14 %add_ln740_4, i2 0"   --->   Operation 390 'bitconcatenate' 'shl_ln740_4' <Predicate = true> <Delay = 0.00>
ST_5 : Operation 391 [1/1] (0.00ns)   --->   "%mrv = insertvalue i48 <undef>, i16 %shl_ln3" [firmware/nnet_utils/nnet_dense_latency.h:68]   --->   Operation 391 'insertvalue' 'mrv' <Predicate = true> <Delay = 0.00>
ST_5 : Operation 392 [1/1] (0.00ns)   --->   "%mrv_1 = insertvalue i48 %mrv, i16 %shl_ln740_3" [firmware/nnet_utils/nnet_dense_latency.h:68]   --->   Operation 392 'insertvalue' 'mrv_1' <Predicate = true> <Delay = 0.00>
ST_5 : Operation 393 [1/1] (0.00ns)   --->   "%mrv_2 = insertvalue i48 %mrv_1, i16 %shl_ln740_4" [firmware/nnet_utils/nnet_dense_latency.h:68]   --->   Operation 393 'insertvalue' 'mrv_2' <Predicate = true> <Delay = 0.00>
ST_5 : Operation 394 [1/1] (0.00ns)   --->   "%ret_ln68 = ret i48 %mrv_2" [firmware/nnet_utils/nnet_dense_latency.h:68]   --->   Operation 394 'ret' 'ret_ln68' <Predicate = true> <Delay = 0.00>


============================================================
+ Verbose Summary: Timing violations
============================================================
Target clock period: 3.33ns, clock uncertainty: 0.416ns.

 <State 1>: 5.28ns
The critical path consists of the following:
	wire read operation ('p_read32', firmware/nnet_utils/nnet_dense_latency.h:38) on port 'p_read' (firmware/nnet_utils/nnet_dense_latency.h:38) [4]  (0 ns)
	'mul' operation ('mul_ln1171_24') [171]  (5.28 ns)

 <State 2>: 5.28ns
The critical path consists of the following:
	'mul' operation ('mul_ln1171_3') [42]  (5.28 ns)

 <State 3>: 5.28ns
The critical path consists of the following:
	'mul' operation ('mul_ln1171') [8]  (5.28 ns)

 <State 4>: 3.13ns
The critical path consists of the following:
	'add' operation ('add_ln740_9') [309]  (0 ns)
	'add' operation ('add_ln740_12') [312]  (3.13 ns)

 <State 5>: 3.13ns
The critical path consists of the following:
	'add' operation ('add_ln740_17') [317]  (0 ns)
	'add' operation ('add_ln740') [332]  (3.13 ns)


============================================================
+ Verbose Summary: Binding
============================================================
N/A
* FSMD analyzer results:
  - Output states:
 - Input state : 
  - Chain level:
	State 1
	State 2
	State 3
	State 4
	State 5


============================================================
+ Verbose Summary: Datapath Resource usage 
============================================================
N/A
