

================================================================
== Vitis HLS Report for 'softmax_stable_ap_fixed_ap_fixed_16_4_5_3_0_softmax_config10_s'
================================================================
* Date:           Wed Jul 19 12:37:24 2023

* Version:        2021.1 (Build 3247384 on Thu Jun 10 19:36:07 MDT 2021)
* Project:        myproject_prj
* Solution:       solution1 (Vivado IP Flow Target)
* Product family: zynq
* Target device:  xc7z007s-clg225-2


================================================================
== Performance Estimates
================================================================
+ Timing: 
    * Summary: 
    +--------+---------+----------+------------+
    |  Clock |  Target | Estimated| Uncertainty|
    +--------+---------+----------+------------+
    |ap_clk  |  5.00 ns|  7.947 ns|     0.62 ns|
    +--------+---------+----------+------------+

+ Latency: 
    * Summary: 
    +---------+---------+-----------+-----------+-----+-----+---------+
    |  Latency (cycles) |   Latency (absolute)  |  Interval | Pipeline|
    |   min   |   max   |    min    |    max    | min | max |   Type  |
    +---------+---------+-----------+-----------+-----+-----+---------+
    |        6|        6|  47.684 ns|  47.684 ns|    1|    1|      yes|
    +---------+---------+-----------+-----------+-----+-----+---------+

    + Detail: 
        * Instance: 
        N/A

        * Loop: 
        N/A



================================================================
== Utilization Estimates
================================================================
* Summary: 
+-----------------+---------+----+-------+-------+-----+
|       Name      | BRAM_18K| DSP|   FF  |  LUT  | URAM|
+-----------------+---------+----+-------+-------+-----+
|DSP              |        -|   -|      -|      -|    -|
|Expression       |        -|   -|      0|    129|    -|
|FIFO             |        -|   -|      -|      -|    -|
|Instance         |        -|   0|      0|    732|    -|
|Memory           |        2|   -|      0|      0|    -|
|Multiplexer      |        -|   -|      -|      -|    -|
|Register         |        -|   -|    242|     64|    -|
+-----------------+---------+----+-------+-------+-----+
|Total            |        2|   0|    242|    925|    0|
+-----------------+---------+----+-------+-------+-----+
|Available        |      100|  66|  28800|  14400|    0|
+-----------------+---------+----+-------+-------+-----+
|Utilization (%)  |        2|   0|     ~0|      6|    0|
+-----------------+---------+----+-------+-------+-----+

+ Detail: 
    * Instance: 
    +------------------------+--------------------+---------+----+---+-----+-----+
    |        Instance        |       Module       | BRAM_18K| DSP| FF| LUT | URAM|
    +------------------------+--------------------+---------+----+---+-----+-----+
    |mul_18s_18s_28_1_1_U63  |mul_18s_18s_28_1_1  |        0|   0|  0|  366|    0|
    |mul_18s_18s_28_1_1_U64  |mul_18s_18s_28_1_1  |        0|   0|  0|  366|    0|
    +------------------------+--------------------+---------+----+---+-----+-----+
    |Total                   |                    |        0|   0|  0|  732|    0|
    +------------------------+--------------------+---------+----+---+-----+-----+

    * DSP: 
    N/A

    * Memory: 
    +----------------+-----------------------------------------------------------------------------+---------+---+----+-----+------+-----+------+-------------+
    |     Memory     |                                    Module                                   | BRAM_18K| FF| LUT| URAM| Words| Bits| Banks| W*Bits*Banks|
    +----------------+-----------------------------------------------------------------------------+---------+---+----+-----+------+-----+------+-------------+
    |exp_table_U     |softmax_stable_ap_fixed_ap_fixed_16_4_5_3_0_softmax_config10_s_exp_table     |        1|  0|   0|    0|  1024|   18|     1|        18432|
    |invert_table_U  |softmax_stable_ap_fixed_ap_fixed_16_4_5_3_0_softmax_config10_s_invert_table  |        1|  0|   0|    0|  1024|   18|     1|        18432|
    +----------------+-----------------------------------------------------------------------------+---------+---+----+-----+------+-----+------+-------------+
    |Total           |                                                                             |        2|  0|   0|    0|  2048|   36|     2|        36864|
    +----------------+-----------------------------------------------------------------------------+---------+---+----+-----+------+-----+------+-------------+

    * FIFO: 
    N/A

    * Expression: 
    +--------------------------+----------+----+---+----+------------+------------+
    |       Variable Name      | Operation| DSP| FF| LUT| Bitwidth P0| Bitwidth P1|
    +--------------------------+----------+----+---+----+------------+------------+
    |exp_sum_V_fu_267_p2       |         +|   0|  0|  18|          18|          18|
    |ret_V_1_fu_167_p2         |         -|   0|  0|  17|          17|          17|
    |ret_V_fu_124_p2           |         -|   0|  0|  17|          17|          17|
    |overflow_1_fu_195_p2      |       and|   0|  0|   1|           1|           1|
    |overflow_fu_152_p2        |       and|   0|  0|   1|           1|           1|
    |icmp_ln1549_fu_100_p2     |      icmp|   0|  0|   7|          16|          16|
    |select_ln384_1_fu_233_p3  |    select|   0|  0|  11|           1|           9|
    |select_ln384_fu_207_p3    |    select|   0|  0|  11|           1|           9|
    |x_max_V_fu_111_p3         |    select|   0|  0|  16|           1|          16|
    |y_1_fu_251_p3             |    select|   0|  0|  10|           1|          10|
    |y_fu_225_p3               |    select|   0|  0|  10|           1|          10|
    |ap_enable_pp0             |       xor|   0|  0|   2|           1|           2|
    |xor_ln1549_fu_106_p2      |       xor|   0|  0|   2|           1|           2|
    |xor_ln340_1_fu_201_p2     |       xor|   0|  0|   1|           1|           1|
    |xor_ln340_fu_158_p2       |       xor|   0|  0|   1|           1|           1|
    |xor_ln794_1_fu_189_p2     |       xor|   0|  0|   2|           1|           2|
    |xor_ln794_fu_146_p2       |       xor|   0|  0|   2|           1|           2|
    +--------------------------+----------+----+---+----+------------+------------+
    |Total                     |          |   0|  0| 129|          81|         134|
    +--------------------------+----------+----+---+----+------------+------------+

    * Multiplexer: 
    N/A

    * Register: 
    +-------------------------+----+----+-----+-----------+
    |           Name          | FF | LUT| Bits| Const Bits|
    +-------------------------+----+----+-----+-----------+
    |ap_CS_fsm                |   1|   0|    1|          0|
    |ap_enable_reg_pp0_iter1  |   1|   0|    1|          0|
    |ap_enable_reg_pp0_iter2  |   1|   0|    1|          0|
    |ap_enable_reg_pp0_iter3  |   1|   0|    1|          0|
    |ap_enable_reg_pp0_iter4  |   1|   0|    1|          0|
    |ap_enable_reg_pp0_iter5  |   1|   0|    1|          0|
    |ap_enable_reg_pp0_iter6  |   1|   0|    1|          0|
    |icmp_ln1549_reg_351      |   1|   0|    1|          0|
    |inv_exp_sum_V_reg_393    |  18|   0|   18|          0|
    |p_read_1_reg_339         |  16|   0|   16|          0|
    |p_read_2_reg_345         |  16|   0|   16|          0|
    |r_V_1_reg_382            |  18|   0|   18|          0|
    |r_V_reg_376              |  18|   0|   18|          0|
    |y_1_reg_361              |  10|   0|   10|          0|
    |y_reg_356                |  10|   0|   10|          0|
    |r_V_1_reg_382            |  64|  32|   18|          0|
    |r_V_reg_376              |  64|  32|   18|          0|
    +-------------------------+----+----+-----+-----------+
    |Total                    | 242|  64|  150|          0|
    +-------------------------+----+----+-----+-----------+



================================================================
== Interface
================================================================
* Summary: 
+-------------+-----+-----+------------+----------------------------------------------------------------+--------------+
|  RTL Ports  | Dir | Bits|  Protocol  |                          Source Object                         |    C Type    |
+-------------+-----+-----+------------+----------------------------------------------------------------+--------------+
|ap_clk       |   in|    1|  ap_ctrl_hs|  softmax_stable<ap_fixed,ap_fixed<16,4,5,3,0>,softmax_config10>|  return value|
|ap_rst       |   in|    1|  ap_ctrl_hs|  softmax_stable<ap_fixed,ap_fixed<16,4,5,3,0>,softmax_config10>|  return value|
|ap_start     |   in|    1|  ap_ctrl_hs|  softmax_stable<ap_fixed,ap_fixed<16,4,5,3,0>,softmax_config10>|  return value|
|ap_done      |  out|    1|  ap_ctrl_hs|  softmax_stable<ap_fixed,ap_fixed<16,4,5,3,0>,softmax_config10>|  return value|
|ap_idle      |  out|    1|  ap_ctrl_hs|  softmax_stable<ap_fixed,ap_fixed<16,4,5,3,0>,softmax_config10>|  return value|
|ap_ready     |  out|    1|  ap_ctrl_hs|  softmax_stable<ap_fixed,ap_fixed<16,4,5,3,0>,softmax_config10>|  return value|
|ap_return_0  |  out|   16|  ap_ctrl_hs|  softmax_stable<ap_fixed,ap_fixed<16,4,5,3,0>,softmax_config10>|  return value|
|ap_return_1  |  out|   16|  ap_ctrl_hs|  softmax_stable<ap_fixed,ap_fixed<16,4,5,3,0>,softmax_config10>|  return value|
|p_read       |   in|   16|     ap_none|                                                          p_read|        scalar|
|p_read1      |   in|   16|     ap_none|                                                         p_read1|        scalar|
+-------------+-----+-----+------------+----------------------------------------------------------------+--------------+

