
****** Vitis HLS - High-Level Synthesis from C, C++ and OpenCL v2021.1 (64-bit)
  **** SW Build 3247384 on Thu Jun 10 19:36:07 MDT 2021
  **** IP Build 3246043 on Fri Jun 11 00:30:35 MDT 2021
    ** Copyright 1986-2021 Xilinx, Inc. All Rights Reserved.

source /tools/Xilinx/Vitis_HLS/2021.1/scripts/vitis_hls/hls.tcl -notrace
INFO: Applying HLS Y2K22 patch v1.2 for IP revision
INFO: [HLS 200-10] Running '/tools/Xilinx/Vitis_HLS/2021.1/bin/unwrapped/lnx64.o/vitis_hls'
INFO: [HLS 200-10] For user 'argykokk' on host 'skylla' (Linux_x86_64 version 5.4.0-135-generic) on Thu Jul 20 11:52:07 EEST 2023
INFO: [HLS 200-10] On os Ubuntu 18.04.6 LTS
INFO: [HLS 200-10] In directory '/home/argykokk/Desktop/one_multiplication/MLPs/mnist/hls4ml_prj/LUT_reuse2'
Sourcing Tcl script 'build_prj.tcl'
INFO: [HLS 200-1510] Running: open_project myproject_prj 
INFO: [HLS 200-10] Opening project '/home/argykokk/Desktop/one_multiplication/MLPs/mnist/hls4ml_prj/LUT_reuse2/myproject_prj'.
INFO: [HLS 200-1510] Running: set_top myproject 
INFO: [HLS 200-1510] Running: add_files firmware/myproject.cpp -cflags -std=c++0x 
INFO: [HLS 200-10] Adding design file 'firmware/myproject.cpp' to the project
INFO: [HLS 200-1510] Running: add_files -tb myproject_test.cpp -cflags -std=c++0x 
INFO: [HLS 200-10] Adding test bench file 'myproject_test.cpp' to the project
INFO: [HLS 200-1510] Running: add_files -tb firmware/weights 
INFO: [HLS 200-10] Adding test bench file 'firmware/weights' to the project
INFO: [HLS 200-1510] Running: add_files -tb tb_data 
INFO: [HLS 200-10] Adding test bench file 'tb_data' to the project
INFO: [HLS 200-1510] Running: open_solution solution1 
INFO: [HLS 200-10] Opening solution '/home/argykokk/Desktop/one_multiplication/MLPs/mnist/hls4ml_prj/LUT_reuse2/myproject_prj/solution1'.
INFO: [SYN 201-201] Setting up clock 'default' with a period of 5ns.
INFO: [SYN 201-201] Setting up clock 'default' with an uncertainty of 0.625ns.
INFO: [HLS 200-1611] Setting target device to 'xc7z007s-clg225-2'
INFO: [HLS 200-1505] Using flow_target 'vivado'
Resolution: For help on HLS 200-1505 see www.xilinx.com/cgi-bin/docs/rdoc?v=2021.1;t=hls+guidance;d=200-1505.html
INFO: [HLS 200-1464] Running solution command: config_compile -name_max_length=80
INFO: [XFORM 203-1161] The maximum of name length is set into 80.
INFO: [HLS 200-1464] Running solution command: config_compile -complex-mul-dsp=0
INFO: [XFORM 203-1161] The maximum of name length is set into 80.
INFO: [HLS 200-1464] Running solution command: config_schedule -enable_dsp_full_reg=0
INFO: [HLS 200-1464] Running solution command: config_op -impl=dsp mul
INFO: [HLS 200-1445] Configure operator 'mul' with implementation style 'dsp'.
INFO: [HLS 200-1510] Running: config_array_partition -maximum_size 401920 
INFO: [XFORM 203-101] Allowed max sub elements number after partition is 401920.
ERROR: [HLS 200-642] The 'config_array_partition -maximum_size' command is not supported.
INFO: [HLS 200-1510] Running: config_compile -name_max_length 80 
INFO: [XFORM 203-1161] The maximum of name length is set into 80.
INFO: [HLS 200-1510] Running: set_part xc7z007s-clg225-2 
INFO: [XFORM 203-1161] The maximum of name length is set into 80.
INFO: [HLS 200-1510] Running: config_schedule -enable_dsp_full_reg=false 
INFO: [HLS 200-1510] Running: config_op mul -impl dsp 
INFO: [HLS 200-1445] Configure operator 'mul' with implementation style 'dsp'.
INFO: [HLS 200-1510] Running: create_clock -period 5 -name default 
INFO: [HLS 200-1510] Running: set_clock_uncertainty 12.5% default 
***** C/RTL SYNTHESIS *****
INFO: [HLS 200-1510] Running: csynth_design 
INFO: [HLS 200-111] Finished File checks and directory preparation: CPU user time: 0.01 seconds. CPU system time: 0 seconds. Elapsed time: 0.01 seconds; current allocated memory: 251.336 MB.
INFO: [HLS 200-10] Analyzing design file 'firmware/myproject.cpp' ... 
WARNING: [HLS 207-5499] the pragma is not supported and will be ignored: firmware/nnet_utils/nnet_activation_stream.h:453:9
WARNING: [HLS 207-5535] Unsupported interface port data type in '#pragma HLS interface ap_vld': firmware/myproject.cpp:14:45
WARNING: [HLS 207-5301] unused parameter 'print': /tools/Xilinx/Vitis_HLS/2021.1/common/technology/autopilot/ap_int_base.h:792:16
WARNING: [HLS 207-5301] unused parameter 'keep': firmware/nnet_utils/nnet_helpers.h:285:99
WARNING: [HLS 207-5301] unused parameter 'data': firmware/nnet_utils/nnet_code_gen.h:11:36
WARNING: [HLS 207-5301] unused parameter 'buffer': firmware/nnet_utils/nnet_code_gen.h:12:36
WARNING: [HLS 207-5301] unused parameter 'partition': firmware/nnet_utils/nnet_code_gen.h:13:44
WARNING: [HLS 207-5301] unused parameter 'data': firmware/nnet_utils/nnet_code_gen.h:21:24
WARNING: [HLS 207-5301] unused parameter 'buffer': firmware/nnet_utils/nnet_code_gen.h:22:24
WARNING: [HLS 207-5301] unused parameter 'partition': firmware/nnet_utils/nnet_code_gen.h:23:32
WARNING: [HLS 207-5499] the pragma is not supported and will be ignored: firmware/nnet_utils/nnet_activation_stream.h:453:9
WARNING: [HLS 207-5535] Unsupported interface port data type in '#pragma HLS interface ap_vld': firmware/myproject.cpp:14:45
INFO: [HLS 200-111] Finished Source Code Analysis and Preprocessing: CPU user time: 14.75 seconds. CPU system time: 1.04 seconds. Elapsed time: 14.94 seconds; current allocated memory: 253.524 MB.
INFO: [HLS 200-777] Using interface defaults for 'Vivado' flow target.
INFO: [HLS 214-279] Initial Interval estimation mode is set into default.
INFO: [HLS 214-284] Auto array partition mode is set into default.
INFO: [HLS 214-131] Inlining function 'nnet::product::mult<ap_fixed<8, 2, (ap_q_mode)5, (ap_o_mode)3, 0>, ap_fixed<8, 2, (ap_q_mode)5, (ap_o_mode)3, 0> >::product(ap_fixed<8, 2, (ap_q_mode)5, (ap_o_mode)3, 0>, ap_fixed<8, 2, (ap_q_mode)5, (ap_o_mode)3, 0>)' into 'void nnet::dense_latency<ap_fixed<8, 2, (ap_q_mode)5, (ap_o_mode)3, 0>, ap_fixed<16, 4, (ap_q_mode)5, (ap_o_mode)3, 0>, config2>(ap_fixed<8, 2, (ap_q_mode)5, (ap_o_mode)3, 0>*, ap_fixed<16, 4, (ap_q_mode)5, (ap_o_mode)3, 0>*, config2::weight_t*, config2::bias_t*)' (firmware/nnet_utils/nnet_dense_latency.h:42:27)
INFO: [HLS 214-131] Inlining function 'nnet::product::mult<ap_ufixed<8, 1, (ap_q_mode)4, (ap_o_mode)0, 0>, ap_fixed<8, 2, (ap_q_mode)5, (ap_o_mode)3, 0> >::product(ap_ufixed<8, 1, (ap_q_mode)4, (ap_o_mode)0, 0>, ap_fixed<8, 2, (ap_q_mode)5, (ap_o_mode)3, 0>)' into 'void nnet::dense_latency<ap_ufixed<8, 1, (ap_q_mode)4, (ap_o_mode)0, 0>, ap_fixed<16, 4, (ap_q_mode)5, (ap_o_mode)3, 0>, config5>(ap_ufixed<8, 1, (ap_q_mode)4, (ap_o_mode)0, 0>*, ap_fixed<16, 4, (ap_q_mode)5, (ap_o_mode)3, 0>*, config5::weight_t*, config5::bias_t*)' (firmware/nnet_utils/nnet_dense_latency.h:42:27)
INFO: [HLS 214-131] Inlining function 'nnet::product::mult<ap_ufixed<8, 1, (ap_q_mode)4, (ap_o_mode)0, 0>, ap_fixed<8, 2, (ap_q_mode)5, (ap_o_mode)3, 0> >::product(ap_ufixed<8, 1, (ap_q_mode)4, (ap_o_mode)0, 0>, ap_fixed<8, 2, (ap_q_mode)5, (ap_o_mode)3, 0>)' into 'void nnet::dense_latency<ap_ufixed<8, 1, (ap_q_mode)4, (ap_o_mode)0, 0>, ap_fixed<16, 4, (ap_q_mode)5, (ap_o_mode)3, 0>, config8>(ap_ufixed<8, 1, (ap_q_mode)4, (ap_o_mode)0, 0>*, ap_fixed<16, 4, (ap_q_mode)5, (ap_o_mode)3, 0>*, config8::weight_t*, config8::bias_t*)' (firmware/nnet_utils/nnet_dense_latency.h:42:27)
INFO: [HLS 214-131] Inlining function 'nnet::product::mult<ap_ufixed<8, 1, (ap_q_mode)4, (ap_o_mode)0, 0>, ap_fixed<8, 2, (ap_q_mode)5, (ap_o_mode)3, 0> >::product(ap_ufixed<8, 1, (ap_q_mode)4, (ap_o_mode)0, 0>, ap_fixed<8, 2, (ap_q_mode)5, (ap_o_mode)3, 0>)' into 'void nnet::dense_latency<ap_ufixed<8, 1, (ap_q_mode)4, (ap_o_mode)0, 0>, ap_fixed<16, 4, (ap_q_mode)5, (ap_o_mode)3, 0>, config11>(ap_ufixed<8, 1, (ap_q_mode)4, (ap_o_mode)0, 0>*, ap_fixed<16, 4, (ap_q_mode)5, (ap_o_mode)3, 0>*, config11::weight_t*, config11::bias_t*)' (firmware/nnet_utils/nnet_dense_latency.h:42:27)
INFO: [HLS 214-131] Inlining function 'void nnet::dense<ap_fixed<8, 2, (ap_q_mode)5, (ap_o_mode)3, 0>, ap_fixed<16, 4, (ap_q_mode)5, (ap_o_mode)3, 0>, config2>(ap_fixed<8, 2, (ap_q_mode)5, (ap_o_mode)3, 0>*, ap_fixed<16, 4, (ap_q_mode)5, (ap_o_mode)3, 0>*, config2::weight_t*, config2::bias_t*)' into 'myproject(ap_fixed<8, 2, (ap_q_mode)5, (ap_o_mode)3, 0>*, ap_fixed<16, 4, (ap_q_mode)5, (ap_o_mode)3, 0>*)' (firmware/myproject.cpp:41:2)
INFO: [HLS 214-131] Inlining function 'void nnet::dense<ap_ufixed<8, 1, (ap_q_mode)4, (ap_o_mode)0, 0>, ap_fixed<16, 4, (ap_q_mode)5, (ap_o_mode)3, 0>, config5>(ap_ufixed<8, 1, (ap_q_mode)4, (ap_o_mode)0, 0>*, ap_fixed<16, 4, (ap_q_mode)5, (ap_o_mode)3, 0>*, config5::weight_t*, config5::bias_t*)' into 'myproject(ap_fixed<8, 2, (ap_q_mode)5, (ap_o_mode)3, 0>*, ap_fixed<16, 4, (ap_q_mode)5, (ap_o_mode)3, 0>*)' (firmware/myproject.cpp:49:2)
INFO: [HLS 214-131] Inlining function 'void nnet::dense<ap_ufixed<8, 1, (ap_q_mode)4, (ap_o_mode)0, 0>, ap_fixed<16, 4, (ap_q_mode)5, (ap_o_mode)3, 0>, config8>(ap_ufixed<8, 1, (ap_q_mode)4, (ap_o_mode)0, 0>*, ap_fixed<16, 4, (ap_q_mode)5, (ap_o_mode)3, 0>*, config8::weight_t*, config8::bias_t*)' into 'myproject(ap_fixed<8, 2, (ap_q_mode)5, (ap_o_mode)3, 0>*, ap_fixed<16, 4, (ap_q_mode)5, (ap_o_mode)3, 0>*)' (firmware/myproject.cpp:57:2)
INFO: [HLS 214-131] Inlining function 'void nnet::dense<ap_ufixed<8, 1, (ap_q_mode)4, (ap_o_mode)0, 0>, ap_fixed<16, 4, (ap_q_mode)5, (ap_o_mode)3, 0>, config11>(ap_ufixed<8, 1, (ap_q_mode)4, (ap_o_mode)0, 0>*, ap_fixed<16, 4, (ap_q_mode)5, (ap_o_mode)3, 0>*, config11::weight_t*, config11::bias_t*)' into 'myproject(ap_fixed<8, 2, (ap_q_mode)5, (ap_o_mode)3, 0>*, ap_fixed<16, 4, (ap_q_mode)5, (ap_o_mode)3, 0>*)' (firmware/myproject.cpp:65:2)
INFO: [HLS 214-131] Inlining function 'void nnet::softmax<ap_fixed<16, 4, (ap_q_mode)5, (ap_o_mode)3, 0>, ap_fixed<16, 4, (ap_q_mode)5, (ap_o_mode)3, 0>, softmax_config13>(ap_fixed<16, 4, (ap_q_mode)5, (ap_o_mode)3, 0>*, ap_fixed<16, 4, (ap_q_mode)5, (ap_o_mode)3, 0>*)' into 'myproject(ap_fixed<8, 2, (ap_q_mode)5, (ap_o_mode)3, 0>*, ap_fixed<16, 4, (ap_q_mode)5, (ap_o_mode)3, 0>*)' (firmware/myproject.cpp:67:5)
INFO: [HLS 214-186] Unrolling loop 'VITIS_LOOP_266_3' (firmware/nnet_utils/nnet_activation.h:266:23) in function 'nnet::softmax_stable<ap_fixed<16, 4, (ap_q_mode)5, (ap_o_mode)3, 0>, ap_fixed<16, 4, (ap_q_mode)5, (ap_o_mode)3, 0>, softmax_config13>' completely with a factor of 10 (firmware/nnet_utils/nnet_activation.h:216:0)
INFO: [HLS 214-186] Unrolling loop 'VITIS_LOOP_252_2' (firmware/nnet_utils/nnet_activation.h:252:23) in function 'nnet::softmax_stable<ap_fixed<16, 4, (ap_q_mode)5, (ap_o_mode)3, 0>, ap_fixed<16, 4, (ap_q_mode)5, (ap_o_mode)3, 0>, softmax_config13>' completely with a factor of 10 (firmware/nnet_utils/nnet_activation.h:216:0)
INFO: [HLS 214-186] Unrolling loop 'VITIS_LOOP_243_1' (firmware/nnet_utils/nnet_activation.h:243:23) in function 'nnet::softmax_stable<ap_fixed<16, 4, (ap_q_mode)5, (ap_o_mode)3, 0>, ap_fixed<16, 4, (ap_q_mode)5, (ap_o_mode)3, 0>, softmax_config13>' completely with a factor of 10 (firmware/nnet_utils/nnet_activation.h:216:0)
INFO: [HLS 214-178] Inlining function 'std::enable_if<!(std::is_same<ap_fixed<8, 2, (ap_q_mode)5, (ap_o_mode)3, 0>, ap_uint<1> >::value), ap_fixed<16, 4, (ap_q_mode)5, (ap_o_mode)3, 0> >::type nnet::cast<ap_fixed<8, 2, (ap_q_mode)5, (ap_o_mode)3, 0>, ap_fixed<16, 4, (ap_q_mode)5, (ap_o_mode)3, 0>, config2>(config2::accum_t)' into 'void nnet::dense_latency<ap_fixed<8, 2, (ap_q_mode)5, (ap_o_mode)3, 0>, ap_fixed<16, 4, (ap_q_mode)5, (ap_o_mode)3, 0>, config2>(ap_fixed<8, 2, (ap_q_mode)5, (ap_o_mode)3, 0>*, ap_fixed<16, 4, (ap_q_mode)5, (ap_o_mode)3, 0>*, config2::weight_t*, config2::bias_t*)' (firmware/nnet_utils/nnet_dense_latency.h:15:0)
INFO: [HLS 214-178] Inlining function 'std::enable_if<!(std::is_same<ap_ufixed<8, 1, (ap_q_mode)4, (ap_o_mode)0, 0>, ap_uint<1> >::value), ap_fixed<16, 4, (ap_q_mode)5, (ap_o_mode)3, 0> >::type nnet::cast<ap_ufixed<8, 1, (ap_q_mode)4, (ap_o_mode)0, 0>, ap_fixed<16, 4, (ap_q_mode)5, (ap_o_mode)3, 0>, config5>(config5::accum_t)' into 'void nnet::dense_latency<ap_ufixed<8, 1, (ap_q_mode)4, (ap_o_mode)0, 0>, ap_fixed<16, 4, (ap_q_mode)5, (ap_o_mode)3, 0>, config5>(ap_ufixed<8, 1, (ap_q_mode)4, (ap_o_mode)0, 0>*, ap_fixed<16, 4, (ap_q_mode)5, (ap_o_mode)3, 0>*, config5::weight_t*, config5::bias_t*)' (firmware/nnet_utils/nnet_dense_latency.h:15:0)
INFO: [HLS 214-178] Inlining function 'std::enable_if<!(std::is_same<ap_ufixed<8, 1, (ap_q_mode)4, (ap_o_mode)0, 0>, ap_uint<1> >::value), ap_fixed<16, 4, (ap_q_mode)5, (ap_o_mode)3, 0> >::type nnet::cast<ap_ufixed<8, 1, (ap_q_mode)4, (ap_o_mode)0, 0>, ap_fixed<16, 4, (ap_q_mode)5, (ap_o_mode)3, 0>, config8>(config8::accum_t)' into 'void nnet::dense_latency<ap_ufixed<8, 1, (ap_q_mode)4, (ap_o_mode)0, 0>, ap_fixed<16, 4, (ap_q_mode)5, (ap_o_mode)3, 0>, config8>(ap_ufixed<8, 1, (ap_q_mode)4, (ap_o_mode)0, 0>*, ap_fixed<16, 4, (ap_q_mode)5, (ap_o_mode)3, 0>*, config8::weight_t*, config8::bias_t*)' (firmware/nnet_utils/nnet_dense_latency.h:15:0)
INFO: [HLS 214-178] Inlining function 'std::enable_if<!(std::is_same<ap_ufixed<8, 1, (ap_q_mode)4, (ap_o_mode)0, 0>, ap_uint<1> >::value), ap_fixed<16, 4, (ap_q_mode)5, (ap_o_mode)3, 0> >::type nnet::cast<ap_ufixed<8, 1, (ap_q_mode)4, (ap_o_mode)0, 0>, ap_fixed<16, 4, (ap_q_mode)5, (ap_o_mode)3, 0>, config11>(config11::accum_t)' into 'void nnet::dense_latency<ap_ufixed<8, 1, (ap_q_mode)4, (ap_o_mode)0, 0>, ap_fixed<16, 4, (ap_q_mode)5, (ap_o_mode)3, 0>, config11>(ap_ufixed<8, 1, (ap_q_mode)4, (ap_o_mode)0, 0>*, ap_fixed<16, 4, (ap_q_mode)5, (ap_o_mode)3, 0>*, config11::weight_t*, config11::bias_t*)' (firmware/nnet_utils/nnet_dense_latency.h:15:0)
INFO: [HLS 214-178] Inlining function 'nnet::Op_max<ap_fixed<16, 4, (ap_q_mode)5, (ap_o_mode)3, 0> >::operator()(ap_fixed<16, 4, (ap_q_mode)5, (ap_o_mode)3, 0>, ap_fixed<16, 4, (ap_q_mode)5, (ap_o_mode)3, 0>)' into 'ap_fixed<16, 4, (ap_q_mode)5, (ap_o_mode)3, 0> nnet::reduce<ap_fixed<16, 4, (ap_q_mode)5, (ap_o_mode)3, 0>, 2, nnet::Op_max<ap_fixed<16, 4, (ap_q_mode)5, (ap_o_mode)3, 0> > >(ap_fixed<16, 4, (ap_q_mode)5, (ap_o_mode)3, 0> const*, nnet::Op_max<ap_fixed<16, 4, (ap_q_mode)5, (ap_o_mode)3, 0> >) (.149.165.171)' (firmware/nnet_utils/nnet_common.h:36:0)
INFO: [HLS 214-178] Inlining function 'ap_fixed<16, 4, (ap_q_mode)5, (ap_o_mode)3, 0> nnet::reduce<ap_fixed<16, 4, (ap_q_mode)5, (ap_o_mode)3, 0>, 2, nnet::Op_max<ap_fixed<16, 4, (ap_q_mode)5, (ap_o_mode)3, 0> > >(ap_fixed<16, 4, (ap_q_mode)5, (ap_o_mode)3, 0> const*, nnet::Op_max<ap_fixed<16, 4, (ap_q_mode)5, (ap_o_mode)3, 0> >) (.149.165.171)' into 'ap_fixed<16, 4, (ap_q_mode)5, (ap_o_mode)3, 0> nnet::reduce<ap_fixed<16, 4, (ap_q_mode)5, (ap_o_mode)3, 0>, 4, nnet::Op_max<ap_fixed<16, 4, (ap_q_mode)5, (ap_o_mode)3, 0> > >(ap_fixed<16, 4, (ap_q_mode)5, (ap_o_mode)3, 0> const*, nnet::Op_max<ap_fixed<16, 4, (ap_q_mode)5, (ap_o_mode)3, 0> >)' (firmware/nnet_utils/nnet_common.h:36:0)
INFO: [HLS 214-178] Inlining function 'nnet::Op_max<ap_fixed<16, 4, (ap_q_mode)5, (ap_o_mode)3, 0> >::operator()(ap_fixed<16, 4, (ap_q_mode)5, (ap_o_mode)3, 0>, ap_fixed<16, 4, (ap_q_mode)5, (ap_o_mode)3, 0>)' into 'ap_fixed<16, 4, (ap_q_mode)5, (ap_o_mode)3, 0> nnet::reduce<ap_fixed<16, 4, (ap_q_mode)5, (ap_o_mode)3, 0>, 4, nnet::Op_max<ap_fixed<16, 4, (ap_q_mode)5, (ap_o_mode)3, 0> > >(ap_fixed<16, 4, (ap_q_mode)5, (ap_o_mode)3, 0> const*, nnet::Op_max<ap_fixed<16, 4, (ap_q_mode)5, (ap_o_mode)3, 0> >)' (firmware/nnet_utils/nnet_common.h:36:0)
INFO: [HLS 214-178] Inlining function 'ap_fixed<16, 4, (ap_q_mode)5, (ap_o_mode)3, 0> nnet::reduce<ap_fixed<16, 4, (ap_q_mode)5, (ap_o_mode)3, 0>, 4, nnet::Op_max<ap_fixed<16, 4, (ap_q_mode)5, (ap_o_mode)3, 0> > >(ap_fixed<16, 4, (ap_q_mode)5, (ap_o_mode)3, 0> const*, nnet::Op_max<ap_fixed<16, 4, (ap_q_mode)5, (ap_o_mode)3, 0> >)' into 'ap_fixed<16, 4, (ap_q_mode)5, (ap_o_mode)3, 0> nnet::reduce<ap_fixed<16, 4, (ap_q_mode)5, (ap_o_mode)3, 0>, 8, nnet::Op_max<ap_fixed<16, 4, (ap_q_mode)5, (ap_o_mode)3, 0> > >(ap_fixed<16, 4, (ap_q_mode)5, (ap_o_mode)3, 0> const*, nnet::Op_max<ap_fixed<16, 4, (ap_q_mode)5, (ap_o_mode)3, 0> >)' (firmware/nnet_utils/nnet_common.h:36:0)
INFO: [HLS 214-178] Inlining function 'nnet::Op_max<ap_fixed<16, 4, (ap_q_mode)5, (ap_o_mode)3, 0> >::operator()(ap_fixed<16, 4, (ap_q_mode)5, (ap_o_mode)3, 0>, ap_fixed<16, 4, (ap_q_mode)5, (ap_o_mode)3, 0>)' into 'ap_fixed<16, 4, (ap_q_mode)5, (ap_o_mode)3, 0> nnet::reduce<ap_fixed<16, 4, (ap_q_mode)5, (ap_o_mode)3, 0>, 8, nnet::Op_max<ap_fixed<16, 4, (ap_q_mode)5, (ap_o_mode)3, 0> > >(ap_fixed<16, 4, (ap_q_mode)5, (ap_o_mode)3, 0> const*, nnet::Op_max<ap_fixed<16, 4, (ap_q_mode)5, (ap_o_mode)3, 0> >)' (firmware/nnet_utils/nnet_common.h:36:0)
INFO: [HLS 214-178] Inlining function 'ap_fixed<16, 4, (ap_q_mode)5, (ap_o_mode)3, 0> nnet::reduce<ap_fixed<16, 4, (ap_q_mode)5, (ap_o_mode)3, 0>, 8, nnet::Op_max<ap_fixed<16, 4, (ap_q_mode)5, (ap_o_mode)3, 0> > >(ap_fixed<16, 4, (ap_q_mode)5, (ap_o_mode)3, 0> const*, nnet::Op_max<ap_fixed<16, 4, (ap_q_mode)5, (ap_o_mode)3, 0> >)' into 'ap_fixed<16, 4, (ap_q_mode)5, (ap_o_mode)3, 0> nnet::reduce<ap_fixed<16, 4, (ap_q_mode)5, (ap_o_mode)3, 0>, 10, nnet::Op_max<ap_fixed<16, 4, (ap_q_mode)5, (ap_o_mode)3, 0> > >(ap_fixed<16, 4, (ap_q_mode)5, (ap_o_mode)3, 0> const*, nnet::Op_max<ap_fixed<16, 4, (ap_q_mode)5, (ap_o_mode)3, 0> >)' (firmware/nnet_utils/nnet_common.h:36:0)
INFO: [HLS 214-178] Inlining function 'ap_fixed<16, 4, (ap_q_mode)5, (ap_o_mode)3, 0> nnet::reduce<ap_fixed<16, 4, (ap_q_mode)5, (ap_o_mode)3, 0>, 2, nnet::Op_max<ap_fixed<16, 4, (ap_q_mode)5, (ap_o_mode)3, 0> > >(ap_fixed<16, 4, (ap_q_mode)5, (ap_o_mode)3, 0> const*, nnet::Op_max<ap_fixed<16, 4, (ap_q_mode)5, (ap_o_mode)3, 0> >) (.149.165.171)' into 'ap_fixed<16, 4, (ap_q_mode)5, (ap_o_mode)3, 0> nnet::reduce<ap_fixed<16, 4, (ap_q_mode)5, (ap_o_mode)3, 0>, 10, nnet::Op_max<ap_fixed<16, 4, (ap_q_mode)5, (ap_o_mode)3, 0> > >(ap_fixed<16, 4, (ap_q_mode)5, (ap_o_mode)3, 0> const*, nnet::Op_max<ap_fixed<16, 4, (ap_q_mode)5, (ap_o_mode)3, 0> >)' (firmware/nnet_utils/nnet_common.h:36:0)
INFO: [HLS 214-178] Inlining function 'nnet::Op_max<ap_fixed<16, 4, (ap_q_mode)5, (ap_o_mode)3, 0> >::operator()(ap_fixed<16, 4, (ap_q_mode)5, (ap_o_mode)3, 0>, ap_fixed<16, 4, (ap_q_mode)5, (ap_o_mode)3, 0>) (.136)' into 'ap_fixed<16, 4, (ap_q_mode)5, (ap_o_mode)3, 0> nnet::reduce<ap_fixed<16, 4, (ap_q_mode)5, (ap_o_mode)3, 0>, 10, nnet::Op_max<ap_fixed<16, 4, (ap_q_mode)5, (ap_o_mode)3, 0> > >(ap_fixed<16, 4, (ap_q_mode)5, (ap_o_mode)3, 0> const*, nnet::Op_max<ap_fixed<16, 4, (ap_q_mode)5, (ap_o_mode)3, 0> >)' (firmware/nnet_utils/nnet_common.h:36:0)
INFO: [HLS 214-178] Inlining function 'nnet::Op_add<ap_fixed<18, 8, (ap_q_mode)5, (ap_o_mode)3, 0> >::operator()(ap_fixed<18, 8, (ap_q_mode)5, (ap_o_mode)3, 0>, ap_fixed<18, 8, (ap_q_mode)5, (ap_o_mode)3, 0>) (.27.48.54.62)' into 'ap_fixed<18, 8, (ap_q_mode)5, (ap_o_mode)3, 0> nnet::reduce<ap_fixed<18, 8, (ap_q_mode)5, (ap_o_mode)3, 0>, 2, nnet::Op_add<ap_fixed<18, 8, (ap_q_mode)5, (ap_o_mode)3, 0> > >(ap_fixed<18, 8, (ap_q_mode)5, (ap_o_mode)3, 0> const*, nnet::Op_add<ap_fixed<18, 8, (ap_q_mode)5, (ap_o_mode)3, 0> >) (.109.122.127)' (firmware/nnet_utils/nnet_common.h:36:0)
INFO: [HLS 214-178] Inlining function 'ap_fixed<18, 8, (ap_q_mode)5, (ap_o_mode)3, 0> nnet::reduce<ap_fixed<18, 8, (ap_q_mode)5, (ap_o_mode)3, 0>, 2, nnet::Op_add<ap_fixed<18, 8, (ap_q_mode)5, (ap_o_mode)3, 0> > >(ap_fixed<18, 8, (ap_q_mode)5, (ap_o_mode)3, 0> const*, nnet::Op_add<ap_fixed<18, 8, (ap_q_mode)5, (ap_o_mode)3, 0> >) (.109.122.127)' into 'ap_fixed<18, 8, (ap_q_mode)5, (ap_o_mode)3, 0> nnet::reduce<ap_fixed<18, 8, (ap_q_mode)5, (ap_o_mode)3, 0>, 4, nnet::Op_add<ap_fixed<18, 8, (ap_q_mode)5, (ap_o_mode)3, 0> > >(ap_fixed<18, 8, (ap_q_mode)5, (ap_o_mode)3, 0> const*, nnet::Op_add<ap_fixed<18, 8, (ap_q_mode)5, (ap_o_mode)3, 0> >)' (firmware/nnet_utils/nnet_common.h:36:0)
INFO: [HLS 214-178] Inlining function 'nnet::Op_add<ap_fixed<18, 8, (ap_q_mode)5, (ap_o_mode)3, 0> >::operator()(ap_fixed<18, 8, (ap_q_mode)5, (ap_o_mode)3, 0>, ap_fixed<18, 8, (ap_q_mode)5, (ap_o_mode)3, 0>) (.27.48.54.62)' into 'ap_fixed<18, 8, (ap_q_mode)5, (ap_o_mode)3, 0> nnet::reduce<ap_fixed<18, 8, (ap_q_mode)5, (ap_o_mode)3, 0>, 4, nnet::Op_add<ap_fixed<18, 8, (ap_q_mode)5, (ap_o_mode)3, 0> > >(ap_fixed<18, 8, (ap_q_mode)5, (ap_o_mode)3, 0> const*, nnet::Op_add<ap_fixed<18, 8, (ap_q_mode)5, (ap_o_mode)3, 0> >)' (firmware/nnet_utils/nnet_common.h:36:0)
INFO: [HLS 214-178] Inlining function 'nnet::Op_add<ap_fixed<18, 8, (ap_q_mode)5, (ap_o_mode)3, 0> >::operator()(ap_fixed<18, 8, (ap_q_mode)5, (ap_o_mode)3, 0>, ap_fixed<18, 8, (ap_q_mode)5, (ap_o_mode)3, 0>) (.27.48.54.62)' into 'ap_fixed<18, 8, (ap_q_mode)5, (ap_o_mode)3, 0> nnet::reduce<ap_fixed<18, 8, (ap_q_mode)5, (ap_o_mode)3, 0>, 8, nnet::Op_add<ap_fixed<18, 8, (ap_q_mode)5, (ap_o_mode)3, 0> > >(ap_fixed<18, 8, (ap_q_mode)5, (ap_o_mode)3, 0> const*, nnet::Op_add<ap_fixed<18, 8, (ap_q_mode)5, (ap_o_mode)3, 0> >)' (firmware/nnet_utils/nnet_common.h:36:0)
INFO: [HLS 214-178] Inlining function 'ap_fixed<18, 8, (ap_q_mode)5, (ap_o_mode)3, 0> nnet::reduce<ap_fixed<18, 8, (ap_q_mode)5, (ap_o_mode)3, 0>, 8, nnet::Op_add<ap_fixed<18, 8, (ap_q_mode)5, (ap_o_mode)3, 0> > >(ap_fixed<18, 8, (ap_q_mode)5, (ap_o_mode)3, 0> const*, nnet::Op_add<ap_fixed<18, 8, (ap_q_mode)5, (ap_o_mode)3, 0> >)' into 'ap_fixed<18, 8, (ap_q_mode)5, (ap_o_mode)3, 0> nnet::reduce<ap_fixed<18, 8, (ap_q_mode)5, (ap_o_mode)3, 0>, 10, nnet::Op_add<ap_fixed<18, 8, (ap_q_mode)5, (ap_o_mode)3, 0> > >(ap_fixed<18, 8, (ap_q_mode)5, (ap_o_mode)3, 0> const*, nnet::Op_add<ap_fixed<18, 8, (ap_q_mode)5, (ap_o_mode)3, 0> >)' (firmware/nnet_utils/nnet_common.h:36:0)
INFO: [HLS 214-178] Inlining function 'ap_fixed<18, 8, (ap_q_mode)5, (ap_o_mode)3, 0> nnet::reduce<ap_fixed<18, 8, (ap_q_mode)5, (ap_o_mode)3, 0>, 2, nnet::Op_add<ap_fixed<18, 8, (ap_q_mode)5, (ap_o_mode)3, 0> > >(ap_fixed<18, 8, (ap_q_mode)5, (ap_o_mode)3, 0> const*, nnet::Op_add<ap_fixed<18, 8, (ap_q_mode)5, (ap_o_mode)3, 0> >) (.109.122.127)' into 'ap_fixed<18, 8, (ap_q_mode)5, (ap_o_mode)3, 0> nnet::reduce<ap_fixed<18, 8, (ap_q_mode)5, (ap_o_mode)3, 0>, 10, nnet::Op_add<ap_fixed<18, 8, (ap_q_mode)5, (ap_o_mode)3, 0> > >(ap_fixed<18, 8, (ap_q_mode)5, (ap_o_mode)3, 0> const*, nnet::Op_add<ap_fixed<18, 8, (ap_q_mode)5, (ap_o_mode)3, 0> >)' (firmware/nnet_utils/nnet_common.h:36:0)
INFO: [HLS 214-178] Inlining function 'nnet::Op_add<ap_fixed<18, 8, (ap_q_mode)5, (ap_o_mode)3, 0> >::operator()(ap_fixed<18, 8, (ap_q_mode)5, (ap_o_mode)3, 0>, ap_fixed<18, 8, (ap_q_mode)5, (ap_o_mode)3, 0>) (.27.48.54.62)' into 'ap_fixed<18, 8, (ap_q_mode)5, (ap_o_mode)3, 0> nnet::reduce<ap_fixed<18, 8, (ap_q_mode)5, (ap_o_mode)3, 0>, 10, nnet::Op_add<ap_fixed<18, 8, (ap_q_mode)5, (ap_o_mode)3, 0> > >(ap_fixed<18, 8, (ap_q_mode)5, (ap_o_mode)3, 0> const*, nnet::Op_add<ap_fixed<18, 8, (ap_q_mode)5, (ap_o_mode)3, 0> >)' (firmware/nnet_utils/nnet_common.h:36:0)
INFO: [HLS 214-178] Inlining function 'ap_fixed<16, 4, (ap_q_mode)5, (ap_o_mode)3, 0> nnet::reduce<ap_fixed<16, 4, (ap_q_mode)5, (ap_o_mode)3, 0>, 10, nnet::Op_max<ap_fixed<16, 4, (ap_q_mode)5, (ap_o_mode)3, 0> > >(ap_fixed<16, 4, (ap_q_mode)5, (ap_o_mode)3, 0> const*, nnet::Op_max<ap_fixed<16, 4, (ap_q_mode)5, (ap_o_mode)3, 0> >)' into 'void nnet::softmax_stable<ap_fixed<16, 4, (ap_q_mode)5, (ap_o_mode)3, 0>, ap_fixed<16, 4, (ap_q_mode)5, (ap_o_mode)3, 0>, softmax_config13>(ap_fixed<16, 4, (ap_q_mode)5, (ap_o_mode)3, 0>*, ap_fixed<16, 4, (ap_q_mode)5, (ap_o_mode)3, 0>*)' (firmware/nnet_utils/nnet_activation.h:216:0)
INFO: [HLS 214-178] Inlining function 'unsigned int nnet::softmax_idx_from_real_val<ap_fixed<16, 4, (ap_q_mode)5, (ap_o_mode)3, 0>, softmax_config13>(ap_fixed<16, 4, (ap_q_mode)5, (ap_o_mode)3, 0>)' into 'void nnet::softmax_stable<ap_fixed<16, 4, (ap_q_mode)5, (ap_o_mode)3, 0>, ap_fixed<16, 4, (ap_q_mode)5, (ap_o_mode)3, 0>, softmax_config13>(ap_fixed<16, 4, (ap_q_mode)5, (ap_o_mode)3, 0>*, ap_fixed<16, 4, (ap_q_mode)5, (ap_o_mode)3, 0>*)' (firmware/nnet_utils/nnet_activation.h:216:0)
INFO: [HLS 214-178] Inlining function 'ap_fixed<18, 8, (ap_q_mode)5, (ap_o_mode)3, 0> nnet::reduce<ap_fixed<18, 8, (ap_q_mode)5, (ap_o_mode)3, 0>, 10, nnet::Op_add<ap_fixed<18, 8, (ap_q_mode)5, (ap_o_mode)3, 0> > >(ap_fixed<18, 8, (ap_q_mode)5, (ap_o_mode)3, 0> const*, nnet::Op_add<ap_fixed<18, 8, (ap_q_mode)5, (ap_o_mode)3, 0> >)' into 'void nnet::softmax_stable<ap_fixed<16, 4, (ap_q_mode)5, (ap_o_mode)3, 0>, ap_fixed<16, 4, (ap_q_mode)5, (ap_o_mode)3, 0>, softmax_config13>(ap_fixed<16, 4, (ap_q_mode)5, (ap_o_mode)3, 0>*, ap_fixed<16, 4, (ap_q_mode)5, (ap_o_mode)3, 0>*)' (firmware/nnet_utils/nnet_activation.h:216:0)
INFO: [HLS 214-178] Inlining function 'unsigned int nnet::softmax_idx_from_real_val<ap_fixed<18, 8, (ap_q_mode)5, (ap_o_mode)3, 0>, softmax_config13>(ap_fixed<18, 8, (ap_q_mode)5, (ap_o_mode)3, 0>)' into 'void nnet::softmax_stable<ap_fixed<16, 4, (ap_q_mode)5, (ap_o_mode)3, 0>, ap_fixed<16, 4, (ap_q_mode)5, (ap_o_mode)3, 0>, softmax_config13>(ap_fixed<16, 4, (ap_q_mode)5, (ap_o_mode)3, 0>*, ap_fixed<16, 4, (ap_q_mode)5, (ap_o_mode)3, 0>*)' (firmware/nnet_utils/nnet_activation.h:216:0)
INFO: [HLS 214-248] Applying array_partition to 'layer13_out': Complete partitioning on dimension 1. (firmware/myproject.cpp:9:0)
INFO: [HLS 214-241] Aggregating scalar variable 'layer13_out_9' with field bit alignment mode in 16-bits (firmware/myproject.cpp:9:0)
INFO: [HLS 214-241] Aggregating scalar variable 'layer13_out_8' with field bit alignment mode in 16-bits (firmware/myproject.cpp:9:0)
INFO: [HLS 214-241] Aggregating scalar variable 'layer13_out_7' with field bit alignment mode in 16-bits (firmware/myproject.cpp:9:0)
INFO: [HLS 214-241] Aggregating scalar variable 'layer13_out_6' with field bit alignment mode in 16-bits (firmware/myproject.cpp:9:0)
INFO: [HLS 214-241] Aggregating scalar variable 'layer13_out_5' with field bit alignment mode in 16-bits (firmware/myproject.cpp:9:0)
INFO: [HLS 214-241] Aggregating scalar variable 'layer13_out_4' with field bit alignment mode in 16-bits (firmware/myproject.cpp:9:0)
INFO: [HLS 214-241] Aggregating scalar variable 'layer13_out_3' with field bit alignment mode in 16-bits (firmware/myproject.cpp:9:0)
INFO: [HLS 214-241] Aggregating scalar variable 'layer13_out_2' with field bit alignment mode in 16-bits (firmware/myproject.cpp:9:0)
INFO: [HLS 214-241] Aggregating scalar variable 'layer13_out_1' with field bit alignment mode in 16-bits (firmware/myproject.cpp:9:0)
INFO: [HLS 214-241] Aggregating scalar variable 'layer13_out_0' with field bit alignment mode in 16-bits (firmware/myproject.cpp:9:0)
INFO: [HLS 214-241] Aggregating bram variable 'fc1_input' with field bit alignment mode in 8-bits (firmware/myproject.cpp:9:0)
INFO: [HLS 214-248] Applying array_reshape to 'fc1_input': Complete reshaping on dimension 1. (firmware/myproject.cpp:9:0)
WARNING: [HLS 214-281] Estimating pipelined function 'nnet::softmax_stable<ap_fixed<16, 4, (ap_q_mode)5, (ap_o_mode)3, 0>, ap_fixed<16, 4, (ap_q_mode)5, (ap_o_mode)3, 0>, softmax_config13>' with estimated II increased from II=1 to II=+infinity because of sub function call 'call' (firmware/nnet_utils/nnet_activation.h:216:0)
WARNING: [HLS 214-281] Estimating pipelined function 'myproject' with estimated II increased from II=1 to II=+infinity because of sub function call 'call' (firmware/myproject.cpp:9:0)
INFO: [HLS 214-270] Starting automatic array partition analysis...
INFO: [HLS 214-131] Inlining function '_llvm.fpga.pack.none.i16.s_struct.ap_fixed.0s' into 'void nnet::softmax_stable<ap_fixed<16, 4, (ap_q_mode)5, (ap_o_mode)3, 0>, ap_fixed<16, 4, (ap_q_mode)5, (ap_o_mode)3, 0>, softmax_config13>(ap_fixed<16, 4, (ap_q_mode)5, (ap_o_mode)3, 0>*, ap_fixed<16, 4, (ap_q_mode)5, (ap_o_mode)3, 0>*)' (firmware/nnet_utils/nnet_activation.h:268:9)
INFO: [HLS 214-131] Inlining function '_llvm.fpga.pack.none.i16.s_struct.ap_fixed.0s' into 'void nnet::softmax_stable<ap_fixed<16, 4, (ap_q_mode)5, (ap_o_mode)3, 0>, ap_fixed<16, 4, (ap_q_mode)5, (ap_o_mode)3, 0>, softmax_config13>(ap_fixed<16, 4, (ap_q_mode)5, (ap_o_mode)3, 0>*, ap_fixed<16, 4, (ap_q_mode)5, (ap_o_mode)3, 0>*)' (firmware/nnet_utils/nnet_activation.h:268:9)
INFO: [HLS 214-131] Inlining function '_llvm.fpga.pack.none.i16.s_struct.ap_fixed.0s' into 'void nnet::softmax_stable<ap_fixed<16, 4, (ap_q_mode)5, (ap_o_mode)3, 0>, ap_fixed<16, 4, (ap_q_mode)5, (ap_o_mode)3, 0>, softmax_config13>(ap_fixed<16, 4, (ap_q_mode)5, (ap_o_mode)3, 0>*, ap_fixed<16, 4, (ap_q_mode)5, (ap_o_mode)3, 0>*)' (firmware/nnet_utils/nnet_activation.h:268:9)
INFO: [HLS 214-131] Inlining function '_llvm.fpga.pack.none.i16.s_struct.ap_fixed.0s' into 'void nnet::softmax_stable<ap_fixed<16, 4, (ap_q_mode)5, (ap_o_mode)3, 0>, ap_fixed<16, 4, (ap_q_mode)5, (ap_o_mode)3, 0>, softmax_config13>(ap_fixed<16, 4, (ap_q_mode)5, (ap_o_mode)3, 0>*, ap_fixed<16, 4, (ap_q_mode)5, (ap_o_mode)3, 0>*)' (firmware/nnet_utils/nnet_activation.h:268:9)
INFO: [HLS 214-131] Inlining function '_llvm.fpga.pack.none.i16.s_struct.ap_fixed.0s' into 'void nnet::softmax_stable<ap_fixed<16, 4, (ap_q_mode)5, (ap_o_mode)3, 0>, ap_fixed<16, 4, (ap_q_mode)5, (ap_o_mode)3, 0>, softmax_config13>(ap_fixed<16, 4, (ap_q_mode)5, (ap_o_mode)3, 0>*, ap_fixed<16, 4, (ap_q_mode)5, (ap_o_mode)3, 0>*)' (firmware/nnet_utils/nnet_activation.h:268:9)
INFO: [HLS 214-131] Inlining function '_llvm.fpga.pack.none.i16.s_struct.ap_fixed.0s' into 'void nnet::softmax_stable<ap_fixed<16, 4, (ap_q_mode)5, (ap_o_mode)3, 0>, ap_fixed<16, 4, (ap_q_mode)5, (ap_o_mode)3, 0>, softmax_config13>(ap_fixed<16, 4, (ap_q_mode)5, (ap_o_mode)3, 0>*, ap_fixed<16, 4, (ap_q_mode)5, (ap_o_mode)3, 0>*)' (firmware/nnet_utils/nnet_activation.h:268:9)
INFO: [HLS 214-131] Inlining function '_llvm.fpga.pack.none.i16.s_struct.ap_fixed.0s' into 'void nnet::softmax_stable<ap_fixed<16, 4, (ap_q_mode)5, (ap_o_mode)3, 0>, ap_fixed<16, 4, (ap_q_mode)5, (ap_o_mode)3, 0>, softmax_config13>(ap_fixed<16, 4, (ap_q_mode)5, (ap_o_mode)3, 0>*, ap_fixed<16, 4, (ap_q_mode)5, (ap_o_mode)3, 0>*)' (firmware/nnet_utils/nnet_activation.h:268:9)
INFO: [HLS 214-131] Inlining function '_llvm.fpga.pack.none.i16.s_struct.ap_fixed.0s' into 'void nnet::softmax_stable<ap_fixed<16, 4, (ap_q_mode)5, (ap_o_mode)3, 0>, ap_fixed<16, 4, (ap_q_mode)5, (ap_o_mode)3, 0>, softmax_config13>(ap_fixed<16, 4, (ap_q_mode)5, (ap_o_mode)3, 0>*, ap_fixed<16, 4, (ap_q_mode)5, (ap_o_mode)3, 0>*)' (firmware/nnet_utils/nnet_activation.h:268:9)
INFO: [HLS 214-131] Inlining function '_llvm.fpga.pack.none.i16.s_struct.ap_fixed.0s' into 'void nnet::softmax_stable<ap_fixed<16, 4, (ap_q_mode)5, (ap_o_mode)3, 0>, ap_fixed<16, 4, (ap_q_mode)5, (ap_o_mode)3, 0>, softmax_config13>(ap_fixed<16, 4, (ap_q_mode)5, (ap_o_mode)3, 0>*, ap_fixed<16, 4, (ap_q_mode)5, (ap_o_mode)3, 0>*)' (firmware/nnet_utils/nnet_activation.h:268:9)
INFO: [HLS 214-131] Inlining function '_llvm.fpga.pack.none.i16.s_struct.ap_fixed.0s' into 'void nnet::softmax_stable<ap_fixed<16, 4, (ap_q_mode)5, (ap_o_mode)3, 0>, ap_fixed<16, 4, (ap_q_mode)5, (ap_o_mode)3, 0>, softmax_config13>(ap_fixed<16, 4, (ap_q_mode)5, (ap_o_mode)3, 0>*, ap_fixed<16, 4, (ap_q_mode)5, (ap_o_mode)3, 0>*)' (firmware/nnet_utils/nnet_activation.h:268:9)
INFO: [HLS 200-111] Finished Compiling Optimization and Transform: CPU user time: 10.84 seconds. CPU system time: 1.46 seconds. Elapsed time: 12.33 seconds; current allocated memory: 257.396 MB.
INFO: [HLS 200-111] Finished Checking Pragmas: CPU user time: 0 seconds. CPU system time: 0 seconds. Elapsed time: 0 seconds; current allocated memory: 257.399 MB.
INFO: [HLS 200-10] Starting code transformations ...
INFO: [HLS 200-111] Finished Standard Transforms: CPU user time: 0.41 seconds. CPU system time: 0.04 seconds. Elapsed time: 0.45 seconds; current allocated memory: 311.093 MB.
INFO: [HLS 200-10] Checking synthesizability ...
INFO: [XFORM 203-602] Inlining function 'nnet::reduce<ap_fixed<18, 8, (ap_q_mode)5, (ap_o_mode)3, 0>, 4, nnet::Op_add<ap_fixed<18, 8, (ap_q_mode)5, (ap_o_mode)3, 0> > >' into 'nnet::softmax_stable<ap_fixed<16, 4, (ap_q_mode)5, (ap_o_mode)3, 0>, ap_fixed<16, 4, (ap_q_mode)5, (ap_o_mode)3, 0>, softmax_config13>' (firmware/nnet_utils/nnet_common.h:45) automatically.
INFO: [HLS 200-111] Finished Checking Synthesizability: CPU user time: 0.83 seconds. CPU system time: 0.02 seconds. Elapsed time: 0.86 seconds; current allocated memory: 387.090 MB.
INFO: [XFORM 203-502] Unrolling all loops for pipelining in function 'nnet::dense_latency<ap_ufixed<8, 1, (ap_q_mode)4, (ap_o_mode)0, 0>, ap_fixed<16, 4, (ap_q_mode)5, (ap_o_mode)3, 0>, config11>' (firmware/nnet_utils/nnet_dense_latency.h:17:50).
INFO: [XFORM 203-502] Unrolling all loops for pipelining in function 'nnet::relu<ap_fixed<16, 4, (ap_q_mode)5, (ap_o_mode)3, 0>, ap_ufixed<8, 1, (ap_q_mode)4, (ap_o_mode)0, 0>, relu_config10>' (firmware/nnet_utils/nnet_activation.h:39:13).
INFO: [XFORM 203-502] Unrolling all loops for pipelining in function 'nnet::dense_latency<ap_ufixed<8, 1, (ap_q_mode)4, (ap_o_mode)0, 0>, ap_fixed<16, 4, (ap_q_mode)5, (ap_o_mode)3, 0>, config8>' (firmware/nnet_utils/nnet_dense_latency.h:17:50).
INFO: [XFORM 203-502] Unrolling all loops for pipelining in function 'nnet::relu<ap_fixed<16, 4, (ap_q_mode)5, (ap_o_mode)3, 0>, ap_ufixed<8, 1, (ap_q_mode)4, (ap_o_mode)0, 0>, relu_config7>' (firmware/nnet_utils/nnet_activation.h:39:13).
INFO: [XFORM 203-502] Unrolling all loops for pipelining in function 'nnet::dense_latency<ap_ufixed<8, 1, (ap_q_mode)4, (ap_o_mode)0, 0>, ap_fixed<16, 4, (ap_q_mode)5, (ap_o_mode)3, 0>, config5>' (firmware/nnet_utils/nnet_dense_latency.h:17:50).
INFO: [XFORM 203-502] Unrolling all loops for pipelining in function 'nnet::relu<ap_fixed<16, 4, (ap_q_mode)5, (ap_o_mode)3, 0>, ap_ufixed<8, 1, (ap_q_mode)4, (ap_o_mode)0, 0>, relu_config4>' (firmware/nnet_utils/nnet_activation.h:39:13).
INFO: [XFORM 203-502] Unrolling all loops for pipelining in function 'nnet::dense_latency<ap_fixed<8, 2, (ap_q_mode)5, (ap_o_mode)3, 0>, ap_fixed<16, 4, (ap_q_mode)5, (ap_o_mode)3, 0>, config2>' (firmware/nnet_utils/nnet_dense_latency.h:17:50).
INFO: [HLS 200-489] Unrolling loop 'Product1' (firmware/nnet_utils/nnet_dense_latency.h:37) in function 'nnet::dense_latency<ap_ufixed<8, 1, (ap_q_mode)4, (ap_o_mode)0, 0>, ap_fixed<16, 4, (ap_q_mode)5, (ap_o_mode)3, 0>, config11>' completely with a factor of 32.
INFO: [HLS 200-489] Unrolling loop 'Product2' (firmware/nnet_utils/nnet_dense_latency.h:40) in function 'nnet::dense_latency<ap_ufixed<8, 1, (ap_q_mode)4, (ap_o_mode)0, 0>, ap_fixed<16, 4, (ap_q_mode)5, (ap_o_mode)3, 0>, config11>' completely with a factor of 10.
INFO: [HLS 200-489] Unrolling loop 'ResetAccum' (firmware/nnet_utils/nnet_dense_latency.h:48) in function 'nnet::dense_latency<ap_ufixed<8, 1, (ap_q_mode)4, (ap_o_mode)0, 0>, ap_fixed<16, 4, (ap_q_mode)5, (ap_o_mode)3, 0>, config11>' completely with a factor of 10.
INFO: [HLS 200-489] Unrolling loop 'Accum1' (firmware/nnet_utils/nnet_dense_latency.h:54) in function 'nnet::dense_latency<ap_ufixed<8, 1, (ap_q_mode)4, (ap_o_mode)0, 0>, ap_fixed<16, 4, (ap_q_mode)5, (ap_o_mode)3, 0>, config11>' completely with a factor of 32.
INFO: [HLS 200-489] Unrolling loop 'Accum2' (firmware/nnet_utils/nnet_dense_latency.h:56) in function 'nnet::dense_latency<ap_ufixed<8, 1, (ap_q_mode)4, (ap_o_mode)0, 0>, ap_fixed<16, 4, (ap_q_mode)5, (ap_o_mode)3, 0>, config11>' completely with a factor of 10.
INFO: [HLS 200-489] Unrolling loop 'Result' (firmware/nnet_utils/nnet_dense_latency.h:64) in function 'nnet::dense_latency<ap_ufixed<8, 1, (ap_q_mode)4, (ap_o_mode)0, 0>, ap_fixed<16, 4, (ap_q_mode)5, (ap_o_mode)3, 0>, config11>' completely with a factor of 10.
INFO: [HLS 200-489] Unrolling loop 'VITIS_LOOP_43_1' (firmware/nnet_utils/nnet_activation.h:43) in function 'nnet::relu<ap_fixed<16, 4, (ap_q_mode)5, (ap_o_mode)3, 0>, ap_ufixed<8, 1, (ap_q_mode)4, (ap_o_mode)0, 0>, relu_config10>' completely with a factor of 32.
INFO: [HLS 200-489] Unrolling loop 'Product1' (firmware/nnet_utils/nnet_dense_latency.h:37) in function 'nnet::dense_latency<ap_ufixed<8, 1, (ap_q_mode)4, (ap_o_mode)0, 0>, ap_fixed<16, 4, (ap_q_mode)5, (ap_o_mode)3, 0>, config8>' completely with a factor of 64.
INFO: [HLS 200-489] Unrolling loop 'Product2' (firmware/nnet_utils/nnet_dense_latency.h:40) in function 'nnet::dense_latency<ap_ufixed<8, 1, (ap_q_mode)4, (ap_o_mode)0, 0>, ap_fixed<16, 4, (ap_q_mode)5, (ap_o_mode)3, 0>, config8>' completely with a factor of 32.
INFO: [HLS 200-489] Unrolling loop 'ResetAccum' (firmware/nnet_utils/nnet_dense_latency.h:48) in function 'nnet::dense_latency<ap_ufixed<8, 1, (ap_q_mode)4, (ap_o_mode)0, 0>, ap_fixed<16, 4, (ap_q_mode)5, (ap_o_mode)3, 0>, config8>' completely with a factor of 32.
INFO: [HLS 200-489] Unrolling loop 'Accum1' (firmware/nnet_utils/nnet_dense_latency.h:54) in function 'nnet::dense_latency<ap_ufixed<8, 1, (ap_q_mode)4, (ap_o_mode)0, 0>, ap_fixed<16, 4, (ap_q_mode)5, (ap_o_mode)3, 0>, config8>' completely with a factor of 64.
INFO: [HLS 200-489] Unrolling loop 'Accum2' (firmware/nnet_utils/nnet_dense_latency.h:56) in function 'nnet::dense_latency<ap_ufixed<8, 1, (ap_q_mode)4, (ap_o_mode)0, 0>, ap_fixed<16, 4, (ap_q_mode)5, (ap_o_mode)3, 0>, config8>' completely with a factor of 32.
INFO: [HLS 200-489] Unrolling loop 'Result' (firmware/nnet_utils/nnet_dense_latency.h:64) in function 'nnet::dense_latency<ap_ufixed<8, 1, (ap_q_mode)4, (ap_o_mode)0, 0>, ap_fixed<16, 4, (ap_q_mode)5, (ap_o_mode)3, 0>, config8>' completely with a factor of 32.
INFO: [HLS 200-489] Unrolling loop 'VITIS_LOOP_43_1' (firmware/nnet_utils/nnet_activation.h:43) in function 'nnet::relu<ap_fixed<16, 4, (ap_q_mode)5, (ap_o_mode)3, 0>, ap_ufixed<8, 1, (ap_q_mode)4, (ap_o_mode)0, 0>, relu_config7>' completely with a factor of 64.
INFO: [HLS 200-489] Unrolling loop 'Product1' (firmware/nnet_utils/nnet_dense_latency.h:37) in function 'nnet::dense_latency<ap_ufixed<8, 1, (ap_q_mode)4, (ap_o_mode)0, 0>, ap_fixed<16, 4, (ap_q_mode)5, (ap_o_mode)3, 0>, config5>' completely with a factor of 56.
INFO: [HLS 200-489] Unrolling loop 'Product2' (firmware/nnet_utils/nnet_dense_latency.h:40) in function 'nnet::dense_latency<ap_ufixed<8, 1, (ap_q_mode)4, (ap_o_mode)0, 0>, ap_fixed<16, 4, (ap_q_mode)5, (ap_o_mode)3, 0>, config5>' completely with a factor of 64.
INFO: [HLS 200-489] Unrolling loop 'ResetAccum' (firmware/nnet_utils/nnet_dense_latency.h:48) in function 'nnet::dense_latency<ap_ufixed<8, 1, (ap_q_mode)4, (ap_o_mode)0, 0>, ap_fixed<16, 4, (ap_q_mode)5, (ap_o_mode)3, 0>, config5>' completely with a factor of 64.
INFO: [HLS 200-489] Unrolling loop 'Accum1' (firmware/nnet_utils/nnet_dense_latency.h:54) in function 'nnet::dense_latency<ap_ufixed<8, 1, (ap_q_mode)4, (ap_o_mode)0, 0>, ap_fixed<16, 4, (ap_q_mode)5, (ap_o_mode)3, 0>, config5>' completely with a factor of 56.
INFO: [HLS 200-489] Unrolling loop 'Accum2' (firmware/nnet_utils/nnet_dense_latency.h:56) in function 'nnet::dense_latency<ap_ufixed<8, 1, (ap_q_mode)4, (ap_o_mode)0, 0>, ap_fixed<16, 4, (ap_q_mode)5, (ap_o_mode)3, 0>, config5>' completely with a factor of 64.
INFO: [HLS 200-489] Unrolling loop 'Result' (firmware/nnet_utils/nnet_dense_latency.h:64) in function 'nnet::dense_latency<ap_ufixed<8, 1, (ap_q_mode)4, (ap_o_mode)0, 0>, ap_fixed<16, 4, (ap_q_mode)5, (ap_o_mode)3, 0>, config5>' completely with a factor of 64.
INFO: [HLS 200-489] Unrolling loop 'VITIS_LOOP_43_1' (firmware/nnet_utils/nnet_activation.h:43) in function 'nnet::relu<ap_fixed<16, 4, (ap_q_mode)5, (ap_o_mode)3, 0>, ap_ufixed<8, 1, (ap_q_mode)4, (ap_o_mode)0, 0>, relu_config4>' completely with a factor of 56.
INFO: [HLS 200-489] Unrolling loop 'Product1' (firmware/nnet_utils/nnet_dense_latency.h:37) in function 'nnet::dense_latency<ap_fixed<8, 2, (ap_q_mode)5, (ap_o_mode)3, 0>, ap_fixed<16, 4, (ap_q_mode)5, (ap_o_mode)3, 0>, config2>' completely with a factor of 196.
INFO: [HLS 200-489] Unrolling loop 'Product2' (firmware/nnet_utils/nnet_dense_latency.h:40) in function 'nnet::dense_latency<ap_fixed<8, 2, (ap_q_mode)5, (ap_o_mode)3, 0>, ap_fixed<16, 4, (ap_q_mode)5, (ap_o_mode)3, 0>, config2>' completely with a factor of 56.
INFO: [HLS 200-489] Unrolling loop 'ResetAccum' (firmware/nnet_utils/nnet_dense_latency.h:48) in function 'nnet::dense_latency<ap_fixed<8, 2, (ap_q_mode)5, (ap_o_mode)3, 0>, ap_fixed<16, 4, (ap_q_mode)5, (ap_o_mode)3, 0>, config2>' completely with a factor of 56.
INFO: [HLS 200-489] Unrolling loop 'Accum1' (firmware/nnet_utils/nnet_dense_latency.h:54) in function 'nnet::dense_latency<ap_fixed<8, 2, (ap_q_mode)5, (ap_o_mode)3, 0>, ap_fixed<16, 4, (ap_q_mode)5, (ap_o_mode)3, 0>, config2>' completely with a factor of 196.
INFO: [HLS 200-489] Unrolling loop 'Accum2' (firmware/nnet_utils/nnet_dense_latency.h:56) in function 'nnet::dense_latency<ap_fixed<8, 2, (ap_q_mode)5, (ap_o_mode)3, 0>, ap_fixed<16, 4, (ap_q_mode)5, (ap_o_mode)3, 0>, config2>' completely with a factor of 56.
INFO: [HLS 200-489] Unrolling loop 'Result' (firmware/nnet_utils/nnet_dense_latency.h:64) in function 'nnet::dense_latency<ap_fixed<8, 2, (ap_q_mode)5, (ap_o_mode)3, 0>, ap_fixed<16, 4, (ap_q_mode)5, (ap_o_mode)3, 0>, config2>' completely with a factor of 56.
INFO: [XFORM 203-101] Partitioning array 'layer2_out.V' (firmware/myproject.cpp:39) in dimension 1 completely.
INFO: [XFORM 203-101] Partitioning array 'b2.V'  in dimension 1 completely.
INFO: [XFORM 203-101] Partitioning array 'layer4_out.V' (firmware/myproject.cpp:43) in dimension 1 completely.
INFO: [XFORM 203-101] Partitioning array 'layer5_out.V' (firmware/myproject.cpp:47) in dimension 1 completely.
INFO: [XFORM 203-101] Partitioning array 'b5.V'  in dimension 1 completely.
INFO: [XFORM 203-101] Partitioning array 'layer7_out.V' (firmware/myproject.cpp:51) in dimension 1 completely.
INFO: [XFORM 203-101] Partitioning array 'layer8_out.V' (firmware/myproject.cpp:55) in dimension 1 completely.
INFO: [XFORM 203-101] Partitioning array 'b8.V'  in dimension 1 completely.
INFO: [XFORM 203-101] Partitioning array 'layer10_out.V' (firmware/myproject.cpp:59) in dimension 1 completely.
INFO: [XFORM 203-101] Partitioning array 'layer11_out.V' (firmware/myproject.cpp:63) in dimension 1 completely.
INFO: [XFORM 203-101] Partitioning array 'b11.V'  in dimension 1 completely.
INFO: [XFORM 203-101] Partitioning array 'exp_res.V' (firmware/nnet_utils/nnet_activation.h:249) in dimension 1 completely.
INFO: [XFORM 203-101] Partitioning array 'mult.V' (firmware/nnet_utils/nnet_dense_latency.h:17) in dimension 1 completely.
INFO: [XFORM 203-101] Partitioning array 'acc.V' (firmware/nnet_utils/nnet_dense_latency.h:18) in dimension 1 completely.
INFO: [XFORM 203-101] Partitioning array 'mult.V' (firmware/nnet_utils/nnet_dense_latency.h:17) in dimension 1 completely.
INFO: [XFORM 203-101] Partitioning array 'acc.V' (firmware/nnet_utils/nnet_dense_latency.h:18) in dimension 1 completely.
INFO: [XFORM 203-101] Partitioning array 'mult.V' (firmware/nnet_utils/nnet_dense_latency.h:17) in dimension 1 completely.
INFO: [XFORM 203-101] Partitioning array 'acc.V' (firmware/nnet_utils/nnet_dense_latency.h:18) in dimension 1 completely.
INFO: [XFORM 203-101] Partitioning array 'mult.V' (firmware/nnet_utils/nnet_dense_latency.h:17) in dimension 1 completely.
INFO: [XFORM 203-101] Partitioning array 'acc.V' (firmware/nnet_utils/nnet_dense_latency.h:18) in dimension 1 completely.
INFO: [XFORM 203-602] Inlining function 'nnet::reduce<ap_fixed<18, 8, (ap_q_mode)5, (ap_o_mode)3, 0>, 4, nnet::Op_add<ap_fixed<18, 8, (ap_q_mode)5, (ap_o_mode)3, 0> > >' into 'nnet::softmax_stable<ap_fixed<16, 4, (ap_q_mode)5, (ap_o_mode)3, 0>, ap_fixed<16, 4, (ap_q_mode)5, (ap_o_mode)3, 0>, softmax_config13>' (firmware/nnet_utils/nnet_common.h:45) automatically.
INFO: [XFORM 203-401] Performing if-conversion on hyperblock from (firmware/nnet_utils/nnet_activation.h:39:74) to (firmware/nnet_utils/nnet_activation.h:50:1) in function 'nnet::relu<ap_fixed<16, 4, (ap_q_mode)5, (ap_o_mode)3, 0>, ap_ufixed<8, 1, (ap_q_mode)4, (ap_o_mode)0, 0>, relu_config7>'... converting 321 basic blocks.
INFO: [XFORM 203-401] Performing if-conversion on hyperblock from (firmware/nnet_utils/nnet_activation.h:39:74) to (firmware/nnet_utils/nnet_activation.h:50:1) in function 'nnet::relu<ap_fixed<16, 4, (ap_q_mode)5, (ap_o_mode)3, 0>, ap_ufixed<8, 1, (ap_q_mode)4, (ap_o_mode)0, 0>, relu_config4>'... converting 281 basic blocks.
INFO: [XFORM 203-401] Performing if-conversion on hyperblock from (firmware/nnet_utils/nnet_activation.h:39:74) in function 'nnet::relu<ap_fixed<16, 4, (ap_q_mode)5, (ap_o_mode)3, 0>, ap_ufixed<8, 1, (ap_q_mode)4, (ap_o_mode)0, 0>, relu_config10>'... converting 151 basic blocks.
INFO: [XFORM 203-11] Balancing expressions in function 'nnet::softmax_stable<ap_fixed<16, 4, (ap_q_mode)5, (ap_o_mode)3, 0>, ap_fixed<16, 4, (ap_q_mode)5, (ap_o_mode)3, 0>, softmax_config13>' (firmware/nnet_utils/nnet_activation.h:65:1)...9 expression(s) balanced.
INFO: [XFORM 203-11] Balancing expressions in function 'nnet::dense_latency<ap_ufixed<8, 1, (ap_q_mode)4, (ap_o_mode)0, 0>, ap_fixed<16, 4, (ap_q_mode)5, (ap_o_mode)3, 0>, config8>' (firmware/nnet_utils/nnet_dense_latency.h:31:9)...1468 expression(s) balanced.
INFO: [XFORM 203-11] Balancing expressions in function 'nnet::dense_latency<ap_ufixed<8, 1, (ap_q_mode)4, (ap_o_mode)0, 0>, ap_fixed<16, 4, (ap_q_mode)5, (ap_o_mode)3, 0>, config5>' (firmware/nnet_utils/nnet_dense_latency.h:31:1)...2638 expression(s) balanced.
INFO: [XFORM 203-11] Balancing expressions in function 'nnet::dense_latency<ap_ufixed<8, 1, (ap_q_mode)4, (ap_o_mode)0, 0>, ap_fixed<16, 4, (ap_q_mode)5, (ap_o_mode)3, 0>, config11>' (firmware/nnet_utils/nnet_dense_latency.h:31:1)...292 expression(s) balanced.
INFO: [XFORM 203-11] Balancing expressions in function 'nnet::dense_latency<ap_fixed<8, 2, (ap_q_mode)5, (ap_o_mode)3, 0>, ap_fixed<16, 4, (ap_q_mode)5, (ap_o_mode)3, 0>, config2>' (firmware/nnet_utils/nnet_dense_latency.h:31:1)...3467 expression(s) balanced.
INFO: [HLS 200-111] Finished Loop, function and other optimizations: CPU user time: 1012.34 seconds. CPU system time: 181.96 seconds. Elapsed time: 1194.36 seconds; current allocated memory: 564.677 MB.
INFO: [HLS 200-111] Finished Architecture Synthesis: CPU user time: 7.6 seconds. CPU system time: 0.02 seconds. Elapsed time: 7.62 seconds; current allocated memory: 831.592 MB.
INFO: [HLS 200-10] Starting hardware synthesis ...
INFO: [HLS 200-10] Synthesizing 'myproject' ...
WARNING: [SYN 201-103] Legalizing function name 'dense_latency<ap_fixed<8, 2, 5, 3, 0>, ap_fixed<16, 4, 5, 3, 0>, config2>' to 'dense_latency_ap_fixed_8_2_5_3_0_ap_fixed_16_4_5_3_0_config2_s'.
WARNING: [SYN 201-103] Legalizing function name 'relu<ap_fixed<16, 4, 5, 3, 0>, ap_ufixed<8, 1, 4, 0, 0>, relu_config4>' to 'relu_ap_fixed_16_4_5_3_0_ap_ufixed_8_1_4_0_0_relu_config4_s'.
WARNING: [SYN 201-103] Legalizing function name 'dense_latency<ap_ufixed<8, 1, 4, 0, 0>, ap_fixed<16, 4, 5, 3, 0>, config5>' to 'dense_latency_ap_ufixed_8_1_4_0_0_ap_fixed_16_4_5_3_0_config5_s'.
WARNING: [SYN 201-103] Legalizing function name 'relu<ap_fixed<16, 4, 5, 3, 0>, ap_ufixed<8, 1, 4, 0, 0>, relu_config7>' to 'relu_ap_fixed_16_4_5_3_0_ap_ufixed_8_1_4_0_0_relu_config7_s'.
WARNING: [SYN 201-103] Legalizing function name 'dense_latency<ap_ufixed<8, 1, 4, 0, 0>, ap_fixed<16, 4, 5, 3, 0>, config8>' to 'dense_latency_ap_ufixed_8_1_4_0_0_ap_fixed_16_4_5_3_0_config8_s'.
WARNING: [SYN 201-103] Legalizing function name 'relu<ap_fixed<16, 4, 5, 3, 0>, ap_ufixed<8, 1, 4, 0, 0>, relu_config10>' to 'relu_ap_fixed_16_4_5_3_0_ap_ufixed_8_1_4_0_0_relu_config10_s'.
WARNING: [SYN 201-103] Legalizing function name 'dense_latency<ap_ufixed<8, 1, 4, 0, 0>, ap_fixed<16, 4, 5, 3, 0>, config11>' to 'dense_latency_ap_ufixed_8_1_4_0_0_ap_fixed_16_4_5_3_0_config11_s'.
WARNING: [SYN 201-103] Legalizing function name 'softmax_stable<ap_fixed,ap_fixed<16,4,5,3,0>,softmax_config13>' to 'softmax_stable_ap_fixed_ap_fixed_16_4_5_3_0_softmax_config13_s'.
INFO: [HLS 200-10] ----------------------------------------------------------------
INFO: [HLS 200-42] -- Implementing module 'dense_latency_ap_fixed_8_2_5_3_0_ap_fixed_16_4_5_3_0_config2_s' 
INFO: [HLS 200-10] ----------------------------------------------------------------
INFO: [SCHED 204-11] Starting scheduling ...
INFO: [SCHED 204-61] Pipelining function 'dense_latency<ap_fixed<8, 2, 5, 3, 0>, ap_fixed<16, 4, 5, 3, 0>, config2>'.
INFO: [HLS 200-1470] Pipelining result : Target II = NA, Final II = 2, Depth = 49, function 'dense_latency<ap_fixed<8, 2, 5, 3, 0>, ap_fixed<16, 4, 5, 3, 0>, config2>'
INFO: [SCHED 204-11] Finished scheduling.
INFO: [HLS 200-111] Finished Scheduling: CPU user time: 20.47 seconds. CPU system time: 1.76 seconds. Elapsed time: 22.22 seconds; current allocated memory: 883.270 MB.
INFO: [BIND 205-100] Starting micro-architecture generation ...
INFO: [BIND 205-101] Performing variable lifetime analysis.
INFO: [BIND 205-101] Exploring resource sharing.
INFO: [BIND 205-101] Binding ...
INFO: [BIND 205-100] Starting global binding ...
INFO: [BIND 205-100] Finished micro-architecture generation.
INFO: [HLS 200-111] Finished Binding: CPU user time: 30.43 seconds. CPU system time: 0.06 seconds. Elapsed time: 30.61 seconds; current allocated memory: 956.903 MB.
INFO: [HLS 200-10] ----------------------------------------------------------------
INFO: [HLS 200-42] -- Implementing module 'relu_ap_fixed_16_4_5_3_0_ap_ufixed_8_1_4_0_0_relu_config4_s' 
INFO: [HLS 200-10] ----------------------------------------------------------------
INFO: [SCHED 204-11] Starting scheduling ...
INFO: [SCHED 204-61] Pipelining function 'relu<ap_fixed<16, 4, 5, 3, 0>, ap_ufixed<8, 1, 4, 0, 0>, relu_config4>'.
INFO: [HLS 200-1470] Pipelining result : Target II = NA, Final II = 1, Depth = 1, function 'relu<ap_fixed<16, 4, 5, 3, 0>, ap_ufixed<8, 1, 4, 0, 0>, relu_config4>'
INFO: [SCHED 204-11] Finished scheduling.
INFO: [HLS 200-111] Finished Scheduling: CPU user time: 16.26 seconds. CPU system time: 0.1 seconds. Elapsed time: 16.5 seconds; current allocated memory: 961.150 MB.
INFO: [BIND 205-100] Starting micro-architecture generation ...
INFO: [BIND 205-101] Performing variable lifetime analysis.
INFO: [BIND 205-101] Exploring resource sharing.
INFO: [BIND 205-101] Binding ...
INFO: [BIND 205-100] Finished micro-architecture generation.
INFO: [HLS 200-111] Finished Binding: CPU user time: 0.74 seconds. CPU system time: 0 seconds. Elapsed time: 0.74 seconds; current allocated memory: 966.559 MB.
INFO: [HLS 200-10] ----------------------------------------------------------------
INFO: [HLS 200-42] -- Implementing module 'dense_latency_ap_ufixed_8_1_4_0_0_ap_fixed_16_4_5_3_0_config5_s' 
INFO: [HLS 200-10] ----------------------------------------------------------------
INFO: [SCHED 204-11] Starting scheduling ...
INFO: [SCHED 204-61] Pipelining function 'dense_latency<ap_ufixed<8, 1, 4, 0, 0>, ap_fixed<16, 4, 5, 3, 0>, config5>'.
INFO: [HLS 200-1470] Pipelining result : Target II = NA, Final II = 2, Depth = 6, function 'dense_latency<ap_ufixed<8, 1, 4, 0, 0>, ap_fixed<16, 4, 5, 3, 0>, config5>'
INFO: [SCHED 204-11] Finished scheduling.
INFO: [HLS 200-111] Finished Scheduling: CPU user time: 7.83 seconds. CPU system time: 0.07 seconds. Elapsed time: 7.91 seconds; current allocated memory: 995.868 MB.
INFO: [BIND 205-100] Starting micro-architecture generation ...
INFO: [BIND 205-101] Performing variable lifetime analysis.
INFO: [BIND 205-101] Exploring resource sharing.
INFO: [BIND 205-101] Binding ...
INFO: [BIND 205-100] Starting global binding ...
INFO: [BIND 205-100] Finished micro-architecture generation.
INFO: [HLS 200-111] Finished Binding: CPU user time: 13.81 seconds. CPU system time: 0.06 seconds. Elapsed time: 13.92 seconds; current allocated memory: 1.025 GB.
INFO: [HLS 200-10] ----------------------------------------------------------------
INFO: [HLS 200-42] -- Implementing module 'relu_ap_fixed_16_4_5_3_0_ap_ufixed_8_1_4_0_0_relu_config7_s' 
INFO: [HLS 200-10] ----------------------------------------------------------------
INFO: [SCHED 204-11] Starting scheduling ...
INFO: [SCHED 204-61] Pipelining function 'relu<ap_fixed<16, 4, 5, 3, 0>, ap_ufixed<8, 1, 4, 0, 0>, relu_config7>'.
INFO: [HLS 200-1470] Pipelining result : Target II = NA, Final II = 1, Depth = 1, function 'relu<ap_fixed<16, 4, 5, 3, 0>, ap_ufixed<8, 1, 4, 0, 0>, relu_config7>'
INFO: [SCHED 204-11] Finished scheduling.
INFO: [HLS 200-111] Finished Scheduling: CPU user time: 9.6 seconds. CPU system time: 0.06 seconds. Elapsed time: 9.74 seconds; current allocated memory: 1.030 GB.
INFO: [BIND 205-100] Starting micro-architecture generation ...
INFO: [BIND 205-101] Performing variable lifetime analysis.
INFO: [BIND 205-101] Exploring resource sharing.
INFO: [BIND 205-101] Binding ...
INFO: [BIND 205-100] Finished micro-architecture generation.
INFO: [HLS 200-111] Finished Binding: CPU user time: 0.84 seconds. CPU system time: 0.01 seconds. Elapsed time: 0.86 seconds; current allocated memory: 1.036 GB.
INFO: [HLS 200-10] ----------------------------------------------------------------
INFO: [HLS 200-42] -- Implementing module 'dense_latency_ap_ufixed_8_1_4_0_0_ap_fixed_16_4_5_3_0_config8_s' 
INFO: [HLS 200-10] ----------------------------------------------------------------
INFO: [SCHED 204-11] Starting scheduling ...
INFO: [SCHED 204-61] Pipelining function 'dense_latency<ap_ufixed<8, 1, 4, 0, 0>, ap_fixed<16, 4, 5, 3, 0>, config8>'.
INFO: [HLS 200-1470] Pipelining result : Target II = NA, Final II = 2, Depth = 7, function 'dense_latency<ap_ufixed<8, 1, 4, 0, 0>, ap_fixed<16, 4, 5, 3, 0>, config8>'
INFO: [SCHED 204-11] Finished scheduling.
INFO: [HLS 200-111] Finished Scheduling: CPU user time: 5.34 seconds. CPU system time: 0.02 seconds. Elapsed time: 5.38 seconds; current allocated memory: 1.056 GB.
INFO: [BIND 205-100] Starting micro-architecture generation ...
INFO: [BIND 205-101] Performing variable lifetime analysis.
INFO: [BIND 205-101] Exploring resource sharing.
INFO: [BIND 205-101] Binding ...
INFO: [BIND 205-100] Starting global binding ...
INFO: [BIND 205-100] Finished micro-architecture generation.
INFO: [HLS 200-111] Finished Binding: CPU user time: 6.97 seconds. CPU system time: 0.03 seconds. Elapsed time: 7.03 seconds; current allocated memory: 1.088 GB.
INFO: [HLS 200-10] ----------------------------------------------------------------
INFO: [HLS 200-42] -- Implementing module 'relu_ap_fixed_16_4_5_3_0_ap_ufixed_8_1_4_0_0_relu_config10_s' 
INFO: [HLS 200-10] ----------------------------------------------------------------
INFO: [SCHED 204-11] Starting scheduling ...
INFO: [SCHED 204-61] Pipelining function 'relu<ap_fixed<16, 4, 5, 3, 0>, ap_ufixed<8, 1, 4, 0, 0>, relu_config10>'.
INFO: [HLS 200-1470] Pipelining result : Target II = NA, Final II = 1, Depth = 1, function 'relu<ap_fixed<16, 4, 5, 3, 0>, ap_ufixed<8, 1, 4, 0, 0>, relu_config10>'
INFO: [SCHED 204-11] Finished scheduling.
INFO: [HLS 200-111] Finished Scheduling: CPU user time: 6.33 seconds. CPU system time: 0.02 seconds. Elapsed time: 6.42 seconds; current allocated memory: 1.090 GB.
INFO: [BIND 205-100] Starting micro-architecture generation ...
INFO: [BIND 205-101] Performing variable lifetime analysis.
INFO: [BIND 205-101] Exploring resource sharing.
INFO: [BIND 205-101] Binding ...
INFO: [BIND 205-100] Finished micro-architecture generation.
INFO: [HLS 200-111] Finished Binding: CPU user time: 0.39 seconds. CPU system time: 0 seconds. Elapsed time: 0.39 seconds; current allocated memory: 1.093 GB.
INFO: [HLS 200-10] ----------------------------------------------------------------
INFO: [HLS 200-42] -- Implementing module 'dense_latency_ap_ufixed_8_1_4_0_0_ap_fixed_16_4_5_3_0_config11_s' 
INFO: [HLS 200-10] ----------------------------------------------------------------
INFO: [SCHED 204-11] Starting scheduling ...
INFO: [SCHED 204-61] Pipelining function 'dense_latency<ap_ufixed<8, 1, 4, 0, 0>, ap_fixed<16, 4, 5, 3, 0>, config11>'.
INFO: [HLS 200-1470] Pipelining result : Target II = NA, Final II = 2, Depth = 6, function 'dense_latency<ap_ufixed<8, 1, 4, 0, 0>, ap_fixed<16, 4, 5, 3, 0>, config11>'
INFO: [SCHED 204-11] Finished scheduling.
INFO: [HLS 200-111] Finished Scheduling: CPU user time: 1.53 seconds. CPU system time: 0 seconds. Elapsed time: 1.55 seconds; current allocated memory: 1.098 GB.
INFO: [BIND 205-100] Starting micro-architecture generation ...
INFO: [BIND 205-101] Performing variable lifetime analysis.
INFO: [BIND 205-101] Exploring resource sharing.
INFO: [BIND 205-101] Binding ...
INFO: [BIND 205-100] Starting global binding ...
INFO: [BIND 205-100] Finished micro-architecture generation.
INFO: [HLS 200-111] Finished Binding: CPU user time: 1.05 seconds. CPU system time: 0.02 seconds. Elapsed time: 1.08 seconds; current allocated memory: 1.105 GB.
INFO: [HLS 200-10] ----------------------------------------------------------------
INFO: [HLS 200-42] -- Implementing module 'softmax_stable_ap_fixed_ap_fixed_16_4_5_3_0_softmax_config13_s' 
INFO: [HLS 200-10] ----------------------------------------------------------------
INFO: [SCHED 204-11] Starting scheduling ...
INFO: [SCHED 204-61] Pipelining function 'softmax_stable<ap_fixed,ap_fixed<16,4,5,3,0>,softmax_config13>'.
INFO: [HLS 200-1470] Pipelining result : Target II = NA, Final II = 1, Depth = 15, function 'softmax_stable<ap_fixed,ap_fixed<16,4,5,3,0>,softmax_config13>'
INFO: [SCHED 204-11] Finished scheduling.
INFO: [HLS 200-111] Finished Scheduling: CPU user time: 1.58 seconds. CPU system time: 0.02 seconds. Elapsed time: 1.61 seconds; current allocated memory: 1.106 GB.
INFO: [BIND 205-100] Starting micro-architecture generation ...
INFO: [BIND 205-101] Performing variable lifetime analysis.
INFO: [BIND 205-101] Exploring resource sharing.
INFO: [BIND 205-101] Binding ...
INFO: [BIND 205-100] Finished micro-architecture generation.
INFO: [HLS 200-111] Finished Binding: CPU user time: 0.19 seconds. CPU system time: 0.02 seconds. Elapsed time: 0.21 seconds; current allocated memory: 1.106 GB.
INFO: [HLS 200-10] ----------------------------------------------------------------
INFO: [HLS 200-42] -- Implementing module 'myproject' 
INFO: [HLS 200-10] ----------------------------------------------------------------
INFO: [SCHED 204-11] Starting scheduling ...
INFO: [SCHED 204-61] Pipelining function 'myproject'.
INFO: [HLS 200-1470] Pipelining result : Target II = NA, Final II = 2, Depth = 86, function 'myproject'
INFO: [SCHED 204-11] Finished scheduling.
INFO: [HLS 200-111] Finished Scheduling: CPU user time: 0.45 seconds. CPU system time: 0.01 seconds. Elapsed time: 0.46 seconds; current allocated memory: 1.108 GB.
INFO: [BIND 205-100] Starting micro-architecture generation ...
INFO: [BIND 205-101] Performing variable lifetime analysis.
INFO: [BIND 205-101] Exploring resource sharing.
INFO: [BIND 205-101] Binding ...
INFO: [BIND 205-100] Finished micro-architecture generation.
INFO: [HLS 200-111] Finished Binding: CPU user time: 9.64 seconds. CPU system time: 0.08 seconds. Elapsed time: 9.72 seconds; current allocated memory: 1.110 GB.
INFO: [HLS 200-10] ----------------------------------------------------------------
INFO: [HLS 200-10] -- Generating RTL for module 'dense_latency_ap_fixed_8_2_5_3_0_ap_fixed_16_4_5_3_0_config2_s' 
INFO: [HLS 200-10] ----------------------------------------------------------------
INFO: [HLS 200-1030] Apply Unified Pipeline Control on module 'dense_latency_ap_fixed_8_2_5_3_0_ap_fixed_16_4_5_3_0_config2_s' pipeline 'dense_latency<ap_fixed<8, 2, 5, 3, 0>, ap_fixed<16, 4, 5, 3, 0>, config2>' pipeline type 'function pipeline'
INFO: [RTGEN 206-104] Estimated max fanout for 'dense_latency_ap_fixed_8_2_5_3_0_ap_fixed_16_4_5_3_0_config2_s' is 79248 from HDL expression: ((1'b1 == ap_CS_fsm_pp0_stage0) & (1'b0 == ap_block_pp0_stage0_11001))
INFO: [RTGEN 206-100] Generating core module 'mul_8s_5ns_12_1_1': 14 instance(s).
INFO: [RTGEN 206-100] Generating core module 'mul_8s_5ns_13_1_1': 29 instance(s).
INFO: [RTGEN 206-100] Generating core module 'mul_8s_5s_12_1_1': 6 instance(s).
INFO: [RTGEN 206-100] Generating core module 'mul_8s_5s_13_1_1': 57 instance(s).
INFO: [RTGEN 206-100] Generating core module 'mul_8s_6ns_13_1_1': 2 instance(s).
INFO: [RTGEN 206-100] Generating core module 'mul_8s_6s_13_1_1': 3 instance(s).
INFO: [RTGEN 206-100] Generating core module 'mul_8s_6s_14_1_1': 9 instance(s).
INFO: [RTGEN 206-100] Finished creating RTL model for 'dense_latency_ap_fixed_8_2_5_3_0_ap_fixed_16_4_5_3_0_config2_s'.
INFO: [HLS 200-111] Finished Creating RTL model: CPU user time: 31.56 seconds. CPU system time: 0.07 seconds. Elapsed time: 31.62 seconds; current allocated memory: 1.213 GB.
INFO: [HLS 200-10] ----------------------------------------------------------------
INFO: [HLS 200-10] -- Generating RTL for module 'relu_ap_fixed_16_4_5_3_0_ap_ufixed_8_1_4_0_0_relu_config4_s' 
INFO: [HLS 200-10] ----------------------------------------------------------------
INFO: [RTGEN 206-100] Finished creating RTL model for 'relu_ap_fixed_16_4_5_3_0_ap_ufixed_8_1_4_0_0_relu_config4_s'.
INFO: [HLS 200-111] Finished Creating RTL model: CPU user time: 46.73 seconds. CPU system time: 0.64 seconds. Elapsed time: 47.7 seconds; current allocated memory: 1.454 GB.
INFO: [HLS 200-10] ----------------------------------------------------------------
INFO: [HLS 200-10] -- Generating RTL for module 'dense_latency_ap_ufixed_8_1_4_0_0_ap_fixed_16_4_5_3_0_config5_s' 
INFO: [HLS 200-10] ----------------------------------------------------------------
INFO: [HLS 200-1030] Apply Unified Pipeline Control on module 'dense_latency_ap_ufixed_8_1_4_0_0_ap_fixed_16_4_5_3_0_config5_s' pipeline 'dense_latency<ap_ufixed<8, 1, 4, 0, 0>, ap_fixed<16, 4, 5, 3, 0>, config5>' pipeline type 'function pipeline'
INFO: [RTGEN 206-104] Estimated max fanout for 'dense_latency_ap_ufixed_8_1_4_0_0_ap_fixed_16_4_5_3_0_config5_s' is 22287 from HDL expression: ((1'b0 == ap_block_pp0_stage0_11001) & (1'b1 == ap_CS_fsm_pp0_stage0))
INFO: [RTGEN 206-100] Generating core module 'mul_8ns_5ns_12_1_1': 82 instance(s).
INFO: [RTGEN 206-100] Generating core module 'mul_8ns_5s_13_1_1': 55 instance(s).
INFO: [RTGEN 206-100] Generating core module 'mul_8ns_6ns_13_1_1': 49 instance(s).
INFO: [RTGEN 206-100] Generating core module 'mul_8ns_6s_14_1_1': 33 instance(s).
INFO: [RTGEN 206-100] Finished creating RTL model for 'dense_latency_ap_ufixed_8_1_4_0_0_ap_fixed_16_4_5_3_0_config5_s'.
INFO: [HLS 200-111] Finished Creating RTL model: CPU user time: 5.99 seconds. CPU system time: 0.05 seconds. Elapsed time: 6.06 seconds; current allocated memory: 1.542 GB.
INFO: [HLS 200-10] ----------------------------------------------------------------
INFO: [HLS 200-10] -- Generating RTL for module 'relu_ap_fixed_16_4_5_3_0_ap_ufixed_8_1_4_0_0_relu_config7_s' 
INFO: [HLS 200-10] ----------------------------------------------------------------
INFO: [RTGEN 206-100] Finished creating RTL model for 'relu_ap_fixed_16_4_5_3_0_ap_ufixed_8_1_4_0_0_relu_config7_s'.
INFO: [HLS 200-111] Finished Creating RTL model: CPU user time: 26.81 seconds. CPU system time: 0.35 seconds. Elapsed time: 27.39 seconds; current allocated memory: 1.712 GB.
INFO: [HLS 200-10] ----------------------------------------------------------------
INFO: [HLS 200-10] -- Generating RTL for module 'dense_latency_ap_ufixed_8_1_4_0_0_ap_fixed_16_4_5_3_0_config8_s' 
INFO: [HLS 200-10] ----------------------------------------------------------------
INFO: [HLS 200-1030] Apply Unified Pipeline Control on module 'dense_latency_ap_ufixed_8_1_4_0_0_ap_fixed_16_4_5_3_0_config8_s' pipeline 'dense_latency<ap_ufixed<8, 1, 4, 0, 0>, ap_fixed<16, 4, 5, 3, 0>, config8>' pipeline type 'function pipeline'
INFO: [RTGEN 206-104] Estimated max fanout for 'dense_latency_ap_ufixed_8_1_4_0_0_ap_fixed_16_4_5_3_0_config8_s' is 15452 from HDL expression: ((1'b0 == ap_block_pp0_stage0_11001) & (1'b1 == ap_CS_fsm_pp0_stage0))
INFO: [RTGEN 206-100] Generating core module 'mul_8ns_5ns_12_1_1': 55 instance(s).
INFO: [RTGEN 206-100] Generating core module 'mul_8ns_5s_13_1_1': 39 instance(s).
INFO: [RTGEN 206-100] Generating core module 'mul_8ns_6ns_13_1_1': 54 instance(s).
INFO: [RTGEN 206-100] Generating core module 'mul_8ns_6s_14_1_1': 40 instance(s).
INFO: [RTGEN 206-100] Finished creating RTL model for 'dense_latency_ap_ufixed_8_1_4_0_0_ap_fixed_16_4_5_3_0_config8_s'.
INFO: [HLS 200-111] Finished Creating RTL model: CPU user time: 5.7 seconds. CPU system time: 0.05 seconds. Elapsed time: 5.78 seconds; current allocated memory: 1.776 GB.
INFO: [HLS 200-10] ----------------------------------------------------------------
INFO: [HLS 200-10] -- Generating RTL for module 'relu_ap_fixed_16_4_5_3_0_ap_ufixed_8_1_4_0_0_relu_config10_s' 
INFO: [HLS 200-10] ----------------------------------------------------------------
INFO: [RTGEN 206-100] Finished creating RTL model for 'relu_ap_fixed_16_4_5_3_0_ap_ufixed_8_1_4_0_0_relu_config10_s'.
INFO: [HLS 200-111] Finished Creating RTL model: CPU user time: 17.42 seconds. CPU system time: 0.19 seconds. Elapsed time: 17.73 seconds; current allocated memory: 1.885 GB.
INFO: [HLS 200-10] ----------------------------------------------------------------
INFO: [HLS 200-10] -- Generating RTL for module 'dense_latency_ap_ufixed_8_1_4_0_0_ap_fixed_16_4_5_3_0_config11_s' 
INFO: [HLS 200-10] ----------------------------------------------------------------
INFO: [HLS 200-1030] Apply Unified Pipeline Control on module 'dense_latency_ap_ufixed_8_1_4_0_0_ap_fixed_16_4_5_3_0_config11_s' pipeline 'dense_latency<ap_ufixed<8, 1, 4, 0, 0>, ap_fixed<16, 4, 5, 3, 0>, config11>' pipeline type 'function pipeline'
INFO: [RTGEN 206-100] Generating core module 'mul_8ns_5ns_12_1_1': 1 instance(s).
INFO: [RTGEN 206-100] Generating core module 'mul_8ns_5s_13_1_1': 7 instance(s).
INFO: [RTGEN 206-100] Generating core module 'mul_8ns_6ns_13_1_1': 36 instance(s).
INFO: [RTGEN 206-100] Generating core module 'mul_8ns_6s_14_1_1': 35 instance(s).
INFO: [RTGEN 206-100] Generating core module 'mul_8ns_7ns_14_1_1': 12 instance(s).
INFO: [RTGEN 206-100] Generating core module 'mul_8ns_7s_15_1_1': 29 instance(s).
INFO: [RTGEN 206-100] Finished creating RTL model for 'dense_latency_ap_ufixed_8_1_4_0_0_ap_fixed_16_4_5_3_0_config11_s'.
INFO: [HLS 200-111] Finished Creating RTL model: CPU user time: 2.56 seconds. CPU system time: 0.03 seconds. Elapsed time: 2.59 seconds; current allocated memory: 1.906 GB.
INFO: [HLS 200-10] ----------------------------------------------------------------
INFO: [HLS 200-10] -- Generating RTL for module 'softmax_stable_ap_fixed_ap_fixed_16_4_5_3_0_softmax_config13_s' 
INFO: [HLS 200-10] ----------------------------------------------------------------
INFO: [HLS 200-1030] Apply Unified Pipeline Control on module 'softmax_stable_ap_fixed_ap_fixed_16_4_5_3_0_softmax_config13_s' pipeline 'softmax_stable<ap_fixed,ap_fixed<16,4,5,3,0>,softmax_config13>' pipeline type 'function pipeline'
INFO: [RTGEN 206-100] Generating core module 'mul_mul_18s_18s_28_3_1': 10 instance(s).
INFO: [RTGEN 206-100] Finished creating RTL model for 'softmax_stable_ap_fixed_ap_fixed_16_4_5_3_0_softmax_config13_s'.
INFO: [HLS 200-111] Finished Creating RTL model: CPU user time: 4.17 seconds. CPU system time: 0.04 seconds. Elapsed time: 4.23 seconds; current allocated memory: 1.935 GB.
INFO: [HLS 200-10] ----------------------------------------------------------------
INFO: [HLS 200-10] -- Generating RTL for module 'myproject' 
INFO: [HLS 200-10] ----------------------------------------------------------------
INFO: [RTGEN 206-500] Setting interface mode on port 'myproject/fc1_input' to 'ap_none'.
INFO: [RTGEN 206-500] Setting interface mode on port 'myproject/layer13_out_0' to 'ap_vld'.
INFO: [RTGEN 206-500] Setting interface mode on port 'myproject/layer13_out_1' to 'ap_vld'.
INFO: [RTGEN 206-500] Setting interface mode on port 'myproject/layer13_out_2' to 'ap_vld'.
INFO: [RTGEN 206-500] Setting interface mode on port 'myproject/layer13_out_3' to 'ap_vld'.
INFO: [RTGEN 206-500] Setting interface mode on port 'myproject/layer13_out_4' to 'ap_vld'.
INFO: [RTGEN 206-500] Setting interface mode on port 'myproject/layer13_out_5' to 'ap_vld'.
INFO: [RTGEN 206-500] Setting interface mode on port 'myproject/layer13_out_6' to 'ap_vld'.
INFO: [RTGEN 206-500] Setting interface mode on port 'myproject/layer13_out_7' to 'ap_vld'.
INFO: [RTGEN 206-500] Setting interface mode on port 'myproject/layer13_out_8' to 'ap_vld'.
INFO: [RTGEN 206-500] Setting interface mode on port 'myproject/layer13_out_9' to 'ap_vld'.
INFO: [RTGEN 206-500] Setting interface mode on function 'myproject' to 'ap_ctrl_hs'.
INFO: [HLS 200-1030] Apply Unified Pipeline Control on module 'myproject' pipeline 'myproject' pipeline type 'function pipeline'
INFO: [RTGEN 206-100] Finished creating RTL model for 'myproject'.
INFO: [HLS 200-111] Finished Creating RTL model: CPU user time: 1.38 seconds. CPU system time: 0.03 seconds. Elapsed time: 1.41 seconds; current allocated memory: 1.964 GB.
INFO: [RTMG 210-279] Implementing memory 'myproject_softmax_stable_ap_fixed_ap_fixed_16_4_5_3_0_softmax_config13_s_exp_table' using auto ROMs.
INFO: [RTMG 210-279] Implementing memory 'myproject_softmax_stable_ap_fixed_ap_fixed_16_4_5_3_0_softmax_config13_s_invert_table' using auto ROMs.
INFO: [HLS 200-111] Finished Generating all RTL models: CPU user time: 52.02 seconds. CPU system time: 0.15 seconds. Elapsed time: 52.16 seconds; current allocated memory: 1.971 GB.
INFO: [HLS 200-111] Finished Updating report files: CPU user time: 3.68 seconds. CPU system time: 0.01 seconds. Elapsed time: 3.69 seconds; current allocated memory: 2.064 GB.
INFO: [VHDL 208-304] Generating VHDL RTL for myproject.
INFO: [VLOG 209-307] Generating Verilog RTL for myproject.
INFO: [HLS 200-789] **** Estimated Fmax: 228.78 MHz
INFO: [HLS 200-111] Finished Command csynth_design CPU user time: 1378.36 seconds. CPU system time: 188.5 seconds. Elapsed time: 1567.38 seconds; current allocated memory: 2.064 GB.
***** C/RTL SYNTHESIS COMPLETED IN 0h26m7s *****
INFO: [HLS 200-112] Total CPU user time: 1381.1 seconds. Total CPU system time: 189.27 seconds. Total elapsed time: 1569.86 seconds; peak allocated memory: 2.064 GB.
INFO: [Common 17-206] Exiting vitis_hls at Thu Jul 20 12:18:17 2023...
