

================================================================
== Vitis HLS Report for 'softmax_stable_ap_fixed_ap_fixed_16_4_5_3_0_softmax_config13_s'
================================================================
* Date:           Fri Jul 21 02:45:47 2023

* Version:        2021.1 (Build 3247384 on Thu Jun 10 19:36:07 MDT 2021)
* Project:        myproject_prj
* Solution:       solution1 (Vivado IP Flow Target)
* Product family: zynq
* Target device:  xc7z007s-clg225-2


================================================================
== Performance Estimates
================================================================
+ Timing: 
    * Summary: 
    +--------+---------+----------+------------+
    |  Clock |  Target | Estimated| Uncertainty|
    +--------+---------+----------+------------+
    |ap_clk  |  5.00 ns|  4.335 ns|     0.62 ns|
    +--------+---------+----------+------------+

+ Latency: 
    * Summary: 
    +---------+---------+-----------+-----------+-----+-----+---------+
    |  Latency (cycles) |   Latency (absolute)  |  Interval | Pipeline|
    |   min   |   max   |    min    |    max    | min | max |   Type  |
    +---------+---------+-----------+-----------+-----+-----+---------+
    |       12|       12|  60.000 ns|  60.000 ns|    1|    1|      yes|
    +---------+---------+-----------+-----------+-----+-----+---------+

    + Detail: 
        * Instance: 
        N/A

        * Loop: 
        N/A

============================================================
+ Verbose Summary: Synthesis Manager
============================================================
InlineROM: 1
ExposeGlobal: 0
============================================================
+ Verbose Summary: CDFG Model
============================================================
IsTopModel: 0
ResetActiveHigh: 1
IsCombinational: 0
IsDatapathOnly: 0
HasWiredReturn: 1
HasMFsm: 2
HasVarLatency: 0
IsPipeline: 1
IsRtlPipelined: 1
IsInstanceOverlapped: 0
IsDontTouch: 0
HasImplIP: 0
IsGatedGlobalClock: 0

+ Individual pipeline summary: 
  * Pipeline-0: initiation interval (II) = 1, depth = 13


============================================================
+ Verbose Summary: Schedule
============================================================
* Number of FSM states : 13
* Pipeline : 1
  Pipeline-0 : II = 1, D = 13, States = { 1 2 3 4 5 6 7 8 9 10 11 12 13 }
* Dataflow Pipeline: 0

* FSM state transitions: 
1 --> 2 
2 --> 3 
3 --> 4 
4 --> 5 
5 --> 6 
6 --> 7 
7 --> 8 
8 --> 9 
9 --> 10 
10 --> 11 
11 --> 12 
12 --> 13 
13 --> 

* FSM state operations: 

State 1 <SV = 0> <Delay = 2.13>
ST_1 : Operation 14 [1/1] (0.00ns)   --->   "%p_read_1 = read i16 @_ssdm_op_Read.ap_auto.i16, i16 %p_read5" [firmware/nnet_utils/nnet_activation.h:216]   --->   Operation 14 'read' 'p_read_1' <Predicate = true> <Delay = 0.00>
ST_1 : Operation 15 [1/1] (0.00ns)   --->   "%p_read_2 = read i16 @_ssdm_op_Read.ap_auto.i16, i16 %p_read4" [firmware/nnet_utils/nnet_activation.h:216]   --->   Operation 15 'read' 'p_read_2' <Predicate = true> <Delay = 0.00>
ST_1 : Operation 16 [1/1] (0.00ns)   --->   "%p_read_3 = read i16 @_ssdm_op_Read.ap_auto.i16, i16 %p_read3" [firmware/nnet_utils/nnet_activation.h:216]   --->   Operation 16 'read' 'p_read_3' <Predicate = true> <Delay = 0.00>
ST_1 : Operation 17 [1/1] (0.00ns)   --->   "%p_read_4 = read i16 @_ssdm_op_Read.ap_auto.i16, i16 %p_read2" [firmware/nnet_utils/nnet_activation.h:216]   --->   Operation 17 'read' 'p_read_4' <Predicate = true> <Delay = 0.00>
ST_1 : Operation 18 [1/1] (0.00ns)   --->   "%p_read_5 = read i16 @_ssdm_op_Read.ap_auto.i16, i16 %p_read1" [firmware/nnet_utils/nnet_activation.h:216]   --->   Operation 18 'read' 'p_read_5' <Predicate = true> <Delay = 0.00>
ST_1 : Operation 19 [1/1] (0.00ns)   --->   "%p_read_6 = read i16 @_ssdm_op_Read.ap_auto.i16, i16 %p_read" [firmware/nnet_utils/nnet_activation.h:216]   --->   Operation 19 'read' 'p_read_6' <Predicate = true> <Delay = 0.00>
ST_1 : Operation 20 [1/1] (2.13ns)   --->   "%icmp_ln1549 = icmp_slt  i16 %p_read_6, i16 %p_read_5"   --->   Operation 20 'icmp' 'icmp_ln1549' <Predicate = true> <Delay = 2.13> <CoreInst = "Cmp">   --->   Core 9 'Cmp' <Latency = 0> <II = 1> <Delay = 2.13> <FuncUnit> <Opcode : 'icmp'> <InPorts = 2> <OutPorts = 1>
ST_1 : Operation 21 [1/1] (2.13ns)   --->   "%icmp_ln1549_1 = icmp_slt  i16 %p_read_4, i16 %p_read_3"   --->   Operation 21 'icmp' 'icmp_ln1549_1' <Predicate = true> <Delay = 2.13> <CoreInst = "Cmp">   --->   Core 9 'Cmp' <Latency = 0> <II = 1> <Delay = 2.13> <FuncUnit> <Opcode : 'icmp'> <InPorts = 2> <OutPorts = 1>

State 2 <SV = 1> <Delay = 3.73>
ST_2 : Operation 22 [1/1] (0.00ns) (grouped into LUT with out node select_ln65)   --->   "%xor_ln1549 = xor i1 %icmp_ln1549, i1 1"   --->   Operation 22 'xor' 'xor_ln1549' <Predicate = true> <Delay = 0.00> <CoreInst = "LogicGate">   --->   Core 74 'LogicGate' <Latency = 0> <II = 1> <Delay = 0.80> <FuncUnit> <Opcode : 'and' 'or' 'xor'> <InPorts = 2> <OutPorts = 1>
ST_2 : Operation 23 [1/1] (0.80ns) (out node of the LUT)   --->   "%select_ln65 = select i1 %xor_ln1549, i16 %p_read_6, i16 %p_read_5" [firmware/nnet_utils/nnet_common.h:65]   --->   Operation 23 'select' 'select_ln65' <Predicate = true> <Delay = 0.80> <CoreInst = "Sel">   --->   Core 73 'Sel' <Latency = 0> <II = 1> <Delay = 0.99> <FuncUnit> <Opcode : 'select'> <InPorts = 3> <OutPorts = 1>
ST_2 : Operation 24 [1/1] (0.00ns) (grouped into LUT with out node select_ln65_1)   --->   "%xor_ln1549_1 = xor i1 %icmp_ln1549_1, i1 1"   --->   Operation 24 'xor' 'xor_ln1549_1' <Predicate = true> <Delay = 0.00> <CoreInst = "LogicGate">   --->   Core 74 'LogicGate' <Latency = 0> <II = 1> <Delay = 0.80> <FuncUnit> <Opcode : 'and' 'or' 'xor'> <InPorts = 2> <OutPorts = 1>
ST_2 : Operation 25 [1/1] (0.80ns) (out node of the LUT)   --->   "%select_ln65_1 = select i1 %xor_ln1549_1, i16 %p_read_4, i16 %p_read_3" [firmware/nnet_utils/nnet_common.h:65]   --->   Operation 25 'select' 'select_ln65_1' <Predicate = true> <Delay = 0.80> <CoreInst = "Sel">   --->   Core 73 'Sel' <Latency = 0> <II = 1> <Delay = 0.99> <FuncUnit> <Opcode : 'select'> <InPorts = 3> <OutPorts = 1>
ST_2 : Operation 26 [1/1] (2.13ns)   --->   "%icmp_ln1549_2 = icmp_slt  i16 %select_ln65, i16 %select_ln65_1"   --->   Operation 26 'icmp' 'icmp_ln1549_2' <Predicate = true> <Delay = 2.13> <CoreInst = "Cmp">   --->   Core 9 'Cmp' <Latency = 0> <II = 1> <Delay = 2.13> <FuncUnit> <Opcode : 'icmp'> <InPorts = 2> <OutPorts = 1>
ST_2 : Operation 27 [1/1] (0.00ns) (grouped into LUT with out node select_ln65_2)   --->   "%xor_ln1549_2 = xor i1 %icmp_ln1549_2, i1 1"   --->   Operation 27 'xor' 'xor_ln1549_2' <Predicate = true> <Delay = 0.00> <CoreInst = "LogicGate">   --->   Core 74 'LogicGate' <Latency = 0> <II = 1> <Delay = 0.80> <FuncUnit> <Opcode : 'and' 'or' 'xor'> <InPorts = 2> <OutPorts = 1>
ST_2 : Operation 28 [1/1] (0.80ns) (out node of the LUT)   --->   "%select_ln65_2 = select i1 %xor_ln1549_2, i16 %select_ln65, i16 %select_ln65_1" [firmware/nnet_utils/nnet_common.h:65]   --->   Operation 28 'select' 'select_ln65_2' <Predicate = true> <Delay = 0.80> <CoreInst = "Sel">   --->   Core 73 'Sel' <Latency = 0> <II = 1> <Delay = 0.99> <FuncUnit> <Opcode : 'select'> <InPorts = 3> <OutPorts = 1>
ST_2 : Operation 29 [1/1] (2.13ns)   --->   "%icmp_ln1549_3 = icmp_slt  i16 %p_read_2, i16 %p_read_1"   --->   Operation 29 'icmp' 'icmp_ln1549_3' <Predicate = true> <Delay = 2.13> <CoreInst = "Cmp">   --->   Core 9 'Cmp' <Latency = 0> <II = 1> <Delay = 2.13> <FuncUnit> <Opcode : 'icmp'> <InPorts = 2> <OutPorts = 1>

State 3 <SV = 2> <Delay = 3.73>
ST_3 : Operation 30 [1/1] (0.00ns) (grouped into LUT with out node select_ln65_3)   --->   "%xor_ln1549_3 = xor i1 %icmp_ln1549_3, i1 1"   --->   Operation 30 'xor' 'xor_ln1549_3' <Predicate = true> <Delay = 0.00> <CoreInst = "LogicGate">   --->   Core 74 'LogicGate' <Latency = 0> <II = 1> <Delay = 0.80> <FuncUnit> <Opcode : 'and' 'or' 'xor'> <InPorts = 2> <OutPorts = 1>
ST_3 : Operation 31 [1/1] (0.80ns) (out node of the LUT)   --->   "%select_ln65_3 = select i1 %xor_ln1549_3, i16 %p_read_2, i16 %p_read_1" [firmware/nnet_utils/nnet_common.h:65]   --->   Operation 31 'select' 'select_ln65_3' <Predicate = true> <Delay = 0.80> <CoreInst = "Sel">   --->   Core 73 'Sel' <Latency = 0> <II = 1> <Delay = 0.99> <FuncUnit> <Opcode : 'select'> <InPorts = 3> <OutPorts = 1>
ST_3 : Operation 32 [1/1] (2.13ns)   --->   "%icmp_ln1549_4 = icmp_slt  i16 %select_ln65_2, i16 %select_ln65_3"   --->   Operation 32 'icmp' 'icmp_ln1549_4' <Predicate = true> <Delay = 2.13> <CoreInst = "Cmp">   --->   Core 9 'Cmp' <Latency = 0> <II = 1> <Delay = 2.13> <FuncUnit> <Opcode : 'icmp'> <InPorts = 2> <OutPorts = 1>
ST_3 : Operation 33 [1/1] (0.00ns) (grouped into LUT with out node x_max_V)   --->   "%xor_ln1549_4 = xor i1 %icmp_ln1549_4, i1 1"   --->   Operation 33 'xor' 'xor_ln1549_4' <Predicate = true> <Delay = 0.00> <CoreInst = "LogicGate">   --->   Core 74 'LogicGate' <Latency = 0> <II = 1> <Delay = 0.80> <FuncUnit> <Opcode : 'and' 'or' 'xor'> <InPorts = 2> <OutPorts = 1>
ST_3 : Operation 34 [1/1] (0.80ns) (out node of the LUT)   --->   "%x_max_V = select i1 %xor_ln1549_4, i16 %select_ln65_2, i16 %select_ln65_3" [firmware/nnet_utils/nnet_common.h:65]   --->   Operation 34 'select' 'x_max_V' <Predicate = true> <Delay = 0.80> <CoreInst = "Sel">   --->   Core 73 'Sel' <Latency = 0> <II = 1> <Delay = 0.99> <FuncUnit> <Opcode : 'select'> <InPorts = 3> <OutPorts = 1>

State 4 <SV = 3> <Delay = 2.54>
ST_4 : Operation 35 [1/1] (0.00ns)   --->   "%sext_ln1246 = sext i16 %p_read_6"   --->   Operation 35 'sext' 'sext_ln1246' <Predicate = true> <Delay = 0.00>
ST_4 : Operation 36 [1/1] (0.00ns)   --->   "%sext_ln1246_1 = sext i16 %x_max_V"   --->   Operation 36 'sext' 'sext_ln1246_1' <Predicate = true> <Delay = 0.00>
ST_4 : Operation 37 [1/1] (1.54ns)   --->   "%ret_V = sub i17 %sext_ln1246, i17 %sext_ln1246_1"   --->   Operation 37 'sub' 'ret_V' <Predicate = true> <Delay = 1.54> <CoreInst = "Adder">   --->   Core 1 'Adder' <Latency = 0> <II = 1> <Delay = 1.56> <FuncUnit> <Opcode : 'add' 'sub'> <InPorts = 2> <OutPorts = 1>
ST_4 : Operation 38 [1/1] (0.00ns)   --->   "%p_Result_7 = bitselect i1 @_ssdm_op_BitSelect.i1.i17.i32, i17 %ret_V, i32 16"   --->   Operation 38 'bitselect' 'p_Result_7' <Predicate = true> <Delay = 0.00>
ST_4 : Operation 39 [1/1] (0.00ns)   --->   "%p_Result_8 = bitselect i1 @_ssdm_op_BitSelect.i1.i17.i32, i17 %ret_V, i32 15"   --->   Operation 39 'bitselect' 'p_Result_8' <Predicate = true> <Delay = 0.00>
ST_4 : Operation 40 [1/1] (0.00ns) (grouped into LUT with out node y)   --->   "%xor_ln794 = xor i1 %p_Result_7, i1 1"   --->   Operation 40 'xor' 'xor_ln794' <Predicate = true> <Delay = 0.00> <CoreInst = "LogicGate">   --->   Core 74 'LogicGate' <Latency = 0> <II = 1> <Delay = 0.80> <FuncUnit> <Opcode : 'and' 'or' 'xor'> <InPorts = 2> <OutPorts = 1>
ST_4 : Operation 41 [1/1] (0.00ns) (grouped into LUT with out node y)   --->   "%overflow = and i1 %p_Result_8, i1 %xor_ln794"   --->   Operation 41 'and' 'overflow' <Predicate = true> <Delay = 0.00> <CoreInst = "LogicGate">   --->   Core 74 'LogicGate' <Latency = 0> <II = 1> <Delay = 0.80> <FuncUnit> <Opcode : 'and' 'or' 'xor'> <InPorts = 2> <OutPorts = 1>
ST_4 : Operation 42 [1/1] (0.00ns) (grouped into LUT with out node y)   --->   "%xor_ln340 = xor i1 %p_Result_7, i1 %p_Result_8"   --->   Operation 42 'xor' 'xor_ln340' <Predicate = true> <Delay = 0.00> <CoreInst = "LogicGate">   --->   Core 74 'LogicGate' <Latency = 0> <II = 1> <Delay = 0.80> <FuncUnit> <Opcode : 'and' 'or' 'xor'> <InPorts = 2> <OutPorts = 1>
ST_4 : Operation 43 [1/1] (0.00ns)   --->   "%sext_ln1246_2 = sext i16 %p_read_5"   --->   Operation 43 'sext' 'sext_ln1246_2' <Predicate = true> <Delay = 0.00>
ST_4 : Operation 44 [1/1] (1.54ns)   --->   "%ret_V_1 = sub i17 %sext_ln1246_2, i17 %sext_ln1246_1"   --->   Operation 44 'sub' 'ret_V_1' <Predicate = true> <Delay = 1.54> <CoreInst = "Adder">   --->   Core 1 'Adder' <Latency = 0> <II = 1> <Delay = 1.56> <FuncUnit> <Opcode : 'add' 'sub'> <InPorts = 2> <OutPorts = 1>
ST_4 : Operation 45 [1/1] (0.00ns)   --->   "%p_Result_9 = bitselect i1 @_ssdm_op_BitSelect.i1.i17.i32, i17 %ret_V_1, i32 16"   --->   Operation 45 'bitselect' 'p_Result_9' <Predicate = true> <Delay = 0.00>
ST_4 : Operation 46 [1/1] (0.00ns)   --->   "%p_Result_10 = bitselect i1 @_ssdm_op_BitSelect.i1.i17.i32, i17 %ret_V_1, i32 15"   --->   Operation 46 'bitselect' 'p_Result_10' <Predicate = true> <Delay = 0.00>
ST_4 : Operation 47 [1/1] (0.00ns) (grouped into LUT with out node y_1)   --->   "%xor_ln794_1 = xor i1 %p_Result_9, i1 1"   --->   Operation 47 'xor' 'xor_ln794_1' <Predicate = true> <Delay = 0.00> <CoreInst = "LogicGate">   --->   Core 74 'LogicGate' <Latency = 0> <II = 1> <Delay = 0.80> <FuncUnit> <Opcode : 'and' 'or' 'xor'> <InPorts = 2> <OutPorts = 1>
ST_4 : Operation 48 [1/1] (0.00ns) (grouped into LUT with out node y_1)   --->   "%overflow_1 = and i1 %p_Result_10, i1 %xor_ln794_1"   --->   Operation 48 'and' 'overflow_1' <Predicate = true> <Delay = 0.00> <CoreInst = "LogicGate">   --->   Core 74 'LogicGate' <Latency = 0> <II = 1> <Delay = 0.80> <FuncUnit> <Opcode : 'and' 'or' 'xor'> <InPorts = 2> <OutPorts = 1>
ST_4 : Operation 49 [1/1] (0.00ns) (grouped into LUT with out node y_1)   --->   "%xor_ln340_1 = xor i1 %p_Result_9, i1 %p_Result_10"   --->   Operation 49 'xor' 'xor_ln340_1' <Predicate = true> <Delay = 0.00> <CoreInst = "LogicGate">   --->   Core 74 'LogicGate' <Latency = 0> <II = 1> <Delay = 0.80> <FuncUnit> <Opcode : 'and' 'or' 'xor'> <InPorts = 2> <OutPorts = 1>
ST_4 : Operation 50 [1/1] (0.00ns)   --->   "%sext_ln1246_3 = sext i16 %p_read_4"   --->   Operation 50 'sext' 'sext_ln1246_3' <Predicate = true> <Delay = 0.00>
ST_4 : Operation 51 [1/1] (1.54ns)   --->   "%ret_V_2 = sub i17 %sext_ln1246_3, i17 %sext_ln1246_1"   --->   Operation 51 'sub' 'ret_V_2' <Predicate = true> <Delay = 1.54> <CoreInst = "Adder">   --->   Core 1 'Adder' <Latency = 0> <II = 1> <Delay = 1.56> <FuncUnit> <Opcode : 'add' 'sub'> <InPorts = 2> <OutPorts = 1>
ST_4 : Operation 52 [1/1] (0.00ns)   --->   "%p_Result_11 = bitselect i1 @_ssdm_op_BitSelect.i1.i17.i32, i17 %ret_V_2, i32 16"   --->   Operation 52 'bitselect' 'p_Result_11' <Predicate = true> <Delay = 0.00>
ST_4 : Operation 53 [1/1] (0.00ns)   --->   "%p_Result_12 = bitselect i1 @_ssdm_op_BitSelect.i1.i17.i32, i17 %ret_V_2, i32 15"   --->   Operation 53 'bitselect' 'p_Result_12' <Predicate = true> <Delay = 0.00>
ST_4 : Operation 54 [1/1] (0.00ns) (grouped into LUT with out node y_2)   --->   "%xor_ln794_2 = xor i1 %p_Result_11, i1 1"   --->   Operation 54 'xor' 'xor_ln794_2' <Predicate = true> <Delay = 0.00> <CoreInst = "LogicGate">   --->   Core 74 'LogicGate' <Latency = 0> <II = 1> <Delay = 0.80> <FuncUnit> <Opcode : 'and' 'or' 'xor'> <InPorts = 2> <OutPorts = 1>
ST_4 : Operation 55 [1/1] (0.00ns) (grouped into LUT with out node y_2)   --->   "%overflow_2 = and i1 %p_Result_12, i1 %xor_ln794_2"   --->   Operation 55 'and' 'overflow_2' <Predicate = true> <Delay = 0.00> <CoreInst = "LogicGate">   --->   Core 74 'LogicGate' <Latency = 0> <II = 1> <Delay = 0.80> <FuncUnit> <Opcode : 'and' 'or' 'xor'> <InPorts = 2> <OutPorts = 1>
ST_4 : Operation 56 [1/1] (0.00ns) (grouped into LUT with out node y_2)   --->   "%xor_ln340_2 = xor i1 %p_Result_11, i1 %p_Result_12"   --->   Operation 56 'xor' 'xor_ln340_2' <Predicate = true> <Delay = 0.00> <CoreInst = "LogicGate">   --->   Core 74 'LogicGate' <Latency = 0> <II = 1> <Delay = 0.80> <FuncUnit> <Opcode : 'and' 'or' 'xor'> <InPorts = 2> <OutPorts = 1>
ST_4 : Operation 57 [1/1] (0.00ns)   --->   "%sext_ln1246_4 = sext i16 %p_read_3"   --->   Operation 57 'sext' 'sext_ln1246_4' <Predicate = true> <Delay = 0.00>
ST_4 : Operation 58 [1/1] (1.54ns)   --->   "%ret_V_3 = sub i17 %sext_ln1246_4, i17 %sext_ln1246_1"   --->   Operation 58 'sub' 'ret_V_3' <Predicate = true> <Delay = 1.54> <CoreInst = "Adder">   --->   Core 1 'Adder' <Latency = 0> <II = 1> <Delay = 1.56> <FuncUnit> <Opcode : 'add' 'sub'> <InPorts = 2> <OutPorts = 1>
ST_4 : Operation 59 [1/1] (0.00ns)   --->   "%p_Result_13 = bitselect i1 @_ssdm_op_BitSelect.i1.i17.i32, i17 %ret_V_3, i32 16"   --->   Operation 59 'bitselect' 'p_Result_13' <Predicate = true> <Delay = 0.00>
ST_4 : Operation 60 [1/1] (0.00ns)   --->   "%p_Result_14 = bitselect i1 @_ssdm_op_BitSelect.i1.i17.i32, i17 %ret_V_3, i32 15"   --->   Operation 60 'bitselect' 'p_Result_14' <Predicate = true> <Delay = 0.00>
ST_4 : Operation 61 [1/1] (0.00ns) (grouped into LUT with out node y_3)   --->   "%xor_ln794_3 = xor i1 %p_Result_13, i1 1"   --->   Operation 61 'xor' 'xor_ln794_3' <Predicate = true> <Delay = 0.00> <CoreInst = "LogicGate">   --->   Core 74 'LogicGate' <Latency = 0> <II = 1> <Delay = 0.80> <FuncUnit> <Opcode : 'and' 'or' 'xor'> <InPorts = 2> <OutPorts = 1>
ST_4 : Operation 62 [1/1] (0.00ns) (grouped into LUT with out node y_3)   --->   "%overflow_3 = and i1 %p_Result_14, i1 %xor_ln794_3"   --->   Operation 62 'and' 'overflow_3' <Predicate = true> <Delay = 0.00> <CoreInst = "LogicGate">   --->   Core 74 'LogicGate' <Latency = 0> <II = 1> <Delay = 0.80> <FuncUnit> <Opcode : 'and' 'or' 'xor'> <InPorts = 2> <OutPorts = 1>
ST_4 : Operation 63 [1/1] (0.00ns) (grouped into LUT with out node y_3)   --->   "%xor_ln340_3 = xor i1 %p_Result_13, i1 %p_Result_14"   --->   Operation 63 'xor' 'xor_ln340_3' <Predicate = true> <Delay = 0.00> <CoreInst = "LogicGate">   --->   Core 74 'LogicGate' <Latency = 0> <II = 1> <Delay = 0.80> <FuncUnit> <Opcode : 'and' 'or' 'xor'> <InPorts = 2> <OutPorts = 1>
ST_4 : Operation 64 [1/1] (0.00ns)   --->   "%sext_ln1246_5 = sext i16 %p_read_2"   --->   Operation 64 'sext' 'sext_ln1246_5' <Predicate = true> <Delay = 0.00>
ST_4 : Operation 65 [1/1] (1.54ns)   --->   "%ret_V_4 = sub i17 %sext_ln1246_5, i17 %sext_ln1246_1"   --->   Operation 65 'sub' 'ret_V_4' <Predicate = true> <Delay = 1.54> <CoreInst = "Adder">   --->   Core 1 'Adder' <Latency = 0> <II = 1> <Delay = 1.56> <FuncUnit> <Opcode : 'add' 'sub'> <InPorts = 2> <OutPorts = 1>
ST_4 : Operation 66 [1/1] (0.00ns)   --->   "%p_Result_15 = bitselect i1 @_ssdm_op_BitSelect.i1.i17.i32, i17 %ret_V_4, i32 16"   --->   Operation 66 'bitselect' 'p_Result_15' <Predicate = true> <Delay = 0.00>
ST_4 : Operation 67 [1/1] (0.00ns)   --->   "%p_Result_16 = bitselect i1 @_ssdm_op_BitSelect.i1.i17.i32, i17 %ret_V_4, i32 15"   --->   Operation 67 'bitselect' 'p_Result_16' <Predicate = true> <Delay = 0.00>
ST_4 : Operation 68 [1/1] (0.00ns) (grouped into LUT with out node y_4)   --->   "%xor_ln794_4 = xor i1 %p_Result_15, i1 1"   --->   Operation 68 'xor' 'xor_ln794_4' <Predicate = true> <Delay = 0.00> <CoreInst = "LogicGate">   --->   Core 74 'LogicGate' <Latency = 0> <II = 1> <Delay = 0.80> <FuncUnit> <Opcode : 'and' 'or' 'xor'> <InPorts = 2> <OutPorts = 1>
ST_4 : Operation 69 [1/1] (0.00ns) (grouped into LUT with out node y_4)   --->   "%overflow_4 = and i1 %p_Result_16, i1 %xor_ln794_4"   --->   Operation 69 'and' 'overflow_4' <Predicate = true> <Delay = 0.00> <CoreInst = "LogicGate">   --->   Core 74 'LogicGate' <Latency = 0> <II = 1> <Delay = 0.80> <FuncUnit> <Opcode : 'and' 'or' 'xor'> <InPorts = 2> <OutPorts = 1>
ST_4 : Operation 70 [1/1] (0.00ns) (grouped into LUT with out node y_4)   --->   "%xor_ln340_4 = xor i1 %p_Result_15, i1 %p_Result_16"   --->   Operation 70 'xor' 'xor_ln340_4' <Predicate = true> <Delay = 0.00> <CoreInst = "LogicGate">   --->   Core 74 'LogicGate' <Latency = 0> <II = 1> <Delay = 0.80> <FuncUnit> <Opcode : 'and' 'or' 'xor'> <InPorts = 2> <OutPorts = 1>
ST_4 : Operation 71 [1/1] (0.00ns)   --->   "%sext_ln1246_6 = sext i16 %p_read_1"   --->   Operation 71 'sext' 'sext_ln1246_6' <Predicate = true> <Delay = 0.00>
ST_4 : Operation 72 [1/1] (1.54ns)   --->   "%ret_V_5 = sub i17 %sext_ln1246_6, i17 %sext_ln1246_1"   --->   Operation 72 'sub' 'ret_V_5' <Predicate = true> <Delay = 1.54> <CoreInst = "Adder">   --->   Core 1 'Adder' <Latency = 0> <II = 1> <Delay = 1.56> <FuncUnit> <Opcode : 'add' 'sub'> <InPorts = 2> <OutPorts = 1>
ST_4 : Operation 73 [1/1] (0.00ns)   --->   "%p_Result_17 = bitselect i1 @_ssdm_op_BitSelect.i1.i17.i32, i17 %ret_V_5, i32 16"   --->   Operation 73 'bitselect' 'p_Result_17' <Predicate = true> <Delay = 0.00>
ST_4 : Operation 74 [1/1] (0.00ns)   --->   "%p_Result_18 = bitselect i1 @_ssdm_op_BitSelect.i1.i17.i32, i17 %ret_V_5, i32 15"   --->   Operation 74 'bitselect' 'p_Result_18' <Predicate = true> <Delay = 0.00>
ST_4 : Operation 75 [1/1] (0.00ns) (grouped into LUT with out node y_5)   --->   "%xor_ln794_5 = xor i1 %p_Result_17, i1 1"   --->   Operation 75 'xor' 'xor_ln794_5' <Predicate = true> <Delay = 0.00> <CoreInst = "LogicGate">   --->   Core 74 'LogicGate' <Latency = 0> <II = 1> <Delay = 0.80> <FuncUnit> <Opcode : 'and' 'or' 'xor'> <InPorts = 2> <OutPorts = 1>
ST_4 : Operation 76 [1/1] (0.00ns) (grouped into LUT with out node y_5)   --->   "%overflow_5 = and i1 %p_Result_18, i1 %xor_ln794_5"   --->   Operation 76 'and' 'overflow_5' <Predicate = true> <Delay = 0.00> <CoreInst = "LogicGate">   --->   Core 74 'LogicGate' <Latency = 0> <II = 1> <Delay = 0.80> <FuncUnit> <Opcode : 'and' 'or' 'xor'> <InPorts = 2> <OutPorts = 1>
ST_4 : Operation 77 [1/1] (0.00ns) (grouped into LUT with out node y_5)   --->   "%xor_ln340_5 = xor i1 %p_Result_17, i1 %p_Result_18"   --->   Operation 77 'xor' 'xor_ln340_5' <Predicate = true> <Delay = 0.00> <CoreInst = "LogicGate">   --->   Core 74 'LogicGate' <Latency = 0> <II = 1> <Delay = 0.80> <FuncUnit> <Opcode : 'and' 'or' 'xor'> <InPorts = 2> <OutPorts = 1>
ST_4 : Operation 78 [1/1] (0.00ns) (grouped into LUT with out node y)   --->   "%select_ln384 = select i1 %overflow, i10 511, i10 512"   --->   Operation 78 'select' 'select_ln384' <Predicate = true> <Delay = 0.00> <CoreInst = "Sel">   --->   Core 73 'Sel' <Latency = 0> <II = 1> <Delay = 0.99> <FuncUnit> <Opcode : 'select'> <InPorts = 3> <OutPorts = 1>
ST_4 : Operation 79 [1/1] (0.00ns) (grouped into LUT with out node y)   --->   "%tmp = partselect i10 @_ssdm_op_PartSelect.i10.i17.i32.i32, i17 %ret_V, i32 6, i32 15"   --->   Operation 79 'partselect' 'tmp' <Predicate = true> <Delay = 0.00>
ST_4 : Operation 80 [1/1] (0.99ns) (out node of the LUT)   --->   "%y = select i1 %xor_ln340, i10 %select_ln384, i10 %tmp"   --->   Operation 80 'select' 'y' <Predicate = true> <Delay = 0.99> <CoreInst = "Sel">   --->   Core 73 'Sel' <Latency = 0> <II = 1> <Delay = 0.99> <FuncUnit> <Opcode : 'select'> <InPorts = 3> <OutPorts = 1>
ST_4 : Operation 81 [1/1] (0.00ns) (grouped into LUT with out node y_1)   --->   "%select_ln384_1 = select i1 %overflow_1, i10 511, i10 512"   --->   Operation 81 'select' 'select_ln384_1' <Predicate = true> <Delay = 0.00> <CoreInst = "Sel">   --->   Core 73 'Sel' <Latency = 0> <II = 1> <Delay = 0.99> <FuncUnit> <Opcode : 'select'> <InPorts = 3> <OutPorts = 1>
ST_4 : Operation 82 [1/1] (0.00ns) (grouped into LUT with out node y_1)   --->   "%tmp_1 = partselect i10 @_ssdm_op_PartSelect.i10.i17.i32.i32, i17 %ret_V_1, i32 6, i32 15"   --->   Operation 82 'partselect' 'tmp_1' <Predicate = true> <Delay = 0.00>
ST_4 : Operation 83 [1/1] (0.99ns) (out node of the LUT)   --->   "%y_1 = select i1 %xor_ln340_1, i10 %select_ln384_1, i10 %tmp_1"   --->   Operation 83 'select' 'y_1' <Predicate = true> <Delay = 0.99> <CoreInst = "Sel">   --->   Core 73 'Sel' <Latency = 0> <II = 1> <Delay = 0.99> <FuncUnit> <Opcode : 'select'> <InPorts = 3> <OutPorts = 1>
ST_4 : Operation 84 [1/1] (0.00ns) (grouped into LUT with out node y_2)   --->   "%select_ln384_2 = select i1 %overflow_2, i10 511, i10 512"   --->   Operation 84 'select' 'select_ln384_2' <Predicate = true> <Delay = 0.00> <CoreInst = "Sel">   --->   Core 73 'Sel' <Latency = 0> <II = 1> <Delay = 0.99> <FuncUnit> <Opcode : 'select'> <InPorts = 3> <OutPorts = 1>
ST_4 : Operation 85 [1/1] (0.00ns) (grouped into LUT with out node y_2)   --->   "%tmp_2 = partselect i10 @_ssdm_op_PartSelect.i10.i17.i32.i32, i17 %ret_V_2, i32 6, i32 15"   --->   Operation 85 'partselect' 'tmp_2' <Predicate = true> <Delay = 0.00>
ST_4 : Operation 86 [1/1] (0.99ns) (out node of the LUT)   --->   "%y_2 = select i1 %xor_ln340_2, i10 %select_ln384_2, i10 %tmp_2"   --->   Operation 86 'select' 'y_2' <Predicate = true> <Delay = 0.99> <CoreInst = "Sel">   --->   Core 73 'Sel' <Latency = 0> <II = 1> <Delay = 0.99> <FuncUnit> <Opcode : 'select'> <InPorts = 3> <OutPorts = 1>
ST_4 : Operation 87 [1/1] (0.00ns) (grouped into LUT with out node y_3)   --->   "%select_ln384_3 = select i1 %overflow_3, i10 511, i10 512"   --->   Operation 87 'select' 'select_ln384_3' <Predicate = true> <Delay = 0.00> <CoreInst = "Sel">   --->   Core 73 'Sel' <Latency = 0> <II = 1> <Delay = 0.99> <FuncUnit> <Opcode : 'select'> <InPorts = 3> <OutPorts = 1>
ST_4 : Operation 88 [1/1] (0.00ns) (grouped into LUT with out node y_3)   --->   "%tmp_3 = partselect i10 @_ssdm_op_PartSelect.i10.i17.i32.i32, i17 %ret_V_3, i32 6, i32 15"   --->   Operation 88 'partselect' 'tmp_3' <Predicate = true> <Delay = 0.00>
ST_4 : Operation 89 [1/1] (0.99ns) (out node of the LUT)   --->   "%y_3 = select i1 %xor_ln340_3, i10 %select_ln384_3, i10 %tmp_3"   --->   Operation 89 'select' 'y_3' <Predicate = true> <Delay = 0.99> <CoreInst = "Sel">   --->   Core 73 'Sel' <Latency = 0> <II = 1> <Delay = 0.99> <FuncUnit> <Opcode : 'select'> <InPorts = 3> <OutPorts = 1>
ST_4 : Operation 90 [1/1] (0.00ns) (grouped into LUT with out node y_4)   --->   "%select_ln384_4 = select i1 %overflow_4, i10 511, i10 512"   --->   Operation 90 'select' 'select_ln384_4' <Predicate = true> <Delay = 0.00> <CoreInst = "Sel">   --->   Core 73 'Sel' <Latency = 0> <II = 1> <Delay = 0.99> <FuncUnit> <Opcode : 'select'> <InPorts = 3> <OutPorts = 1>
ST_4 : Operation 91 [1/1] (0.00ns) (grouped into LUT with out node y_4)   --->   "%tmp_4 = partselect i10 @_ssdm_op_PartSelect.i10.i17.i32.i32, i17 %ret_V_4, i32 6, i32 15"   --->   Operation 91 'partselect' 'tmp_4' <Predicate = true> <Delay = 0.00>
ST_4 : Operation 92 [1/1] (0.99ns) (out node of the LUT)   --->   "%y_4 = select i1 %xor_ln340_4, i10 %select_ln384_4, i10 %tmp_4"   --->   Operation 92 'select' 'y_4' <Predicate = true> <Delay = 0.99> <CoreInst = "Sel">   --->   Core 73 'Sel' <Latency = 0> <II = 1> <Delay = 0.99> <FuncUnit> <Opcode : 'select'> <InPorts = 3> <OutPorts = 1>
ST_4 : Operation 93 [1/1] (0.00ns) (grouped into LUT with out node y_5)   --->   "%select_ln384_5 = select i1 %overflow_5, i10 511, i10 512"   --->   Operation 93 'select' 'select_ln384_5' <Predicate = true> <Delay = 0.00> <CoreInst = "Sel">   --->   Core 73 'Sel' <Latency = 0> <II = 1> <Delay = 0.99> <FuncUnit> <Opcode : 'select'> <InPorts = 3> <OutPorts = 1>
ST_4 : Operation 94 [1/1] (0.00ns) (grouped into LUT with out node y_5)   --->   "%tmp_5 = partselect i10 @_ssdm_op_PartSelect.i10.i17.i32.i32, i17 %ret_V_5, i32 6, i32 15"   --->   Operation 94 'partselect' 'tmp_5' <Predicate = true> <Delay = 0.00>
ST_4 : Operation 95 [1/1] (0.99ns) (out node of the LUT)   --->   "%y_5 = select i1 %xor_ln340_5, i10 %select_ln384_5, i10 %tmp_5"   --->   Operation 95 'select' 'y_5' <Predicate = true> <Delay = 0.99> <CoreInst = "Sel">   --->   Core 73 'Sel' <Latency = 0> <II = 1> <Delay = 0.99> <FuncUnit> <Opcode : 'select'> <InPorts = 3> <OutPorts = 1>

State 5 <SV = 4> <Delay = 2.77>
ST_5 : Operation 96 [1/1] (0.00ns)   --->   "%zext_ln255_3 = zext i10 %y_3" [firmware/nnet_utils/nnet_activation.h:255]   --->   Operation 96 'zext' 'zext_ln255_3' <Predicate = true> <Delay = 0.00>
ST_5 : Operation 97 [1/1] (0.00ns)   --->   "%exp_table_addr_3 = getelementptr i18 %exp_table, i64 0, i64 %zext_ln255_3" [firmware/nnet_utils/nnet_activation.h:255]   --->   Operation 97 'getelementptr' 'exp_table_addr_3' <Predicate = true> <Delay = 0.00>
ST_5 : Operation 98 [2/2] (2.77ns)   --->   "%r_V_3 = load i10 %exp_table_addr_3" [firmware/nnet_utils/nnet_activation.h:255]   --->   Operation 98 'load' 'r_V_3' <Predicate = true> <Delay = 2.77> <CoreInst = "ROM">   --->   Core 95 'ROM' <Latency = 1> <II = 1> <Delay = 2.77> <Storage> <Opcode : 'load'> <Ports = 0> <Width = 18> <Depth = 1024> <ROM>
ST_5 : Operation 99 [1/1] (0.00ns)   --->   "%zext_ln255_4 = zext i10 %y_4" [firmware/nnet_utils/nnet_activation.h:255]   --->   Operation 99 'zext' 'zext_ln255_4' <Predicate = true> <Delay = 0.00>
ST_5 : Operation 100 [1/1] (0.00ns)   --->   "%exp_table_addr_4 = getelementptr i18 %exp_table, i64 0, i64 %zext_ln255_4" [firmware/nnet_utils/nnet_activation.h:255]   --->   Operation 100 'getelementptr' 'exp_table_addr_4' <Predicate = true> <Delay = 0.00>
ST_5 : Operation 101 [2/2] (2.77ns)   --->   "%r_V_4 = load i10 %exp_table_addr_4" [firmware/nnet_utils/nnet_activation.h:255]   --->   Operation 101 'load' 'r_V_4' <Predicate = true> <Delay = 2.77> <CoreInst = "ROM">   --->   Core 95 'ROM' <Latency = 1> <II = 1> <Delay = 2.77> <Storage> <Opcode : 'load'> <Ports = 0> <Width = 18> <Depth = 1024> <ROM>
ST_5 : Operation 102 [1/1] (0.00ns)   --->   "%zext_ln255_5 = zext i10 %y_5" [firmware/nnet_utils/nnet_activation.h:255]   --->   Operation 102 'zext' 'zext_ln255_5' <Predicate = true> <Delay = 0.00>
ST_5 : Operation 103 [1/1] (0.00ns)   --->   "%exp_table_addr_5 = getelementptr i18 %exp_table, i64 0, i64 %zext_ln255_5" [firmware/nnet_utils/nnet_activation.h:255]   --->   Operation 103 'getelementptr' 'exp_table_addr_5' <Predicate = true> <Delay = 0.00>
ST_5 : Operation 104 [2/2] (2.77ns)   --->   "%r_V_5 = load i10 %exp_table_addr_5" [firmware/nnet_utils/nnet_activation.h:255]   --->   Operation 104 'load' 'r_V_5' <Predicate = true> <Delay = 2.77> <CoreInst = "ROM">   --->   Core 95 'ROM' <Latency = 1> <II = 1> <Delay = 2.77> <Storage> <Opcode : 'load'> <Ports = 0> <Width = 18> <Depth = 1024> <ROM>

State 6 <SV = 5> <Delay = 2.77>
ST_6 : Operation 105 [1/1] (0.00ns)   --->   "%zext_ln255 = zext i10 %y" [firmware/nnet_utils/nnet_activation.h:255]   --->   Operation 105 'zext' 'zext_ln255' <Predicate = true> <Delay = 0.00>
ST_6 : Operation 106 [1/1] (0.00ns)   --->   "%exp_table_addr = getelementptr i18 %exp_table, i64 0, i64 %zext_ln255" [firmware/nnet_utils/nnet_activation.h:255]   --->   Operation 106 'getelementptr' 'exp_table_addr' <Predicate = true> <Delay = 0.00>
ST_6 : Operation 107 [2/2] (2.77ns)   --->   "%r_V = load i10 %exp_table_addr" [firmware/nnet_utils/nnet_activation.h:255]   --->   Operation 107 'load' 'r_V' <Predicate = true> <Delay = 2.77> <CoreInst = "ROM">   --->   Core 95 'ROM' <Latency = 1> <II = 1> <Delay = 2.77> <Storage> <Opcode : 'load'> <Ports = 0> <Width = 18> <Depth = 1024> <ROM>
ST_6 : Operation 108 [1/1] (0.00ns)   --->   "%zext_ln255_1 = zext i10 %y_1" [firmware/nnet_utils/nnet_activation.h:255]   --->   Operation 108 'zext' 'zext_ln255_1' <Predicate = true> <Delay = 0.00>
ST_6 : Operation 109 [1/1] (0.00ns)   --->   "%exp_table_addr_1 = getelementptr i18 %exp_table, i64 0, i64 %zext_ln255_1" [firmware/nnet_utils/nnet_activation.h:255]   --->   Operation 109 'getelementptr' 'exp_table_addr_1' <Predicate = true> <Delay = 0.00>
ST_6 : Operation 110 [2/2] (2.77ns)   --->   "%r_V_1 = load i10 %exp_table_addr_1" [firmware/nnet_utils/nnet_activation.h:255]   --->   Operation 110 'load' 'r_V_1' <Predicate = true> <Delay = 2.77> <CoreInst = "ROM">   --->   Core 95 'ROM' <Latency = 1> <II = 1> <Delay = 2.77> <Storage> <Opcode : 'load'> <Ports = 0> <Width = 18> <Depth = 1024> <ROM>
ST_6 : Operation 111 [1/1] (0.00ns)   --->   "%zext_ln255_2 = zext i10 %y_2" [firmware/nnet_utils/nnet_activation.h:255]   --->   Operation 111 'zext' 'zext_ln255_2' <Predicate = true> <Delay = 0.00>
ST_6 : Operation 112 [1/1] (0.00ns)   --->   "%exp_table_addr_2 = getelementptr i18 %exp_table, i64 0, i64 %zext_ln255_2" [firmware/nnet_utils/nnet_activation.h:255]   --->   Operation 112 'getelementptr' 'exp_table_addr_2' <Predicate = true> <Delay = 0.00>
ST_6 : Operation 113 [2/2] (2.77ns)   --->   "%r_V_2 = load i10 %exp_table_addr_2" [firmware/nnet_utils/nnet_activation.h:255]   --->   Operation 113 'load' 'r_V_2' <Predicate = true> <Delay = 2.77> <CoreInst = "ROM">   --->   Core 95 'ROM' <Latency = 1> <II = 1> <Delay = 2.77> <Storage> <Opcode : 'load'> <Ports = 0> <Width = 18> <Depth = 1024> <ROM>
ST_6 : Operation 114 [1/2] (2.77ns)   --->   "%r_V_3 = load i10 %exp_table_addr_3" [firmware/nnet_utils/nnet_activation.h:255]   --->   Operation 114 'load' 'r_V_3' <Predicate = true> <Delay = 2.77> <CoreInst = "ROM">   --->   Core 95 'ROM' <Latency = 1> <II = 1> <Delay = 2.77> <Storage> <Opcode : 'load'> <Ports = 0> <Width = 18> <Depth = 1024> <ROM>
ST_6 : Operation 115 [1/2] (2.77ns)   --->   "%r_V_4 = load i10 %exp_table_addr_4" [firmware/nnet_utils/nnet_activation.h:255]   --->   Operation 115 'load' 'r_V_4' <Predicate = true> <Delay = 2.77> <CoreInst = "ROM">   --->   Core 95 'ROM' <Latency = 1> <II = 1> <Delay = 2.77> <Storage> <Opcode : 'load'> <Ports = 0> <Width = 18> <Depth = 1024> <ROM>
ST_6 : Operation 116 [1/2] (2.77ns)   --->   "%r_V_5 = load i10 %exp_table_addr_5" [firmware/nnet_utils/nnet_activation.h:255]   --->   Operation 116 'load' 'r_V_5' <Predicate = true> <Delay = 2.77> <CoreInst = "ROM">   --->   Core 95 'ROM' <Latency = 1> <II = 1> <Delay = 2.77> <Storage> <Opcode : 'load'> <Ports = 0> <Width = 18> <Depth = 1024> <ROM>

State 7 <SV = 6> <Delay = 4.33>
ST_7 : Operation 117 [1/2] (2.77ns)   --->   "%r_V = load i10 %exp_table_addr" [firmware/nnet_utils/nnet_activation.h:255]   --->   Operation 117 'load' 'r_V' <Predicate = true> <Delay = 2.77> <CoreInst = "ROM">   --->   Core 95 'ROM' <Latency = 1> <II = 1> <Delay = 2.77> <Storage> <Opcode : 'load'> <Ports = 0> <Width = 18> <Depth = 1024> <ROM>
ST_7 : Operation 118 [1/2] (2.77ns)   --->   "%r_V_1 = load i10 %exp_table_addr_1" [firmware/nnet_utils/nnet_activation.h:255]   --->   Operation 118 'load' 'r_V_1' <Predicate = true> <Delay = 2.77> <CoreInst = "ROM">   --->   Core 95 'ROM' <Latency = 1> <II = 1> <Delay = 2.77> <Storage> <Opcode : 'load'> <Ports = 0> <Width = 18> <Depth = 1024> <ROM>
ST_7 : Operation 119 [1/2] (2.77ns)   --->   "%r_V_2 = load i10 %exp_table_addr_2" [firmware/nnet_utils/nnet_activation.h:255]   --->   Operation 119 'load' 'r_V_2' <Predicate = true> <Delay = 2.77> <CoreInst = "ROM">   --->   Core 95 'ROM' <Latency = 1> <II = 1> <Delay = 2.77> <Storage> <Opcode : 'load'> <Ports = 0> <Width = 18> <Depth = 1024> <ROM>
ST_7 : Operation 120 [1/1] (1.56ns)   --->   "%add_ln712 = add i18 %r_V, i18 %r_V_2"   --->   Operation 120 'add' 'add_ln712' <Predicate = true> <Delay = 1.56> <CoreInst = "Adder">   --->   Core 1 'Adder' <Latency = 0> <II = 1> <Delay = 1.56> <FuncUnit> <Opcode : 'add' 'sub'> <InPorts = 2> <OutPorts = 1>
ST_7 : Operation 121 [1/1] (0.00ns) (grouped into TernaryAdder)   --->   "%add_ln712_2 = add i18 %r_V_4, i18 %r_V_5"   --->   Operation 121 'add' 'add_ln712_2' <Predicate = true> <Delay = 0.00> <CoreInst = "TAddSub">   --->   Core 10 'TAddSub' <Latency = 0> <II = 1> <Delay = 1.61> <IPBlock> <Opcode : 'add' 'sub'> <InPorts = 3> <OutPorts = 1> <Sync> <CReg>
ST_7 : Operation 122 [1/1] (3.23ns) (root node of TernaryAdder)   --->   "%add_ln712_3 = add i18 %add_ln712_2, i18 %r_V_3"   --->   Operation 122 'add' 'add_ln712_3' <Predicate = true> <Delay = 3.23> <CoreInst = "TAddSub">   --->   Core 10 'TAddSub' <Latency = 0> <II = 1> <Delay = 1.61> <IPBlock> <Opcode : 'add' 'sub'> <InPorts = 3> <OutPorts = 1> <Sync> <CReg>

State 8 <SV = 7> <Delay = 3.23>
ST_8 : Operation 123 [1/1] (0.00ns) (grouped into TernaryAdder)   --->   "%add_ln712_1 = add i18 %add_ln712, i18 %r_V_1"   --->   Operation 123 'add' 'add_ln712_1' <Predicate = true> <Delay = 0.00> <CoreInst = "TAddSub">   --->   Core 10 'TAddSub' <Latency = 0> <II = 1> <Delay = 1.61> <IPBlock> <Opcode : 'add' 'sub'> <InPorts = 3> <OutPorts = 1> <Sync> <CReg>
ST_8 : Operation 124 [1/1] (3.23ns) (root node of TernaryAdder)   --->   "%exp_sum_V = add i18 %add_ln712_3, i18 %add_ln712_1"   --->   Operation 124 'add' 'exp_sum_V' <Predicate = true> <Delay = 3.23> <CoreInst = "TAddSub">   --->   Core 10 'TAddSub' <Latency = 0> <II = 1> <Delay = 1.61> <IPBlock> <Opcode : 'add' 'sub'> <InPorts = 3> <OutPorts = 1> <Sync> <CReg>
ST_8 : Operation 125 [1/1] (0.00ns)   --->   "%y_6 = partselect i10 @_ssdm_op_PartSelect.i10.i18.i32.i32, i18 %exp_sum_V, i32 8, i32 17"   --->   Operation 125 'partselect' 'y_6' <Predicate = true> <Delay = 0.00>

State 9 <SV = 8> <Delay = 2.77>
ST_9 : Operation 126 [1/1] (0.00ns)   --->   "%zext_ln265 = zext i10 %y_6" [firmware/nnet_utils/nnet_activation.h:265]   --->   Operation 126 'zext' 'zext_ln265' <Predicate = true> <Delay = 0.00>
ST_9 : Operation 127 [1/1] (0.00ns)   --->   "%invert_table_addr = getelementptr i18 %invert_table, i64 0, i64 %zext_ln265" [firmware/nnet_utils/nnet_activation.h:265]   --->   Operation 127 'getelementptr' 'invert_table_addr' <Predicate = true> <Delay = 0.00>
ST_9 : Operation 128 [2/2] (2.77ns)   --->   "%inv_exp_sum_V = load i10 %invert_table_addr" [firmware/nnet_utils/nnet_activation.h:265]   --->   Operation 128 'load' 'inv_exp_sum_V' <Predicate = true> <Delay = 2.77> <CoreInst = "ROM">   --->   Core 95 'ROM' <Latency = 1> <II = 1> <Delay = 2.77> <Storage> <Opcode : 'load'> <Ports = 0> <Width = 18> <Depth = 1024> <ROM>

State 10 <SV = 9> <Delay = 2.77>
ST_10 : Operation 129 [1/2] (2.77ns)   --->   "%inv_exp_sum_V = load i10 %invert_table_addr" [firmware/nnet_utils/nnet_activation.h:265]   --->   Operation 129 'load' 'inv_exp_sum_V' <Predicate = true> <Delay = 2.77> <CoreInst = "ROM">   --->   Core 95 'ROM' <Latency = 1> <II = 1> <Delay = 2.77> <Storage> <Opcode : 'load'> <Ports = 0> <Width = 18> <Depth = 1024> <ROM>

State 11 <SV = 10> <Delay = 3.36>
ST_11 : Operation 130 [1/1] (0.00ns)   --->   "%sext_ln1171 = sext i18 %inv_exp_sum_V"   --->   Operation 130 'sext' 'sext_ln1171' <Predicate = true> <Delay = 0.00>
ST_11 : Operation 131 [1/1] (0.00ns)   --->   "%sext_ln1171_1 = sext i18 %r_V"   --->   Operation 131 'sext' 'sext_ln1171_1' <Predicate = true> <Delay = 0.00>
ST_11 : Operation 132 [3/3] (3.36ns) (root node of the DSP)   --->   "%mul_ln1168 = mul i28 %sext_ln1171, i28 %sext_ln1171_1"   --->   Operation 132 'mul' 'mul_ln1168' <Predicate = true> <Delay = 3.36> <CoreInst = "DSP48">   --->   Core 119 'DSP48' <Latency = 2> <II = 1> <Delay = 3.36> <IPBlock> <Opcode : 'mul' 'add' 'sub' 'select'> <InPorts = 0> <OutPorts = 1> <Sync> <CReg>
ST_11 : Operation 133 [1/1] (0.00ns)   --->   "%sext_ln1171_2 = sext i18 %r_V_1"   --->   Operation 133 'sext' 'sext_ln1171_2' <Predicate = true> <Delay = 0.00>
ST_11 : Operation 134 [3/3] (3.36ns) (root node of the DSP)   --->   "%mul_ln1168_1 = mul i28 %sext_ln1171, i28 %sext_ln1171_2"   --->   Operation 134 'mul' 'mul_ln1168_1' <Predicate = true> <Delay = 3.36> <CoreInst = "DSP48">   --->   Core 119 'DSP48' <Latency = 2> <II = 1> <Delay = 3.36> <IPBlock> <Opcode : 'mul' 'add' 'sub' 'select'> <InPorts = 0> <OutPorts = 1> <Sync> <CReg>
ST_11 : Operation 135 [1/1] (0.00ns)   --->   "%sext_ln1171_3 = sext i18 %r_V_2"   --->   Operation 135 'sext' 'sext_ln1171_3' <Predicate = true> <Delay = 0.00>
ST_11 : Operation 136 [3/3] (3.36ns) (root node of the DSP)   --->   "%mul_ln1168_2 = mul i28 %sext_ln1171, i28 %sext_ln1171_3"   --->   Operation 136 'mul' 'mul_ln1168_2' <Predicate = true> <Delay = 3.36> <CoreInst = "DSP48">   --->   Core 119 'DSP48' <Latency = 2> <II = 1> <Delay = 3.36> <IPBlock> <Opcode : 'mul' 'add' 'sub' 'select'> <InPorts = 0> <OutPorts = 1> <Sync> <CReg>
ST_11 : Operation 137 [1/1] (0.00ns)   --->   "%sext_ln1171_4 = sext i18 %r_V_3"   --->   Operation 137 'sext' 'sext_ln1171_4' <Predicate = true> <Delay = 0.00>
ST_11 : Operation 138 [3/3] (3.36ns) (root node of the DSP)   --->   "%mul_ln1168_3 = mul i28 %sext_ln1171, i28 %sext_ln1171_4"   --->   Operation 138 'mul' 'mul_ln1168_3' <Predicate = true> <Delay = 3.36> <CoreInst = "DSP48">   --->   Core 119 'DSP48' <Latency = 2> <II = 1> <Delay = 3.36> <IPBlock> <Opcode : 'mul' 'add' 'sub' 'select'> <InPorts = 0> <OutPorts = 1> <Sync> <CReg>
ST_11 : Operation 139 [1/1] (0.00ns)   --->   "%sext_ln1171_5 = sext i18 %r_V_4"   --->   Operation 139 'sext' 'sext_ln1171_5' <Predicate = true> <Delay = 0.00>
ST_11 : Operation 140 [3/3] (3.36ns) (root node of the DSP)   --->   "%mul_ln1168_4 = mul i28 %sext_ln1171, i28 %sext_ln1171_5"   --->   Operation 140 'mul' 'mul_ln1168_4' <Predicate = true> <Delay = 3.36> <CoreInst = "DSP48">   --->   Core 119 'DSP48' <Latency = 2> <II = 1> <Delay = 3.36> <IPBlock> <Opcode : 'mul' 'add' 'sub' 'select'> <InPorts = 0> <OutPorts = 1> <Sync> <CReg>
ST_11 : Operation 141 [1/1] (0.00ns)   --->   "%sext_ln1171_6 = sext i18 %r_V_5"   --->   Operation 141 'sext' 'sext_ln1171_6' <Predicate = true> <Delay = 0.00>
ST_11 : Operation 142 [3/3] (3.36ns) (root node of the DSP)   --->   "%mul_ln1168_5 = mul i28 %sext_ln1171, i28 %sext_ln1171_6"   --->   Operation 142 'mul' 'mul_ln1168_5' <Predicate = true> <Delay = 3.36> <CoreInst = "DSP48">   --->   Core 119 'DSP48' <Latency = 2> <II = 1> <Delay = 3.36> <IPBlock> <Opcode : 'mul' 'add' 'sub' 'select'> <InPorts = 0> <OutPorts = 1> <Sync> <CReg>

State 12 <SV = 11> <Delay = 3.36>
ST_12 : Operation 143 [2/3] (3.36ns) (root node of the DSP)   --->   "%mul_ln1168 = mul i28 %sext_ln1171, i28 %sext_ln1171_1"   --->   Operation 143 'mul' 'mul_ln1168' <Predicate = true> <Delay = 3.36> <CoreInst = "DSP48">   --->   Core 119 'DSP48' <Latency = 2> <II = 1> <Delay = 3.36> <IPBlock> <Opcode : 'mul' 'add' 'sub' 'select'> <InPorts = 0> <OutPorts = 1> <Sync> <CReg>
ST_12 : Operation 144 [2/3] (3.36ns) (root node of the DSP)   --->   "%mul_ln1168_1 = mul i28 %sext_ln1171, i28 %sext_ln1171_2"   --->   Operation 144 'mul' 'mul_ln1168_1' <Predicate = true> <Delay = 3.36> <CoreInst = "DSP48">   --->   Core 119 'DSP48' <Latency = 2> <II = 1> <Delay = 3.36> <IPBlock> <Opcode : 'mul' 'add' 'sub' 'select'> <InPorts = 0> <OutPorts = 1> <Sync> <CReg>
ST_12 : Operation 145 [2/3] (3.36ns) (root node of the DSP)   --->   "%mul_ln1168_2 = mul i28 %sext_ln1171, i28 %sext_ln1171_3"   --->   Operation 145 'mul' 'mul_ln1168_2' <Predicate = true> <Delay = 3.36> <CoreInst = "DSP48">   --->   Core 119 'DSP48' <Latency = 2> <II = 1> <Delay = 3.36> <IPBlock> <Opcode : 'mul' 'add' 'sub' 'select'> <InPorts = 0> <OutPorts = 1> <Sync> <CReg>
ST_12 : Operation 146 [2/3] (3.36ns) (root node of the DSP)   --->   "%mul_ln1168_3 = mul i28 %sext_ln1171, i28 %sext_ln1171_4"   --->   Operation 146 'mul' 'mul_ln1168_3' <Predicate = true> <Delay = 3.36> <CoreInst = "DSP48">   --->   Core 119 'DSP48' <Latency = 2> <II = 1> <Delay = 3.36> <IPBlock> <Opcode : 'mul' 'add' 'sub' 'select'> <InPorts = 0> <OutPorts = 1> <Sync> <CReg>
ST_12 : Operation 147 [2/3] (3.36ns) (root node of the DSP)   --->   "%mul_ln1168_4 = mul i28 %sext_ln1171, i28 %sext_ln1171_5"   --->   Operation 147 'mul' 'mul_ln1168_4' <Predicate = true> <Delay = 3.36> <CoreInst = "DSP48">   --->   Core 119 'DSP48' <Latency = 2> <II = 1> <Delay = 3.36> <IPBlock> <Opcode : 'mul' 'add' 'sub' 'select'> <InPorts = 0> <OutPorts = 1> <Sync> <CReg>
ST_12 : Operation 148 [2/3] (3.36ns) (root node of the DSP)   --->   "%mul_ln1168_5 = mul i28 %sext_ln1171, i28 %sext_ln1171_6"   --->   Operation 148 'mul' 'mul_ln1168_5' <Predicate = true> <Delay = 3.36> <CoreInst = "DSP48">   --->   Core 119 'DSP48' <Latency = 2> <II = 1> <Delay = 3.36> <IPBlock> <Opcode : 'mul' 'add' 'sub' 'select'> <InPorts = 0> <OutPorts = 1> <Sync> <CReg>

State 13 <SV = 12> <Delay = 0.00>
ST_13 : Operation 149 [1/1] (0.00ns)   --->   "%specpipeline_ln216 = specpipeline void @_ssdm_op_SpecPipeline, i32 4294967295, i32 0, i32 0, i32 0, void @empty_1" [firmware/nnet_utils/nnet_activation.h:216]   --->   Operation 149 'specpipeline' 'specpipeline_ln216' <Predicate = true> <Delay = 0.00>
ST_13 : Operation 150 [1/3] (0.00ns) (root node of the DSP)   --->   "%mul_ln1168 = mul i28 %sext_ln1171, i28 %sext_ln1171_1"   --->   Operation 150 'mul' 'mul_ln1168' <Predicate = true> <Delay = 0.00> <CoreInst = "DSP48">   --->   Core 119 'DSP48' <Latency = 2> <II = 1> <Delay = 3.36> <IPBlock> <Opcode : 'mul' 'add' 'sub' 'select'> <InPorts = 0> <OutPorts = 1> <Sync> <CReg>
ST_13 : Operation 151 [1/1] (0.00ns)   --->   "%trunc_ln = partselect i16 @_ssdm_op_PartSelect.i16.i28.i32.i32, i28 %mul_ln1168, i32 12, i32 27"   --->   Operation 151 'partselect' 'trunc_ln' <Predicate = true> <Delay = 0.00>
ST_13 : Operation 152 [1/3] (0.00ns) (root node of the DSP)   --->   "%mul_ln1168_1 = mul i28 %sext_ln1171, i28 %sext_ln1171_2"   --->   Operation 152 'mul' 'mul_ln1168_1' <Predicate = true> <Delay = 0.00> <CoreInst = "DSP48">   --->   Core 119 'DSP48' <Latency = 2> <II = 1> <Delay = 3.36> <IPBlock> <Opcode : 'mul' 'add' 'sub' 'select'> <InPorts = 0> <OutPorts = 1> <Sync> <CReg>
ST_13 : Operation 153 [1/1] (0.00ns)   --->   "%trunc_ln717_1 = partselect i16 @_ssdm_op_PartSelect.i16.i28.i32.i32, i28 %mul_ln1168_1, i32 12, i32 27"   --->   Operation 153 'partselect' 'trunc_ln717_1' <Predicate = true> <Delay = 0.00>
ST_13 : Operation 154 [1/3] (0.00ns) (root node of the DSP)   --->   "%mul_ln1168_2 = mul i28 %sext_ln1171, i28 %sext_ln1171_3"   --->   Operation 154 'mul' 'mul_ln1168_2' <Predicate = true> <Delay = 0.00> <CoreInst = "DSP48">   --->   Core 119 'DSP48' <Latency = 2> <II = 1> <Delay = 3.36> <IPBlock> <Opcode : 'mul' 'add' 'sub' 'select'> <InPorts = 0> <OutPorts = 1> <Sync> <CReg>
ST_13 : Operation 155 [1/1] (0.00ns)   --->   "%trunc_ln717_2 = partselect i16 @_ssdm_op_PartSelect.i16.i28.i32.i32, i28 %mul_ln1168_2, i32 12, i32 27"   --->   Operation 155 'partselect' 'trunc_ln717_2' <Predicate = true> <Delay = 0.00>
ST_13 : Operation 156 [1/3] (0.00ns) (root node of the DSP)   --->   "%mul_ln1168_3 = mul i28 %sext_ln1171, i28 %sext_ln1171_4"   --->   Operation 156 'mul' 'mul_ln1168_3' <Predicate = true> <Delay = 0.00> <CoreInst = "DSP48">   --->   Core 119 'DSP48' <Latency = 2> <II = 1> <Delay = 3.36> <IPBlock> <Opcode : 'mul' 'add' 'sub' 'select'> <InPorts = 0> <OutPorts = 1> <Sync> <CReg>
ST_13 : Operation 157 [1/1] (0.00ns)   --->   "%trunc_ln717_3 = partselect i16 @_ssdm_op_PartSelect.i16.i28.i32.i32, i28 %mul_ln1168_3, i32 12, i32 27"   --->   Operation 157 'partselect' 'trunc_ln717_3' <Predicate = true> <Delay = 0.00>
ST_13 : Operation 158 [1/3] (0.00ns) (root node of the DSP)   --->   "%mul_ln1168_4 = mul i28 %sext_ln1171, i28 %sext_ln1171_5"   --->   Operation 158 'mul' 'mul_ln1168_4' <Predicate = true> <Delay = 0.00> <CoreInst = "DSP48">   --->   Core 119 'DSP48' <Latency = 2> <II = 1> <Delay = 3.36> <IPBlock> <Opcode : 'mul' 'add' 'sub' 'select'> <InPorts = 0> <OutPorts = 1> <Sync> <CReg>
ST_13 : Operation 159 [1/1] (0.00ns)   --->   "%trunc_ln717_4 = partselect i16 @_ssdm_op_PartSelect.i16.i28.i32.i32, i28 %mul_ln1168_4, i32 12, i32 27"   --->   Operation 159 'partselect' 'trunc_ln717_4' <Predicate = true> <Delay = 0.00>
ST_13 : Operation 160 [1/3] (0.00ns) (root node of the DSP)   --->   "%mul_ln1168_5 = mul i28 %sext_ln1171, i28 %sext_ln1171_6"   --->   Operation 160 'mul' 'mul_ln1168_5' <Predicate = true> <Delay = 0.00> <CoreInst = "DSP48">   --->   Core 119 'DSP48' <Latency = 2> <II = 1> <Delay = 3.36> <IPBlock> <Opcode : 'mul' 'add' 'sub' 'select'> <InPorts = 0> <OutPorts = 1> <Sync> <CReg>
ST_13 : Operation 161 [1/1] (0.00ns)   --->   "%trunc_ln717_5 = partselect i16 @_ssdm_op_PartSelect.i16.i28.i32.i32, i28 %mul_ln1168_5, i32 12, i32 27"   --->   Operation 161 'partselect' 'trunc_ln717_5' <Predicate = true> <Delay = 0.00>
ST_13 : Operation 162 [1/1] (0.00ns)   --->   "%mrv = insertvalue i96 <undef>, i16 %trunc_ln" [firmware/nnet_utils/nnet_activation.h:270]   --->   Operation 162 'insertvalue' 'mrv' <Predicate = true> <Delay = 0.00>
ST_13 : Operation 163 [1/1] (0.00ns)   --->   "%mrv_1 = insertvalue i96 %mrv, i16 %trunc_ln717_1" [firmware/nnet_utils/nnet_activation.h:270]   --->   Operation 163 'insertvalue' 'mrv_1' <Predicate = true> <Delay = 0.00>
ST_13 : Operation 164 [1/1] (0.00ns)   --->   "%mrv_2 = insertvalue i96 %mrv_1, i16 %trunc_ln717_2" [firmware/nnet_utils/nnet_activation.h:270]   --->   Operation 164 'insertvalue' 'mrv_2' <Predicate = true> <Delay = 0.00>
ST_13 : Operation 165 [1/1] (0.00ns)   --->   "%mrv_3 = insertvalue i96 %mrv_2, i16 %trunc_ln717_3" [firmware/nnet_utils/nnet_activation.h:270]   --->   Operation 165 'insertvalue' 'mrv_3' <Predicate = true> <Delay = 0.00>
ST_13 : Operation 166 [1/1] (0.00ns)   --->   "%mrv_4 = insertvalue i96 %mrv_3, i16 %trunc_ln717_4" [firmware/nnet_utils/nnet_activation.h:270]   --->   Operation 166 'insertvalue' 'mrv_4' <Predicate = true> <Delay = 0.00>
ST_13 : Operation 167 [1/1] (0.00ns)   --->   "%mrv_5 = insertvalue i96 %mrv_4, i16 %trunc_ln717_5" [firmware/nnet_utils/nnet_activation.h:270]   --->   Operation 167 'insertvalue' 'mrv_5' <Predicate = true> <Delay = 0.00>
ST_13 : Operation 168 [1/1] (0.00ns)   --->   "%ret_ln270 = ret i96 %mrv_5" [firmware/nnet_utils/nnet_activation.h:270]   --->   Operation 168 'ret' 'ret_ln270' <Predicate = true> <Delay = 0.00>


============================================================
+ Verbose Summary: Timing violations
============================================================
Target clock period: 5ns, clock uncertainty: 0.625ns.

 <State 1>: 2.14ns
The critical path consists of the following:
	wire read operation ('data.V[1]', firmware/nnet_utils/nnet_activation.h:216) on port 'p_read1' (firmware/nnet_utils/nnet_activation.h:216) [14]  (0 ns)
	'icmp' operation ('icmp_ln1549') [16]  (2.14 ns)

 <State 2>: 3.74ns
The critical path consists of the following:
	'xor' operation ('xor_ln1549') [17]  (0 ns)
	'select' operation ('select_ln65', firmware/nnet_utils/nnet_common.h:65) [18]  (0.8 ns)
	'icmp' operation ('icmp_ln1549_2') [22]  (2.14 ns)
	'xor' operation ('xor_ln1549_2') [23]  (0 ns)
	'select' operation ('select_ln65_2', firmware/nnet_utils/nnet_common.h:65) [24]  (0.8 ns)

 <State 3>: 3.74ns
The critical path consists of the following:
	'xor' operation ('xor_ln1549_3') [26]  (0 ns)
	'select' operation ('select_ln65_3', firmware/nnet_utils/nnet_common.h:65) [27]  (0.8 ns)
	'icmp' operation ('icmp_ln1549_4') [28]  (2.14 ns)
	'xor' operation ('xor_ln1549_4') [29]  (0 ns)
	'select' operation ('x_max.V', firmware/nnet_utils/nnet_common.h:65) [30]  (0.8 ns)

 <State 4>: 2.54ns
The critical path consists of the following:
	'sub' operation ('ret.V') [33]  (1.54 ns)
	'select' operation ('y') [76]  (0.996 ns)

 <State 5>: 2.77ns
The critical path consists of the following:
	'getelementptr' operation ('exp_table_addr_3', firmware/nnet_utils/nnet_activation.h:255) [96]  (0 ns)
	'load' operation ('r.V', firmware/nnet_utils/nnet_activation.h:255) on array 'exp_table' [97]  (2.77 ns)

 <State 6>: 2.77ns
The critical path consists of the following:
	'getelementptr' operation ('exp_table_addr', firmware/nnet_utils/nnet_activation.h:255) [78]  (0 ns)
	'load' operation ('r.V', firmware/nnet_utils/nnet_activation.h:255) on array 'exp_table' [79]  (2.77 ns)

 <State 7>: 4.33ns
The critical path consists of the following:
	'load' operation ('r.V', firmware/nnet_utils/nnet_activation.h:255) on array 'exp_table' [79]  (2.77 ns)
	'add' operation ('add_ln712') [110]  (1.56 ns)

 <State 8>: 3.24ns
The critical path consists of the following:
	'add' operation ('add_ln712_1') [111]  (0 ns)
	'add' operation ('exp_sum.V') [114]  (3.24 ns)

 <State 9>: 2.77ns
The critical path consists of the following:
	'getelementptr' operation ('invert_table_addr', firmware/nnet_utils/nnet_activation.h:265) [117]  (0 ns)
	'load' operation ('inv_exp_sum.V', firmware/nnet_utils/nnet_activation.h:265) on array 'invert_table' [118]  (2.77 ns)

 <State 10>: 2.77ns
The critical path consists of the following:
	'load' operation ('inv_exp_sum.V', firmware/nnet_utils/nnet_activation.h:265) on array 'invert_table' [118]  (2.77 ns)

 <State 11>: 3.36ns
The critical path consists of the following:
	'mul' operation of DSP[121] ('mul_ln1168') [121]  (3.36 ns)

 <State 12>: 3.36ns
The critical path consists of the following:
	'mul' operation of DSP[121] ('mul_ln1168') [121]  (3.36 ns)

 <State 13>: 0ns
The critical path consists of the following:


============================================================
+ Verbose Summary: Binding
============================================================
N/A
* FSMD analyzer results:
  - Output states:
 - Input state : 
  - Chain level:
	State 1
	State 2
	State 3
	State 4
	State 5
	State 6
	State 7
	State 8
	State 9
	State 10
	State 11
	State 12
	State 13


============================================================
+ Verbose Summary: Datapath Resource usage 
============================================================
N/A
