

================================================================
== Synthesis Summary Report of 'myproject'
================================================================
+ General Information: 
    * Date:           Mon Jul 17 13:31:05 2023
    * Version:        2021.1 (Build 3247384 on Thu Jun 10 19:36:07 MDT 2021)
    * Project:        myproject_prj
    * Solution:       solution1 (Vivado IP Flow Target)
    * Product family: zynq
    * Target device:  xc7z007s-clg225-2
    

+ Performance & Resource Estimates: 
    
    PS: '+' for module; 'o' for loop; '*' for dataflow
    +--------------------------------------------------------------------------------+--------+-------+---------+---------+----------+---------+------+----------+--------+-------------+--------------+--------------+-----+
    |                                     Modules                                    |  Issue |       | Latency | Latency | Iteration|         | Trip |          |        |             |              |              |     |
    |                                     & Loops                                    |  Type  | Slack | (cycles)|   (ns)  |  Latency | Interval| Count| Pipelined|  BRAM  |     DSP     |      FF      |      LUT     | URAM|
    +--------------------------------------------------------------------------------+--------+-------+---------+---------+----------+---------+------+----------+--------+-------------+--------------+--------------+-----+
    |+ myproject                                                                     |  Timing|  -0.32|       54|  179.820|         -|        2|     -|       yes|  5 (5%)|  796 (1206%)|  60582 (210%)|  62431 (433%)|    -|
    | + grp_dense_latency_ap_fixed_8_2_5_3_0_ap_fixed_16_4_5_3_0_config2_s_fu_95     |  Timing|  -0.27|        6|   19.980|         -|        2|     -|       yes|       -|   247 (374%)|   17359 (60%)|  17374 (120%)|    -|
    | + grp_relu_ap_fixed_16_4_5_3_0_ap_ufixed_8_0_4_0_0_relu_config4_s_fu_101       |      II|   0.33|        1|    3.330|         -|        1|     -|       yes|       -|            -|     2143 (7%)|    3528 (24%)|    -|
    | + grp_dense_latency_ap_ufixed_8_0_4_0_0_ap_fixed_16_4_5_3_0_config5_s_fu_168   |  Timing|  -0.27|        8|   26.640|         -|        2|     -|       yes|       -|   275 (416%)|   20151 (69%)|  22399 (155%)|    -|
    | + grp_relu_ap_fixed_16_4_5_3_0_ap_ufixed_8_0_4_0_0_relu_config7_s_fu_235       |      II|   0.33|        1|    3.330|         -|        1|     -|       yes|       -|            -|     1055 (3%)|    1736 (12%)|    -|
    | + grp_dense_latency_ap_ufixed_8_0_4_0_0_ap_fixed_16_4_5_3_0_config8_s_fu_270   |  Timing|  -0.27|        7|   23.310|         -|        2|     -|       yes|       -|   202 (306%)|   11508 (39%)|   11875 (82%)|    -|
    | + grp_relu_ap_fixed_16_4_5_3_0_ap_ufixed_8_0_4_0_0_relu_config10_s_fu_305      |      II|   0.33|        1|    3.330|         -|        1|     -|       yes|       -|            -|     1021 (3%)|    1680 (11%)|    -|
    | + grp_dense_latency_ap_ufixed_8_0_4_0_0_ap_fixed_16_4_5_3_0_config11_s_fu_339  |  Timing|  -0.27|        7|   23.310|         -|        2|     -|       yes|       -|    67 (101%)|    3196 (11%)|    3102 (21%)|    -|
    | + grp_softmax_stable_ap_fixed_ap_fixed_16_4_5_3_0_softmax_config13_s_fu_373    |  Timing|  -0.32|       16|   53.280|         -|        1|     -|       yes|  5 (5%)|       5 (7%)|     1059 (3%)|      704 (4%)|    -|
    +--------------------------------------------------------------------------------+--------+-------+---------+---------+----------+---------+------+----------+--------+-------------+--------------+--------------+-----+


================================================================
== HW Interfaces
================================================================
* REGISTER
+---------------+---------+----------+
| Interface     | Mode    | Bitwidth |
+---------------+---------+----------+
| fc1_input     | ap_none | 128      |
| layer13_out_0 | ap_none | 16       |
| layer13_out_1 | ap_none | 16       |
| layer13_out_2 | ap_none | 16       |
| layer13_out_3 | ap_none | 16       |
| layer13_out_4 | ap_none | 16       |
+---------------+---------+----------+

* TOP LEVEL CONTROL
+-----------+------------+-----------------------------------+
| Interface | Type       | Ports                             |
+-----------+------------+-----------------------------------+
| ap_clk    | clock      | ap_clk                            |
| ap_rst    | reset      | ap_rst                            |
| ap_ctrl   | ap_ctrl_hs | ap_done ap_idle ap_ready ap_start |
+-----------+------------+-----------------------------------+


================================================================
== SW I/O Information
================================================================
* Top Function Arguments
+-------------+-----------+--------------------------------------+
| Argument    | Direction | Datatype                             |
+-------------+-----------+--------------------------------------+
| fc1_input   | in        | ap_fixed<8, 2, AP_TRN, AP_WRAP, 0>*  |
| layer13_out | out       | ap_fixed<16, 4, AP_TRN, AP_WRAP, 0>* |
+-------------+-----------+--------------------------------------+

* SW-to-HW Mapping
+-------------+----------------------+---------+
| Argument    | HW Name              | HW Type |
+-------------+----------------------+---------+
| fc1_input   | fc1_input            | port    |
| layer13_out | layer13_out_0        | port    |
| layer13_out | layer13_out_0_ap_vld | port    |
| layer13_out | layer13_out_1        | port    |
| layer13_out | layer13_out_1_ap_vld | port    |
| layer13_out | layer13_out_2        | port    |
| layer13_out | layer13_out_2_ap_vld | port    |
| layer13_out | layer13_out_3        | port    |
| layer13_out | layer13_out_3_ap_vld | port    |
| layer13_out | layer13_out_4        | port    |
| layer13_out | layer13_out_4_ap_vld | port    |
+-------------+----------------------+---------+


================================================================
== M_AXI Burst Information
================================================================

