

================================================================
== Vitis HLS Report for 'dense_latency_ap_ufixed_8_0_4_0_0_ap_fixed_16_4_5_3_0_config11_s'
================================================================
* Date:           Mon Jul 17 13:30:40 2023

* Version:        2021.1 (Build 3247384 on Thu Jun 10 19:36:07 MDT 2021)
* Project:        myproject_prj
* Solution:       solution1 (Vivado IP Flow Target)
* Product family: zynq
* Target device:  xc7z007s-clg225-2


================================================================
== Performance Estimates
================================================================
+ Timing: 
    * Summary: 
    +--------+---------+----------+------------+
    |  Clock |  Target | Estimated| Uncertainty|
    +--------+---------+----------+------------+
    |ap_clk  |  3.33 ns|  3.186 ns|     0.42 ns|
    +--------+---------+----------+------------+

+ Latency: 
    * Summary: 
    +---------+---------+-----------+-----------+-----+-----+---------+
    |  Latency (cycles) |   Latency (absolute)  |  Interval | Pipeline|
    |   min   |   max   |    min    |    max    | min | max |   Type  |
    +---------+---------+-----------+-----------+-----+-----+---------+
    |        7|        7|  23.310 ns|  23.310 ns|    2|    2|      yes|
    +---------+---------+-----------+-----------+-----+-----+---------+

    + Detail: 
        * Instance: 
        N/A

        * Loop: 
        N/A



================================================================
== Utilization Estimates
================================================================
* Summary: 
+-----------------+---------+-----+-------+-------+-----+
|       Name      | BRAM_18K| DSP |   FF  |  LUT  | URAM|
+-----------------+---------+-----+-------+-------+-----+
|DSP              |        -|    -|      -|      -|    -|
|Expression       |        -|    -|      0|   2690|    -|
|FIFO             |        -|    -|      -|      -|    -|
|Instance         |        -|   67|      0|      0|    -|
|Memory           |        -|    -|      -|      -|    -|
|Multiplexer      |        -|    -|      -|    412|    -|
|Register         |        -|    -|   3196|      -|    -|
+-----------------+---------+-----+-------+-------+-----+
|Total            |        0|   67|   3196|   3102|    0|
+-----------------+---------+-----+-------+-------+-----+
|Available        |      100|   66|  28800|  14400|    0|
+-----------------+---------+-----+-------+-------+-----+
|Utilization (%)  |        0|  101|     11|     21|    0|
+-----------------+---------+-----+-------+-------+-----+

+ Detail: 
    * Instance: 
    +--------------------------+--------------------+---------+----+---+----+-----+
    |         Instance         |       Module       | BRAM_18K| DSP| FF| LUT| URAM|
    +--------------------------+--------------------+---------+----+---+----+-----+
    |mul_8ns_5ns_12_3_1_U965   |mul_8ns_5ns_12_3_1  |        0|   1|  0|   0|    0|
    |mul_8ns_5ns_12_3_1_U1000  |mul_8ns_5ns_12_3_1  |        0|   1|  0|   0|    0|
    |mul_8ns_6ns_13_3_1_U962   |mul_8ns_6ns_13_3_1  |        0|   1|  0|   0|    0|
    |mul_8ns_6ns_13_3_1_U970   |mul_8ns_6ns_13_3_1  |        0|   1|  0|   0|    0|
    |mul_8ns_6ns_13_3_1_U993   |mul_8ns_6ns_13_3_1  |        0|   1|  0|   0|    0|
    |mul_8ns_6ns_13_3_1_U999   |mul_8ns_6ns_13_3_1  |        0|   1|  0|   0|    0|
    |mul_8ns_6ns_13_3_1_U1025  |mul_8ns_6ns_13_3_1  |        0|   1|  0|   0|    0|
    |mul_8ns_6s_14_3_1_U966    |mul_8ns_6s_14_3_1   |        0|   1|  0|   0|    0|
    |mul_8ns_6s_14_3_1_U990    |mul_8ns_6s_14_3_1   |        0|   1|  0|   0|    0|
    |mul_8ns_6s_14_3_1_U1006   |mul_8ns_6s_14_3_1   |        0|   1|  0|   0|    0|
    |mul_8ns_7ns_14_3_1_U960   |mul_8ns_7ns_14_3_1  |        0|   1|  0|   0|    0|
    |mul_8ns_7ns_14_3_1_U961   |mul_8ns_7ns_14_3_1  |        0|   1|  0|   0|    0|
    |mul_8ns_7ns_14_3_1_U971   |mul_8ns_7ns_14_3_1  |        0|   1|  0|   0|    0|
    |mul_8ns_7ns_14_3_1_U972   |mul_8ns_7ns_14_3_1  |        0|   1|  0|   0|    0|
    |mul_8ns_7ns_14_3_1_U973   |mul_8ns_7ns_14_3_1  |        0|   1|  0|   0|    0|
    |mul_8ns_7ns_14_3_1_U981   |mul_8ns_7ns_14_3_1  |        0|   1|  0|   0|    0|
    |mul_8ns_7ns_14_3_1_U983   |mul_8ns_7ns_14_3_1  |        0|   1|  0|   0|    0|
    |mul_8ns_7ns_14_3_1_U988   |mul_8ns_7ns_14_3_1  |        0|   1|  0|   0|    0|
    |mul_8ns_7ns_14_3_1_U994   |mul_8ns_7ns_14_3_1  |        0|   1|  0|   0|    0|
    |mul_8ns_7ns_14_3_1_U996   |mul_8ns_7ns_14_3_1  |        0|   1|  0|   0|    0|
    |mul_8ns_7ns_14_3_1_U997   |mul_8ns_7ns_14_3_1  |        0|   1|  0|   0|    0|
    |mul_8ns_7ns_14_3_1_U1021  |mul_8ns_7ns_14_3_1  |        0|   1|  0|   0|    0|
    |mul_8ns_7s_14_3_1_U1014   |mul_8ns_7s_14_3_1   |        0|   1|  0|   0|    0|
    |mul_8ns_7s_15_3_1_U979    |mul_8ns_7s_15_3_1   |        0|   1|  0|   0|    0|
    |mul_8ns_7s_15_3_1_U984    |mul_8ns_7s_15_3_1   |        0|   1|  0|   0|    0|
    |mul_8ns_7s_15_3_1_U985    |mul_8ns_7s_15_3_1   |        0|   1|  0|   0|    0|
    |mul_8ns_7s_15_3_1_U987    |mul_8ns_7s_15_3_1   |        0|   1|  0|   0|    0|
    |mul_8ns_7s_15_3_1_U1002   |mul_8ns_7s_15_3_1   |        0|   1|  0|   0|    0|
    |mul_8ns_7s_15_3_1_U1004   |mul_8ns_7s_15_3_1   |        0|   1|  0|   0|    0|
    |mul_8ns_7s_15_3_1_U1007   |mul_8ns_7s_15_3_1   |        0|   1|  0|   0|    0|
    |mul_8ns_7s_15_3_1_U1018   |mul_8ns_7s_15_3_1   |        0|   1|  0|   0|    0|
    |mul_8ns_8ns_15_3_1_U968   |mul_8ns_8ns_15_3_1  |        0|   1|  0|   0|    0|
    |mul_8ns_8ns_15_3_1_U974   |mul_8ns_8ns_15_3_1  |        0|   1|  0|   0|    0|
    |mul_8ns_8ns_15_3_1_U975   |mul_8ns_8ns_15_3_1  |        0|   1|  0|   0|    0|
    |mul_8ns_8ns_15_3_1_U976   |mul_8ns_8ns_15_3_1  |        0|   1|  0|   0|    0|
    |mul_8ns_8ns_15_3_1_U977   |mul_8ns_8ns_15_3_1  |        0|   1|  0|   0|    0|
    |mul_8ns_8ns_15_3_1_U982   |mul_8ns_8ns_15_3_1  |        0|   1|  0|   0|    0|
    |mul_8ns_8ns_15_3_1_U986   |mul_8ns_8ns_15_3_1  |        0|   1|  0|   0|    0|
    |mul_8ns_8ns_15_3_1_U995   |mul_8ns_8ns_15_3_1  |        0|   1|  0|   0|    0|
    |mul_8ns_8ns_15_3_1_U998   |mul_8ns_8ns_15_3_1  |        0|   1|  0|   0|    0|
    |mul_8ns_8ns_15_3_1_U1010  |mul_8ns_8ns_15_3_1  |        0|   1|  0|   0|    0|
    |mul_8ns_8ns_15_3_1_U1013  |mul_8ns_8ns_15_3_1  |        0|   1|  0|   0|    0|
    |mul_8ns_8ns_15_3_1_U1015  |mul_8ns_8ns_15_3_1  |        0|   1|  0|   0|    0|
    |mul_8ns_8ns_15_3_1_U1017  |mul_8ns_8ns_15_3_1  |        0|   1|  0|   0|    0|
    |mul_8ns_8ns_15_3_1_U1019  |mul_8ns_8ns_15_3_1  |        0|   1|  0|   0|    0|
    |mul_8ns_8ns_15_3_1_U1020  |mul_8ns_8ns_15_3_1  |        0|   1|  0|   0|    0|
    |mul_8ns_8ns_15_3_1_U1024  |mul_8ns_8ns_15_3_1  |        0|   1|  0|   0|    0|
    |mul_8ns_8ns_15_3_1_U1026  |mul_8ns_8ns_15_3_1  |        0|   1|  0|   0|    0|
    |mul_8ns_8s_14_3_1_U1005   |mul_8ns_8s_14_3_1   |        0|   1|  0|   0|    0|
    |mul_8ns_8s_15_3_1_U978    |mul_8ns_8s_15_3_1   |        0|   1|  0|   0|    0|
    |mul_8ns_8s_16_3_1_U963    |mul_8ns_8s_16_3_1   |        0|   1|  0|   0|    0|
    |mul_8ns_8s_16_3_1_U964    |mul_8ns_8s_16_3_1   |        0|   1|  0|   0|    0|
    |mul_8ns_8s_16_3_1_U967    |mul_8ns_8s_16_3_1   |        0|   1|  0|   0|    0|
    |mul_8ns_8s_16_3_1_U980    |mul_8ns_8s_16_3_1   |        0|   1|  0|   0|    0|
    |mul_8ns_8s_16_3_1_U989    |mul_8ns_8s_16_3_1   |        0|   1|  0|   0|    0|
    |mul_8ns_8s_16_3_1_U991    |mul_8ns_8s_16_3_1   |        0|   1|  0|   0|    0|
    |mul_8ns_8s_16_3_1_U992    |mul_8ns_8s_16_3_1   |        0|   1|  0|   0|    0|
    |mul_8ns_8s_16_3_1_U1001   |mul_8ns_8s_16_3_1   |        0|   1|  0|   0|    0|
    |mul_8ns_8s_16_3_1_U1003   |mul_8ns_8s_16_3_1   |        0|   1|  0|   0|    0|
    |mul_8ns_8s_16_3_1_U1008   |mul_8ns_8s_16_3_1   |        0|   1|  0|   0|    0|
    |mul_8ns_8s_16_3_1_U1009   |mul_8ns_8s_16_3_1   |        0|   1|  0|   0|    0|
    |mul_8ns_8s_16_3_1_U1011   |mul_8ns_8s_16_3_1   |        0|   1|  0|   0|    0|
    |mul_8ns_8s_16_3_1_U1012   |mul_8ns_8s_16_3_1   |        0|   1|  0|   0|    0|
    |mul_8ns_8s_16_3_1_U1016   |mul_8ns_8s_16_3_1   |        0|   1|  0|   0|    0|
    |mul_8ns_8s_16_3_1_U1022   |mul_8ns_8s_16_3_1   |        0|   1|  0|   0|    0|
    |mul_8ns_8s_16_3_1_U1023   |mul_8ns_8s_16_3_1   |        0|   1|  0|   0|    0|
    |mul_8ns_9s_15_3_1_U969    |mul_8ns_9s_15_3_1   |        0|   1|  0|   0|    0|
    +--------------------------+--------------------+---------+----+---+----+-----+
    |Total                     |                    |        0|  67|  0|   0|    0|
    +--------------------------+--------------------+---------+----+---+----+-----+

    * DSP: 
    N/A

    * Memory: 
    N/A

    * FIFO: 
    N/A

    * Expression: 
    +----------------------------+----------+----+---+----+------------+------------+
    |        Variable Name       | Operation| DSP| FF| LUT| Bitwidth P0| Bitwidth P1|
    +----------------------------+----------+----+---+----+------------+------------+
    |add_ln1171_36_fu_20192_p2   |         +|   0|  0|  15|          15|          15|
    |add_ln1171_37_fu_20270_p2   |         +|   0|  0|  15|          15|          15|
    |add_ln1171_38_fu_20297_p2   |         +|   0|  0|  15|          15|          15|
    |add_ln1171_39_fu_20517_p2   |         +|   0|  0|  15|          15|          15|
    |add_ln1171_40_fu_19593_p2   |         +|   0|  0|  15|          15|          15|
    |add_ln1171_fu_20165_p2      |         +|   0|  0|  14|          14|          14|
    |add_ln712_1691_fu_22879_p2  |         +|   0|  0|  16|          14|          14|
    |add_ln712_1692_fu_21929_p2  |         +|   0|  0|  14|          14|          14|
    |add_ln712_1693_fu_22458_p2  |         +|   0|  0|  15|          15|          15|
    |add_ln712_1694_fu_23062_p2  |         +|   0|  0|  16|          16|          16|
    |add_ln712_1695_fu_21935_p2  |         +|   0|  0|  14|          14|          14|
    |add_ln712_1696_fu_22467_p2  |         +|   0|  0|  15|          15|          15|
    |add_ln712_1697_fu_21941_p2  |         +|   0|  0|  14|          14|          14|
    |add_ln712_1698_fu_21947_p2  |         +|   0|  0|  14|          14|          14|
    |add_ln712_1699_fu_22479_p2  |         +|   0|  0|  15|          15|          15|
    |add_ln712_1700_fu_22891_p2  |         +|   0|  0|  16|          16|          16|
    |add_ln712_1701_fu_23188_p2  |         +|   0|  0|  16|          16|          16|
    |add_ln712_1702_fu_21953_p2  |         +|   0|  0|  14|          14|          14|
    |add_ln712_1703_fu_22488_p2  |         +|   0|  0|  16|          15|          15|
    |add_ln712_1704_fu_21959_p2  |         +|   0|  0|  16|          13|          13|
    |add_ln712_1705_fu_21965_p2  |         +|   0|  0|  16|          13|          13|
    |add_ln712_1706_fu_22497_p2  |         +|   0|  0|  16|          15|          15|
    |add_ln712_1707_fu_21971_p2  |         +|   0|  0|  16|          11|          11|
    |add_ln712_1708_fu_21977_p2  |         +|   0|  0|  16|          11|          11|
    |add_ln712_1709_fu_21983_p2  |         +|   0|  0|  12|          12|          12|
    |add_ln712_1710_fu_21988_p2  |         +|   0|  0|  13|          13|           9|
    |add_ln712_1711_fu_22512_p2  |         +|   0|  0|  16|          14|          14|
    |add_ln712_1712_fu_22518_p2  |         +|   0|  0|  16|          14|          14|
    |add_ln712_1713_fu_22903_p2  |         +|   0|  0|  16|          16|          16|
    |add_ln712_1714_fu_23192_p2  |         +|   0|  0|  16|          16|          16|
    |add_ln712_1715_fu_22909_p2  |         +|   0|  0|  16|          14|          14|
    |add_ln712_1716_fu_22915_p2  |         +|   0|  0|  16|          14|          14|
    |add_ln712_1717_fu_21994_p2  |         +|   0|  0|  14|          14|          14|
    |add_ln712_1718_fu_22000_p2  |         +|   0|  0|  14|          14|          14|
    |add_ln712_1719_fu_22530_p2  |         +|   0|  0|  15|          15|          15|
    |add_ln712_1720_fu_23074_p2  |         +|   0|  0|  16|          16|          16|
    |add_ln712_1721_fu_22006_p2  |         +|   0|  0|  13|          13|          13|
    |add_ln712_1722_fu_22539_p2  |         +|   0|  0|  14|          14|          14|
    |add_ln712_1723_fu_22012_p2  |         +|   0|  0|  14|          14|          14|
    |add_ln712_1724_fu_22018_p2  |         +|   0|  0|  14|          14|          14|
    |add_ln712_1725_fu_22551_p2  |         +|   0|  0|  15|          15|          15|
    |add_ln712_1726_fu_22927_p2  |         +|   0|  0|  16|          16|          16|
    |add_ln712_1727_fu_23197_p2  |         +|   0|  0|  16|          16|          16|
    |add_ln712_1728_fu_22024_p2  |         +|   0|  0|  14|          14|          14|
    |add_ln712_1729_fu_22560_p2  |         +|   0|  0|  15|          15|          15|
    |add_ln712_1730_fu_22030_p2  |         +|   0|  0|  12|          12|          12|
    |add_ln712_1731_fu_22569_p2  |         +|   0|  0|  16|          13|          13|
    |add_ln712_1732_fu_22575_p2  |         +|   0|  0|  16|          13|          13|
    |add_ln712_1733_fu_23086_p2  |         +|   0|  0|  16|          16|          16|
    |add_ln712_1734_fu_22035_p2  |         +|   0|  0|  16|          14|          14|
    |add_ln712_1735_fu_22041_p2  |         +|   0|  0|  16|          14|          14|
    |add_ln712_1736_fu_22047_p2  |         +|   0|  0|  12|          12|          12|
    |add_ln712_1737_fu_22052_p2  |         +|   0|  0|  11|          11|          11|
    |add_ln712_1738_fu_22587_p2  |         +|   0|  0|  14|          14|          14|
    |add_ln712_1739_fu_22939_p2  |         +|   0|  0|  15|          15|          15|
    |add_ln712_1740_fu_23095_p2  |         +|   0|  0|  16|          16|          16|
    |add_ln712_1741_fu_23201_p2  |         +|   0|  0|  16|          16|          16|
    |add_ln712_1742_fu_22593_p2  |         +|   0|  0|  14|          14|          14|
    |add_ln712_1743_fu_22948_p2  |         +|   0|  0|  16|          15|          15|
    |add_ln712_1744_fu_22599_p2  |         +|   0|  0|  16|          13|          13|
    |add_ln712_1745_fu_22605_p2  |         +|   0|  0|  16|          13|          13|
    |add_ln712_1746_fu_22957_p2  |         +|   0|  0|  16|          15|          15|
    |add_ln712_1747_fu_22611_p2  |         +|   0|  0|  16|          14|          14|
    |add_ln712_1748_fu_22617_p2  |         +|   0|  0|  16|          14|          14|
    |add_ln712_1749_fu_22057_p2  |         +|   0|  0|  14|          14|          14|
    |add_ln712_1750_fu_22063_p2  |         +|   0|  0|  12|          12|          12|
    |add_ln712_1751_fu_22629_p2  |         +|   0|  0|  15|          15|          15|
    |add_ln712_1752_fu_22969_p2  |         +|   0|  0|  16|          16|          16|
    |add_ln712_1753_fu_23209_p2  |         +|   0|  0|  16|          16|          16|
    |add_ln712_1754_fu_22069_p2  |         +|   0|  0|  10|          10|          10|
    |add_ln712_1755_fu_22079_p2  |         +|   0|  0|  11|          11|          11|
    |add_ln712_1756_fu_22085_p2  |         +|   0|  0|  11|          11|          11|
    |add_ln712_1757_fu_22095_p2  |         +|   0|  0|  12|          12|          12|
    |add_ln712_1758_fu_22641_p2  |         +|   0|  0|  13|          13|          13|
    |add_ln712_1759_fu_22101_p2  |         +|   0|  0|  12|          12|          12|
    |add_ln712_1760_fu_22650_p2  |         +|   0|  0|  13|          13|          13|
    |add_ln712_1761_fu_22107_p2  |         +|   0|  0|  13|          13|          13|
    |add_ln712_1762_fu_22113_p2  |         +|   0|  0|  13|          13|           7|
    |add_ln712_1763_fu_22662_p2  |         +|   0|  0|  14|          14|          14|
    |add_ln712_1764_fu_22981_p2  |         +|   0|  0|  15|          15|          15|
    |add_ln712_1765_fu_23107_p2  |         +|   0|  0|  16|          16|          16|
    |add_ln712_1766_fu_23214_p2  |         +|   0|  0|  16|          16|          16|
    |add_ln712_1767_fu_22987_p2  |         +|   0|  0|  16|          13|          13|
    |add_ln712_1768_fu_22993_p2  |         +|   0|  0|  16|          13|          13|
    |add_ln712_1769_fu_22668_p2  |         +|   0|  0|  14|          14|          14|
    |add_ln712_1770_fu_22674_p2  |         +|   0|  0|  14|          14|          14|
    |add_ln712_1771_fu_23122_p2  |         +|   0|  0|  16|          15|          15|
    |add_ln712_1772_fu_23128_p2  |         +|   0|  0|  16|          15|          15|
    |add_ln712_1773_fu_22680_p2  |         +|   0|  0|  16|          14|          14|
    |add_ln712_1774_fu_22686_p2  |         +|   0|  0|  16|          14|          14|
    |add_ln712_1775_fu_22119_p2  |         +|   0|  0|  14|          14|          14|
    |add_ln712_1776_fu_22125_p2  |         +|   0|  0|  13|          13|          13|
    |add_ln712_1777_fu_22698_p2  |         +|   0|  0|  15|          15|          15|
    |add_ln712_1778_fu_23005_p2  |         +|   0|  0|  16|          16|          16|
    |add_ln712_1779_fu_23222_p2  |         +|   0|  0|  16|          16|          16|
    |add_ln712_1780_fu_22131_p2  |         +|   0|  0|  12|          12|          12|
    |add_ln712_1781_fu_22707_p2  |         +|   0|  0|  14|          14|          14|
    |add_ln712_1782_fu_22136_p2  |         +|   0|  0|  14|          14|          14|
    |add_ln712_1783_fu_22142_p2  |         +|   0|  0|  14|          14|          14|
    |add_ln712_1784_fu_22719_p2  |         +|   0|  0|  15|          15|          15|
    |add_ln712_1785_fu_23140_p2  |         +|   0|  0|  16|          16|          16|
    |add_ln712_1786_fu_22725_p2  |         +|   0|  0|  16|          13|          13|
    |add_ln712_1787_fu_22148_p2  |         +|   0|  0|  12|          12|          12|
    |add_ln712_1788_fu_22734_p2  |         +|   0|  0|  16|          13|          13|
    |add_ln712_1789_fu_22154_p2  |         +|   0|  0|  11|          11|          11|
    |add_ln712_1790_fu_22743_p2  |         +|   0|  0|  16|          12|          10|
    |add_ln712_1791_fu_22749_p2  |         +|   0|  0|  16|          12|          12|
    |add_ln712_1792_fu_23017_p2  |         +|   0|  0|  14|          14|          14|
    |add_ln712_1793_fu_23149_p2  |         +|   0|  0|  16|          16|          16|
    |add_ln712_1794_fu_23227_p2  |         +|   0|  0|  16|          16|          16|
    |add_ln712_1795_fu_22160_p2  |         +|   0|  0|  14|          14|          14|
    |add_ln712_1796_fu_23026_p2  |         +|   0|  0|  15|          15|          15|
    |add_ln712_1797_fu_22755_p2  |         +|   0|  0|  16|          14|          14|
    |add_ln712_1798_fu_22166_p2  |         +|   0|  0|  13|          13|          13|
    |add_ln712_1799_fu_22764_p2  |         +|   0|  0|  16|          14|          14|
    |add_ln712_1800_fu_23161_p2  |         +|   0|  0|  16|          16|          16|
    |add_ln712_1801_fu_22172_p2  |         +|   0|  0|  14|          14|          14|
    |add_ln712_1802_fu_22773_p2  |         +|   0|  0|  15|          15|          15|
    |add_ln712_1803_fu_22178_p2  |         +|   0|  0|  14|          14|          14|
    |add_ln712_1804_fu_19843_p2  |         +|   0|  0|  14|          14|          14|
    |add_ln712_1805_fu_22785_p2  |         +|   0|  0|  15|          15|          15|
    |add_ln712_1806_fu_23038_p2  |         +|   0|  0|  16|          16|          16|
    |add_ln712_1807_fu_23232_p2  |         +|   0|  0|  16|          16|          16|
    |add_ln712_1808_fu_22184_p2  |         +|   0|  0|  12|          12|          12|
    |add_ln712_1809_fu_22794_p2  |         +|   0|  0|  14|          14|          14|
    |add_ln712_1810_fu_22189_p2  |         +|   0|  0|  13|          13|          13|
    |add_ln712_1811_fu_22195_p2  |         +|   0|  0|  13|          13|          13|
    |add_ln712_1812_fu_22806_p2  |         +|   0|  0|  14|          14|          14|
    |add_ln712_1813_fu_23173_p2  |         +|   0|  0|  16|          16|          16|
    |add_ln712_1814_fu_22201_p2  |         +|   0|  0|  13|          13|          13|
    |add_ln712_1815_fu_22815_p2  |         +|   0|  0|  16|          14|          14|
    |add_ln712_1816_fu_22821_p2  |         +|   0|  0|  16|          14|          14|
    |add_ln712_1817_fu_22207_p2  |         +|   0|  0|  12|          12|          12|
    |add_ln712_1818_fu_22212_p2  |         +|   0|  0|  12|          12|           9|
    |add_ln712_1819_fu_22833_p2  |         +|   0|  0|  13|          13|          13|
    |add_ln712_1820_fu_23050_p2  |         +|   0|  0|  15|          15|          15|
    |add_ln712_1821_fu_23182_p2  |         +|   0|  0|  16|          16|          16|
    |add_ln712_1822_fu_23236_p2  |         +|   0|  0|  16|          16|          16|
    |add_ln712_fu_22873_p2       |         +|   0|  0|  16|          14|          14|
    |add_ln717_139_fu_20548_p2   |         +|   0|  0|  13|          13|          13|
    |add_ln717_140_fu_21199_p2   |         +|   0|  0|  11|          11|          11|
    |add_ln717_fu_20395_p2       |         +|   0|  0|  12|          12|          12|
    |sub_ln1171_458_fu_21373_p2  |         -|   0|  0|  13|           1|          13|
    |sub_ln1171_459_fu_22264_p2  |         -|   0|  0|  14|          14|          14|
    |sub_ln1171_460_fu_19728_p2  |         -|   0|  0|  15|           1|          15|
    |sub_ln1171_461_fu_19971_p2  |         -|   0|  0|  16|          16|          16|
    |sub_ln1171_462_fu_19998_p2  |         -|   0|  0|  13|          13|          13|
    |sub_ln1171_463_fu_21414_p2  |         -|   0|  0|  16|          16|          16|
    |sub_ln1171_464_fu_19372_p2  |         -|   0|  0|  16|          16|          16|
    |sub_ln1171_465_fu_20093_p2  |         -|   0|  0|  16|           1|          16|
    |sub_ln1171_466_fu_20335_p2  |         -|   0|  0|  16|          16|          16|
    |sub_ln1171_467_fu_20422_p2  |         -|   0|  0|  10|           1|          10|
    |sub_ln1171_468_fu_20479_p2  |         -|   0|  0|  15|           1|          15|
    |sub_ln1171_469_fu_21551_p2  |         -|   0|  0|  16|          16|          16|
    |sub_ln1171_470_fu_21570_p2  |         -|   0|  0|   9|           1|           9|
    |sub_ln1171_471_fu_20568_p2  |         -|   0|  0|  15|          15|          15|
    |sub_ln1171_472_fu_21633_p2  |         -|   0|  0|   9|           1|           9|
    |sub_ln1171_473_fu_20645_p2  |         -|   0|  0|  12|           1|          12|
    |sub_ln1171_474_fu_21652_p2  |         -|   0|  0|  13|          13|          13|
    |sub_ln1171_475_fu_21679_p2  |         -|   0|  0|  16|           1|          16|
    |sub_ln1171_476_fu_21739_p2  |         -|   0|  0|  16|          16|          16|
    |sub_ln1171_477_fu_20753_p2  |         -|   0|  0|  15|          15|          15|
    |sub_ln1171_478_fu_19780_p2  |         -|   0|  0|  15|           1|          15|
    |sub_ln1171_479_fu_20805_p2  |         -|   0|  0|  16|          16|          16|
    |sub_ln1171_480_fu_20852_p2  |         -|   0|  0|  16|           1|          16|
    |sub_ln1171_481_fu_20902_p2  |         -|   0|  0|  10|           1|          10|
    |sub_ln1171_482_fu_20929_p2  |         -|   0|  0|  16|           1|          16|
    |sub_ln1171_483_fu_20945_p2  |         -|   0|  0|  16|          16|          16|
    |sub_ln1171_484_fu_21047_p2  |         -|   0|  0|  15|          15|          15|
    |sub_ln1171_485_fu_19621_p2  |         -|   0|  0|  16|           1|          16|
    |sub_ln1171_486_fu_21160_p2  |         -|   0|  0|  15|          15|          15|
    |sub_ln1171_487_fu_19813_p2  |         -|   0|  0|  14|           1|          14|
    |sub_ln1171_488_fu_21183_p2  |         -|   0|  0|  15|          15|          15|
    |sub_ln1171_489_fu_21888_p2  |         -|   0|  0|  16|           1|          16|
    |sub_ln1171_490_fu_19837_p2  |         -|   0|  0|  13|           1|          13|
    |sub_ln1171_491_fu_21309_p2  |         -|   0|  0|  14|          14|          14|
    |sub_ln1171_492_fu_21346_p2  |         -|   0|  0|  10|           1|          10|
    |sub_ln1171_511_fu_22291_p2  |         -|   0|  0|  11|          11|          11|
    |sub_ln1171_512_fu_19689_p2  |         -|   0|  0|  15|          15|          15|
    |sub_ln1171_fu_22245_p2      |         -|   0|  0|  12|          12|          12|
    |sub_ln717_197_fu_20056_p2   |         -|   0|  0|  13|          13|          13|
    |sub_ln717_198_fu_20123_p2   |         -|   0|  0|  12|          12|          12|
    |sub_ln717_199_fu_20598_p2   |         -|   0|  0|  12|          12|          12|
    |sub_ln717_200_fu_21009_p2   |         -|   0|  0|  13|          13|          13|
    |sub_ln717_201_fu_21112_p2   |         -|   0|  0|  13|          13|          13|
    |sub_ln717_fu_19927_p2       |         -|   0|  0|  13|          13|          13|
    |ap_enable_pp0               |       xor|   0|  0|   2|           1|           2|
    +----------------------------+----------+----+---+----+------------+------------+
    |Total                       |          |   0|  0|2690|        2380|        2589|
    +----------------------------+----------+----+---+----+------------+------------+

    * Multiplexer: 
    +-------------------------+----+-----------+-----+-----------+
    |           Name          | LUT| Input Size| Bits| Total Bits|
    +-------------------------+----+-----------+-----+-----------+
    |ap_NS_fsm                |  13|          3|    1|          3|
    |ap_enable_reg_pp0_iter0  |   9|          2|    1|          2|
    |grp_fu_471_p0            |  13|          3|    8|         24|
    |grp_fu_473_p0            |  13|          3|    8|         24|
    |grp_fu_474_p0            |  13|          3|    8|         24|
    |grp_fu_479_p0            |  13|          3|    8|         24|
    |grp_fu_479_p1            |  13|          3|    9|         27|
    |grp_fu_488_p0            |  13|          3|    8|         24|
    |grp_fu_488_p1            |  13|          3|    8|         24|
    |grp_fu_490_p0            |  13|          3|    8|         24|
    |grp_fu_494_p0            |  13|          3|    8|         24|
    |grp_fu_502_p0            |  13|          3|    8|         24|
    |grp_fu_502_p1            |  13|          3|    8|         24|
    |grp_fu_512_p0            |  13|          3|    8|         24|
    |grp_fu_512_p1            |  13|          3|    7|         21|
    |grp_fu_513_p0            |  13|          3|    8|         24|
    |grp_fu_513_p1            |  13|          3|    8|         24|
    |grp_fu_515_p0            |  13|          3|    8|         24|
    |grp_fu_515_p1            |  13|          3|    8|         24|
    |grp_fu_519_p0            |  13|          3|    8|         24|
    |grp_fu_521_p0            |  13|          3|    8|         24|
    |grp_fu_521_p1            |  13|          3|    8|         24|
    |grp_fu_524_p0            |  13|          3|    8|         24|
    |grp_fu_524_p1            |  13|          3|    7|         21|
    |grp_fu_526_p0            |  13|          3|    8|         24|
    |grp_fu_526_p1            |  13|          3|    8|         24|
    |grp_fu_528_p0            |  13|          3|    8|         24|
    |grp_fu_528_p1            |  13|          3|    7|         21|
    |grp_fu_532_p0            |  13|          3|    8|         24|
    |grp_fu_532_p1            |  13|          3|    8|         24|
    |grp_fu_533_p0            |  13|          3|    8|         24|
    |grp_fu_533_p1            |  13|          3|    8|         24|
    +-------------------------+----+-----------+-----+-----------+
    |Total                    | 412|         95|  240|        719|
    +-------------------------+----+-----------+-----+-----------+

    * Register: 
    +-----------------------------------------+----+----+-----+-----------+
    |                   Name                  | FF | LUT| Bits| Const Bits|
    +-----------------------------------------+----+----+-----+-----------+
    |add_ln712_1691_reg_24799                 |  14|   0|   14|          0|
    |add_ln712_1692_reg_24384                 |  14|   0|   14|          0|
    |add_ln712_1693_reg_24634                 |  15|   0|   15|          0|
    |add_ln712_1694_reg_24874                 |  16|   0|   16|          0|
    |add_ln712_1695_reg_24389                 |  14|   0|   14|          0|
    |add_ln712_1696_reg_24639                 |  15|   0|   15|          0|
    |add_ln712_1697_reg_24394                 |  14|   0|   14|          0|
    |add_ln712_1698_reg_24399                 |  14|   0|   14|          0|
    |add_ln712_1699_reg_24644                 |  15|   0|   15|          0|
    |add_ln712_1700_reg_24804                 |  16|   0|   16|          0|
    |add_ln712_1702_reg_24404                 |  14|   0|   14|          0|
    |add_ln712_1705_reg_24409                 |  13|   0|   13|          0|
    |add_ln712_1706_reg_24649                 |  15|   0|   15|          0|
    |add_ln712_1708_reg_24414                 |  11|   0|   11|          0|
    |add_ln712_1709_reg_24419                 |  12|   0|   12|          0|
    |add_ln712_1710_reg_24424                 |  13|   0|   13|          0|
    |add_ln712_1712_reg_24654                 |  14|   0|   14|          0|
    |add_ln712_1713_reg_24809                 |  16|   0|   16|          0|
    |add_ln712_1716_reg_24814                 |  14|   0|   14|          0|
    |add_ln712_1717_reg_24429                 |  14|   0|   14|          0|
    |add_ln712_1718_reg_24434                 |  14|   0|   14|          0|
    |add_ln712_1719_reg_24659                 |  15|   0|   15|          0|
    |add_ln712_1720_reg_24879                 |  16|   0|   16|          0|
    |add_ln712_1721_reg_24439                 |  13|   0|   13|          0|
    |add_ln712_1722_reg_24664                 |  14|   0|   14|          0|
    |add_ln712_1723_reg_24444                 |  14|   0|   14|          0|
    |add_ln712_1724_reg_24449                 |  14|   0|   14|          0|
    |add_ln712_1725_reg_24669                 |  15|   0|   15|          0|
    |add_ln712_1726_reg_24819                 |  16|   0|   16|          0|
    |add_ln712_1728_reg_24454                 |  14|   0|   14|          0|
    |add_ln712_1729_reg_24674                 |  15|   0|   15|          0|
    |add_ln712_1730_reg_24459                 |  12|   0|   12|          0|
    |add_ln712_1732_reg_24679                 |  13|   0|   13|          0|
    |add_ln712_1735_reg_24464                 |  14|   0|   14|          0|
    |add_ln712_1736_reg_24469                 |  12|   0|   12|          0|
    |add_ln712_1737_reg_24474                 |  11|   0|   11|          0|
    |add_ln712_1738_reg_24684                 |  14|   0|   14|          0|
    |add_ln712_1739_reg_24824                 |  15|   0|   15|          0|
    |add_ln712_1740_reg_24884                 |  16|   0|   16|          0|
    |add_ln712_1742_reg_24689                 |  14|   0|   14|          0|
    |add_ln712_1745_reg_24694                 |  13|   0|   13|          0|
    |add_ln712_1746_reg_24829                 |  15|   0|   15|          0|
    |add_ln712_1748_reg_24699                 |  14|   0|   14|          0|
    |add_ln712_1749_reg_24479                 |  14|   0|   14|          0|
    |add_ln712_1750_reg_24484                 |  12|   0|   12|          0|
    |add_ln712_1751_reg_24704                 |  15|   0|   15|          0|
    |add_ln712_1752_reg_24834                 |  16|   0|   16|          0|
    |add_ln712_1755_reg_24489                 |  11|   0|   11|          0|
    |add_ln712_1757_reg_24494                 |  12|   0|   12|          0|
    |add_ln712_1758_reg_24709                 |  13|   0|   13|          0|
    |add_ln712_1759_reg_24499                 |  12|   0|   12|          0|
    |add_ln712_1760_reg_24714                 |  13|   0|   13|          0|
    |add_ln712_1761_reg_24504                 |  13|   0|   13|          0|
    |add_ln712_1762_reg_24509                 |  13|   0|   13|          0|
    |add_ln712_1763_reg_24719                 |  14|   0|   14|          0|
    |add_ln712_1764_reg_24839                 |  15|   0|   15|          0|
    |add_ln712_1765_reg_24889                 |  16|   0|   16|          0|
    |add_ln712_1768_reg_24844                 |  13|   0|   13|          0|
    |add_ln712_1769_reg_24724                 |  14|   0|   14|          0|
    |add_ln712_1770_reg_24729                 |  14|   0|   14|          0|
    |add_ln712_1772_reg_24894                 |  15|   0|   15|          0|
    |add_ln712_1774_reg_24734                 |  14|   0|   14|          0|
    |add_ln712_1775_reg_24514                 |  14|   0|   14|          0|
    |add_ln712_1776_reg_24519                 |  13|   0|   13|          0|
    |add_ln712_1777_reg_24739                 |  15|   0|   15|          0|
    |add_ln712_1778_reg_24849                 |  16|   0|   16|          0|
    |add_ln712_1780_reg_24524                 |  12|   0|   12|          0|
    |add_ln712_1781_reg_24744                 |  14|   0|   14|          0|
    |add_ln712_1782_reg_24529                 |  14|   0|   14|          0|
    |add_ln712_1783_reg_24534                 |  14|   0|   14|          0|
    |add_ln712_1784_reg_24749                 |  15|   0|   15|          0|
    |add_ln712_1787_reg_24539                 |  12|   0|   12|          0|
    |add_ln712_1788_reg_24754                 |  13|   0|   13|          0|
    |add_ln712_1789_reg_24544                 |  11|   0|   11|          0|
    |add_ln712_1791_reg_24759                 |  12|   0|   12|          0|
    |add_ln712_1792_reg_24854                 |  14|   0|   14|          0|
    |add_ln712_1793_reg_24899                 |  16|   0|   16|          0|
    |add_ln712_1795_reg_24549                 |  14|   0|   14|          0|
    |add_ln712_1796_reg_24859                 |  15|   0|   15|          0|
    |add_ln712_1798_reg_24554                 |  13|   0|   13|          0|
    |add_ln712_1799_reg_24764                 |  14|   0|   14|          0|
    |add_ln712_1800_reg_24904                 |  16|   0|   16|          0|
    |add_ln712_1801_reg_24559                 |  14|   0|   14|          0|
    |add_ln712_1802_reg_24769                 |  15|   0|   15|          0|
    |add_ln712_1803_reg_24564                 |  14|   0|   14|          0|
    |add_ln712_1804_reg_23834                 |  14|   0|   14|          0|
    |add_ln712_1804_reg_23834_pp0_iter1_reg   |  14|   0|   14|          0|
    |add_ln712_1805_reg_24774                 |  15|   0|   15|          0|
    |add_ln712_1806_reg_24864                 |  16|   0|   16|          0|
    |add_ln712_1808_reg_24569                 |  12|   0|   12|          0|
    |add_ln712_1809_reg_24779                 |  14|   0|   14|          0|
    |add_ln712_1810_reg_24574                 |  13|   0|   13|          0|
    |add_ln712_1811_reg_24579                 |  13|   0|   13|          0|
    |add_ln712_1812_reg_24784                 |  14|   0|   14|          0|
    |add_ln712_1814_reg_24584                 |  13|   0|   13|          0|
    |add_ln712_1816_reg_24789                 |  14|   0|   14|          0|
    |add_ln712_1817_reg_24589                 |  12|   0|   12|          0|
    |add_ln712_1818_reg_24594                 |  12|   0|   12|          0|
    |add_ln712_1819_reg_24794                 |  13|   0|   13|          0|
    |add_ln712_1820_reg_24869                 |  15|   0|   15|          0|
    |add_ln712_1821_reg_24909                 |  16|   0|   16|          0|
    |ap_CS_fsm                                |   2|   0|    2|          0|
    |ap_enable_reg_pp0_iter0_reg              |   1|   0|    1|          0|
    |ap_enable_reg_pp0_iter1                  |   1|   0|    1|          0|
    |ap_enable_reg_pp0_iter2                  |   1|   0|    1|          0|
    |ap_enable_reg_pp0_iter3                  |   1|   0|    1|          0|
    |ap_port_reg_p_read21                     |   8|   0|    8|          0|
    |ap_port_reg_p_read3                      |   8|   0|    8|          0|
    |ap_port_reg_p_read6                      |   8|   0|    8|          0|
    |lshr_ln717_1494_cast_reg_23844           |  10|   0|   10|          0|
    |lshr_ln717_1499_cast_reg_23864           |  12|   0|   12|          0|
    |lshr_ln717_1503_cast_reg_23884           |  12|   0|   12|          0|
    |lshr_ln717_1506_cast_reg_24299           |  13|   0|   13|          0|
    |lshr_ln717_1520_cast_reg_23944           |  12|   0|   12|          0|
    |lshr_ln717_1524_cast_reg_23954           |  12|   0|   12|          0|
    |lshr_ln717_1529_cast_reg_23974           |  12|   0|   12|          0|
    |lshr_ln717_1539_cast_reg_24009           |  12|   0|   12|          0|
    |lshr_ln717_1559_cast_reg_24069           |  12|   0|   12|          0|
    |lshr_ln717_1587_cast_reg_24174           |  13|   0|   13|          0|
    |lshr_ln717_1592_cast_reg_24184           |  12|   0|   12|          0|
    |lshr_ln717_1611_cast_reg_24254           |  12|   0|   12|          0|
    |lshr_ln717_1617_cast_reg_24274           |  12|   0|   12|          0|
    |lshr_ln717_1_reg_23879                   |  10|   0|   10|          0|
    |lshr_ln717_2_reg_23924                   |  11|   0|   11|          0|
    |lshr_ln717_3_reg_23939                   |  11|   0|   11|          0|
    |lshr_ln717_4_reg_24059                   |  11|   0|   11|          0|
    |lshr_ln717_5_reg_24074                   |  11|   0|   11|          0|
    |lshr_ln717_6_reg_23593                   |   6|   0|    6|          0|
    |lshr_ln717_6_reg_23593_pp0_iter1_reg     |   6|   0|    6|          0|
    |lshr_ln717_7_reg_24109                   |  10|   0|   10|          0|
    |lshr_ln717_8_reg_24189                   |  11|   0|   11|          0|
    |lshr_ln717_9_reg_24234                   |   8|   0|    8|          0|
    |lshr_ln717_s_reg_23854                   |   9|   0|    9|          0|
    |p_read1056_reg_23366                     |   8|   0|    8|          0|
    |p_read1157_reg_23359                     |   8|   0|    8|          0|
    |p_read1157_reg_23359_pp0_iter1_reg       |   8|   0|    8|          0|
    |p_read147_reg_23413                      |   8|   0|    8|          0|
    |p_read2066_reg_23303                     |   8|   0|    8|          0|
    |p_read2167_reg_23729                     |   8|   0|    8|          0|
    |p_read248_reg_23406                      |   8|   0|    8|          0|
    |p_read349_reg_23745                      |   8|   0|    8|          0|
    |p_read450_reg_23400                      |   8|   0|    8|          0|
    |p_read46_reg_23418                       |   8|   0|    8|          0|
    |p_read46_reg_23418_pp0_iter1_reg         |   8|   0|    8|          0|
    |p_read551_reg_23393                      |   8|   0|    8|          0|
    |p_read652_reg_23736                      |   8|   0|    8|          0|
    |p_read753_reg_23388                      |   8|   0|    8|          0|
    |p_read854_reg_23380                      |   8|   0|    8|          0|
    |p_read955_reg_23374                      |   8|   0|    8|          0|
    |p_read_185_reg_23271                     |   8|   0|    8|          0|
    |p_read_188_reg_23279                     |   8|   0|    8|          0|
    |p_read_188_reg_23279_pp0_iter1_reg       |   8|   0|    8|          0|
    |p_read_189_reg_23284                     |   8|   0|    8|          0|
    |p_read_191_reg_23294                     |   8|   0|    8|          0|
    |p_read_193_reg_23308                     |   8|   0|    8|          0|
    |p_read_194_reg_23315                     |   8|   0|    8|          0|
    |p_read_195_reg_23321                     |   8|   0|    8|          0|
    |p_read_196_reg_23326                     |   8|   0|    8|          0|
    |p_read_196_reg_23326_pp0_iter1_reg       |   8|   0|    8|          0|
    |p_read_197_reg_23332                     |   8|   0|    8|          0|
    |p_read_198_reg_23337                     |   8|   0|    8|          0|
    |p_read_198_reg_23337_pp0_iter1_reg       |   8|   0|    8|          0|
    |p_read_199_reg_23345                     |   8|   0|    8|          0|
    |p_read_200_reg_23352                     |   8|   0|    8|          0|
    |r_V_13_reg_23539                         |   8|   0|   16|          8|
    |r_V_9_reg_23506                          |   8|   0|   16|          8|
    |reg_19284                                |  13|   0|   13|          0|
    |reg_19288                                |  13|   0|   13|          0|
    |reg_19292                                |  12|   0|   12|          0|
    |reg_19296                                |  13|   0|   13|          0|
    |reg_19300                                |  11|   0|   11|          0|
    |reg_19304                                |  13|   0|   13|          0|
    |reg_19308                                |  13|   0|   13|          0|
    |reg_19312                                |  13|   0|   13|          0|
    |reg_19316                                |  13|   0|   13|          0|
    |sub_ln1171_458_reg_24294                 |   9|   0|   13|          4|
    |sub_ln1171_460_reg_23753                 |   9|   0|   15|          6|
    |sub_ln1171_468_reg_24024                 |   9|   0|   15|          6|
    |sub_ln1171_473_reg_24064                 |   9|   0|   12|          3|
    |sub_ln1171_478_reg_23799                 |   9|   0|   15|          6|
    |sub_ln1171_487_reg_23819                 |   9|   0|   14|          5|
    |sub_ln1171_490_reg_23829                 |   9|   0|   13|          4|
    |trunc_ln1171_10_reg_23999                |   9|   0|    9|          0|
    |trunc_ln1171_11_reg_24014                |  12|   0|   12|          0|
    |trunc_ln1171_12_reg_24019                |  11|   0|   11|          0|
    |trunc_ln1171_13_reg_24034                |  11|   0|   12|          1|
    |trunc_ln1171_14_reg_24039                |  10|   0|   10|          0|
    |trunc_ln1171_16_reg_24054                |  10|   0|   10|          0|
    |trunc_ln1171_17_reg_24089                |  11|   0|   11|          0|
    |trunc_ln1171_18_reg_24094                |  12|   0|   12|          0|
    |trunc_ln1171_19_reg_24104                |  11|   0|   11|          0|
    |trunc_ln1171_1_reg_23859                 |  11|   0|   11|          0|
    |trunc_ln1171_20_reg_24119                |  11|   0|   11|          0|
    |trunc_ln1171_21_reg_24139                |  12|   0|   12|          0|
    |trunc_ln1171_22_reg_24144                |  12|   0|   12|          0|
    |trunc_ln1171_23_reg_24154                |  10|   0|   10|          0|
    |trunc_ln1171_25_reg_24194                |  10|   0|   10|          0|
    |trunc_ln1171_26_reg_24204                |  12|   0|   12|          0|
    |trunc_ln1171_27_reg_24209                |  10|   0|   10|          0|
    |trunc_ln1171_28_reg_23667                |  12|   0|   12|          0|
    |trunc_ln1171_28_reg_23667_pp0_iter1_reg  |  12|   0|   12|          0|
    |trunc_ln1171_29_reg_24214                |  10|   0|   10|          0|
    |trunc_ln1171_2_reg_23874                 |  11|   0|   11|          0|
    |trunc_ln1171_30_reg_24219                |  11|   0|   11|          0|
    |trunc_ln1171_31_reg_24244                |  10|   0|   10|          0|
    |trunc_ln1171_32_reg_24249                |  11|   0|   11|          0|
    |trunc_ln1171_33_reg_24259                |  11|   0|   11|          0|
    |trunc_ln1171_34_reg_24264                |  11|   0|   11|          0|
    |trunc_ln1171_35_reg_24284                |  12|   0|   12|          0|
    |trunc_ln1171_3_reg_23469                 |  13|   0|   13|          0|
    |trunc_ln1171_3_reg_23469_pp0_iter1_reg   |  13|   0|   13|          0|
    |trunc_ln1171_4_reg_23914                 |  12|   0|   12|          0|
    |trunc_ln1171_5_reg_23919                 |  10|   0|   10|          0|
    |trunc_ln1171_6_reg_23949                 |  12|   0|   12|          0|
    |trunc_ln1171_7_reg_23964                 |   9|   0|    9|          0|
    |trunc_ln1171_8_reg_23969                 |  12|   0|   12|          0|
    |trunc_ln1171_9_reg_23979                 |  13|   0|   13|          0|
    |trunc_ln1171_s_reg_23984                 |  12|   0|   12|          0|
    |trunc_ln717_798_reg_24609                |   8|   0|    8|          0|
    |trunc_ln717_799_reg_24614                |  12|   0|   12|          0|
    |trunc_ln717_800_reg_24619                |  13|   0|   13|          0|
    |trunc_ln717_802_reg_23889                |  12|   0|   13|          1|
    |trunc_ln717_803_reg_23894                |  10|   0|   10|          0|
    |trunc_ln717_803_reg_23894_pp0_iter2_reg  |  10|   0|   10|          0|
    |trunc_ln717_804_reg_23909                |  13|   0|   13|          0|
    |trunc_ln717_805_reg_24624                |  11|   0|   11|          0|
    |trunc_ln717_806_reg_24629                |  12|   0|   12|          0|
    |trunc_ln717_807_reg_24304                |  12|   0|   12|          0|
    |trunc_ln717_808_reg_23929                |   9|   0|   13|          4|
    |trunc_ln717_809_reg_23934                |   9|   0|    9|          0|
    |trunc_ln717_811_reg_24309                |  12|   0|   12|          0|
    |trunc_ln717_813_reg_24314                |  11|   0|   11|          0|
    |trunc_ln717_814_reg_23959                |  11|   0|   11|          0|
    |trunc_ln717_815_reg_24319                |  13|   0|   13|          0|
    |trunc_ln717_818_reg_23989                |  13|   0|   13|          0|
    |trunc_ln717_819_reg_23994                |  12|   0|   12|          0|
    |trunc_ln717_820_reg_24004                |   7|   0|    7|          0|
    |trunc_ln717_822_reg_24324                |  13|   0|   13|          0|
    |trunc_ln717_823_reg_24029                |  13|   0|   13|          0|
    |trunc_ln717_824_reg_24329                |   6|   0|    6|          0|
    |trunc_ln717_825_reg_24044                |  12|   0|   12|          0|
    |trunc_ln717_828_reg_24049                |   9|   0|    9|          0|
    |trunc_ln717_829_reg_24334                |  11|   0|   11|          0|
    |trunc_ln717_831_reg_24339                |   6|   0|    6|          0|
    |trunc_ln717_832_reg_24344                |  10|   0|   10|          0|
    |trunc_ln717_833_reg_24349                |   9|   0|   13|          4|
    |trunc_ln717_834_reg_24354                |  12|   0|   12|          0|
    |trunc_ln717_835_reg_24079                |  11|   0|   11|          0|
    |trunc_ln717_836_reg_24084                |  12|   0|   12|          0|
    |trunc_ln717_837_reg_24359                |  13|   0|   13|          0|
    |trunc_ln717_838_reg_24099                |  11|   0|   11|          0|
    |trunc_ln717_839_reg_24364                |  13|   0|   13|          0|
    |trunc_ln717_840_reg_24114                |  12|   0|   12|          0|
    |trunc_ln717_842_reg_24124                |  12|   0|   12|          0|
    |trunc_ln717_843_reg_24129                |  12|   0|   12|          0|
    |trunc_ln717_844_reg_24134                |  13|   0|   13|          0|
    |trunc_ln717_845_reg_24149                |   9|   0|   13|          4|
    |trunc_ln717_846_reg_24369                |  11|   0|   11|          0|
    |trunc_ln717_847_reg_24159                |  13|   0|   13|          0|
    |trunc_ln717_848_reg_24164                |   7|   0|    7|          0|
    |trunc_ln717_850_reg_24169                |   9|   0|   13|          4|
    |trunc_ln717_851_reg_24179                |  13|   0|   13|          0|
    |trunc_ln717_852_reg_24374                |  11|   0|   11|          0|
    |trunc_ln717_855_reg_24199                |  12|   0|   12|          0|
    |trunc_ln717_857_reg_23672                |   9|   0|   13|          4|
    |trunc_ln717_858_reg_24224                |  12|   0|   12|          0|
    |trunc_ln717_859_reg_24229                |  12|   0|   12|          0|
    |trunc_ln717_860_reg_24379                |   9|   0|   13|          4|
    |trunc_ln717_861_reg_24239                |  13|   0|   13|          0|
    |trunc_ln717_863_reg_23713                |  12|   0|   12|          0|
    |trunc_ln717_864_reg_24269                |  12|   0|   12|          0|
    |trunc_ln717_865_reg_24279                |  11|   0|   11|          0|
    |trunc_ln717_867_reg_24289                |   7|   0|    7|          0|
    |trunc_ln717_s_reg_24604                  |  11|   0|   11|          0|
    |trunc_ln9_reg_23839                      |  12|   0|   12|          0|
    |trunc_ln_reg_24599                       |   9|   0|    9|          0|
    |zext_ln1171_723_reg_23443                |   8|   0|   15|          7|
    |zext_ln1171_739_reg_23479                |   8|   0|   15|          7|
    |zext_ln1171_816_reg_23641                |   8|   0|   14|          6|
    +-----------------------------------------+----+----+-----+-----------+
    |Total                                    |3196|   0| 3292|         96|
    +-----------------------------------------+----+----+-----+-----------+



================================================================
== Interface
================================================================
* Summary: 
+-------------+-----+-----+------------+-----------------------------------------------------------------------------+--------------+
|  RTL Ports  | Dir | Bits|  Protocol  |                                Source Object                                |    C Type    |
+-------------+-----+-----+------------+-----------------------------------------------------------------------------+--------------+
|ap_clk       |   in|    1|  ap_ctrl_hs|  dense_latency<ap_ufixed<8, 0, 4, 0, 0>, ap_fixed<16, 4, 5, 3, 0>, config11>|  return value|
|ap_rst       |   in|    1|  ap_ctrl_hs|  dense_latency<ap_ufixed<8, 0, 4, 0, 0>, ap_fixed<16, 4, 5, 3, 0>, config11>|  return value|
|ap_start     |   in|    1|  ap_ctrl_hs|  dense_latency<ap_ufixed<8, 0, 4, 0, 0>, ap_fixed<16, 4, 5, 3, 0>, config11>|  return value|
|ap_done      |  out|    1|  ap_ctrl_hs|  dense_latency<ap_ufixed<8, 0, 4, 0, 0>, ap_fixed<16, 4, 5, 3, 0>, config11>|  return value|
|ap_idle      |  out|    1|  ap_ctrl_hs|  dense_latency<ap_ufixed<8, 0, 4, 0, 0>, ap_fixed<16, 4, 5, 3, 0>, config11>|  return value|
|ap_ready     |  out|    1|  ap_ctrl_hs|  dense_latency<ap_ufixed<8, 0, 4, 0, 0>, ap_fixed<16, 4, 5, 3, 0>, config11>|  return value|
|ap_return_0  |  out|   16|  ap_ctrl_hs|  dense_latency<ap_ufixed<8, 0, 4, 0, 0>, ap_fixed<16, 4, 5, 3, 0>, config11>|  return value|
|ap_return_1  |  out|   16|  ap_ctrl_hs|  dense_latency<ap_ufixed<8, 0, 4, 0, 0>, ap_fixed<16, 4, 5, 3, 0>, config11>|  return value|
|ap_return_2  |  out|   16|  ap_ctrl_hs|  dense_latency<ap_ufixed<8, 0, 4, 0, 0>, ap_fixed<16, 4, 5, 3, 0>, config11>|  return value|
|ap_return_3  |  out|   16|  ap_ctrl_hs|  dense_latency<ap_ufixed<8, 0, 4, 0, 0>, ap_fixed<16, 4, 5, 3, 0>, config11>|  return value|
|ap_return_4  |  out|   16|  ap_ctrl_hs|  dense_latency<ap_ufixed<8, 0, 4, 0, 0>, ap_fixed<16, 4, 5, 3, 0>, config11>|  return value|
|p_read       |   in|    8|     ap_none|                                                                       p_read|        scalar|
|p_read1      |   in|    8|     ap_none|                                                                      p_read1|        scalar|
|p_read2      |   in|    8|     ap_none|                                                                      p_read2|        scalar|
|p_read3      |   in|    8|     ap_none|                                                                      p_read3|        scalar|
|p_read4      |   in|    8|     ap_none|                                                                      p_read4|        scalar|
|p_read5      |   in|    8|     ap_none|                                                                      p_read5|        scalar|
|p_read6      |   in|    8|     ap_none|                                                                      p_read6|        scalar|
|p_read7      |   in|    8|     ap_none|                                                                      p_read7|        scalar|
|p_read8      |   in|    8|     ap_none|                                                                      p_read8|        scalar|
|p_read9      |   in|    8|     ap_none|                                                                      p_read9|        scalar|
|p_read10     |   in|    8|     ap_none|                                                                     p_read10|        scalar|
|p_read11     |   in|    8|     ap_none|                                                                     p_read11|        scalar|
|p_read12     |   in|    8|     ap_none|                                                                     p_read12|        scalar|
|p_read13     |   in|    8|     ap_none|                                                                     p_read13|        scalar|
|p_read14     |   in|    8|     ap_none|                                                                     p_read14|        scalar|
|p_read15     |   in|    8|     ap_none|                                                                     p_read15|        scalar|
|p_read16     |   in|    8|     ap_none|                                                                     p_read16|        scalar|
|p_read17     |   in|    8|     ap_none|                                                                     p_read17|        scalar|
|p_read18     |   in|    8|     ap_none|                                                                     p_read18|        scalar|
|p_read19     |   in|    8|     ap_none|                                                                     p_read19|        scalar|
|p_read20     |   in|    8|     ap_none|                                                                     p_read20|        scalar|
|p_read21     |   in|    8|     ap_none|                                                                     p_read21|        scalar|
|p_read22     |   in|    8|     ap_none|                                                                     p_read22|        scalar|
|p_read23     |   in|    8|     ap_none|                                                                     p_read23|        scalar|
|p_read24     |   in|    8|     ap_none|                                                                     p_read24|        scalar|
|p_read25     |   in|    8|     ap_none|                                                                     p_read25|        scalar|
|p_read26     |   in|    8|     ap_none|                                                                     p_read26|        scalar|
|p_read27     |   in|    8|     ap_none|                                                                     p_read27|        scalar|
|p_read28     |   in|    8|     ap_none|                                                                     p_read28|        scalar|
|p_read29     |   in|    8|     ap_none|                                                                     p_read29|        scalar|
+-------------+-----+-----+------------+-----------------------------------------------------------------------------+--------------+

