

================================================================
== Vitis HLS Report for 'dense_latency_ap_ufixed_8_1_4_0_0_ap_fixed_16_4_5_3_0_config5_s'
================================================================
* Date:           Sat Jul 22 15:50:46 2023

* Version:        2021.1 (Build 3247384 on Thu Jun 10 19:36:07 MDT 2021)
* Project:        myproject_prj
* Solution:       solution1 (Vivado IP Flow Target)
* Product family: zynq
* Target device:  xc7z007s-clg225-2


================================================================
== Performance Estimates
================================================================
+ Timing: 
    * Summary: 
    +--------+---------+----------+------------+
    |  Clock |  Target | Estimated| Uncertainty|
    +--------+---------+----------+------------+
    |ap_clk  |  3.33 ns|  5.282 ns|     0.62 ns|
    +--------+---------+----------+------------+

+ Latency: 
    * Summary: 
    +---------+---------+-----------+-----------+-----+-----+---------+
    |  Latency (cycles) |   Latency (absolute)  |  Interval | Pipeline|
    |   min   |   max   |    min    |    max    | min | max |   Type  |
    +---------+---------+-----------+-----------+-----+-----+---------+
    |        4|        4|  21.128 ns|  21.128 ns|    1|    1|      yes|
    +---------+---------+-----------+-----------+-----+-----+---------+

    + Detail: 
        * Instance: 
        N/A

        * Loop: 
        N/A



================================================================
== Utilization Estimates
================================================================
* Summary: 
+-----------------+---------+----+-------+-------+-----+
|       Name      | BRAM_18K| DSP|   FF  |  LUT  | URAM|
+-----------------+---------+----+-------+-------+-----+
|DSP              |        -|   -|      -|      -|    -|
|Expression       |        -|   -|      0|   1711|    -|
|FIFO             |        -|   -|      -|      -|    -|
|Instance         |        -|   0|      0|   2604|    -|
|Memory           |        -|   -|      -|      -|    -|
|Multiplexer      |        -|   -|      -|    208|    -|
|Register         |        -|   -|   2293|    160|    -|
+-----------------+---------+----+-------+-------+-----+
|Total            |        0|   0|   2293|   4683|    0|
+-----------------+---------+----+-------+-------+-----+
|Available        |      100|  66|  28800|  14400|    0|
+-----------------+---------+----+-------+-------+-----+
|Utilization (%)  |        0|   0|      7|     32|    0|
+-----------------+---------+----+-------+-------+-----+

+ Detail: 
    * Instance: 
    +-------------------------+--------------------+---------+----+---+----+-----+
    |         Instance        |       Module       | BRAM_18K| DSP| FF| LUT| URAM|
    +-------------------------+--------------------+---------+----+---+----+-----+
    |mul_8ns_6ns_13_1_0_U144  |mul_8ns_6ns_13_1_0  |        0|   0|  0|  62|    0|
    |mul_8ns_6ns_13_1_0_U157  |mul_8ns_6ns_13_1_0  |        0|   0|  0|  62|    0|
    |mul_8ns_6ns_13_1_0_U168  |mul_8ns_6ns_13_1_0  |        0|   0|  0|  62|    0|
    |mul_8ns_6s_14_1_0_U143   |mul_8ns_6s_14_1_0   |        0|   0|  0|  62|    0|
    |mul_8ns_6s_14_1_0_U147   |mul_8ns_6s_14_1_0   |        0|   0|  0|  62|    0|
    |mul_8ns_6s_14_1_0_U149   |mul_8ns_6s_14_1_0   |        0|   0|  0|  62|    0|
    |mul_8ns_6s_14_1_0_U153   |mul_8ns_6s_14_1_0   |        0|   0|  0|  62|    0|
    |mul_8ns_6s_14_1_0_U166   |mul_8ns_6s_14_1_0   |        0|   0|  0|  62|    0|
    |mul_8ns_7ns_14_1_0_U141  |mul_8ns_7ns_14_1_0  |        0|   0|  0|  62|    0|
    |mul_8ns_7ns_14_1_0_U150  |mul_8ns_7ns_14_1_0  |        0|   0|  0|  62|    0|
    |mul_8ns_7ns_14_1_0_U156  |mul_8ns_7ns_14_1_0  |        0|   0|  0|  62|    0|
    |mul_8ns_7ns_14_1_0_U160  |mul_8ns_7ns_14_1_0  |        0|   0|  0|  62|    0|
    |mul_8ns_7ns_14_1_0_U165  |mul_8ns_7ns_14_1_0  |        0|   0|  0|  62|    0|
    |mul_8ns_7s_15_1_0_U135   |mul_8ns_7s_15_1_0   |        0|   0|  0|  62|    0|
    |mul_8ns_7s_15_1_0_U136   |mul_8ns_7s_15_1_0   |        0|   0|  0|  62|    0|
    |mul_8ns_7s_15_1_0_U139   |mul_8ns_7s_15_1_0   |        0|   0|  0|  62|    0|
    |mul_8ns_7s_15_1_0_U142   |mul_8ns_7s_15_1_0   |        0|   0|  0|  62|    0|
    |mul_8ns_7s_15_1_0_U145   |mul_8ns_7s_15_1_0   |        0|   0|  0|  62|    0|
    |mul_8ns_7s_15_1_0_U148   |mul_8ns_7s_15_1_0   |        0|   0|  0|  62|    0|
    |mul_8ns_7s_15_1_0_U155   |mul_8ns_7s_15_1_0   |        0|   0|  0|  62|    0|
    |mul_8ns_7s_15_1_0_U161   |mul_8ns_7s_15_1_0   |        0|   0|  0|  62|    0|
    |mul_8ns_7s_15_1_0_U162   |mul_8ns_7s_15_1_0   |        0|   0|  0|  62|    0|
    |mul_8ns_7s_15_1_0_U164   |mul_8ns_7s_15_1_0   |        0|   0|  0|  62|    0|
    |mul_8ns_7s_15_1_0_U175   |mul_8ns_7s_15_1_0   |        0|   0|  0|  62|    0|
    |mul_8ns_8ns_15_1_0_U172  |mul_8ns_8ns_15_1_0  |        0|   0|  0|  62|    0|
    |mul_8ns_8s_16_1_0_U134   |mul_8ns_8s_16_1_0   |        0|   0|  0|  62|    0|
    |mul_8ns_8s_16_1_0_U137   |mul_8ns_8s_16_1_0   |        0|   0|  0|  62|    0|
    |mul_8ns_8s_16_1_0_U138   |mul_8ns_8s_16_1_0   |        0|   0|  0|  62|    0|
    |mul_8ns_8s_16_1_0_U140   |mul_8ns_8s_16_1_0   |        0|   0|  0|  62|    0|
    |mul_8ns_8s_16_1_0_U146   |mul_8ns_8s_16_1_0   |        0|   0|  0|  62|    0|
    |mul_8ns_8s_16_1_0_U151   |mul_8ns_8s_16_1_0   |        0|   0|  0|  62|    0|
    |mul_8ns_8s_16_1_0_U152   |mul_8ns_8s_16_1_0   |        0|   0|  0|  62|    0|
    |mul_8ns_8s_16_1_0_U154   |mul_8ns_8s_16_1_0   |        0|   0|  0|  62|    0|
    |mul_8ns_8s_16_1_0_U158   |mul_8ns_8s_16_1_0   |        0|   0|  0|  62|    0|
    |mul_8ns_8s_16_1_0_U159   |mul_8ns_8s_16_1_0   |        0|   0|  0|  62|    0|
    |mul_8ns_8s_16_1_0_U163   |mul_8ns_8s_16_1_0   |        0|   0|  0|  62|    0|
    |mul_8ns_8s_16_1_0_U167   |mul_8ns_8s_16_1_0   |        0|   0|  0|  62|    0|
    |mul_8ns_8s_16_1_0_U169   |mul_8ns_8s_16_1_0   |        0|   0|  0|  62|    0|
    |mul_8ns_8s_16_1_0_U170   |mul_8ns_8s_16_1_0   |        0|   0|  0|  62|    0|
    |mul_8ns_8s_16_1_0_U171   |mul_8ns_8s_16_1_0   |        0|   0|  0|  62|    0|
    |mul_8ns_8s_16_1_0_U173   |mul_8ns_8s_16_1_0   |        0|   0|  0|  62|    0|
    |mul_8ns_8s_16_1_0_U174   |mul_8ns_8s_16_1_0   |        0|   0|  0|  62|    0|
    +-------------------------+--------------------+---------+----+---+----+-----+
    |Total                    |                    |        0|   0|  0|2604|    0|
    +-------------------------+--------------------+---------+----+---+----+-----+

    * DSP: 
    N/A

    * Memory: 
    N/A

    * FIFO: 
    N/A

    * Expression: 
    +---------------------------+----------+----+---+----+------------+------------+
    |       Variable Name       | Operation| DSP| FF| LUT| Bitwidth P0| Bitwidth P1|
    +---------------------------+----------+----+---+----+------------+------------+
    |add_ln1171_fu_14309_p2     |         +|   0|  0|  14|          14|          14|
    |add_ln712_fu_15776_p2      |         +|   0|  0|  12|          12|          12|
    |add_ln717_1_fu_14748_p2    |         +|   0|  0|  11|          11|          11|
    |add_ln717_fu_14633_p2      |         +|   0|  0|  13|          13|          13|
    |add_ln740_10_fu_16426_p2   |         +|   0|  0|  14|          14|          14|
    |add_ln740_11_fu_16444_p2   |         +|   0|  0|  14|          14|          14|
    |add_ln740_12_fu_16469_p2   |         +|   0|  0|  14|          14|          14|
    |add_ln740_13_fu_16489_p2   |         +|   0|  0|  14|          14|          14|
    |add_ln740_14_fu_16508_p2   |         +|   0|  0|  14|          14|          14|
    |add_ln740_15_fu_15885_p2   |         +|   0|  0|  13|          13|          13|
    |add_ln740_16_fu_16220_p2   |         +|   0|  0|  14|          14|          14|
    |add_ln740_17_fu_15443_p2   |         +|   0|  0|  12|          12|          12|
    |add_ln740_18_fu_15449_p2   |         +|   0|  0|  11|          11|          11|
    |add_ln740_19_fu_15897_p2   |         +|   0|  0|  13|          13|          13|
    |add_ln740_1_fu_16251_p2    |         +|   0|  0|  14|          14|          14|
    |add_ln740_20_fu_15903_p2   |         +|   0|  0|  14|          14|          14|
    |add_ln740_21_fu_16243_p2   |         +|   0|  0|  14|          14|          14|
    |add_ln740_22_fu_15909_p2   |         +|   0|  0|  14|          13|          13|
    |add_ln740_23_fu_15454_p2   |         +|   0|  0|  11|          11|           9|
    |add_ln740_24_fu_15918_p2   |         +|   0|  0|  14|          13|          13|
    |add_ln740_25_fu_15924_p2   |         +|   0|  0|  14|          14|          14|
    |add_ln740_26_fu_16265_p2   |         +|   0|  0|  14|          14|          14|
    |add_ln740_27_fu_15930_p2   |         +|   0|  0|  14|          14|          14|
    |add_ln740_28_fu_15460_p2   |         +|   0|  0|  11|          11|           8|
    |add_ln740_29_fu_15939_p2   |         +|   0|  0|  14|          14|          14|
    |add_ln740_2_fu_16270_p2    |         +|   0|  0|  14|          14|          14|
    |add_ln740_30_fu_15945_p2   |         +|   0|  0|  14|          14|          14|
    |add_ln740_31_fu_16283_p2   |         +|   0|  0|  14|          14|          14|
    |add_ln740_32_fu_15951_p2   |         +|   0|  0|  14|          14|          14|
    |add_ln740_33_fu_15466_p2   |         +|   0|  0|  12|          12|           8|
    |add_ln740_34_fu_15960_p2   |         +|   0|  0|  14|          14|          14|
    |add_ln740_35_fu_15966_p2   |         +|   0|  0|  14|          14|          14|
    |add_ln740_36_fu_16301_p2   |         +|   0|  0|  14|          14|          14|
    |add_ln740_37_fu_15972_p2   |         +|   0|  0|  14|          12|          12|
    |add_ln740_38_fu_15472_p2   |         +|   0|  0|  11|          11|          10|
    |add_ln740_39_fu_15981_p2   |         +|   0|  0|  14|          12|          12|
    |add_ln740_3_fu_16288_p2    |         +|   0|  0|  14|          14|          14|
    |add_ln740_40_fu_15987_p2   |         +|   0|  0|  14|          14|          14|
    |add_ln740_41_fu_16323_p2   |         +|   0|  0|  14|          14|          14|
    |add_ln740_42_fu_15478_p2   |         +|   0|  0|  11|          11|          11|
    |add_ln740_43_fu_15484_p2   |         +|   0|  0|  11|          11|          11|
    |add_ln740_44_fu_15999_p2   |         +|   0|  0|  13|          13|          13|
    |add_ln740_45_fu_16005_p2   |         +|   0|  0|  13|          13|          13|
    |add_ln740_46_fu_16348_p2   |         +|   0|  0|  14|          14|          14|
    |add_ln740_47_fu_15490_p2   |         +|   0|  0|  13|          13|          13|
    |add_ln740_48_fu_15496_p2   |         +|   0|  0|  13|          13|          11|
    |add_ln740_49_fu_16017_p2   |         +|   0|  0|  14|          14|          14|
    |add_ln740_4_fu_16309_p2    |         +|   0|  0|  14|          14|          14|
    |add_ln740_50_fu_16023_p2   |         +|   0|  0|  14|          14|          14|
    |add_ln740_51_fu_16367_p2   |         +|   0|  0|  14|          14|          14|
    |add_ln740_52_fu_16029_p2   |         +|   0|  0|  14|          14|          14|
    |add_ln740_53_fu_15502_p2   |         +|   0|  0|  11|          11|          11|
    |add_ln740_54_fu_16038_p2   |         +|   0|  0|  14|          14|          14|
    |add_ln740_55_fu_16385_p2   |         +|   0|  0|  14|          14|          14|
    |add_ln740_56_fu_15508_p2   |         +|   0|  0|  13|          13|          13|
    |add_ln740_57_fu_15514_p2   |         +|   0|  0|  12|          12|          10|
    |add_ln740_58_fu_16050_p2   |         +|   0|  0|  14|          14|          14|
    |add_ln740_59_fu_16056_p2   |         +|   0|  0|  14|          14|          14|
    |add_ln740_5_fu_16331_p2    |         +|   0|  0|  14|          14|          14|
    |add_ln740_60_fu_16403_p2   |         +|   0|  0|  14|          14|          14|
    |add_ln740_61_fu_16062_p2   |         +|   0|  0|  14|          14|          14|
    |add_ln740_62_fu_15519_p2   |         +|   0|  0|  11|          11|           8|
    |add_ln740_63_fu_16071_p2   |         +|   0|  0|  14|          14|          14|
    |add_ln740_64_fu_16077_p2   |         +|   0|  0|  14|          14|          14|
    |add_ln740_65_fu_16421_p2   |         +|   0|  0|  14|          14|          14|
    |add_ln740_66_fu_16083_p2   |         +|   0|  0|  14|          14|          12|
    |add_ln740_67_fu_16089_p2   |         +|   0|  0|  14|          14|          14|
    |add_ln740_68_fu_16095_p2   |         +|   0|  0|  14|          14|          14|
    |add_ln740_69_fu_16439_p2   |         +|   0|  0|  14|          14|          14|
    |add_ln740_6_fu_16354_p2    |         +|   0|  0|  14|          14|          14|
    |add_ln740_70_fu_16101_p2   |         +|   0|  0|  14|          14|          14|
    |add_ln740_71_fu_16118_p2   |         +|   0|  0|  14|          14|          14|
    |add_ln740_72_fu_16124_p2   |         +|   0|  0|  13|          13|          13|
    |add_ln740_73_fu_16460_p2   |         +|   0|  0|  14|          14|          14|
    |add_ln740_74_fu_16130_p2   |         +|   0|  0|  14|          13|          13|
    |add_ln740_75_fu_15524_p2   |         +|   0|  0|  10|          10|          10|
    |add_ln740_76_fu_16139_p2   |         +|   0|  0|  14|          13|          13|
    |add_ln740_77_fu_16483_p2   |         +|   0|  0|  14|          14|          14|
    |add_ln740_78_fu_16145_p2   |         +|   0|  0|  14|          14|          14|
    |add_ln740_79_fu_16151_p2   |         +|   0|  0|  14|          14|          14|
    |add_ln740_7_fu_16372_p2    |         +|   0|  0|  14|          14|          14|
    |add_ln740_80_fu_16502_p2   |         +|   0|  0|  14|          14|          14|
    |add_ln740_81_fu_16157_p2   |         +|   0|  0|  14|          14|          14|
    |add_ln740_82_fu_16163_p2   |         +|   0|  0|  14|          14|          14|
    |add_ln740_8_fu_16390_p2    |         +|   0|  0|  14|          14|          14|
    |add_ln740_9_fu_16408_p2    |         +|   0|  0|  14|          14|          14|
    |add_ln740_fu_16229_p2      |         +|   0|  0|  14|          14|          14|
    |sub_ln1171_10_fu_14828_p2  |         -|   0|  0|  16|          16|          16|
    |sub_ln1171_11_fu_14854_p2  |         -|   0|  0|  14|           1|          14|
    |sub_ln1171_12_fu_14189_p2  |         -|   0|  0|  14|           1|          14|
    |sub_ln1171_13_fu_14883_p2  |         -|   0|  0|  15|          15|          15|
    |sub_ln1171_14_fu_14910_p2  |         -|   0|  0|  16|           1|          16|
    |sub_ln1171_15_fu_14968_p2  |         -|   0|  0|  15|          15|          15|
    |sub_ln1171_16_fu_14093_p2  |         -|   0|  0|  14|           1|          14|
    |sub_ln1171_17_fu_14279_p2  |         -|   0|  0|  15|          15|          15|
    |sub_ln1171_18_fu_14335_p2  |         -|   0|  0|  15|           1|          15|
    |sub_ln1171_19_fu_15106_p2  |         -|   0|  0|  16|          16|          16|
    |sub_ln1171_1_fu_14669_p2   |         -|   0|  0|  15|           1|          15|
    |sub_ln1171_20_fu_15236_p2  |         -|   0|  0|  16|           1|          16|
    |sub_ln1171_21_fu_14374_p2  |         -|   0|  0|  14|           1|          14|
    |sub_ln1171_22_fu_15255_p2  |         -|   0|  0|  15|          15|          15|
    |sub_ln1171_23_fu_14391_p2  |         -|   0|  0|  15|           1|          15|
    |sub_ln1171_24_fu_15294_p2  |         -|   0|  0|  16|          16|          16|
    |sub_ln1171_25_fu_14121_p2  |         -|   0|  0|  14|           1|          14|
    |sub_ln1171_26_fu_14414_p2  |         -|   0|  0|  15|          15|          15|
    |sub_ln1171_27_fu_14441_p2  |         -|   0|  0|  12|           1|          12|
    |sub_ln1171_28_fu_15319_p2  |         -|   0|  0|  13|          13|          13|
    |sub_ln1171_29_fu_14458_p2  |         -|   0|  0|  12|          12|          12|
    |sub_ln1171_2_fu_15575_p2   |         -|   0|  0|  16|          16|          16|
    |sub_ln1171_30_fu_15365_p2  |         -|   0|  0|  16|           1|          16|
    |sub_ln1171_31_fu_15074_p2  |         -|   0|  0|  16|          16|          16|
    |sub_ln1171_32_fu_15199_p2  |         -|   0|  0|  12|          12|          12|
    |sub_ln1171_3_fu_15602_p2   |         -|   0|  0|  16|          16|          16|
    |sub_ln1171_4_fu_15633_p2   |         -|   0|  0|  13|          13|          13|
    |sub_ln1171_5_fu_15669_p2   |         -|   0|  0|  16|          16|          16|
    |sub_ln1171_6_fu_15685_p2   |         -|   0|  0|  10|           1|          10|
    |sub_ln1171_7_fu_14685_p2   |         -|   0|  0|   9|           1|           9|
    |sub_ln1171_8_fu_14721_p2   |         -|   0|  0|  16|           1|          16|
    |sub_ln1171_9_fu_14796_p2   |         -|   0|  0|  15|          15|          15|
    |sub_ln1171_fu_15553_p2     |         -|   0|  0|  16|           1|          16|
    |sub_ln717_1_fu_14158_p2    |         -|   0|  0|  13|          13|          13|
    |sub_ln717_2_fu_14209_p2    |         -|   0|  0|  12|          12|          12|
    |sub_ln717_3_fu_14259_p2    |         -|   0|  0|  13|          13|          13|
    |sub_ln717_4_fu_15163_p2    |         -|   0|  0|  12|          12|          12|
    |sub_ln717_fu_14137_p2      |         -|   0|  0|  13|          13|          13|
    +---------------------------+----------+----+---+----+------------+------------+
    |Total                      |          |   0|  0|1711|        1493|        1684|
    +---------------------------+----------+----+---+----+------------+------------+

    * Multiplexer: 
    +--------------+----+-----------+-----+-----------+
    |     Name     | LUT| Input Size| Bits| Total Bits|
    +--------------+----+-----------+-----+-----------+
    |ap_return_0   |  13|          3|   16|         48|
    |ap_return_1   |  13|          3|   16|         48|
    |ap_return_10  |  13|          3|   16|         48|
    |ap_return_11  |  13|          3|   16|         48|
    |ap_return_12  |  13|          3|   16|         48|
    |ap_return_13  |  13|          3|   16|         48|
    |ap_return_14  |  13|          3|   16|         48|
    |ap_return_15  |  13|          3|   16|         48|
    |ap_return_2   |  13|          3|   16|         48|
    |ap_return_3   |  13|          3|   16|         48|
    |ap_return_4   |  13|          3|   16|         48|
    |ap_return_5   |  13|          3|   16|         48|
    |ap_return_6   |  13|          3|   16|         48|
    |ap_return_7   |  13|          3|   16|         48|
    |ap_return_8   |  13|          3|   16|         48|
    |ap_return_9   |  13|          3|   16|         48|
    +--------------+----+-----------+-----+-----------+
    |Total         | 208|         48|  256|        768|
    +--------------+----+-----------+-----+-----------+

    * Register: 
    +----------------------------------------+----+----+-----+-----------+
    |                  Name                  | FF | LUT| Bits| Const Bits|
    +----------------------------------------+----+----+-----+-----------+
    |add_ln712_reg_17244                     |  12|   0|   12|          0|
    |add_ln740_15_reg_17249                  |  13|   0|   13|          0|
    |add_ln740_17_reg_17114                  |  12|   0|   12|          0|
    |add_ln740_18_reg_17119                  |  11|   0|   11|          0|
    |add_ln740_19_reg_17254                  |  13|   0|   13|          0|
    |add_ln740_20_reg_17259                  |  14|   0|   14|          0|
    |add_ln740_23_reg_17124                  |  11|   0|   11|          0|
    |add_ln740_24_reg_17264                  |  13|   0|   13|          0|
    |add_ln740_25_reg_17269                  |  10|   0|   14|          4|
    |add_ln740_28_reg_17129                  |  11|   0|   11|          0|
    |add_ln740_29_reg_17275                  |  14|   0|   14|          0|
    |add_ln740_30_reg_17280                  |  14|   0|   14|          0|
    |add_ln740_33_reg_17134                  |  12|   0|   12|          0|
    |add_ln740_34_reg_17285                  |  14|   0|   14|          0|
    |add_ln740_35_reg_17290                  |  14|   0|   14|          0|
    |add_ln740_38_reg_17139                  |  11|   0|   11|          0|
    |add_ln740_39_reg_17295                  |  12|   0|   12|          0|
    |add_ln740_40_reg_17300                  |  14|   0|   14|          0|
    |add_ln740_42_reg_17144                  |  11|   0|   11|          0|
    |add_ln740_43_reg_17149                  |  11|   0|   11|          0|
    |add_ln740_44_reg_17305                  |  13|   0|   13|          0|
    |add_ln740_45_reg_17310                  |  13|   0|   13|          0|
    |add_ln740_47_reg_17154                  |  13|   0|   13|          0|
    |add_ln740_48_reg_17159                  |  13|   0|   13|          0|
    |add_ln740_49_reg_17315                  |  14|   0|   14|          0|
    |add_ln740_50_reg_17320                  |  14|   0|   14|          0|
    |add_ln740_53_reg_17164                  |  11|   0|   11|          0|
    |add_ln740_54_reg_17325                  |  14|   0|   14|          0|
    |add_ln740_56_reg_17169                  |  13|   0|   13|          0|
    |add_ln740_57_reg_17174                  |  12|   0|   12|          0|
    |add_ln740_58_reg_17330                  |  14|   0|   14|          0|
    |add_ln740_59_reg_17335                  |  14|   0|   14|          0|
    |add_ln740_62_reg_17179                  |  11|   0|   11|          0|
    |add_ln740_63_reg_17340                  |  14|   0|   14|          0|
    |add_ln740_64_reg_17345                  |  14|   0|   14|          0|
    |add_ln740_67_reg_17350                  |  14|   0|   14|          0|
    |add_ln740_68_reg_17355                  |  14|   0|   14|          0|
    |add_ln740_71_reg_17360                  |  14|   0|   14|          0|
    |add_ln740_72_reg_17365                  |  13|   0|   13|          0|
    |add_ln740_75_reg_17184                  |  10|   0|   10|          0|
    |add_ln740_76_reg_17370                  |  13|   0|   13|          0|
    |add_ln740_79_reg_17375                  |  14|   0|   14|          0|
    |add_ln740_82_reg_17380                  |  14|   0|   14|          0|
    |ap_ce_reg                               |   1|   0|    1|          0|
    |ap_return_0_int_reg                     |  14|   0|   16|          2|
    |ap_return_10_int_reg                    |  14|   0|   16|          2|
    |ap_return_11_int_reg                    |  14|   0|   16|          2|
    |ap_return_12_int_reg                    |  14|   0|   16|          2|
    |ap_return_13_int_reg                    |  14|   0|   16|          2|
    |ap_return_14_int_reg                    |  14|   0|   16|          2|
    |ap_return_15_int_reg                    |  14|   0|   16|          2|
    |ap_return_1_int_reg                     |  14|   0|   16|          2|
    |ap_return_2_int_reg                     |  14|   0|   16|          2|
    |ap_return_3_int_reg                     |  14|   0|   16|          2|
    |ap_return_4_int_reg                     |  14|   0|   16|          2|
    |ap_return_5_int_reg                     |  14|   0|   16|          2|
    |ap_return_6_int_reg                     |  14|   0|   16|          2|
    |ap_return_7_int_reg                     |  14|   0|   16|          2|
    |ap_return_8_int_reg                     |  14|   0|   16|          2|
    |ap_return_9_int_reg                     |  14|   0|   16|          2|
    |lshr_ln717_1_reg_16929                  |   8|   0|    8|          0|
    |lshr_ln717_2_reg_16700                  |   6|   0|    6|          0|
    |lshr_ln717_3_reg_16767                  |  11|   0|   11|          0|
    |lshr_ln717_3_reg_16767_pp0_iter2_reg    |  11|   0|   11|          0|
    |lshr_ln717_4_reg_16716                  |   5|   0|    5|          0|
    |lshr_ln717_s_reg_16904                  |  11|   0|   11|          0|
    |lshr_ln_reg_16899                       |  10|   0|   10|          0|
    |p_read1_int_reg                         |   8|   0|    8|          0|
    |p_read2_int_reg                         |   8|   0|    8|          0|
    |p_read34_reg_16684                      |   8|   0|    8|          0|
    |p_read3_int_reg                         |   8|   0|    8|          0|
    |p_read4_int_reg                         |   8|   0|    8|          0|
    |p_read5_int_reg                         |   8|   0|    8|          0|
    |p_read_17_reg_16617                     |   8|   0|    8|          0|
    |p_read_17_reg_16617_pp0_iter1_reg       |   8|   0|    8|          0|
    |p_read_18_reg_16629                     |   8|   0|    8|          0|
    |p_read_18_reg_16629_pp0_iter1_reg       |   8|   0|    8|          0|
    |p_read_19_reg_16644                     |   8|   0|    8|          0|
    |p_read_19_reg_16644_pp0_iter1_reg       |   8|   0|    8|          0|
    |p_read_20_reg_16657                     |   8|   0|    8|          0|
    |p_read_20_reg_16657_pp0_iter1_reg       |   8|   0|    8|          0|
    |p_read_21_reg_16670                     |   8|   0|    8|          0|
    |p_read_int_reg                          |   8|   0|    8|          0|
    |shl_ln717_2_reg_16731                   |   8|   0|   13|          5|
    |shl_ln717_5_reg_16752                   |   8|   0|   12|          4|
    |shl_ln_reg_16889                        |   8|   0|   12|          4|
    |sub_ln1171_12_reg_16742                 |   9|   0|   14|          5|
    |sub_ln1171_16_reg_16711                 |   9|   0|   14|          5|
    |sub_ln1171_18_reg_16772                 |   9|   0|   15|          6|
    |sub_ln1171_1_reg_16909                  |   9|   0|   15|          6|
    |sub_ln1171_21_reg_16789                 |   9|   0|   14|          5|
    |sub_ln1171_23_reg_16794                 |   9|   0|   15|          6|
    |sub_ln1171_25_reg_16721                 |   9|   0|   14|          5|
    |sub_ln1171_27_reg_16809                 |   9|   0|   12|          3|
    |trunc_ln3_reg_16834                     |  10|   0|   10|          0|
    |trunc_ln712_1_reg_16839                 |  10|   0|   10|          0|
    |trunc_ln712_2_reg_16844                 |  11|   0|   11|          0|
    |trunc_ln712_3_reg_16849                 |  11|   0|   11|          0|
    |trunc_ln712_4_reg_16854                 |  11|   0|   11|          0|
    |trunc_ln712_5_reg_16859                 |  10|   0|   10|          0|
    |trunc_ln712_6_reg_16864                 |  10|   0|   10|          0|
    |trunc_ln712_7_reg_16869                 |  10|   0|   10|          0|
    |trunc_ln712_8_reg_16874                 |  12|   0|   12|          0|
    |trunc_ln712_9_reg_16879                 |  10|   0|   10|          0|
    |trunc_ln712_s_reg_16884                 |  11|   0|   11|          0|
    |trunc_ln717_19_reg_17199                |  13|   0|   13|          0|
    |trunc_ln717_20_reg_17204                |  10|   0|   10|          0|
    |trunc_ln717_21_reg_16914                |  11|   0|   11|          0|
    |trunc_ln717_21_reg_16914_pp0_iter3_reg  |  11|   0|   11|          0|
    |trunc_ln717_22_reg_17209                |  12|   0|   12|          0|
    |trunc_ln717_23_reg_17214                |  13|   0|   13|          0|
    |trunc_ln717_24_reg_17219                |   7|   0|    7|          0|
    |trunc_ln717_25_reg_17224                |  12|   0|   12|          0|
    |trunc_ln717_26_reg_17229                |  13|   0|   13|          0|
    |trunc_ln717_27_reg_16919                |   6|   0|    6|          0|
    |trunc_ln717_28_reg_16737                |  11|   0|   11|          0|
    |trunc_ln717_29_reg_16924                |   9|   0|   13|          4|
    |trunc_ln717_30_reg_16934                |  12|   0|   12|          0|
    |trunc_ln717_30_reg_16934_pp0_iter3_reg  |  12|   0|   12|          0|
    |trunc_ln717_31_reg_16939                |  11|   0|   12|          1|
    |trunc_ln717_32_reg_16944                |  12|   0|   12|          0|
    |trunc_ln717_33_reg_16949                |  11|   0|   13|          2|
    |trunc_ln717_34_reg_16954                |  12|   0|   12|          0|
    |trunc_ln717_35_reg_16959                |   9|   0|   11|          2|
    |trunc_ln717_36_reg_17234                |  13|   0|   13|          0|
    |trunc_ln717_37_reg_17239                |  13|   0|   13|          0|
    |trunc_ln717_38_reg_16964                |  12|   0|   12|          0|
    |trunc_ln717_39_reg_16969                |   9|   0|   13|          4|
    |trunc_ln717_40_reg_16974                |  13|   0|   13|          0|
    |trunc_ln717_41_reg_16979                |  13|   0|   13|          0|
    |trunc_ln717_42_reg_16747                |   9|   0|    9|          0|
    |trunc_ln717_43_reg_16984                |  12|   0|   12|          0|
    |trunc_ln717_44_reg_16989                |  12|   0|   12|          0|
    |trunc_ln717_45_reg_16994                |  12|   0|   12|          0|
    |trunc_ln717_46_reg_16999                |  13|   0|   13|          0|
    |trunc_ln717_47_reg_17004                |  13|   0|   13|          0|
    |trunc_ln717_48_reg_17009                |  13|   0|   13|          0|
    |trunc_ln717_49_reg_16757                |  12|   0|   12|          0|
    |trunc_ln717_50_reg_17014                |  13|   0|   13|          0|
    |trunc_ln717_51_reg_16762                |  12|   0|   12|          0|
    |trunc_ln717_52_reg_17019                |  13|   0|   13|          0|
    |trunc_ln717_53_reg_17024                |  13|   0|   13|          0|
    |trunc_ln717_54_reg_17029                |  13|   0|   13|          0|
    |trunc_ln717_55_reg_17034                |  12|   0|   13|          1|
    |trunc_ln717_56_reg_17039                |  12|   0|   12|          0|
    |trunc_ln717_56_reg_17039_pp0_iter3_reg  |  12|   0|   12|          0|
    |trunc_ln717_57_reg_17044                |   9|   0|    9|          0|
    |trunc_ln717_58_reg_17049                |  13|   0|   13|          0|
    |trunc_ln717_59_reg_17054                |  13|   0|   13|          0|
    |trunc_ln717_60_reg_17059                |   9|   0|    9|          0|
    |trunc_ln717_61_reg_16784                |  11|   0|   11|          0|
    |trunc_ln717_62_reg_17064                |  13|   0|   13|          0|
    |trunc_ln717_63_reg_17069                |   9|   0|   13|          4|
    |trunc_ln717_64_reg_17074                |  12|   0|   12|          0|
    |trunc_ln717_65_reg_17079                |  12|   0|   12|          0|
    |trunc_ln717_66_reg_17084                |  13|   0|   13|          0|
    |trunc_ln717_67_reg_16804                |  12|   0|   12|          0|
    |trunc_ln717_67_reg_16804_pp0_iter2_reg  |  12|   0|   12|          0|
    |trunc_ln717_68_reg_17089                |  10|   0|   10|          0|
    |trunc_ln717_69_reg_16814                |   9|   0|    9|          0|
    |trunc_ln717_69_reg_16814_pp0_iter2_reg  |   9|   0|    9|          0|
    |trunc_ln717_70_reg_16819                |  11|   0|   11|          0|
    |trunc_ln717_70_reg_16819_pp0_iter2_reg  |  11|   0|   11|          0|
    |trunc_ln717_71_reg_17094                |  13|   0|   13|          0|
    |trunc_ln717_72_reg_16824                |  12|   0|   12|          0|
    |trunc_ln717_73_reg_17099                |  13|   0|   13|          0|
    |trunc_ln717_74_reg_16829                |  11|   0|   11|          0|
    |trunc_ln717_75_reg_17104                |   9|   0|   13|          4|
    |trunc_ln717_76_reg_17109                |  13|   0|   13|          0|
    |trunc_ln717_s_reg_17194                 |  12|   0|   13|          1|
    |trunc_ln_reg_17189                      |   9|   0|   13|          4|
    |zext_ln1171_28_reg_16706                |   8|   0|   14|          6|
    |zext_ln1171_37_reg_16777                |   8|   0|   15|          7|
    |zext_ln1171_45_reg_16799                |   8|   0|   13|          5|
    |zext_ln1171_reg_16726                   |   8|   0|   13|          5|
    |zext_ln717_reg_16894                    |   8|   0|   13|          5|
    |lshr_ln717_2_reg_16700                  |  64|  32|    6|          0|
    |lshr_ln717_4_reg_16716                  |  64|  32|    5|          0|
    |p_read34_reg_16684                      |  64|  32|    8|          0|
    |p_read_21_reg_16670                     |  64|  32|    8|          0|
    |trunc_ln717_28_reg_16737                |  64|  32|   11|          0|
    +----------------------------------------+----+----+-----+-----------+
    |Total                                   |2293| 160| 2156|        145|
    +----------------------------------------+----+----+-----+-----------+



================================================================
== Interface
================================================================
* Summary: 
+--------------+-----+-----+------------+----------------------------------------------------------------------------+--------------+
|   RTL Ports  | Dir | Bits|  Protocol  |                                Source Object                               |    C Type    |
+--------------+-----+-----+------------+----------------------------------------------------------------------------+--------------+
|ap_clk        |   in|    1|  ap_ctrl_hs|  dense_latency<ap_ufixed<8, 1, 4, 0, 0>, ap_fixed<16, 4, 5, 3, 0>, config5>|  return value|
|ap_rst        |   in|    1|  ap_ctrl_hs|  dense_latency<ap_ufixed<8, 1, 4, 0, 0>, ap_fixed<16, 4, 5, 3, 0>, config5>|  return value|
|ap_return_0   |  out|   16|  ap_ctrl_hs|  dense_latency<ap_ufixed<8, 1, 4, 0, 0>, ap_fixed<16, 4, 5, 3, 0>, config5>|  return value|
|ap_return_1   |  out|   16|  ap_ctrl_hs|  dense_latency<ap_ufixed<8, 1, 4, 0, 0>, ap_fixed<16, 4, 5, 3, 0>, config5>|  return value|
|ap_return_2   |  out|   16|  ap_ctrl_hs|  dense_latency<ap_ufixed<8, 1, 4, 0, 0>, ap_fixed<16, 4, 5, 3, 0>, config5>|  return value|
|ap_return_3   |  out|   16|  ap_ctrl_hs|  dense_latency<ap_ufixed<8, 1, 4, 0, 0>, ap_fixed<16, 4, 5, 3, 0>, config5>|  return value|
|ap_return_4   |  out|   16|  ap_ctrl_hs|  dense_latency<ap_ufixed<8, 1, 4, 0, 0>, ap_fixed<16, 4, 5, 3, 0>, config5>|  return value|
|ap_return_5   |  out|   16|  ap_ctrl_hs|  dense_latency<ap_ufixed<8, 1, 4, 0, 0>, ap_fixed<16, 4, 5, 3, 0>, config5>|  return value|
|ap_return_6   |  out|   16|  ap_ctrl_hs|  dense_latency<ap_ufixed<8, 1, 4, 0, 0>, ap_fixed<16, 4, 5, 3, 0>, config5>|  return value|
|ap_return_7   |  out|   16|  ap_ctrl_hs|  dense_latency<ap_ufixed<8, 1, 4, 0, 0>, ap_fixed<16, 4, 5, 3, 0>, config5>|  return value|
|ap_return_8   |  out|   16|  ap_ctrl_hs|  dense_latency<ap_ufixed<8, 1, 4, 0, 0>, ap_fixed<16, 4, 5, 3, 0>, config5>|  return value|
|ap_return_9   |  out|   16|  ap_ctrl_hs|  dense_latency<ap_ufixed<8, 1, 4, 0, 0>, ap_fixed<16, 4, 5, 3, 0>, config5>|  return value|
|ap_return_10  |  out|   16|  ap_ctrl_hs|  dense_latency<ap_ufixed<8, 1, 4, 0, 0>, ap_fixed<16, 4, 5, 3, 0>, config5>|  return value|
|ap_return_11  |  out|   16|  ap_ctrl_hs|  dense_latency<ap_ufixed<8, 1, 4, 0, 0>, ap_fixed<16, 4, 5, 3, 0>, config5>|  return value|
|ap_return_12  |  out|   16|  ap_ctrl_hs|  dense_latency<ap_ufixed<8, 1, 4, 0, 0>, ap_fixed<16, 4, 5, 3, 0>, config5>|  return value|
|ap_return_13  |  out|   16|  ap_ctrl_hs|  dense_latency<ap_ufixed<8, 1, 4, 0, 0>, ap_fixed<16, 4, 5, 3, 0>, config5>|  return value|
|ap_return_14  |  out|   16|  ap_ctrl_hs|  dense_latency<ap_ufixed<8, 1, 4, 0, 0>, ap_fixed<16, 4, 5, 3, 0>, config5>|  return value|
|ap_return_15  |  out|   16|  ap_ctrl_hs|  dense_latency<ap_ufixed<8, 1, 4, 0, 0>, ap_fixed<16, 4, 5, 3, 0>, config5>|  return value|
|ap_ce         |   in|    1|  ap_ctrl_hs|  dense_latency<ap_ufixed<8, 1, 4, 0, 0>, ap_fixed<16, 4, 5, 3, 0>, config5>|  return value|
|p_read        |   in|    8|     ap_none|                                                                      p_read|        scalar|
|p_read1       |   in|    8|     ap_none|                                                                     p_read1|        scalar|
|p_read2       |   in|    8|     ap_none|                                                                     p_read2|        scalar|
|p_read3       |   in|    8|     ap_none|                                                                     p_read3|        scalar|
|p_read4       |   in|    8|     ap_none|                                                                     p_read4|        scalar|
|p_read5       |   in|    8|     ap_none|                                                                     p_read5|        scalar|
+--------------+-----+-----+------------+----------------------------------------------------------------------------+--------------+

