

================================================================
== Vitis HLS Report for 'softmax_stable_ap_fixed_ap_fixed_16_6_5_3_0_softmax_config7_s'
================================================================
* Date:           Sat Jul 22 15:50:48 2023

* Version:        2021.1 (Build 3247384 on Thu Jun 10 19:36:07 MDT 2021)
* Project:        myproject_prj
* Solution:       solution1 (Vivado IP Flow Target)
* Product family: zynq
* Target device:  xc7z007s-clg225-2


================================================================
== Performance Estimates
================================================================
+ Timing: 
    * Summary: 
    +--------+---------+----------+------------+
    |  Clock |  Target | Estimated| Uncertainty|
    +--------+---------+----------+------------+
    |ap_clk  |  3.33 ns|  7.947 ns|     0.62 ns|
    +--------+---------+----------+------------+

+ Latency: 
    * Summary: 
    +---------+---------+----------+----------+-----+-----+---------+
    |  Latency (cycles) |  Latency (absolute) |  Interval | Pipeline|
    |   min   |   max   |    min   |    max   | min | max |   Type  |
    +---------+---------+----------+----------+-----+-----+---------+
    |       18|       18|  0.143 us|  0.143 us|    1|    1|      yes|
    +---------+---------+----------+----------+-----+-----+---------+

    + Detail: 
        * Instance: 
        N/A

        * Loop: 
        N/A



================================================================
== Utilization Estimates
================================================================
* Summary: 
+-----------------+---------+----+-------+-------+-----+
|       Name      | BRAM_18K| DSP|   FF  |  LUT  | URAM|
+-----------------+---------+----+-------+-------+-----+
|DSP              |        -|   -|      -|      -|    -|
|Expression       |        -|   -|      0|   1319|    -|
|FIFO             |        -|   -|      -|      -|    -|
|Instance         |        -|   0|      0|   5856|    -|
|Memory           |       16|   -|     36|      0|    -|
|Multiplexer      |        -|   -|      -|      -|    -|
|Register         |        -|   -|   3499|   1024|    -|
+-----------------+---------+----+-------+-------+-----+
|Total            |       16|   0|   3535|   8199|    0|
+-----------------+---------+----+-------+-------+-----+
|Available        |      100|  66|  28800|  14400|    0|
+-----------------+---------+----+-------+-------+-----+
|Utilization (%)  |       16|   0|     12|     56|    0|
+-----------------+---------+----+-------+-------+-----+

+ Detail: 
    * Instance: 
    +-------------------------+--------------------+---------+----+---+-----+-----+
    |         Instance        |       Module       | BRAM_18K| DSP| FF| LUT | URAM|
    +-------------------------+--------------------+---------+----+---+-----+-----+
    |mul_18s_18s_30_1_1_U188  |mul_18s_18s_30_1_1  |        0|   0|  0|  366|    0|
    |mul_18s_18s_30_1_1_U189  |mul_18s_18s_30_1_1  |        0|   0|  0|  366|    0|
    |mul_18s_18s_30_1_1_U190  |mul_18s_18s_30_1_1  |        0|   0|  0|  366|    0|
    |mul_18s_18s_30_1_1_U191  |mul_18s_18s_30_1_1  |        0|   0|  0|  366|    0|
    |mul_18s_18s_30_1_1_U192  |mul_18s_18s_30_1_1  |        0|   0|  0|  366|    0|
    |mul_18s_18s_30_1_1_U193  |mul_18s_18s_30_1_1  |        0|   0|  0|  366|    0|
    |mul_18s_18s_30_1_1_U194  |mul_18s_18s_30_1_1  |        0|   0|  0|  366|    0|
    |mul_18s_18s_30_1_1_U195  |mul_18s_18s_30_1_1  |        0|   0|  0|  366|    0|
    |mul_18s_18s_30_1_1_U196  |mul_18s_18s_30_1_1  |        0|   0|  0|  366|    0|
    |mul_18s_18s_30_1_1_U197  |mul_18s_18s_30_1_1  |        0|   0|  0|  366|    0|
    |mul_18s_18s_30_1_1_U198  |mul_18s_18s_30_1_1  |        0|   0|  0|  366|    0|
    |mul_18s_18s_30_1_1_U199  |mul_18s_18s_30_1_1  |        0|   0|  0|  366|    0|
    |mul_18s_18s_30_1_1_U200  |mul_18s_18s_30_1_1  |        0|   0|  0|  366|    0|
    |mul_18s_18s_30_1_1_U201  |mul_18s_18s_30_1_1  |        0|   0|  0|  366|    0|
    |mul_18s_18s_30_1_1_U202  |mul_18s_18s_30_1_1  |        0|   0|  0|  366|    0|
    |mul_18s_18s_30_1_1_U203  |mul_18s_18s_30_1_1  |        0|   0|  0|  366|    0|
    +-------------------------+--------------------+---------+----+---+-----+-----+
    |Total                    |                    |        0|   0|  0| 5856|    0|
    +-------------------------+--------------------+---------+----+---+-----+-----+

    * DSP: 
    N/A

    * Memory: 
    +----------------+----------------------------------------------------------------------------+---------+----+----+-----+------+-----+------+-------------+
    |     Memory     |                                   Module                                   | BRAM_18K| FF | LUT| URAM| Words| Bits| Banks| W*Bits*Banks|
    +----------------+----------------------------------------------------------------------------+---------+----+----+-----+------+-----+------+-------------+
    |exp_table_U     |softmax_stable_ap_fixed_ap_fixed_16_6_5_3_0_softmax_config7_s_exp_table     |       15|  18|   0|    0|  1024|   18|     1|        18432|
    |invert_table_U  |softmax_stable_ap_fixed_ap_fixed_16_6_5_3_0_softmax_config7_s_invert_table  |        1|  18|   0|    0|  1024|   18|     1|        18432|
    +----------------+----------------------------------------------------------------------------+---------+----+----+-----+------+-----+------+-------------+
    |Total           |                                                                            |       16|  36|   0|    0|  2048|   36|     2|        36864|
    +----------------+----------------------------------------------------------------------------+---------+----+----+-----+------+-----+------+-------------+

    * FIFO: 
    N/A

    * Expression: 
    +----------------------------+----------+----+---+----+------------+------------+
    |        Variable Name       | Operation| DSP| FF| LUT| Bitwidth P0| Bitwidth P1|
    +----------------------------+----------+----+---+----+------------+------------+
    |add_ln712_10_fu_1791_p2     |         +|   0|  0|  18|          18|          18|
    |add_ln712_11_fu_1771_p2     |         +|   0|  0|  18|          18|          18|
    |add_ln712_12_fu_1795_p2     |         +|   0|  0|  18|          18|          18|
    |add_ln712_13_fu_1822_p2     |         +|   0|  0|  18|          18|          18|
    |add_ln712_1_fu_1775_p2      |         +|   0|  0|  18|          18|          18|
    |add_ln712_2_fu_1804_p2      |         +|   0|  0|  18|          18|          18|
    |add_ln712_3_fu_1809_p2      |         +|   0|  0|  18|          18|          18|
    |add_ln712_4_fu_1779_p2      |         +|   0|  0|  18|          18|          18|
    |add_ln712_5_fu_1813_p2      |         +|   0|  0|  18|          18|          18|
    |add_ln712_6_fu_1827_p2      |         +|   0|  0|  18|          18|          18|
    |add_ln712_7_fu_1783_p2      |         +|   0|  0|  18|          18|          18|
    |add_ln712_8_fu_1787_p2      |         +|   0|  0|  18|          18|          18|
    |add_ln712_9_fu_1818_p2      |         +|   0|  0|  18|          18|          18|
    |add_ln712_fu_1800_p2        |         +|   0|  0|  18|          18|          18|
    |exp_sum_V_fu_1831_p2        |         +|   0|  0|  18|          18|          18|
    |ret_V_10_fu_628_p2          |         -|   0|  0|  17|          17|          17|
    |ret_V_11_fu_653_p2          |         -|   0|  0|  17|          17|          17|
    |ret_V_12_fu_1126_p2         |         -|   0|  0|  17|          17|          17|
    |ret_V_13_fu_1168_p2         |         -|   0|  0|  17|          17|          17|
    |ret_V_14_fu_1210_p2         |         -|   0|  0|  17|          17|          17|
    |ret_V_15_fu_1252_p2         |         -|   0|  0|  17|          17|          17|
    |ret_V_1_fu_720_p2           |         -|   0|  0|  17|          17|          17|
    |ret_V_2_fu_762_p2           |         -|   0|  0|  17|          17|          17|
    |ret_V_3_fu_804_p2           |         -|   0|  0|  17|          17|          17|
    |ret_V_4_fu_846_p2           |         -|   0|  0|  17|          17|          17|
    |ret_V_5_fu_888_p2           |         -|   0|  0|  17|          17|          17|
    |ret_V_6_fu_930_p2           |         -|   0|  0|  17|          17|          17|
    |ret_V_7_fu_972_p2           |         -|   0|  0|  17|          17|          17|
    |ret_V_8_fu_1014_p2          |         -|   0|  0|  17|          17|          17|
    |ret_V_9_fu_1056_p2          |         -|   0|  0|  17|          17|          17|
    |ret_V_fu_678_p2             |         -|   0|  0|  17|          17|          17|
    |overflow_10_fu_1100_p2      |       and|   0|  0|   1|           1|           1|
    |overflow_11_fu_1114_p2      |       and|   0|  0|   1|           1|           1|
    |overflow_12_fu_1153_p2      |       and|   0|  0|   1|           1|           1|
    |overflow_13_fu_1195_p2      |       and|   0|  0|   1|           1|           1|
    |overflow_14_fu_1237_p2      |       and|   0|  0|   1|           1|           1|
    |overflow_15_fu_1279_p2      |       and|   0|  0|   1|           1|           1|
    |overflow_1_fu_747_p2        |       and|   0|  0|   1|           1|           1|
    |overflow_2_fu_789_p2        |       and|   0|  0|   1|           1|           1|
    |overflow_3_fu_831_p2        |       and|   0|  0|   1|           1|           1|
    |overflow_4_fu_873_p2        |       and|   0|  0|   1|           1|           1|
    |overflow_5_fu_915_p2        |       and|   0|  0|   1|           1|           1|
    |overflow_6_fu_957_p2        |       and|   0|  0|   1|           1|           1|
    |overflow_7_fu_999_p2        |       and|   0|  0|   1|           1|           1|
    |overflow_8_fu_1041_p2       |       and|   0|  0|   1|           1|           1|
    |overflow_9_fu_1083_p2       |       and|   0|  0|   1|           1|           1|
    |overflow_fu_705_p2          |       and|   0|  0|   1|           1|           1|
    |icmp_ln1549_10_fu_416_p2    |      icmp|   0|  0|   7|          16|          16|
    |icmp_ln1549_11_fu_422_p2    |      icmp|   0|  0|   7|          16|          16|
    |icmp_ln1549_12_fu_528_p2    |      icmp|   0|  0|   7|          16|          16|
    |icmp_ln1549_13_fu_580_p2    |      icmp|   0|  0|   7|          16|          16|
    |icmp_ln1549_14_fu_606_p2    |      icmp|   0|  0|   7|          16|          16|
    |icmp_ln1549_1_fu_386_p2     |      icmp|   0|  0|   7|          16|          16|
    |icmp_ln1549_2_fu_516_p2     |      icmp|   0|  0|   7|          16|          16|
    |icmp_ln1549_3_fu_392_p2     |      icmp|   0|  0|   7|          16|          16|
    |icmp_ln1549_4_fu_398_p2     |      icmp|   0|  0|   7|          16|          16|
    |icmp_ln1549_5_fu_520_p2     |      icmp|   0|  0|   7|          16|          16|
    |icmp_ln1549_6_fu_576_p2     |      icmp|   0|  0|   7|          16|          16|
    |icmp_ln1549_7_fu_404_p2     |      icmp|   0|  0|   7|          16|          16|
    |icmp_ln1549_8_fu_410_p2     |      icmp|   0|  0|   7|          16|          16|
    |icmp_ln1549_9_fu_524_p2     |      icmp|   0|  0|   7|          16|          16|
    |icmp_ln1549_fu_380_p2       |      icmp|   0|  0|   7|          16|          16|
    |select_ln384_10_fu_1551_p3  |    select|   0|  0|  11|           1|           9|
    |select_ln384_11_fu_1581_p3  |    select|   0|  0|  11|           1|           9|
    |select_ln384_12_fu_1611_p3  |    select|   0|  0|  11|           1|           9|
    |select_ln384_13_fu_1637_p3  |    select|   0|  0|  11|           1|           9|
    |select_ln384_14_fu_1663_p3  |    select|   0|  0|  11|           1|           9|
    |select_ln384_15_fu_1689_p3  |    select|   0|  0|  11|           1|           9|
    |select_ln384_1_fu_1317_p3   |    select|   0|  0|  11|           1|           9|
    |select_ln384_2_fu_1343_p3   |    select|   0|  0|  11|           1|           9|
    |select_ln384_3_fu_1369_p3   |    select|   0|  0|  11|           1|           9|
    |select_ln384_4_fu_1395_p3   |    select|   0|  0|  11|           1|           9|
    |select_ln384_5_fu_1421_p3   |    select|   0|  0|  11|           1|           9|
    |select_ln384_6_fu_1447_p3   |    select|   0|  0|  11|           1|           9|
    |select_ln384_7_fu_1473_p3   |    select|   0|  0|  11|           1|           9|
    |select_ln384_8_fu_1499_p3   |    select|   0|  0|  11|           1|           9|
    |select_ln384_9_fu_1525_p3   |    select|   0|  0|  11|           1|           9|
    |select_ln384_fu_1291_p3     |    select|   0|  0|  11|           1|           9|
    |select_ln65_10_fu_499_p3    |    select|   0|  0|  16|           1|          16|
    |select_ln65_11_fu_510_p3    |    select|   0|  0|  16|           1|          16|
    |select_ln65_12_fu_570_p3    |    select|   0|  0|  16|           1|          16|
    |select_ln65_13_fu_600_p3    |    select|   0|  0|  16|           1|          16|
    |select_ln65_1_fu_444_p3     |    select|   0|  0|  16|           1|          16|
    |select_ln65_2_fu_537_p3     |    select|   0|  0|  16|           1|          16|
    |select_ln65_3_fu_455_p3     |    select|   0|  0|  16|           1|          16|
    |select_ln65_4_fu_466_p3     |    select|   0|  0|  16|           1|          16|
    |select_ln65_5_fu_548_p3     |    select|   0|  0|  16|           1|          16|
    |select_ln65_6_fu_589_p3     |    select|   0|  0|  16|           1|          16|
    |select_ln65_7_fu_477_p3     |    select|   0|  0|  16|           1|          16|
    |select_ln65_8_fu_488_p3     |    select|   0|  0|  16|           1|          16|
    |select_ln65_9_fu_559_p3     |    select|   0|  0|  16|           1|          16|
    |select_ln65_fu_433_p3       |    select|   0|  0|  16|           1|          16|
    |x_max_V_fu_615_p3           |    select|   0|  0|  16|           1|          16|
    |y_10_fu_1568_p3             |    select|   0|  0|  10|           1|          10|
    |y_11_fu_1598_p3             |    select|   0|  0|  10|           1|          10|
    |y_12_fu_1629_p3             |    select|   0|  0|  10|           1|          10|
    |y_13_fu_1655_p3             |    select|   0|  0|  10|           1|          10|
    |y_14_fu_1681_p3             |    select|   0|  0|  10|           1|          10|
    |y_15_fu_1707_p3             |    select|   0|  0|  10|           1|          10|
    |y_1_fu_1335_p3              |    select|   0|  0|  10|           1|          10|
    |y_2_fu_1361_p3              |    select|   0|  0|  10|           1|          10|
    |y_3_fu_1387_p3              |    select|   0|  0|  10|           1|          10|
    |y_4_fu_1413_p3              |    select|   0|  0|  10|           1|          10|
    |y_5_fu_1439_p3              |    select|   0|  0|  10|           1|          10|
    |y_6_fu_1465_p3              |    select|   0|  0|  10|           1|          10|
    |y_7_fu_1491_p3              |    select|   0|  0|  10|           1|          10|
    |y_8_fu_1517_p3              |    select|   0|  0|  10|           1|          10|
    |y_9_fu_1543_p3              |    select|   0|  0|  10|           1|          10|
    |y_fu_1309_p3                |    select|   0|  0|  10|           1|          10|
    |ap_enable_pp0               |       xor|   0|  0|   2|           1|           2|
    |xor_ln1549_10_fu_494_p2     |       xor|   0|  0|   2|           1|           2|
    |xor_ln1549_11_fu_505_p2     |       xor|   0|  0|   2|           1|           2|
    |xor_ln1549_12_fu_565_p2     |       xor|   0|  0|   2|           1|           2|
    |xor_ln1549_13_fu_595_p2     |       xor|   0|  0|   2|           1|           2|
    |xor_ln1549_14_fu_610_p2     |       xor|   0|  0|   2|           1|           2|
    |xor_ln1549_1_fu_439_p2      |       xor|   0|  0|   2|           1|           2|
    |xor_ln1549_2_fu_532_p2      |       xor|   0|  0|   2|           1|           2|
    |xor_ln1549_3_fu_450_p2      |       xor|   0|  0|   2|           1|           2|
    |xor_ln1549_4_fu_461_p2      |       xor|   0|  0|   2|           1|           2|
    |xor_ln1549_5_fu_543_p2      |       xor|   0|  0|   2|           1|           2|
    |xor_ln1549_6_fu_584_p2      |       xor|   0|  0|   2|           1|           2|
    |xor_ln1549_7_fu_472_p2      |       xor|   0|  0|   2|           1|           2|
    |xor_ln1549_8_fu_483_p2      |       xor|   0|  0|   2|           1|           2|
    |xor_ln1549_9_fu_554_p2      |       xor|   0|  0|   2|           1|           2|
    |xor_ln1549_fu_428_p2        |       xor|   0|  0|   2|           1|           2|
    |xor_ln340_10_fu_1105_p2     |       xor|   0|  0|   1|           1|           1|
    |xor_ln340_11_fu_1119_p2     |       xor|   0|  0|   1|           1|           1|
    |xor_ln340_12_fu_1159_p2     |       xor|   0|  0|   1|           1|           1|
    |xor_ln340_13_fu_1201_p2     |       xor|   0|  0|   1|           1|           1|
    |xor_ln340_14_fu_1243_p2     |       xor|   0|  0|   1|           1|           1|
    |xor_ln340_15_fu_1285_p2     |       xor|   0|  0|   1|           1|           1|
    |xor_ln340_1_fu_753_p2       |       xor|   0|  0|   1|           1|           1|
    |xor_ln340_2_fu_795_p2       |       xor|   0|  0|   1|           1|           1|
    |xor_ln340_3_fu_837_p2       |       xor|   0|  0|   1|           1|           1|
    |xor_ln340_4_fu_879_p2       |       xor|   0|  0|   1|           1|           1|
    |xor_ln340_5_fu_921_p2       |       xor|   0|  0|   1|           1|           1|
    |xor_ln340_6_fu_963_p2       |       xor|   0|  0|   1|           1|           1|
    |xor_ln340_7_fu_1005_p2      |       xor|   0|  0|   1|           1|           1|
    |xor_ln340_8_fu_1047_p2      |       xor|   0|  0|   1|           1|           1|
    |xor_ln340_9_fu_1089_p2      |       xor|   0|  0|   1|           1|           1|
    |xor_ln340_fu_711_p2         |       xor|   0|  0|   1|           1|           1|
    |xor_ln794_10_fu_1095_p2     |       xor|   0|  0|   2|           1|           2|
    |xor_ln794_11_fu_1109_p2     |       xor|   0|  0|   2|           1|           2|
    |xor_ln794_12_fu_1147_p2     |       xor|   0|  0|   2|           1|           2|
    |xor_ln794_13_fu_1189_p2     |       xor|   0|  0|   2|           1|           2|
    |xor_ln794_14_fu_1231_p2     |       xor|   0|  0|   2|           1|           2|
    |xor_ln794_15_fu_1273_p2     |       xor|   0|  0|   2|           1|           2|
    |xor_ln794_1_fu_741_p2       |       xor|   0|  0|   2|           1|           2|
    |xor_ln794_2_fu_783_p2       |       xor|   0|  0|   2|           1|           2|
    |xor_ln794_3_fu_825_p2       |       xor|   0|  0|   2|           1|           2|
    |xor_ln794_4_fu_867_p2       |       xor|   0|  0|   2|           1|           2|
    |xor_ln794_5_fu_909_p2       |       xor|   0|  0|   2|           1|           2|
    |xor_ln794_6_fu_951_p2       |       xor|   0|  0|   2|           1|           2|
    |xor_ln794_7_fu_993_p2       |       xor|   0|  0|   2|           1|           2|
    |xor_ln794_8_fu_1035_p2      |       xor|   0|  0|   2|           1|           2|
    |xor_ln794_9_fu_1077_p2      |       xor|   0|  0|   2|           1|           2|
    |xor_ln794_fu_699_p2         |       xor|   0|  0|   2|           1|           2|
    +----------------------------+----------+----+---+----+------------+------------+
    |Total                       |          |   0|  0|1319|         893|        1422|
    +----------------------------+----------+----+---+----+------------+------------+

    * Multiplexer: 
    N/A

    * Register: 
    +---------------------------------------+----+----+-----+-----------+
    |                  Name                 | FF | LUT| Bits| Const Bits|
    +---------------------------------------+----+----+-----+-----------+
    |add_ln712_11_reg_2782                  |  18|   0|   18|          0|
    |add_ln712_12_reg_2831                  |  18|   0|   18|          0|
    |add_ln712_13_reg_2846                  |  18|   0|   18|          0|
    |add_ln712_1_reg_2811                   |  18|   0|   18|          0|
    |add_ln712_2_reg_2836                   |  18|   0|   18|          0|
    |add_ln712_4_reg_2816                   |  18|   0|   18|          0|
    |add_ln712_5_reg_2841                   |  18|   0|   18|          0|
    |add_ln712_7_reg_2821                   |  18|   0|   18|          0|
    |add_ln712_8_reg_2826                   |  18|   0|   18|          0|
    |ap_CS_fsm                              |   1|   0|    1|          0|
    |ap_enable_reg_pp0_iter1                |   1|   0|    1|          0|
    |ap_enable_reg_pp0_iter10               |   1|   0|    1|          0|
    |ap_enable_reg_pp0_iter11               |   1|   0|    1|          0|
    |ap_enable_reg_pp0_iter12               |   1|   0|    1|          0|
    |ap_enable_reg_pp0_iter13               |   1|   0|    1|          0|
    |ap_enable_reg_pp0_iter14               |   1|   0|    1|          0|
    |ap_enable_reg_pp0_iter15               |   1|   0|    1|          0|
    |ap_enable_reg_pp0_iter16               |   1|   0|    1|          0|
    |ap_enable_reg_pp0_iter17               |   1|   0|    1|          0|
    |ap_enable_reg_pp0_iter18               |   1|   0|    1|          0|
    |ap_enable_reg_pp0_iter2                |   1|   0|    1|          0|
    |ap_enable_reg_pp0_iter3                |   1|   0|    1|          0|
    |ap_enable_reg_pp0_iter4                |   1|   0|    1|          0|
    |ap_enable_reg_pp0_iter5                |   1|   0|    1|          0|
    |ap_enable_reg_pp0_iter6                |   1|   0|    1|          0|
    |ap_enable_reg_pp0_iter7                |   1|   0|    1|          0|
    |ap_enable_reg_pp0_iter8                |   1|   0|    1|          0|
    |ap_enable_reg_pp0_iter9                |   1|   0|    1|          0|
    |exp_res_V_0_reg_2722                   |  18|   0|   18|          0|
    |exp_res_V_10_reg_2710                  |  18|   0|   18|          0|
    |exp_res_V_11_reg_2716                  |  18|   0|   18|          0|
    |exp_res_V_12_reg_2758                  |  18|   0|   18|          0|
    |exp_res_V_13_reg_2764                  |  18|   0|   18|          0|
    |exp_res_V_14_reg_2770                  |  18|   0|   18|          0|
    |exp_res_V_15_reg_2776                  |  18|   0|   18|          0|
    |exp_res_V_1_reg_2728                   |  18|   0|   18|          0|
    |exp_res_V_2_reg_2787                   |  18|   0|   18|          0|
    |exp_res_V_3_reg_2793                   |  18|   0|   18|          0|
    |exp_res_V_4_reg_2799                   |  18|   0|   18|          0|
    |exp_res_V_5_reg_2805                   |  18|   0|   18|          0|
    |exp_res_V_6_reg_2734                   |  18|   0|   18|          0|
    |exp_res_V_7_reg_2740                   |  18|   0|   18|          0|
    |exp_res_V_8_reg_2746                   |  18|   0|   18|          0|
    |exp_res_V_9_reg_2752                   |  18|   0|   18|          0|
    |icmp_ln1549_10_reg_2379                |   1|   0|    1|          0|
    |icmp_ln1549_11_reg_2384                |   1|   0|    1|          0|
    |icmp_ln1549_12_reg_2452                |   1|   0|    1|          0|
    |icmp_ln1549_13_reg_2486                |   1|   0|    1|          0|
    |icmp_ln1549_14_reg_2503                |   1|   0|    1|          0|
    |icmp_ln1549_1_reg_2354                 |   1|   0|    1|          0|
    |icmp_ln1549_2_reg_2437                 |   1|   0|    1|          0|
    |icmp_ln1549_3_reg_2359                 |   1|   0|    1|          0|
    |icmp_ln1549_4_reg_2364                 |   1|   0|    1|          0|
    |icmp_ln1549_5_reg_2442                 |   1|   0|    1|          0|
    |icmp_ln1549_6_reg_2481                 |   1|   0|    1|          0|
    |icmp_ln1549_7_reg_2369                 |   1|   0|    1|          0|
    |icmp_ln1549_8_reg_2374                 |   1|   0|    1|          0|
    |icmp_ln1549_9_reg_2447                 |   1|   0|    1|          0|
    |icmp_ln1549_reg_2349                   |   1|   0|    1|          0|
    |inv_exp_sum_V_reg_2861                 |  18|   0|   18|          0|
    |p_Result_37_reg_2531                   |   1|   0|    1|          0|
    |p_Result_38_reg_2537                   |   1|   0|    1|          0|
    |p_Result_39_reg_2548                   |   1|   0|    1|          0|
    |p_Result_40_reg_2554                   |   1|   0|    1|          0|
    |p_read16_reg_2343                      |  16|   0|   16|          0|
    |p_read_10_reg_2307                     |  16|   0|   16|          0|
    |p_read_11_reg_2313                     |  16|   0|   16|          0|
    |p_read_12_reg_2319                     |  16|   0|   16|          0|
    |p_read_13_reg_2325                     |  16|   0|   16|          0|
    |p_read_14_reg_2331                     |  16|   0|   16|          0|
    |p_read_15_reg_2337                     |  16|   0|   16|          0|
    |p_read_1_reg_2253                      |  16|   0|   16|          0|
    |p_read_2_reg_2259                      |  16|   0|   16|          0|
    |p_read_3_reg_2265                      |  16|   0|   16|          0|
    |p_read_4_reg_2271                      |  16|   0|   16|          0|
    |p_read_5_reg_2277                      |  16|   0|   16|          0|
    |p_read_6_reg_2283                      |  16|   0|   16|          0|
    |p_read_7_reg_2289                      |  16|   0|   16|          0|
    |p_read_8_reg_2295                      |  16|   0|   16|          0|
    |p_read_9_reg_2301                      |  16|   0|   16|          0|
    |ret_V_10_reg_2526                      |  17|   0|   17|          0|
    |ret_V_11_reg_2543                      |  17|   0|   17|          0|
    |select_ln65_10_reg_2425                |  16|   0|   16|          0|
    |select_ln65_10_reg_2425_pp0_iter2_reg  |  16|   0|   16|          0|
    |select_ln65_11_reg_2431                |  16|   0|   16|          0|
    |select_ln65_11_reg_2431_pp0_iter2_reg  |  16|   0|   16|          0|
    |select_ln65_12_reg_2475                |  16|   0|   16|          0|
    |select_ln65_12_reg_2475_pp0_iter4_reg  |  16|   0|   16|          0|
    |select_ln65_13_reg_2497                |  16|   0|   16|          0|
    |select_ln65_13_reg_2497_pp0_iter6_reg  |  16|   0|   16|          0|
    |select_ln65_1_reg_2395                 |  16|   0|   16|          0|
    |select_ln65_1_reg_2395_pp0_iter2_reg   |  16|   0|   16|          0|
    |select_ln65_2_reg_2457                 |  16|   0|   16|          0|
    |select_ln65_2_reg_2457_pp0_iter4_reg   |  16|   0|   16|          0|
    |select_ln65_3_reg_2401                 |  16|   0|   16|          0|
    |select_ln65_3_reg_2401_pp0_iter2_reg   |  16|   0|   16|          0|
    |select_ln65_4_reg_2407                 |  16|   0|   16|          0|
    |select_ln65_4_reg_2407_pp0_iter2_reg   |  16|   0|   16|          0|
    |select_ln65_5_reg_2463                 |  16|   0|   16|          0|
    |select_ln65_5_reg_2463_pp0_iter4_reg   |  16|   0|   16|          0|
    |select_ln65_6_reg_2491                 |  16|   0|   16|          0|
    |select_ln65_6_reg_2491_pp0_iter6_reg   |  16|   0|   16|          0|
    |select_ln65_7_reg_2413                 |  16|   0|   16|          0|
    |select_ln65_7_reg_2413_pp0_iter2_reg   |  16|   0|   16|          0|
    |select_ln65_8_reg_2419                 |  16|   0|   16|          0|
    |select_ln65_8_reg_2419_pp0_iter2_reg   |  16|   0|   16|          0|
    |select_ln65_9_reg_2469                 |  16|   0|   16|          0|
    |select_ln65_9_reg_2469_pp0_iter4_reg   |  16|   0|   16|          0|
    |select_ln65_reg_2389                   |  16|   0|   16|          0|
    |select_ln65_reg_2389_pp0_iter2_reg     |  16|   0|   16|          0|
    |sext_ln1246_1_reg_2508                 |  17|   0|   17|          0|
    |y_12_reg_2620                          |  10|   0|   10|          0|
    |y_13_reg_2625                          |  10|   0|   10|          0|
    |y_14_reg_2630                          |  10|   0|   10|          0|
    |y_15_reg_2635                          |  10|   0|   10|          0|
    |y_16_reg_2851                          |  10|   0|   10|          0|
    |y_1_reg_2565                           |  10|   0|   10|          0|
    |y_2_reg_2570                           |  10|   0|   10|          0|
    |y_2_reg_2570_pp0_iter9_reg             |  10|   0|   10|          0|
    |y_3_reg_2575                           |  10|   0|   10|          0|
    |y_3_reg_2575_pp0_iter9_reg             |  10|   0|   10|          0|
    |y_4_reg_2580                           |  10|   0|   10|          0|
    |y_4_reg_2580_pp0_iter9_reg             |  10|   0|   10|          0|
    |y_5_reg_2585                           |  10|   0|   10|          0|
    |y_5_reg_2585_pp0_iter9_reg             |  10|   0|   10|          0|
    |y_6_reg_2590                           |  10|   0|   10|          0|
    |y_7_reg_2595                           |  10|   0|   10|          0|
    |y_8_reg_2600                           |  10|   0|   10|          0|
    |y_9_reg_2605                           |  10|   0|   10|          0|
    |y_reg_2560                             |  10|   0|   10|          0|
    |exp_res_V_0_reg_2722                   |  64|  32|   18|          0|
    |exp_res_V_10_reg_2710                  |  64|  32|   18|          0|
    |exp_res_V_11_reg_2716                  |  64|  32|   18|          0|
    |exp_res_V_12_reg_2758                  |  64|  32|   18|          0|
    |exp_res_V_13_reg_2764                  |  64|  32|   18|          0|
    |exp_res_V_14_reg_2770                  |  64|  32|   18|          0|
    |exp_res_V_15_reg_2776                  |  64|  32|   18|          0|
    |exp_res_V_1_reg_2728                   |  64|  32|   18|          0|
    |exp_res_V_2_reg_2787                   |  64|  32|   18|          0|
    |exp_res_V_3_reg_2793                   |  64|  32|   18|          0|
    |exp_res_V_4_reg_2799                   |  64|  32|   18|          0|
    |exp_res_V_5_reg_2805                   |  64|  32|   18|          0|
    |exp_res_V_6_reg_2734                   |  64|  32|   18|          0|
    |exp_res_V_7_reg_2740                   |  64|  32|   18|          0|
    |exp_res_V_8_reg_2746                   |  64|  32|   18|          0|
    |exp_res_V_9_reg_2752                   |  64|  32|   18|          0|
    |p_read16_reg_2343                      |  64|  32|   16|          0|
    |p_read_10_reg_2307                     |  64|  32|   16|          0|
    |p_read_11_reg_2313                     |  64|  32|   16|          0|
    |p_read_12_reg_2319                     |  64|  32|   16|          0|
    |p_read_13_reg_2325                     |  64|  32|   16|          0|
    |p_read_14_reg_2331                     |  64|  32|   16|          0|
    |p_read_15_reg_2337                     |  64|  32|   16|          0|
    |p_read_1_reg_2253                      |  64|  32|   16|          0|
    |p_read_2_reg_2259                      |  64|  32|   16|          0|
    |p_read_3_reg_2265                      |  64|  32|   16|          0|
    |p_read_4_reg_2271                      |  64|  32|   16|          0|
    |p_read_5_reg_2277                      |  64|  32|   16|          0|
    |p_read_6_reg_2283                      |  64|  32|   16|          0|
    |p_read_7_reg_2289                      |  64|  32|   16|          0|
    |p_read_8_reg_2295                      |  64|  32|   16|          0|
    |p_read_9_reg_2301                      |  64|  32|   16|          0|
    +---------------------------------------+----+----+-----+-----------+
    |Total                                  |3499|1024| 1995|          0|
    +---------------------------------------+----+----+-----+-----------+



================================================================
== Interface
================================================================
* Summary: 
+--------------+-----+-----+------------+---------------------------------------------------------------+--------------+
|   RTL Ports  | Dir | Bits|  Protocol  |                         Source Object                         |    C Type    |
+--------------+-----+-----+------------+---------------------------------------------------------------+--------------+
|ap_clk        |   in|    1|  ap_ctrl_hs|  softmax_stable<ap_fixed,ap_fixed<16,6,5,3,0>,softmax_config7>|  return value|
|ap_rst        |   in|    1|  ap_ctrl_hs|  softmax_stable<ap_fixed,ap_fixed<16,6,5,3,0>,softmax_config7>|  return value|
|ap_start      |   in|    1|  ap_ctrl_hs|  softmax_stable<ap_fixed,ap_fixed<16,6,5,3,0>,softmax_config7>|  return value|
|ap_done       |  out|    1|  ap_ctrl_hs|  softmax_stable<ap_fixed,ap_fixed<16,6,5,3,0>,softmax_config7>|  return value|
|ap_idle       |  out|    1|  ap_ctrl_hs|  softmax_stable<ap_fixed,ap_fixed<16,6,5,3,0>,softmax_config7>|  return value|
|ap_ready      |  out|    1|  ap_ctrl_hs|  softmax_stable<ap_fixed,ap_fixed<16,6,5,3,0>,softmax_config7>|  return value|
|ap_return_0   |  out|   16|  ap_ctrl_hs|  softmax_stable<ap_fixed,ap_fixed<16,6,5,3,0>,softmax_config7>|  return value|
|ap_return_1   |  out|   16|  ap_ctrl_hs|  softmax_stable<ap_fixed,ap_fixed<16,6,5,3,0>,softmax_config7>|  return value|
|ap_return_2   |  out|   16|  ap_ctrl_hs|  softmax_stable<ap_fixed,ap_fixed<16,6,5,3,0>,softmax_config7>|  return value|
|ap_return_3   |  out|   16|  ap_ctrl_hs|  softmax_stable<ap_fixed,ap_fixed<16,6,5,3,0>,softmax_config7>|  return value|
|ap_return_4   |  out|   16|  ap_ctrl_hs|  softmax_stable<ap_fixed,ap_fixed<16,6,5,3,0>,softmax_config7>|  return value|
|ap_return_5   |  out|   16|  ap_ctrl_hs|  softmax_stable<ap_fixed,ap_fixed<16,6,5,3,0>,softmax_config7>|  return value|
|ap_return_6   |  out|   16|  ap_ctrl_hs|  softmax_stable<ap_fixed,ap_fixed<16,6,5,3,0>,softmax_config7>|  return value|
|ap_return_7   |  out|   16|  ap_ctrl_hs|  softmax_stable<ap_fixed,ap_fixed<16,6,5,3,0>,softmax_config7>|  return value|
|ap_return_8   |  out|   16|  ap_ctrl_hs|  softmax_stable<ap_fixed,ap_fixed<16,6,5,3,0>,softmax_config7>|  return value|
|ap_return_9   |  out|   16|  ap_ctrl_hs|  softmax_stable<ap_fixed,ap_fixed<16,6,5,3,0>,softmax_config7>|  return value|
|ap_return_10  |  out|   16|  ap_ctrl_hs|  softmax_stable<ap_fixed,ap_fixed<16,6,5,3,0>,softmax_config7>|  return value|
|ap_return_11  |  out|   16|  ap_ctrl_hs|  softmax_stable<ap_fixed,ap_fixed<16,6,5,3,0>,softmax_config7>|  return value|
|ap_return_12  |  out|   16|  ap_ctrl_hs|  softmax_stable<ap_fixed,ap_fixed<16,6,5,3,0>,softmax_config7>|  return value|
|ap_return_13  |  out|   16|  ap_ctrl_hs|  softmax_stable<ap_fixed,ap_fixed<16,6,5,3,0>,softmax_config7>|  return value|
|ap_return_14  |  out|   16|  ap_ctrl_hs|  softmax_stable<ap_fixed,ap_fixed<16,6,5,3,0>,softmax_config7>|  return value|
|ap_return_15  |  out|   16|  ap_ctrl_hs|  softmax_stable<ap_fixed,ap_fixed<16,6,5,3,0>,softmax_config7>|  return value|
|p_read        |   in|   16|     ap_none|                                                         p_read|        scalar|
|p_read1       |   in|   16|     ap_none|                                                        p_read1|        scalar|
|p_read2       |   in|   16|     ap_none|                                                        p_read2|        scalar|
|p_read3       |   in|   16|     ap_none|                                                        p_read3|        scalar|
|p_read4       |   in|   16|     ap_none|                                                        p_read4|        scalar|
|p_read5       |   in|   16|     ap_none|                                                        p_read5|        scalar|
|p_read6       |   in|   16|     ap_none|                                                        p_read6|        scalar|
|p_read7       |   in|   16|     ap_none|                                                        p_read7|        scalar|
|p_read8       |   in|   16|     ap_none|                                                        p_read8|        scalar|
|p_read9       |   in|   16|     ap_none|                                                        p_read9|        scalar|
|p_read10      |   in|   16|     ap_none|                                                       p_read10|        scalar|
|p_read11      |   in|   16|     ap_none|                                                       p_read11|        scalar|
|p_read12      |   in|   16|     ap_none|                                                       p_read12|        scalar|
|p_read13      |   in|   16|     ap_none|                                                       p_read13|        scalar|
|p_read14      |   in|   16|     ap_none|                                                       p_read14|        scalar|
|p_read15      |   in|   16|     ap_none|                                                       p_read15|        scalar|
+--------------+-----+-----+------------+---------------------------------------------------------------+--------------+

