0.1584513932466507 0.21455644071102142
0.153532013297081 0.2144031524658203
0.1494559794664383 0.2131168097257614
0.14677709341049194 0.21264319121837616
0.14537149667739868 0.21192187070846558
0.14393775165081024 0.21203194558620453
0.1414608657360077 0.20953962206840515
0.1407463252544403 0.2102525681257248
0.13981091976165771 0.20826634764671326
0.13927221298217773 0.20824949443340302
0.13772523403167725 0.2090959995985031
0.13714824616909027 0.20802105963230133
0.13695476949214935 0.20773762464523315
0.1365640014410019 0.2091682404279709
0.13583022356033325 0.20770668983459473
0.13550949096679688 0.207784503698349
0.13541044294834137 0.2073824107646942
0.1353592574596405 0.20738990604877472
0.13482150435447693 0.20678819715976715
0.13481290638446808 0.20661817491054535
0.1349271535873413 0.20647720992565155
0.13475774228572845 0.20712971687316895
0.1343832015991211 0.20714978873729706
0.1344388723373413 0.20736399292945862
0.13429121673107147 0.20634804666042328
