

================================================================
== Vitis HLS Report for 'dense_latency_ap_ufixed_8_0_4_0_0_ap_fixed_16_4_5_3_0_config11_s'
================================================================
* Date:           Mon Jul 17 13:46:48 2023

* Version:        2021.1 (Build 3247384 on Thu Jun 10 19:36:07 MDT 2021)
* Project:        myproject_prj
* Solution:       solution1 (Vivado IP Flow Target)
* Product family: zynq
* Target device:  xc7z007s-clg225-2


================================================================
== Performance Estimates
================================================================
+ Timing: 
    * Summary: 
    +--------+---------+----------+------------+
    |  Clock |  Target | Estimated| Uncertainty|
    +--------+---------+----------+------------+
    |ap_clk  |  3.33 ns|  4.082 ns|     0.42 ns|
    +--------+---------+----------+------------+

+ Latency: 
    * Summary: 
    +---------+---------+----------+----------+-----+-----+---------+
    |  Latency (cycles) |  Latency (absolute) |  Interval | Pipeline|
    |   min   |   max   |    min   |    max   | min | max |   Type  |
    +---------+---------+----------+----------+-----+-----+---------+
    |       47|       47|  0.192 us|  0.192 us|   48|   48|      yes|
    +---------+---------+----------+----------+-----+-----+---------+

    + Detail: 
        * Instance: 
        N/A

        * Loop: 
        N/A



================================================================
== Utilization Estimates
================================================================
* Summary: 
+-----------------+---------+----+-------+-------+-----+
|       Name      | BRAM_18K| DSP|   FF  |  LUT  | URAM|
+-----------------+---------+----+-------+-------+-----+
|DSP              |        -|   -|      -|      -|    -|
|Expression       |        -|   -|      0|   2688|    -|
|FIFO             |        -|   -|      -|      -|    -|
|Instance         |        -|   2|      0|      0|    -|
|Memory           |        -|   -|      -|      -|    -|
|Multiplexer      |        -|   -|      -|    889|    -|
|Register         |        -|   -|   2788|      -|    -|
+-----------------+---------+----+-------+-------+-----+
|Total            |        0|   2|   2788|   3577|    0|
+-----------------+---------+----+-------+-------+-----+
|Available        |      100|  66|  28800|  14400|    0|
+-----------------+---------+----+-------+-------+-----+
|Utilization (%)  |        0|   3|      9|     24|    0|
+-----------------+---------+----+-------+-------+-----+

+ Detail: 
    * Instance: 
    +------------------------+-------------------+---------+----+---+----+-----+
    |        Instance        |       Module      | BRAM_18K| DSP| FF| LUT| URAM|
    +------------------------+-------------------+---------+----+---+----+-----+
    |mul_8ns_9s_16_3_1_U255  |mul_8ns_9s_16_3_1  |        0|   1|  0|   0|    0|
    |mul_8ns_9s_16_3_1_U256  |mul_8ns_9s_16_3_1  |        0|   1|  0|   0|    0|
    +------------------------+-------------------+---------+----+---+----+-----+
    |Total                   |                   |        0|   2|  0|   0|    0|
    +------------------------+-------------------+---------+----+---+----+-----+

    * DSP: 
    N/A

    * Memory: 
    N/A

    * FIFO: 
    N/A

    * Expression: 
    +---------------------------+----------+----+---+----+------------+------------+
    |       Variable Name       | Operation| DSP| FF| LUT| Bitwidth P0| Bitwidth P1|
    +---------------------------+----------+----+---+----+------------+------------+
    |add_ln1171_36_fu_1747_p2   |         +|   0|  0|  15|          15|          15|
    |add_ln1171_37_fu_1797_p2   |         +|   0|  0|  15|          15|          15|
    |add_ln1171_38_fu_1824_p2   |         +|   0|  0|  15|          15|          15|
    |add_ln1171_39_fu_2198_p2   |         +|   0|  0|  15|          15|          15|
    |add_ln1171_40_fu_1196_p2   |         +|   0|  0|  15|          15|          15|
    |add_ln1171_fu_1719_p2      |         +|   0|  0|  14|          14|          14|
    |add_ln712_1691_fu_3771_p2  |         +|   0|  0|  16|          14|          14|
    |add_ln712_1692_fu_2170_p2  |         +|   0|  0|  14|          14|          14|
    |add_ln712_1693_fu_4027_p2  |         +|   0|  0|  15|          15|          15|
    |add_ln712_1694_fu_4118_p2  |         +|   0|  0|  16|          16|          16|
    |add_ln712_1695_fu_2886_p2  |         +|   0|  0|  14|          14|          14|
    |add_ln712_1696_fu_3484_p2  |         +|   0|  0|  15|          15|          15|
    |add_ln712_1697_fu_3191_p2  |         +|   0|  0|  14|          14|          14|
    |add_ln712_1698_fu_3430_p2  |         +|   0|  0|  14|          14|          14|
    |add_ln712_1699_fu_3496_p2  |         +|   0|  0|  15|          15|          15|
    |add_ln712_1700_fu_3608_p2  |         +|   0|  0|  16|          16|          16|
    |add_ln712_1701_fu_4183_p2  |         +|   0|  0|  16|          16|          16|
    |add_ln712_1702_fu_2035_p2  |         +|   0|  0|  14|          14|          14|
    |add_ln712_1703_fu_2101_p2  |         +|   0|  0|  16|          15|          15|
    |add_ln712_1704_fu_2041_p2  |         +|   0|  0|  16|          13|          13|
    |add_ln712_1705_fu_2047_p2  |         +|   0|  0|  16|          13|          13|
    |add_ln712_1706_fu_2110_p2  |         +|   0|  0|  16|          15|          15|
    |add_ln712_1707_fu_3029_p2  |         +|   0|  0|  16|          11|          11|
    |add_ln712_1708_fu_3035_p2  |         +|   0|  0|  16|          11|          11|
    |add_ln712_1709_fu_3323_p2  |         +|   0|  0|  12|          12|          12|
    |add_ln712_1710_fu_3502_p2  |         +|   0|  0|  13|          13|           9|
    |add_ln712_1711_fu_3623_p2  |         +|   0|  0|  16|          14|          14|
    |add_ln712_1712_fu_3629_p2  |         +|   0|  0|  16|          14|          14|
    |add_ln712_1713_fu_3709_p2  |         +|   0|  0|  16|          16|          16|
    |add_ln712_1714_fu_4187_p2  |         +|   0|  0|  16|          16|          16|
    |add_ln712_1715_fu_3715_p2  |         +|   0|  0|  16|          14|          14|
    |add_ln712_1716_fu_3721_p2  |         +|   0|  0|  16|          14|          14|
    |add_ln712_1717_fu_2116_p2  |         +|   0|  0|  14|          14|          14|
    |add_ln712_1718_fu_1882_p2  |         +|   0|  0|  14|          14|          14|
    |add_ln712_1719_fu_2146_p2  |         +|   0|  0|  15|          15|          15|
    |add_ln712_1720_fu_3783_p2  |         +|   0|  0|  16|          16|          16|
    |add_ln712_1721_fu_2380_p2  |         +|   0|  0|  13|          13|          13|
    |add_ln712_1722_fu_3955_p2  |         +|   0|  0|  14|          14|          14|
    |add_ln712_1723_fu_2892_p2  |         +|   0|  0|  14|          14|          14|
    |add_ln712_1724_fu_3197_p2  |         +|   0|  0|  14|          14|          14|
    |add_ln712_1725_fu_3251_p2  |         +|   0|  0|  15|          15|          15|
    |add_ln712_1726_fu_4039_p2  |         +|   0|  0|  16|          16|          16|
    |add_ln712_1727_fu_4267_p2  |         +|   0|  0|  16|          16|          16|
    |add_ln712_1728_fu_3041_p2  |         +|   0|  0|  14|          14|          14|
    |add_ln712_1729_fu_3206_p2  |         +|   0|  0|  15|          15|          15|
    |add_ln712_1730_fu_3727_p2  |         +|   0|  0|  12|          12|          12|
    |add_ln712_1731_fu_4127_p2  |         +|   0|  0|  16|          13|          13|
    |add_ln712_1732_fu_4133_p2  |         +|   0|  0|  16|          13|          13|
    |add_ln712_1733_fu_4198_p2  |         +|   0|  0|  16|          16|          16|
    |add_ln712_1734_fu_3257_p2  |         +|   0|  0|  16|          14|          14|
    |add_ln712_1735_fu_3263_p2  |         +|   0|  0|  16|          14|          14|
    |add_ln712_1736_fu_1372_p2  |         +|   0|  0|  12|          12|          12|
    |add_ln712_1737_fu_1378_p2  |         +|   0|  0|  11|          11|          11|
    |add_ln712_1738_fu_1416_p2  |         +|   0|  0|  14|          14|          14|
    |add_ln712_1739_fu_3334_p2  |         +|   0|  0|  15|          15|          15|
    |add_ln712_1740_fu_4207_p2  |         +|   0|  0|  16|          16|          16|
    |add_ln712_1741_fu_4271_p2  |         +|   0|  0|  16|          16|          16|
    |add_ln712_1742_fu_3961_p2  |         +|   0|  0|  14|          14|          14|
    |add_ln712_1743_fu_4318_p2  |         +|   0|  0|  16|          15|          15|
    |add_ln712_1744_fu_4276_p2  |         +|   0|  0|  16|          13|          13|
    |add_ln712_1745_fu_4282_p2  |         +|   0|  0|  16|          13|          13|
    |add_ln712_1746_fu_4327_p2  |         +|   0|  0|  16|          15|          15|
    |add_ln712_1747_fu_4333_p2  |         +|   0|  0|  16|          14|          14|
    |add_ln712_1748_fu_4339_p2  |         +|   0|  0|  16|          14|          14|
    |add_ln712_1749_fu_3340_p2  |         +|   0|  0|  14|          14|          14|
    |add_ln712_1750_fu_1532_p2  |         +|   0|  0|  12|          12|          12|
    |add_ln712_1751_fu_3442_p2  |         +|   0|  0|  15|          15|          15|
    |add_ln712_1752_fu_4355_p2  |         +|   0|  0|  16|          16|          16|
    |add_ln712_1753_fu_4373_p2  |         +|   0|  0|  16|          16|          16|
    |add_ln712_1754_fu_1888_p2  |         +|   0|  0|  10|          10|          10|
    |add_ln712_1755_fu_2056_p2  |         +|   0|  0|  11|          11|          11|
    |add_ln712_1756_fu_2335_p2  |         +|   0|  0|  11|          11|          11|
    |add_ln712_1757_fu_2345_p2  |         +|   0|  0|  12|          12|          12|
    |add_ln712_1758_fu_2392_p2  |         +|   0|  0|  13|          13|          13|
    |add_ln712_1759_fu_1212_p2  |         +|   0|  0|  12|          12|          12|
    |add_ln712_1760_fu_2401_p2  |         +|   0|  0|  13|          13|          13|
    |add_ln712_1761_fu_1346_p2  |         +|   0|  0|  13|          13|          13|
    |add_ln712_1762_fu_1422_p2  |         +|   0|  0|  13|          13|           7|
    |add_ln712_1763_fu_1484_p2  |         +|   0|  0|  14|          14|          14|
    |add_ln712_1764_fu_2494_p2  |         +|   0|  0|  15|          15|          15|
    |add_ln712_1765_fu_2583_p2  |         +|   0|  0|  16|          16|          16|
    |add_ln712_1766_fu_4378_p2  |         +|   0|  0|  16|          16|          16|
    |add_ln712_1767_fu_3889_p2  |         +|   0|  0|  16|          13|          13|
    |add_ln712_1768_fu_3895_p2  |         +|   0|  0|  16|          13|          13|
    |add_ln712_1769_fu_3920_p2  |         +|   0|  0|  14|          14|          14|
    |add_ln712_1770_fu_3926_p2  |         +|   0|  0|  14|          14|          14|
    |add_ln712_1771_fu_3976_p2  |         +|   0|  0|  16|          15|          15|
    |add_ln712_1772_fu_3982_p2  |         +|   0|  0|  16|          15|          15|
    |add_ln712_1773_fu_4213_p2  |         +|   0|  0|  16|          14|          14|
    |add_ln712_1774_fu_4219_p2  |         +|   0|  0|  16|          14|          14|
    |add_ln712_1775_fu_2898_p2  |         +|   0|  0|  14|          14|          14|
    |add_ln712_1776_fu_3508_p2  |         +|   0|  0|  13|          13|          13|
    |add_ln712_1777_fu_3641_p2  |         +|   0|  0|  15|          15|          15|
    |add_ln712_1778_fu_4294_p2  |         +|   0|  0|  16|          16|          16|
    |add_ln712_1779_fu_4407_p2  |         +|   0|  0|  16|          16|          16|
    |add_ln712_1780_fu_1507_p2  |         +|   0|  0|  12|          12|          12|
    |add_ln712_1781_fu_4364_p2  |         +|   0|  0|  14|          14|          14|
    |add_ln712_1782_fu_1610_p2  |         +|   0|  0|  14|          14|          14|
    |add_ln712_1783_fu_2351_p2  |         +|   0|  0|  14|          14|          14|
    |add_ln712_1784_fu_2413_p2  |         +|   0|  0|  15|          15|          15|
    |add_ln712_1785_fu_4389_p2  |         +|   0|  0|  16|          16|          16|
    |add_ln712_1786_fu_3047_p2  |         +|   0|  0|  16|          13|          13|
    |add_ln712_1787_fu_1245_p2  |         +|   0|  0|  12|          12|          12|
    |add_ln712_1788_fu_3056_p2  |         +|   0|  0|  16|          13|          13|
    |add_ln712_1789_fu_1352_p2  |         +|   0|  0|  11|          11|          11|
    |add_ln712_1790_fu_3451_p2  |         +|   0|  0|  16|          12|          10|
    |add_ln712_1791_fu_3457_p2  |         +|   0|  0|  16|          12|          12|
    |add_ln712_1792_fu_3520_p2  |         +|   0|  0|  14|          14|          14|
    |add_ln712_1793_fu_4398_p2  |         +|   0|  0|  16|          16|          16|
    |add_ln712_1794_fu_4412_p2  |         +|   0|  0|  16|          16|          16|
    |add_ln712_1795_fu_2062_p2  |         +|   0|  0|  14|          14|          14|
    |add_ln712_1796_fu_3792_p2  |         +|   0|  0|  15|          15|          15|
    |add_ln712_1797_fu_4045_p2  |         +|   0|  0|  16|          14|          14|
    |add_ln712_1798_fu_2357_p2  |         +|   0|  0|  13|          13|          13|
    |add_ln712_1799_fu_4054_p2  |         +|   0|  0|  16|          14|          14|
    |add_ln712_1800_fu_4145_p2  |         +|   0|  0|  16|          16|          16|
    |add_ln712_1801_fu_2904_p2  |         +|   0|  0|  14|          14|          14|
    |add_ln712_1802_fu_3065_p2  |         +|   0|  0|  15|          15|          15|
    |add_ln712_1803_fu_3071_p2  |         +|   0|  0|  14|          14|          14|
    |add_ln712_1804_fu_3077_p2  |         +|   0|  0|  14|          14|          14|
    |add_ln712_1805_fu_3218_p2  |         +|   0|  0|  15|          15|          15|
    |add_ln712_1806_fu_3275_p2  |         +|   0|  0|  16|          16|          16|
    |add_ln712_1807_fu_4225_p2  |         +|   0|  0|  16|          16|          16|
    |add_ln712_1808_fu_1513_p2  |         +|   0|  0|  12|          12|          12|
    |add_ln712_1809_fu_2913_p2  |         +|   0|  0|  14|          14|          14|
    |add_ln712_1810_fu_2068_p2  |         +|   0|  0|  13|          13|          13|
    |add_ln712_1811_fu_2074_p2  |         +|   0|  0|  13|          13|          13|
    |add_ln712_1812_fu_2128_p2  |         +|   0|  0|  14|          14|          14|
    |add_ln712_1813_fu_3089_p2  |         +|   0|  0|  16|          16|          16|
    |add_ln712_1814_fu_1160_p2  |         +|   0|  0|  13|          13|          13|
    |add_ln712_1815_fu_2592_p2  |         +|   0|  0|  16|          14|          14|
    |add_ln712_1816_fu_2598_p2  |         +|   0|  0|  16|          14|          14|
    |add_ln712_1817_fu_1384_p2  |         +|   0|  0|  12|          12|          12|
    |add_ln712_1818_fu_1390_p2  |         +|   0|  0|  12|          12|           9|
    |add_ln712_1819_fu_1434_p2  |         +|   0|  0|  13|          13|          13|
    |add_ln712_1820_fu_2925_p2  |         +|   0|  0|  15|          15|          15|
    |add_ln712_1821_fu_3098_p2  |         +|   0|  0|  16|          16|          16|
    |add_ln712_1822_fu_4229_p2  |         +|   0|  0|  16|          16|          16|
    |add_ln712_fu_3765_p2       |         +|   0|  0|  16|          14|          14|
    |add_ln717_139_fu_2229_p2   |         +|   0|  0|  13|          13|          13|
    |add_ln717_140_fu_1327_p2   |         +|   0|  0|  11|          11|          11|
    |add_ln717_fu_1854_p2       |         +|   0|  0|  12|          12|          12|
    |sub_ln1171_458_fu_4162_p2  |         -|   0|  0|  13|           1|          13|
    |sub_ln1171_459_fu_4240_p2  |         -|   0|  0|  14|          14|          14|
    |sub_ln1171_460_fu_1628_p2  |         -|   0|  0|  15|           1|          15|
    |sub_ln1171_461_fu_1919_p2  |         -|   0|  0|  16|          16|          16|
    |sub_ln1171_462_fu_1946_p2  |         -|   0|  0|  13|          13|          13|
    |sub_ln1171_463_fu_1973_p2  |         -|   0|  0|  16|          16|          16|
    |sub_ln1171_464_fu_1457_p2  |         -|   0|  0|  16|          16|          16|
    |sub_ln1171_465_fu_1675_p2  |         -|   0|  0|  16|           1|          16|
    |sub_ln1171_466_fu_1582_p2  |         -|   0|  0|  16|          16|          16|
    |sub_ln1171_467_fu_3824_p2  |         -|   0|  0|  10|           1|          10|
    |sub_ln1171_468_fu_3759_p2  |         -|   0|  0|  15|           1|          15|
    |sub_ln1171_469_fu_3857_p2  |         -|   0|  0|  16|          16|          16|
    |sub_ln1171_470_fu_3873_p2  |         -|   0|  0|   9|           1|           9|
    |sub_ln1171_471_fu_2249_p2  |         -|   0|  0|  15|          15|          15|
    |sub_ln1171_472_fu_4073_p2  |         -|   0|  0|   9|           1|           9|
    |sub_ln1171_473_fu_4010_p2  |         -|   0|  0|  12|           1|          12|
    |sub_ln1171_474_fu_4092_p2  |         -|   0|  0|  13|          13|          13|
    |sub_ln1171_475_fu_3368_p2  |         -|   0|  0|  16|           1|          16|
    |sub_ln1171_476_fu_2626_p2  |         -|   0|  0|  16|          16|          16|
    |sub_ln1171_477_fu_3126_p2  |         -|   0|  0|  15|          15|          15|
    |sub_ln1171_478_fu_2430_p2  |         -|   0|  0|  15|           1|          15|
    |sub_ln1171_479_fu_2509_p2  |         -|   0|  0|  16|          16|          16|
    |sub_ln1171_480_fu_2536_p2  |         -|   0|  0|  16|           1|          16|
    |sub_ln1171_481_fu_3153_p2  |         -|   0|  0|  10|           1|          10|
    |sub_ln1171_482_fu_2456_p2  |         -|   0|  0|  16|           1|          16|
    |sub_ln1171_483_fu_2472_p2  |         -|   0|  0|  16|          16|          16|
    |sub_ln1171_484_fu_2731_p2  |         -|   0|  0|  15|          15|          15|
    |sub_ln1171_485_fu_2762_p2  |         -|   0|  0|  16|           1|          16|
    |sub_ln1171_486_fu_3406_p2  |         -|   0|  0|  15|          15|          15|
    |sub_ln1171_487_fu_2789_p2  |         -|   0|  0|  14|           1|          14|
    |sub_ln1171_488_fu_2972_p2  |         -|   0|  0|  15|          15|          15|
    |sub_ln1171_489_fu_3007_p2  |         -|   0|  0|  16|           1|          16|
    |sub_ln1171_490_fu_2571_p2  |         -|   0|  0|  13|           1|          13|
    |sub_ln1171_491_fu_2839_p2  |         -|   0|  0|  14|          14|          14|
    |sub_ln1171_492_fu_2866_p2  |         -|   0|  0|  10|           1|          10|
    |sub_ln1171_511_fu_3664_p2  |         -|   0|  0|  11|          11|          11|
    |sub_ln1171_512_fu_2809_p2  |         -|   0|  0|  15|          15|          15|
    |sub_ln1171_fu_3548_p2      |         -|   0|  0|  12|          12|          12|
    |sub_ln717_197_fu_1648_p2   |         -|   0|  0|  13|          13|          13|
    |sub_ln717_198_fu_3586_p2   |         -|   0|  0|  12|          12|          12|
    |sub_ln717_199_fu_2279_p2   |         -|   0|  0|  12|          12|          12|
    |sub_ln717_200_fu_2691_p2   |         -|   0|  0|  13|          13|          13|
    |sub_ln717_201_fu_1307_p2   |         -|   0|  0|  13|          13|          13|
    |sub_ln717_fu_3295_p2       |         -|   0|  0|  13|          13|          13|
    +---------------------------+----------+----+---+----+------------+------------+
    |Total                      |          |   0|  0|2688|        2379|        2587|
    +---------------------------+----------+----+---+----+------------+------------+

    * Multiplexer: 
    +---------------+-----+-----------+-----+-----------+
    |      Name     | LUT | Input Size| Bits| Total Bits|
    +---------------+-----+-----------+-----+-----------+
    |ap_NS_fsm      |  213|         49|    1|         49|
    |grp_fu_472_p0  |  193|         44|    8|        352|
    |grp_fu_472_p1  |  145|         31|    9|        279|
    |grp_fu_473_p0  |  189|         43|    8|        344|
    |grp_fu_473_p1  |  149|         33|    9|        297|
    +---------------+-----+-----------+-----+-----------+
    |Total          |  889|        200|   35|       1321|
    +---------------+-----+-----------+-----+-----------+

    * Register: 
    +-------------------------------+----+----+-----+-----------+
    |              Name             | FF | LUT| Bits| Const Bits|
    +-------------------------------+----+----+-----+-----------+
    |add_ln712_1691_reg_5585        |  14|   0|   14|          0|
    |add_ln712_1692_reg_5086        |  14|   0|   14|          0|
    |add_ln712_1693_reg_5681        |  15|   0|   15|          0|
    |add_ln712_1694_reg_5711        |  16|   0|   16|          0|
    |add_ln712_1695_reg_5289        |  14|   0|   14|          0|
    |add_ln712_1696_reg_5490        |  15|   0|   15|          0|
    |add_ln712_1697_reg_5384        |  14|   0|   14|          0|
    |add_ln712_1698_reg_5470        |  14|   0|   14|          0|
    |add_ln712_1699_reg_5495        |  15|   0|   15|          0|
    |add_ln712_1700_reg_5535        |  16|   0|   16|          0|
    |add_ln712_1702_reg_4999        |  14|   0|   14|          0|
    |add_ln712_1705_reg_5004        |  13|   0|   13|          0|
    |add_ln712_1706_reg_5039        |  15|   0|   15|          0|
    |add_ln712_1708_reg_5339        |  11|   0|   11|          0|
    |add_ln712_1709_reg_5435        |  12|   0|   12|          0|
    |add_ln712_1710_reg_5500        |  13|   0|   13|          0|
    |add_ln712_1712_reg_5540        |  14|   0|   14|          0|
    |add_ln712_1713_reg_5565        |  16|   0|   16|          0|
    |add_ln712_1714_reg_5736        |  16|   0|   16|          0|
    |add_ln712_1716_reg_5570        |  14|   0|   14|          0|
    |add_ln712_1717_reg_5044        |  14|   0|   14|          0|
    |add_ln712_1718_reg_4949        |  14|   0|   14|          0|
    |add_ln712_1719_reg_5065        |  15|   0|   15|          0|
    |add_ln712_1720_reg_5590        |  16|   0|   16|          0|
    |add_ln712_1721_reg_5147        |  13|   0|   13|          0|
    |add_ln712_1722_reg_5651        |  14|   0|   14|          0|
    |add_ln712_1723_reg_5294        |  14|   0|   14|          0|
    |add_ln712_1724_reg_5389        |  14|   0|   14|          0|
    |add_ln712_1725_reg_5410        |  15|   0|   15|          0|
    |add_ln712_1726_reg_5686        |  16|   0|   16|          0|
    |add_ln712_1728_reg_5344        |  14|   0|   14|          0|
    |add_ln712_1729_reg_5394        |  15|   0|   15|          0|
    |add_ln712_1730_reg_5575        |  12|   0|   12|          0|
    |add_ln712_1732_reg_5716        |  13|   0|   13|          0|
    |add_ln712_1735_reg_5415        |  14|   0|   14|          0|
    |add_ln712_1736_reg_4707        |  12|   0|   12|          0|
    |add_ln712_1737_reg_4712        |  11|   0|   11|          0|
    |add_ln712_1738_reg_4744        |  14|   0|   14|          0|
    |add_ln712_1739_reg_5440        |  15|   0|   15|          0|
    |add_ln712_1740_reg_5741        |  16|   0|   16|          0|
    |add_ln712_1741_reg_5761        |  16|   0|   16|          0|
    |add_ln712_1742_reg_5656        |  14|   0|   14|          0|
    |add_ln712_1745_reg_5766        |  13|   0|   13|          0|
    |add_ln712_1746_reg_5776        |  15|   0|   15|          0|
    |add_ln712_1748_reg_5781        |  14|   0|   14|          0|
    |add_ln712_1749_reg_5445        |  14|   0|   14|          0|
    |add_ln712_1750_reg_4825        |  12|   0|   12|          0|
    |add_ln712_1751_reg_5475        |  15|   0|   15|          0|
    |add_ln712_1752_reg_5786        |  16|   0|   16|          0|
    |add_ln712_1754_reg_4954        |  10|   0|   10|          0|
    |add_ln712_1755_reg_5009        |  11|   0|   11|          0|
    |add_ln712_1757_reg_5126        |  12|   0|   12|          0|
    |add_ln712_1758_reg_5152        |  13|   0|   13|          0|
    |add_ln712_1759_reg_4564        |  12|   0|   12|          0|
    |add_ln712_1760_reg_5157        |  13|   0|   13|          0|
    |add_ln712_1761_reg_4686        |  13|   0|   13|          0|
    |add_ln712_1762_reg_4749        |  13|   0|   13|          0|
    |add_ln712_1763_reg_4788        |  14|   0|   14|          0|
    |add_ln712_1764_reg_5198        |  15|   0|   15|          0|
    |add_ln712_1765_reg_5229        |  16|   0|   16|          0|
    |add_ln712_1766_reg_5796        |  16|   0|   16|          0|
    |add_ln712_1768_reg_5620        |  13|   0|   13|          0|
    |add_ln712_1769_reg_5631        |  14|   0|   14|          0|
    |add_ln712_1770_reg_5636        |  14|   0|   14|          0|
    |add_ln712_1772_reg_5661        |  15|   0|   15|          0|
    |add_ln712_1774_reg_5746        |  14|   0|   14|          0|
    |add_ln712_1775_reg_5299        |  14|   0|   14|          0|
    |add_ln712_1776_reg_5505        |  13|   0|   13|          0|
    |add_ln712_1777_reg_5545        |  15|   0|   15|          0|
    |add_ln712_1778_reg_5771        |  16|   0|   16|          0|
    |add_ln712_1780_reg_4809        |  12|   0|   12|          0|
    |add_ln712_1781_reg_5791        |  14|   0|   14|          0|
    |add_ln712_1782_reg_4878        |  14|   0|   14|          0|
    |add_ln712_1783_reg_5131        |  14|   0|   14|          0|
    |add_ln712_1784_reg_5162        |  15|   0|   15|          0|
    |add_ln712_1787_reg_4615        |  12|   0|   12|          0|
    |add_ln712_1788_reg_5349        |  13|   0|   13|          0|
    |add_ln712_1789_reg_4691        |  11|   0|   11|          0|
    |add_ln712_1791_reg_5480        |  12|   0|   12|          0|
    |add_ln712_1792_reg_5510        |  14|   0|   14|          0|
    |add_ln712_1793_reg_5801        |  16|   0|   16|          0|
    |add_ln712_1795_reg_5014        |  14|   0|   14|          0|
    |add_ln712_1796_reg_5595        |  15|   0|   15|          0|
    |add_ln712_1798_reg_5136        |  13|   0|   13|          0|
    |add_ln712_1799_reg_5691        |  14|   0|   14|          0|
    |add_ln712_1800_reg_5721        |  16|   0|   16|          0|
    |add_ln712_1801_reg_5304        |  14|   0|   14|          0|
    |add_ln712_1802_reg_5354        |  15|   0|   15|          0|
    |add_ln712_1803_reg_5359        |  14|   0|   14|          0|
    |add_ln712_1804_reg_5364        |  14|   0|   14|          0|
    |add_ln712_1805_reg_5399        |  15|   0|   15|          0|
    |add_ln712_1806_reg_5420        |  16|   0|   16|          0|
    |add_ln712_1808_reg_4814        |  12|   0|   12|          0|
    |add_ln712_1809_reg_5309        |  14|   0|   14|          0|
    |add_ln712_1810_reg_5019        |  13|   0|   13|          0|
    |add_ln712_1811_reg_5024        |  13|   0|   13|          0|
    |add_ln712_1812_reg_5049        |  14|   0|   14|          0|
    |add_ln712_1814_reg_4538        |  13|   0|   13|          0|
    |add_ln712_1816_reg_5234        |  14|   0|   14|          0|
    |add_ln712_1817_reg_4717        |  12|   0|   12|          0|
    |add_ln712_1818_reg_4722        |  12|   0|   12|          0|
    |add_ln712_1819_reg_4754        |  13|   0|   13|          0|
    |add_ln712_1820_reg_5314        |  15|   0|   15|          0|
    |add_ln712_1821_reg_5369        |  16|   0|   16|          0|
    |add_ln712_1822_reg_5751        |  16|   0|   16|          0|
    |ap_CS_fsm                      |  48|   0|   48|          0|
    |ap_port_reg_p_read             |   8|   0|    8|          0|
    |ap_port_reg_p_read1            |   8|   0|    8|          0|
    |ap_port_reg_p_read11           |   8|   0|    8|          0|
    |ap_port_reg_p_read12           |   8|   0|    8|          0|
    |ap_port_reg_p_read13           |   8|   0|    8|          0|
    |ap_port_reg_p_read15           |   8|   0|    8|          0|
    |ap_port_reg_p_read16           |   8|   0|    8|          0|
    |ap_port_reg_p_read17           |   8|   0|    8|          0|
    |ap_port_reg_p_read18           |   8|   0|    8|          0|
    |ap_port_reg_p_read19           |   8|   0|    8|          0|
    |ap_port_reg_p_read2            |   8|   0|    8|          0|
    |ap_port_reg_p_read20           |   8|   0|    8|          0|
    |ap_port_reg_p_read21           |   8|   0|    8|          0|
    |ap_port_reg_p_read22           |   8|   0|    8|          0|
    |ap_port_reg_p_read23           |   8|   0|    8|          0|
    |ap_port_reg_p_read24           |   8|   0|    8|          0|
    |ap_port_reg_p_read25           |   8|   0|    8|          0|
    |ap_port_reg_p_read26           |   8|   0|    8|          0|
    |ap_port_reg_p_read27           |   8|   0|    8|          0|
    |ap_port_reg_p_read28           |   8|   0|    8|          0|
    |ap_port_reg_p_read29           |   8|   0|    8|          0|
    |ap_port_reg_p_read3            |   8|   0|    8|          0|
    |ap_port_reg_p_read4            |   8|   0|    8|          0|
    |ap_port_reg_p_read5            |   8|   0|    8|          0|
    |ap_port_reg_p_read6            |   8|   0|    8|          0|
    |ap_port_reg_p_read7            |   8|   0|    8|          0|
    |ap_port_reg_p_read8            |   8|   0|    8|          0|
    |ap_port_reg_p_read9            |   8|   0|    8|          0|
    |lshr_ln717_1506_cast_reg_4984  |  13|   0|   13|          0|
    |lshr_ln717_1520_cast_reg_4919  |  12|   0|   12|          0|
    |lshr_ln717_1529_cast_reg_4929  |  12|   0|   12|          0|
    |lshr_ln717_1587_cast_reg_5193  |  13|   0|   13|          0|
    |lshr_ln717_1_reg_5430          |  10|   0|   10|          0|
    |lshr_ln717_3_reg_4914          |  11|   0|   11|          0|
    |lshr_ln717_5_reg_5111          |  11|   0|   11|          0|
    |lshr_ln717_6_reg_4490          |   6|   0|    6|          0|
    |lshr_ln717_7_reg_5173          |  10|   0|   10|          0|
    |lshr_ln717_9_reg_4681          |   8|   0|    8|          0|
    |p_read1056_reg_4452            |   8|   0|    8|          0|
    |p_read1157_reg_4864            |   8|   0|    8|          0|
    |p_read147_reg_4654             |   8|   0|    8|          0|
    |p_read2066_reg_4500            |   8|   0|    8|          0|
    |p_read2167_reg_5167            |   8|   0|    8|          0|
    |p_read248_reg_4727             |   8|   0|    8|          0|
    |p_read349_reg_4891             |   8|   0|    8|          0|
    |p_read450_reg_4767             |   8|   0|    8|          0|
    |p_read46_reg_4628              |   8|   0|    8|          0|
    |p_read551_reg_4759             |   8|   0|    8|          0|
    |p_read652_reg_4883             |   8|   0|    8|          0|
    |p_read753_reg_4793             |   8|   0|    8|          0|
    |p_read854_reg_4830             |   8|   0|    8|          0|
    |p_read_185_reg_4620            |   8|   0|    8|          0|
    |p_read_187_reg_4597            |   8|   0|    8|          0|
    |p_read_188_reg_4569            |   8|   0|    8|          0|
    |p_read_189_reg_4577            |   8|   0|    8|          0|
    |p_read_190_reg_4543            |   8|   0|    8|          0|
    |p_read_191_reg_5239            |   8|   0|    8|          0|
    |p_read_192_reg_4523            |   8|   0|    8|          0|
    |p_read_193_reg_4506            |   8|   0|    8|          0|
    |p_read_194_reg_4470            |   8|   0|    8|          0|
    |p_read_195_reg_4478            |   8|   0|    8|          0|
    |p_read_196_reg_5070            |   8|   0|    8|          0|
    |p_read_197_reg_5054            |   8|   0|    8|          0|
    |p_read_198_reg_4443            |   8|   0|    8|          0|
    |p_read_199_reg_4959            |   8|   0|    8|          0|
    |p_read_200_reg_4967            |   8|   0|    8|          0|
    |r_V_13_reg_4989                |   8|   0|   16|          8|
    |r_V_9_reg_4848                 |   8|   0|   16|          8|
    |reg_1046                       |  12|   0|   12|          0|
    |reg_1050                       |  12|   0|   12|          0|
    |reg_1054                       |  11|   0|   11|          0|
    |reg_1058                       |  11|   0|   11|          0|
    |reg_1062                       |  10|   0|   10|          0|
    |reg_1066                       |  12|   0|   12|          0|
    |reg_1070                       |  10|   0|   10|          0|
    |reg_1074                       |   9|   0|    9|          0|
    |reg_1078                       |  13|   0|   13|          0|
    |reg_1082                       |  13|   0|   13|          0|
    |reg_1086                       |  12|   0|   12|          0|
    |reg_1090                       |  13|   0|   13|          0|
    |reg_1094                       |  13|   0|   13|          0|
    |reg_1098                       |  11|   0|   11|          0|
    |shl_ln717_201_reg_4671         |   8|   0|   10|          2|
    |sub_ln1171_458_reg_5726        |   9|   0|   13|          4|
    |sub_ln1171_460_reg_4899        |   9|   0|   15|          6|
    |sub_ln1171_468_reg_5580        |   9|   0|   15|          6|
    |sub_ln1171_473_reg_5666        |   9|   0|   12|          3|
    |sub_ln1171_478_reg_5178        |   9|   0|   15|          6|
    |sub_ln1171_487_reg_5274        |   9|   0|   14|          5|
    |sub_ln1171_490_reg_5224        |   9|   0|   13|          4|
    |trunc_ln1171_13_reg_5091       |  11|   0|   12|          1|
    |trunc_ln1171_14_reg_5096       |  10|   0|   10|          0|
    |trunc_ln1171_25_reg_5254       |  10|   0|   10|          0|
    |trunc_ln1171_28_reg_4559       |  12|   0|   12|          0|
    |trunc_ln1171_29_reg_4676       |  10|   0|   10|          0|
    |trunc_ln1171_31_reg_4644       |  10|   0|   10|          0|
    |trunc_ln1171_3_reg_4778        |  13|   0|   13|          0|
    |trunc_ln1171_5_reg_4904        |  10|   0|   10|          0|
    |trunc_ln1171_8_reg_4924        |  12|   0|   12|          0|
    |trunc_ln1171_9_reg_4859        |  13|   0|   13|          0|
    |trunc_ln1171_s_reg_4934        |  12|   0|   12|          0|
    |trunc_ln717_798_reg_5550       |   8|   0|    8|          0|
    |trunc_ln717_802_reg_4974       |  12|   0|   13|          1|
    |trunc_ln717_803_reg_4979       |  10|   0|   10|          0|
    |trunc_ln717_808_reg_4909       |   9|   0|   13|          4|
    |trunc_ln717_809_reg_5530       |   9|   0|    9|          0|
    |trunc_ln717_820_reg_5605       |   7|   0|    7|          0|
    |trunc_ln717_822_reg_5610       |  13|   0|   13|          0|
    |trunc_ln717_824_reg_5615       |   6|   0|    6|          0|
    |trunc_ln717_825_reg_5101       |  12|   0|   12|          0|
    |trunc_ln717_828_reg_5106       |   9|   0|    9|          0|
    |trunc_ln717_831_reg_5696       |   6|   0|    6|          0|
    |trunc_ln717_832_reg_5701       |  10|   0|   10|          0|
    |trunc_ln717_833_reg_5460       |   9|   0|   13|          4|
    |trunc_ln717_837_reg_5244       |  13|   0|   13|          0|
    |trunc_ln717_840_reg_5374       |  12|   0|   12|          0|
    |trunc_ln717_842_reg_5203       |  12|   0|   12|          0|
    |trunc_ln717_844_reg_5208       |  13|   0|   13|          0|
    |trunc_ln717_845_reg_5213       |   9|   0|   13|          4|
    |trunc_ln717_850_reg_5188       |   9|   0|   13|          4|
    |trunc_ln717_855_reg_5259       |  12|   0|   12|          0|
    |trunc_ln717_857_reg_5269       |   9|   0|   13|          4|
    |trunc_ln717_858_reg_5465       |  12|   0|   12|          0|
    |trunc_ln717_859_reg_5319       |  12|   0|   12|          0|
    |trunc_ln717_860_reg_5334       |   9|   0|   13|          4|
    |trunc_ln717_863_reg_5279       |  12|   0|   12|          0|
    |trunc_ln717_865_reg_5284       |  11|   0|   11|          0|
    |trunc_ln717_s_reg_5756         |  11|   0|   11|          0|
    |trunc_ln_reg_5515              |   9|   0|    9|          0|
    |zext_ln1171_723_reg_4701       |   8|   0|   15|          7|
    |zext_ln1171_739_reg_4783       |   8|   0|   15|          7|
    |zext_ln1171_763_reg_4460       |   8|   0|   15|          7|
    |zext_ln1171_792_reg_5081       |   8|   0|   15|          7|
    |zext_ln1171_797_reg_4484       |   8|   0|   14|          6|
    |zext_ln1171_805_reg_4513       |   8|   0|   15|          7|
    |zext_ln1171_816_reg_4533       |   8|   0|   14|          6|
    |zext_ln1171_839_reg_4609       |   8|   0|   14|          6|
    +-------------------------------+----+----+-----+-----------+
    |Total                          |2788|   0| 2919|        131|
    +-------------------------------+----+----+-----+-----------+



================================================================
== Interface
================================================================
* Summary: 
+-------------+-----+-----+------------+-----------------------------------------------------------------------------+--------------+
|  RTL Ports  | Dir | Bits|  Protocol  |                                Source Object                                |    C Type    |
+-------------+-----+-----+------------+-----------------------------------------------------------------------------+--------------+
|ap_clk       |   in|    1|  ap_ctrl_hs|  dense_latency<ap_ufixed<8, 0, 4, 0, 0>, ap_fixed<16, 4, 5, 3, 0>, config11>|  return value|
|ap_rst       |   in|    1|  ap_ctrl_hs|  dense_latency<ap_ufixed<8, 0, 4, 0, 0>, ap_fixed<16, 4, 5, 3, 0>, config11>|  return value|
|ap_start     |   in|    1|  ap_ctrl_hs|  dense_latency<ap_ufixed<8, 0, 4, 0, 0>, ap_fixed<16, 4, 5, 3, 0>, config11>|  return value|
|ap_done      |  out|    1|  ap_ctrl_hs|  dense_latency<ap_ufixed<8, 0, 4, 0, 0>, ap_fixed<16, 4, 5, 3, 0>, config11>|  return value|
|ap_idle      |  out|    1|  ap_ctrl_hs|  dense_latency<ap_ufixed<8, 0, 4, 0, 0>, ap_fixed<16, 4, 5, 3, 0>, config11>|  return value|
|ap_ready     |  out|    1|  ap_ctrl_hs|  dense_latency<ap_ufixed<8, 0, 4, 0, 0>, ap_fixed<16, 4, 5, 3, 0>, config11>|  return value|
|ap_return_0  |  out|   16|  ap_ctrl_hs|  dense_latency<ap_ufixed<8, 0, 4, 0, 0>, ap_fixed<16, 4, 5, 3, 0>, config11>|  return value|
|ap_return_1  |  out|   16|  ap_ctrl_hs|  dense_latency<ap_ufixed<8, 0, 4, 0, 0>, ap_fixed<16, 4, 5, 3, 0>, config11>|  return value|
|ap_return_2  |  out|   16|  ap_ctrl_hs|  dense_latency<ap_ufixed<8, 0, 4, 0, 0>, ap_fixed<16, 4, 5, 3, 0>, config11>|  return value|
|ap_return_3  |  out|   16|  ap_ctrl_hs|  dense_latency<ap_ufixed<8, 0, 4, 0, 0>, ap_fixed<16, 4, 5, 3, 0>, config11>|  return value|
|ap_return_4  |  out|   16|  ap_ctrl_hs|  dense_latency<ap_ufixed<8, 0, 4, 0, 0>, ap_fixed<16, 4, 5, 3, 0>, config11>|  return value|
|p_read       |   in|    8|     ap_none|                                                                       p_read|        scalar|
|p_read1      |   in|    8|     ap_none|                                                                      p_read1|        scalar|
|p_read2      |   in|    8|     ap_none|                                                                      p_read2|        scalar|
|p_read3      |   in|    8|     ap_none|                                                                      p_read3|        scalar|
|p_read4      |   in|    8|     ap_none|                                                                      p_read4|        scalar|
|p_read5      |   in|    8|     ap_none|                                                                      p_read5|        scalar|
|p_read6      |   in|    8|     ap_none|                                                                      p_read6|        scalar|
|p_read7      |   in|    8|     ap_none|                                                                      p_read7|        scalar|
|p_read8      |   in|    8|     ap_none|                                                                      p_read8|        scalar|
|p_read9      |   in|    8|     ap_none|                                                                      p_read9|        scalar|
|p_read10     |   in|    8|     ap_none|                                                                     p_read10|        scalar|
|p_read11     |   in|    8|     ap_none|                                                                     p_read11|        scalar|
|p_read12     |   in|    8|     ap_none|                                                                     p_read12|        scalar|
|p_read13     |   in|    8|     ap_none|                                                                     p_read13|        scalar|
|p_read14     |   in|    8|     ap_none|                                                                     p_read14|        scalar|
|p_read15     |   in|    8|     ap_none|                                                                     p_read15|        scalar|
|p_read16     |   in|    8|     ap_none|                                                                     p_read16|        scalar|
|p_read17     |   in|    8|     ap_none|                                                                     p_read17|        scalar|
|p_read18     |   in|    8|     ap_none|                                                                     p_read18|        scalar|
|p_read19     |   in|    8|     ap_none|                                                                     p_read19|        scalar|
|p_read20     |   in|    8|     ap_none|                                                                     p_read20|        scalar|
|p_read21     |   in|    8|     ap_none|                                                                     p_read21|        scalar|
|p_read22     |   in|    8|     ap_none|                                                                     p_read22|        scalar|
|p_read23     |   in|    8|     ap_none|                                                                     p_read23|        scalar|
|p_read24     |   in|    8|     ap_none|                                                                     p_read24|        scalar|
|p_read25     |   in|    8|     ap_none|                                                                     p_read25|        scalar|
|p_read26     |   in|    8|     ap_none|                                                                     p_read26|        scalar|
|p_read27     |   in|    8|     ap_none|                                                                     p_read27|        scalar|
|p_read28     |   in|    8|     ap_none|                                                                     p_read28|        scalar|
|p_read29     |   in|    8|     ap_none|                                                                     p_read29|        scalar|
+-------------+-----+-----+------------+-----------------------------------------------------------------------------+--------------+

