

================================================================
== Vitis HLS Report for 'softmax_stable_ap_fixed_ap_fixed_16_6_5_3_0_softmax_config13_s'
================================================================
* Date:           Sun Jul 16 10:55:33 2023

* Version:        2021.1 (Build 3247384 on Thu Jun 10 19:36:07 MDT 2021)
* Project:        myproject_prj
* Solution:       solution1 (Vivado IP Flow Target)
* Product family: zynq
* Target device:  xc7z007s-clg225-2


================================================================
== Performance Estimates
================================================================
+ Timing: 
    * Summary: 
    +--------+---------+----------+------------+
    |  Clock |  Target | Estimated| Uncertainty|
    +--------+---------+----------+------------+
    |ap_clk  |  3.33 ns|  7.947 ns|     0.42 ns|
    +--------+---------+----------+------------+

+ Latency: 
    * Summary: 
    +---------+---------+----------+----------+-----+-----+---------+
    |  Latency (cycles) |  Latency (absolute) |  Interval | Pipeline|
    |   min   |   max   |    min   |    max   | min | max |   Type  |
    +---------+---------+----------+----------+-----+-----+---------+
    |       13|       13|  0.103 us|  0.103 us|    1|    1|      yes|
    +---------+---------+----------+----------+-----+-----+---------+

    + Detail: 
        * Instance: 
        N/A

        * Loop: 
        N/A

============================================================
+ Verbose Summary: Synthesis Manager
============================================================
InlineROM: 1
ExposeGlobal: 0
============================================================
+ Verbose Summary: CDFG Model
============================================================
IsTopModel: 0
ResetActiveHigh: 1
IsCombinational: 0
IsDatapathOnly: 0
HasWiredReturn: 1
HasMFsm: 2
HasVarLatency: 0
IsPipeline: 1
IsRtlPipelined: 1
IsInstanceOverlapped: 0
IsDontTouch: 0
HasImplIP: 0
IsGatedGlobalClock: 0

+ Individual pipeline summary: 
  * Pipeline-0: initiation interval (II) = 1, depth = 14


============================================================
+ Verbose Summary: Schedule
============================================================
* Number of FSM states : 14
* Pipeline : 1
  Pipeline-0 : II = 1, D = 14, States = { 1 2 3 4 5 6 7 8 9 10 11 12 13 14 }
* Dataflow Pipeline: 0

* FSM state transitions: 
1 --> 2 
2 --> 3 
3 --> 4 
4 --> 5 
5 --> 6 
6 --> 7 
7 --> 8 
8 --> 9 
9 --> 10 
10 --> 11 
11 --> 12 
12 --> 13 
13 --> 14 
14 --> 

* FSM state operations: 

State 1 <SV = 0> <Delay = 2.13>
ST_1 : Operation 15 [1/1] (0.00ns)   --->   "%p_read_1 = read i16 @_ssdm_op_Read.ap_auto.i16, i16 %p_read4" [firmware/nnet_utils/nnet_activation.h:216]   --->   Operation 15 'read' 'p_read_1' <Predicate = true> <Delay = 0.00>
ST_1 : Operation 16 [1/1] (0.00ns)   --->   "%p_read_2 = read i16 @_ssdm_op_Read.ap_auto.i16, i16 %p_read3" [firmware/nnet_utils/nnet_activation.h:216]   --->   Operation 16 'read' 'p_read_2' <Predicate = true> <Delay = 0.00>
ST_1 : Operation 17 [1/1] (0.00ns)   --->   "%p_read_3 = read i16 @_ssdm_op_Read.ap_auto.i16, i16 %p_read2" [firmware/nnet_utils/nnet_activation.h:216]   --->   Operation 17 'read' 'p_read_3' <Predicate = true> <Delay = 0.00>
ST_1 : Operation 18 [1/1] (0.00ns)   --->   "%p_read_4 = read i16 @_ssdm_op_Read.ap_auto.i16, i16 %p_read1" [firmware/nnet_utils/nnet_activation.h:216]   --->   Operation 18 'read' 'p_read_4' <Predicate = true> <Delay = 0.00>
ST_1 : Operation 19 [1/1] (0.00ns)   --->   "%p_read_5 = read i16 @_ssdm_op_Read.ap_auto.i16, i16 %p_read" [firmware/nnet_utils/nnet_activation.h:216]   --->   Operation 19 'read' 'p_read_5' <Predicate = true> <Delay = 0.00>
ST_1 : Operation 20 [1/1] (2.13ns)   --->   "%icmp_ln1549 = icmp_slt  i16 %p_read_5, i16 %p_read_4"   --->   Operation 20 'icmp' 'icmp_ln1549' <Predicate = true> <Delay = 2.13> <CoreInst = "Cmp">   --->   Core 9 'Cmp' <Latency = 0> <II = 1> <Delay = 2.13> <FuncUnit> <Opcode : 'icmp'> <InPorts = 2> <OutPorts = 1>
ST_1 : Operation 21 [1/1] (2.13ns)   --->   "%icmp_ln1549_1 = icmp_slt  i16 %p_read_3, i16 %p_read_2"   --->   Operation 21 'icmp' 'icmp_ln1549_1' <Predicate = true> <Delay = 2.13> <CoreInst = "Cmp">   --->   Core 9 'Cmp' <Latency = 0> <II = 1> <Delay = 2.13> <FuncUnit> <Opcode : 'icmp'> <InPorts = 2> <OutPorts = 1>

State 2 <SV = 1> <Delay = 0.80>
ST_2 : Operation 22 [1/1] (0.00ns) (grouped into LUT with out node select_ln65)   --->   "%xor_ln1549 = xor i1 %icmp_ln1549, i1 1"   --->   Operation 22 'xor' 'xor_ln1549' <Predicate = true> <Delay = 0.00> <CoreInst = "LogicGate">   --->   Core 74 'LogicGate' <Latency = 0> <II = 1> <Delay = 0.80> <FuncUnit> <Opcode : 'and' 'or' 'xor'> <InPorts = 2> <OutPorts = 1>
ST_2 : Operation 23 [1/1] (0.80ns) (out node of the LUT)   --->   "%select_ln65 = select i1 %xor_ln1549, i16 %p_read_5, i16 %p_read_4" [firmware/nnet_utils/nnet_common.h:65]   --->   Operation 23 'select' 'select_ln65' <Predicate = true> <Delay = 0.80> <CoreInst = "Sel">   --->   Core 73 'Sel' <Latency = 0> <II = 1> <Delay = 0.99> <FuncUnit> <Opcode : 'select'> <InPorts = 3> <OutPorts = 1>
ST_2 : Operation 24 [1/1] (0.00ns) (grouped into LUT with out node select_ln65_1)   --->   "%xor_ln1549_1 = xor i1 %icmp_ln1549_1, i1 1"   --->   Operation 24 'xor' 'xor_ln1549_1' <Predicate = true> <Delay = 0.00> <CoreInst = "LogicGate">   --->   Core 74 'LogicGate' <Latency = 0> <II = 1> <Delay = 0.80> <FuncUnit> <Opcode : 'and' 'or' 'xor'> <InPorts = 2> <OutPorts = 1>
ST_2 : Operation 25 [1/1] (0.80ns) (out node of the LUT)   --->   "%select_ln65_1 = select i1 %xor_ln1549_1, i16 %p_read_3, i16 %p_read_2" [firmware/nnet_utils/nnet_common.h:65]   --->   Operation 25 'select' 'select_ln65_1' <Predicate = true> <Delay = 0.80> <CoreInst = "Sel">   --->   Core 73 'Sel' <Latency = 0> <II = 1> <Delay = 0.99> <FuncUnit> <Opcode : 'select'> <InPorts = 3> <OutPorts = 1>

State 3 <SV = 2> <Delay = 2.13>
ST_3 : Operation 26 [1/1] (2.13ns)   --->   "%icmp_ln1549_2 = icmp_slt  i16 %select_ln65, i16 %select_ln65_1"   --->   Operation 26 'icmp' 'icmp_ln1549_2' <Predicate = true> <Delay = 2.13> <CoreInst = "Cmp">   --->   Core 9 'Cmp' <Latency = 0> <II = 1> <Delay = 2.13> <FuncUnit> <Opcode : 'icmp'> <InPorts = 2> <OutPorts = 1>

State 4 <SV = 3> <Delay = 0.80>
ST_4 : Operation 27 [1/1] (0.00ns) (grouped into LUT with out node select_ln65_2)   --->   "%xor_ln1549_2 = xor i1 %icmp_ln1549_2, i1 1"   --->   Operation 27 'xor' 'xor_ln1549_2' <Predicate = true> <Delay = 0.00> <CoreInst = "LogicGate">   --->   Core 74 'LogicGate' <Latency = 0> <II = 1> <Delay = 0.80> <FuncUnit> <Opcode : 'and' 'or' 'xor'> <InPorts = 2> <OutPorts = 1>
ST_4 : Operation 28 [1/1] (0.80ns) (out node of the LUT)   --->   "%select_ln65_2 = select i1 %xor_ln1549_2, i16 %select_ln65, i16 %select_ln65_1" [firmware/nnet_utils/nnet_common.h:65]   --->   Operation 28 'select' 'select_ln65_2' <Predicate = true> <Delay = 0.80> <CoreInst = "Sel">   --->   Core 73 'Sel' <Latency = 0> <II = 1> <Delay = 0.99> <FuncUnit> <Opcode : 'select'> <InPorts = 3> <OutPorts = 1>

State 5 <SV = 4> <Delay = 2.13>
ST_5 : Operation 29 [1/1] (2.13ns)   --->   "%icmp_ln1549_3 = icmp_slt  i16 %select_ln65_2, i16 %p_read_1"   --->   Operation 29 'icmp' 'icmp_ln1549_3' <Predicate = true> <Delay = 2.13> <CoreInst = "Cmp">   --->   Core 9 'Cmp' <Latency = 0> <II = 1> <Delay = 2.13> <FuncUnit> <Opcode : 'icmp'> <InPorts = 2> <OutPorts = 1>

State 6 <SV = 5> <Delay = 0.80>
ST_6 : Operation 30 [1/1] (0.00ns) (grouped into LUT with out node x_max_V)   --->   "%xor_ln1549_3 = xor i1 %icmp_ln1549_3, i1 1"   --->   Operation 30 'xor' 'xor_ln1549_3' <Predicate = true> <Delay = 0.00> <CoreInst = "LogicGate">   --->   Core 74 'LogicGate' <Latency = 0> <II = 1> <Delay = 0.80> <FuncUnit> <Opcode : 'and' 'or' 'xor'> <InPorts = 2> <OutPorts = 1>
ST_6 : Operation 31 [1/1] (0.80ns) (out node of the LUT)   --->   "%x_max_V = select i1 %xor_ln1549_3, i16 %select_ln65_2, i16 %p_read_1" [firmware/nnet_utils/nnet_common.h:65]   --->   Operation 31 'select' 'x_max_V' <Predicate = true> <Delay = 0.80> <CoreInst = "Sel">   --->   Core 73 'Sel' <Latency = 0> <II = 1> <Delay = 0.99> <FuncUnit> <Opcode : 'select'> <InPorts = 3> <OutPorts = 1>

State 7 <SV = 6> <Delay = 2.54>
ST_7 : Operation 32 [1/1] (0.00ns)   --->   "%sext_ln1246 = sext i16 %p_read_5"   --->   Operation 32 'sext' 'sext_ln1246' <Predicate = true> <Delay = 0.00>
ST_7 : Operation 33 [1/1] (0.00ns)   --->   "%sext_ln1246_1 = sext i16 %x_max_V"   --->   Operation 33 'sext' 'sext_ln1246_1' <Predicate = true> <Delay = 0.00>
ST_7 : Operation 34 [1/1] (1.54ns)   --->   "%ret_V = sub i17 %sext_ln1246, i17 %sext_ln1246_1"   --->   Operation 34 'sub' 'ret_V' <Predicate = true> <Delay = 1.54> <CoreInst = "Adder">   --->   Core 1 'Adder' <Latency = 0> <II = 1> <Delay = 1.54> <FuncUnit> <Opcode : 'add' 'sub'> <InPorts = 2> <OutPorts = 1>
ST_7 : Operation 35 [1/1] (0.00ns)   --->   "%p_Result_6 = bitselect i1 @_ssdm_op_BitSelect.i1.i17.i32, i17 %ret_V, i32 16"   --->   Operation 35 'bitselect' 'p_Result_6' <Predicate = true> <Delay = 0.00>
ST_7 : Operation 36 [1/1] (0.00ns)   --->   "%p_Result_7 = bitselect i1 @_ssdm_op_BitSelect.i1.i17.i32, i17 %ret_V, i32 15"   --->   Operation 36 'bitselect' 'p_Result_7' <Predicate = true> <Delay = 0.00>
ST_7 : Operation 37 [1/1] (0.00ns) (grouped into LUT with out node y)   --->   "%xor_ln794 = xor i1 %p_Result_6, i1 1"   --->   Operation 37 'xor' 'xor_ln794' <Predicate = true> <Delay = 0.00> <CoreInst = "LogicGate">   --->   Core 74 'LogicGate' <Latency = 0> <II = 1> <Delay = 0.80> <FuncUnit> <Opcode : 'and' 'or' 'xor'> <InPorts = 2> <OutPorts = 1>
ST_7 : Operation 38 [1/1] (0.00ns) (grouped into LUT with out node y)   --->   "%overflow = and i1 %p_Result_7, i1 %xor_ln794"   --->   Operation 38 'and' 'overflow' <Predicate = true> <Delay = 0.00> <CoreInst = "LogicGate">   --->   Core 74 'LogicGate' <Latency = 0> <II = 1> <Delay = 0.80> <FuncUnit> <Opcode : 'and' 'or' 'xor'> <InPorts = 2> <OutPorts = 1>
ST_7 : Operation 39 [1/1] (0.00ns) (grouped into LUT with out node y)   --->   "%xor_ln340 = xor i1 %p_Result_6, i1 %p_Result_7"   --->   Operation 39 'xor' 'xor_ln340' <Predicate = true> <Delay = 0.00> <CoreInst = "LogicGate">   --->   Core 74 'LogicGate' <Latency = 0> <II = 1> <Delay = 0.80> <FuncUnit> <Opcode : 'and' 'or' 'xor'> <InPorts = 2> <OutPorts = 1>
ST_7 : Operation 40 [1/1] (0.00ns)   --->   "%sext_ln1246_2 = sext i16 %p_read_4"   --->   Operation 40 'sext' 'sext_ln1246_2' <Predicate = true> <Delay = 0.00>
ST_7 : Operation 41 [1/1] (1.54ns)   --->   "%ret_V_1 = sub i17 %sext_ln1246_2, i17 %sext_ln1246_1"   --->   Operation 41 'sub' 'ret_V_1' <Predicate = true> <Delay = 1.54> <CoreInst = "Adder">   --->   Core 1 'Adder' <Latency = 0> <II = 1> <Delay = 1.54> <FuncUnit> <Opcode : 'add' 'sub'> <InPorts = 2> <OutPorts = 1>
ST_7 : Operation 42 [1/1] (0.00ns)   --->   "%p_Result_8 = bitselect i1 @_ssdm_op_BitSelect.i1.i17.i32, i17 %ret_V_1, i32 16"   --->   Operation 42 'bitselect' 'p_Result_8' <Predicate = true> <Delay = 0.00>
ST_7 : Operation 43 [1/1] (0.00ns)   --->   "%p_Result_9 = bitselect i1 @_ssdm_op_BitSelect.i1.i17.i32, i17 %ret_V_1, i32 15"   --->   Operation 43 'bitselect' 'p_Result_9' <Predicate = true> <Delay = 0.00>
ST_7 : Operation 44 [1/1] (0.00ns) (grouped into LUT with out node y_1)   --->   "%xor_ln794_1 = xor i1 %p_Result_8, i1 1"   --->   Operation 44 'xor' 'xor_ln794_1' <Predicate = true> <Delay = 0.00> <CoreInst = "LogicGate">   --->   Core 74 'LogicGate' <Latency = 0> <II = 1> <Delay = 0.80> <FuncUnit> <Opcode : 'and' 'or' 'xor'> <InPorts = 2> <OutPorts = 1>
ST_7 : Operation 45 [1/1] (0.00ns) (grouped into LUT with out node y_1)   --->   "%overflow_1 = and i1 %p_Result_9, i1 %xor_ln794_1"   --->   Operation 45 'and' 'overflow_1' <Predicate = true> <Delay = 0.00> <CoreInst = "LogicGate">   --->   Core 74 'LogicGate' <Latency = 0> <II = 1> <Delay = 0.80> <FuncUnit> <Opcode : 'and' 'or' 'xor'> <InPorts = 2> <OutPorts = 1>
ST_7 : Operation 46 [1/1] (0.00ns) (grouped into LUT with out node y_1)   --->   "%xor_ln340_1 = xor i1 %p_Result_8, i1 %p_Result_9"   --->   Operation 46 'xor' 'xor_ln340_1' <Predicate = true> <Delay = 0.00> <CoreInst = "LogicGate">   --->   Core 74 'LogicGate' <Latency = 0> <II = 1> <Delay = 0.80> <FuncUnit> <Opcode : 'and' 'or' 'xor'> <InPorts = 2> <OutPorts = 1>
ST_7 : Operation 47 [1/1] (0.00ns)   --->   "%sext_ln1246_3 = sext i16 %p_read_3"   --->   Operation 47 'sext' 'sext_ln1246_3' <Predicate = true> <Delay = 0.00>
ST_7 : Operation 48 [1/1] (1.54ns)   --->   "%ret_V_2 = sub i17 %sext_ln1246_3, i17 %sext_ln1246_1"   --->   Operation 48 'sub' 'ret_V_2' <Predicate = true> <Delay = 1.54> <CoreInst = "Adder">   --->   Core 1 'Adder' <Latency = 0> <II = 1> <Delay = 1.54> <FuncUnit> <Opcode : 'add' 'sub'> <InPorts = 2> <OutPorts = 1>
ST_7 : Operation 49 [1/1] (0.00ns)   --->   "%p_Result_10 = bitselect i1 @_ssdm_op_BitSelect.i1.i17.i32, i17 %ret_V_2, i32 16"   --->   Operation 49 'bitselect' 'p_Result_10' <Predicate = true> <Delay = 0.00>
ST_7 : Operation 50 [1/1] (0.00ns)   --->   "%p_Result_11 = bitselect i1 @_ssdm_op_BitSelect.i1.i17.i32, i17 %ret_V_2, i32 15"   --->   Operation 50 'bitselect' 'p_Result_11' <Predicate = true> <Delay = 0.00>
ST_7 : Operation 51 [1/1] (0.00ns) (grouped into LUT with out node y_2)   --->   "%xor_ln794_2 = xor i1 %p_Result_10, i1 1"   --->   Operation 51 'xor' 'xor_ln794_2' <Predicate = true> <Delay = 0.00> <CoreInst = "LogicGate">   --->   Core 74 'LogicGate' <Latency = 0> <II = 1> <Delay = 0.80> <FuncUnit> <Opcode : 'and' 'or' 'xor'> <InPorts = 2> <OutPorts = 1>
ST_7 : Operation 52 [1/1] (0.00ns) (grouped into LUT with out node y_2)   --->   "%overflow_2 = and i1 %p_Result_11, i1 %xor_ln794_2"   --->   Operation 52 'and' 'overflow_2' <Predicate = true> <Delay = 0.00> <CoreInst = "LogicGate">   --->   Core 74 'LogicGate' <Latency = 0> <II = 1> <Delay = 0.80> <FuncUnit> <Opcode : 'and' 'or' 'xor'> <InPorts = 2> <OutPorts = 1>
ST_7 : Operation 53 [1/1] (0.00ns) (grouped into LUT with out node y_2)   --->   "%xor_ln340_2 = xor i1 %p_Result_10, i1 %p_Result_11"   --->   Operation 53 'xor' 'xor_ln340_2' <Predicate = true> <Delay = 0.00> <CoreInst = "LogicGate">   --->   Core 74 'LogicGate' <Latency = 0> <II = 1> <Delay = 0.80> <FuncUnit> <Opcode : 'and' 'or' 'xor'> <InPorts = 2> <OutPorts = 1>
ST_7 : Operation 54 [1/1] (0.00ns)   --->   "%sext_ln1246_4 = sext i16 %p_read_2"   --->   Operation 54 'sext' 'sext_ln1246_4' <Predicate = true> <Delay = 0.00>
ST_7 : Operation 55 [1/1] (1.54ns)   --->   "%ret_V_3 = sub i17 %sext_ln1246_4, i17 %sext_ln1246_1"   --->   Operation 55 'sub' 'ret_V_3' <Predicate = true> <Delay = 1.54> <CoreInst = "Adder">   --->   Core 1 'Adder' <Latency = 0> <II = 1> <Delay = 1.54> <FuncUnit> <Opcode : 'add' 'sub'> <InPorts = 2> <OutPorts = 1>
ST_7 : Operation 56 [1/1] (0.00ns)   --->   "%p_Result_12 = bitselect i1 @_ssdm_op_BitSelect.i1.i17.i32, i17 %ret_V_3, i32 16"   --->   Operation 56 'bitselect' 'p_Result_12' <Predicate = true> <Delay = 0.00>
ST_7 : Operation 57 [1/1] (0.00ns)   --->   "%p_Result_13 = bitselect i1 @_ssdm_op_BitSelect.i1.i17.i32, i17 %ret_V_3, i32 15"   --->   Operation 57 'bitselect' 'p_Result_13' <Predicate = true> <Delay = 0.00>
ST_7 : Operation 58 [1/1] (0.00ns) (grouped into LUT with out node y_3)   --->   "%xor_ln794_3 = xor i1 %p_Result_12, i1 1"   --->   Operation 58 'xor' 'xor_ln794_3' <Predicate = true> <Delay = 0.00> <CoreInst = "LogicGate">   --->   Core 74 'LogicGate' <Latency = 0> <II = 1> <Delay = 0.80> <FuncUnit> <Opcode : 'and' 'or' 'xor'> <InPorts = 2> <OutPorts = 1>
ST_7 : Operation 59 [1/1] (0.00ns) (grouped into LUT with out node y_3)   --->   "%overflow_3 = and i1 %p_Result_13, i1 %xor_ln794_3"   --->   Operation 59 'and' 'overflow_3' <Predicate = true> <Delay = 0.00> <CoreInst = "LogicGate">   --->   Core 74 'LogicGate' <Latency = 0> <II = 1> <Delay = 0.80> <FuncUnit> <Opcode : 'and' 'or' 'xor'> <InPorts = 2> <OutPorts = 1>
ST_7 : Operation 60 [1/1] (0.00ns) (grouped into LUT with out node y_3)   --->   "%xor_ln340_3 = xor i1 %p_Result_12, i1 %p_Result_13"   --->   Operation 60 'xor' 'xor_ln340_3' <Predicate = true> <Delay = 0.00> <CoreInst = "LogicGate">   --->   Core 74 'LogicGate' <Latency = 0> <II = 1> <Delay = 0.80> <FuncUnit> <Opcode : 'and' 'or' 'xor'> <InPorts = 2> <OutPorts = 1>
ST_7 : Operation 61 [1/1] (0.00ns)   --->   "%sext_ln1246_5 = sext i16 %p_read_1"   --->   Operation 61 'sext' 'sext_ln1246_5' <Predicate = true> <Delay = 0.00>
ST_7 : Operation 62 [1/1] (1.54ns)   --->   "%ret_V_4 = sub i17 %sext_ln1246_5, i17 %sext_ln1246_1"   --->   Operation 62 'sub' 'ret_V_4' <Predicate = true> <Delay = 1.54> <CoreInst = "Adder">   --->   Core 1 'Adder' <Latency = 0> <II = 1> <Delay = 1.54> <FuncUnit> <Opcode : 'add' 'sub'> <InPorts = 2> <OutPorts = 1>
ST_7 : Operation 63 [1/1] (0.00ns)   --->   "%p_Result_14 = bitselect i1 @_ssdm_op_BitSelect.i1.i17.i32, i17 %ret_V_4, i32 16"   --->   Operation 63 'bitselect' 'p_Result_14' <Predicate = true> <Delay = 0.00>
ST_7 : Operation 64 [1/1] (0.00ns)   --->   "%p_Result_15 = bitselect i1 @_ssdm_op_BitSelect.i1.i17.i32, i17 %ret_V_4, i32 15"   --->   Operation 64 'bitselect' 'p_Result_15' <Predicate = true> <Delay = 0.00>
ST_7 : Operation 65 [1/1] (0.00ns) (grouped into LUT with out node y_4)   --->   "%xor_ln794_4 = xor i1 %p_Result_14, i1 1"   --->   Operation 65 'xor' 'xor_ln794_4' <Predicate = true> <Delay = 0.00> <CoreInst = "LogicGate">   --->   Core 74 'LogicGate' <Latency = 0> <II = 1> <Delay = 0.80> <FuncUnit> <Opcode : 'and' 'or' 'xor'> <InPorts = 2> <OutPorts = 1>
ST_7 : Operation 66 [1/1] (0.00ns) (grouped into LUT with out node y_4)   --->   "%overflow_4 = and i1 %p_Result_15, i1 %xor_ln794_4"   --->   Operation 66 'and' 'overflow_4' <Predicate = true> <Delay = 0.00> <CoreInst = "LogicGate">   --->   Core 74 'LogicGate' <Latency = 0> <II = 1> <Delay = 0.80> <FuncUnit> <Opcode : 'and' 'or' 'xor'> <InPorts = 2> <OutPorts = 1>
ST_7 : Operation 67 [1/1] (0.00ns) (grouped into LUT with out node y_4)   --->   "%xor_ln340_4 = xor i1 %p_Result_14, i1 %p_Result_15"   --->   Operation 67 'xor' 'xor_ln340_4' <Predicate = true> <Delay = 0.00> <CoreInst = "LogicGate">   --->   Core 74 'LogicGate' <Latency = 0> <II = 1> <Delay = 0.80> <FuncUnit> <Opcode : 'and' 'or' 'xor'> <InPorts = 2> <OutPorts = 1>
ST_7 : Operation 68 [1/1] (0.00ns) (grouped into LUT with out node y)   --->   "%select_ln384 = select i1 %overflow, i10 511, i10 512"   --->   Operation 68 'select' 'select_ln384' <Predicate = true> <Delay = 0.00> <CoreInst = "Sel">   --->   Core 73 'Sel' <Latency = 0> <II = 1> <Delay = 0.99> <FuncUnit> <Opcode : 'select'> <InPorts = 3> <OutPorts = 1>
ST_7 : Operation 69 [1/1] (0.00ns) (grouped into LUT with out node y)   --->   "%tmp = partselect i10 @_ssdm_op_PartSelect.i10.i17.i32.i32, i17 %ret_V, i32 6, i32 15"   --->   Operation 69 'partselect' 'tmp' <Predicate = true> <Delay = 0.00>
ST_7 : Operation 70 [1/1] (0.99ns) (out node of the LUT)   --->   "%y = select i1 %xor_ln340, i10 %select_ln384, i10 %tmp"   --->   Operation 70 'select' 'y' <Predicate = true> <Delay = 0.99> <CoreInst = "Sel">   --->   Core 73 'Sel' <Latency = 0> <II = 1> <Delay = 0.99> <FuncUnit> <Opcode : 'select'> <InPorts = 3> <OutPorts = 1>
ST_7 : Operation 71 [1/1] (0.00ns) (grouped into LUT with out node y_1)   --->   "%select_ln384_1 = select i1 %overflow_1, i10 511, i10 512"   --->   Operation 71 'select' 'select_ln384_1' <Predicate = true> <Delay = 0.00> <CoreInst = "Sel">   --->   Core 73 'Sel' <Latency = 0> <II = 1> <Delay = 0.99> <FuncUnit> <Opcode : 'select'> <InPorts = 3> <OutPorts = 1>
ST_7 : Operation 72 [1/1] (0.00ns) (grouped into LUT with out node y_1)   --->   "%tmp_1 = partselect i10 @_ssdm_op_PartSelect.i10.i17.i32.i32, i17 %ret_V_1, i32 6, i32 15"   --->   Operation 72 'partselect' 'tmp_1' <Predicate = true> <Delay = 0.00>
ST_7 : Operation 73 [1/1] (0.99ns) (out node of the LUT)   --->   "%y_1 = select i1 %xor_ln340_1, i10 %select_ln384_1, i10 %tmp_1"   --->   Operation 73 'select' 'y_1' <Predicate = true> <Delay = 0.99> <CoreInst = "Sel">   --->   Core 73 'Sel' <Latency = 0> <II = 1> <Delay = 0.99> <FuncUnit> <Opcode : 'select'> <InPorts = 3> <OutPorts = 1>
ST_7 : Operation 74 [1/1] (0.00ns) (grouped into LUT with out node y_2)   --->   "%select_ln384_2 = select i1 %overflow_2, i10 511, i10 512"   --->   Operation 74 'select' 'select_ln384_2' <Predicate = true> <Delay = 0.00> <CoreInst = "Sel">   --->   Core 73 'Sel' <Latency = 0> <II = 1> <Delay = 0.99> <FuncUnit> <Opcode : 'select'> <InPorts = 3> <OutPorts = 1>
ST_7 : Operation 75 [1/1] (0.00ns) (grouped into LUT with out node y_2)   --->   "%tmp_2 = partselect i10 @_ssdm_op_PartSelect.i10.i17.i32.i32, i17 %ret_V_2, i32 6, i32 15"   --->   Operation 75 'partselect' 'tmp_2' <Predicate = true> <Delay = 0.00>
ST_7 : Operation 76 [1/1] (0.99ns) (out node of the LUT)   --->   "%y_2 = select i1 %xor_ln340_2, i10 %select_ln384_2, i10 %tmp_2"   --->   Operation 76 'select' 'y_2' <Predicate = true> <Delay = 0.99> <CoreInst = "Sel">   --->   Core 73 'Sel' <Latency = 0> <II = 1> <Delay = 0.99> <FuncUnit> <Opcode : 'select'> <InPorts = 3> <OutPorts = 1>
ST_7 : Operation 77 [1/1] (0.00ns) (grouped into LUT with out node y_3)   --->   "%select_ln384_3 = select i1 %overflow_3, i10 511, i10 512"   --->   Operation 77 'select' 'select_ln384_3' <Predicate = true> <Delay = 0.00> <CoreInst = "Sel">   --->   Core 73 'Sel' <Latency = 0> <II = 1> <Delay = 0.99> <FuncUnit> <Opcode : 'select'> <InPorts = 3> <OutPorts = 1>
ST_7 : Operation 78 [1/1] (0.00ns) (grouped into LUT with out node y_3)   --->   "%tmp_3 = partselect i10 @_ssdm_op_PartSelect.i10.i17.i32.i32, i17 %ret_V_3, i32 6, i32 15"   --->   Operation 78 'partselect' 'tmp_3' <Predicate = true> <Delay = 0.00>
ST_7 : Operation 79 [1/1] (0.99ns) (out node of the LUT)   --->   "%y_3 = select i1 %xor_ln340_3, i10 %select_ln384_3, i10 %tmp_3"   --->   Operation 79 'select' 'y_3' <Predicate = true> <Delay = 0.99> <CoreInst = "Sel">   --->   Core 73 'Sel' <Latency = 0> <II = 1> <Delay = 0.99> <FuncUnit> <Opcode : 'select'> <InPorts = 3> <OutPorts = 1>
ST_7 : Operation 80 [1/1] (0.00ns) (grouped into LUT with out node y_4)   --->   "%select_ln384_4 = select i1 %overflow_4, i10 511, i10 512"   --->   Operation 80 'select' 'select_ln384_4' <Predicate = true> <Delay = 0.00> <CoreInst = "Sel">   --->   Core 73 'Sel' <Latency = 0> <II = 1> <Delay = 0.99> <FuncUnit> <Opcode : 'select'> <InPorts = 3> <OutPorts = 1>
ST_7 : Operation 81 [1/1] (0.00ns) (grouped into LUT with out node y_4)   --->   "%tmp_4 = partselect i10 @_ssdm_op_PartSelect.i10.i17.i32.i32, i17 %ret_V_4, i32 6, i32 15"   --->   Operation 81 'partselect' 'tmp_4' <Predicate = true> <Delay = 0.00>
ST_7 : Operation 82 [1/1] (0.99ns) (out node of the LUT)   --->   "%y_4 = select i1 %xor_ln340_4, i10 %select_ln384_4, i10 %tmp_4"   --->   Operation 82 'select' 'y_4' <Predicate = true> <Delay = 0.99> <CoreInst = "Sel">   --->   Core 73 'Sel' <Latency = 0> <II = 1> <Delay = 0.99> <FuncUnit> <Opcode : 'select'> <InPorts = 3> <OutPorts = 1>

State 8 <SV = 7> <Delay = 2.77>
ST_8 : Operation 83 [1/1] (0.00ns)   --->   "%zext_ln255_2 = zext i10 %y_2" [firmware/nnet_utils/nnet_activation.h:255]   --->   Operation 83 'zext' 'zext_ln255_2' <Predicate = true> <Delay = 0.00>
ST_8 : Operation 84 [1/1] (0.00ns)   --->   "%exp_table_addr_2 = getelementptr i18 %exp_table, i64 0, i64 %zext_ln255_2" [firmware/nnet_utils/nnet_activation.h:255]   --->   Operation 84 'getelementptr' 'exp_table_addr_2' <Predicate = true> <Delay = 0.00>
ST_8 : Operation 85 [2/2] (2.77ns)   --->   "%r_V_2 = load i10 %exp_table_addr_2" [firmware/nnet_utils/nnet_activation.h:255]   --->   Operation 85 'load' 'r_V_2' <Predicate = true> <Delay = 2.77> <CoreInst = "ROM">   --->   Core 95 'ROM' <Latency = 1> <II = 1> <Delay = 2.77> <Storage> <Opcode : 'load'> <Ports = 0> <Width = 18> <Depth = 1024> <ROM>
ST_8 : Operation 86 [1/1] (0.00ns)   --->   "%zext_ln255_3 = zext i10 %y_3" [firmware/nnet_utils/nnet_activation.h:255]   --->   Operation 86 'zext' 'zext_ln255_3' <Predicate = true> <Delay = 0.00>
ST_8 : Operation 87 [1/1] (0.00ns)   --->   "%exp_table_addr_3 = getelementptr i18 %exp_table, i64 0, i64 %zext_ln255_3" [firmware/nnet_utils/nnet_activation.h:255]   --->   Operation 87 'getelementptr' 'exp_table_addr_3' <Predicate = true> <Delay = 0.00>
ST_8 : Operation 88 [2/2] (2.77ns)   --->   "%r_V_3 = load i10 %exp_table_addr_3" [firmware/nnet_utils/nnet_activation.h:255]   --->   Operation 88 'load' 'r_V_3' <Predicate = true> <Delay = 2.77> <CoreInst = "ROM">   --->   Core 95 'ROM' <Latency = 1> <II = 1> <Delay = 2.77> <Storage> <Opcode : 'load'> <Ports = 0> <Width = 18> <Depth = 1024> <ROM>
ST_8 : Operation 89 [1/1] (0.00ns)   --->   "%zext_ln255_4 = zext i10 %y_4" [firmware/nnet_utils/nnet_activation.h:255]   --->   Operation 89 'zext' 'zext_ln255_4' <Predicate = true> <Delay = 0.00>
ST_8 : Operation 90 [1/1] (0.00ns)   --->   "%exp_table_addr_4 = getelementptr i18 %exp_table, i64 0, i64 %zext_ln255_4" [firmware/nnet_utils/nnet_activation.h:255]   --->   Operation 90 'getelementptr' 'exp_table_addr_4' <Predicate = true> <Delay = 0.00>
ST_8 : Operation 91 [2/2] (2.77ns)   --->   "%r_V_4 = load i10 %exp_table_addr_4" [firmware/nnet_utils/nnet_activation.h:255]   --->   Operation 91 'load' 'r_V_4' <Predicate = true> <Delay = 2.77> <CoreInst = "ROM">   --->   Core 95 'ROM' <Latency = 1> <II = 1> <Delay = 2.77> <Storage> <Opcode : 'load'> <Ports = 0> <Width = 18> <Depth = 1024> <ROM>

State 9 <SV = 8> <Delay = 2.77>
ST_9 : Operation 92 [1/1] (0.00ns)   --->   "%zext_ln255 = zext i10 %y" [firmware/nnet_utils/nnet_activation.h:255]   --->   Operation 92 'zext' 'zext_ln255' <Predicate = true> <Delay = 0.00>
ST_9 : Operation 93 [1/1] (0.00ns)   --->   "%exp_table_addr = getelementptr i18 %exp_table, i64 0, i64 %zext_ln255" [firmware/nnet_utils/nnet_activation.h:255]   --->   Operation 93 'getelementptr' 'exp_table_addr' <Predicate = true> <Delay = 0.00>
ST_9 : Operation 94 [2/2] (2.77ns)   --->   "%r_V = load i10 %exp_table_addr" [firmware/nnet_utils/nnet_activation.h:255]   --->   Operation 94 'load' 'r_V' <Predicate = true> <Delay = 2.77> <CoreInst = "ROM">   --->   Core 95 'ROM' <Latency = 1> <II = 1> <Delay = 2.77> <Storage> <Opcode : 'load'> <Ports = 0> <Width = 18> <Depth = 1024> <ROM>
ST_9 : Operation 95 [1/1] (0.00ns)   --->   "%zext_ln255_1 = zext i10 %y_1" [firmware/nnet_utils/nnet_activation.h:255]   --->   Operation 95 'zext' 'zext_ln255_1' <Predicate = true> <Delay = 0.00>
ST_9 : Operation 96 [1/1] (0.00ns)   --->   "%exp_table_addr_1 = getelementptr i18 %exp_table, i64 0, i64 %zext_ln255_1" [firmware/nnet_utils/nnet_activation.h:255]   --->   Operation 96 'getelementptr' 'exp_table_addr_1' <Predicate = true> <Delay = 0.00>
ST_9 : Operation 97 [2/2] (2.77ns)   --->   "%r_V_1 = load i10 %exp_table_addr_1" [firmware/nnet_utils/nnet_activation.h:255]   --->   Operation 97 'load' 'r_V_1' <Predicate = true> <Delay = 2.77> <CoreInst = "ROM">   --->   Core 95 'ROM' <Latency = 1> <II = 1> <Delay = 2.77> <Storage> <Opcode : 'load'> <Ports = 0> <Width = 18> <Depth = 1024> <ROM>
ST_9 : Operation 98 [1/2] (2.77ns)   --->   "%r_V_2 = load i10 %exp_table_addr_2" [firmware/nnet_utils/nnet_activation.h:255]   --->   Operation 98 'load' 'r_V_2' <Predicate = true> <Delay = 2.77> <CoreInst = "ROM">   --->   Core 95 'ROM' <Latency = 1> <II = 1> <Delay = 2.77> <Storage> <Opcode : 'load'> <Ports = 0> <Width = 18> <Depth = 1024> <ROM>
ST_9 : Operation 99 [1/2] (2.77ns)   --->   "%r_V_3 = load i10 %exp_table_addr_3" [firmware/nnet_utils/nnet_activation.h:255]   --->   Operation 99 'load' 'r_V_3' <Predicate = true> <Delay = 2.77> <CoreInst = "ROM">   --->   Core 95 'ROM' <Latency = 1> <II = 1> <Delay = 2.77> <Storage> <Opcode : 'load'> <Ports = 0> <Width = 18> <Depth = 1024> <ROM>
ST_9 : Operation 100 [1/2] (2.77ns)   --->   "%r_V_4 = load i10 %exp_table_addr_4" [firmware/nnet_utils/nnet_activation.h:255]   --->   Operation 100 'load' 'r_V_4' <Predicate = true> <Delay = 2.77> <CoreInst = "ROM">   --->   Core 95 'ROM' <Latency = 1> <II = 1> <Delay = 2.77> <Storage> <Opcode : 'load'> <Ports = 0> <Width = 18> <Depth = 1024> <ROM>

State 10 <SV = 9> <Delay = 3.23>
ST_10 : Operation 101 [1/2] (2.77ns)   --->   "%r_V = load i10 %exp_table_addr" [firmware/nnet_utils/nnet_activation.h:255]   --->   Operation 101 'load' 'r_V' <Predicate = true> <Delay = 2.77> <CoreInst = "ROM">   --->   Core 95 'ROM' <Latency = 1> <II = 1> <Delay = 2.77> <Storage> <Opcode : 'load'> <Ports = 0> <Width = 18> <Depth = 1024> <ROM>
ST_10 : Operation 102 [1/2] (2.77ns)   --->   "%r_V_1 = load i10 %exp_table_addr_1" [firmware/nnet_utils/nnet_activation.h:255]   --->   Operation 102 'load' 'r_V_1' <Predicate = true> <Delay = 2.77> <CoreInst = "ROM">   --->   Core 95 'ROM' <Latency = 1> <II = 1> <Delay = 2.77> <Storage> <Opcode : 'load'> <Ports = 0> <Width = 18> <Depth = 1024> <ROM>
ST_10 : Operation 103 [1/1] (0.00ns) (grouped into TernaryAdder)   --->   "%add_ln712_1 = add i18 %r_V_3, i18 %r_V_4"   --->   Operation 103 'add' 'add_ln712_1' <Predicate = true> <Delay = 0.00> <CoreInst = "TAddSub">   --->   Core 10 'TAddSub' <Latency = 0> <II = 1> <Delay = 1.61> <IPBlock> <Opcode : 'add' 'sub'> <InPorts = 3> <OutPorts = 1> <Sync> <CReg>
ST_10 : Operation 104 [1/1] (3.23ns) (root node of TernaryAdder)   --->   "%add_ln712_2 = add i18 %add_ln712_1, i18 %r_V_2"   --->   Operation 104 'add' 'add_ln712_2' <Predicate = true> <Delay = 3.23> <CoreInst = "TAddSub">   --->   Core 10 'TAddSub' <Latency = 0> <II = 1> <Delay = 1.61> <IPBlock> <Opcode : 'add' 'sub'> <InPorts = 3> <OutPorts = 1> <Sync> <CReg>

State 11 <SV = 10> <Delay = 3.23>
ST_11 : Operation 105 [1/1] (0.00ns) (grouped into TernaryAdder)   --->   "%add_ln712 = add i18 %r_V_1, i18 %r_V"   --->   Operation 105 'add' 'add_ln712' <Predicate = true> <Delay = 0.00> <CoreInst = "TAddSub">   --->   Core 10 'TAddSub' <Latency = 0> <II = 1> <Delay = 1.61> <IPBlock> <Opcode : 'add' 'sub'> <InPorts = 3> <OutPorts = 1> <Sync> <CReg>
ST_11 : Operation 106 [1/1] (3.23ns) (root node of TernaryAdder)   --->   "%exp_sum_V = add i18 %add_ln712_2, i18 %add_ln712"   --->   Operation 106 'add' 'exp_sum_V' <Predicate = true> <Delay = 3.23> <CoreInst = "TAddSub">   --->   Core 10 'TAddSub' <Latency = 0> <II = 1> <Delay = 1.61> <IPBlock> <Opcode : 'add' 'sub'> <InPorts = 3> <OutPorts = 1> <Sync> <CReg>
ST_11 : Operation 107 [1/1] (0.00ns)   --->   "%y_5 = partselect i10 @_ssdm_op_PartSelect.i10.i18.i32.i32, i18 %exp_sum_V, i32 8, i32 17"   --->   Operation 107 'partselect' 'y_5' <Predicate = true> <Delay = 0.00>

State 12 <SV = 11> <Delay = 2.77>
ST_12 : Operation 108 [1/1] (0.00ns)   --->   "%zext_ln265 = zext i10 %y_5" [firmware/nnet_utils/nnet_activation.h:265]   --->   Operation 108 'zext' 'zext_ln265' <Predicate = true> <Delay = 0.00>
ST_12 : Operation 109 [1/1] (0.00ns)   --->   "%invert_table_addr = getelementptr i18 %invert_table, i64 0, i64 %zext_ln265" [firmware/nnet_utils/nnet_activation.h:265]   --->   Operation 109 'getelementptr' 'invert_table_addr' <Predicate = true> <Delay = 0.00>
ST_12 : Operation 110 [2/2] (2.77ns)   --->   "%inv_exp_sum_V = load i10 %invert_table_addr" [firmware/nnet_utils/nnet_activation.h:265]   --->   Operation 110 'load' 'inv_exp_sum_V' <Predicate = true> <Delay = 2.77> <CoreInst = "ROM">   --->   Core 95 'ROM' <Latency = 1> <II = 1> <Delay = 2.77> <Storage> <Opcode : 'load'> <Ports = 0> <Width = 18> <Depth = 1024> <ROM>

State 13 <SV = 12> <Delay = 2.77>
ST_13 : Operation 111 [1/2] (2.77ns)   --->   "%inv_exp_sum_V = load i10 %invert_table_addr" [firmware/nnet_utils/nnet_activation.h:265]   --->   Operation 111 'load' 'inv_exp_sum_V' <Predicate = true> <Delay = 2.77> <CoreInst = "ROM">   --->   Core 95 'ROM' <Latency = 1> <II = 1> <Delay = 2.77> <Storage> <Opcode : 'load'> <Ports = 0> <Width = 18> <Depth = 1024> <ROM>

State 14 <SV = 13> <Delay = 7.94>
ST_14 : Operation 112 [1/1] (0.00ns)   --->   "%specpipeline_ln216 = specpipeline void @_ssdm_op_SpecPipeline, i32 4294967295, i32 0, i32 0, i32 0, void @empty_1" [firmware/nnet_utils/nnet_activation.h:216]   --->   Operation 112 'specpipeline' 'specpipeline_ln216' <Predicate = true> <Delay = 0.00>
ST_14 : Operation 113 [1/1] (0.00ns)   --->   "%sext_ln1171 = sext i18 %inv_exp_sum_V"   --->   Operation 113 'sext' 'sext_ln1171' <Predicate = true> <Delay = 0.00>
ST_14 : Operation 114 [1/1] (0.00ns)   --->   "%sext_ln1171_1 = sext i18 %r_V"   --->   Operation 114 'sext' 'sext_ln1171_1' <Predicate = true> <Delay = 0.00>
ST_14 : Operation 115 [1/1] (7.94ns)   --->   "%mul_ln1168 = mul i30 %sext_ln1171, i30 %sext_ln1171_1"   --->   Operation 115 'mul' 'mul_ln1168' <Predicate = true> <Delay = 7.94> <CoreInst = "Mul_LUT">   --->   Core 4 'Mul_LUT' <Latency = 0> <II = 1> <Delay = 7.94> <FuncUnit> <Opcode : 'mul'> <InPorts = 2> <OutPorts = 1>
ST_14 : Operation 116 [1/1] (0.00ns)   --->   "%trunc_ln = partselect i16 @_ssdm_op_PartSelect.i16.i30.i32.i32, i30 %mul_ln1168, i32 14, i32 29"   --->   Operation 116 'partselect' 'trunc_ln' <Predicate = true> <Delay = 0.00>
ST_14 : Operation 117 [1/1] (0.00ns)   --->   "%sext_ln1171_2 = sext i18 %r_V_1"   --->   Operation 117 'sext' 'sext_ln1171_2' <Predicate = true> <Delay = 0.00>
ST_14 : Operation 118 [1/1] (7.94ns)   --->   "%mul_ln1168_1 = mul i30 %sext_ln1171, i30 %sext_ln1171_2"   --->   Operation 118 'mul' 'mul_ln1168_1' <Predicate = true> <Delay = 7.94> <CoreInst = "Mul_LUT">   --->   Core 4 'Mul_LUT' <Latency = 0> <II = 1> <Delay = 7.94> <FuncUnit> <Opcode : 'mul'> <InPorts = 2> <OutPorts = 1>
ST_14 : Operation 119 [1/1] (0.00ns)   --->   "%trunc_ln717_1 = partselect i16 @_ssdm_op_PartSelect.i16.i30.i32.i32, i30 %mul_ln1168_1, i32 14, i32 29"   --->   Operation 119 'partselect' 'trunc_ln717_1' <Predicate = true> <Delay = 0.00>
ST_14 : Operation 120 [1/1] (0.00ns)   --->   "%sext_ln1171_3 = sext i18 %r_V_2"   --->   Operation 120 'sext' 'sext_ln1171_3' <Predicate = true> <Delay = 0.00>
ST_14 : Operation 121 [1/1] (7.94ns)   --->   "%mul_ln1168_2 = mul i30 %sext_ln1171, i30 %sext_ln1171_3"   --->   Operation 121 'mul' 'mul_ln1168_2' <Predicate = true> <Delay = 7.94> <CoreInst = "Mul_LUT">   --->   Core 4 'Mul_LUT' <Latency = 0> <II = 1> <Delay = 7.94> <FuncUnit> <Opcode : 'mul'> <InPorts = 2> <OutPorts = 1>
ST_14 : Operation 122 [1/1] (0.00ns)   --->   "%trunc_ln717_2 = partselect i16 @_ssdm_op_PartSelect.i16.i30.i32.i32, i30 %mul_ln1168_2, i32 14, i32 29"   --->   Operation 122 'partselect' 'trunc_ln717_2' <Predicate = true> <Delay = 0.00>
ST_14 : Operation 123 [1/1] (0.00ns)   --->   "%sext_ln1171_4 = sext i18 %r_V_3"   --->   Operation 123 'sext' 'sext_ln1171_4' <Predicate = true> <Delay = 0.00>
ST_14 : Operation 124 [1/1] (7.94ns)   --->   "%mul_ln1168_3 = mul i30 %sext_ln1171, i30 %sext_ln1171_4"   --->   Operation 124 'mul' 'mul_ln1168_3' <Predicate = true> <Delay = 7.94> <CoreInst = "Mul_LUT">   --->   Core 4 'Mul_LUT' <Latency = 0> <II = 1> <Delay = 7.94> <FuncUnit> <Opcode : 'mul'> <InPorts = 2> <OutPorts = 1>
ST_14 : Operation 125 [1/1] (0.00ns)   --->   "%trunc_ln717_3 = partselect i16 @_ssdm_op_PartSelect.i16.i30.i32.i32, i30 %mul_ln1168_3, i32 14, i32 29"   --->   Operation 125 'partselect' 'trunc_ln717_3' <Predicate = true> <Delay = 0.00>
ST_14 : Operation 126 [1/1] (0.00ns)   --->   "%sext_ln1171_5 = sext i18 %r_V_4"   --->   Operation 126 'sext' 'sext_ln1171_5' <Predicate = true> <Delay = 0.00>
ST_14 : Operation 127 [1/1] (7.94ns)   --->   "%mul_ln1168_4 = mul i30 %sext_ln1171, i30 %sext_ln1171_5"   --->   Operation 127 'mul' 'mul_ln1168_4' <Predicate = true> <Delay = 7.94> <CoreInst = "Mul_LUT">   --->   Core 4 'Mul_LUT' <Latency = 0> <II = 1> <Delay = 7.94> <FuncUnit> <Opcode : 'mul'> <InPorts = 2> <OutPorts = 1>
ST_14 : Operation 128 [1/1] (0.00ns)   --->   "%trunc_ln717_4 = partselect i16 @_ssdm_op_PartSelect.i16.i30.i32.i32, i30 %mul_ln1168_4, i32 14, i32 29"   --->   Operation 128 'partselect' 'trunc_ln717_4' <Predicate = true> <Delay = 0.00>
ST_14 : Operation 129 [1/1] (0.00ns)   --->   "%mrv = insertvalue i80 <undef>, i16 %trunc_ln" [firmware/nnet_utils/nnet_activation.h:270]   --->   Operation 129 'insertvalue' 'mrv' <Predicate = true> <Delay = 0.00>
ST_14 : Operation 130 [1/1] (0.00ns)   --->   "%mrv_1 = insertvalue i80 %mrv, i16 %trunc_ln717_1" [firmware/nnet_utils/nnet_activation.h:270]   --->   Operation 130 'insertvalue' 'mrv_1' <Predicate = true> <Delay = 0.00>
ST_14 : Operation 131 [1/1] (0.00ns)   --->   "%mrv_2 = insertvalue i80 %mrv_1, i16 %trunc_ln717_2" [firmware/nnet_utils/nnet_activation.h:270]   --->   Operation 131 'insertvalue' 'mrv_2' <Predicate = true> <Delay = 0.00>
ST_14 : Operation 132 [1/1] (0.00ns)   --->   "%mrv_3 = insertvalue i80 %mrv_2, i16 %trunc_ln717_3" [firmware/nnet_utils/nnet_activation.h:270]   --->   Operation 132 'insertvalue' 'mrv_3' <Predicate = true> <Delay = 0.00>
ST_14 : Operation 133 [1/1] (0.00ns)   --->   "%mrv_4 = insertvalue i80 %mrv_3, i16 %trunc_ln717_4" [firmware/nnet_utils/nnet_activation.h:270]   --->   Operation 133 'insertvalue' 'mrv_4' <Predicate = true> <Delay = 0.00>
ST_14 : Operation 134 [1/1] (0.00ns)   --->   "%ret_ln270 = ret i80 %mrv_4" [firmware/nnet_utils/nnet_activation.h:270]   --->   Operation 134 'ret' 'ret_ln270' <Predicate = true> <Delay = 0.00>


============================================================
+ Verbose Summary: Timing violations
============================================================
Target clock period: 3.33ns, clock uncertainty: 0.416ns.

 <State 1>: 2.14ns
The critical path consists of the following:
	wire read operation ('data.V[1]', firmware/nnet_utils/nnet_activation.h:216) on port 'p_read1' (firmware/nnet_utils/nnet_activation.h:216) [12]  (0 ns)
	'icmp' operation ('icmp_ln1549') [14]  (2.14 ns)

 <State 2>: 0.8ns
The critical path consists of the following:
	'xor' operation ('xor_ln1549') [15]  (0 ns)
	'select' operation ('select_ln65', firmware/nnet_utils/nnet_common.h:65) [16]  (0.8 ns)

 <State 3>: 2.14ns
The critical path consists of the following:
	'icmp' operation ('icmp_ln1549_2') [20]  (2.14 ns)

 <State 4>: 0.8ns
The critical path consists of the following:
	'xor' operation ('xor_ln1549_2') [21]  (0 ns)
	'select' operation ('select_ln65_2', firmware/nnet_utils/nnet_common.h:65) [22]  (0.8 ns)

 <State 5>: 2.14ns
The critical path consists of the following:
	'icmp' operation ('icmp_ln1549_3') [23]  (2.14 ns)

 <State 6>: 0.8ns
The critical path consists of the following:
	'xor' operation ('xor_ln1549_3') [24]  (0 ns)
	'select' operation ('x_max.V', firmware/nnet_utils/nnet_common.h:65) [25]  (0.8 ns)

 <State 7>: 2.54ns
The critical path consists of the following:
	'sub' operation ('ret.V') [28]  (1.54 ns)
	'select' operation ('y') [64]  (0.996 ns)

 <State 8>: 2.77ns
The critical path consists of the following:
	'getelementptr' operation ('exp_table_addr_2', firmware/nnet_utils/nnet_activation.h:255) [78]  (0 ns)
	'load' operation ('r.V', firmware/nnet_utils/nnet_activation.h:255) on array 'exp_table' [79]  (2.77 ns)

 <State 9>: 2.77ns
The critical path consists of the following:
	'getelementptr' operation ('exp_table_addr', firmware/nnet_utils/nnet_activation.h:255) [66]  (0 ns)
	'load' operation ('r.V', firmware/nnet_utils/nnet_activation.h:255) on array 'exp_table' [67]  (2.77 ns)

 <State 10>: 3.24ns
The critical path consists of the following:
	'add' operation ('add_ln712_1') [93]  (0 ns)
	'add' operation ('add_ln712_2') [94]  (3.24 ns)

 <State 11>: 3.24ns
The critical path consists of the following:
	'add' operation ('add_ln712') [92]  (0 ns)
	'add' operation ('exp_sum.V') [95]  (3.24 ns)

 <State 12>: 2.77ns
The critical path consists of the following:
	'getelementptr' operation ('invert_table_addr', firmware/nnet_utils/nnet_activation.h:265) [98]  (0 ns)
	'load' operation ('inv_exp_sum.V', firmware/nnet_utils/nnet_activation.h:265) on array 'invert_table' [99]  (2.77 ns)

 <State 13>: 2.77ns
The critical path consists of the following:
	'load' operation ('inv_exp_sum.V', firmware/nnet_utils/nnet_activation.h:265) on array 'invert_table' [99]  (2.77 ns)

 <State 14>: 7.95ns
The critical path consists of the following:
	'mul' operation ('mul_ln1168') [102]  (7.95 ns)


============================================================
+ Verbose Summary: Binding
============================================================
N/A
* FSMD analyzer results:
  - Output states:
 - Input state : 
  - Chain level:
	State 1
	State 2
	State 3
	State 4
	State 5
	State 6
	State 7
	State 8
	State 9
	State 10
	State 11
	State 12
	State 13
	State 14


============================================================
+ Verbose Summary: Datapath Resource usage 
============================================================
N/A
