

================================================================
== Vitis HLS Report for 'dense_latency_ap_fixed_8_2_5_3_0_ap_fixed_16_4_5_3_0_config2_s'
================================================================
* Date:           Sat Jul 22 14:21:15 2023

* Version:        2021.1 (Build 3247384 on Thu Jun 10 19:36:07 MDT 2021)
* Project:        myproject_prj
* Solution:       solution1 (Vivado IP Flow Target)
* Product family: zynq
* Target device:  xc7z007s-clg225-2


================================================================
== Performance Estimates
================================================================
+ Timing: 
    * Summary: 
    +--------+---------+----------+------------+
    |  Clock |  Target | Estimated| Uncertainty|
    +--------+---------+----------+------------+
    |ap_clk  |  3.33 ns|  5.282 ns|     0.42 ns|
    +--------+---------+----------+------------+

+ Latency: 
    * Summary: 
    +---------+---------+----------+----------+-----+-----+---------+
    |  Latency (cycles) |  Latency (absolute) |  Interval | Pipeline|
    |   min   |   max   |    min   |    max   | min | max |   Type  |
    +---------+---------+----------+----------+-----+-----+---------+
    |       33|       33|  0.174 us|  0.174 us|   34|   34|      yes|
    +---------+---------+----------+----------+-----+-----+---------+

    + Detail: 
        * Instance: 
        N/A

        * Loop: 
        N/A



================================================================
== Utilization Estimates
================================================================
* Summary: 
+-----------------+---------+----+-------+-------+-----+
|       Name      | BRAM_18K| DSP|   FF  |  LUT  | URAM|
+-----------------+---------+----+-------+-------+-----+
|DSP              |        -|   -|      -|      -|    -|
|Expression       |        -|   -|      0|   1205|    -|
|FIFO             |        -|   -|      -|      -|    -|
|Instance         |        -|   0|      0|     62|    -|
|Memory           |        -|   -|      -|      -|    -|
|Multiplexer      |        -|   -|      -|    447|    -|
|Register         |        -|   -|   1141|      -|    -|
+-----------------+---------+----+-------+-------+-----+
|Total            |        0|   0|   1141|   1714|    0|
+-----------------+---------+----+-------+-------+-----+
|Available        |      100|  66|  28800|  14400|    0|
+-----------------+---------+----+-------+-------+-----+
|Utilization (%)  |        0|   0|      3|     11|    0|
+-----------------+---------+----+-------+-------+-----+

+ Detail: 
    * Instance: 
    +---------------------+------------------+---------+----+---+----+-----+
    |       Instance      |      Module      | BRAM_18K| DSP| FF| LUT| URAM|
    +---------------------+------------------+---------+----+---+----+-----+
    |mul_8s_9s_16_1_1_U1  |mul_8s_9s_16_1_1  |        0|   0|  0|  62|    0|
    +---------------------+------------------+---------+----+---+----+-----+
    |Total                |                  |        0|   0|  0|  62|    0|
    +---------------------+------------------+---------+----+---+----+-----+

    * DSP: 
    N/A

    * Memory: 
    N/A

    * FIFO: 
    N/A

    * Expression: 
    +--------------------------+----------+----+---+----+------------+------------+
    |       Variable Name      | Operation| DSP| FF| LUT| Bitwidth P0| Bitwidth P1|
    +--------------------------+----------+----+---+----+------------+------------+
    |add_ln1171_1_fu_1502_p2   |         +|   0|  0|  13|          13|          13|
    |add_ln1171_2_fu_1774_p2   |         +|   0|  0|  11|          11|          11|
    |add_ln1171_fu_1168_p2     |         +|   0|  0|  14|          14|          14|
    |add_ln740_10_fu_1310_p2   |         +|   0|  0|  14|          14|          14|
    |add_ln740_11_fu_1316_p2   |         +|   0|  0|  14|          14|          14|
    |add_ln740_12_fu_2096_p2   |         +|   0|  0|  14|          14|          14|
    |add_ln740_13_fu_2192_p2   |         +|   0|  0|  14|          14|          14|
    |add_ln740_14_fu_1407_p2   |         +|   0|  0|  14|          14|          14|
    |add_ln740_15_fu_1413_p2   |         +|   0|  0|  14|          14|          14|
    |add_ln740_16_fu_2198_p2   |         +|   0|  0|  14|          14|          14|
    |add_ln740_17_fu_2207_p2   |         +|   0|  0|  14|          14|          14|
    |add_ln740_18_fu_1561_p2   |         +|   0|  0|  14|          14|          14|
    |add_ln740_19_fu_1806_p2   |         +|   0|  0|  10|          10|          10|
    |add_ln740_20_fu_1838_p2   |         +|   0|  0|  11|          11|          11|
    |add_ln740_21_fu_1953_p2   |         +|   0|  0|  14|          14|          14|
    |add_ln740_22_fu_1059_p2   |         +|   0|  0|  14|          14|          14|
    |add_ln740_23_fu_1905_p2   |         +|   0|  0|  14|          14|          14|
    |add_ln740_24_fu_797_p2    |         +|   0|  0|   9|           9|           9|
    |add_ln740_25_fu_807_p2    |         +|   0|  0|  10|          10|          10|
    |add_ln740_26_fu_1913_p2   |         +|   0|  0|  14|          14|          14|
    |add_ln740_27_fu_1958_p2   |         +|   0|  0|  14|          14|          14|
    |add_ln740_28_fu_2101_p2   |         +|   0|  0|  14|          14|          14|
    |add_ln740_29_fu_1336_p2   |         +|   0|  0|  14|          14|          14|
    |add_ln740_30_fu_1342_p2   |         +|   0|  0|  14|          14|          14|
    |add_ln740_31_fu_2107_p2   |         +|   0|  0|  14|          14|          14|
    |add_ln740_32_fu_1375_p2   |         +|   0|  0|  14|          14|          14|
    |add_ln740_33_fu_1567_p2   |         +|   0|  0|  14|          14|          14|
    |add_ln740_34_fu_1534_p2   |         +|   0|  0|  14|          14|          14|
    |add_ln740_35_fu_1540_p2   |         +|   0|  0|  14|          14|          14|
    |add_ln740_36_fu_1572_p2   |         +|   0|  0|  14|          14|          14|
    |add_ln740_37_fu_2161_p2   |         +|   0|  0|  14|          14|          14|
    |add_ln740_38_fu_1844_p2   |         +|   0|  0|  12|          12|          12|
    |add_ln740_39_fu_708_p2    |         +|   0|  0|  12|          12|          12|
    |add_ln740_3_fu_2165_p2    |         +|   0|  0|  14|          14|          14|
    |add_ln740_40_fu_1853_p2   |         +|   0|  0|  13|          13|          13|
    |add_ln740_41_fu_1925_p2   |         +|   0|  0|  14|          14|          14|
    |add_ln740_42_fu_963_p2    |         +|   0|  0|  14|          14|          14|
    |add_ln740_43_fu_1065_p2   |         +|   0|  0|  14|          14|          14|
    |add_ln740_44_fu_969_p2    |         +|   0|  0|   6|           6|           5|
    |add_ln740_45_fu_979_p2    |         +|   0|  0|  13|          13|          13|
    |add_ln740_46_fu_1073_p2   |         +|   0|  0|  14|          14|          14|
    |add_ln740_47_fu_1931_p2   |         +|   0|  0|  14|          14|          14|
    |add_ln740_48_fu_2170_p2   |         +|   0|  0|  14|          14|          14|
    |add_ln740_49_fu_1274_p2   |         +|   0|  0|  14|          13|          13|
    |add_ln740_4_fu_2244_p2    |         +|   0|  0|  14|          14|          14|
    |add_ln740_50_fu_1280_p2   |         +|   0|  0|  14|          13|          13|
    |add_ln740_51_fu_2179_p2   |         +|   0|  0|  14|          14|          14|
    |add_ln740_52_fu_1381_p2   |         +|   0|  0|  14|          14|          14|
    |add_ln740_53_fu_2216_p2   |         +|   0|  0|  14|          14|          14|
    |add_ln740_54_fu_1472_p2   |         +|   0|  0|  14|          14|          14|
    |add_ln740_55_fu_1478_p2   |         +|   0|  0|  14|          14|          14|
    |add_ln740_56_fu_2221_p2   |         +|   0|  0|  14|          14|          14|
    |add_ln740_57_fu_2240_p2   |         +|   0|  0|  14|          14|          14|
    |add_ln740_58_fu_1812_p2   |         +|   0|  0|  13|          13|          13|
    |add_ln740_59_fu_1963_p2   |         +|   0|  0|  14|          14|          14|
    |add_ln740_60_fu_1969_p2   |         +|   0|  0|  14|          14|          14|
    |add_ln740_61_fu_2028_p2   |         +|   0|  0|  14|          14|          14|
    |add_ln740_62_fu_1079_p2   |         +|   0|  0|  14|          14|          14|
    |add_ln740_63_fu_1128_p2   |         +|   0|  0|  14|          14|          14|
    |add_ln740_64_fu_985_p2    |         +|   0|  0|  10|          10|           9|
    |add_ln740_65_fu_1088_p2   |         +|   0|  0|  13|          13|          13|
    |add_ln740_66_fu_1136_p2   |         +|   0|  0|  14|          14|          14|
    |add_ln740_67_fu_2033_p2   |         +|   0|  0|  14|          14|          14|
    |add_ln740_9_fu_2090_p2    |         +|   0|  0|  14|          14|          14|
    |add_ln740_fu_2211_p2      |         +|   0|  0|  14|          14|          14|
    |sub_ln1171_10_fu_1216_p2  |         -|   0|  0|  14|          14|          14|
    |sub_ln1171_11_fu_1243_p2  |         -|   0|  0|  16|          16|          16|
    |sub_ln1171_12_fu_1109_p2  |         -|   0|  0|  16|          16|          16|
    |sub_ln1171_13_fu_2138_p2  |         -|   0|  0|  16|          16|          16|
    |sub_ln1171_14_fu_1441_p2  |         -|   0|  0|  13|          13|          13|
    |sub_ln1171_15_fu_1599_p2  |         -|   0|  0|  14|          14|          14|
    |sub_ln1171_16_fu_1626_p2  |         -|   0|  0|  10|           1|          10|
    |sub_ln1171_17_fu_1656_p2  |         -|   0|  0|  13|          13|          13|
    |sub_ln1171_18_fu_1694_p2  |         -|   0|  0|  14|          14|          14|
    |sub_ln1171_19_fu_1758_p2  |         -|   0|  0|  11|           1|          11|
    |sub_ln1171_20_fu_1881_p2  |         -|   0|  0|  15|          15|          15|
    |sub_ln1171_21_fu_1006_p2  |         -|   0|  0|  14|           1|          15|
    |sub_ln1171_22_fu_1023_p2  |         -|   0|  0|  14|          15|          15|
    |sub_ln1171_23_fu_740_p2   |         -|   0|  0|  12|          12|          12|
    |sub_ln1171_24_fu_865_p2   |         -|   0|  0|  16|          16|          16|
    |sub_ln1171_25_fu_903_p2   |         -|   0|  0|  16|          16|          16|
    |sub_ln1171_26_fu_930_p2   |         -|   0|  0|  16|          16|          16|
    |sub_ln1171_27_fu_774_p2   |         -|   0|  0|  11|          11|          11|
    |sub_ln1171_28_fu_1728_p2  |         -|   0|  0|  12|          12|          12|
    |sub_ln1171_29_fu_827_p2   |         -|   0|  0|  13|          13|          13|
    |sub_ln1171_7_fu_1993_p2   |         -|   0|  0|  16|          16|          16|
    |sub_ln1171_8_fu_2009_p2   |         -|   0|  0|  16|           1|          16|
    |sub_ln1171_9_fu_1199_p2   |         -|   0|  0|  14|           1|          14|
    |sub_ln1171_fu_2060_p2     |         -|   0|  0|  13|          13|          13|
    +--------------------------+----------+----+---+----+------------+------------+
    |Total                     |          |   0|  0|1205|        1144|        1203|
    +--------------------------+----------+----+---+----+------------+------------+

    * Multiplexer: 
    +---------------+-----+-----------+-----+-----------+
    |      Name     | LUT | Input Size| Bits| Total Bits|
    +---------------+-----+-----------+-----+-----------+
    |ap_NS_fsm      |  157|         35|    1|         35|
    |grp_fu_246_p0  |  145|         32|    8|        256|
    |grp_fu_246_p1  |  145|         29|    9|        261|
    +---------------+-----+-----------+-----+-----------+
    |Total          |  447|         96|   18|        552|
    +---------------+-----+-----------+-----+-----------+

    * Register: 
    +-------------------------+----+----+-----+-----------+
    |           Name          | FF | LUT| Bits| Const Bits|
    +-------------------------+----+----+-----+-----------+
    |add_ln740_11_reg_2557    |  14|   0|   14|          0|
    |add_ln740_12_reg_2722    |  14|   0|   14|          0|
    |add_ln740_15_reg_2592    |  14|   0|   14|          0|
    |add_ln740_16_reg_2752    |  14|   0|   14|          0|
    |add_ln740_18_reg_2617    |  14|   0|   14|          0|
    |add_ln740_19_reg_2647    |  10|   0|   10|          0|
    |add_ln740_20_reg_2657    |  11|   0|   11|          0|
    |add_ln740_22_reg_2502    |  14|   0|   14|          0|
    |add_ln740_25_reg_2457    |  10|   0|   10|          0|
    |add_ln740_26_reg_2677    |  14|   0|   14|          0|
    |add_ln740_27_reg_2687    |  14|   0|   14|          0|
    |add_ln740_30_reg_2562    |  14|   0|   14|          0|
    |add_ln740_31_reg_2727    |  14|   0|   14|          0|
    |add_ln740_32_reg_2572    |  14|   0|   14|          0|
    |add_ln740_35_reg_2612    |  14|   0|   14|          0|
    |add_ln740_36_reg_2622    |  14|   0|   14|          0|
    |add_ln740_38_reg_2662    |  12|   0|   12|          0|
    |add_ln740_39_reg_2442    |  12|   0|   12|          0|
    |add_ln740_3_reg_2742     |  14|   0|   14|          0|
    |add_ln740_40_reg_2667    |  13|   0|   13|          0|
    |add_ln740_42_reg_2482    |  14|   0|   14|          0|
    |add_ln740_45_reg_2487    |  13|   0|   13|          0|
    |add_ln740_46_reg_2507    |  14|   0|   14|          0|
    |add_ln740_47_reg_2682    |  14|   0|   14|          0|
    |add_ln740_50_reg_2547    |  13|   0|   13|          0|
    |add_ln740_51_reg_2747    |  14|   0|   14|          0|
    |add_ln740_52_reg_2577    |  14|   0|   14|          0|
    |add_ln740_55_reg_2602    |  14|   0|   14|          0|
    |add_ln740_56_reg_2762    |  14|   0|   14|          0|
    |add_ln740_58_reg_2652    |  13|   0|   13|          0|
    |add_ln740_60_reg_2692    |  14|   0|   14|          0|
    |add_ln740_62_reg_2512    |  14|   0|   14|          0|
    |add_ln740_64_reg_2492    |  10|   0|   10|          0|
    |add_ln740_65_reg_2517    |  13|   0|   13|          0|
    |add_ln740_66_reg_2527    |  14|   0|   14|          0|
    |add_ln740_67_reg_2712    |  14|   0|   14|          0|
    |add_ln740_reg_2757       |  14|   0|   14|          0|
    |ap_CS_fsm                |  34|   0|   34|          0|
    |r_V_1_reg_2697           |  16|   0|   16|          0|
    |r_V_77_reg_2567          |  16|   0|   16|          0|
    |r_V_8_reg_2582           |  16|   0|   16|          0|
    |r_V_9_reg_2587           |  16|   0|   16|          0|
    |reg_436                  |  11|   0|   11|          0|
    |reg_440                  |  12|   0|   12|          0|
    |reg_444                  |  13|   0|   13|          0|
    |reg_448                  |  12|   0|   12|          0|
    |reg_452                  |  13|   0|   13|          0|
    |reg_456                  |  13|   0|   13|          0|
    |reg_460                  |  13|   0|   13|          0|
    |sext_ln1171_19_reg_2732  |  14|   0|   14|          0|
    |sext_ln1171_57_reg_2452  |  15|   0|   15|          0|
    |tmp_2_reg_2414           |   8|   0|    8|          0|
    |trunc_ln38_10_reg_2351   |   8|   0|    8|          0|
    |trunc_ln38_11_reg_2359   |   8|   0|    8|          0|
    |trunc_ln38_12_reg_2368   |   8|   0|    8|          0|
    |trunc_ln38_13_reg_2376   |   8|   0|    8|          0|
    |trunc_ln38_14_reg_2382   |   8|   0|    8|          0|
    |trunc_ln38_15_reg_2394   |   8|   0|    8|          0|
    |trunc_ln38_16_reg_2402   |   8|   0|    8|          0|
    |trunc_ln38_17_reg_2422   |   8|   0|    8|          0|
    |trunc_ln38_18_reg_2430   |   8|   0|    8|          0|
    |trunc_ln38_1_reg_2283    |   8|   0|    8|          0|
    |trunc_ln38_2_reg_2289    |   8|   0|    8|          0|
    |trunc_ln38_3_reg_2297    |   8|   0|    8|          0|
    |trunc_ln38_4_reg_2304    |   8|   0|    8|          0|
    |trunc_ln38_5_reg_2312    |   8|   0|    8|          0|
    |trunc_ln38_6_reg_2319    |   8|   0|    8|          0|
    |trunc_ln38_7_reg_2326    |   8|   0|    8|          0|
    |trunc_ln38_8_reg_2332    |   8|   0|    8|          0|
    |trunc_ln38_9_reg_2338    |   8|   0|    8|          0|
    |trunc_ln38_reg_2275      |   8|   0|    8|          0|
    |trunc_ln38_s_reg_2343    |   8|   0|    8|          0|
    |trunc_ln717_12_reg_2552  |  10|   0|   10|          0|
    |trunc_ln717_13_reg_2532  |  11|   0|   11|          0|
    |trunc_ln717_15_reg_2607  |  10|   0|   10|          0|
    |trunc_ln717_17_reg_2737  |  13|   0|   13|          0|
    |trunc_ln717_1_reg_2702   |  13|   0|   13|          0|
    |trunc_ln717_29_reg_2597  |  10|   0|   10|          0|
    |trunc_ln717_2_reg_2707   |   9|   0|   13|          4|
    |trunc_ln717_31_reg_2627  |  11|   0|   11|          0|
    |trunc_ln717_33_reg_2632  |  10|   0|   10|          0|
    |trunc_ln717_34_reg_2637  |  11|   0|   11|          0|
    |trunc_ln717_40_reg_2642  |   8|   0|    8|          0|
    |trunc_ln717_41_reg_2389  |   7|   0|    7|          0|
    |trunc_ln717_42_reg_2437  |  11|   0|   11|          0|
    |trunc_ln717_43_reg_2672  |  11|   0|   12|          1|
    |trunc_ln717_45_reg_2462  |  10|   0|   10|          0|
    |trunc_ln717_48_reg_2409  |   5|   0|    5|          0|
    |trunc_ln717_49_reg_2497  |  12|   0|   12|          0|
    |trunc_ln717_4_reg_2537   |  11|   0|   11|          0|
    |trunc_ln717_50_reg_2447  |   9|   0|    9|          0|
    |trunc_ln717_51_reg_2467  |  13|   0|   13|          0|
    |trunc_ln717_52_reg_2472  |  13|   0|   13|          0|
    |trunc_ln717_54_reg_2477  |  13|   0|   13|          0|
    |trunc_ln717_5_reg_2542   |  11|   0|   13|          2|
    |trunc_ln717_7_reg_2522   |  13|   0|   13|          0|
    |trunc_ln717_s_reg_2717   |  10|   0|   10|          0|
    +-------------------------+----+----+-----+-----------+
    |Total                    |1141|   0| 1148|          7|
    +-------------------------+----+----+-----+-----------+



================================================================
== Interface
================================================================
* Summary: 
+-------------+-----+-----+------------+---------------------------------------------------------------------------+--------------+
|  RTL Ports  | Dir | Bits|  Protocol  |                               Source Object                               |    C Type    |
+-------------+-----+-----+------------+---------------------------------------------------------------------------+--------------+
|ap_clk       |   in|    1|  ap_ctrl_hs|  dense_latency<ap_fixed<8, 2, 5, 3, 0>, ap_fixed<16, 4, 5, 3, 0>, config2>|  return value|
|ap_rst       |   in|    1|  ap_ctrl_hs|  dense_latency<ap_fixed<8, 2, 5, 3, 0>, ap_fixed<16, 4, 5, 3, 0>, config2>|  return value|
|ap_start     |   in|    1|  ap_ctrl_hs|  dense_latency<ap_fixed<8, 2, 5, 3, 0>, ap_fixed<16, 4, 5, 3, 0>, config2>|  return value|
|ap_done      |  out|    1|  ap_ctrl_hs|  dense_latency<ap_fixed<8, 2, 5, 3, 0>, ap_fixed<16, 4, 5, 3, 0>, config2>|  return value|
|ap_idle      |  out|    1|  ap_ctrl_hs|  dense_latency<ap_fixed<8, 2, 5, 3, 0>, ap_fixed<16, 4, 5, 3, 0>, config2>|  return value|
|ap_ready     |  out|    1|  ap_ctrl_hs|  dense_latency<ap_fixed<8, 2, 5, 3, 0>, ap_fixed<16, 4, 5, 3, 0>, config2>|  return value|
|ap_return_0  |  out|   16|  ap_ctrl_hs|  dense_latency<ap_fixed<8, 2, 5, 3, 0>, ap_fixed<16, 4, 5, 3, 0>, config2>|  return value|
|ap_return_1  |  out|   16|  ap_ctrl_hs|  dense_latency<ap_fixed<8, 2, 5, 3, 0>, ap_fixed<16, 4, 5, 3, 0>, config2>|  return value|
|ap_return_2  |  out|   16|  ap_ctrl_hs|  dense_latency<ap_fixed<8, 2, 5, 3, 0>, ap_fixed<16, 4, 5, 3, 0>, config2>|  return value|
|p_read       |   in|  168|     ap_none|                                                                     p_read|        scalar|
+-------------+-----+-----+------------+---------------------------------------------------------------------------+--------------+

