

================================================================
== Vitis HLS Report for 'softmax_stable_ap_fixed_ap_fixed_16_6_5_3_0_softmax_config7_s'
================================================================
* Date:           Sat Jul 22 14:21:16 2023

* Version:        2021.1 (Build 3247384 on Thu Jun 10 19:36:07 MDT 2021)
* Project:        myproject_prj
* Solution:       solution1 (Vivado IP Flow Target)
* Product family: zynq
* Target device:  xc7z007s-clg225-2


================================================================
== Performance Estimates
================================================================
+ Timing: 
    * Summary: 
    +--------+---------+----------+------------+
    |  Clock |  Target | Estimated| Uncertainty|
    +--------+---------+----------+------------+
    |ap_clk  |  3.33 ns|  7.947 ns|     0.42 ns|
    +--------+---------+----------+------------+

+ Latency: 
    * Summary: 
    +---------+---------+-----------+-----------+-----+-----+---------+
    |  Latency (cycles) |   Latency (absolute)  |  Interval | Pipeline|
    |   min   |   max   |    min    |    max    | min | max |   Type  |
    +---------+---------+-----------+-----------+-----+-----+---------+
    |       10|       10|  79.474 ns|  79.474 ns|    1|    1|      yes|
    +---------+---------+-----------+-----------+-----+-----+---------+

    + Detail: 
        * Instance: 
        N/A

        * Loop: 
        N/A



================================================================
== Utilization Estimates
================================================================
* Summary: 
+-----------------+---------+----+-------+-------+-----+
|       Name      | BRAM_18K| DSP|   FF  |  LUT  | URAM|
+-----------------+---------+----+-------+-------+-----+
|DSP              |        -|   -|      -|      -|    -|
|Expression       |        -|   -|      0|    214|    -|
|FIFO             |        -|   -|      -|      -|    -|
|Instance         |        -|   0|      0|   1098|    -|
|Memory           |        3|   -|      0|      0|    -|
|Multiplexer      |        -|   -|      -|      -|    -|
|Register         |        -|   -|    605|    192|    -|
+-----------------+---------+----+-------+-------+-----+
|Total            |        3|   0|    605|   1504|    0|
+-----------------+---------+----+-------+-------+-----+
|Available        |      100|  66|  28800|  14400|    0|
+-----------------+---------+----+-------+-------+-----+
|Utilization (%)  |        3|   0|      2|     10|    0|
+-----------------+---------+----+-------+-------+-----+

+ Detail: 
    * Instance: 
    +------------------------+--------------------+---------+----+---+-----+-----+
    |        Instance        |       Module       | BRAM_18K| DSP| FF| LUT | URAM|
    +------------------------+--------------------+---------+----+---+-----+-----+
    |mul_18s_18s_30_1_1_U12  |mul_18s_18s_30_1_1  |        0|   0|  0|  366|    0|
    |mul_18s_18s_30_1_1_U13  |mul_18s_18s_30_1_1  |        0|   0|  0|  366|    0|
    |mul_18s_18s_30_1_1_U14  |mul_18s_18s_30_1_1  |        0|   0|  0|  366|    0|
    +------------------------+--------------------+---------+----+---+-----+-----+
    |Total                   |                    |        0|   0|  0| 1098|    0|
    +------------------------+--------------------+---------+----+---+-----+-----+

    * DSP: 
    N/A

    * Memory: 
    +----------------+----------------------------------------------------------------------------+---------+---+----+-----+------+-----+------+-------------+
    |     Memory     |                                   Module                                   | BRAM_18K| FF| LUT| URAM| Words| Bits| Banks| W*Bits*Banks|
    +----------------+----------------------------------------------------------------------------+---------+---+----+-----+------+-----+------+-------------+
    |exp_table_U     |softmax_stable_ap_fixed_ap_fixed_16_6_5_3_0_softmax_config7_s_exp_table     |        2|  0|   0|    0|  1024|   18|     1|        18432|
    |invert_table_U  |softmax_stable_ap_fixed_ap_fixed_16_6_5_3_0_softmax_config7_s_invert_table  |        1|  0|   0|    0|  1024|   18|     1|        18432|
    +----------------+----------------------------------------------------------------------------+---------+---+----+-----+------+-----+------+-------------+
    |Total           |                                                                            |        3|  0|   0|    0|  2048|   36|     2|        36864|
    +----------------+----------------------------------------------------------------------------+---------+---+----+-----+------+-----+------+-------------+

    * FIFO: 
    N/A

    * Expression: 
    +--------------------------+----------+----+---+----+------------+------------+
    |       Variable Name      | Operation| DSP| FF| LUT| Bitwidth P0| Bitwidth P1|
    +--------------------------+----------+----+---+----+------------+------------+
    |add_ln712_fu_374_p2       |         +|   0|  0|  18|          18|          18|
    |exp_sum_V_fu_378_p2       |         +|   0|  0|  18|          18|          18|
    |ret_V_1_fu_201_p2         |         -|   0|  0|  17|          17|          17|
    |ret_V_2_fu_244_p2         |         -|   0|  0|  17|          17|          17|
    |ret_V_fu_158_p2           |         -|   0|  0|  17|          17|          17|
    |overflow_1_fu_229_p2      |       and|   0|  0|   1|           1|           1|
    |overflow_2_fu_272_p2      |       and|   0|  0|   1|           1|           1|
    |overflow_fu_186_p2        |       and|   0|  0|   1|           1|           1|
    |icmp_ln1549_1_fu_137_p2   |      icmp|   0|  0|   7|          16|          16|
    |icmp_ln1549_fu_120_p2     |      icmp|   0|  0|   7|          16|          16|
    |select_ln384_1_fu_310_p3  |    select|   0|  0|  11|           1|           9|
    |select_ln384_2_fu_336_p3  |    select|   0|  0|  11|           1|           9|
    |select_ln384_fu_284_p3    |    select|   0|  0|  11|           1|           9|
    |select_ln65_fu_131_p3     |    select|   0|  0|  16|           1|          16|
    |x_max_V_fu_146_p3         |    select|   0|  0|  16|           1|          16|
    |y_1_fu_328_p3             |    select|   0|  0|  10|           1|          10|
    |y_2_fu_354_p3             |    select|   0|  0|  10|           1|          10|
    |y_fu_302_p3               |    select|   0|  0|  10|           1|          10|
    |ap_enable_pp0             |       xor|   0|  0|   2|           1|           2|
    |xor_ln1549_1_fu_141_p2    |       xor|   0|  0|   2|           1|           2|
    |xor_ln1549_fu_126_p2      |       xor|   0|  0|   2|           1|           2|
    |xor_ln340_1_fu_235_p2     |       xor|   0|  0|   1|           1|           1|
    |xor_ln340_2_fu_278_p2     |       xor|   0|  0|   1|           1|           1|
    |xor_ln340_fu_192_p2       |       xor|   0|  0|   1|           1|           1|
    |xor_ln794_1_fu_223_p2     |       xor|   0|  0|   2|           1|           2|
    |xor_ln794_2_fu_266_p2     |       xor|   0|  0|   2|           1|           2|
    |xor_ln794_fu_180_p2       |       xor|   0|  0|   2|           1|           2|
    +--------------------------+----------+----+---+----+------------+------------+
    |Total                     |          |   0|  0| 214|         139|         226|
    +--------------------------+----------+----+---+----+------------+------------+

    * Multiplexer: 
    N/A

    * Register: 
    +-----------------------------------+----+----+-----+-----------+
    |                Name               | FF | LUT| Bits| Const Bits|
    +-----------------------------------+----+----+-----+-----------+
    |ap_CS_fsm                          |   1|   0|    1|          0|
    |ap_enable_reg_pp0_iter1            |   1|   0|    1|          0|
    |ap_enable_reg_pp0_iter10           |   1|   0|    1|          0|
    |ap_enable_reg_pp0_iter2            |   1|   0|    1|          0|
    |ap_enable_reg_pp0_iter3            |   1|   0|    1|          0|
    |ap_enable_reg_pp0_iter4            |   1|   0|    1|          0|
    |ap_enable_reg_pp0_iter5            |   1|   0|    1|          0|
    |ap_enable_reg_pp0_iter6            |   1|   0|    1|          0|
    |ap_enable_reg_pp0_iter7            |   1|   0|    1|          0|
    |ap_enable_reg_pp0_iter8            |   1|   0|    1|          0|
    |ap_enable_reg_pp0_iter9            |   1|   0|    1|          0|
    |icmp_ln1549_1_reg_505              |   1|   0|    1|          0|
    |icmp_ln1549_reg_494                |   1|   0|    1|          0|
    |inv_exp_sum_V_reg_573              |  18|   0|   18|          0|
    |p_read_1_reg_475                   |  16|   0|   16|          0|
    |p_read_2_reg_482                   |  16|   0|   16|          0|
    |p_read_3_reg_488                   |  16|   0|   16|          0|
    |r_V_1_reg_551                      |  18|   0|   18|          0|
    |r_V_2_reg_557                      |  18|   0|   18|          0|
    |r_V_reg_545                        |  18|   0|   18|          0|
    |select_ln65_reg_499                |  16|   0|   16|          0|
    |select_ln65_reg_499_pp0_iter2_reg  |  16|   0|   16|          0|
    |x_max_V_reg_510                    |  16|   0|   16|          0|
    |y_1_reg_520                        |  10|   0|   10|          0|
    |y_2_reg_525                        |  10|   0|   10|          0|
    |y_3_reg_563                        |  10|   0|   10|          0|
    |y_reg_515                          |  10|   0|   10|          0|
    |p_read_1_reg_475                   |  64|  32|   16|          0|
    |p_read_2_reg_482                   |  64|  32|   16|          0|
    |p_read_3_reg_488                   |  64|  32|   16|          0|
    |r_V_1_reg_551                      |  64|  32|   18|          0|
    |r_V_2_reg_557                      |  64|  32|   18|          0|
    |r_V_reg_545                        |  64|  32|   18|          0|
    +-----------------------------------+----+----+-----+-----------+
    |Total                              | 605| 192|  323|          0|
    +-----------------------------------+----+----+-----+-----------+



================================================================
== Interface
================================================================
* Summary: 
+-------------+-----+-----+------------+---------------------------------------------------------------+--------------+
|  RTL Ports  | Dir | Bits|  Protocol  |                         Source Object                         |    C Type    |
+-------------+-----+-----+------------+---------------------------------------------------------------+--------------+
|ap_clk       |   in|    1|  ap_ctrl_hs|  softmax_stable<ap_fixed,ap_fixed<16,6,5,3,0>,softmax_config7>|  return value|
|ap_rst       |   in|    1|  ap_ctrl_hs|  softmax_stable<ap_fixed,ap_fixed<16,6,5,3,0>,softmax_config7>|  return value|
|ap_start     |   in|    1|  ap_ctrl_hs|  softmax_stable<ap_fixed,ap_fixed<16,6,5,3,0>,softmax_config7>|  return value|
|ap_done      |  out|    1|  ap_ctrl_hs|  softmax_stable<ap_fixed,ap_fixed<16,6,5,3,0>,softmax_config7>|  return value|
|ap_idle      |  out|    1|  ap_ctrl_hs|  softmax_stable<ap_fixed,ap_fixed<16,6,5,3,0>,softmax_config7>|  return value|
|ap_ready     |  out|    1|  ap_ctrl_hs|  softmax_stable<ap_fixed,ap_fixed<16,6,5,3,0>,softmax_config7>|  return value|
|ap_return_0  |  out|   16|  ap_ctrl_hs|  softmax_stable<ap_fixed,ap_fixed<16,6,5,3,0>,softmax_config7>|  return value|
|ap_return_1  |  out|   16|  ap_ctrl_hs|  softmax_stable<ap_fixed,ap_fixed<16,6,5,3,0>,softmax_config7>|  return value|
|ap_return_2  |  out|   16|  ap_ctrl_hs|  softmax_stable<ap_fixed,ap_fixed<16,6,5,3,0>,softmax_config7>|  return value|
|p_read       |   in|   16|     ap_none|                                                         p_read|        scalar|
|p_read1      |   in|   16|     ap_none|                                                        p_read1|        scalar|
|p_read2      |   in|   16|     ap_none|                                                        p_read2|        scalar|
+-------------+-----+-----+------------+---------------------------------------------------------------+--------------+

