

================================================================
== Synthesis Summary Report of 'myproject'
================================================================
+ General Information: 
    * Date:           Tue Jul 18 15:07:14 2023
    * Version:        2021.1 (Build 3247384 on Thu Jun 10 19:36:07 MDT 2021)
    * Project:        myproject_prj
    * Solution:       solution1 (Vivado IP Flow Target)
    * Product family: zynq
    * Target device:  xc7z007s-clg225-2
    

+ Performance & Resource Estimates: 
    
    PS: '+' for module; 'o' for loop; '*' for dataflow
    +----------------------------------------------------------------------------------+--------+-------+---------+-----------+----------+---------+------+----------+--------+----+---------------+----------------+-----+
    |                                      Modules                                     |  Issue |       | Latency |  Latency  | Iteration|         | Trip |          |        |    |               |                |     |
    |                                      & Loops                                     |  Type  | Slack | (cycles)|    (ns)   |  Latency | Interval| Count| Pipelined|  BRAM  | DSP|       FF      |       LUT      | URAM|
    +----------------------------------------------------------------------------------+--------+-------+---------+-----------+----------+---------+------+----------+--------+----+---------------+----------------+-----+
    |+ myproject                                                                       |  Timing|  -3.57|      227|  1.804e+03|         -|        1|     -|       yes|  6 (6%)|   -|  246168 (854%)|  264390 (1836%)|    -|
    | + grp_dense_latency_ap_fixed_8_2_5_3_0_ap_fixed_16_4_5_3_0_config2_s_fu_104      |  Timing|  -0.91|      192|  1.526e+03|         -|        1|     -|       yes|       -|   -|  190695 (662%)|  170240 (1182%)|    -|
    | + call_ret1_relu_ap_fixed_16_4_5_3_0_ap_ufixed_8_1_4_0_0_relu_config4_s_fu_110   |      II|   0.84|        0|      0.000|         -|        1|     -|       yes|       -|   -|              -|        774 (5%)|    -|
    | + grp_dense_latency_ap_ufixed_8_1_4_0_0_ap_fixed_16_4_5_3_0_config5_s_fu_132     |  Timing|  -0.91|        4|     31.790|         -|        1|     -|       yes|       -|   -|    13905 (48%)|    26211 (182%)|    -|
    | + call_ret3_relu_ap_fixed_16_4_5_3_0_ap_ufixed_8_1_4_0_0_relu_config7_s_fu_154   |      II|   0.84|        0|      0.000|         -|        1|     -|       yes|       -|   -|              -|      2236 (15%)|    -|
    | + grp_dense_latency_ap_ufixed_8_1_4_0_0_ap_fixed_16_4_5_3_0_config8_s_fu_210     |  Timing|  -0.91|        5|     39.737|         -|        1|     -|       yes|       -|   -|   30490 (105%)|    46862 (325%)|    -|
    | + call_ret5_relu_ap_fixed_16_4_5_3_0_ap_ufixed_8_1_4_0_0_relu_config10_s_fu_266  |      II|   0.84|        0|      0.000|         -|        1|     -|       yes|       -|   -|              -|      2365 (16%)|    -|
    | + grp_dense_latency_ap_ufixed_8_1_4_0_0_ap_fixed_16_4_5_3_0_config11_s_fu_325    |  Timing|  -0.91|        5|     39.737|         -|        1|     -|       yes|       -|   -|     6581 (22%)|     12651 (87%)|    -|
    | + grp_softmax_stable_ap_fixed_ap_fixed_16_4_5_3_0_softmax_config13_s_fu_384      |  Timing|  -3.57|       10|     79.474|         -|        1|     -|       yes|  6 (6%)|   -|      1172 (4%)|      3049 (21%)|    -|
    +----------------------------------------------------------------------------------+--------+-------+---------+-----------+----------+---------+------+----------+--------+----+---------------+----------------+-----+


================================================================
== HW Interfaces
================================================================
* REGISTER
+---------------+---------+----------+
| Interface     | Mode    | Bitwidth |
+---------------+---------+----------+
| fc1_input     | ap_none | 4488     |
| layer13_out_0 | ap_none | 16       |
| layer13_out_1 | ap_none | 16       |
| layer13_out_2 | ap_none | 16       |
| layer13_out_3 | ap_none | 16       |
| layer13_out_4 | ap_none | 16       |
| layer13_out_5 | ap_none | 16       |
+---------------+---------+----------+

* TOP LEVEL CONTROL
+-----------+------------+-----------------------------------+
| Interface | Type       | Ports                             |
+-----------+------------+-----------------------------------+
| ap_clk    | clock      | ap_clk                            |
| ap_rst    | reset      | ap_rst                            |
| ap_ctrl   | ap_ctrl_hs | ap_done ap_idle ap_ready ap_start |
+-----------+------------+-----------------------------------+


================================================================
== SW I/O Information
================================================================
* Top Function Arguments
+-------------+-----------+--------------------------------------+
| Argument    | Direction | Datatype                             |
+-------------+-----------+--------------------------------------+
| fc1_input   | in        | ap_fixed<8, 2, AP_TRN, AP_WRAP, 0>*  |
| layer13_out | out       | ap_fixed<16, 4, AP_TRN, AP_WRAP, 0>* |
+-------------+-----------+--------------------------------------+

* SW-to-HW Mapping
+-------------+----------------------+---------+
| Argument    | HW Name              | HW Type |
+-------------+----------------------+---------+
| fc1_input   | fc1_input            | port    |
| layer13_out | layer13_out_0        | port    |
| layer13_out | layer13_out_0_ap_vld | port    |
| layer13_out | layer13_out_1        | port    |
| layer13_out | layer13_out_1_ap_vld | port    |
| layer13_out | layer13_out_2        | port    |
| layer13_out | layer13_out_2_ap_vld | port    |
| layer13_out | layer13_out_3        | port    |
| layer13_out | layer13_out_3_ap_vld | port    |
| layer13_out | layer13_out_4        | port    |
| layer13_out | layer13_out_4_ap_vld | port    |
| layer13_out | layer13_out_5        | port    |
| layer13_out | layer13_out_5_ap_vld | port    |
+-------------+----------------------+---------+


================================================================
== M_AXI Burst Information
================================================================

