

================================================================
== Vitis HLS Report for 'myproject'
================================================================
* Date:           Sat Jul 22 14:21:54 2023

* Version:        2021.1 (Build 3247384 on Thu Jun 10 19:36:07 MDT 2021)
* Project:        myproject_prj
* Solution:       solution1 (Vivado IP Flow Target)
* Product family: zynq
* Target device:  xc7z007s-clg225-2


================================================================
== Performance Estimates
================================================================
+ Timing: 
    * Summary: 
    +--------+---------+----------+------------+
    |  Clock |  Target | Estimated| Uncertainty|
    +--------+---------+----------+------------+
    |ap_clk  |  3.33 ns|  3.270 ns|     0.42 ns|
    +--------+---------+----------+------------+

+ Latency: 
    * Summary: 
    +---------+---------+----------+----------+-----+-----+---------+
    |  Latency (cycles) |  Latency (absolute) |  Interval | Pipeline|
    |   min   |   max   |    min   |    max   | min | max |   Type  |
    +---------+---------+----------+----------+-----+-----+---------+
    |       58|       58|  0.193 us|  0.193 us|   38|   38|      yes|
    +---------+---------+----------+----------+-----+-----+---------+

    + Detail: 
        * Instance: 
        N/A

        * Loop: 
        N/A

============================================================
+ Verbose Summary: Synthesis Manager
============================================================
InlineROM: 1
ExposeGlobal: 0
============================================================
+ Verbose Summary: CDFG Model
============================================================
IsTopModel: 1
ResetActiveHigh: 1
IsCombinational: 0
IsDatapathOnly: 0
HasWiredReturn: 1
HasMFsm: 2
HasVarLatency: 0
IsPipeline: 1
IsRtlPipelined: 1
IsInstanceOverlapped: 0
IsDontTouch: 0
HasImplIP: 0
IsGatedGlobalClock: 0

+ Individual pipeline summary: 
  * Pipeline-0: initiation interval (II) = 38, depth = 59


============================================================
+ Verbose Summary: Schedule
============================================================
* Number of FSM states : 59
* Pipeline : 1
  Pipeline-0 : II = 38, D = 59, States = { 1 2 3 4 5 6 7 8 9 10 11 12 13 14 15 16 17 18 19 20 21 22 23 24 25 26 27 28 29 30 31 32 33 34 35 36 37 38 39 40 41 42 43 44 45 46 47 48 49 50 51 52 53 54 55 56 57 58 59 }
* Dataflow Pipeline: 0

* FSM state transitions: 
1 --> 2 
2 --> 3 
3 --> 4 
4 --> 5 
5 --> 6 
6 --> 7 
7 --> 8 
8 --> 9 
9 --> 10 
10 --> 11 
11 --> 12 
12 --> 13 
13 --> 14 
14 --> 15 
15 --> 16 
16 --> 17 
17 --> 18 
18 --> 19 
19 --> 20 
20 --> 21 
21 --> 22 
22 --> 23 
23 --> 24 
24 --> 25 
25 --> 26 
26 --> 27 
27 --> 28 
28 --> 29 
29 --> 30 
30 --> 31 
31 --> 32 
32 --> 33 
33 --> 34 
34 --> 35 
35 --> 36 
36 --> 37 
37 --> 38 
38 --> 39 
39 --> 40 
40 --> 41 
41 --> 42 
42 --> 43 
43 --> 44 
44 --> 45 
45 --> 46 
46 --> 47 
47 --> 48 
48 --> 49 
49 --> 50 
50 --> 51 
51 --> 52 
52 --> 53 
53 --> 54 
54 --> 55 
55 --> 56 
56 --> 57 
57 --> 58 
58 --> 59 
59 --> 

* FSM state operations: 

State 1 <SV = 0> <Delay = 2.45>
ST_1 : Operation 60 [1/1] (0.00ns)   --->   "%fc1_input_read = read i168 @_ssdm_op_Read.ap_auto.i168P0A, i168 %fc1_input" [firmware/nnet_utils/nnet_dense.h:41]   --->   Operation 60 'read' 'fc1_input_read' <Predicate = true> <Delay = 0.00>
ST_1 : Operation 61 [38/38] (2.45ns)   --->   "%call_ret = call i48 @dense_latency<ap_fixed<8, 2, 5, 3, 0>, ap_fixed<16, 4, 5, 3, 0>, config2>, i168 %fc1_input_read" [firmware/nnet_utils/nnet_dense.h:41]   --->   Operation 61 'call' 'call_ret' <Predicate = true> <Delay = 2.45> <CoreType = "Generic">   --->   Core 0 '' <Latency = 0> <II = 1> <Delay = 1.00> <Generic> <Opcode : >

State 2 <SV = 1> <Delay = 2.91>
ST_2 : Operation 62 [37/38] (2.91ns)   --->   "%call_ret = call i48 @dense_latency<ap_fixed<8, 2, 5, 3, 0>, ap_fixed<16, 4, 5, 3, 0>, config2>, i168 %fc1_input_read" [firmware/nnet_utils/nnet_dense.h:41]   --->   Operation 62 'call' 'call_ret' <Predicate = true> <Delay = 2.91> <CoreType = "Generic">   --->   Core 0 '' <Latency = 0> <II = 1> <Delay = 1.00> <Generic> <Opcode : >

State 3 <SV = 2> <Delay = 2.91>
ST_3 : Operation 63 [36/38] (2.91ns)   --->   "%call_ret = call i48 @dense_latency<ap_fixed<8, 2, 5, 3, 0>, ap_fixed<16, 4, 5, 3, 0>, config2>, i168 %fc1_input_read" [firmware/nnet_utils/nnet_dense.h:41]   --->   Operation 63 'call' 'call_ret' <Predicate = true> <Delay = 2.91> <CoreType = "Generic">   --->   Core 0 '' <Latency = 0> <II = 1> <Delay = 1.00> <Generic> <Opcode : >

State 4 <SV = 3> <Delay = 2.91>
ST_4 : Operation 64 [35/38] (2.91ns)   --->   "%call_ret = call i48 @dense_latency<ap_fixed<8, 2, 5, 3, 0>, ap_fixed<16, 4, 5, 3, 0>, config2>, i168 %fc1_input_read" [firmware/nnet_utils/nnet_dense.h:41]   --->   Operation 64 'call' 'call_ret' <Predicate = true> <Delay = 2.91> <CoreType = "Generic">   --->   Core 0 '' <Latency = 0> <II = 1> <Delay = 1.00> <Generic> <Opcode : >

State 5 <SV = 4> <Delay = 2.91>
ST_5 : Operation 65 [34/38] (2.91ns)   --->   "%call_ret = call i48 @dense_latency<ap_fixed<8, 2, 5, 3, 0>, ap_fixed<16, 4, 5, 3, 0>, config2>, i168 %fc1_input_read" [firmware/nnet_utils/nnet_dense.h:41]   --->   Operation 65 'call' 'call_ret' <Predicate = true> <Delay = 2.91> <CoreType = "Generic">   --->   Core 0 '' <Latency = 0> <II = 1> <Delay = 1.00> <Generic> <Opcode : >

State 6 <SV = 5> <Delay = 2.91>
ST_6 : Operation 66 [33/38] (2.91ns)   --->   "%call_ret = call i48 @dense_latency<ap_fixed<8, 2, 5, 3, 0>, ap_fixed<16, 4, 5, 3, 0>, config2>, i168 %fc1_input_read" [firmware/nnet_utils/nnet_dense.h:41]   --->   Operation 66 'call' 'call_ret' <Predicate = true> <Delay = 2.91> <CoreType = "Generic">   --->   Core 0 '' <Latency = 0> <II = 1> <Delay = 1.00> <Generic> <Opcode : >

State 7 <SV = 6> <Delay = 2.91>
ST_7 : Operation 67 [32/38] (2.91ns)   --->   "%call_ret = call i48 @dense_latency<ap_fixed<8, 2, 5, 3, 0>, ap_fixed<16, 4, 5, 3, 0>, config2>, i168 %fc1_input_read" [firmware/nnet_utils/nnet_dense.h:41]   --->   Operation 67 'call' 'call_ret' <Predicate = true> <Delay = 2.91> <CoreType = "Generic">   --->   Core 0 '' <Latency = 0> <II = 1> <Delay = 1.00> <Generic> <Opcode : >

State 8 <SV = 7> <Delay = 2.91>
ST_8 : Operation 68 [31/38] (2.91ns)   --->   "%call_ret = call i48 @dense_latency<ap_fixed<8, 2, 5, 3, 0>, ap_fixed<16, 4, 5, 3, 0>, config2>, i168 %fc1_input_read" [firmware/nnet_utils/nnet_dense.h:41]   --->   Operation 68 'call' 'call_ret' <Predicate = true> <Delay = 2.91> <CoreType = "Generic">   --->   Core 0 '' <Latency = 0> <II = 1> <Delay = 1.00> <Generic> <Opcode : >

State 9 <SV = 8> <Delay = 2.91>
ST_9 : Operation 69 [30/38] (2.91ns)   --->   "%call_ret = call i48 @dense_latency<ap_fixed<8, 2, 5, 3, 0>, ap_fixed<16, 4, 5, 3, 0>, config2>, i168 %fc1_input_read" [firmware/nnet_utils/nnet_dense.h:41]   --->   Operation 69 'call' 'call_ret' <Predicate = true> <Delay = 2.91> <CoreType = "Generic">   --->   Core 0 '' <Latency = 0> <II = 1> <Delay = 1.00> <Generic> <Opcode : >

State 10 <SV = 9> <Delay = 2.91>
ST_10 : Operation 70 [29/38] (2.91ns)   --->   "%call_ret = call i48 @dense_latency<ap_fixed<8, 2, 5, 3, 0>, ap_fixed<16, 4, 5, 3, 0>, config2>, i168 %fc1_input_read" [firmware/nnet_utils/nnet_dense.h:41]   --->   Operation 70 'call' 'call_ret' <Predicate = true> <Delay = 2.91> <CoreType = "Generic">   --->   Core 0 '' <Latency = 0> <II = 1> <Delay = 1.00> <Generic> <Opcode : >

State 11 <SV = 10> <Delay = 2.91>
ST_11 : Operation 71 [28/38] (2.91ns)   --->   "%call_ret = call i48 @dense_latency<ap_fixed<8, 2, 5, 3, 0>, ap_fixed<16, 4, 5, 3, 0>, config2>, i168 %fc1_input_read" [firmware/nnet_utils/nnet_dense.h:41]   --->   Operation 71 'call' 'call_ret' <Predicate = true> <Delay = 2.91> <CoreType = "Generic">   --->   Core 0 '' <Latency = 0> <II = 1> <Delay = 1.00> <Generic> <Opcode : >

State 12 <SV = 11> <Delay = 2.91>
ST_12 : Operation 72 [27/38] (2.91ns)   --->   "%call_ret = call i48 @dense_latency<ap_fixed<8, 2, 5, 3, 0>, ap_fixed<16, 4, 5, 3, 0>, config2>, i168 %fc1_input_read" [firmware/nnet_utils/nnet_dense.h:41]   --->   Operation 72 'call' 'call_ret' <Predicate = true> <Delay = 2.91> <CoreType = "Generic">   --->   Core 0 '' <Latency = 0> <II = 1> <Delay = 1.00> <Generic> <Opcode : >

State 13 <SV = 12> <Delay = 2.91>
ST_13 : Operation 73 [26/38] (2.91ns)   --->   "%call_ret = call i48 @dense_latency<ap_fixed<8, 2, 5, 3, 0>, ap_fixed<16, 4, 5, 3, 0>, config2>, i168 %fc1_input_read" [firmware/nnet_utils/nnet_dense.h:41]   --->   Operation 73 'call' 'call_ret' <Predicate = true> <Delay = 2.91> <CoreType = "Generic">   --->   Core 0 '' <Latency = 0> <II = 1> <Delay = 1.00> <Generic> <Opcode : >

State 14 <SV = 13> <Delay = 2.91>
ST_14 : Operation 74 [25/38] (2.91ns)   --->   "%call_ret = call i48 @dense_latency<ap_fixed<8, 2, 5, 3, 0>, ap_fixed<16, 4, 5, 3, 0>, config2>, i168 %fc1_input_read" [firmware/nnet_utils/nnet_dense.h:41]   --->   Operation 74 'call' 'call_ret' <Predicate = true> <Delay = 2.91> <CoreType = "Generic">   --->   Core 0 '' <Latency = 0> <II = 1> <Delay = 1.00> <Generic> <Opcode : >

State 15 <SV = 14> <Delay = 2.91>
ST_15 : Operation 75 [24/38] (2.91ns)   --->   "%call_ret = call i48 @dense_latency<ap_fixed<8, 2, 5, 3, 0>, ap_fixed<16, 4, 5, 3, 0>, config2>, i168 %fc1_input_read" [firmware/nnet_utils/nnet_dense.h:41]   --->   Operation 75 'call' 'call_ret' <Predicate = true> <Delay = 2.91> <CoreType = "Generic">   --->   Core 0 '' <Latency = 0> <II = 1> <Delay = 1.00> <Generic> <Opcode : >

State 16 <SV = 15> <Delay = 2.91>
ST_16 : Operation 76 [23/38] (2.91ns)   --->   "%call_ret = call i48 @dense_latency<ap_fixed<8, 2, 5, 3, 0>, ap_fixed<16, 4, 5, 3, 0>, config2>, i168 %fc1_input_read" [firmware/nnet_utils/nnet_dense.h:41]   --->   Operation 76 'call' 'call_ret' <Predicate = true> <Delay = 2.91> <CoreType = "Generic">   --->   Core 0 '' <Latency = 0> <II = 1> <Delay = 1.00> <Generic> <Opcode : >

State 17 <SV = 16> <Delay = 2.91>
ST_17 : Operation 77 [22/38] (2.91ns)   --->   "%call_ret = call i48 @dense_latency<ap_fixed<8, 2, 5, 3, 0>, ap_fixed<16, 4, 5, 3, 0>, config2>, i168 %fc1_input_read" [firmware/nnet_utils/nnet_dense.h:41]   --->   Operation 77 'call' 'call_ret' <Predicate = true> <Delay = 2.91> <CoreType = "Generic">   --->   Core 0 '' <Latency = 0> <II = 1> <Delay = 1.00> <Generic> <Opcode : >

State 18 <SV = 17> <Delay = 2.91>
ST_18 : Operation 78 [21/38] (2.91ns)   --->   "%call_ret = call i48 @dense_latency<ap_fixed<8, 2, 5, 3, 0>, ap_fixed<16, 4, 5, 3, 0>, config2>, i168 %fc1_input_read" [firmware/nnet_utils/nnet_dense.h:41]   --->   Operation 78 'call' 'call_ret' <Predicate = true> <Delay = 2.91> <CoreType = "Generic">   --->   Core 0 '' <Latency = 0> <II = 1> <Delay = 1.00> <Generic> <Opcode : >

State 19 <SV = 18> <Delay = 2.91>
ST_19 : Operation 79 [20/38] (2.91ns)   --->   "%call_ret = call i48 @dense_latency<ap_fixed<8, 2, 5, 3, 0>, ap_fixed<16, 4, 5, 3, 0>, config2>, i168 %fc1_input_read" [firmware/nnet_utils/nnet_dense.h:41]   --->   Operation 79 'call' 'call_ret' <Predicate = true> <Delay = 2.91> <CoreType = "Generic">   --->   Core 0 '' <Latency = 0> <II = 1> <Delay = 1.00> <Generic> <Opcode : >

State 20 <SV = 19> <Delay = 2.91>
ST_20 : Operation 80 [19/38] (2.91ns)   --->   "%call_ret = call i48 @dense_latency<ap_fixed<8, 2, 5, 3, 0>, ap_fixed<16, 4, 5, 3, 0>, config2>, i168 %fc1_input_read" [firmware/nnet_utils/nnet_dense.h:41]   --->   Operation 80 'call' 'call_ret' <Predicate = true> <Delay = 2.91> <CoreType = "Generic">   --->   Core 0 '' <Latency = 0> <II = 1> <Delay = 1.00> <Generic> <Opcode : >

State 21 <SV = 20> <Delay = 2.91>
ST_21 : Operation 81 [18/38] (2.91ns)   --->   "%call_ret = call i48 @dense_latency<ap_fixed<8, 2, 5, 3, 0>, ap_fixed<16, 4, 5, 3, 0>, config2>, i168 %fc1_input_read" [firmware/nnet_utils/nnet_dense.h:41]   --->   Operation 81 'call' 'call_ret' <Predicate = true> <Delay = 2.91> <CoreType = "Generic">   --->   Core 0 '' <Latency = 0> <II = 1> <Delay = 1.00> <Generic> <Opcode : >

State 22 <SV = 21> <Delay = 2.91>
ST_22 : Operation 82 [17/38] (2.91ns)   --->   "%call_ret = call i48 @dense_latency<ap_fixed<8, 2, 5, 3, 0>, ap_fixed<16, 4, 5, 3, 0>, config2>, i168 %fc1_input_read" [firmware/nnet_utils/nnet_dense.h:41]   --->   Operation 82 'call' 'call_ret' <Predicate = true> <Delay = 2.91> <CoreType = "Generic">   --->   Core 0 '' <Latency = 0> <II = 1> <Delay = 1.00> <Generic> <Opcode : >

State 23 <SV = 22> <Delay = 2.91>
ST_23 : Operation 83 [16/38] (2.91ns)   --->   "%call_ret = call i48 @dense_latency<ap_fixed<8, 2, 5, 3, 0>, ap_fixed<16, 4, 5, 3, 0>, config2>, i168 %fc1_input_read" [firmware/nnet_utils/nnet_dense.h:41]   --->   Operation 83 'call' 'call_ret' <Predicate = true> <Delay = 2.91> <CoreType = "Generic">   --->   Core 0 '' <Latency = 0> <II = 1> <Delay = 1.00> <Generic> <Opcode : >

State 24 <SV = 23> <Delay = 2.91>
ST_24 : Operation 84 [15/38] (2.91ns)   --->   "%call_ret = call i48 @dense_latency<ap_fixed<8, 2, 5, 3, 0>, ap_fixed<16, 4, 5, 3, 0>, config2>, i168 %fc1_input_read" [firmware/nnet_utils/nnet_dense.h:41]   --->   Operation 84 'call' 'call_ret' <Predicate = true> <Delay = 2.91> <CoreType = "Generic">   --->   Core 0 '' <Latency = 0> <II = 1> <Delay = 1.00> <Generic> <Opcode : >

State 25 <SV = 24> <Delay = 2.91>
ST_25 : Operation 85 [14/38] (2.91ns)   --->   "%call_ret = call i48 @dense_latency<ap_fixed<8, 2, 5, 3, 0>, ap_fixed<16, 4, 5, 3, 0>, config2>, i168 %fc1_input_read" [firmware/nnet_utils/nnet_dense.h:41]   --->   Operation 85 'call' 'call_ret' <Predicate = true> <Delay = 2.91> <CoreType = "Generic">   --->   Core 0 '' <Latency = 0> <II = 1> <Delay = 1.00> <Generic> <Opcode : >

State 26 <SV = 25> <Delay = 2.91>
ST_26 : Operation 86 [13/38] (2.91ns)   --->   "%call_ret = call i48 @dense_latency<ap_fixed<8, 2, 5, 3, 0>, ap_fixed<16, 4, 5, 3, 0>, config2>, i168 %fc1_input_read" [firmware/nnet_utils/nnet_dense.h:41]   --->   Operation 86 'call' 'call_ret' <Predicate = true> <Delay = 2.91> <CoreType = "Generic">   --->   Core 0 '' <Latency = 0> <II = 1> <Delay = 1.00> <Generic> <Opcode : >

State 27 <SV = 26> <Delay = 2.91>
ST_27 : Operation 87 [12/38] (2.91ns)   --->   "%call_ret = call i48 @dense_latency<ap_fixed<8, 2, 5, 3, 0>, ap_fixed<16, 4, 5, 3, 0>, config2>, i168 %fc1_input_read" [firmware/nnet_utils/nnet_dense.h:41]   --->   Operation 87 'call' 'call_ret' <Predicate = true> <Delay = 2.91> <CoreType = "Generic">   --->   Core 0 '' <Latency = 0> <II = 1> <Delay = 1.00> <Generic> <Opcode : >

State 28 <SV = 27> <Delay = 2.91>
ST_28 : Operation 88 [11/38] (2.91ns)   --->   "%call_ret = call i48 @dense_latency<ap_fixed<8, 2, 5, 3, 0>, ap_fixed<16, 4, 5, 3, 0>, config2>, i168 %fc1_input_read" [firmware/nnet_utils/nnet_dense.h:41]   --->   Operation 88 'call' 'call_ret' <Predicate = true> <Delay = 2.91> <CoreType = "Generic">   --->   Core 0 '' <Latency = 0> <II = 1> <Delay = 1.00> <Generic> <Opcode : >

State 29 <SV = 28> <Delay = 2.91>
ST_29 : Operation 89 [10/38] (2.91ns)   --->   "%call_ret = call i48 @dense_latency<ap_fixed<8, 2, 5, 3, 0>, ap_fixed<16, 4, 5, 3, 0>, config2>, i168 %fc1_input_read" [firmware/nnet_utils/nnet_dense.h:41]   --->   Operation 89 'call' 'call_ret' <Predicate = true> <Delay = 2.91> <CoreType = "Generic">   --->   Core 0 '' <Latency = 0> <II = 1> <Delay = 1.00> <Generic> <Opcode : >

State 30 <SV = 29> <Delay = 2.91>
ST_30 : Operation 90 [9/38] (2.91ns)   --->   "%call_ret = call i48 @dense_latency<ap_fixed<8, 2, 5, 3, 0>, ap_fixed<16, 4, 5, 3, 0>, config2>, i168 %fc1_input_read" [firmware/nnet_utils/nnet_dense.h:41]   --->   Operation 90 'call' 'call_ret' <Predicate = true> <Delay = 2.91> <CoreType = "Generic">   --->   Core 0 '' <Latency = 0> <II = 1> <Delay = 1.00> <Generic> <Opcode : >

State 31 <SV = 30> <Delay = 2.91>
ST_31 : Operation 91 [8/38] (2.91ns)   --->   "%call_ret = call i48 @dense_latency<ap_fixed<8, 2, 5, 3, 0>, ap_fixed<16, 4, 5, 3, 0>, config2>, i168 %fc1_input_read" [firmware/nnet_utils/nnet_dense.h:41]   --->   Operation 91 'call' 'call_ret' <Predicate = true> <Delay = 2.91> <CoreType = "Generic">   --->   Core 0 '' <Latency = 0> <II = 1> <Delay = 1.00> <Generic> <Opcode : >

State 32 <SV = 31> <Delay = 2.91>
ST_32 : Operation 92 [7/38] (2.91ns)   --->   "%call_ret = call i48 @dense_latency<ap_fixed<8, 2, 5, 3, 0>, ap_fixed<16, 4, 5, 3, 0>, config2>, i168 %fc1_input_read" [firmware/nnet_utils/nnet_dense.h:41]   --->   Operation 92 'call' 'call_ret' <Predicate = true> <Delay = 2.91> <CoreType = "Generic">   --->   Core 0 '' <Latency = 0> <II = 1> <Delay = 1.00> <Generic> <Opcode : >

State 33 <SV = 32> <Delay = 2.91>
ST_33 : Operation 93 [6/38] (2.91ns)   --->   "%call_ret = call i48 @dense_latency<ap_fixed<8, 2, 5, 3, 0>, ap_fixed<16, 4, 5, 3, 0>, config2>, i168 %fc1_input_read" [firmware/nnet_utils/nnet_dense.h:41]   --->   Operation 93 'call' 'call_ret' <Predicate = true> <Delay = 2.91> <CoreType = "Generic">   --->   Core 0 '' <Latency = 0> <II = 1> <Delay = 1.00> <Generic> <Opcode : >

State 34 <SV = 33> <Delay = 2.91>
ST_34 : Operation 94 [5/38] (2.91ns)   --->   "%call_ret = call i48 @dense_latency<ap_fixed<8, 2, 5, 3, 0>, ap_fixed<16, 4, 5, 3, 0>, config2>, i168 %fc1_input_read" [firmware/nnet_utils/nnet_dense.h:41]   --->   Operation 94 'call' 'call_ret' <Predicate = true> <Delay = 2.91> <CoreType = "Generic">   --->   Core 0 '' <Latency = 0> <II = 1> <Delay = 1.00> <Generic> <Opcode : >

State 35 <SV = 34> <Delay = 2.91>
ST_35 : Operation 95 [4/38] (2.91ns)   --->   "%call_ret = call i48 @dense_latency<ap_fixed<8, 2, 5, 3, 0>, ap_fixed<16, 4, 5, 3, 0>, config2>, i168 %fc1_input_read" [firmware/nnet_utils/nnet_dense.h:41]   --->   Operation 95 'call' 'call_ret' <Predicate = true> <Delay = 2.91> <CoreType = "Generic">   --->   Core 0 '' <Latency = 0> <II = 1> <Delay = 1.00> <Generic> <Opcode : >

State 36 <SV = 35> <Delay = 2.91>
ST_36 : Operation 96 [3/38] (2.91ns)   --->   "%call_ret = call i48 @dense_latency<ap_fixed<8, 2, 5, 3, 0>, ap_fixed<16, 4, 5, 3, 0>, config2>, i168 %fc1_input_read" [firmware/nnet_utils/nnet_dense.h:41]   --->   Operation 96 'call' 'call_ret' <Predicate = true> <Delay = 2.91> <CoreType = "Generic">   --->   Core 0 '' <Latency = 0> <II = 1> <Delay = 1.00> <Generic> <Opcode : >

State 37 <SV = 36> <Delay = 2.91>
ST_37 : Operation 97 [2/38] (2.91ns)   --->   "%call_ret = call i48 @dense_latency<ap_fixed<8, 2, 5, 3, 0>, ap_fixed<16, 4, 5, 3, 0>, config2>, i168 %fc1_input_read" [firmware/nnet_utils/nnet_dense.h:41]   --->   Operation 97 'call' 'call_ret' <Predicate = true> <Delay = 2.91> <CoreType = "Generic">   --->   Core 0 '' <Latency = 0> <II = 1> <Delay = 1.00> <Generic> <Opcode : >

State 38 <SV = 37> <Delay = 3.13>
ST_38 : Operation 98 [1/38] (3.13ns)   --->   "%call_ret = call i48 @dense_latency<ap_fixed<8, 2, 5, 3, 0>, ap_fixed<16, 4, 5, 3, 0>, config2>, i168 %fc1_input_read" [firmware/nnet_utils/nnet_dense.h:41]   --->   Operation 98 'call' 'call_ret' <Predicate = true> <Delay = 3.13> <CoreType = "Generic">   --->   Core 0 '' <Latency = 0> <II = 1> <Delay = 1.00> <Generic> <Opcode : >
ST_38 : Operation 99 [1/1] (0.00ns)   --->   "%layer2_out_V_0 = extractvalue i48 %call_ret" [firmware/nnet_utils/nnet_dense.h:41]   --->   Operation 99 'extractvalue' 'layer2_out_V_0' <Predicate = true> <Delay = 0.00>
ST_38 : Operation 100 [1/1] (0.00ns)   --->   "%layer2_out_V_1 = extractvalue i48 %call_ret" [firmware/nnet_utils/nnet_dense.h:41]   --->   Operation 100 'extractvalue' 'layer2_out_V_1' <Predicate = true> <Delay = 0.00>
ST_38 : Operation 101 [1/1] (0.00ns)   --->   "%layer2_out_V_2 = extractvalue i48 %call_ret" [firmware/nnet_utils/nnet_dense.h:41]   --->   Operation 101 'extractvalue' 'layer2_out_V_2' <Predicate = true> <Delay = 0.00>

State 39 <SV = 38> <Delay = 2.28>
ST_39 : Operation 102 [2/2] (2.28ns)   --->   "%call_ret1 = call i24 @relu<ap_fixed<16, 4, 5, 3, 0>, ap_ufixed<8, 0, 4, 0, 0>, relu_config4>, i16 %layer2_out_V_0, i16 %layer2_out_V_1, i16 %layer2_out_V_2" [firmware/myproject.cpp:41]   --->   Operation 102 'call' 'call_ret1' <Predicate = true> <Delay = 2.28> <CoreType = "Generic">   --->   Core 0 '' <Latency = 0> <II = 1> <Delay = 1.00> <Generic> <Opcode : >

State 40 <SV = 39> <Delay = 2.58>
ST_40 : Operation 103 [1/2] (2.58ns)   --->   "%call_ret1 = call i24 @relu<ap_fixed<16, 4, 5, 3, 0>, ap_ufixed<8, 0, 4, 0, 0>, relu_config4>, i16 %layer2_out_V_0, i16 %layer2_out_V_1, i16 %layer2_out_V_2" [firmware/myproject.cpp:41]   --->   Operation 103 'call' 'call_ret1' <Predicate = true> <Delay = 2.58> <CoreType = "Generic">   --->   Core 0 '' <Latency = 0> <II = 1> <Delay = 1.00> <Generic> <Opcode : >
ST_40 : Operation 104 [1/1] (0.00ns)   --->   "%layer4_out_V_0 = extractvalue i24 %call_ret1" [firmware/myproject.cpp:41]   --->   Operation 104 'extractvalue' 'layer4_out_V_0' <Predicate = true> <Delay = 0.00>
ST_40 : Operation 105 [1/1] (0.00ns)   --->   "%layer4_out_V_1 = extractvalue i24 %call_ret1" [firmware/myproject.cpp:41]   --->   Operation 105 'extractvalue' 'layer4_out_V_1' <Predicate = true> <Delay = 0.00>
ST_40 : Operation 106 [1/1] (0.00ns)   --->   "%layer4_out_V_2 = extractvalue i24 %call_ret1" [firmware/myproject.cpp:41]   --->   Operation 106 'extractvalue' 'layer4_out_V_2' <Predicate = true> <Delay = 0.00>

State 41 <SV = 40> <Delay = 2.45>
ST_41 : Operation 107 [5/5] (2.45ns)   --->   "%call_ret2 = call i48 @dense_latency<ap_ufixed<8, 0, 4, 0, 0>, ap_fixed<16, 4, 5, 3, 0>, config5>, i8 %layer4_out_V_0, i8 %layer4_out_V_1, i8 %layer4_out_V_2" [firmware/nnet_utils/nnet_dense.h:41]   --->   Operation 107 'call' 'call_ret2' <Predicate = true> <Delay = 2.45> <CoreType = "Generic">   --->   Core 0 '' <Latency = 0> <II = 1> <Delay = 1.00> <Generic> <Opcode : >

State 42 <SV = 41> <Delay = 2.45>
ST_42 : Operation 108 [4/5] (2.45ns)   --->   "%call_ret2 = call i48 @dense_latency<ap_ufixed<8, 0, 4, 0, 0>, ap_fixed<16, 4, 5, 3, 0>, config5>, i8 %layer4_out_V_0, i8 %layer4_out_V_1, i8 %layer4_out_V_2" [firmware/nnet_utils/nnet_dense.h:41]   --->   Operation 108 'call' 'call_ret2' <Predicate = true> <Delay = 2.45> <CoreType = "Generic">   --->   Core 0 '' <Latency = 0> <II = 1> <Delay = 1.00> <Generic> <Opcode : >

State 43 <SV = 42> <Delay = 2.45>
ST_43 : Operation 109 [3/5] (2.45ns)   --->   "%call_ret2 = call i48 @dense_latency<ap_ufixed<8, 0, 4, 0, 0>, ap_fixed<16, 4, 5, 3, 0>, config5>, i8 %layer4_out_V_0, i8 %layer4_out_V_1, i8 %layer4_out_V_2" [firmware/nnet_utils/nnet_dense.h:41]   --->   Operation 109 'call' 'call_ret2' <Predicate = true> <Delay = 2.45> <CoreType = "Generic">   --->   Core 0 '' <Latency = 0> <II = 1> <Delay = 1.00> <Generic> <Opcode : >

State 44 <SV = 43> <Delay = 2.45>
ST_44 : Operation 110 [2/5] (2.45ns)   --->   "%call_ret2 = call i48 @dense_latency<ap_ufixed<8, 0, 4, 0, 0>, ap_fixed<16, 4, 5, 3, 0>, config5>, i8 %layer4_out_V_0, i8 %layer4_out_V_1, i8 %layer4_out_V_2" [firmware/nnet_utils/nnet_dense.h:41]   --->   Operation 110 'call' 'call_ret2' <Predicate = true> <Delay = 2.45> <CoreType = "Generic">   --->   Core 0 '' <Latency = 0> <II = 1> <Delay = 1.00> <Generic> <Opcode : >

State 45 <SV = 44> <Delay = 1.54>
ST_45 : Operation 111 [1/5] (1.54ns)   --->   "%call_ret2 = call i48 @dense_latency<ap_ufixed<8, 0, 4, 0, 0>, ap_fixed<16, 4, 5, 3, 0>, config5>, i8 %layer4_out_V_0, i8 %layer4_out_V_1, i8 %layer4_out_V_2" [firmware/nnet_utils/nnet_dense.h:41]   --->   Operation 111 'call' 'call_ret2' <Predicate = true> <Delay = 1.54> <CoreType = "Generic">   --->   Core 0 '' <Latency = 0> <II = 1> <Delay = 1.00> <Generic> <Opcode : >
ST_45 : Operation 112 [1/1] (0.00ns)   --->   "%layer5_out_V_0 = extractvalue i48 %call_ret2" [firmware/nnet_utils/nnet_dense.h:41]   --->   Operation 112 'extractvalue' 'layer5_out_V_0' <Predicate = true> <Delay = 0.00>
ST_45 : Operation 113 [1/1] (0.00ns)   --->   "%layer5_out_V_1 = extractvalue i48 %call_ret2" [firmware/nnet_utils/nnet_dense.h:41]   --->   Operation 113 'extractvalue' 'layer5_out_V_1' <Predicate = true> <Delay = 0.00>
ST_45 : Operation 114 [1/1] (0.00ns)   --->   "%layer5_out_V_2 = extractvalue i48 %call_ret2" [firmware/nnet_utils/nnet_dense.h:41]   --->   Operation 114 'extractvalue' 'layer5_out_V_2' <Predicate = true> <Delay = 0.00>

State 46 <SV = 45> <Delay = 2.13>
ST_46 : Operation 115 [14/14] (2.13ns)   --->   "%call_ret3 = call i48 @softmax_stable<ap_fixed,ap_fixed<16,6,5,3,0>,softmax_config7>, i16 %layer5_out_V_0, i16 %layer5_out_V_1, i16 %layer5_out_V_2, i18 %exp_table, i18 %invert_table" [firmware/nnet_utils/nnet_activation.h:386]   --->   Operation 115 'call' 'call_ret3' <Predicate = true> <Delay = 2.13> <CoreType = "Generic">   --->   Core 0 '' <Latency = 0> <II = 1> <Delay = 1.00> <Generic> <Opcode : >

State 47 <SV = 46> <Delay = 2.91>
ST_47 : Operation 116 [13/14] (2.91ns)   --->   "%call_ret3 = call i48 @softmax_stable<ap_fixed,ap_fixed<16,6,5,3,0>,softmax_config7>, i16 %layer5_out_V_0, i16 %layer5_out_V_1, i16 %layer5_out_V_2, i18 %exp_table, i18 %invert_table" [firmware/nnet_utils/nnet_activation.h:386]   --->   Operation 116 'call' 'call_ret3' <Predicate = true> <Delay = 2.91> <CoreType = "Generic">   --->   Core 0 '' <Latency = 0> <II = 1> <Delay = 1.00> <Generic> <Opcode : >

State 48 <SV = 47> <Delay = 2.91>
ST_48 : Operation 117 [12/14] (2.91ns)   --->   "%call_ret3 = call i48 @softmax_stable<ap_fixed,ap_fixed<16,6,5,3,0>,softmax_config7>, i16 %layer5_out_V_0, i16 %layer5_out_V_1, i16 %layer5_out_V_2, i18 %exp_table, i18 %invert_table" [firmware/nnet_utils/nnet_activation.h:386]   --->   Operation 117 'call' 'call_ret3' <Predicate = true> <Delay = 2.91> <CoreType = "Generic">   --->   Core 0 '' <Latency = 0> <II = 1> <Delay = 1.00> <Generic> <Opcode : >

State 49 <SV = 48> <Delay = 2.91>
ST_49 : Operation 118 [11/14] (2.91ns)   --->   "%call_ret3 = call i48 @softmax_stable<ap_fixed,ap_fixed<16,6,5,3,0>,softmax_config7>, i16 %layer5_out_V_0, i16 %layer5_out_V_1, i16 %layer5_out_V_2, i18 %exp_table, i18 %invert_table" [firmware/nnet_utils/nnet_activation.h:386]   --->   Operation 118 'call' 'call_ret3' <Predicate = true> <Delay = 2.91> <CoreType = "Generic">   --->   Core 0 '' <Latency = 0> <II = 1> <Delay = 1.00> <Generic> <Opcode : >

State 50 <SV = 49> <Delay = 2.91>
ST_50 : Operation 119 [10/14] (2.91ns)   --->   "%call_ret3 = call i48 @softmax_stable<ap_fixed,ap_fixed<16,6,5,3,0>,softmax_config7>, i16 %layer5_out_V_0, i16 %layer5_out_V_1, i16 %layer5_out_V_2, i18 %exp_table, i18 %invert_table" [firmware/nnet_utils/nnet_activation.h:386]   --->   Operation 119 'call' 'call_ret3' <Predicate = true> <Delay = 2.91> <CoreType = "Generic">   --->   Core 0 '' <Latency = 0> <II = 1> <Delay = 1.00> <Generic> <Opcode : >

State 51 <SV = 50> <Delay = 2.91>
ST_51 : Operation 120 [9/14] (2.91ns)   --->   "%call_ret3 = call i48 @softmax_stable<ap_fixed,ap_fixed<16,6,5,3,0>,softmax_config7>, i16 %layer5_out_V_0, i16 %layer5_out_V_1, i16 %layer5_out_V_2, i18 %exp_table, i18 %invert_table" [firmware/nnet_utils/nnet_activation.h:386]   --->   Operation 120 'call' 'call_ret3' <Predicate = true> <Delay = 2.91> <CoreType = "Generic">   --->   Core 0 '' <Latency = 0> <II = 1> <Delay = 1.00> <Generic> <Opcode : >

State 52 <SV = 51> <Delay = 2.91>
ST_52 : Operation 121 [8/14] (2.91ns)   --->   "%call_ret3 = call i48 @softmax_stable<ap_fixed,ap_fixed<16,6,5,3,0>,softmax_config7>, i16 %layer5_out_V_0, i16 %layer5_out_V_1, i16 %layer5_out_V_2, i18 %exp_table, i18 %invert_table" [firmware/nnet_utils/nnet_activation.h:386]   --->   Operation 121 'call' 'call_ret3' <Predicate = true> <Delay = 2.91> <CoreType = "Generic">   --->   Core 0 '' <Latency = 0> <II = 1> <Delay = 1.00> <Generic> <Opcode : >

State 53 <SV = 52> <Delay = 2.91>
ST_53 : Operation 122 [7/14] (2.91ns)   --->   "%call_ret3 = call i48 @softmax_stable<ap_fixed,ap_fixed<16,6,5,3,0>,softmax_config7>, i16 %layer5_out_V_0, i16 %layer5_out_V_1, i16 %layer5_out_V_2, i18 %exp_table, i18 %invert_table" [firmware/nnet_utils/nnet_activation.h:386]   --->   Operation 122 'call' 'call_ret3' <Predicate = true> <Delay = 2.91> <CoreType = "Generic">   --->   Core 0 '' <Latency = 0> <II = 1> <Delay = 1.00> <Generic> <Opcode : >

State 54 <SV = 53> <Delay = 2.91>
ST_54 : Operation 123 [6/14] (2.91ns)   --->   "%call_ret3 = call i48 @softmax_stable<ap_fixed,ap_fixed<16,6,5,3,0>,softmax_config7>, i16 %layer5_out_V_0, i16 %layer5_out_V_1, i16 %layer5_out_V_2, i18 %exp_table, i18 %invert_table" [firmware/nnet_utils/nnet_activation.h:386]   --->   Operation 123 'call' 'call_ret3' <Predicate = true> <Delay = 2.91> <CoreType = "Generic">   --->   Core 0 '' <Latency = 0> <II = 1> <Delay = 1.00> <Generic> <Opcode : >

State 55 <SV = 54> <Delay = 2.91>
ST_55 : Operation 124 [5/14] (2.91ns)   --->   "%call_ret3 = call i48 @softmax_stable<ap_fixed,ap_fixed<16,6,5,3,0>,softmax_config7>, i16 %layer5_out_V_0, i16 %layer5_out_V_1, i16 %layer5_out_V_2, i18 %exp_table, i18 %invert_table" [firmware/nnet_utils/nnet_activation.h:386]   --->   Operation 124 'call' 'call_ret3' <Predicate = true> <Delay = 2.91> <CoreType = "Generic">   --->   Core 0 '' <Latency = 0> <II = 1> <Delay = 1.00> <Generic> <Opcode : >

State 56 <SV = 55> <Delay = 2.91>
ST_56 : Operation 125 [4/14] (2.91ns)   --->   "%call_ret3 = call i48 @softmax_stable<ap_fixed,ap_fixed<16,6,5,3,0>,softmax_config7>, i16 %layer5_out_V_0, i16 %layer5_out_V_1, i16 %layer5_out_V_2, i18 %exp_table, i18 %invert_table" [firmware/nnet_utils/nnet_activation.h:386]   --->   Operation 125 'call' 'call_ret3' <Predicate = true> <Delay = 2.91> <CoreType = "Generic">   --->   Core 0 '' <Latency = 0> <II = 1> <Delay = 1.00> <Generic> <Opcode : >

State 57 <SV = 56> <Delay = 2.91>
ST_57 : Operation 126 [3/14] (2.91ns)   --->   "%call_ret3 = call i48 @softmax_stable<ap_fixed,ap_fixed<16,6,5,3,0>,softmax_config7>, i16 %layer5_out_V_0, i16 %layer5_out_V_1, i16 %layer5_out_V_2, i18 %exp_table, i18 %invert_table" [firmware/nnet_utils/nnet_activation.h:386]   --->   Operation 126 'call' 'call_ret3' <Predicate = true> <Delay = 2.91> <CoreType = "Generic">   --->   Core 0 '' <Latency = 0> <II = 1> <Delay = 1.00> <Generic> <Opcode : >

State 58 <SV = 57> <Delay = 2.91>
ST_58 : Operation 127 [2/14] (2.91ns)   --->   "%call_ret3 = call i48 @softmax_stable<ap_fixed,ap_fixed<16,6,5,3,0>,softmax_config7>, i16 %layer5_out_V_0, i16 %layer5_out_V_1, i16 %layer5_out_V_2, i18 %exp_table, i18 %invert_table" [firmware/nnet_utils/nnet_activation.h:386]   --->   Operation 127 'call' 'call_ret3' <Predicate = true> <Delay = 2.91> <CoreType = "Generic">   --->   Core 0 '' <Latency = 0> <II = 1> <Delay = 1.00> <Generic> <Opcode : >

State 59 <SV = 58> <Delay = 1.82>
ST_59 : Operation 128 [1/1] (0.00ns)   --->   "%specpipeline_ln0 = specpipeline void @_ssdm_op_SpecPipeline, i32 4294967295, i32 0, i32 0, i32 0, void @empty_0"   --->   Operation 128 'specpipeline' 'specpipeline_ln0' <Predicate = true> <Delay = 0.00>
ST_59 : Operation 129 [1/1] (0.00ns)   --->   "%spectopmodule_ln0 = spectopmodule void @_ssdm_op_SpecTopModule, void @empty_1"   --->   Operation 129 'spectopmodule' 'spectopmodule_ln0' <Predicate = true> <Delay = 0.00>
ST_59 : Operation 130 [1/1] (0.00ns)   --->   "%specbitsmap_ln0 = specbitsmap void @_ssdm_op_SpecBitsMap, i168 %fc1_input"   --->   Operation 130 'specbitsmap' 'specbitsmap_ln0' <Predicate = true> <Delay = 0.00>
ST_59 : Operation 131 [1/1] (0.00ns)   --->   "%specinterface_ln0 = specinterface void @_ssdm_op_SpecInterface, i168 %fc1_input, void @empty, i32 0, i32 0, void @empty_0, i32 0, i32 0, void @empty_0, void @empty_0, void @empty_0, i32 0, i32 0, i32 0, i32 0, void @empty_0, void @empty_0"   --->   Operation 131 'specinterface' 'specinterface_ln0' <Predicate = true> <Delay = 0.00>
ST_59 : Operation 132 [1/1] (0.00ns)   --->   "%specbitsmap_ln0 = specbitsmap void @_ssdm_op_SpecBitsMap, i16 %layer7_out_0"   --->   Operation 132 'specbitsmap' 'specbitsmap_ln0' <Predicate = true> <Delay = 0.00>
ST_59 : Operation 133 [1/1] (0.00ns)   --->   "%specinterface_ln0 = specinterface void @_ssdm_op_SpecInterface, i16 %layer7_out_0, void @empty, i32 0, i32 0, void @empty_0, i32 0, i32 0, void @empty_0, void @empty_0, void @empty_0, i32 0, i32 0, i32 0, i32 0, void @empty_0, void @empty_0"   --->   Operation 133 'specinterface' 'specinterface_ln0' <Predicate = true> <Delay = 0.00>
ST_59 : Operation 134 [1/1] (0.00ns)   --->   "%specbitsmap_ln0 = specbitsmap void @_ssdm_op_SpecBitsMap, i16 %layer7_out_1"   --->   Operation 134 'specbitsmap' 'specbitsmap_ln0' <Predicate = true> <Delay = 0.00>
ST_59 : Operation 135 [1/1] (0.00ns)   --->   "%specinterface_ln0 = specinterface void @_ssdm_op_SpecInterface, i16 %layer7_out_1, void @empty, i32 0, i32 0, void @empty_0, i32 0, i32 0, void @empty_0, void @empty_0, void @empty_0, i32 0, i32 0, i32 0, i32 0, void @empty_0, void @empty_0"   --->   Operation 135 'specinterface' 'specinterface_ln0' <Predicate = true> <Delay = 0.00>
ST_59 : Operation 136 [1/1] (0.00ns)   --->   "%specbitsmap_ln0 = specbitsmap void @_ssdm_op_SpecBitsMap, i16 %layer7_out_2"   --->   Operation 136 'specbitsmap' 'specbitsmap_ln0' <Predicate = true> <Delay = 0.00>
ST_59 : Operation 137 [1/1] (0.00ns)   --->   "%specinterface_ln0 = specinterface void @_ssdm_op_SpecInterface, i16 %layer7_out_2, void @empty, i32 0, i32 0, void @empty_0, i32 0, i32 0, void @empty_0, void @empty_0, void @empty_0, i32 0, i32 0, i32 0, i32 0, void @empty_0, void @empty_0"   --->   Operation 137 'specinterface' 'specinterface_ln0' <Predicate = true> <Delay = 0.00>
ST_59 : Operation 138 [1/14] (1.82ns)   --->   "%call_ret3 = call i48 @softmax_stable<ap_fixed,ap_fixed<16,6,5,3,0>,softmax_config7>, i16 %layer5_out_V_0, i16 %layer5_out_V_1, i16 %layer5_out_V_2, i18 %exp_table, i18 %invert_table" [firmware/nnet_utils/nnet_activation.h:386]   --->   Operation 138 'call' 'call_ret3' <Predicate = true> <Delay = 1.82> <CoreType = "Generic">   --->   Core 0 '' <Latency = 0> <II = 1> <Delay = 1.00> <Generic> <Opcode : >
ST_59 : Operation 139 [1/1] (0.00ns)   --->   "%layer7_out_0_ret = extractvalue i48 %call_ret3" [firmware/nnet_utils/nnet_activation.h:386]   --->   Operation 139 'extractvalue' 'layer7_out_0_ret' <Predicate = true> <Delay = 0.00>
ST_59 : Operation 140 [1/1] (0.00ns)   --->   "%write_ln386 = write void @_ssdm_op_Write.ap_auto.i16P0A, i16 %layer7_out_0, i16 %layer7_out_0_ret" [firmware/nnet_utils/nnet_activation.h:386]   --->   Operation 140 'write' 'write_ln386' <Predicate = true> <Delay = 0.00>
ST_59 : Operation 141 [1/1] (0.00ns)   --->   "%layer7_out_1_ret = extractvalue i48 %call_ret3" [firmware/nnet_utils/nnet_activation.h:386]   --->   Operation 141 'extractvalue' 'layer7_out_1_ret' <Predicate = true> <Delay = 0.00>
ST_59 : Operation 142 [1/1] (0.00ns)   --->   "%write_ln386 = write void @_ssdm_op_Write.ap_auto.i16P0A, i16 %layer7_out_1, i16 %layer7_out_1_ret" [firmware/nnet_utils/nnet_activation.h:386]   --->   Operation 142 'write' 'write_ln386' <Predicate = true> <Delay = 0.00>
ST_59 : Operation 143 [1/1] (0.00ns)   --->   "%layer7_out_2_ret = extractvalue i48 %call_ret3" [firmware/nnet_utils/nnet_activation.h:386]   --->   Operation 143 'extractvalue' 'layer7_out_2_ret' <Predicate = true> <Delay = 0.00>
ST_59 : Operation 144 [1/1] (0.00ns)   --->   "%write_ln386 = write void @_ssdm_op_Write.ap_auto.i16P0A, i16 %layer7_out_2, i16 %layer7_out_2_ret" [firmware/nnet_utils/nnet_activation.h:386]   --->   Operation 144 'write' 'write_ln386' <Predicate = true> <Delay = 0.00>
ST_59 : Operation 145 [1/1] (0.00ns)   --->   "%ret_ln49 = ret" [firmware/myproject.cpp:49]   --->   Operation 145 'ret' 'ret_ln49' <Predicate = true> <Delay = 0.00>


============================================================
+ Verbose Summary: Timing violations
============================================================
Target clock period: 3.33ns, clock uncertainty: 0.416ns.

 <State 1>: 2.46ns
The critical path consists of the following:
	wire read operation ('fc1_input_read', firmware/nnet_utils/nnet_dense.h:41) on port 'fc1_input' (firmware/nnet_utils/nnet_dense.h:41) [17]  (0 ns)
	'call' operation ('call_ret', firmware/nnet_utils/nnet_dense.h:41) to 'dense_latency<ap_fixed<8, 2, 5, 3, 0>, ap_fixed<16, 4, 5, 3, 0>, config2>' [18]  (2.46 ns)

 <State 2>: 2.91ns
The critical path consists of the following:
	'call' operation ('call_ret', firmware/nnet_utils/nnet_dense.h:41) to 'dense_latency<ap_fixed<8, 2, 5, 3, 0>, ap_fixed<16, 4, 5, 3, 0>, config2>' [18]  (2.91 ns)

 <State 3>: 2.91ns
The critical path consists of the following:
	'call' operation ('call_ret', firmware/nnet_utils/nnet_dense.h:41) to 'dense_latency<ap_fixed<8, 2, 5, 3, 0>, ap_fixed<16, 4, 5, 3, 0>, config2>' [18]  (2.91 ns)

 <State 4>: 2.91ns
The critical path consists of the following:
	'call' operation ('call_ret', firmware/nnet_utils/nnet_dense.h:41) to 'dense_latency<ap_fixed<8, 2, 5, 3, 0>, ap_fixed<16, 4, 5, 3, 0>, config2>' [18]  (2.91 ns)

 <State 5>: 2.91ns
The critical path consists of the following:
	'call' operation ('call_ret', firmware/nnet_utils/nnet_dense.h:41) to 'dense_latency<ap_fixed<8, 2, 5, 3, 0>, ap_fixed<16, 4, 5, 3, 0>, config2>' [18]  (2.91 ns)

 <State 6>: 2.91ns
The critical path consists of the following:
	'call' operation ('call_ret', firmware/nnet_utils/nnet_dense.h:41) to 'dense_latency<ap_fixed<8, 2, 5, 3, 0>, ap_fixed<16, 4, 5, 3, 0>, config2>' [18]  (2.91 ns)

 <State 7>: 2.91ns
The critical path consists of the following:
	'call' operation ('call_ret', firmware/nnet_utils/nnet_dense.h:41) to 'dense_latency<ap_fixed<8, 2, 5, 3, 0>, ap_fixed<16, 4, 5, 3, 0>, config2>' [18]  (2.91 ns)

 <State 8>: 2.91ns
The critical path consists of the following:
	'call' operation ('call_ret', firmware/nnet_utils/nnet_dense.h:41) to 'dense_latency<ap_fixed<8, 2, 5, 3, 0>, ap_fixed<16, 4, 5, 3, 0>, config2>' [18]  (2.91 ns)

 <State 9>: 2.91ns
The critical path consists of the following:
	'call' operation ('call_ret', firmware/nnet_utils/nnet_dense.h:41) to 'dense_latency<ap_fixed<8, 2, 5, 3, 0>, ap_fixed<16, 4, 5, 3, 0>, config2>' [18]  (2.91 ns)

 <State 10>: 2.91ns
The critical path consists of the following:
	'call' operation ('call_ret', firmware/nnet_utils/nnet_dense.h:41) to 'dense_latency<ap_fixed<8, 2, 5, 3, 0>, ap_fixed<16, 4, 5, 3, 0>, config2>' [18]  (2.91 ns)

 <State 11>: 2.91ns
The critical path consists of the following:
	'call' operation ('call_ret', firmware/nnet_utils/nnet_dense.h:41) to 'dense_latency<ap_fixed<8, 2, 5, 3, 0>, ap_fixed<16, 4, 5, 3, 0>, config2>' [18]  (2.91 ns)

 <State 12>: 2.91ns
The critical path consists of the following:
	'call' operation ('call_ret', firmware/nnet_utils/nnet_dense.h:41) to 'dense_latency<ap_fixed<8, 2, 5, 3, 0>, ap_fixed<16, 4, 5, 3, 0>, config2>' [18]  (2.91 ns)

 <State 13>: 2.91ns
The critical path consists of the following:
	'call' operation ('call_ret', firmware/nnet_utils/nnet_dense.h:41) to 'dense_latency<ap_fixed<8, 2, 5, 3, 0>, ap_fixed<16, 4, 5, 3, 0>, config2>' [18]  (2.91 ns)

 <State 14>: 2.91ns
The critical path consists of the following:
	'call' operation ('call_ret', firmware/nnet_utils/nnet_dense.h:41) to 'dense_latency<ap_fixed<8, 2, 5, 3, 0>, ap_fixed<16, 4, 5, 3, 0>, config2>' [18]  (2.91 ns)

 <State 15>: 2.91ns
The critical path consists of the following:
	'call' operation ('call_ret', firmware/nnet_utils/nnet_dense.h:41) to 'dense_latency<ap_fixed<8, 2, 5, 3, 0>, ap_fixed<16, 4, 5, 3, 0>, config2>' [18]  (2.91 ns)

 <State 16>: 2.91ns
The critical path consists of the following:
	'call' operation ('call_ret', firmware/nnet_utils/nnet_dense.h:41) to 'dense_latency<ap_fixed<8, 2, 5, 3, 0>, ap_fixed<16, 4, 5, 3, 0>, config2>' [18]  (2.91 ns)

 <State 17>: 2.91ns
The critical path consists of the following:
	'call' operation ('call_ret', firmware/nnet_utils/nnet_dense.h:41) to 'dense_latency<ap_fixed<8, 2, 5, 3, 0>, ap_fixed<16, 4, 5, 3, 0>, config2>' [18]  (2.91 ns)

 <State 18>: 2.91ns
The critical path consists of the following:
	'call' operation ('call_ret', firmware/nnet_utils/nnet_dense.h:41) to 'dense_latency<ap_fixed<8, 2, 5, 3, 0>, ap_fixed<16, 4, 5, 3, 0>, config2>' [18]  (2.91 ns)

 <State 19>: 2.91ns
The critical path consists of the following:
	'call' operation ('call_ret', firmware/nnet_utils/nnet_dense.h:41) to 'dense_latency<ap_fixed<8, 2, 5, 3, 0>, ap_fixed<16, 4, 5, 3, 0>, config2>' [18]  (2.91 ns)

 <State 20>: 2.91ns
The critical path consists of the following:
	'call' operation ('call_ret', firmware/nnet_utils/nnet_dense.h:41) to 'dense_latency<ap_fixed<8, 2, 5, 3, 0>, ap_fixed<16, 4, 5, 3, 0>, config2>' [18]  (2.91 ns)

 <State 21>: 2.91ns
The critical path consists of the following:
	'call' operation ('call_ret', firmware/nnet_utils/nnet_dense.h:41) to 'dense_latency<ap_fixed<8, 2, 5, 3, 0>, ap_fixed<16, 4, 5, 3, 0>, config2>' [18]  (2.91 ns)

 <State 22>: 2.91ns
The critical path consists of the following:
	'call' operation ('call_ret', firmware/nnet_utils/nnet_dense.h:41) to 'dense_latency<ap_fixed<8, 2, 5, 3, 0>, ap_fixed<16, 4, 5, 3, 0>, config2>' [18]  (2.91 ns)

 <State 23>: 2.91ns
The critical path consists of the following:
	'call' operation ('call_ret', firmware/nnet_utils/nnet_dense.h:41) to 'dense_latency<ap_fixed<8, 2, 5, 3, 0>, ap_fixed<16, 4, 5, 3, 0>, config2>' [18]  (2.91 ns)

 <State 24>: 2.91ns
The critical path consists of the following:
	'call' operation ('call_ret', firmware/nnet_utils/nnet_dense.h:41) to 'dense_latency<ap_fixed<8, 2, 5, 3, 0>, ap_fixed<16, 4, 5, 3, 0>, config2>' [18]  (2.91 ns)

 <State 25>: 2.91ns
The critical path consists of the following:
	'call' operation ('call_ret', firmware/nnet_utils/nnet_dense.h:41) to 'dense_latency<ap_fixed<8, 2, 5, 3, 0>, ap_fixed<16, 4, 5, 3, 0>, config2>' [18]  (2.91 ns)

 <State 26>: 2.91ns
The critical path consists of the following:
	'call' operation ('call_ret', firmware/nnet_utils/nnet_dense.h:41) to 'dense_latency<ap_fixed<8, 2, 5, 3, 0>, ap_fixed<16, 4, 5, 3, 0>, config2>' [18]  (2.91 ns)

 <State 27>: 2.91ns
The critical path consists of the following:
	'call' operation ('call_ret', firmware/nnet_utils/nnet_dense.h:41) to 'dense_latency<ap_fixed<8, 2, 5, 3, 0>, ap_fixed<16, 4, 5, 3, 0>, config2>' [18]  (2.91 ns)

 <State 28>: 2.91ns
The critical path consists of the following:
	'call' operation ('call_ret', firmware/nnet_utils/nnet_dense.h:41) to 'dense_latency<ap_fixed<8, 2, 5, 3, 0>, ap_fixed<16, 4, 5, 3, 0>, config2>' [18]  (2.91 ns)

 <State 29>: 2.91ns
The critical path consists of the following:
	'call' operation ('call_ret', firmware/nnet_utils/nnet_dense.h:41) to 'dense_latency<ap_fixed<8, 2, 5, 3, 0>, ap_fixed<16, 4, 5, 3, 0>, config2>' [18]  (2.91 ns)

 <State 30>: 2.91ns
The critical path consists of the following:
	'call' operation ('call_ret', firmware/nnet_utils/nnet_dense.h:41) to 'dense_latency<ap_fixed<8, 2, 5, 3, 0>, ap_fixed<16, 4, 5, 3, 0>, config2>' [18]  (2.91 ns)

 <State 31>: 2.91ns
The critical path consists of the following:
	'call' operation ('call_ret', firmware/nnet_utils/nnet_dense.h:41) to 'dense_latency<ap_fixed<8, 2, 5, 3, 0>, ap_fixed<16, 4, 5, 3, 0>, config2>' [18]  (2.91 ns)

 <State 32>: 2.91ns
The critical path consists of the following:
	'call' operation ('call_ret', firmware/nnet_utils/nnet_dense.h:41) to 'dense_latency<ap_fixed<8, 2, 5, 3, 0>, ap_fixed<16, 4, 5, 3, 0>, config2>' [18]  (2.91 ns)

 <State 33>: 2.91ns
The critical path consists of the following:
	'call' operation ('call_ret', firmware/nnet_utils/nnet_dense.h:41) to 'dense_latency<ap_fixed<8, 2, 5, 3, 0>, ap_fixed<16, 4, 5, 3, 0>, config2>' [18]  (2.91 ns)

 <State 34>: 2.91ns
The critical path consists of the following:
	'call' operation ('call_ret', firmware/nnet_utils/nnet_dense.h:41) to 'dense_latency<ap_fixed<8, 2, 5, 3, 0>, ap_fixed<16, 4, 5, 3, 0>, config2>' [18]  (2.91 ns)

 <State 35>: 2.91ns
The critical path consists of the following:
	'call' operation ('call_ret', firmware/nnet_utils/nnet_dense.h:41) to 'dense_latency<ap_fixed<8, 2, 5, 3, 0>, ap_fixed<16, 4, 5, 3, 0>, config2>' [18]  (2.91 ns)

 <State 36>: 2.91ns
The critical path consists of the following:
	'call' operation ('call_ret', firmware/nnet_utils/nnet_dense.h:41) to 'dense_latency<ap_fixed<8, 2, 5, 3, 0>, ap_fixed<16, 4, 5, 3, 0>, config2>' [18]  (2.91 ns)

 <State 37>: 2.91ns
The critical path consists of the following:
	'call' operation ('call_ret', firmware/nnet_utils/nnet_dense.h:41) to 'dense_latency<ap_fixed<8, 2, 5, 3, 0>, ap_fixed<16, 4, 5, 3, 0>, config2>' [18]  (2.91 ns)

 <State 38>: 3.13ns
The critical path consists of the following:
	'call' operation ('call_ret', firmware/nnet_utils/nnet_dense.h:41) to 'dense_latency<ap_fixed<8, 2, 5, 3, 0>, ap_fixed<16, 4, 5, 3, 0>, config2>' [18]  (3.13 ns)

 <State 39>: 2.29ns
The critical path consists of the following:
	'call' operation ('call_ret1', firmware/myproject.cpp:41) to 'relu<ap_fixed<16, 4, 5, 3, 0>, ap_ufixed<8, 0, 4, 0, 0>, relu_config4>' [22]  (2.29 ns)

 <State 40>: 2.59ns
The critical path consists of the following:
	'call' operation ('call_ret1', firmware/myproject.cpp:41) to 'relu<ap_fixed<16, 4, 5, 3, 0>, ap_ufixed<8, 0, 4, 0, 0>, relu_config4>' [22]  (2.59 ns)

 <State 41>: 2.46ns
The critical path consists of the following:
	'call' operation ('call_ret2', firmware/nnet_utils/nnet_dense.h:41) to 'dense_latency<ap_ufixed<8, 0, 4, 0, 0>, ap_fixed<16, 4, 5, 3, 0>, config5>' [26]  (2.46 ns)

 <State 42>: 2.46ns
The critical path consists of the following:
	'call' operation ('call_ret2', firmware/nnet_utils/nnet_dense.h:41) to 'dense_latency<ap_ufixed<8, 0, 4, 0, 0>, ap_fixed<16, 4, 5, 3, 0>, config5>' [26]  (2.46 ns)

 <State 43>: 2.46ns
The critical path consists of the following:
	'call' operation ('call_ret2', firmware/nnet_utils/nnet_dense.h:41) to 'dense_latency<ap_ufixed<8, 0, 4, 0, 0>, ap_fixed<16, 4, 5, 3, 0>, config5>' [26]  (2.46 ns)

 <State 44>: 2.46ns
The critical path consists of the following:
	'call' operation ('call_ret2', firmware/nnet_utils/nnet_dense.h:41) to 'dense_latency<ap_ufixed<8, 0, 4, 0, 0>, ap_fixed<16, 4, 5, 3, 0>, config5>' [26]  (2.46 ns)

 <State 45>: 1.55ns
The critical path consists of the following:
	'call' operation ('call_ret2', firmware/nnet_utils/nnet_dense.h:41) to 'dense_latency<ap_ufixed<8, 0, 4, 0, 0>, ap_fixed<16, 4, 5, 3, 0>, config5>' [26]  (1.55 ns)

 <State 46>: 2.14ns
The critical path consists of the following:
	'call' operation ('call_ret3', firmware/nnet_utils/nnet_activation.h:386) to 'softmax_stable<ap_fixed,ap_fixed<16,6,5,3,0>,softmax_config7>' [30]  (2.14 ns)

 <State 47>: 2.91ns
The critical path consists of the following:
	'call' operation ('call_ret3', firmware/nnet_utils/nnet_activation.h:386) to 'softmax_stable<ap_fixed,ap_fixed<16,6,5,3,0>,softmax_config7>' [30]  (2.91 ns)

 <State 48>: 2.91ns
The critical path consists of the following:
	'call' operation ('call_ret3', firmware/nnet_utils/nnet_activation.h:386) to 'softmax_stable<ap_fixed,ap_fixed<16,6,5,3,0>,softmax_config7>' [30]  (2.91 ns)

 <State 49>: 2.91ns
The critical path consists of the following:
	'call' operation ('call_ret3', firmware/nnet_utils/nnet_activation.h:386) to 'softmax_stable<ap_fixed,ap_fixed<16,6,5,3,0>,softmax_config7>' [30]  (2.91 ns)

 <State 50>: 2.91ns
The critical path consists of the following:
	'call' operation ('call_ret3', firmware/nnet_utils/nnet_activation.h:386) to 'softmax_stable<ap_fixed,ap_fixed<16,6,5,3,0>,softmax_config7>' [30]  (2.91 ns)

 <State 51>: 2.91ns
The critical path consists of the following:
	'call' operation ('call_ret3', firmware/nnet_utils/nnet_activation.h:386) to 'softmax_stable<ap_fixed,ap_fixed<16,6,5,3,0>,softmax_config7>' [30]  (2.91 ns)

 <State 52>: 2.91ns
The critical path consists of the following:
	'call' operation ('call_ret3', firmware/nnet_utils/nnet_activation.h:386) to 'softmax_stable<ap_fixed,ap_fixed<16,6,5,3,0>,softmax_config7>' [30]  (2.91 ns)

 <State 53>: 2.91ns
The critical path consists of the following:
	'call' operation ('call_ret3', firmware/nnet_utils/nnet_activation.h:386) to 'softmax_stable<ap_fixed,ap_fixed<16,6,5,3,0>,softmax_config7>' [30]  (2.91 ns)

 <State 54>: 2.91ns
The critical path consists of the following:
	'call' operation ('call_ret3', firmware/nnet_utils/nnet_activation.h:386) to 'softmax_stable<ap_fixed,ap_fixed<16,6,5,3,0>,softmax_config7>' [30]  (2.91 ns)

 <State 55>: 2.91ns
The critical path consists of the following:
	'call' operation ('call_ret3', firmware/nnet_utils/nnet_activation.h:386) to 'softmax_stable<ap_fixed,ap_fixed<16,6,5,3,0>,softmax_config7>' [30]  (2.91 ns)

 <State 56>: 2.91ns
The critical path consists of the following:
	'call' operation ('call_ret3', firmware/nnet_utils/nnet_activation.h:386) to 'softmax_stable<ap_fixed,ap_fixed<16,6,5,3,0>,softmax_config7>' [30]  (2.91 ns)

 <State 57>: 2.91ns
The critical path consists of the following:
	'call' operation ('call_ret3', firmware/nnet_utils/nnet_activation.h:386) to 'softmax_stable<ap_fixed,ap_fixed<16,6,5,3,0>,softmax_config7>' [30]  (2.91 ns)

 <State 58>: 2.91ns
The critical path consists of the following:
	'call' operation ('call_ret3', firmware/nnet_utils/nnet_activation.h:386) to 'softmax_stable<ap_fixed,ap_fixed<16,6,5,3,0>,softmax_config7>' [30]  (2.91 ns)

 <State 59>: 1.82ns
The critical path consists of the following:
	'call' operation ('call_ret3', firmware/nnet_utils/nnet_activation.h:386) to 'softmax_stable<ap_fixed,ap_fixed<16,6,5,3,0>,softmax_config7>' [30]  (1.82 ns)


============================================================
+ Verbose Summary: Binding
============================================================
N/A
* FSMD analyzer results:
  - Output states:
 - Input state : 
  - Chain level:
	State 1
	State 2
	State 3
	State 4
	State 5
	State 6
	State 7
	State 8
	State 9
	State 10
	State 11
	State 12
	State 13
	State 14
	State 15
	State 16
	State 17
	State 18
	State 19
	State 20
	State 21
	State 22
	State 23
	State 24
	State 25
	State 26
	State 27
	State 28
	State 29
	State 30
	State 31
	State 32
	State 33
	State 34
	State 35
	State 36
	State 37
	State 38
	State 39
	State 40
	State 41
	State 42
	State 43
	State 44
	State 45
	State 46
	State 47
	State 48
	State 49
	State 50
	State 51
	State 52
	State 53
	State 54
	State 55
	State 56
	State 57
	State 58
	State 59


============================================================
+ Verbose Summary: Datapath Resource usage 
============================================================
N/A
