

================================================================
== Vitis HLS Report for 'dense_latency_ap_ufixed_8_1_4_0_0_ap_fixed_16_4_5_3_0_config11_s'
================================================================
* Date:           Thu Jul 20 12:17:14 2023

* Version:        2021.1 (Build 3247384 on Thu Jun 10 19:36:07 MDT 2021)
* Project:        myproject_prj
* Solution:       solution1 (Vivado IP Flow Target)
* Product family: zynq
* Target device:  xc7z007s-clg225-2


================================================================
== Performance Estimates
================================================================
+ Timing: 
    * Summary: 
    +--------+---------+----------+------------+
    |  Clock |  Target | Estimated| Uncertainty|
    +--------+---------+----------+------------+
    |ap_clk  |  5.00 ns|  3.810 ns|     0.62 ns|
    +--------+---------+----------+------------+

+ Latency: 
    * Summary: 
    +---------+---------+-----------+-----------+-----+-----+---------+
    |  Latency (cycles) |   Latency (absolute)  |  Interval | Pipeline|
    |   min   |   max   |    min    |    max    | min | max |   Type  |
    +---------+---------+-----------+-----------+-----+-----+---------+
    |        5|        5|  25.000 ns|  25.000 ns|    2|    2|      yes|
    +---------+---------+-----------+-----------+-----+-----+---------+

    + Detail: 
        * Instance: 
        N/A

        * Loop: 
        N/A



================================================================
== Utilization Estimates
================================================================
* Summary: 
+-----------------+---------+-----+-------+-------+-----+
|       Name      | BRAM_18K| DSP |   FF  |  LUT  | URAM|
+-----------------+---------+-----+-------+-------+-----+
|DSP              |        -|    -|      -|      -|    -|
|Expression       |        -|    -|      0|   6610|    -|
|FIFO             |        -|    -|      -|      -|    -|
|Instance         |        -|  120|      0|      0|    -|
|Memory           |        -|    -|      -|      -|    -|
|Multiplexer      |        -|    -|      -|     22|    -|
|Register         |        -|    -|   5721|      -|    -|
+-----------------+---------+-----+-------+-------+-----+
|Total            |        0|  120|   5721|   6632|    0|
+-----------------+---------+-----+-------+-------+-----+
|Available        |      100|   66|  28800|  14400|    0|
+-----------------+---------+-----+-------+-------+-----+
|Utilization (%)  |        0|  181|     19|     46|    0|
+-----------------+---------+-----+-------+-------+-----+

+ Detail: 
    * Instance: 
    +-------------------------+--------------------+---------+----+---+----+-----+
    |         Instance        |       Module       | BRAM_18K| DSP| FF| LUT| URAM|
    +-------------------------+--------------------+---------+----+---+----+-----+
    |mul_8ns_5ns_12_1_1_U897  |mul_8ns_5ns_12_1_1  |        0|   1|  0|   0|    0|
    |mul_8ns_5s_13_1_1_U810   |mul_8ns_5s_13_1_1   |        0|   1|  0|   0|    0|
    |mul_8ns_5s_13_1_1_U817   |mul_8ns_5s_13_1_1   |        0|   1|  0|   0|    0|
    |mul_8ns_5s_13_1_1_U863   |mul_8ns_5s_13_1_1   |        0|   1|  0|   0|    0|
    |mul_8ns_5s_13_1_1_U866   |mul_8ns_5s_13_1_1   |        0|   1|  0|   0|    0|
    |mul_8ns_5s_13_1_1_U887   |mul_8ns_5s_13_1_1   |        0|   1|  0|   0|    0|
    |mul_8ns_5s_13_1_1_U895   |mul_8ns_5s_13_1_1   |        0|   1|  0|   0|    0|
    |mul_8ns_5s_13_1_1_U925   |mul_8ns_5s_13_1_1   |        0|   1|  0|   0|    0|
    |mul_8ns_6ns_13_1_1_U812  |mul_8ns_6ns_13_1_1  |        0|   1|  0|   0|    0|
    |mul_8ns_6ns_13_1_1_U818  |mul_8ns_6ns_13_1_1  |        0|   1|  0|   0|    0|
    |mul_8ns_6ns_13_1_1_U819  |mul_8ns_6ns_13_1_1  |        0|   1|  0|   0|    0|
    |mul_8ns_6ns_13_1_1_U820  |mul_8ns_6ns_13_1_1  |        0|   1|  0|   0|    0|
    |mul_8ns_6ns_13_1_1_U823  |mul_8ns_6ns_13_1_1  |        0|   1|  0|   0|    0|
    |mul_8ns_6ns_13_1_1_U825  |mul_8ns_6ns_13_1_1  |        0|   1|  0|   0|    0|
    |mul_8ns_6ns_13_1_1_U827  |mul_8ns_6ns_13_1_1  |        0|   1|  0|   0|    0|
    |mul_8ns_6ns_13_1_1_U828  |mul_8ns_6ns_13_1_1  |        0|   1|  0|   0|    0|
    |mul_8ns_6ns_13_1_1_U829  |mul_8ns_6ns_13_1_1  |        0|   1|  0|   0|    0|
    |mul_8ns_6ns_13_1_1_U830  |mul_8ns_6ns_13_1_1  |        0|   1|  0|   0|    0|
    |mul_8ns_6ns_13_1_1_U839  |mul_8ns_6ns_13_1_1  |        0|   1|  0|   0|    0|
    |mul_8ns_6ns_13_1_1_U840  |mul_8ns_6ns_13_1_1  |        0|   1|  0|   0|    0|
    |mul_8ns_6ns_13_1_1_U845  |mul_8ns_6ns_13_1_1  |        0|   1|  0|   0|    0|
    |mul_8ns_6ns_13_1_1_U849  |mul_8ns_6ns_13_1_1  |        0|   1|  0|   0|    0|
    |mul_8ns_6ns_13_1_1_U852  |mul_8ns_6ns_13_1_1  |        0|   1|  0|   0|    0|
    |mul_8ns_6ns_13_1_1_U853  |mul_8ns_6ns_13_1_1  |        0|   1|  0|   0|    0|
    |mul_8ns_6ns_13_1_1_U854  |mul_8ns_6ns_13_1_1  |        0|   1|  0|   0|    0|
    |mul_8ns_6ns_13_1_1_U856  |mul_8ns_6ns_13_1_1  |        0|   1|  0|   0|    0|
    |mul_8ns_6ns_13_1_1_U860  |mul_8ns_6ns_13_1_1  |        0|   1|  0|   0|    0|
    |mul_8ns_6ns_13_1_1_U862  |mul_8ns_6ns_13_1_1  |        0|   1|  0|   0|    0|
    |mul_8ns_6ns_13_1_1_U868  |mul_8ns_6ns_13_1_1  |        0|   1|  0|   0|    0|
    |mul_8ns_6ns_13_1_1_U873  |mul_8ns_6ns_13_1_1  |        0|   1|  0|   0|    0|
    |mul_8ns_6ns_13_1_1_U874  |mul_8ns_6ns_13_1_1  |        0|   1|  0|   0|    0|
    |mul_8ns_6ns_13_1_1_U881  |mul_8ns_6ns_13_1_1  |        0|   1|  0|   0|    0|
    |mul_8ns_6ns_13_1_1_U883  |mul_8ns_6ns_13_1_1  |        0|   1|  0|   0|    0|
    |mul_8ns_6ns_13_1_1_U885  |mul_8ns_6ns_13_1_1  |        0|   1|  0|   0|    0|
    |mul_8ns_6ns_13_1_1_U891  |mul_8ns_6ns_13_1_1  |        0|   1|  0|   0|    0|
    |mul_8ns_6ns_13_1_1_U896  |mul_8ns_6ns_13_1_1  |        0|   1|  0|   0|    0|
    |mul_8ns_6ns_13_1_1_U898  |mul_8ns_6ns_13_1_1  |        0|   1|  0|   0|    0|
    |mul_8ns_6ns_13_1_1_U904  |mul_8ns_6ns_13_1_1  |        0|   1|  0|   0|    0|
    |mul_8ns_6ns_13_1_1_U905  |mul_8ns_6ns_13_1_1  |        0|   1|  0|   0|    0|
    |mul_8ns_6ns_13_1_1_U907  |mul_8ns_6ns_13_1_1  |        0|   1|  0|   0|    0|
    |mul_8ns_6ns_13_1_1_U909  |mul_8ns_6ns_13_1_1  |        0|   1|  0|   0|    0|
    |mul_8ns_6ns_13_1_1_U910  |mul_8ns_6ns_13_1_1  |        0|   1|  0|   0|    0|
    |mul_8ns_6ns_13_1_1_U913  |mul_8ns_6ns_13_1_1  |        0|   1|  0|   0|    0|
    |mul_8ns_6ns_13_1_1_U929  |mul_8ns_6ns_13_1_1  |        0|   1|  0|   0|    0|
    |mul_8ns_6s_14_1_1_U811   |mul_8ns_6s_14_1_1   |        0|   1|  0|   0|    0|
    |mul_8ns_6s_14_1_1_U813   |mul_8ns_6s_14_1_1   |        0|   1|  0|   0|    0|
    |mul_8ns_6s_14_1_1_U814   |mul_8ns_6s_14_1_1   |        0|   1|  0|   0|    0|
    |mul_8ns_6s_14_1_1_U821   |mul_8ns_6s_14_1_1   |        0|   1|  0|   0|    0|
    |mul_8ns_6s_14_1_1_U822   |mul_8ns_6s_14_1_1   |        0|   1|  0|   0|    0|
    |mul_8ns_6s_14_1_1_U824   |mul_8ns_6s_14_1_1   |        0|   1|  0|   0|    0|
    |mul_8ns_6s_14_1_1_U831   |mul_8ns_6s_14_1_1   |        0|   1|  0|   0|    0|
    |mul_8ns_6s_14_1_1_U832   |mul_8ns_6s_14_1_1   |        0|   1|  0|   0|    0|
    |mul_8ns_6s_14_1_1_U836   |mul_8ns_6s_14_1_1   |        0|   1|  0|   0|    0|
    |mul_8ns_6s_14_1_1_U837   |mul_8ns_6s_14_1_1   |        0|   1|  0|   0|    0|
    |mul_8ns_6s_14_1_1_U838   |mul_8ns_6s_14_1_1   |        0|   1|  0|   0|    0|
    |mul_8ns_6s_14_1_1_U841   |mul_8ns_6s_14_1_1   |        0|   1|  0|   0|    0|
    |mul_8ns_6s_14_1_1_U846   |mul_8ns_6s_14_1_1   |        0|   1|  0|   0|    0|
    |mul_8ns_6s_14_1_1_U855   |mul_8ns_6s_14_1_1   |        0|   1|  0|   0|    0|
    |mul_8ns_6s_14_1_1_U858   |mul_8ns_6s_14_1_1   |        0|   1|  0|   0|    0|
    |mul_8ns_6s_14_1_1_U861   |mul_8ns_6s_14_1_1   |        0|   1|  0|   0|    0|
    |mul_8ns_6s_14_1_1_U864   |mul_8ns_6s_14_1_1   |        0|   1|  0|   0|    0|
    |mul_8ns_6s_14_1_1_U870   |mul_8ns_6s_14_1_1   |        0|   1|  0|   0|    0|
    |mul_8ns_6s_14_1_1_U872   |mul_8ns_6s_14_1_1   |        0|   1|  0|   0|    0|
    |mul_8ns_6s_14_1_1_U879   |mul_8ns_6s_14_1_1   |        0|   1|  0|   0|    0|
    |mul_8ns_6s_14_1_1_U882   |mul_8ns_6s_14_1_1   |        0|   1|  0|   0|    0|
    |mul_8ns_6s_14_1_1_U884   |mul_8ns_6s_14_1_1   |        0|   1|  0|   0|    0|
    |mul_8ns_6s_14_1_1_U886   |mul_8ns_6s_14_1_1   |        0|   1|  0|   0|    0|
    |mul_8ns_6s_14_1_1_U889   |mul_8ns_6s_14_1_1   |        0|   1|  0|   0|    0|
    |mul_8ns_6s_14_1_1_U890   |mul_8ns_6s_14_1_1   |        0|   1|  0|   0|    0|
    |mul_8ns_6s_14_1_1_U892   |mul_8ns_6s_14_1_1   |        0|   1|  0|   0|    0|
    |mul_8ns_6s_14_1_1_U894   |mul_8ns_6s_14_1_1   |        0|   1|  0|   0|    0|
    |mul_8ns_6s_14_1_1_U900   |mul_8ns_6s_14_1_1   |        0|   1|  0|   0|    0|
    |mul_8ns_6s_14_1_1_U906   |mul_8ns_6s_14_1_1   |        0|   1|  0|   0|    0|
    |mul_8ns_6s_14_1_1_U911   |mul_8ns_6s_14_1_1   |        0|   1|  0|   0|    0|
    |mul_8ns_6s_14_1_1_U915   |mul_8ns_6s_14_1_1   |        0|   1|  0|   0|    0|
    |mul_8ns_6s_14_1_1_U919   |mul_8ns_6s_14_1_1   |        0|   1|  0|   0|    0|
    |mul_8ns_6s_14_1_1_U920   |mul_8ns_6s_14_1_1   |        0|   1|  0|   0|    0|
    |mul_8ns_6s_14_1_1_U922   |mul_8ns_6s_14_1_1   |        0|   1|  0|   0|    0|
    |mul_8ns_6s_14_1_1_U923   |mul_8ns_6s_14_1_1   |        0|   1|  0|   0|    0|
    |mul_8ns_7ns_14_1_1_U815  |mul_8ns_7ns_14_1_1  |        0|   1|  0|   0|    0|
    |mul_8ns_7ns_14_1_1_U816  |mul_8ns_7ns_14_1_1  |        0|   1|  0|   0|    0|
    |mul_8ns_7ns_14_1_1_U834  |mul_8ns_7ns_14_1_1  |        0|   1|  0|   0|    0|
    |mul_8ns_7ns_14_1_1_U843  |mul_8ns_7ns_14_1_1  |        0|   1|  0|   0|    0|
    |mul_8ns_7ns_14_1_1_U847  |mul_8ns_7ns_14_1_1  |        0|   1|  0|   0|    0|
    |mul_8ns_7ns_14_1_1_U851  |mul_8ns_7ns_14_1_1  |        0|   1|  0|   0|    0|
    |mul_8ns_7ns_14_1_1_U859  |mul_8ns_7ns_14_1_1  |        0|   1|  0|   0|    0|
    |mul_8ns_7ns_14_1_1_U869  |mul_8ns_7ns_14_1_1  |        0|   1|  0|   0|    0|
    |mul_8ns_7ns_14_1_1_U878  |mul_8ns_7ns_14_1_1  |        0|   1|  0|   0|    0|
    |mul_8ns_7ns_14_1_1_U888  |mul_8ns_7ns_14_1_1  |        0|   1|  0|   0|    0|
    |mul_8ns_7ns_14_1_1_U893  |mul_8ns_7ns_14_1_1  |        0|   1|  0|   0|    0|
    |mul_8ns_7ns_14_1_1_U903  |mul_8ns_7ns_14_1_1  |        0|   1|  0|   0|    0|
    |mul_8ns_7s_15_1_1_U826   |mul_8ns_7s_15_1_1   |        0|   1|  0|   0|    0|
    |mul_8ns_7s_15_1_1_U833   |mul_8ns_7s_15_1_1   |        0|   1|  0|   0|    0|
    |mul_8ns_7s_15_1_1_U835   |mul_8ns_7s_15_1_1   |        0|   1|  0|   0|    0|
    |mul_8ns_7s_15_1_1_U842   |mul_8ns_7s_15_1_1   |        0|   1|  0|   0|    0|
    |mul_8ns_7s_15_1_1_U844   |mul_8ns_7s_15_1_1   |        0|   1|  0|   0|    0|
    |mul_8ns_7s_15_1_1_U848   |mul_8ns_7s_15_1_1   |        0|   1|  0|   0|    0|
    |mul_8ns_7s_15_1_1_U850   |mul_8ns_7s_15_1_1   |        0|   1|  0|   0|    0|
    |mul_8ns_7s_15_1_1_U857   |mul_8ns_7s_15_1_1   |        0|   1|  0|   0|    0|
    |mul_8ns_7s_15_1_1_U865   |mul_8ns_7s_15_1_1   |        0|   1|  0|   0|    0|
    |mul_8ns_7s_15_1_1_U867   |mul_8ns_7s_15_1_1   |        0|   1|  0|   0|    0|
    |mul_8ns_7s_15_1_1_U871   |mul_8ns_7s_15_1_1   |        0|   1|  0|   0|    0|
    |mul_8ns_7s_15_1_1_U875   |mul_8ns_7s_15_1_1   |        0|   1|  0|   0|    0|
    |mul_8ns_7s_15_1_1_U876   |mul_8ns_7s_15_1_1   |        0|   1|  0|   0|    0|
    |mul_8ns_7s_15_1_1_U877   |mul_8ns_7s_15_1_1   |        0|   1|  0|   0|    0|
    |mul_8ns_7s_15_1_1_U880   |mul_8ns_7s_15_1_1   |        0|   1|  0|   0|    0|
    |mul_8ns_7s_15_1_1_U899   |mul_8ns_7s_15_1_1   |        0|   1|  0|   0|    0|
    |mul_8ns_7s_15_1_1_U901   |mul_8ns_7s_15_1_1   |        0|   1|  0|   0|    0|
    |mul_8ns_7s_15_1_1_U902   |mul_8ns_7s_15_1_1   |        0|   1|  0|   0|    0|
    |mul_8ns_7s_15_1_1_U908   |mul_8ns_7s_15_1_1   |        0|   1|  0|   0|    0|
    |mul_8ns_7s_15_1_1_U912   |mul_8ns_7s_15_1_1   |        0|   1|  0|   0|    0|
    |mul_8ns_7s_15_1_1_U914   |mul_8ns_7s_15_1_1   |        0|   1|  0|   0|    0|
    |mul_8ns_7s_15_1_1_U916   |mul_8ns_7s_15_1_1   |        0|   1|  0|   0|    0|
    |mul_8ns_7s_15_1_1_U917   |mul_8ns_7s_15_1_1   |        0|   1|  0|   0|    0|
    |mul_8ns_7s_15_1_1_U918   |mul_8ns_7s_15_1_1   |        0|   1|  0|   0|    0|
    |mul_8ns_7s_15_1_1_U921   |mul_8ns_7s_15_1_1   |        0|   1|  0|   0|    0|
    |mul_8ns_7s_15_1_1_U924   |mul_8ns_7s_15_1_1   |        0|   1|  0|   0|    0|
    |mul_8ns_7s_15_1_1_U926   |mul_8ns_7s_15_1_1   |        0|   1|  0|   0|    0|
    |mul_8ns_7s_15_1_1_U927   |mul_8ns_7s_15_1_1   |        0|   1|  0|   0|    0|
    |mul_8ns_7s_15_1_1_U928   |mul_8ns_7s_15_1_1   |        0|   1|  0|   0|    0|
    +-------------------------+--------------------+---------+----+---+----+-----+
    |Total                    |                    |        0| 120|  0|   0|    0|
    +-------------------------+--------------------+---------+----+---+----+-----+

    * DSP: 
    N/A

    * Memory: 
    N/A

    * FIFO: 
    N/A

    * Expression: 
    +-----------------------------+----------+----+---+----+------------+------------+
    |        Variable Name        | Operation| DSP| FF| LUT| Bitwidth P0| Bitwidth P1|
    +-----------------------------+----------+----+---+----+------------+------------+
    |add_ln712_4102_fu_66982_p2   |         +|   0|  0|  16|          15|          15|
    |add_ln712_4103_fu_66988_p2   |         +|   0|  0|  15|          15|          15|
    |add_ln712_4104_fu_66994_p2   |         +|   0|  0|  15|          15|          15|
    |add_ln712_4105_fu_68104_p2   |         +|   0|  0|  16|          16|          16|
    |add_ln712_4106_fu_68110_p2   |         +|   0|  0|  16|          16|          16|
    |add_ln712_4107_fu_67000_p2   |         +|   0|  0|  14|          14|          14|
    |add_ln712_4108_fu_66009_p2   |         +|   0|  0|  14|          14|          14|
    |add_ln712_4109_fu_67013_p2   |         +|   0|  0|  15|          15|          15|
    |add_ln712_4110_fu_67019_p2   |         +|   0|  0|  14|          14|          14|
    |add_ln712_4111_fu_67029_p2   |         +|   0|  0|  14|          14|          14|
    |add_ln712_4112_fu_67039_p2   |         +|   0|  0|  15|          15|          15|
    |add_ln712_4113_fu_68122_p2   |         +|   0|  0|  16|          16|          16|
    |add_ln712_4114_fu_68577_p2   |         +|   0|  0|  16|          16|          16|
    |add_ln712_4115_fu_67045_p2   |         +|   0|  0|  16|          15|          15|
    |add_ln712_4116_fu_67051_p2   |         +|   0|  0|  16|          15|          15|
    |add_ln712_4117_fu_66015_p2   |         +|   0|  0|  15|          15|          15|
    |add_ln712_4118_fu_66021_p2   |         +|   0|  0|  15|          15|          15|
    |add_ln712_4119_fu_67063_p2   |         +|   0|  0|  16|          16|          16|
    |add_ln712_4120_fu_68131_p2   |         +|   0|  0|  16|          16|          16|
    |add_ln712_4121_fu_61276_p2   |         +|   0|  0|  13|          13|          13|
    |add_ln712_4122_fu_66030_p2   |         +|   0|  0|  13|          13|          13|
    |add_ln712_4123_fu_66040_p2   |         +|   0|  0|  14|          14|          14|
    |add_ln712_4124_fu_66046_p2   |         +|   0|  0|  16|          13|          13|
    |add_ln712_4125_fu_61282_p2   |         +|   0|  0|   9|           9|           8|
    |add_ln712_4126_fu_66055_p2   |         +|   0|  0|  16|          13|          13|
    |add_ln712_4127_fu_67075_p2   |         +|   0|  0|  15|          15|          15|
    |add_ln712_4128_fu_68139_p2   |         +|   0|  0|  16|          16|          16|
    |add_ln712_4129_fu_68581_p2   |         +|   0|  0|  16|          16|          16|
    |add_ln712_4130_fu_66061_p2   |         +|   0|  0|  14|          14|          14|
    |add_ln712_4131_fu_67084_p2   |         +|   0|  0|  15|          15|          15|
    |add_ln712_4132_fu_66067_p2   |         +|   0|  0|  13|          13|          13|
    |add_ln712_4133_fu_67093_p2   |         +|   0|  0|  14|          14|          14|
    |add_ln712_4134_fu_67103_p2   |         +|   0|  0|  15|          15|          15|
    |add_ln712_4135_fu_68151_p2   |         +|   0|  0|  16|          16|          16|
    |add_ln712_4136_fu_67109_p2   |         +|   0|  0|  14|          14|          14|
    |add_ln712_4137_fu_67119_p2   |         +|   0|  0|  14|          14|          14|
    |add_ln712_4138_fu_67129_p2   |         +|   0|  0|  15|          15|          15|
    |add_ln712_4139_fu_67135_p2   |         +|   0|  0|  15|          15|          15|
    |add_ln712_4140_fu_67141_p2   |         +|   0|  0|  14|          14|          14|
    |add_ln712_4141_fu_68166_p2   |         +|   0|  0|  16|          16|          16|
    |add_ln712_4142_fu_68172_p2   |         +|   0|  0|  16|          16|          16|
    |add_ln712_4143_fu_68586_p2   |         +|   0|  0|  16|          16|          16|
    |add_ln712_4144_fu_67147_p2   |         +|   0|  0|  15|          15|          15|
    |add_ln712_4145_fu_67157_p2   |         +|   0|  0|  16|          16|          16|
    |add_ln712_4146_fu_66073_p2   |         +|   0|  0|  13|          13|          13|
    |add_ln712_4147_fu_67166_p2   |         +|   0|  0|  16|          15|          15|
    |add_ln712_4148_fu_67172_p2   |         +|   0|  0|  16|          15|          15|
    |add_ln712_4149_fu_68181_p2   |         +|   0|  0|  16|          16|          16|
    |add_ln712_4150_fu_66078_p2   |         +|   0|  0|  16|          15|          15|
    |add_ln712_4151_fu_61288_p2   |         +|   0|  0|  13|          13|          13|
    |add_ln712_4152_fu_66087_p2   |         +|   0|  0|  16|          15|          15|
    |add_ln712_4153_fu_61294_p2   |         +|   0|  0|  13|          13|          13|
    |add_ln712_4154_fu_66096_p2   |         +|   0|  0|  13|          13|           9|
    |add_ln712_4155_fu_66105_p2   |         +|   0|  0|  14|          14|          14|
    |add_ln712_4156_fu_67184_p2   |         +|   0|  0|  16|          16|          16|
    |add_ln712_4157_fu_68186_p2   |         +|   0|  0|  16|          16|          16|
    |add_ln712_4158_fu_68590_p2   |         +|   0|  0|  16|          16|          16|
    |add_ln712_4159_fu_67190_p2   |         +|   0|  0|  16|          14|          14|
    |add_ln712_4160_fu_67196_p2   |         +|   0|  0|  16|          14|          14|
    |add_ln712_4161_fu_67202_p2   |         +|   0|  0|  14|          14|          14|
    |add_ln712_4162_fu_67208_p2   |         +|   0|  0|  15|          15|          15|
    |add_ln712_4163_fu_68200_p2   |         +|   0|  0|  16|          16|          16|
    |add_ln712_4164_fu_68206_p2   |         +|   0|  0|  16|          16|          16|
    |add_ln712_4165_fu_67214_p2   |         +|   0|  0|  15|          15|          15|
    |add_ln712_4166_fu_67220_p2   |         +|   0|  0|  15|          15|          15|
    |add_ln712_4167_fu_68218_p2   |         +|   0|  0|  16|          16|          16|
    |add_ln712_4168_fu_67226_p2   |         +|   0|  0|  15|          15|          15|
    |add_ln712_4169_fu_67236_p2   |         +|   0|  0|  15|          15|          15|
    |add_ln712_4170_fu_67246_p2   |         +|   0|  0|  16|          16|          16|
    |add_ln712_4171_fu_68224_p2   |         +|   0|  0|  16|          16|          16|
    |add_ln712_4172_fu_68595_p2   |         +|   0|  0|  16|          16|          16|
    |add_ln712_4173_fu_67252_p2   |         +|   0|  0|  13|          13|          13|
    |add_ln712_4174_fu_67262_p2   |         +|   0|  0|  15|          15|          15|
    |add_ln712_4175_fu_67268_p2   |         +|   0|  0|  15|          15|          15|
    |add_ln712_4176_fu_67278_p2   |         +|   0|  0|  15|          15|          15|
    |add_ln712_4177_fu_67288_p2   |         +|   0|  0|  16|          16|          16|
    |add_ln712_4178_fu_68232_p2   |         +|   0|  0|  16|          16|          16|
    |add_ln712_4179_fu_66111_p2   |         +|   0|  0|  15|          15|          15|
    |add_ln712_4180_fu_66117_p2   |         +|   0|  0|  15|          15|          15|
    |add_ln712_4181_fu_67300_p2   |         +|   0|  0|  16|          16|          16|
    |add_ln712_4182_fu_66123_p2   |         +|   0|  0|  14|          14|          14|
    |add_ln712_4183_fu_66133_p2   |         +|   0|  0|  15|          15|          11|
    |add_ln712_4184_fu_66143_p2   |         +|   0|  0|  16|          16|          16|
    |add_ln712_4185_fu_67306_p2   |         +|   0|  0|  16|          16|          16|
    |add_ln712_4186_fu_68237_p2   |         +|   0|  0|  16|          16|          16|
    |add_ln712_4187_fu_68599_p2   |         +|   0|  0|  16|          16|          16|
    |add_ln712_4188_fu_67311_p2   |         +|   0|  0|  16|          15|          15|
    |add_ln712_4189_fu_67317_p2   |         +|   0|  0|  16|          15|          15|
    |add_ln712_4190_fu_67323_p2   |         +|   0|  0|  15|          15|          15|
    |add_ln712_4191_fu_67329_p2   |         +|   0|  0|  15|          15|          15|
    |add_ln712_4192_fu_68251_p2   |         +|   0|  0|  16|          16|          16|
    |add_ln712_4193_fu_68257_p2   |         +|   0|  0|  16|          16|          16|
    |add_ln712_4194_fu_67335_p2   |         +|   0|  0|  15|          15|          15|
    |add_ln712_4195_fu_68266_p2   |         +|   0|  0|  16|          16|          16|
    |add_ln712_4196_fu_67341_p2   |         +|   0|  0|  16|          15|          15|
    |add_ln712_4197_fu_61300_p2   |         +|   0|  0|  12|          12|          12|
    |add_ln712_4198_fu_67350_p2   |         +|   0|  0|  16|          15|          15|
    |add_ln712_4199_fu_68275_p2   |         +|   0|  0|  16|          16|          16|
    |add_ln712_4200_fu_68604_p2   |         +|   0|  0|  16|          16|          16|
    |add_ln712_4201_fu_61305_p2   |         +|   0|  0|  13|          13|          13|
    |add_ln712_4202_fu_61315_p2   |         +|   0|  0|  14|          14|          14|
    |add_ln712_4203_fu_66149_p2   |         +|   0|  0|  15|          15|          15|
    |add_ln712_4204_fu_66155_p2   |         +|   0|  0|  13|          13|          13|
    |add_ln712_4205_fu_67362_p2   |         +|   0|  0|  16|          15|          15|
    |add_ln712_4206_fu_67367_p2   |         +|   0|  0|  16|          15|          15|
    |add_ln712_4207_fu_66161_p2   |         +|   0|  0|  15|          15|          15|
    |add_ln712_4208_fu_66167_p2   |         +|   0|  0|  15|          15|          15|
    |add_ln712_4209_fu_67379_p2   |         +|   0|  0|  16|          16|          16|
    |add_ln712_4210_fu_67385_p2   |         +|   0|  0|  13|          13|          13|
    |add_ln712_4211_fu_67394_p2   |         +|   0|  0|  12|          12|          10|
    |add_ln712_4212_fu_67403_p2   |         +|   0|  0|  15|          15|          15|
    |add_ln712_4213_fu_68287_p2   |         +|   0|  0|  16|          16|          16|
    |add_ln712_4214_fu_68292_p2   |         +|   0|  0|  16|          16|          16|
    |add_ln712_4215_fu_68608_p2   |         +|   0|  0|  16|          16|          16|
    |add_ln712_4216_fu_67409_p2   |         +|   0|  0|  14|          14|          14|
    |add_ln712_4217_fu_67419_p2   |         +|   0|  0|  15|          15|          15|
    |add_ln712_4218_fu_66173_p2   |         +|   0|  0|  13|          13|          13|
    |add_ln712_4219_fu_67428_p2   |         +|   0|  0|  16|          15|          15|
    |add_ln712_4220_fu_67434_p2   |         +|   0|  0|  16|          15|          15|
    |add_ln712_4221_fu_68304_p2   |         +|   0|  0|  16|          16|          16|
    |add_ln712_4222_fu_67440_p2   |         +|   0|  0|  15|          15|          15|
    |add_ln712_4223_fu_66179_p2   |         +|   0|  0|  15|          15|          15|
    |add_ln712_4224_fu_68316_p2   |         +|   0|  0|  16|          16|          16|
    |add_ln712_4225_fu_67446_p2   |         +|   0|  0|  14|          14|          14|
    |add_ln712_4226_fu_67456_p2   |         +|   0|  0|  14|          14|          14|
    |add_ln712_4227_fu_67466_p2   |         +|   0|  0|  15|          15|          15|
    |add_ln712_4228_fu_68325_p2   |         +|   0|  0|  16|          16|          16|
    |add_ln712_4229_fu_68613_p2   |         +|   0|  0|  16|          16|          16|
    |add_ln712_4230_fu_67472_p2   |         +|   0|  0|  16|          15|          15|
    |add_ln712_4231_fu_66185_p2   |         +|   0|  0|  13|          13|          13|
    |add_ln712_4232_fu_67481_p2   |         +|   0|  0|  16|          15|          15|
    |add_ln712_4233_fu_67487_p2   |         +|   0|  0|  15|          15|          15|
    |add_ln712_4234_fu_67497_p2   |         +|   0|  0|  13|          13|          13|
    |add_ln712_4235_fu_67507_p2   |         +|   0|  0|  16|          16|          16|
    |add_ln712_4236_fu_68334_p2   |         +|   0|  0|  16|          16|          16|
    |add_ln712_4237_fu_66191_p2   |         +|   0|  0|  16|          15|          15|
    |add_ln712_4238_fu_61321_p2   |         +|   0|  0|  13|          13|          13|
    |add_ln712_4239_fu_66200_p2   |         +|   0|  0|  16|          15|          15|
    |add_ln712_4240_fu_66206_p2   |         +|   0|  0|  16|          15|          15|
    |add_ln712_4241_fu_61327_p2   |         +|   0|  0|  13|          13|           9|
    |add_ln712_4242_fu_66215_p2   |         +|   0|  0|  16|          15|          15|
    |add_ln712_4243_fu_67519_p2   |         +|   0|  0|  16|          16|          16|
    |add_ln712_4244_fu_68339_p2   |         +|   0|  0|  16|          16|          16|
    |add_ln712_4245_fu_68617_p2   |         +|   0|  0|  16|          16|          16|
    |add_ln712_4246_fu_67525_p2   |         +|   0|  0|  15|          15|          15|
    |add_ln712_4247_fu_68347_p2   |         +|   0|  0|  16|          16|          16|
    |add_ln712_4248_fu_67531_p2   |         +|   0|  0|  14|          14|          14|
    |add_ln712_4249_fu_67541_p2   |         +|   0|  0|  15|          15|          15|
    |add_ln712_4250_fu_67551_p2   |         +|   0|  0|  16|          16|          16|
    |add_ln712_4251_fu_68353_p2   |         +|   0|  0|  16|          16|          16|
    |add_ln712_4252_fu_67557_p2   |         +|   0|  0|  15|          15|          15|
    |add_ln712_4253_fu_67563_p2   |         +|   0|  0|  15|          15|          15|
    |add_ln712_4254_fu_68364_p2   |         +|   0|  0|  16|          16|          16|
    |add_ln712_4255_fu_67569_p2   |         +|   0|  0|  14|          14|          14|
    |add_ln712_4256_fu_67579_p2   |         +|   0|  0|  15|          15|          15|
    |add_ln712_4257_fu_67589_p2   |         +|   0|  0|  16|          16|          16|
    |add_ln712_4258_fu_68370_p2   |         +|   0|  0|  16|          16|          16|
    |add_ln712_4259_fu_68622_p2   |         +|   0|  0|  16|          16|          16|
    |add_ln712_4260_fu_66221_p2   |         +|   0|  0|  15|          15|          15|
    |add_ln712_4261_fu_67598_p2   |         +|   0|  0|  16|          16|          16|
    |add_ln712_4262_fu_66227_p2   |         +|   0|  0|  13|          13|          13|
    |add_ln712_4263_fu_67607_p2   |         +|   0|  0|  13|          13|          13|
    |add_ln712_4264_fu_67616_p2   |         +|   0|  0|  14|          14|          14|
    |add_ln712_4265_fu_68378_p2   |         +|   0|  0|  16|          16|          16|
    |add_ln712_4266_fu_66232_p2   |         +|   0|  0|  15|          15|          15|
    |add_ln712_4267_fu_66238_p2   |         +|   0|  0|  12|          12|          12|
    |add_ln712_4268_fu_67628_p2   |         +|   0|  0|  16|          16|          16|
    |add_ln712_4269_fu_61332_p2   |         +|   0|  0|  13|          13|          13|
    |add_ln712_4270_fu_61341_p2   |         +|   0|  0|  13|          13|          10|
    |add_ln712_4271_fu_61351_p2   |         +|   0|  0|  14|          14|          14|
    |add_ln712_4272_fu_67637_p2   |         +|   0|  0|  16|          16|          16|
    |add_ln712_4273_fu_68383_p2   |         +|   0|  0|  16|          16|          16|
    |add_ln712_4274_fu_68626_p2   |         +|   0|  0|  16|          16|          16|
    |add_ln712_4275_fu_67643_p2   |         +|   0|  0|  16|          15|          15|
    |add_ln712_4276_fu_67649_p2   |         +|   0|  0|  16|          15|          15|
    |add_ln712_4277_fu_67655_p2   |         +|   0|  0|  15|          15|          15|
    |add_ln712_4278_fu_67661_p2   |         +|   0|  0|  14|          14|          14|
    |add_ln712_4279_fu_68397_p2   |         +|   0|  0|  16|          16|          16|
    |add_ln712_4280_fu_68403_p2   |         +|   0|  0|  16|          16|          16|
    |add_ln712_4281_fu_67667_p2   |         +|   0|  0|  15|          15|          15|
    |add_ln712_4282_fu_67673_p2   |         +|   0|  0|  15|          15|          15|
    |add_ln712_4283_fu_68415_p2   |         +|   0|  0|  16|          16|          16|
    |add_ln712_4284_fu_67679_p2   |         +|   0|  0|  14|          14|          14|
    |add_ln712_4285_fu_67689_p2   |         +|   0|  0|  15|          15|          15|
    |add_ln712_4286_fu_67699_p2   |         +|   0|  0|  16|          16|          16|
    |add_ln712_4287_fu_68421_p2   |         +|   0|  0|  16|          16|          16|
    |add_ln712_4288_fu_68631_p2   |         +|   0|  0|  16|          16|          16|
    |add_ln712_4289_fu_66243_p2   |         +|   0|  0|  14|          14|          14|
    |add_ln712_4290_fu_67708_p2   |         +|   0|  0|  16|          16|          16|
    |add_ln712_4291_fu_67714_p2   |         +|   0|  0|  16|          16|          16|
    |add_ln712_4292_fu_61357_p2   |         +|   0|  0|  13|          13|          13|
    |add_ln712_4293_fu_67723_p2   |         +|   0|  0|  16|          15|          15|
    |add_ln712_4294_fu_67728_p2   |         +|   0|  0|  16|          15|          15|
    |add_ln712_4295_fu_68429_p2   |         +|   0|  0|  16|          16|          16|
    |add_ln712_4296_fu_61363_p2   |         +|   0|  0|  13|          13|          13|
    |add_ln712_4297_fu_66252_p2   |         +|   0|  0|  16|          14|          14|
    |add_ln712_4298_fu_66258_p2   |         +|   0|  0|  16|          14|          14|
    |add_ln712_4299_fu_66264_p2   |         +|   0|  0|  16|          15|          15|
    |add_ln712_4300_fu_61369_p2   |         +|   0|  0|  12|          12|           7|
    |add_ln712_4301_fu_66273_p2   |         +|   0|  0|  16|          15|          15|
    |add_ln712_4302_fu_67740_p2   |         +|   0|  0|  16|          16|          16|
    |add_ln712_4303_fu_68434_p2   |         +|   0|  0|  16|          16|          16|
    |add_ln712_4304_fu_68635_p2   |         +|   0|  0|  16|          16|          16|
    |add_ln712_4305_fu_67746_p2   |         +|   0|  0|  16|          15|          15|
    |add_ln712_4306_fu_67752_p2   |         +|   0|  0|  16|          15|          15|
    |add_ln712_4307_fu_67758_p2   |         +|   0|  0|  15|          15|          15|
    |add_ln712_4308_fu_67764_p2   |         +|   0|  0|  14|          14|          14|
    |add_ln712_4309_fu_68448_p2   |         +|   0|  0|  16|          16|          16|
    |add_ln712_4310_fu_68454_p2   |         +|   0|  0|  16|          16|          16|
    |add_ln712_4311_fu_66279_p2   |         +|   0|  0|  14|          14|          14|
    |add_ln712_4312_fu_67773_p2   |         +|   0|  0|  14|          14|          14|
    |add_ln712_4313_fu_67783_p2   |         +|   0|  0|  15|          15|          15|
    |add_ln712_4314_fu_67789_p2   |         +|   0|  0|  14|          14|          14|
    |add_ln712_4315_fu_67795_p2   |         +|   0|  0|  15|          15|          15|
    |add_ln712_4316_fu_68469_p2   |         +|   0|  0|  16|          16|          16|
    |add_ln712_4317_fu_68475_p2   |         +|   0|  0|  16|          16|          16|
    |add_ln712_4318_fu_68640_p2   |         +|   0|  0|  16|          16|          16|
    |add_ln712_4319_fu_67801_p2   |         +|   0|  0|  16|          16|          16|
    |add_ln712_4320_fu_61374_p2   |         +|   0|  0|  13|          13|          13|
    |add_ln712_4321_fu_67810_p2   |         +|   0|  0|  16|          16|          16|
    |add_ln712_4322_fu_66285_p2   |         +|   0|  0|  13|          13|          13|
    |add_ln712_4323_fu_66290_p2   |         +|   0|  0|  15|          15|          15|
    |add_ln712_4324_fu_67822_p2   |         +|   0|  0|  16|          16|          16|
    |add_ln712_4325_fu_68481_p2   |         +|   0|  0|  16|          16|          16|
    |add_ln712_4326_fu_66296_p2   |         +|   0|  0|  15|          15|          15|
    |add_ln712_4327_fu_66302_p2   |         +|   0|  0|  15|          15|          15|
    |add_ln712_4328_fu_67834_p2   |         +|   0|  0|  16|          16|          16|
    |add_ln712_4329_fu_66308_p2   |         +|   0|  0|  15|          15|          15|
    |add_ln712_4330_fu_66318_p2   |         +|   0|  0|  14|          14|           8|
    |add_ln712_4331_fu_66328_p2   |         +|   0|  0|  16|          16|          16|
    |add_ln712_4332_fu_67840_p2   |         +|   0|  0|  16|          16|          16|
    |add_ln712_4333_fu_68485_p2   |         +|   0|  0|  16|          16|          16|
    |add_ln712_4334_fu_68644_p2   |         +|   0|  0|  16|          16|          16|
    |add_ln712_4335_fu_67845_p2   |         +|   0|  0|  14|          14|          14|
    |add_ln712_4336_fu_67855_p2   |         +|   0|  0|  15|          15|          15|
    |add_ln712_4337_fu_66334_p2   |         +|   0|  0|  14|          14|          14|
    |add_ln712_4338_fu_67864_p2   |         +|   0|  0|  16|          15|          15|
    |add_ln712_4339_fu_67870_p2   |         +|   0|  0|  16|          15|          15|
    |add_ln712_4340_fu_68496_p2   |         +|   0|  0|  16|          16|          16|
    |add_ln712_4341_fu_66340_p2   |         +|   0|  0|  13|          13|          13|
    |add_ln712_4342_fu_67879_p2   |         +|   0|  0|  15|          15|          15|
    |add_ln712_4343_fu_61380_p2   |         +|   0|  0|  13|          13|          13|
    |add_ln712_4344_fu_67888_p2   |         +|   0|  0|  16|          15|          15|
    |add_ln712_4345_fu_67894_p2   |         +|   0|  0|  16|          15|          15|
    |add_ln712_4346_fu_68508_p2   |         +|   0|  0|  16|          16|          16|
    |add_ln712_4347_fu_68649_p2   |         +|   0|  0|  16|          16|          16|
    |add_ln712_4348_fu_66346_p2   |         +|   0|  0|  14|          14|          14|
    |add_ln712_4349_fu_67903_p2   |         +|   0|  0|  15|          15|          15|
    |add_ln712_4350_fu_67909_p2   |         +|   0|  0|  13|          13|          13|
    |add_ln712_4351_fu_67918_p2   |         +|   0|  0|  13|          13|          13|
    |add_ln712_4352_fu_67928_p2   |         +|   0|  0|  14|          14|          14|
    |add_ln712_4353_fu_68520_p2   |         +|   0|  0|  16|          16|          16|
    |add_ln712_4354_fu_66352_p2   |         +|   0|  0|  15|          15|          15|
    |add_ln712_4355_fu_66358_p2   |         +|   0|  0|  15|          15|          15|
    |add_ln712_4356_fu_67940_p2   |         +|   0|  0|  16|          16|          16|
    |add_ln712_4357_fu_61386_p2   |         +|   0|  0|  13|          13|          13|
    |add_ln712_4358_fu_66367_p2   |         +|   0|  0|  16|          15|          15|
    |add_ln712_4359_fu_66373_p2   |         +|   0|  0|  16|          15|          15|
    |add_ln712_4360_fu_67949_p2   |         +|   0|  0|  16|          16|          16|
    |add_ln712_4361_fu_68526_p2   |         +|   0|  0|  16|          16|          16|
    |add_ln712_4362_fu_68653_p2   |         +|   0|  0|  16|          16|          16|
    |add_ln712_4363_fu_67955_p2   |         +|   0|  0|  16|          15|          15|
    |add_ln712_4364_fu_67961_p2   |         +|   0|  0|  16|          15|          15|
    |add_ln712_4365_fu_67967_p2   |         +|   0|  0|  14|          14|          14|
    |add_ln712_4366_fu_67977_p2   |         +|   0|  0|  14|          14|          14|
    |add_ln712_4367_fu_67987_p2   |         +|   0|  0|  15|          15|          15|
    |add_ln712_4368_fu_68537_p2   |         +|   0|  0|  16|          16|          16|
    |add_ln712_4369_fu_67993_p2   |         +|   0|  0|  14|          14|          14|
    |add_ln712_4370_fu_68003_p2   |         +|   0|  0|  14|          14|          14|
    |add_ln712_4371_fu_68013_p2   |         +|   0|  0|  15|          15|          15|
    |add_ln712_4372_fu_68019_p2   |         +|   0|  0|  15|          15|          15|
    |add_ln712_4373_fu_68025_p2   |         +|   0|  0|  15|          15|          15|
    |add_ln712_4374_fu_68552_p2   |         +|   0|  0|  16|          16|          16|
    |add_ln712_4375_fu_68558_p2   |         +|   0|  0|  16|          16|          16|
    |add_ln712_4376_fu_68658_p2   |         +|   0|  0|  16|          16|          16|
    |add_ln712_4377_fu_68031_p2   |         +|   0|  0|  15|          15|          15|
    |add_ln712_4378_fu_68041_p2   |         +|   0|  0|  15|          15|          15|
    |add_ln712_4379_fu_68051_p2   |         +|   0|  0|  16|          16|          16|
    |add_ln712_4380_fu_68057_p2   |         +|   0|  0|  16|          15|          15|
    |add_ln712_4381_fu_66379_p2   |         +|   0|  0|  13|          13|          13|
    |add_ln712_4382_fu_68066_p2   |         +|   0|  0|  16|          15|          15|
    |add_ln712_4383_fu_68567_p2   |         +|   0|  0|  16|          16|          16|
    |add_ln712_4384_fu_66385_p2   |         +|   0|  0|  15|          15|          15|
    |add_ln712_4385_fu_66391_p2   |         +|   0|  0|  15|          15|          15|
    |add_ln712_4386_fu_68078_p2   |         +|   0|  0|  16|          16|          16|
    |add_ln712_4387_fu_61391_p2   |         +|   0|  0|  15|          15|          15|
    |add_ln712_4388_fu_66400_p2   |         +|   0|  0|  13|          13|          10|
    |add_ln712_4389_fu_66410_p2   |         +|   0|  0|  16|          16|          16|
    |add_ln712_4390_fu_68084_p2   |         +|   0|  0|  16|          16|          16|
    |add_ln712_4391_fu_68572_p2   |         +|   0|  0|  16|          16|          16|
    |add_ln712_4392_fu_68662_p2   |         +|   0|  0|  16|          16|          16|
    |add_ln712_fu_66976_p2        |         +|   0|  0|  16|          15|          15|
    |add_ln717_335_fu_61516_p2    |         +|   0|  0|  14|          14|          14|
    |add_ln717_336_fu_61795_p2    |         +|   0|  0|  13|          13|          13|
    |add_ln717_337_fu_61837_p2    |         +|   0|  0|  12|          12|          12|
    |add_ln717_338_fu_61872_p2    |         +|   0|  0|  13|          13|          13|
    |add_ln717_339_fu_60496_p2    |         +|   0|  0|  14|          14|          14|
    |add_ln717_340_fu_63316_p2    |         +|   0|  0|  13|          13|          13|
    |add_ln717_341_fu_63415_p2    |         +|   0|  0|  12|          12|          12|
    |add_ln717_342_fu_63494_p2    |         +|   0|  0|  14|          14|          14|
    |add_ln717_343_fu_60677_p2    |         +|   0|  0|  14|          14|          14|
    |add_ln717_344_fu_60766_p2    |         +|   0|  0|  14|          14|          14|
    |add_ln717_345_fu_60814_p2    |         +|   0|  0|  13|          13|          13|
    |add_ln717_346_fu_63793_p2    |         +|   0|  0|  14|          14|          14|
    |add_ln717_347_fu_64253_p2    |         +|   0|  0|  12|          12|          12|
    |add_ln717_348_fu_64288_p2    |         +|   0|  0|  11|          11|          11|
    |add_ln717_349_fu_64406_p2    |         +|   0|  0|  13|          13|          13|
    |add_ln717_350_fu_64685_p2    |         +|   0|  0|  13|          13|          13|
    |add_ln717_351_fu_64918_p2    |         +|   0|  0|  13|          13|          13|
    |add_ln717_352_fu_60199_p2    |         +|   0|  0|  12|          12|          12|
    |add_ln717_353_fu_65132_p2    |         +|   0|  0|  12|          12|          12|
    |add_ln717_354_fu_60924_p2    |         +|   0|  0|  13|          13|          13|
    |add_ln717_355_fu_61031_p2    |         +|   0|  0|  13|          13|          13|
    |add_ln717_356_fu_65331_p2    |         +|   0|  0|  11|          11|          11|
    |add_ln717_357_fu_65378_p2    |         +|   0|  0|  12|          12|          12|
    |add_ln717_fu_61432_p2        |         +|   0|  0|  13|          13|          13|
    |sub_ln1171_1000_fu_61129_p2  |         -|   0|  0|  12|           1|          12|
    |sub_ln1171_1001_fu_61139_p2  |         -|   0|  0|  13|          13|          13|
    |sub_ln1171_1002_fu_65563_p2  |         -|   0|  0|  11|           1|          11|
    |sub_ln1171_1003_fu_65573_p2  |         -|   0|  0|  12|          12|          12|
    |sub_ln1171_1004_fu_65658_p2  |         -|   0|  0|  14|           1|          14|
    |sub_ln1171_1005_fu_65679_p2  |         -|   0|  0|  15|          15|          15|
    |sub_ln1171_1006_fu_65718_p2  |         -|   0|  0|   9|           1|           9|
    |sub_ln1171_1007_fu_65759_p2  |         -|   0|  0|  14|           1|          14|
    |sub_ln1171_1008_fu_65790_p2  |         -|   0|  0|  14|          14|          14|
    |sub_ln1171_1009_fu_65837_p2  |         -|   0|  0|  13|           1|          13|
    |sub_ln1171_1010_fu_65875_p2  |         -|   0|  0|  15|          15|          15|
    |sub_ln1171_1011_fu_65891_p2  |         -|   0|  0|  13|          13|          13|
    |sub_ln1171_1012_fu_65929_p2  |         -|   0|  0|  14|           1|          14|
    |sub_ln1171_1013_fu_65942_p2  |         -|   0|  0|  15|          15|          15|
    |sub_ln1171_1014_fu_61240_p2  |         -|   0|  0|  13|          13|          13|
    |sub_ln1171_1015_fu_65993_p2  |         -|   0|  0|  15|          15|          15|
    |sub_ln1171_1027_fu_62202_p2  |         -|   0|  0|  12|          12|          12|
    |sub_ln1171_1028_fu_62849_p2  |         -|   0|  0|  13|          13|          13|
    |sub_ln1171_1029_fu_62944_p2  |         -|   0|  0|  13|          13|          13|
    |sub_ln1171_1030_fu_63138_p2  |         -|   0|  0|  14|          14|          14|
    |sub_ln1171_1031_fu_60586_p2  |         -|   0|  0|  12|          12|          12|
    |sub_ln1171_1032_fu_63474_p2  |         -|   0|  0|  11|          11|          11|
    |sub_ln1171_1033_fu_64204_p2  |         -|   0|  0|  14|          14|          14|
    |sub_ln1171_1034_fu_64534_p2  |         -|   0|  0|  12|          12|          12|
    |sub_ln1171_1035_fu_61102_p2  |         -|   0|  0|  13|          13|          13|
    |sub_ln1171_1036_fu_65600_p2  |         -|   0|  0|  14|          14|          14|
    |sub_ln1171_919_fu_61572_p2   |         -|   0|  0|  10|           1|          10|
    |sub_ln1171_920_fu_66459_p2   |         -|   0|  0|  13|           1|          13|
    |sub_ln1171_921_fu_61678_p2   |         -|   0|  0|  14|          14|          14|
    |sub_ln1171_922_fu_61728_p2   |         -|   0|  0|  14|           1|          14|
    |sub_ln1171_923_fu_61738_p2   |         -|   0|  0|  15|          15|          15|
    |sub_ln1171_924_fu_61909_p2   |         -|   0|  0|  12|          12|          12|
    |sub_ln1171_925_fu_61936_p2   |         -|   0|  0|  14|           1|          14|
    |sub_ln1171_926_fu_61946_p2   |         -|   0|  0|  15|          15|          15|
    |sub_ln1171_927_fu_61962_p2   |         -|   0|  0|  13|           1|          13|
    |sub_ln1171_928_fu_61972_p2   |         -|   0|  0|  14|          14|          14|
    |sub_ln1171_929_fu_62036_p2   |         -|   0|  0|  14|           1|          14|
    |sub_ln1171_930_fu_62142_p2   |         -|   0|  0|  14|          14|          14|
    |sub_ln1171_931_fu_62158_p2   |         -|   0|  0|  15|          15|          15|
    |sub_ln1171_932_fu_62229_p2   |         -|   0|  0|  13|           1|          13|
    |sub_ln1171_933_fu_62239_p2   |         -|   0|  0|  14|          14|          14|
    |sub_ln1171_934_fu_62295_p2   |         -|   0|  0|  14|          14|          14|
    |sub_ln1171_935_fu_62402_p2   |         -|   0|  0|  14|           1|          14|
    |sub_ln1171_936_fu_62416_p2   |         -|   0|  0|  15|          15|          15|
    |sub_ln1171_937_fu_62456_p2   |         -|   0|  0|  10|           1|          10|
    |sub_ln1171_938_fu_62542_p2   |         -|   0|  0|  11|           1|          11|
    |sub_ln1171_939_fu_62552_p2   |         -|   0|  0|  12|          12|          12|
    |sub_ln1171_940_fu_62568_p2   |         -|   0|  0|  14|           1|          14|
    |sub_ln1171_941_fu_62589_p2   |         -|   0|  0|  15|          15|          15|
    |sub_ln1171_942_fu_62616_p2   |         -|   0|  0|  13|          13|          13|
    |sub_ln1171_943_fu_62733_p2   |         -|   0|  0|  13|          13|          13|
    |sub_ln1171_944_fu_62802_p2   |         -|   0|  0|   9|           1|           9|
    |sub_ln1171_945_fu_66661_p2   |         -|   0|  0|  10|           1|          10|
    |sub_ln1171_946_fu_62868_p2   |         -|   0|  0|  13|           1|          13|
    |sub_ln1171_947_fu_62878_p2   |         -|   0|  0|  14|          14|          14|
    |sub_ln1171_948_fu_62970_p2   |         -|   0|  0|  13|           1|          13|
    |sub_ln1171_949_fu_62990_p2   |         -|   0|  0|  12|           1|          12|
    |sub_ln1171_950_fu_63000_p2   |         -|   0|  0|  13|          13|          13|
    |sub_ln1171_951_fu_63286_p2   |         -|   0|  0|  14|           1|          14|
    |sub_ln1171_952_fu_63300_p2   |         -|   0|  0|  15|          15|          15|
    |sub_ln1171_953_fu_63357_p2   |         -|   0|  0|  14|           1|          14|
    |sub_ln1171_954_fu_63367_p2   |         -|   0|  0|  15|          15|          15|
    |sub_ln1171_955_fu_63524_p2   |         -|   0|  0|  10|           1|          10|
    |sub_ln1171_956_fu_60643_p2   |         -|   0|  0|  14|           1|          14|
    |sub_ln1171_957_fu_60657_p2   |         -|   0|  0|  15|          15|          15|
    |sub_ln1171_958_fu_63591_p2   |         -|   0|  0|  13|           1|          13|
    |sub_ln1171_959_fu_63612_p2   |         -|   0|  0|  14|          14|          14|
    |sub_ln1171_960_fu_60713_p2   |         -|   0|  0|  14|           1|          14|
    |sub_ln1171_961_fu_60723_p2   |         -|   0|  0|  15|          15|          15|
    |sub_ln1171_962_fu_60739_p2   |         -|   0|  0|   9|           1|           9|
    |sub_ln1171_963_fu_63691_p2   |         -|   0|  0|  13|          13|          13|
    |sub_ln1171_964_fu_60786_p2   |         -|   0|  0|  12|           1|          12|
    |sub_ln1171_965_fu_63725_p2   |         -|   0|  0|  13|          13|          13|
    |sub_ln1171_966_fu_63811_p2   |         -|   0|  0|  11|           1|          11|
    |sub_ln1171_967_fu_63827_p2   |         -|   0|  0|  14|           1|          14|
    |sub_ln1171_968_fu_63850_p2   |         -|   0|  0|  14|          14|          14|
    |sub_ln1171_969_fu_63898_p2   |         -|   0|  0|  14|           1|          14|
    |sub_ln1171_970_fu_63918_p2   |         -|   0|  0|  15|          15|          15|
    |sub_ln1171_971_fu_63972_p2   |         -|   0|  0|  14|          14|          14|
    |sub_ln1171_972_fu_64014_p2   |         -|   0|  0|  13|          13|          13|
    |sub_ln1171_973_fu_64113_p2   |         -|   0|  0|  13|           1|          13|
    |sub_ln1171_974_fu_64122_p2   |         -|   0|  0|  14|          14|          14|
    |sub_ln1171_975_fu_64311_p2   |         -|   0|  0|  14|           1|          14|
    |sub_ln1171_976_fu_64325_p2   |         -|   0|  0|  15|          15|          15|
    |sub_ln1171_977_fu_64355_p2   |         -|   0|  0|  14|          14|          14|
    |sub_ln1171_978_fu_64444_p2   |         -|   0|  0|  11|           1|          11|
    |sub_ln1171_979_fu_64550_p2   |         -|   0|  0|  14|          14|          14|
    |sub_ln1171_980_fu_64622_p2   |         -|   0|  0|  14|          14|          14|
    |sub_ln1171_981_fu_64648_p2   |         -|   0|  0|  14|           1|          14|
    |sub_ln1171_982_fu_64658_p2   |         -|   0|  0|  15|          15|          15|
    |sub_ln1171_983_fu_64705_p2   |         -|   0|  0|  13|           1|          13|
    |sub_ln1171_984_fu_64715_p2   |         -|   0|  0|  14|          14|          14|
    |sub_ln1171_985_fu_64828_p2   |         -|   0|  0|  13|          13|          13|
    |sub_ln1171_986_fu_64870_p2   |         -|   0|  0|  14|          14|          14|
    |sub_ln1171_987_fu_64938_p2   |         -|   0|  0|  13|           1|          13|
    |sub_ln1171_988_fu_64952_p2   |         -|   0|  0|  14|          14|          14|
    |sub_ln1171_989_fu_60215_p2   |         -|   0|  0|  12|           1|          12|
    |sub_ln1171_990_fu_60225_p2   |         -|   0|  0|  13|          13|          13|
    |sub_ln1171_991_fu_65091_p2   |         -|   0|  0|  12|           1|          12|
    |sub_ln1171_992_fu_65112_p2   |         -|   0|  0|  13|          13|          13|
    |sub_ln1171_993_fu_65198_p2   |         -|   0|  0|  12|          12|          12|
    |sub_ln1171_994_fu_65274_p2   |         -|   0|  0|  14|           1|          14|
    |sub_ln1171_995_fu_65284_p2   |         -|   0|  0|  15|          15|          15|
    |sub_ln1171_996_fu_65315_p2   |         -|   0|  0|  11|           1|          11|
    |sub_ln1171_997_fu_65351_p2   |         -|   0|  0|  15|          15|          15|
    |sub_ln1171_998_fu_65464_p2   |         -|   0|  0|  10|           1|          10|
    |sub_ln1171_999_fu_65491_p2   |         -|   0|  0|  13|          13|          13|
    |sub_ln1171_fu_61452_p2       |         -|   0|  0|  13|           1|          13|
    |sub_ln717_438_fu_61542_p2    |         -|   0|  0|  13|          13|          13|
    |sub_ln717_439_fu_61764_p2    |         -|   0|  0|  14|          14|          14|
    |sub_ln717_440_fu_62085_p2    |         -|   0|  0|  13|          13|          13|
    |sub_ln717_441_fu_62112_p2    |         -|   0|  0|  11|          11|          11|
    |sub_ln717_442_fu_62322_p2    |         -|   0|  0|  14|          14|          14|
    |sub_ln717_443_fu_62508_p2    |         -|   0|  0|  14|          14|          14|
    |sub_ln717_444_fu_62636_p2    |         -|   0|  0|  13|          13|          13|
    |sub_ln717_445_fu_62768_p2    |         -|   0|  0|  14|          14|          14|
    |sub_ln717_446_fu_60512_p2    |         -|   0|  0|  14|          14|          14|
    |sub_ln717_447_fu_60552_p2    |         -|   0|  0|  13|          13|          13|
    |sub_ln717_448_fu_63043_p2    |         -|   0|  0|  13|          13|          13|
    |sub_ln717_449_fu_63088_p2    |         -|   0|  0|  14|          14|          14|
    |sub_ln717_450_fu_63192_p2    |         -|   0|  0|  13|          13|          13|
    |sub_ln717_451_fu_63262_p2    |         -|   0|  0|  14|          14|          14|
    |sub_ln717_452_fu_63446_p2    |         -|   0|  0|  14|          14|          14|
    |sub_ln717_453_fu_63875_p2    |         -|   0|  0|  14|          14|          14|
    |sub_ln717_454_fu_60862_p2    |         -|   0|  0|  14|          14|          14|
    |sub_ln717_455_fu_64054_p2    |         -|   0|  0|  14|          14|          14|
    |sub_ln717_456_fu_64089_p2    |         -|   0|  0|  14|          14|          14|
    |sub_ln717_457_fu_64151_p2    |         -|   0|  0|  14|          14|          14|
    |sub_ln717_458_fu_64371_p2    |         -|   0|  0|  14|          14|          14|
    |sub_ln717_459_fu_64486_p2    |         -|   0|  0|  14|          14|          14|
    |sub_ln717_460_fu_64742_p2    |         -|   0|  0|  14|          14|          14|
    |sub_ln717_461_fu_64776_p2    |         -|   0|  0|  14|          14|          14|
    |sub_ln717_462_fu_64800_p2    |         -|   0|  0|  13|          13|          13|
    |sub_ln717_463_fu_65036_p2    |         -|   0|  0|  14|          14|          14|
    |sub_ln717_464_fu_60940_p2    |         -|   0|  0|  13|          13|          13|
    |sub_ln717_465_fu_60966_p2    |         -|   0|  0|  14|          14|          14|
    |sub_ln717_466_fu_60993_p2    |         -|   0|  0|  14|          14|          14|
    |sub_ln717_467_fu_61061_p2    |         -|   0|  0|  13|          13|          13|
    |sub_ln717_468_fu_61166_p2    |         -|   0|  0|  13|          13|          13|
    |sub_ln717_469_fu_61210_p2    |         -|   0|  0|  13|          13|          13|
    |sub_ln717_470_fu_61260_p2    |         -|   0|  0|  11|          11|          11|
    |sub_ln717_fu_61479_p2        |         -|   0|  0|  14|          14|          14|
    |ap_enable_pp0                |       xor|   0|  0|   2|           1|           2|
    +-----------------------------+----------+----+---+----+------------+------------+
    |Total                        |          |   0|  0|6610|        6028|        6524|
    +-----------------------------+----------+----+---+----+------------+------------+

    * Multiplexer: 
    +-------------------------+----+-----------+-----+-----------+
    |           Name          | LUT| Input Size| Bits| Total Bits|
    +-------------------------+----+-----------+-----+-----------+
    |ap_NS_fsm                |  13|          3|    1|          3|
    |ap_enable_reg_pp0_iter0  |   9|          2|    1|          2|
    +-------------------------+----+-----------+-----+-----------+
    |Total                    |  22|          5|    2|          5|
    +-------------------------+----+-----------+-----+-----------+

    * Register: 
    +------------------------------------+----+----+-----+-----------+
    |                Name                | FF | LUT| Bits| Const Bits|
    +------------------------------------+----+----+-----+-----------+
    |add_ln712_4102_reg_70553            |  15|   0|   15|          0|
    |add_ln712_4103_reg_70558            |  15|   0|   15|          0|
    |add_ln712_4104_reg_70563            |  15|   0|   15|          0|
    |add_ln712_4106_reg_70958            |  16|   0|   16|          0|
    |add_ln712_4108_reg_70328            |  14|   0|   14|          0|
    |add_ln712_4109_reg_70568            |  15|   0|   15|          0|
    |add_ln712_4112_reg_70573            |  15|   0|   15|          0|
    |add_ln712_4113_reg_70963            |  16|   0|   16|          0|
    |add_ln712_4116_reg_70578            |  15|   0|   15|          0|
    |add_ln712_4117_reg_70333            |  14|   0|   15|          1|
    |add_ln712_4118_reg_70338            |  15|   0|   15|          0|
    |add_ln712_4119_reg_70583            |  16|   0|   16|          0|
    |add_ln712_4121_reg_69475            |  13|   0|   13|          0|
    |add_ln712_4123_reg_70343            |  14|   0|   14|          0|
    |add_ln712_4125_reg_69480            |   9|   0|    9|          0|
    |add_ln712_4126_reg_70348            |  13|   0|   13|          0|
    |add_ln712_4127_reg_70588            |  15|   0|   15|          0|
    |add_ln712_4128_reg_70968            |  16|   0|   16|          0|
    |add_ln712_4130_reg_70353            |  13|   0|   14|          1|
    |add_ln712_4131_reg_70593            |  14|   0|   15|          1|
    |add_ln712_4132_reg_70358            |  13|   0|   13|          0|
    |add_ln712_4134_reg_70598            |  15|   0|   15|          0|
    |add_ln712_4135_reg_70973            |  16|   0|   16|          0|
    |add_ln712_4138_reg_70603            |  15|   0|   15|          0|
    |add_ln712_4139_reg_70608            |  15|   0|   15|          0|
    |add_ln712_4140_reg_70613            |  14|   0|   14|          0|
    |add_ln712_4142_reg_70978            |  16|   0|   16|          0|
    |add_ln712_4145_reg_70618            |  16|   0|   16|          0|
    |add_ln712_4146_reg_70363            |  13|   0|   13|          0|
    |add_ln712_4148_reg_70623            |  15|   0|   15|          0|
    |add_ln712_4151_reg_69485            |  13|   0|   13|          0|
    |add_ln712_4152_reg_70368            |  15|   0|   15|          0|
    |add_ln712_4153_reg_69490            |  13|   0|   13|          0|
    |add_ln712_4155_reg_70373            |  14|   0|   14|          0|
    |add_ln712_4156_reg_70628            |  16|   0|   16|          0|
    |add_ln712_4157_reg_70983            |  16|   0|   16|          0|
    |add_ln712_4160_reg_70633            |  14|   0|   14|          0|
    |add_ln712_4161_reg_70638            |  14|   0|   14|          0|
    |add_ln712_4162_reg_70643            |  15|   0|   15|          0|
    |add_ln712_4164_reg_70988            |  16|   0|   16|          0|
    |add_ln712_4165_reg_70648            |  15|   0|   15|          0|
    |add_ln712_4166_reg_70653            |  15|   0|   15|          0|
    |add_ln712_4170_reg_70658            |  16|   0|   16|          0|
    |add_ln712_4171_reg_70993            |  16|   0|   16|          0|
    |add_ln712_4174_reg_70663            |  15|   0|   15|          0|
    |add_ln712_4177_reg_70668            |  16|   0|   16|          0|
    |add_ln712_4179_reg_70378            |  14|   0|   15|          1|
    |add_ln712_4180_reg_70383            |  15|   0|   15|          0|
    |add_ln712_4184_reg_70388            |  16|   0|   16|          0|
    |add_ln712_4185_reg_70673            |  16|   0|   16|          0|
    |add_ln712_4186_reg_70998            |  16|   0|   16|          0|
    |add_ln712_4189_reg_70678            |  15|   0|   15|          0|
    |add_ln712_4190_reg_70683            |  13|   0|   15|          2|
    |add_ln712_4191_reg_70688            |  15|   0|   15|          0|
    |add_ln712_4193_reg_71003            |  16|   0|   16|          0|
    |add_ln712_4194_reg_70693            |  15|   0|   15|          0|
    |add_ln712_4197_reg_69495            |  12|   0|   12|          0|
    |add_ln712_4198_reg_70698            |  15|   0|   15|          0|
    |add_ln712_4199_reg_71008            |  16|   0|   16|          0|
    |add_ln712_4202_reg_69500            |  14|   0|   14|          0|
    |add_ln712_4203_reg_70393            |  15|   0|   15|          0|
    |add_ln712_4204_reg_70398            |  13|   0|   13|          0|
    |add_ln712_4206_reg_70703            |  15|   0|   15|          0|
    |add_ln712_4207_reg_70403            |  14|   0|   15|          1|
    |add_ln712_4208_reg_70408            |  15|   0|   15|          0|
    |add_ln712_4209_reg_70708            |  16|   0|   16|          0|
    |add_ln712_4212_reg_70713            |  15|   0|   15|          0|
    |add_ln712_4214_reg_71013            |  16|   0|   16|          0|
    |add_ln712_4217_reg_70718            |  15|   0|   15|          0|
    |add_ln712_4218_reg_70413            |  13|   0|   13|          0|
    |add_ln712_4220_reg_70723            |  15|   0|   15|          0|
    |add_ln712_4221_reg_71018            |  16|   0|   16|          0|
    |add_ln712_4222_reg_70728            |  15|   0|   15|          0|
    |add_ln712_4223_reg_70418            |  15|   0|   15|          0|
    |add_ln712_4227_reg_70733            |  15|   0|   15|          0|
    |add_ln712_4228_reg_71023            |  16|   0|   16|          0|
    |add_ln712_4231_reg_70423            |  13|   0|   13|          0|
    |add_ln712_4232_reg_70738            |  15|   0|   15|          0|
    |add_ln712_4235_reg_70743            |  16|   0|   16|          0|
    |add_ln712_4238_reg_69505            |  10|   0|   13|          3|
    |add_ln712_4239_reg_70428            |  15|   0|   15|          0|
    |add_ln712_4241_reg_69510            |  13|   0|   13|          0|
    |add_ln712_4242_reg_70433            |  15|   0|   15|          0|
    |add_ln712_4243_reg_70748            |  16|   0|   16|          0|
    |add_ln712_4244_reg_71028            |  16|   0|   16|          0|
    |add_ln712_4246_reg_70753            |  15|   0|   15|          0|
    |add_ln712_4250_reg_70758            |  16|   0|   16|          0|
    |add_ln712_4251_reg_71033            |  16|   0|   16|          0|
    |add_ln712_4252_reg_70763            |  15|   0|   15|          0|
    |add_ln712_4253_reg_70768            |  15|   0|   15|          0|
    |add_ln712_4257_reg_70773            |  16|   0|   16|          0|
    |add_ln712_4258_reg_71038            |  16|   0|   16|          0|
    |add_ln712_4260_reg_70438            |  15|   0|   15|          0|
    |add_ln712_4261_reg_70778            |  16|   0|   16|          0|
    |add_ln712_4262_reg_70443            |  13|   0|   13|          0|
    |add_ln712_4264_reg_70783            |  14|   0|   14|          0|
    |add_ln712_4266_reg_70448            |  15|   0|   15|          0|
    |add_ln712_4267_reg_70453            |  12|   0|   12|          0|
    |add_ln712_4271_reg_69515            |  14|   0|   14|          0|
    |add_ln712_4272_reg_70788            |  16|   0|   16|          0|
    |add_ln712_4273_reg_71043            |  16|   0|   16|          0|
    |add_ln712_4276_reg_70793            |  15|   0|   15|          0|
    |add_ln712_4277_reg_70798            |  15|   0|   15|          0|
    |add_ln712_4278_reg_70803            |  14|   0|   14|          0|
    |add_ln712_4280_reg_71048            |  16|   0|   16|          0|
    |add_ln712_4281_reg_70808            |  15|   0|   15|          0|
    |add_ln712_4282_reg_70813            |  15|   0|   15|          0|
    |add_ln712_4286_reg_70818            |  16|   0|   16|          0|
    |add_ln712_4287_reg_71053            |  16|   0|   16|          0|
    |add_ln712_4289_reg_70458            |  14|   0|   14|          0|
    |add_ln712_4291_reg_70823            |  16|   0|   16|          0|
    |add_ln712_4292_reg_69520            |  13|   0|   13|          0|
    |add_ln712_4294_reg_70828            |  15|   0|   15|          0|
    |add_ln712_4296_reg_69525            |  13|   0|   13|          0|
    |add_ln712_4298_reg_70463            |  14|   0|   14|          0|
    |add_ln712_4300_reg_69530            |  12|   0|   12|          0|
    |add_ln712_4301_reg_70468            |  15|   0|   15|          0|
    |add_ln712_4302_reg_70833            |  16|   0|   16|          0|
    |add_ln712_4303_reg_71058            |  16|   0|   16|          0|
    |add_ln712_4306_reg_70838            |  15|   0|   15|          0|
    |add_ln712_4307_reg_70843            |  15|   0|   15|          0|
    |add_ln712_4308_reg_70848            |  14|   0|   14|          0|
    |add_ln712_4310_reg_71063            |  16|   0|   16|          0|
    |add_ln712_4311_reg_70473            |  13|   0|   14|          1|
    |add_ln712_4313_reg_70853            |  15|   0|   15|          0|
    |add_ln712_4314_reg_70858            |  14|   0|   14|          0|
    |add_ln712_4315_reg_70863            |  15|   0|   15|          0|
    |add_ln712_4317_reg_71068            |  16|   0|   16|          0|
    |add_ln712_4320_reg_69535            |  13|   0|   13|          0|
    |add_ln712_4321_reg_70868            |  16|   0|   16|          0|
    |add_ln712_4322_reg_70478            |  13|   0|   13|          0|
    |add_ln712_4323_reg_70483            |  15|   0|   15|          0|
    |add_ln712_4324_reg_70873            |  16|   0|   16|          0|
    |add_ln712_4326_reg_70488            |  15|   0|   15|          0|
    |add_ln712_4327_reg_70493            |  15|   0|   15|          0|
    |add_ln712_4331_reg_70498            |  16|   0|   16|          0|
    |add_ln712_4332_reg_70878            |  16|   0|   16|          0|
    |add_ln712_4333_reg_71073            |  16|   0|   16|          0|
    |add_ln712_4336_reg_70883            |  15|   0|   15|          0|
    |add_ln712_4337_reg_70503            |  14|   0|   14|          0|
    |add_ln712_4339_reg_70888            |  15|   0|   15|          0|
    |add_ln712_4340_reg_71078            |  16|   0|   16|          0|
    |add_ln712_4341_reg_70508            |  13|   0|   13|          0|
    |add_ln712_4342_reg_70893            |  15|   0|   15|          0|
    |add_ln712_4343_reg_69540            |  13|   0|   13|          0|
    |add_ln712_4345_reg_70898            |  15|   0|   15|          0|
    |add_ln712_4346_reg_71083            |  16|   0|   16|          0|
    |add_ln712_4348_reg_70513            |  14|   0|   14|          0|
    |add_ln712_4349_reg_70903            |  15|   0|   15|          0|
    |add_ln712_4352_reg_70908            |  14|   0|   14|          0|
    |add_ln712_4354_reg_70518            |  15|   0|   15|          0|
    |add_ln712_4355_reg_70523            |  15|   0|   15|          0|
    |add_ln712_4357_reg_69545            |  13|   0|   13|          0|
    |add_ln712_4359_reg_70528            |  15|   0|   15|          0|
    |add_ln712_4360_reg_70913            |  16|   0|   16|          0|
    |add_ln712_4361_reg_71088            |  16|   0|   16|          0|
    |add_ln712_4364_reg_70918            |  15|   0|   15|          0|
    |add_ln712_4367_reg_70923            |  15|   0|   15|          0|
    |add_ln712_4368_reg_71093            |  16|   0|   16|          0|
    |add_ln712_4371_reg_70928            |  15|   0|   15|          0|
    |add_ln712_4372_reg_70933            |  15|   0|   15|          0|
    |add_ln712_4373_reg_70938            |  15|   0|   15|          0|
    |add_ln712_4375_reg_71098            |  16|   0|   16|          0|
    |add_ln712_4379_reg_70943            |  16|   0|   16|          0|
    |add_ln712_4381_reg_70533            |  13|   0|   13|          0|
    |add_ln712_4382_reg_70948            |  15|   0|   15|          0|
    |add_ln712_4384_reg_70538            |  15|   0|   15|          0|
    |add_ln712_4385_reg_70543            |  15|   0|   15|          0|
    |add_ln712_4387_reg_69550            |  15|   0|   15|          0|
    |add_ln712_4389_reg_70548            |  16|   0|   16|          0|
    |add_ln712_4390_reg_70953            |  16|   0|   16|          0|
    |add_ln712_4391_reg_71103            |  16|   0|   16|          0|
    |ap_CS_fsm                           |   2|   0|    2|          0|
    |ap_enable_reg_pp0_iter0_reg         |   1|   0|    1|          0|
    |ap_enable_reg_pp0_iter1             |   1|   0|    1|          0|
    |ap_enable_reg_pp0_iter2             |   1|   0|    1|          0|
    |ap_port_reg_p_read                  |   8|   0|    8|          0|
    |ap_port_reg_p_read10                |   8|   0|    8|          0|
    |ap_port_reg_p_read13                |   8|   0|    8|          0|
    |ap_port_reg_p_read2                 |   8|   0|    8|          0|
    |ap_port_reg_p_read20                |   8|   0|    8|          0|
    |ap_port_reg_p_read7                 |   8|   0|    8|          0|
    |ap_port_reg_p_read9                 |   8|   0|    8|          0|
    |lshr_ln717_1_reg_69231              |  12|   0|   12|          0|
    |lshr_ln717_s_reg_69226              |  12|   0|   12|          0|
    |mult_V_100_reg_69306                |  13|   0|   13|          0|
    |mult_V_104_reg_69312                |  13|   0|   13|          0|
    |mult_V_110_reg_69323                |  11|   0|   12|          1|
    |mult_V_112_reg_69882                |  11|   0|   13|          2|
    |mult_V_126_reg_69033                |  12|   0|   12|          0|
    |mult_V_12_reg_69596                 |  12|   0|   12|          0|
    |mult_V_130_reg_69038                |  12|   0|   12|          0|
    |mult_V_136_reg_69043                |  12|   0|   12|          0|
    |mult_V_145_reg_69947                |  12|   0|   12|          0|
    |mult_V_146_reg_69343                |  13|   0|   13|          0|
    |mult_V_148_reg_69957                |  12|   0|   12|          0|
    |mult_V_160_reg_69048                |  12|   0|   12|          0|
    |mult_V_166_reg_69358                |  11|   0|   13|          2|
    |mult_V_16_reg_68969                 |  12|   0|   12|          0|
    |mult_V_171_reg_69059                |  12|   0|   12|          0|
    |mult_V_174_reg_69064                |  13|   0|   13|          0|
    |mult_V_184_reg_69388                |   8|   0|   11|          3|
    |mult_V_186_reg_69393                |  13|   0|   13|          0|
    |mult_V_198_reg_69074                |  12|   0|   12|          0|
    |mult_V_204_reg_69079                |  12|   0|   12|          0|
    |mult_V_213_reg_69095                |  12|   0|   12|          0|
    |mult_V_218_reg_69100                |  12|   0|   12|          0|
    |mult_V_22_reg_69626                 |  12|   0|   12|          0|
    |mult_V_231_reg_69110                |  12|   0|   12|          0|
    |mult_V_237_reg_69115                |  11|   0|   11|          0|
    |mult_V_239_reg_69125                |  13|   0|   13|          0|
    |mult_V_24_reg_69631                 |  12|   0|   12|          0|
    |mult_V_251_reg_69409                |  12|   0|   12|          0|
    |mult_V_253_reg_69414                |  12|   0|   12|          0|
    |mult_V_254_reg_69419                |  13|   0|   13|          0|
    |mult_V_257_reg_69424                |  12|   0|   13|          1|
    |mult_V_261_reg_69429                |  12|   0|   12|          0|
    |mult_V_268_reg_69151                |  12|   0|   12|          0|
    |mult_V_271_reg_69161                |  12|   0|   12|          0|
    |mult_V_278_reg_69172                |  12|   0|   12|          0|
    |mult_V_279_reg_69177                |  13|   0|   13|          0|
    |mult_V_282_reg_69190                |  13|   0|   13|          0|
    |mult_V_287_reg_69450                |  12|   0|   12|          0|
    |mult_V_293_reg_70273                |  12|   0|   12|          0|
    |mult_V_294_reg_69200                |  13|   0|   13|          0|
    |mult_V_29_reg_69651                 |  11|   0|   11|          0|
    |mult_V_2_reg_69561                  |  12|   0|   13|          1|
    |mult_V_305_reg_69216                |   7|   0|    7|          0|
    |mult_V_306_reg_69221                |  12|   0|   12|          0|
    |mult_V_31_reg_69656                 |  12|   0|   12|          0|
    |mult_V_37_reg_68980                 |  12|   0|   12|          0|
    |mult_V_41_reg_69691                 |  12|   0|   12|          0|
    |mult_V_42_reg_69696                 |  10|   0|   10|          0|
    |mult_V_46_reg_68990                 |  12|   0|   12|          0|
    |mult_V_48_reg_69716                 |  12|   0|   12|          0|
    |mult_V_4_reg_69571                  |  13|   0|   13|          0|
    |mult_V_57_reg_69007                 |  12|   0|   12|          0|
    |mult_V_59_reg_69751                 |  13|   0|   13|          0|
    |mult_V_60_reg_69756                 |  13|   0|   13|          0|
    |mult_V_62_reg_69761                 |  11|   0|   11|          0|
    |mult_V_63_reg_69012                 |  12|   0|   12|          0|
    |mult_V_70_reg_69781                 |  12|   0|   13|          1|
    |mult_V_76_reg_69801                 |  12|   0|   12|          0|
    |mult_V_78_reg_69811                 |  12|   0|   12|          0|
    |mult_V_79_reg_69816                 |  12|   0|   12|          0|
    |mult_V_82_reg_69821                 |  12|   0|   12|          0|
    |mult_V_83_reg_69028                 |  12|   0|   12|          0|
    |p_read1264_reg_68951                |   8|   0|    8|          0|
    |p_read1264_reg_68951_pp0_iter1_reg  |   8|   0|    8|          0|
    |p_read2265_reg_69284                |   8|   0|    8|          0|
    |p_read263_reg_69296                 |   8|   0|    8|          0|
    |p_read3266_reg_68941                |   8|   0|    8|          0|
    |p_read4267_reg_68929                |   8|   0|    8|          0|
    |p_read4267_reg_68929_pp0_iter1_reg  |   8|   0|    8|          0|
    |p_read5268_reg_68919                |   8|   0|    8|          0|
    |p_read6269_reg_68910                |   8|   0|    8|          0|
    |p_read7270_reg_69273                |   8|   0|    8|          0|
    |p_read8271_reg_68899                |   8|   0|    8|          0|
    |p_read_251_reg_68727                |   8|   0|    8|          0|
    |p_read_252_reg_68738                |   8|   0|    8|          0|
    |p_read_253_reg_68747                |   8|   0|    8|          0|
    |p_read_254_reg_68756                |   8|   0|    8|          0|
    |p_read_255_reg_68767                |   8|   0|    8|          0|
    |p_read_256_reg_68774                |   8|   0|    8|          0|
    |p_read_257_reg_68787                |   8|   0|    8|          0|
    |p_read_258_reg_68798                |   8|   0|    8|          0|
    |p_read_259_reg_68808                |   8|   0|    8|          0|
    |p_read_260_reg_69237                |   8|   0|    8|          0|
    |p_read_261_reg_68817                |   8|   0|    8|          0|
    |p_read_262_reg_68827                |   8|   0|    8|          0|
    |p_read_263_reg_68839                |   8|   0|    8|          0|
    |p_read_264_reg_68848                |   8|   0|    8|          0|
    |p_read_265_reg_68857                |   8|   0|    8|          0|
    |p_read_266_reg_68865                |   8|   0|    8|          0|
    |p_read_267_reg_69248                |   8|   0|    8|          0|
    |p_read_268_reg_68877                |   8|   0|    8|          0|
    |p_read_269_reg_68888                |   8|   0|    8|          0|
    |p_read_270_reg_69256                |   8|   0|    8|          0|
    |p_read_271_reg_69265                |   8|   0|    8|          0|
    |shl_ln1171_134_reg_69841            |   8|   0|    9|          1|
    |shl_ln1171_136_reg_69333            |   8|   0|    9|          1|
    |shl_ln1171_157_reg_69434            |   8|   0|   10|          2|
    |shl_ln1171_169_reg_69455            |   8|   0|    9|          1|
    |shl_ln717_189_reg_69368             |   8|   0|   10|          2|
    |shl_ln717_207_reg_69404             |   8|   0|    9|          1|
    |sub_ln1171_964_reg_69363            |   9|   0|   12|          3|
    |trunc_ln42_102_reg_69002            |  13|   0|   13|          0|
    |trunc_ln42_104_reg_69987            |  13|   0|   13|          0|
    |trunc_ln42_105_reg_69090            |  13|   0|   13|          0|
    |trunc_ln42_106_reg_69136            |  13|   0|   13|          0|
    |trunc_ln42_107_reg_69146            |  12|   0|   12|          0|
    |trunc_ln42_108_reg_70247            |  13|   0|   13|          0|
    |trunc_ln42_109_reg_69206            |  13|   0|   13|          0|
    |trunc_ln42_110_reg_70303            |  12|   0|   12|          0|
    |trunc_ln42_s_reg_69681              |  13|   0|   13|          0|
    |trunc_ln717_1746_reg_69576          |  14|   0|   14|          0|
    |trunc_ln717_1747_reg_69581          |  11|   0|   12|          1|
    |trunc_ln717_1748_reg_69586          |  13|   0|   13|          0|
    |trunc_ln717_1749_reg_69591          |   9|   0|    9|          0|
    |trunc_ln717_1751_reg_69601          |  13|   0|   13|          0|
    |trunc_ln717_1752_reg_69606          |  12|   0|   12|          0|
    |trunc_ln717_1753_reg_69611          |  13|   0|   13|          0|
    |trunc_ln717_1754_reg_69616          |  12|   0|   12|          0|
    |trunc_ln717_1756_reg_69621          |  14|   0|   14|          0|
    |trunc_ln717_1757_reg_69636          |  14|   0|   14|          0|
    |trunc_ln717_1758_reg_69641          |  13|   0|   13|          0|
    |trunc_ln717_1759_reg_69646          |  13|   0|   13|          0|
    |trunc_ln717_1760_reg_69661          |  11|   0|   11|          0|
    |trunc_ln717_1761_reg_69666          |  14|   0|   14|          0|
    |trunc_ln717_1762_reg_69671          |  13|   0|   13|          0|
    |trunc_ln717_1763_reg_69676          |  12|   0|   12|          0|
    |trunc_ln717_1764_reg_69686          |  14|   0|   14|          0|
    |trunc_ln717_1768_reg_69701          |  13|   0|   13|          0|
    |trunc_ln717_1769_reg_69706          |  13|   0|   13|          0|
    |trunc_ln717_1770_reg_69711          |  14|   0|   14|          0|
    |trunc_ln717_1771_reg_69721          |  11|   0|   11|          0|
    |trunc_ln717_1772_reg_69726          |  13|   0|   13|          0|
    |trunc_ln717_1773_reg_69731          |   9|   0|   12|          3|
    |trunc_ln717_1774_reg_69736          |  13|   0|   13|          0|
    |trunc_ln717_1775_reg_69741          |  14|   0|   14|          0|
    |trunc_ln717_1776_reg_69746          |  13|   0|   13|          0|
    |trunc_ln717_1778_reg_69017          |  12|   0|   12|          0|
    |trunc_ln717_1779_reg_69766          |  14|   0|   14|          0|
    |trunc_ln717_1780_reg_69771          |  13|   0|   13|          0|
    |trunc_ln717_1782_reg_69776          |   9|   0|    9|          0|
    |trunc_ln717_1784_reg_69786          |  14|   0|   14|          0|
    |trunc_ln717_1785_reg_69791          |  11|   0|   11|          0|
    |trunc_ln717_1786_reg_69796          |  12|   0|   14|          2|
    |trunc_ln717_1789_reg_69806          |  14|   0|   14|          0|
    |trunc_ln717_1792_reg_69826          |   8|   0|    8|          0|
    |trunc_ln717_1793_reg_69831          |  14|   0|   14|          0|
    |trunc_ln717_1794_reg_69836          |  13|   0|   13|          0|
    |trunc_ln717_1797_reg_69846          |  13|   0|   13|          0|
    |trunc_ln717_1798_reg_69851          |  13|   0|   13|          0|
    |trunc_ln717_1800_reg_69857          |  12|   0|   12|          0|
    |trunc_ln717_1801_reg_69862          |  13|   0|   13|          0|
    |trunc_ln717_1802_reg_69867          |   9|   0|   12|          3|
    |trunc_ln717_1803_reg_69872          |  12|   0|   12|          0|
    |trunc_ln717_1807_reg_69887          |  14|   0|   14|          0|
    |trunc_ln717_1808_reg_69892          |  14|   0|   14|          0|
    |trunc_ln717_1809_reg_69897          |  14|   0|   14|          0|
    |trunc_ln717_1810_reg_69902          |  13|   0|   13|          0|
    |trunc_ln717_1811_reg_69907          |  14|   0|   14|          0|
    |trunc_ln717_1813_reg_69912          |  14|   0|   14|          0|
    |trunc_ln717_1814_reg_69328          |  11|   0|   11|          0|
    |trunc_ln717_1815_reg_69917          |  14|   0|   14|          0|
    |trunc_ln717_1817_reg_69922          |  13|   0|   14|          1|
    |trunc_ln717_1818_reg_69927          |  14|   0|   14|          0|
    |trunc_ln717_1819_reg_69932          |  14|   0|   14|          0|
    |trunc_ln717_1823_reg_69937          |  13|   0|   13|          0|
    |trunc_ln717_1824_reg_69942          |  13|   0|   13|          0|
    |trunc_ln717_1825_reg_69338          |  12|   0|   14|          2|
    |trunc_ln717_1826_reg_69952          |  12|   0|   13|          1|
    |trunc_ln717_1827_reg_69962          |  12|   0|   12|          0|
    |trunc_ln717_1828_reg_69348          |  14|   0|   14|          0|
    |trunc_ln717_1829_reg_69353          |   8|   0|    8|          0|
    |trunc_ln717_1830_reg_69967          |  13|   0|   13|          0|
    |trunc_ln717_1833_reg_69972          |  13|   0|   13|          0|
    |trunc_ln717_1834_reg_69977          |  14|   0|   14|          0|
    |trunc_ln717_1835_reg_69982          |  13|   0|   13|          0|
    |trunc_ln717_1836_reg_69992          |   9|   0|   10|          1|
    |trunc_ln717_1838_reg_69997          |  11|   0|   13|          2|
    |trunc_ln717_1839_reg_70002          |  13|   0|   13|          0|
    |trunc_ln717_1841_reg_70007          |  14|   0|   14|          0|
    |trunc_ln717_1842_reg_70012          |  13|   0|   13|          0|
    |trunc_ln717_1844_reg_70017          |  13|   0|   13|          0|
    |trunc_ln717_1845_reg_69069          |  12|   0|   12|          0|
    |trunc_ln717_1846_reg_70022          |  12|   0|   13|          1|
    |trunc_ln717_1847_reg_70027          |  13|   0|   13|          0|
    |trunc_ln717_1848_reg_70032          |  12|   0|   12|          0|
    |trunc_ln717_1849_reg_70037          |  13|   0|   13|          0|
    |trunc_ln717_1852_reg_70042          |  13|   0|   13|          0|
    |trunc_ln717_1853_reg_70047          |  13|   0|   13|          0|
    |trunc_ln717_1855_reg_70052          |  13|   0|   13|          0|
    |trunc_ln717_1857_reg_70057          |  14|   0|   14|          0|
    |trunc_ln717_1858_reg_70062          |  14|   0|   14|          0|
    |trunc_ln717_1859_reg_70067          |  12|   0|   13|          1|
    |trunc_ln717_1863_reg_70072          |  13|   0|   13|          0|
    |trunc_ln717_1864_reg_70077          |  11|   0|   11|          0|
    |trunc_ln717_1865_reg_70082          |  13|   0|   13|          0|
    |trunc_ln717_1866_reg_70087          |  13|   0|   13|          0|
    |trunc_ln717_1867_reg_70092          |  14|   0|   14|          0|
    |trunc_ln717_1868_reg_70097          |  12|   0|   13|          1|
    |trunc_ln717_1869_reg_70102          |  13|   0|   13|          0|
    |trunc_ln717_1870_reg_70107          |  14|   0|   14|          0|
    |trunc_ln717_1871_reg_70112          |  13|   0|   13|          0|
    |trunc_ln717_1873_reg_70117          |  14|   0|   14|          0|
    |trunc_ln717_1876_reg_70122          |  12|   0|   12|          0|
    |trunc_ln717_1877_reg_70127          |  13|   0|   13|          0|
    |trunc_ln717_1878_reg_70132          |  14|   0|   14|          0|
    |trunc_ln717_1879_reg_70137          |  12|   0|   13|          1|
    |trunc_ln717_1880_reg_70142          |  13|   0|   13|          0|
    |trunc_ln717_1881_reg_69120          |  12|   0|   12|          0|
    |trunc_ln717_1882_reg_70147          |  13|   0|   13|          0|
    |trunc_ln717_1884_reg_70152          |  13|   0|   13|          0|
    |trunc_ln717_1885_reg_70157          |  14|   0|   14|          0|
    |trunc_ln717_1886_reg_70162          |  12|   0|   12|          0|
    |trunc_ln717_1887_reg_70167          |  14|   0|   14|          0|
    |trunc_ln717_1888_reg_70172          |  13|   0|   13|          0|
    |trunc_ln717_1889_reg_70177          |  11|   0|   11|          0|
    |trunc_ln717_1892_reg_70182          |  14|   0|   14|          0|
    |trunc_ln717_1894_reg_70187          |  14|   0|   14|          0|
    |trunc_ln717_1895_reg_70192          |  14|   0|   14|          0|
    |trunc_ln717_1896_reg_70197          |   9|   0|   10|          1|
    |trunc_ln717_1897_reg_70202          |  13|   0|   14|          1|
    |trunc_ln717_1898_reg_70207          |  13|   0|   13|          0|
    |trunc_ln717_1899_reg_70212          |  14|   0|   14|          0|
    |trunc_ln717_1901_reg_70217          |  13|   0|   13|          0|
    |trunc_ln717_1902_reg_70222          |  14|   0|   14|          0|
    |trunc_ln717_1903_reg_70227          |   9|   0|    9|          0|
    |trunc_ln717_1904_reg_70232          |  12|   0|   12|          0|
    |trunc_ln717_1905_reg_70237          |  14|   0|   14|          0|
    |trunc_ln717_1906_reg_69167          |  12|   0|   12|          0|
    |trunc_ln717_1907_reg_70242          |  13|   0|   13|          0|
    |trunc_ln717_1908_reg_69440          |  12|   0|   12|          0|
    |trunc_ln717_1909_reg_69445          |  12|   0|   12|          0|
    |trunc_ln717_1910_reg_70252          |  11|   0|   11|          0|
    |trunc_ln717_1913_reg_70257          |  13|   0|   13|          0|
    |trunc_ln717_1914_reg_70262          |  14|   0|   14|          0|
    |trunc_ln717_1915_reg_70268          |  13|   0|   13|          0|
    |trunc_ln717_1916_reg_70278          |   8|   0|    8|          0|
    |trunc_ln717_1917_reg_70283          |  14|   0|   14|          0|
    |trunc_ln717_1918_reg_70288          |   9|   0|   13|          4|
    |trunc_ln717_1919_reg_70293          |  12|   0|   13|          1|
    |trunc_ln717_1920_reg_70298          |  14|   0|   14|          0|
    |trunc_ln717_1922_reg_70308          |  14|   0|   14|          0|
    |trunc_ln717_1924_reg_70313          |  14|   0|   14|          0|
    |trunc_ln717_1925_reg_69460          |  12|   0|   12|          0|
    |trunc_ln717_1926_reg_70318          |  14|   0|   14|          0|
    |trunc_ln717_1927_reg_69465          |  11|   0|   12|          1|
    |trunc_ln717_1928_reg_69470          |  10|   0|   10|          0|
    |trunc_ln717_1929_reg_70323          |  12|   0|   14|          2|
    |trunc_ln717_s_reg_69566             |  13|   0|   13|          0|
    |trunc_ln9_reg_68964                 |  12|   0|   12|          0|
    |trunc_ln_reg_69555                  |   9|   0|   12|          3|
    |zext_ln1171_1018_reg_69053          |   8|   0|   14|          6|
    |zext_ln1171_1021_reg_69373          |   8|   0|   14|          6|
    |zext_ln1171_1023_reg_69380          |   8|   0|   14|          6|
    |zext_ln1171_1028_reg_69398          |   8|   0|   13|          5|
    |zext_ln1171_1039_reg_69084          |   8|   0|   14|          6|
    |zext_ln1171_1048_reg_69105          |   8|   0|   14|          6|
    |zext_ln1171_1056_reg_69130          |   8|   0|   14|          6|
    |zext_ln1171_1071_reg_69156          |   8|   0|   14|          6|
    |zext_ln1171_1077_reg_69182          |   8|   0|   14|          6|
    |zext_ln1171_1083_reg_69195          |   8|   0|   14|          6|
    |zext_ln1171_1089_reg_69211          |   8|   0|   13|          5|
    |zext_ln1171_941_reg_68957           |   8|   0|   13|          5|
    |zext_ln1171_951_reg_68974           |   8|   0|   13|          5|
    |zext_ln1171_957_reg_68985           |   8|   0|   13|          5|
    |zext_ln1171_961_reg_68995           |   8|   0|   14|          6|
    |zext_ln1171_977_reg_69022           |   8|   0|   13|          5|
    |zext_ln717_1279_reg_69317           |   8|   0|   13|          5|
    |zext_ln717_1281_reg_69877           |  13|   0|   15|          2|
    |zext_ln717_1350_reg_69141           |   8|   0|   13|          5|
    +------------------------------------+----+----+-----+-----------+
    |Total                               |5721|   0| 5889|        168|
    +------------------------------------+----+----+-----+-----------+



================================================================
== Interface
================================================================
* Summary: 
+-------------+-----+-----+------------+-----------------------------------------------------------------------------+--------------+
|  RTL Ports  | Dir | Bits|  Protocol  |                                Source Object                                |    C Type    |
+-------------+-----+-----+------------+-----------------------------------------------------------------------------+--------------+
|ap_clk       |   in|    1|  ap_ctrl_hs|  dense_latency<ap_ufixed<8, 1, 4, 0, 0>, ap_fixed<16, 4, 5, 3, 0>, config11>|  return value|
|ap_rst       |   in|    1|  ap_ctrl_hs|  dense_latency<ap_ufixed<8, 1, 4, 0, 0>, ap_fixed<16, 4, 5, 3, 0>, config11>|  return value|
|ap_start     |   in|    1|  ap_ctrl_hs|  dense_latency<ap_ufixed<8, 1, 4, 0, 0>, ap_fixed<16, 4, 5, 3, 0>, config11>|  return value|
|ap_done      |  out|    1|  ap_ctrl_hs|  dense_latency<ap_ufixed<8, 1, 4, 0, 0>, ap_fixed<16, 4, 5, 3, 0>, config11>|  return value|
|ap_idle      |  out|    1|  ap_ctrl_hs|  dense_latency<ap_ufixed<8, 1, 4, 0, 0>, ap_fixed<16, 4, 5, 3, 0>, config11>|  return value|
|ap_ready     |  out|    1|  ap_ctrl_hs|  dense_latency<ap_ufixed<8, 1, 4, 0, 0>, ap_fixed<16, 4, 5, 3, 0>, config11>|  return value|
|ap_return_0  |  out|   16|  ap_ctrl_hs|  dense_latency<ap_ufixed<8, 1, 4, 0, 0>, ap_fixed<16, 4, 5, 3, 0>, config11>|  return value|
|ap_return_1  |  out|   16|  ap_ctrl_hs|  dense_latency<ap_ufixed<8, 1, 4, 0, 0>, ap_fixed<16, 4, 5, 3, 0>, config11>|  return value|
|ap_return_2  |  out|   16|  ap_ctrl_hs|  dense_latency<ap_ufixed<8, 1, 4, 0, 0>, ap_fixed<16, 4, 5, 3, 0>, config11>|  return value|
|ap_return_3  |  out|   16|  ap_ctrl_hs|  dense_latency<ap_ufixed<8, 1, 4, 0, 0>, ap_fixed<16, 4, 5, 3, 0>, config11>|  return value|
|ap_return_4  |  out|   16|  ap_ctrl_hs|  dense_latency<ap_ufixed<8, 1, 4, 0, 0>, ap_fixed<16, 4, 5, 3, 0>, config11>|  return value|
|ap_return_5  |  out|   16|  ap_ctrl_hs|  dense_latency<ap_ufixed<8, 1, 4, 0, 0>, ap_fixed<16, 4, 5, 3, 0>, config11>|  return value|
|ap_return_6  |  out|   16|  ap_ctrl_hs|  dense_latency<ap_ufixed<8, 1, 4, 0, 0>, ap_fixed<16, 4, 5, 3, 0>, config11>|  return value|
|ap_return_7  |  out|   16|  ap_ctrl_hs|  dense_latency<ap_ufixed<8, 1, 4, 0, 0>, ap_fixed<16, 4, 5, 3, 0>, config11>|  return value|
|ap_return_8  |  out|   16|  ap_ctrl_hs|  dense_latency<ap_ufixed<8, 1, 4, 0, 0>, ap_fixed<16, 4, 5, 3, 0>, config11>|  return value|
|ap_return_9  |  out|   16|  ap_ctrl_hs|  dense_latency<ap_ufixed<8, 1, 4, 0, 0>, ap_fixed<16, 4, 5, 3, 0>, config11>|  return value|
|p_read       |   in|    8|     ap_none|                                                                       p_read|        scalar|
|p_read1      |   in|    8|     ap_none|                                                                      p_read1|        scalar|
|p_read2      |   in|    8|     ap_none|                                                                      p_read2|        scalar|
|p_read3      |   in|    8|     ap_none|                                                                      p_read3|        scalar|
|p_read4      |   in|    8|     ap_none|                                                                      p_read4|        scalar|
|p_read5      |   in|    8|     ap_none|                                                                      p_read5|        scalar|
|p_read6      |   in|    8|     ap_none|                                                                      p_read6|        scalar|
|p_read7      |   in|    8|     ap_none|                                                                      p_read7|        scalar|
|p_read8      |   in|    8|     ap_none|                                                                      p_read8|        scalar|
|p_read9      |   in|    8|     ap_none|                                                                      p_read9|        scalar|
|p_read10     |   in|    8|     ap_none|                                                                     p_read10|        scalar|
|p_read11     |   in|    8|     ap_none|                                                                     p_read11|        scalar|
|p_read12     |   in|    8|     ap_none|                                                                     p_read12|        scalar|
|p_read13     |   in|    8|     ap_none|                                                                     p_read13|        scalar|
|p_read14     |   in|    8|     ap_none|                                                                     p_read14|        scalar|
|p_read15     |   in|    8|     ap_none|                                                                     p_read15|        scalar|
|p_read16     |   in|    8|     ap_none|                                                                     p_read16|        scalar|
|p_read17     |   in|    8|     ap_none|                                                                     p_read17|        scalar|
|p_read18     |   in|    8|     ap_none|                                                                     p_read18|        scalar|
|p_read19     |   in|    8|     ap_none|                                                                     p_read19|        scalar|
|p_read20     |   in|    8|     ap_none|                                                                     p_read20|        scalar|
|p_read21     |   in|    8|     ap_none|                                                                     p_read21|        scalar|
|p_read22     |   in|    8|     ap_none|                                                                     p_read22|        scalar|
|p_read23     |   in|    8|     ap_none|                                                                     p_read23|        scalar|
|p_read24     |   in|    8|     ap_none|                                                                     p_read24|        scalar|
|p_read25     |   in|    8|     ap_none|                                                                     p_read25|        scalar|
|p_read26     |   in|    8|     ap_none|                                                                     p_read26|        scalar|
|p_read27     |   in|    8|     ap_none|                                                                     p_read27|        scalar|
|p_read28     |   in|    8|     ap_none|                                                                     p_read28|        scalar|
|p_read29     |   in|    8|     ap_none|                                                                     p_read29|        scalar|
+-------------+-----+-----+------------+-----------------------------------------------------------------------------+--------------+

