

================================================================
== Vitis HLS Report for 'softmax_stable_ap_fixed_ap_fixed_16_4_5_3_0_softmax_config13_s'
================================================================
* Date:           Thu Jul 20 12:17:19 2023

* Version:        2021.1 (Build 3247384 on Thu Jun 10 19:36:07 MDT 2021)
* Project:        myproject_prj
* Solution:       solution1 (Vivado IP Flow Target)
* Product family: zynq
* Target device:  xc7z007s-clg225-2


================================================================
== Performance Estimates
================================================================
+ Timing: 
    * Summary: 
    +--------+---------+----------+------------+
    |  Clock |  Target | Estimated| Uncertainty|
    +--------+---------+----------+------------+
    |ap_clk  |  5.00 ns|  4.335 ns|     0.62 ns|
    +--------+---------+----------+------------+

+ Latency: 
    * Summary: 
    +---------+---------+-----------+-----------+-----+-----+---------+
    |  Latency (cycles) |   Latency (absolute)  |  Interval | Pipeline|
    |   min   |   max   |    min    |    max    | min | max |   Type  |
    +---------+---------+-----------+-----------+-----+-----+---------+
    |       14|       14|  70.000 ns|  70.000 ns|    1|    1|      yes|
    +---------+---------+-----------+-----------+-----+-----+---------+

    + Detail: 
        * Instance: 
        N/A

        * Loop: 
        N/A



================================================================
== Utilization Estimates
================================================================
* Summary: 
+-----------------+---------+----+-------+-------+-----+
|       Name      | BRAM_18K| DSP|   FF  |  LUT  | URAM|
+-----------------+---------+----+-------+-------+-----+
|DSP              |        -|  10|      -|      -|    -|
|Expression       |        -|   -|      0|    809|    -|
|FIFO             |        -|   -|      -|      -|    -|
|Instance         |        -|   -|      -|      -|    -|
|Memory           |       10|   -|      0|      0|    -|
|Multiplexer      |        -|   -|      -|      -|    -|
|Register         |        -|   -|   2082|    704|    -|
+-----------------+---------+----+-------+-------+-----+
|Total            |       10|  10|   2082|   1513|    0|
+-----------------+---------+----+-------+-------+-----+
|Available        |      100|  66|  28800|  14400|    0|
+-----------------+---------+----+-------+-------+-----+
|Utilization (%)  |       10|  15|      7|     10|    0|
+-----------------+---------+----+-------+-------+-----+

+ Detail: 
    * Instance: 
    N/A

    * DSP: 
    +-----------------------------+------------------------+-----------+
    |           Instance          |         Module         | Expression|
    +-----------------------------+------------------------+-----------+
    |mul_mul_18s_18s_28_3_1_U962  |mul_mul_18s_18s_28_3_1  |    i0 * i1|
    |mul_mul_18s_18s_28_3_1_U963  |mul_mul_18s_18s_28_3_1  |    i0 * i1|
    |mul_mul_18s_18s_28_3_1_U964  |mul_mul_18s_18s_28_3_1  |    i0 * i1|
    |mul_mul_18s_18s_28_3_1_U965  |mul_mul_18s_18s_28_3_1  |    i0 * i1|
    |mul_mul_18s_18s_28_3_1_U966  |mul_mul_18s_18s_28_3_1  |    i0 * i1|
    |mul_mul_18s_18s_28_3_1_U967  |mul_mul_18s_18s_28_3_1  |    i0 * i1|
    |mul_mul_18s_18s_28_3_1_U968  |mul_mul_18s_18s_28_3_1  |    i0 * i1|
    |mul_mul_18s_18s_28_3_1_U969  |mul_mul_18s_18s_28_3_1  |    i0 * i1|
    |mul_mul_18s_18s_28_3_1_U970  |mul_mul_18s_18s_28_3_1  |    i0 * i1|
    |mul_mul_18s_18s_28_3_1_U971  |mul_mul_18s_18s_28_3_1  |    i0 * i1|
    +-----------------------------+------------------------+-----------+

    * Memory: 
    +----------------+-----------------------------------------------------------------------------+---------+---+----+-----+------+-----+------+-------------+
    |     Memory     |                                    Module                                   | BRAM_18K| FF| LUT| URAM| Words| Bits| Banks| W*Bits*Banks|
    +----------------+-----------------------------------------------------------------------------+---------+---+----+-----+------+-----+------+-------------+
    |exp_table_U     |softmax_stable_ap_fixed_ap_fixed_16_4_5_3_0_softmax_config13_s_exp_table     |        9|  0|   0|    0|  1024|   18|     1|        18432|
    |invert_table_U  |softmax_stable_ap_fixed_ap_fixed_16_4_5_3_0_softmax_config13_s_invert_table  |        1|  0|   0|    0|  1024|   18|     1|        18432|
    +----------------+-----------------------------------------------------------------------------+---------+---+----+-----+------+-----+------+-------------+
    |Total           |                                                                             |       10|  0|   0|    0|  2048|   36|     2|        36864|
    +----------------+-----------------------------------------------------------------------------+---------+---+----+-----+------+-----+------+-------------+

    * FIFO: 
    N/A

    * Expression: 
    +---------------------------+----------+----+---+----+------------+------------+
    |       Variable Name       | Operation| DSP| FF| LUT| Bitwidth P0| Bitwidth P1|
    +---------------------------+----------+----+---+----+------------+------------+
    |add_ln712_1_fu_1165_p2     |         +|   0|  0|  18|          18|          18|
    |add_ln712_2_fu_1169_p2     |         +|   0|  0|  18|          18|          18|
    |add_ln712_3_fu_1183_p2     |         +|   0|  0|  18|          18|          18|
    |add_ln712_4_fu_1174_p2     |         +|   0|  0|  18|          18|          18|
    |add_ln712_5_fu_1150_p2     |         +|   0|  0|  18|          18|          18|
    |add_ln712_6_fu_1154_p2     |         +|   0|  0|  18|          18|          18|
    |add_ln712_7_fu_1178_p2     |         +|   0|  0|  18|          18|          18|
    |add_ln712_fu_1159_p2       |         +|   0|  0|  18|          18|          18|
    |exp_sum_V_fu_1187_p2       |         +|   0|  0|  18|          18|          18|
    |ret_V_1_fu_466_p2          |         -|   0|  0|  17|          17|          17|
    |ret_V_2_fu_509_p2          |         -|   0|  0|  17|          17|          17|
    |ret_V_3_fu_552_p2          |         -|   0|  0|  17|          17|          17|
    |ret_V_4_fu_595_p2          |         -|   0|  0|  17|          17|          17|
    |ret_V_5_fu_638_p2          |         -|   0|  0|  17|          17|          17|
    |ret_V_6_fu_681_p2          |         -|   0|  0|  17|          17|          17|
    |ret_V_7_fu_724_p2          |         -|   0|  0|  17|          17|          17|
    |ret_V_8_fu_767_p2          |         -|   0|  0|  17|          17|          17|
    |ret_V_9_fu_810_p2          |         -|   0|  0|  17|          17|          17|
    |ret_V_fu_423_p2            |         -|   0|  0|  17|          17|          17|
    |overflow_1_fu_494_p2       |       and|   0|  0|   1|           1|           1|
    |overflow_2_fu_537_p2       |       and|   0|  0|   1|           1|           1|
    |overflow_3_fu_580_p2       |       and|   0|  0|   1|           1|           1|
    |overflow_4_fu_623_p2       |       and|   0|  0|   1|           1|           1|
    |overflow_5_fu_666_p2       |       and|   0|  0|   1|           1|           1|
    |overflow_6_fu_709_p2       |       and|   0|  0|   1|           1|           1|
    |overflow_7_fu_752_p2       |       and|   0|  0|   1|           1|           1|
    |overflow_8_fu_795_p2       |       and|   0|  0|   1|           1|           1|
    |overflow_9_fu_838_p2       |       and|   0|  0|   1|           1|           1|
    |overflow_fu_451_p2         |       and|   0|  0|   1|           1|           1|
    |icmp_ln1549_1_fu_266_p2    |      icmp|   0|  0|   7|          16|          16|
    |icmp_ln1549_2_fu_306_p2    |      icmp|   0|  0|   7|          16|          16|
    |icmp_ln1549_3_fu_272_p2    |      icmp|   0|  0|   7|          16|          16|
    |icmp_ln1549_4_fu_278_p2    |      icmp|   0|  0|   7|          16|          16|
    |icmp_ln1549_5_fu_348_p2    |      icmp|   0|  0|   7|          16|          16|
    |icmp_ln1549_6_fu_368_p2    |      icmp|   0|  0|   7|          16|          16|
    |icmp_ln1549_7_fu_384_p2    |      icmp|   0|  0|   7|          16|          16|
    |icmp_ln1549_8_fu_399_p2    |      icmp|   0|  0|   7|          16|          16|
    |icmp_ln1549_fu_260_p2      |      icmp|   0|  0|   7|          16|          16|
    |select_ln384_1_fu_876_p3   |    select|   0|  0|  11|           1|           9|
    |select_ln384_2_fu_902_p3   |    select|   0|  0|  11|           1|           9|
    |select_ln384_3_fu_928_p3   |    select|   0|  0|  11|           1|           9|
    |select_ln384_4_fu_954_p3   |    select|   0|  0|  11|           1|           9|
    |select_ln384_5_fu_980_p3   |    select|   0|  0|  11|           1|           9|
    |select_ln384_6_fu_1006_p3  |    select|   0|  0|  11|           1|           9|
    |select_ln384_7_fu_1032_p3  |    select|   0|  0|  11|           1|           9|
    |select_ln384_8_fu_1058_p3  |    select|   0|  0|  11|           1|           9|
    |select_ln384_9_fu_1084_p3  |    select|   0|  0|  11|           1|           9|
    |select_ln384_fu_850_p3     |    select|   0|  0|  11|           1|           9|
    |select_ln65_1_fu_300_p3    |    select|   0|  0|  16|           1|          16|
    |select_ln65_2_fu_318_p3    |    select|   0|  0|  16|           1|          16|
    |select_ln65_3_fu_331_p3    |    select|   0|  0|  16|           1|          16|
    |select_ln65_4_fu_342_p3    |    select|   0|  0|  16|           1|          16|
    |select_ln65_5_fu_360_p3    |    select|   0|  0|  16|           1|          16|
    |select_ln65_6_fu_378_p3    |    select|   0|  0|  16|           1|          16|
    |select_ln65_7_fu_393_p3    |    select|   0|  0|  16|           1|          16|
    |select_ln65_fu_289_p3      |    select|   0|  0|  16|           1|          16|
    |x_max_V_fu_410_p3          |    select|   0|  0|  16|           1|          16|
    |y_1_fu_894_p3              |    select|   0|  0|  10|           1|          10|
    |y_2_fu_920_p3              |    select|   0|  0|  10|           1|          10|
    |y_3_fu_946_p3              |    select|   0|  0|  10|           1|          10|
    |y_4_fu_972_p3              |    select|   0|  0|  10|           1|          10|
    |y_5_fu_998_p3              |    select|   0|  0|  10|           1|          10|
    |y_6_fu_1024_p3             |    select|   0|  0|  10|           1|          10|
    |y_7_fu_1050_p3             |    select|   0|  0|  10|           1|          10|
    |y_8_fu_1076_p3             |    select|   0|  0|  10|           1|          10|
    |y_9_fu_1102_p3             |    select|   0|  0|  10|           1|          10|
    |y_fu_868_p3                |    select|   0|  0|  10|           1|          10|
    |ap_enable_pp0              |       xor|   0|  0|   2|           1|           2|
    |xor_ln1549_1_fu_295_p2     |       xor|   0|  0|   2|           1|           2|
    |xor_ln1549_2_fu_312_p2     |       xor|   0|  0|   2|           1|           2|
    |xor_ln1549_3_fu_326_p2     |       xor|   0|  0|   2|           1|           2|
    |xor_ln1549_4_fu_337_p2     |       xor|   0|  0|   2|           1|           2|
    |xor_ln1549_5_fu_354_p2     |       xor|   0|  0|   2|           1|           2|
    |xor_ln1549_6_fu_372_p2     |       xor|   0|  0|   2|           1|           2|
    |xor_ln1549_7_fu_388_p2     |       xor|   0|  0|   2|           1|           2|
    |xor_ln1549_8_fu_404_p2     |       xor|   0|  0|   2|           1|           2|
    |xor_ln1549_fu_284_p2       |       xor|   0|  0|   2|           1|           2|
    |xor_ln340_1_fu_500_p2      |       xor|   0|  0|   1|           1|           1|
    |xor_ln340_2_fu_543_p2      |       xor|   0|  0|   1|           1|           1|
    |xor_ln340_3_fu_586_p2      |       xor|   0|  0|   1|           1|           1|
    |xor_ln340_4_fu_629_p2      |       xor|   0|  0|   1|           1|           1|
    |xor_ln340_5_fu_672_p2      |       xor|   0|  0|   1|           1|           1|
    |xor_ln340_6_fu_715_p2      |       xor|   0|  0|   1|           1|           1|
    |xor_ln340_7_fu_758_p2      |       xor|   0|  0|   1|           1|           1|
    |xor_ln340_8_fu_801_p2      |       xor|   0|  0|   1|           1|           1|
    |xor_ln340_9_fu_844_p2      |       xor|   0|  0|   1|           1|           1|
    |xor_ln340_fu_457_p2        |       xor|   0|  0|   1|           1|           1|
    |xor_ln794_1_fu_488_p2      |       xor|   0|  0|   2|           1|           2|
    |xor_ln794_2_fu_531_p2      |       xor|   0|  0|   2|           1|           2|
    |xor_ln794_3_fu_574_p2      |       xor|   0|  0|   2|           1|           2|
    |xor_ln794_4_fu_617_p2      |       xor|   0|  0|   2|           1|           2|
    |xor_ln794_5_fu_660_p2      |       xor|   0|  0|   2|           1|           2|
    |xor_ln794_6_fu_703_p2      |       xor|   0|  0|   2|           1|           2|
    |xor_ln794_7_fu_746_p2      |       xor|   0|  0|   2|           1|           2|
    |xor_ln794_8_fu_789_p2      |       xor|   0|  0|   2|           1|           2|
    |xor_ln794_9_fu_832_p2      |       xor|   0|  0|   2|           1|           2|
    |xor_ln794_fu_445_p2        |       xor|   0|  0|   2|           1|           2|
    +---------------------------+----------+----+---+----+------------+------------+
    |Total                      |          |   0|  0| 809|         545|         870|
    +---------------------------+----------+----+---+----+------------+------------+

    * Multiplexer: 
    N/A

    * Register: 
    +----------------------------+----+----+-----+-----------+
    |            Name            | FF | LUT| Bits| Const Bits|
    +----------------------------+----+----+-----+-----------+
    |add_ln712_2_reg_1737        |  18|   0|   18|          0|
    |add_ln712_6_reg_1717        |  18|   0|   18|          0|
    |add_ln712_7_reg_1742        |  18|   0|   18|          0|
    |add_ln712_reg_1732          |  18|   0|   18|          0|
    |ap_CS_fsm                   |   1|   0|    1|          0|
    |ap_enable_reg_pp0_iter1     |   1|   0|    1|          0|
    |ap_enable_reg_pp0_iter10    |   1|   0|    1|          0|
    |ap_enable_reg_pp0_iter11    |   1|   0|    1|          0|
    |ap_enable_reg_pp0_iter12    |   1|   0|    1|          0|
    |ap_enable_reg_pp0_iter13    |   1|   0|    1|          0|
    |ap_enable_reg_pp0_iter14    |   1|   0|    1|          0|
    |ap_enable_reg_pp0_iter2     |   1|   0|    1|          0|
    |ap_enable_reg_pp0_iter3     |   1|   0|    1|          0|
    |ap_enable_reg_pp0_iter4     |   1|   0|    1|          0|
    |ap_enable_reg_pp0_iter5     |   1|   0|    1|          0|
    |ap_enable_reg_pp0_iter6     |   1|   0|    1|          0|
    |ap_enable_reg_pp0_iter7     |   1|   0|    1|          0|
    |ap_enable_reg_pp0_iter8     |   1|   0|    1|          0|
    |ap_enable_reg_pp0_iter9     |   1|   0|    1|          0|
    |exp_res_V_0_reg_1677        |  18|   0|   18|          0|
    |exp_res_V_1_reg_1639        |  18|   0|   18|          0|
    |exp_res_V_2_reg_1645        |  18|   0|   18|          0|
    |exp_res_V_3_reg_1651        |  18|   0|   18|          0|
    |exp_res_V_4_reg_1683        |  18|   0|   18|          0|
    |exp_res_V_5_reg_1689        |  18|   0|   18|          0|
    |exp_res_V_6_reg_1695        |  18|   0|   18|          0|
    |exp_res_V_7_reg_1701        |  18|   0|   18|          0|
    |exp_res_V_8_reg_1722        |  18|   0|   18|          0|
    |exp_res_V_9_reg_1727        |  18|   0|   18|          0|
    |icmp_ln1549_1_reg_1526      |   1|   0|    1|          0|
    |icmp_ln1549_3_reg_1531      |   1|   0|    1|          0|
    |icmp_ln1549_4_reg_1536      |   1|   0|    1|          0|
    |icmp_ln1549_7_reg_1559      |   1|   0|    1|          0|
    |icmp_ln1549_reg_1521        |   1|   0|    1|          0|
    |inv_exp_sum_V_reg_1757      |  18|   0|   18|          0|
    |p_read_10_reg_1515          |  16|   0|   16|          0|
    |p_read_1_reg_1459           |  16|   0|   16|          0|
    |p_read_2_reg_1466           |  16|   0|   16|          0|
    |p_read_3_reg_1473           |  16|   0|   16|          0|
    |p_read_4_reg_1479           |  16|   0|   16|          0|
    |p_read_5_reg_1485           |  16|   0|   16|          0|
    |p_read_6_reg_1491           |  16|   0|   16|          0|
    |p_read_7_reg_1497           |  16|   0|   16|          0|
    |p_read_8_reg_1503           |  16|   0|   16|          0|
    |p_read_9_reg_1509           |  16|   0|   16|          0|
    |select_ln65_2_reg_1541      |  16|   0|   16|          0|
    |select_ln65_5_reg_1547      |  16|   0|   16|          0|
    |select_ln65_6_reg_1553      |  16|   0|   16|          0|
    |x_max_V_reg_1564            |  16|   0|   16|          0|
    |y_10_reg_1747               |  10|   0|   10|          0|
    |y_1_reg_1574                |  10|   0|   10|          0|
    |y_2_reg_1579                |  10|   0|   10|          0|
    |y_3_reg_1584                |  10|   0|   10|          0|
    |y_4_reg_1589                |  10|   0|   10|          0|
    |y_4_reg_1589_pp0_iter5_reg  |  10|   0|   10|          0|
    |y_5_reg_1594                |  10|   0|   10|          0|
    |y_5_reg_1594_pp0_iter5_reg  |  10|   0|   10|          0|
    |y_6_reg_1599                |  10|   0|   10|          0|
    |y_6_reg_1599_pp0_iter5_reg  |  10|   0|   10|          0|
    |y_7_reg_1604                |  10|   0|   10|          0|
    |y_7_reg_1604_pp0_iter5_reg  |  10|   0|   10|          0|
    |y_8_reg_1609                |  10|   0|   10|          0|
    |y_9_reg_1614                |  10|   0|   10|          0|
    |y_reg_1569                  |  10|   0|   10|          0|
    |y_reg_1569_pp0_iter5_reg    |  10|   0|   10|          0|
    |exp_res_V_0_reg_1677        |  64|  32|   18|          0|
    |exp_res_V_1_reg_1639        |  64|  32|   18|          0|
    |exp_res_V_2_reg_1645        |  64|  32|   18|          0|
    |exp_res_V_3_reg_1651        |  64|  32|   18|          0|
    |exp_res_V_4_reg_1683        |  64|  32|   18|          0|
    |exp_res_V_5_reg_1689        |  64|  32|   18|          0|
    |exp_res_V_6_reg_1695        |  64|  32|   18|          0|
    |exp_res_V_7_reg_1701        |  64|  32|   18|          0|
    |exp_res_V_8_reg_1722        |  64|  32|   18|          0|
    |exp_res_V_9_reg_1727        |  64|  32|   18|          0|
    |p_read_10_reg_1515          |  64|  32|   16|          0|
    |p_read_1_reg_1459           |  64|  32|   16|          0|
    |p_read_2_reg_1466           |  64|  32|   16|          0|
    |p_read_3_reg_1473           |  64|  32|   16|          0|
    |p_read_4_reg_1479           |  64|  32|   16|          0|
    |p_read_5_reg_1485           |  64|  32|   16|          0|
    |p_read_6_reg_1491           |  64|  32|   16|          0|
    |p_read_7_reg_1497           |  64|  32|   16|          0|
    |p_read_8_reg_1503           |  64|  32|   16|          0|
    |p_read_9_reg_1509           |  64|  32|   16|          0|
    |y_8_reg_1609                |  64|  32|   10|          0|
    |y_9_reg_1614                |  64|  32|   10|          0|
    +----------------------------+----+----+-----+-----------+
    |Total                       |2082| 704| 1034|          0|
    +----------------------------+----+----+-----+-----------+



================================================================
== Interface
================================================================
* Summary: 
+-------------+-----+-----+------------+----------------------------------------------------------------+--------------+
|  RTL Ports  | Dir | Bits|  Protocol  |                          Source Object                         |    C Type    |
+-------------+-----+-----+------------+----------------------------------------------------------------+--------------+
|ap_clk       |   in|    1|  ap_ctrl_hs|  softmax_stable<ap_fixed,ap_fixed<16,4,5,3,0>,softmax_config13>|  return value|
|ap_rst       |   in|    1|  ap_ctrl_hs|  softmax_stable<ap_fixed,ap_fixed<16,4,5,3,0>,softmax_config13>|  return value|
|ap_start     |   in|    1|  ap_ctrl_hs|  softmax_stable<ap_fixed,ap_fixed<16,4,5,3,0>,softmax_config13>|  return value|
|ap_done      |  out|    1|  ap_ctrl_hs|  softmax_stable<ap_fixed,ap_fixed<16,4,5,3,0>,softmax_config13>|  return value|
|ap_idle      |  out|    1|  ap_ctrl_hs|  softmax_stable<ap_fixed,ap_fixed<16,4,5,3,0>,softmax_config13>|  return value|
|ap_ready     |  out|    1|  ap_ctrl_hs|  softmax_stable<ap_fixed,ap_fixed<16,4,5,3,0>,softmax_config13>|  return value|
|ap_return_0  |  out|   16|  ap_ctrl_hs|  softmax_stable<ap_fixed,ap_fixed<16,4,5,3,0>,softmax_config13>|  return value|
|ap_return_1  |  out|   16|  ap_ctrl_hs|  softmax_stable<ap_fixed,ap_fixed<16,4,5,3,0>,softmax_config13>|  return value|
|ap_return_2  |  out|   16|  ap_ctrl_hs|  softmax_stable<ap_fixed,ap_fixed<16,4,5,3,0>,softmax_config13>|  return value|
|ap_return_3  |  out|   16|  ap_ctrl_hs|  softmax_stable<ap_fixed,ap_fixed<16,4,5,3,0>,softmax_config13>|  return value|
|ap_return_4  |  out|   16|  ap_ctrl_hs|  softmax_stable<ap_fixed,ap_fixed<16,4,5,3,0>,softmax_config13>|  return value|
|ap_return_5  |  out|   16|  ap_ctrl_hs|  softmax_stable<ap_fixed,ap_fixed<16,4,5,3,0>,softmax_config13>|  return value|
|ap_return_6  |  out|   16|  ap_ctrl_hs|  softmax_stable<ap_fixed,ap_fixed<16,4,5,3,0>,softmax_config13>|  return value|
|ap_return_7  |  out|   16|  ap_ctrl_hs|  softmax_stable<ap_fixed,ap_fixed<16,4,5,3,0>,softmax_config13>|  return value|
|ap_return_8  |  out|   16|  ap_ctrl_hs|  softmax_stable<ap_fixed,ap_fixed<16,4,5,3,0>,softmax_config13>|  return value|
|ap_return_9  |  out|   16|  ap_ctrl_hs|  softmax_stable<ap_fixed,ap_fixed<16,4,5,3,0>,softmax_config13>|  return value|
|p_read       |   in|   16|     ap_none|                                                          p_read|        scalar|
|p_read1      |   in|   16|     ap_none|                                                         p_read1|        scalar|
|p_read2      |   in|   16|     ap_none|                                                         p_read2|        scalar|
|p_read3      |   in|   16|     ap_none|                                                         p_read3|        scalar|
|p_read4      |   in|   16|     ap_none|                                                         p_read4|        scalar|
|p_read5      |   in|   16|     ap_none|                                                         p_read5|        scalar|
|p_read6      |   in|   16|     ap_none|                                                         p_read6|        scalar|
|p_read7      |   in|   16|     ap_none|                                                         p_read7|        scalar|
|p_read8      |   in|   16|     ap_none|                                                         p_read8|        scalar|
|p_read9      |   in|   16|     ap_none|                                                         p_read9|        scalar|
+-------------+-----+-----+------------+----------------------------------------------------------------+--------------+

