

================================================================
== Vitis HLS Report for 'relu_ap_fixed_16_4_5_3_0_ap_ufixed_8_1_4_0_0_relu_config4_s'
================================================================
* Date:           Thu Jul 20 10:48:46 2023

* Version:        2021.1 (Build 3247384 on Thu Jun 10 19:36:07 MDT 2021)
* Project:        myproject_prj
* Solution:       solution1 (Vivado IP Flow Target)
* Product family: zynq
* Target device:  xc7z007s-clg225-2


================================================================
== Performance Estimates
================================================================
+ Timing: 
    * Summary: 
    +--------+---------+----------+------------+
    |  Clock |  Target | Estimated| Uncertainty|
    +--------+---------+----------+------------+
    |ap_clk  |  5.00 ns|  3.532 ns|     0.62 ns|
    +--------+---------+----------+------------+

+ Latency: 
    * Summary: 
    +---------+---------+----------+----------+-----+-----+---------+
    |  Latency (cycles) |  Latency (absolute) |  Interval | Pipeline|
    |   min   |   max   |    min   |    max   | min | max |   Type  |
    +---------+---------+----------+----------+-----+-----+---------+
    |        0|        0|      0 ns|      0 ns|    1|    1|      yes|
    +---------+---------+----------+----------+-----+-----+---------+

    + Detail: 
        * Instance: 
        N/A

        * Loop: 
        N/A



================================================================
== Utilization Estimates
================================================================
* Summary: 
+-----------------+---------+----+-------+-------+-----+
|       Name      | BRAM_18K| DSP|   FF  |  LUT  | URAM|
+-----------------+---------+----+-------+-------+-----+
|DSP              |        -|   -|      -|      -|    -|
|Expression       |        -|   -|      0|   2408|    -|
|FIFO             |        -|   -|      -|      -|    -|
|Instance         |        -|   -|      -|      -|    -|
|Memory           |        -|   -|      -|      -|    -|
|Multiplexer      |        -|   -|      -|      -|    -|
|Register         |        -|   -|      -|      -|    -|
+-----------------+---------+----+-------+-------+-----+
|Total            |        0|   0|      0|   2408|    0|
+-----------------+---------+----+-------+-------+-----+
|Available        |      100|  66|  28800|  14400|    0|
+-----------------+---------+----+-------+-------+-----+
|Utilization (%)  |        0|   0|      0|     16|    0|
+-----------------+---------+----+-------+-------+-----+

+ Detail: 
    * Instance: 
    N/A

    * DSP: 
    N/A

    * Memory: 
    N/A

    * FIFO: 
    N/A

    * Expression: 
    +------------------------------+----------+----+---+----+------------+------------+
    |         Variable Name        | Operation| DSP| FF| LUT| Bitwidth P0| Bitwidth P1|
    +------------------------------+----------+----+---+----+------------+------------+
    |add_ln415_100_fu_5516_p2      |         +|   0|  0|   8|           8|           8|
    |add_ln415_101_fu_5650_p2      |         +|   0|  0|   8|           8|           8|
    |add_ln415_102_fu_5784_p2      |         +|   0|  0|   8|           8|           8|
    |add_ln415_103_fu_5918_p2      |         +|   0|  0|   8|           8|           8|
    |add_ln415_104_fu_6052_p2      |         +|   0|  0|   8|           8|           8|
    |add_ln415_105_fu_6186_p2      |         +|   0|  0|   8|           8|           8|
    |add_ln415_106_fu_6320_p2      |         +|   0|  0|   8|           8|           8|
    |add_ln415_107_fu_6454_p2      |         +|   0|  0|   8|           8|           8|
    |add_ln415_108_fu_6588_p2      |         +|   0|  0|   8|           8|           8|
    |add_ln415_109_fu_6722_p2      |         +|   0|  0|   8|           8|           8|
    |add_ln415_110_fu_6856_p2      |         +|   0|  0|   8|           8|           8|
    |add_ln415_111_fu_6990_p2      |         +|   0|  0|   8|           8|           8|
    |add_ln415_112_fu_7124_p2      |         +|   0|  0|   8|           8|           8|
    |add_ln415_113_fu_7258_p2      |         +|   0|  0|   8|           8|           8|
    |add_ln415_114_fu_7392_p2      |         +|   0|  0|   8|           8|           8|
    |add_ln415_115_fu_7526_p2      |         +|   0|  0|   8|           8|           8|
    |add_ln415_116_fu_7660_p2      |         +|   0|  0|   8|           8|           8|
    |add_ln415_117_fu_7794_p2      |         +|   0|  0|   8|           8|           8|
    |add_ln415_118_fu_7928_p2      |         +|   0|  0|   8|           8|           8|
    |add_ln415_64_fu_692_p2        |         +|   0|  0|   8|           8|           8|
    |add_ln415_65_fu_826_p2        |         +|   0|  0|   8|           8|           8|
    |add_ln415_66_fu_960_p2        |         +|   0|  0|   8|           8|           8|
    |add_ln415_67_fu_1094_p2       |         +|   0|  0|   8|           8|           8|
    |add_ln415_68_fu_1228_p2       |         +|   0|  0|   8|           8|           8|
    |add_ln415_69_fu_1362_p2       |         +|   0|  0|   8|           8|           8|
    |add_ln415_70_fu_1496_p2       |         +|   0|  0|   8|           8|           8|
    |add_ln415_71_fu_1630_p2       |         +|   0|  0|   8|           8|           8|
    |add_ln415_72_fu_1764_p2       |         +|   0|  0|   8|           8|           8|
    |add_ln415_73_fu_1898_p2       |         +|   0|  0|   8|           8|           8|
    |add_ln415_74_fu_2032_p2       |         +|   0|  0|   8|           8|           8|
    |add_ln415_75_fu_2166_p2       |         +|   0|  0|   8|           8|           8|
    |add_ln415_76_fu_2300_p2       |         +|   0|  0|   8|           8|           8|
    |add_ln415_77_fu_2434_p2       |         +|   0|  0|   8|           8|           8|
    |add_ln415_78_fu_2568_p2       |         +|   0|  0|   8|           8|           8|
    |add_ln415_79_fu_2702_p2       |         +|   0|  0|   8|           8|           8|
    |add_ln415_80_fu_2836_p2       |         +|   0|  0|   8|           8|           8|
    |add_ln415_81_fu_2970_p2       |         +|   0|  0|   8|           8|           8|
    |add_ln415_82_fu_3104_p2       |         +|   0|  0|   8|           8|           8|
    |add_ln415_83_fu_3238_p2       |         +|   0|  0|   8|           8|           8|
    |add_ln415_84_fu_3372_p2       |         +|   0|  0|   8|           8|           8|
    |add_ln415_85_fu_3506_p2       |         +|   0|  0|   8|           8|           8|
    |add_ln415_86_fu_3640_p2       |         +|   0|  0|   8|           8|           8|
    |add_ln415_87_fu_3774_p2       |         +|   0|  0|   8|           8|           8|
    |add_ln415_88_fu_3908_p2       |         +|   0|  0|   8|           8|           8|
    |add_ln415_89_fu_4042_p2       |         +|   0|  0|   8|           8|           8|
    |add_ln415_90_fu_4176_p2       |         +|   0|  0|   8|           8|           8|
    |add_ln415_91_fu_4310_p2       |         +|   0|  0|   8|           8|           8|
    |add_ln415_92_fu_4444_p2       |         +|   0|  0|   8|           8|           8|
    |add_ln415_93_fu_4578_p2       |         +|   0|  0|   8|           8|           8|
    |add_ln415_94_fu_4712_p2       |         +|   0|  0|   8|           8|           8|
    |add_ln415_95_fu_4846_p2       |         +|   0|  0|   8|           8|           8|
    |add_ln415_96_fu_4980_p2       |         +|   0|  0|   8|           8|           8|
    |add_ln415_97_fu_5114_p2       |         +|   0|  0|   8|           8|           8|
    |add_ln415_98_fu_5248_p2       |         +|   0|  0|   8|           8|           8|
    |add_ln415_99_fu_5382_p2       |         +|   0|  0|   8|           8|           8|
    |add_ln415_fu_558_p2           |         +|   0|  0|   8|           8|           8|
    |and_ln412_100_fu_5506_p2      |       and|   0|  0|   1|           1|           1|
    |and_ln412_101_fu_5640_p2      |       and|   0|  0|   1|           1|           1|
    |and_ln412_102_fu_5774_p2      |       and|   0|  0|   1|           1|           1|
    |and_ln412_103_fu_5908_p2      |       and|   0|  0|   1|           1|           1|
    |and_ln412_104_fu_6042_p2      |       and|   0|  0|   1|           1|           1|
    |and_ln412_105_fu_6176_p2      |       and|   0|  0|   1|           1|           1|
    |and_ln412_106_fu_6310_p2      |       and|   0|  0|   1|           1|           1|
    |and_ln412_107_fu_6444_p2      |       and|   0|  0|   1|           1|           1|
    |and_ln412_108_fu_6578_p2      |       and|   0|  0|   1|           1|           1|
    |and_ln412_109_fu_6712_p2      |       and|   0|  0|   1|           1|           1|
    |and_ln412_110_fu_6846_p2      |       and|   0|  0|   1|           1|           1|
    |and_ln412_111_fu_6980_p2      |       and|   0|  0|   1|           1|           1|
    |and_ln412_112_fu_7114_p2      |       and|   0|  0|   1|           1|           1|
    |and_ln412_113_fu_7248_p2      |       and|   0|  0|   1|           1|           1|
    |and_ln412_114_fu_7382_p2      |       and|   0|  0|   1|           1|           1|
    |and_ln412_115_fu_7516_p2      |       and|   0|  0|   1|           1|           1|
    |and_ln412_116_fu_7650_p2      |       and|   0|  0|   1|           1|           1|
    |and_ln412_117_fu_7784_p2      |       and|   0|  0|   1|           1|           1|
    |and_ln412_118_fu_7918_p2      |       and|   0|  0|   1|           1|           1|
    |and_ln412_64_fu_682_p2        |       and|   0|  0|   1|           1|           1|
    |and_ln412_65_fu_816_p2        |       and|   0|  0|   1|           1|           1|
    |and_ln412_66_fu_950_p2        |       and|   0|  0|   1|           1|           1|
    |and_ln412_67_fu_1084_p2       |       and|   0|  0|   1|           1|           1|
    |and_ln412_68_fu_1218_p2       |       and|   0|  0|   1|           1|           1|
    |and_ln412_69_fu_1352_p2       |       and|   0|  0|   1|           1|           1|
    |and_ln412_70_fu_1486_p2       |       and|   0|  0|   1|           1|           1|
    |and_ln412_71_fu_1620_p2       |       and|   0|  0|   1|           1|           1|
    |and_ln412_72_fu_1754_p2       |       and|   0|  0|   1|           1|           1|
    |and_ln412_73_fu_1888_p2       |       and|   0|  0|   1|           1|           1|
    |and_ln412_74_fu_2022_p2       |       and|   0|  0|   1|           1|           1|
    |and_ln412_75_fu_2156_p2       |       and|   0|  0|   1|           1|           1|
    |and_ln412_76_fu_2290_p2       |       and|   0|  0|   1|           1|           1|
    |and_ln412_77_fu_2424_p2       |       and|   0|  0|   1|           1|           1|
    |and_ln412_78_fu_2558_p2       |       and|   0|  0|   1|           1|           1|
    |and_ln412_79_fu_2692_p2       |       and|   0|  0|   1|           1|           1|
    |and_ln412_80_fu_2826_p2       |       and|   0|  0|   1|           1|           1|
    |and_ln412_81_fu_2960_p2       |       and|   0|  0|   1|           1|           1|
    |and_ln412_82_fu_3094_p2       |       and|   0|  0|   1|           1|           1|
    |and_ln412_83_fu_3228_p2       |       and|   0|  0|   1|           1|           1|
    |and_ln412_84_fu_3362_p2       |       and|   0|  0|   1|           1|           1|
    |and_ln412_85_fu_3496_p2       |       and|   0|  0|   1|           1|           1|
    |and_ln412_86_fu_3630_p2       |       and|   0|  0|   1|           1|           1|
    |and_ln412_87_fu_3764_p2       |       and|   0|  0|   1|           1|           1|
    |and_ln412_88_fu_3898_p2       |       and|   0|  0|   1|           1|           1|
    |and_ln412_89_fu_4032_p2       |       and|   0|  0|   1|           1|           1|
    |and_ln412_90_fu_4166_p2       |       and|   0|  0|   1|           1|           1|
    |and_ln412_91_fu_4300_p2       |       and|   0|  0|   1|           1|           1|
    |and_ln412_92_fu_4434_p2       |       and|   0|  0|   1|           1|           1|
    |and_ln412_93_fu_4568_p2       |       and|   0|  0|   1|           1|           1|
    |and_ln412_94_fu_4702_p2       |       and|   0|  0|   1|           1|           1|
    |and_ln412_95_fu_4836_p2       |       and|   0|  0|   1|           1|           1|
    |and_ln412_96_fu_4970_p2       |       and|   0|  0|   1|           1|           1|
    |and_ln412_97_fu_5104_p2       |       and|   0|  0|   1|           1|           1|
    |and_ln412_98_fu_5238_p2       |       and|   0|  0|   1|           1|           1|
    |and_ln412_99_fu_5372_p2       |       and|   0|  0|   1|           1|           1|
    |and_ln412_fu_548_p2           |       and|   0|  0|   1|           1|           1|
    |icmp_ln1049_100_fu_5540_p2    |      icmp|   0|  0|   2|           3|           2|
    |icmp_ln1049_101_fu_5674_p2    |      icmp|   0|  0|   2|           3|           2|
    |icmp_ln1049_102_fu_5808_p2    |      icmp|   0|  0|   2|           3|           2|
    |icmp_ln1049_103_fu_5942_p2    |      icmp|   0|  0|   2|           3|           2|
    |icmp_ln1049_104_fu_6076_p2    |      icmp|   0|  0|   2|           3|           2|
    |icmp_ln1049_105_fu_6210_p2    |      icmp|   0|  0|   2|           3|           2|
    |icmp_ln1049_106_fu_6344_p2    |      icmp|   0|  0|   2|           3|           2|
    |icmp_ln1049_107_fu_6478_p2    |      icmp|   0|  0|   2|           3|           2|
    |icmp_ln1049_108_fu_6612_p2    |      icmp|   0|  0|   2|           3|           2|
    |icmp_ln1049_109_fu_6746_p2    |      icmp|   0|  0|   2|           3|           2|
    |icmp_ln1049_110_fu_6880_p2    |      icmp|   0|  0|   2|           3|           2|
    |icmp_ln1049_111_fu_7014_p2    |      icmp|   0|  0|   2|           3|           2|
    |icmp_ln1049_112_fu_7148_p2    |      icmp|   0|  0|   2|           3|           2|
    |icmp_ln1049_113_fu_7282_p2    |      icmp|   0|  0|   2|           3|           2|
    |icmp_ln1049_114_fu_7416_p2    |      icmp|   0|  0|   2|           3|           2|
    |icmp_ln1049_115_fu_7550_p2    |      icmp|   0|  0|   2|           3|           2|
    |icmp_ln1049_116_fu_7684_p2    |      icmp|   0|  0|   2|           3|           2|
    |icmp_ln1049_117_fu_7818_p2    |      icmp|   0|  0|   2|           3|           2|
    |icmp_ln1049_118_fu_7952_p2    |      icmp|   0|  0|   2|           3|           2|
    |icmp_ln1049_64_fu_716_p2      |      icmp|   0|  0|   2|           3|           2|
    |icmp_ln1049_65_fu_850_p2      |      icmp|   0|  0|   2|           3|           2|
    |icmp_ln1049_66_fu_984_p2      |      icmp|   0|  0|   2|           3|           2|
    |icmp_ln1049_67_fu_1118_p2     |      icmp|   0|  0|   2|           3|           2|
    |icmp_ln1049_68_fu_1252_p2     |      icmp|   0|  0|   2|           3|           2|
    |icmp_ln1049_69_fu_1386_p2     |      icmp|   0|  0|   2|           3|           2|
    |icmp_ln1049_70_fu_1520_p2     |      icmp|   0|  0|   2|           3|           2|
    |icmp_ln1049_71_fu_1654_p2     |      icmp|   0|  0|   2|           3|           2|
    |icmp_ln1049_72_fu_1788_p2     |      icmp|   0|  0|   2|           3|           2|
    |icmp_ln1049_73_fu_1922_p2     |      icmp|   0|  0|   2|           3|           2|
    |icmp_ln1049_74_fu_2056_p2     |      icmp|   0|  0|   2|           3|           2|
    |icmp_ln1049_75_fu_2190_p2     |      icmp|   0|  0|   2|           3|           2|
    |icmp_ln1049_76_fu_2324_p2     |      icmp|   0|  0|   2|           3|           2|
    |icmp_ln1049_77_fu_2458_p2     |      icmp|   0|  0|   2|           3|           2|
    |icmp_ln1049_78_fu_2592_p2     |      icmp|   0|  0|   2|           3|           2|
    |icmp_ln1049_79_fu_2726_p2     |      icmp|   0|  0|   2|           3|           2|
    |icmp_ln1049_80_fu_2860_p2     |      icmp|   0|  0|   2|           3|           2|
    |icmp_ln1049_81_fu_2994_p2     |      icmp|   0|  0|   2|           3|           2|
    |icmp_ln1049_82_fu_3128_p2     |      icmp|   0|  0|   2|           3|           2|
    |icmp_ln1049_83_fu_3262_p2     |      icmp|   0|  0|   2|           3|           2|
    |icmp_ln1049_84_fu_3396_p2     |      icmp|   0|  0|   2|           3|           2|
    |icmp_ln1049_85_fu_3530_p2     |      icmp|   0|  0|   2|           3|           2|
    |icmp_ln1049_86_fu_3664_p2     |      icmp|   0|  0|   2|           3|           2|
    |icmp_ln1049_87_fu_3798_p2     |      icmp|   0|  0|   2|           3|           2|
    |icmp_ln1049_88_fu_3932_p2     |      icmp|   0|  0|   2|           3|           2|
    |icmp_ln1049_89_fu_4066_p2     |      icmp|   0|  0|   2|           3|           2|
    |icmp_ln1049_90_fu_4200_p2     |      icmp|   0|  0|   2|           3|           2|
    |icmp_ln1049_91_fu_4334_p2     |      icmp|   0|  0|   2|           3|           2|
    |icmp_ln1049_92_fu_4468_p2     |      icmp|   0|  0|   2|           3|           2|
    |icmp_ln1049_93_fu_4602_p2     |      icmp|   0|  0|   2|           3|           2|
    |icmp_ln1049_94_fu_4736_p2     |      icmp|   0|  0|   2|           3|           2|
    |icmp_ln1049_95_fu_4870_p2     |      icmp|   0|  0|   2|           3|           2|
    |icmp_ln1049_96_fu_5004_p2     |      icmp|   0|  0|   2|           3|           2|
    |icmp_ln1049_97_fu_5138_p2     |      icmp|   0|  0|   2|           3|           2|
    |icmp_ln1049_98_fu_5272_p2     |      icmp|   0|  0|   2|           3|           2|
    |icmp_ln1049_99_fu_5406_p2     |      icmp|   0|  0|   2|           3|           2|
    |icmp_ln1049_fu_582_p2         |      icmp|   0|  0|   2|           3|           2|
    |icmp_ln1547_10_fu_1832_p2     |      icmp|   0|  0|   7|          16|           1|
    |icmp_ln1547_11_fu_1966_p2     |      icmp|   0|  0|   7|          16|           1|
    |icmp_ln1547_12_fu_2100_p2     |      icmp|   0|  0|   7|          16|           1|
    |icmp_ln1547_13_fu_2234_p2     |      icmp|   0|  0|   7|          16|           1|
    |icmp_ln1547_14_fu_2368_p2     |      icmp|   0|  0|   7|          16|           1|
    |icmp_ln1547_15_fu_2502_p2     |      icmp|   0|  0|   7|          16|           1|
    |icmp_ln1547_16_fu_2636_p2     |      icmp|   0|  0|   7|          16|           1|
    |icmp_ln1547_17_fu_2770_p2     |      icmp|   0|  0|   7|          16|           1|
    |icmp_ln1547_18_fu_2904_p2     |      icmp|   0|  0|   7|          16|           1|
    |icmp_ln1547_19_fu_3038_p2     |      icmp|   0|  0|   7|          16|           1|
    |icmp_ln1547_1_fu_626_p2       |      icmp|   0|  0|   7|          16|           1|
    |icmp_ln1547_20_fu_3172_p2     |      icmp|   0|  0|   7|          16|           1|
    |icmp_ln1547_21_fu_3306_p2     |      icmp|   0|  0|   7|          16|           1|
    |icmp_ln1547_22_fu_3440_p2     |      icmp|   0|  0|   7|          16|           1|
    |icmp_ln1547_23_fu_3574_p2     |      icmp|   0|  0|   7|          16|           1|
    |icmp_ln1547_24_fu_3708_p2     |      icmp|   0|  0|   7|          16|           1|
    |icmp_ln1547_25_fu_3842_p2     |      icmp|   0|  0|   7|          16|           1|
    |icmp_ln1547_26_fu_3976_p2     |      icmp|   0|  0|   7|          16|           1|
    |icmp_ln1547_27_fu_4110_p2     |      icmp|   0|  0|   7|          16|           1|
    |icmp_ln1547_28_fu_4244_p2     |      icmp|   0|  0|   7|          16|           1|
    |icmp_ln1547_29_fu_4378_p2     |      icmp|   0|  0|   7|          16|           1|
    |icmp_ln1547_2_fu_760_p2       |      icmp|   0|  0|   7|          16|           1|
    |icmp_ln1547_30_fu_4512_p2     |      icmp|   0|  0|   7|          16|           1|
    |icmp_ln1547_31_fu_4646_p2     |      icmp|   0|  0|   7|          16|           1|
    |icmp_ln1547_32_fu_4780_p2     |      icmp|   0|  0|   7|          16|           1|
    |icmp_ln1547_33_fu_4914_p2     |      icmp|   0|  0|   7|          16|           1|
    |icmp_ln1547_34_fu_5048_p2     |      icmp|   0|  0|   7|          16|           1|
    |icmp_ln1547_35_fu_5182_p2     |      icmp|   0|  0|   7|          16|           1|
    |icmp_ln1547_36_fu_5316_p2     |      icmp|   0|  0|   7|          16|           1|
    |icmp_ln1547_37_fu_5450_p2     |      icmp|   0|  0|   7|          16|           1|
    |icmp_ln1547_38_fu_5584_p2     |      icmp|   0|  0|   7|          16|           1|
    |icmp_ln1547_39_fu_5718_p2     |      icmp|   0|  0|   7|          16|           1|
    |icmp_ln1547_3_fu_894_p2       |      icmp|   0|  0|   7|          16|           1|
    |icmp_ln1547_40_fu_5852_p2     |      icmp|   0|  0|   7|          16|           1|
    |icmp_ln1547_41_fu_5986_p2     |      icmp|   0|  0|   7|          16|           1|
    |icmp_ln1547_42_fu_6120_p2     |      icmp|   0|  0|   7|          16|           1|
    |icmp_ln1547_43_fu_6254_p2     |      icmp|   0|  0|   7|          16|           1|
    |icmp_ln1547_44_fu_6388_p2     |      icmp|   0|  0|   7|          16|           1|
    |icmp_ln1547_45_fu_6522_p2     |      icmp|   0|  0|   7|          16|           1|
    |icmp_ln1547_46_fu_6656_p2     |      icmp|   0|  0|   7|          16|           1|
    |icmp_ln1547_47_fu_6790_p2     |      icmp|   0|  0|   7|          16|           1|
    |icmp_ln1547_48_fu_6924_p2     |      icmp|   0|  0|   7|          16|           1|
    |icmp_ln1547_49_fu_7058_p2     |      icmp|   0|  0|   7|          16|           1|
    |icmp_ln1547_4_fu_1028_p2      |      icmp|   0|  0|   7|          16|           1|
    |icmp_ln1547_50_fu_7192_p2     |      icmp|   0|  0|   7|          16|           1|
    |icmp_ln1547_51_fu_7326_p2     |      icmp|   0|  0|   7|          16|           1|
    |icmp_ln1547_52_fu_7460_p2     |      icmp|   0|  0|   7|          16|           1|
    |icmp_ln1547_53_fu_7594_p2     |      icmp|   0|  0|   7|          16|           1|
    |icmp_ln1547_54_fu_7728_p2     |      icmp|   0|  0|   7|          16|           1|
    |icmp_ln1547_55_fu_7862_p2     |      icmp|   0|  0|   7|          16|           1|
    |icmp_ln1547_5_fu_1162_p2      |      icmp|   0|  0|   7|          16|           1|
    |icmp_ln1547_6_fu_1296_p2      |      icmp|   0|  0|   7|          16|           1|
    |icmp_ln1547_7_fu_1430_p2      |      icmp|   0|  0|   7|          16|           1|
    |icmp_ln1547_8_fu_1564_p2      |      icmp|   0|  0|   7|          16|           1|
    |icmp_ln1547_9_fu_1698_p2      |      icmp|   0|  0|   7|          16|           1|
    |icmp_ln1547_fu_492_p2         |      icmp|   0|  0|   7|          16|           1|
    |icmp_ln727_100_fu_5486_p2     |      icmp|   0|  0|   2|           4|           1|
    |icmp_ln727_101_fu_5620_p2     |      icmp|   0|  0|   2|           4|           1|
    |icmp_ln727_102_fu_5754_p2     |      icmp|   0|  0|   2|           4|           1|
    |icmp_ln727_103_fu_5888_p2     |      icmp|   0|  0|   2|           4|           1|
    |icmp_ln727_104_fu_6022_p2     |      icmp|   0|  0|   2|           4|           1|
    |icmp_ln727_105_fu_6156_p2     |      icmp|   0|  0|   2|           4|           1|
    |icmp_ln727_106_fu_6290_p2     |      icmp|   0|  0|   2|           4|           1|
    |icmp_ln727_107_fu_6424_p2     |      icmp|   0|  0|   2|           4|           1|
    |icmp_ln727_108_fu_6558_p2     |      icmp|   0|  0|   2|           4|           1|
    |icmp_ln727_109_fu_6692_p2     |      icmp|   0|  0|   2|           4|           1|
    |icmp_ln727_110_fu_6826_p2     |      icmp|   0|  0|   2|           4|           1|
    |icmp_ln727_111_fu_6960_p2     |      icmp|   0|  0|   2|           4|           1|
    |icmp_ln727_112_fu_7094_p2     |      icmp|   0|  0|   2|           4|           1|
    |icmp_ln727_113_fu_7228_p2     |      icmp|   0|  0|   2|           4|           1|
    |icmp_ln727_114_fu_7362_p2     |      icmp|   0|  0|   2|           4|           1|
    |icmp_ln727_115_fu_7496_p2     |      icmp|   0|  0|   2|           4|           1|
    |icmp_ln727_116_fu_7630_p2     |      icmp|   0|  0|   2|           4|           1|
    |icmp_ln727_117_fu_7764_p2     |      icmp|   0|  0|   2|           4|           1|
    |icmp_ln727_118_fu_7898_p2     |      icmp|   0|  0|   2|           4|           1|
    |icmp_ln727_64_fu_662_p2       |      icmp|   0|  0|   2|           4|           1|
    |icmp_ln727_65_fu_796_p2       |      icmp|   0|  0|   2|           4|           1|
    |icmp_ln727_66_fu_930_p2       |      icmp|   0|  0|   2|           4|           1|
    |icmp_ln727_67_fu_1064_p2      |      icmp|   0|  0|   2|           4|           1|
    |icmp_ln727_68_fu_1198_p2      |      icmp|   0|  0|   2|           4|           1|
    |icmp_ln727_69_fu_1332_p2      |      icmp|   0|  0|   2|           4|           1|
    |icmp_ln727_70_fu_1466_p2      |      icmp|   0|  0|   2|           4|           1|
    |icmp_ln727_71_fu_1600_p2      |      icmp|   0|  0|   2|           4|           1|
    |icmp_ln727_72_fu_1734_p2      |      icmp|   0|  0|   2|           4|           1|
    |icmp_ln727_73_fu_1868_p2      |      icmp|   0|  0|   2|           4|           1|
    |icmp_ln727_74_fu_2002_p2      |      icmp|   0|  0|   2|           4|           1|
    |icmp_ln727_75_fu_2136_p2      |      icmp|   0|  0|   2|           4|           1|
    |icmp_ln727_76_fu_2270_p2      |      icmp|   0|  0|   2|           4|           1|
    |icmp_ln727_77_fu_2404_p2      |      icmp|   0|  0|   2|           4|           1|
    |icmp_ln727_78_fu_2538_p2      |      icmp|   0|  0|   2|           4|           1|
    |icmp_ln727_79_fu_2672_p2      |      icmp|   0|  0|   2|           4|           1|
    |icmp_ln727_80_fu_2806_p2      |      icmp|   0|  0|   2|           4|           1|
    |icmp_ln727_81_fu_2940_p2      |      icmp|   0|  0|   2|           4|           1|
    |icmp_ln727_82_fu_3074_p2      |      icmp|   0|  0|   2|           4|           1|
    |icmp_ln727_83_fu_3208_p2      |      icmp|   0|  0|   2|           4|           1|
    |icmp_ln727_84_fu_3342_p2      |      icmp|   0|  0|   2|           4|           1|
    |icmp_ln727_85_fu_3476_p2      |      icmp|   0|  0|   2|           4|           1|
    |icmp_ln727_86_fu_3610_p2      |      icmp|   0|  0|   2|           4|           1|
    |icmp_ln727_87_fu_3744_p2      |      icmp|   0|  0|   2|           4|           1|
    |icmp_ln727_88_fu_3878_p2      |      icmp|   0|  0|   2|           4|           1|
    |icmp_ln727_89_fu_4012_p2      |      icmp|   0|  0|   2|           4|           1|
    |icmp_ln727_90_fu_4146_p2      |      icmp|   0|  0|   2|           4|           1|
    |icmp_ln727_91_fu_4280_p2      |      icmp|   0|  0|   2|           4|           1|
    |icmp_ln727_92_fu_4414_p2      |      icmp|   0|  0|   2|           4|           1|
    |icmp_ln727_93_fu_4548_p2      |      icmp|   0|  0|   2|           4|           1|
    |icmp_ln727_94_fu_4682_p2      |      icmp|   0|  0|   2|           4|           1|
    |icmp_ln727_95_fu_4816_p2      |      icmp|   0|  0|   2|           4|           1|
    |icmp_ln727_96_fu_4950_p2      |      icmp|   0|  0|   2|           4|           1|
    |icmp_ln727_97_fu_5084_p2      |      icmp|   0|  0|   2|           4|           1|
    |icmp_ln727_98_fu_5218_p2      |      icmp|   0|  0|   2|           4|           1|
    |icmp_ln727_99_fu_5352_p2      |      icmp|   0|  0|   2|           4|           1|
    |icmp_ln727_fu_528_p2          |      icmp|   0|  0|   2|           4|           1|
    |icmp_ln777_100_fu_5546_p2     |      icmp|   0|  0|   2|           3|           1|
    |icmp_ln777_101_fu_5680_p2     |      icmp|   0|  0|   2|           3|           1|
    |icmp_ln777_102_fu_5814_p2     |      icmp|   0|  0|   2|           3|           1|
    |icmp_ln777_103_fu_5948_p2     |      icmp|   0|  0|   2|           3|           1|
    |icmp_ln777_104_fu_6082_p2     |      icmp|   0|  0|   2|           3|           1|
    |icmp_ln777_105_fu_6216_p2     |      icmp|   0|  0|   2|           3|           1|
    |icmp_ln777_106_fu_6350_p2     |      icmp|   0|  0|   2|           3|           1|
    |icmp_ln777_107_fu_6484_p2     |      icmp|   0|  0|   2|           3|           1|
    |icmp_ln777_108_fu_6618_p2     |      icmp|   0|  0|   2|           3|           1|
    |icmp_ln777_109_fu_6752_p2     |      icmp|   0|  0|   2|           3|           1|
    |icmp_ln777_110_fu_6886_p2     |      icmp|   0|  0|   2|           3|           1|
    |icmp_ln777_111_fu_7020_p2     |      icmp|   0|  0|   2|           3|           1|
    |icmp_ln777_112_fu_7154_p2     |      icmp|   0|  0|   2|           3|           1|
    |icmp_ln777_113_fu_7288_p2     |      icmp|   0|  0|   2|           3|           1|
    |icmp_ln777_114_fu_7422_p2     |      icmp|   0|  0|   2|           3|           1|
    |icmp_ln777_115_fu_7556_p2     |      icmp|   0|  0|   2|           3|           1|
    |icmp_ln777_116_fu_7690_p2     |      icmp|   0|  0|   2|           3|           1|
    |icmp_ln777_117_fu_7824_p2     |      icmp|   0|  0|   2|           3|           1|
    |icmp_ln777_118_fu_7958_p2     |      icmp|   0|  0|   2|           3|           1|
    |icmp_ln777_64_fu_722_p2       |      icmp|   0|  0|   2|           3|           1|
    |icmp_ln777_65_fu_856_p2       |      icmp|   0|  0|   2|           3|           1|
    |icmp_ln777_66_fu_990_p2       |      icmp|   0|  0|   2|           3|           1|
    |icmp_ln777_67_fu_1124_p2      |      icmp|   0|  0|   2|           3|           1|
    |icmp_ln777_68_fu_1258_p2      |      icmp|   0|  0|   2|           3|           1|
    |icmp_ln777_69_fu_1392_p2      |      icmp|   0|  0|   2|           3|           1|
    |icmp_ln777_70_fu_1526_p2      |      icmp|   0|  0|   2|           3|           1|
    |icmp_ln777_71_fu_1660_p2      |      icmp|   0|  0|   2|           3|           1|
    |icmp_ln777_72_fu_1794_p2      |      icmp|   0|  0|   2|           3|           1|
    |icmp_ln777_73_fu_1928_p2      |      icmp|   0|  0|   2|           3|           1|
    |icmp_ln777_74_fu_2062_p2      |      icmp|   0|  0|   2|           3|           1|
    |icmp_ln777_75_fu_2196_p2      |      icmp|   0|  0|   2|           3|           1|
    |icmp_ln777_76_fu_2330_p2      |      icmp|   0|  0|   2|           3|           1|
    |icmp_ln777_77_fu_2464_p2      |      icmp|   0|  0|   2|           3|           1|
    |icmp_ln777_78_fu_2598_p2      |      icmp|   0|  0|   2|           3|           1|
    |icmp_ln777_79_fu_2732_p2      |      icmp|   0|  0|   2|           3|           1|
    |icmp_ln777_80_fu_2866_p2      |      icmp|   0|  0|   2|           3|           1|
    |icmp_ln777_81_fu_3000_p2      |      icmp|   0|  0|   2|           3|           1|
    |icmp_ln777_82_fu_3134_p2      |      icmp|   0|  0|   2|           3|           1|
    |icmp_ln777_83_fu_3268_p2      |      icmp|   0|  0|   2|           3|           1|
    |icmp_ln777_84_fu_3402_p2      |      icmp|   0|  0|   2|           3|           1|
    |icmp_ln777_85_fu_3536_p2      |      icmp|   0|  0|   2|           3|           1|
    |icmp_ln777_86_fu_3670_p2      |      icmp|   0|  0|   2|           3|           1|
    |icmp_ln777_87_fu_3804_p2      |      icmp|   0|  0|   2|           3|           1|
    |icmp_ln777_88_fu_3938_p2      |      icmp|   0|  0|   2|           3|           1|
    |icmp_ln777_89_fu_4072_p2      |      icmp|   0|  0|   2|           3|           1|
    |icmp_ln777_90_fu_4206_p2      |      icmp|   0|  0|   2|           3|           1|
    |icmp_ln777_91_fu_4340_p2      |      icmp|   0|  0|   2|           3|           1|
    |icmp_ln777_92_fu_4474_p2      |      icmp|   0|  0|   2|           3|           1|
    |icmp_ln777_93_fu_4608_p2      |      icmp|   0|  0|   2|           3|           1|
    |icmp_ln777_94_fu_4742_p2      |      icmp|   0|  0|   2|           3|           1|
    |icmp_ln777_95_fu_4876_p2      |      icmp|   0|  0|   2|           3|           1|
    |icmp_ln777_96_fu_5010_p2      |      icmp|   0|  0|   2|           3|           1|
    |icmp_ln777_97_fu_5144_p2      |      icmp|   0|  0|   2|           3|           1|
    |icmp_ln777_98_fu_5278_p2      |      icmp|   0|  0|   2|           3|           1|
    |icmp_ln777_99_fu_5412_p2      |      icmp|   0|  0|   2|           3|           1|
    |icmp_ln777_fu_588_p2          |      icmp|   0|  0|   2|           3|           1|
    |or_ln412_10_fu_1882_p2        |        or|   0|  0|   1|           1|           1|
    |or_ln412_11_fu_2016_p2        |        or|   0|  0|   1|           1|           1|
    |or_ln412_12_fu_2150_p2        |        or|   0|  0|   1|           1|           1|
    |or_ln412_13_fu_2284_p2        |        or|   0|  0|   1|           1|           1|
    |or_ln412_14_fu_2418_p2        |        or|   0|  0|   1|           1|           1|
    |or_ln412_15_fu_2552_p2        |        or|   0|  0|   1|           1|           1|
    |or_ln412_16_fu_2686_p2        |        or|   0|  0|   1|           1|           1|
    |or_ln412_17_fu_2820_p2        |        or|   0|  0|   1|           1|           1|
    |or_ln412_18_fu_2954_p2        |        or|   0|  0|   1|           1|           1|
    |or_ln412_19_fu_3088_p2        |        or|   0|  0|   1|           1|           1|
    |or_ln412_1_fu_676_p2          |        or|   0|  0|   1|           1|           1|
    |or_ln412_20_fu_3222_p2        |        or|   0|  0|   1|           1|           1|
    |or_ln412_21_fu_3356_p2        |        or|   0|  0|   1|           1|           1|
    |or_ln412_22_fu_3490_p2        |        or|   0|  0|   1|           1|           1|
    |or_ln412_23_fu_3624_p2        |        or|   0|  0|   1|           1|           1|
    |or_ln412_24_fu_3758_p2        |        or|   0|  0|   1|           1|           1|
    |or_ln412_25_fu_3892_p2        |        or|   0|  0|   1|           1|           1|
    |or_ln412_26_fu_4026_p2        |        or|   0|  0|   1|           1|           1|
    |or_ln412_27_fu_4160_p2        |        or|   0|  0|   1|           1|           1|
    |or_ln412_28_fu_4294_p2        |        or|   0|  0|   1|           1|           1|
    |or_ln412_29_fu_4428_p2        |        or|   0|  0|   1|           1|           1|
    |or_ln412_2_fu_810_p2          |        or|   0|  0|   1|           1|           1|
    |or_ln412_30_fu_4562_p2        |        or|   0|  0|   1|           1|           1|
    |or_ln412_31_fu_4696_p2        |        or|   0|  0|   1|           1|           1|
    |or_ln412_32_fu_4830_p2        |        or|   0|  0|   1|           1|           1|
    |or_ln412_33_fu_4964_p2        |        or|   0|  0|   1|           1|           1|
    |or_ln412_34_fu_5098_p2        |        or|   0|  0|   1|           1|           1|
    |or_ln412_35_fu_5232_p2        |        or|   0|  0|   1|           1|           1|
    |or_ln412_36_fu_5366_p2        |        or|   0|  0|   1|           1|           1|
    |or_ln412_37_fu_5500_p2        |        or|   0|  0|   1|           1|           1|
    |or_ln412_38_fu_5634_p2        |        or|   0|  0|   1|           1|           1|
    |or_ln412_39_fu_5768_p2        |        or|   0|  0|   1|           1|           1|
    |or_ln412_3_fu_944_p2          |        or|   0|  0|   1|           1|           1|
    |or_ln412_40_fu_5902_p2        |        or|   0|  0|   1|           1|           1|
    |or_ln412_41_fu_6036_p2        |        or|   0|  0|   1|           1|           1|
    |or_ln412_42_fu_6170_p2        |        or|   0|  0|   1|           1|           1|
    |or_ln412_43_fu_6304_p2        |        or|   0|  0|   1|           1|           1|
    |or_ln412_44_fu_6438_p2        |        or|   0|  0|   1|           1|           1|
    |or_ln412_45_fu_6572_p2        |        or|   0|  0|   1|           1|           1|
    |or_ln412_46_fu_6706_p2        |        or|   0|  0|   1|           1|           1|
    |or_ln412_47_fu_6840_p2        |        or|   0|  0|   1|           1|           1|
    |or_ln412_48_fu_6974_p2        |        or|   0|  0|   1|           1|           1|
    |or_ln412_49_fu_7108_p2        |        or|   0|  0|   1|           1|           1|
    |or_ln412_4_fu_1078_p2         |        or|   0|  0|   1|           1|           1|
    |or_ln412_50_fu_7242_p2        |        or|   0|  0|   1|           1|           1|
    |or_ln412_51_fu_7376_p2        |        or|   0|  0|   1|           1|           1|
    |or_ln412_52_fu_7510_p2        |        or|   0|  0|   1|           1|           1|
    |or_ln412_53_fu_7644_p2        |        or|   0|  0|   1|           1|           1|
    |or_ln412_54_fu_7778_p2        |        or|   0|  0|   1|           1|           1|
    |or_ln412_55_fu_7912_p2        |        or|   0|  0|   1|           1|           1|
    |or_ln412_5_fu_1212_p2         |        or|   0|  0|   1|           1|           1|
    |or_ln412_6_fu_1346_p2         |        or|   0|  0|   1|           1|           1|
    |or_ln412_7_fu_1480_p2         |        or|   0|  0|   1|           1|           1|
    |or_ln412_8_fu_1614_p2         |        or|   0|  0|   1|           1|           1|
    |or_ln412_9_fu_1748_p2         |        or|   0|  0|   1|           1|           1|
    |or_ln412_fu_542_p2            |        or|   0|  0|   1|           1|           1|
    |select_ln1547_100_fu_5576_p3  |    select|   0|  0|   8|           1|           8|
    |select_ln1547_101_fu_5710_p3  |    select|   0|  0|   8|           1|           8|
    |select_ln1547_102_fu_5844_p3  |    select|   0|  0|   8|           1|           8|
    |select_ln1547_103_fu_5978_p3  |    select|   0|  0|   8|           1|           8|
    |select_ln1547_104_fu_6112_p3  |    select|   0|  0|   8|           1|           8|
    |select_ln1547_105_fu_6246_p3  |    select|   0|  0|   8|           1|           8|
    |select_ln1547_106_fu_6380_p3  |    select|   0|  0|   8|           1|           8|
    |select_ln1547_107_fu_6514_p3  |    select|   0|  0|   8|           1|           8|
    |select_ln1547_108_fu_6648_p3  |    select|   0|  0|   8|           1|           8|
    |select_ln1547_109_fu_6782_p3  |    select|   0|  0|   8|           1|           8|
    |select_ln1547_110_fu_6916_p3  |    select|   0|  0|   8|           1|           8|
    |select_ln1547_111_fu_7050_p3  |    select|   0|  0|   8|           1|           8|
    |select_ln1547_112_fu_7184_p3  |    select|   0|  0|   8|           1|           8|
    |select_ln1547_113_fu_7318_p3  |    select|   0|  0|   8|           1|           8|
    |select_ln1547_114_fu_7452_p3  |    select|   0|  0|   8|           1|           8|
    |select_ln1547_115_fu_7586_p3  |    select|   0|  0|   8|           1|           8|
    |select_ln1547_116_fu_7720_p3  |    select|   0|  0|   8|           1|           8|
    |select_ln1547_117_fu_7854_p3  |    select|   0|  0|   8|           1|           8|
    |select_ln1547_118_fu_7988_p3  |    select|   0|  0|   8|           1|           8|
    |select_ln1547_64_fu_752_p3    |    select|   0|  0|   8|           1|           8|
    |select_ln1547_65_fu_886_p3    |    select|   0|  0|   8|           1|           8|
    |select_ln1547_66_fu_1020_p3   |    select|   0|  0|   8|           1|           8|
    |select_ln1547_67_fu_1154_p3   |    select|   0|  0|   8|           1|           8|
    |select_ln1547_68_fu_1288_p3   |    select|   0|  0|   8|           1|           8|
    |select_ln1547_69_fu_1422_p3   |    select|   0|  0|   8|           1|           8|
    |select_ln1547_70_fu_1556_p3   |    select|   0|  0|   8|           1|           8|
    |select_ln1547_71_fu_1690_p3   |    select|   0|  0|   8|           1|           8|
    |select_ln1547_72_fu_1824_p3   |    select|   0|  0|   8|           1|           8|
    |select_ln1547_73_fu_1958_p3   |    select|   0|  0|   8|           1|           8|
    |select_ln1547_74_fu_2092_p3   |    select|   0|  0|   8|           1|           8|
    |select_ln1547_75_fu_2226_p3   |    select|   0|  0|   8|           1|           8|
    |select_ln1547_76_fu_2360_p3   |    select|   0|  0|   8|           1|           8|
    |select_ln1547_77_fu_2494_p3   |    select|   0|  0|   8|           1|           8|
    |select_ln1547_78_fu_2628_p3   |    select|   0|  0|   8|           1|           8|
    |select_ln1547_79_fu_2762_p3   |    select|   0|  0|   8|           1|           8|
    |select_ln1547_80_fu_2896_p3   |    select|   0|  0|   8|           1|           8|
    |select_ln1547_81_fu_3030_p3   |    select|   0|  0|   8|           1|           8|
    |select_ln1547_82_fu_3164_p3   |    select|   0|  0|   8|           1|           8|
    |select_ln1547_83_fu_3298_p3   |    select|   0|  0|   8|           1|           8|
    |select_ln1547_84_fu_3432_p3   |    select|   0|  0|   8|           1|           8|
    |select_ln1547_85_fu_3566_p3   |    select|   0|  0|   8|           1|           8|
    |select_ln1547_86_fu_3700_p3   |    select|   0|  0|   8|           1|           8|
    |select_ln1547_87_fu_3834_p3   |    select|   0|  0|   8|           1|           8|
    |select_ln1547_88_fu_3968_p3   |    select|   0|  0|   8|           1|           8|
    |select_ln1547_89_fu_4102_p3   |    select|   0|  0|   8|           1|           8|
    |select_ln1547_90_fu_4236_p3   |    select|   0|  0|   8|           1|           8|
    |select_ln1547_91_fu_4370_p3   |    select|   0|  0|   8|           1|           8|
    |select_ln1547_92_fu_4504_p3   |    select|   0|  0|   8|           1|           8|
    |select_ln1547_93_fu_4638_p3   |    select|   0|  0|   8|           1|           8|
    |select_ln1547_94_fu_4772_p3   |    select|   0|  0|   8|           1|           8|
    |select_ln1547_95_fu_4906_p3   |    select|   0|  0|   8|           1|           8|
    |select_ln1547_96_fu_5040_p3   |    select|   0|  0|   8|           1|           8|
    |select_ln1547_97_fu_5174_p3   |    select|   0|  0|   8|           1|           8|
    |select_ln1547_98_fu_5308_p3   |    select|   0|  0|   8|           1|           8|
    |select_ln1547_99_fu_5442_p3   |    select|   0|  0|   8|           1|           8|
    |select_ln1547_fu_618_p3       |    select|   0|  0|   8|           1|           8|
    |select_ln394_100_fu_5568_p3   |    select|   0|  0|   8|           1|           8|
    |select_ln394_101_fu_5702_p3   |    select|   0|  0|   8|           1|           8|
    |select_ln394_102_fu_5836_p3   |    select|   0|  0|   8|           1|           8|
    |select_ln394_103_fu_5970_p3   |    select|   0|  0|   8|           1|           8|
    |select_ln394_104_fu_6104_p3   |    select|   0|  0|   8|           1|           8|
    |select_ln394_105_fu_6238_p3   |    select|   0|  0|   8|           1|           8|
    |select_ln394_106_fu_6372_p3   |    select|   0|  0|   8|           1|           8|
    |select_ln394_107_fu_6506_p3   |    select|   0|  0|   8|           1|           8|
    |select_ln394_108_fu_6640_p3   |    select|   0|  0|   8|           1|           8|
    |select_ln394_109_fu_6774_p3   |    select|   0|  0|   8|           1|           8|
    |select_ln394_110_fu_6908_p3   |    select|   0|  0|   8|           1|           8|
    |select_ln394_111_fu_7042_p3   |    select|   0|  0|   8|           1|           8|
    |select_ln394_112_fu_7176_p3   |    select|   0|  0|   8|           1|           8|
    |select_ln394_113_fu_7310_p3   |    select|   0|  0|   8|           1|           8|
    |select_ln394_114_fu_7444_p3   |    select|   0|  0|   8|           1|           8|
    |select_ln394_115_fu_7578_p3   |    select|   0|  0|   8|           1|           8|
    |select_ln394_116_fu_7712_p3   |    select|   0|  0|   8|           1|           8|
    |select_ln394_117_fu_7846_p3   |    select|   0|  0|   8|           1|           8|
    |select_ln394_118_fu_7980_p3   |    select|   0|  0|   8|           1|           8|
    |select_ln394_64_fu_744_p3     |    select|   0|  0|   8|           1|           8|
    |select_ln394_65_fu_878_p3     |    select|   0|  0|   8|           1|           8|
    |select_ln394_66_fu_1012_p3    |    select|   0|  0|   8|           1|           8|
    |select_ln394_67_fu_1146_p3    |    select|   0|  0|   8|           1|           8|
    |select_ln394_68_fu_1280_p3    |    select|   0|  0|   8|           1|           8|
    |select_ln394_69_fu_1414_p3    |    select|   0|  0|   8|           1|           8|
    |select_ln394_70_fu_1548_p3    |    select|   0|  0|   8|           1|           8|
    |select_ln394_71_fu_1682_p3    |    select|   0|  0|   8|           1|           8|
    |select_ln394_72_fu_1816_p3    |    select|   0|  0|   8|           1|           8|
    |select_ln394_73_fu_1950_p3    |    select|   0|  0|   8|           1|           8|
    |select_ln394_74_fu_2084_p3    |    select|   0|  0|   8|           1|           8|
    |select_ln394_75_fu_2218_p3    |    select|   0|  0|   8|           1|           8|
    |select_ln394_76_fu_2352_p3    |    select|   0|  0|   8|           1|           8|
    |select_ln394_77_fu_2486_p3    |    select|   0|  0|   8|           1|           8|
    |select_ln394_78_fu_2620_p3    |    select|   0|  0|   8|           1|           8|
    |select_ln394_79_fu_2754_p3    |    select|   0|  0|   8|           1|           8|
    |select_ln394_80_fu_2888_p3    |    select|   0|  0|   8|           1|           8|
    |select_ln394_81_fu_3022_p3    |    select|   0|  0|   8|           1|           8|
    |select_ln394_82_fu_3156_p3    |    select|   0|  0|   8|           1|           8|
    |select_ln394_83_fu_3290_p3    |    select|   0|  0|   8|           1|           8|
    |select_ln394_84_fu_3424_p3    |    select|   0|  0|   8|           1|           8|
    |select_ln394_85_fu_3558_p3    |    select|   0|  0|   8|           1|           8|
    |select_ln394_86_fu_3692_p3    |    select|   0|  0|   8|           1|           8|
    |select_ln394_87_fu_3826_p3    |    select|   0|  0|   8|           1|           8|
    |select_ln394_88_fu_3960_p3    |    select|   0|  0|   8|           1|           8|
    |select_ln394_89_fu_4094_p3    |    select|   0|  0|   8|           1|           8|
    |select_ln394_90_fu_4228_p3    |    select|   0|  0|   8|           1|           8|
    |select_ln394_91_fu_4362_p3    |    select|   0|  0|   8|           1|           8|
    |select_ln394_92_fu_4496_p3    |    select|   0|  0|   8|           1|           8|
    |select_ln394_93_fu_4630_p3    |    select|   0|  0|   8|           1|           8|
    |select_ln394_94_fu_4764_p3    |    select|   0|  0|   8|           1|           8|
    |select_ln394_95_fu_4898_p3    |    select|   0|  0|   8|           1|           8|
    |select_ln394_96_fu_5032_p3    |    select|   0|  0|   8|           1|           8|
    |select_ln394_97_fu_5166_p3    |    select|   0|  0|   8|           1|           8|
    |select_ln394_98_fu_5300_p3    |    select|   0|  0|   8|           1|           8|
    |select_ln394_99_fu_5434_p3    |    select|   0|  0|   8|           1|           8|
    |select_ln394_fu_610_p3        |    select|   0|  0|   8|           1|           8|
    |select_ln403_100_fu_5560_p3   |    select|   0|  0|   2|           1|           1|
    |select_ln403_101_fu_5694_p3   |    select|   0|  0|   2|           1|           1|
    |select_ln403_102_fu_5828_p3   |    select|   0|  0|   2|           1|           1|
    |select_ln403_103_fu_5962_p3   |    select|   0|  0|   2|           1|           1|
    |select_ln403_104_fu_6096_p3   |    select|   0|  0|   2|           1|           1|
    |select_ln403_105_fu_6230_p3   |    select|   0|  0|   2|           1|           1|
    |select_ln403_106_fu_6364_p3   |    select|   0|  0|   2|           1|           1|
    |select_ln403_107_fu_6498_p3   |    select|   0|  0|   2|           1|           1|
    |select_ln403_108_fu_6632_p3   |    select|   0|  0|   2|           1|           1|
    |select_ln403_109_fu_6766_p3   |    select|   0|  0|   2|           1|           1|
    |select_ln403_110_fu_6900_p3   |    select|   0|  0|   2|           1|           1|
    |select_ln403_111_fu_7034_p3   |    select|   0|  0|   2|           1|           1|
    |select_ln403_112_fu_7168_p3   |    select|   0|  0|   2|           1|           1|
    |select_ln403_113_fu_7302_p3   |    select|   0|  0|   2|           1|           1|
    |select_ln403_114_fu_7436_p3   |    select|   0|  0|   2|           1|           1|
    |select_ln403_115_fu_7570_p3   |    select|   0|  0|   2|           1|           1|
    |select_ln403_116_fu_7704_p3   |    select|   0|  0|   2|           1|           1|
    |select_ln403_117_fu_7838_p3   |    select|   0|  0|   2|           1|           1|
    |select_ln403_118_fu_7972_p3   |    select|   0|  0|   2|           1|           1|
    |select_ln403_64_fu_736_p3     |    select|   0|  0|   2|           1|           1|
    |select_ln403_65_fu_870_p3     |    select|   0|  0|   2|           1|           1|
    |select_ln403_66_fu_1004_p3    |    select|   0|  0|   2|           1|           1|
    |select_ln403_67_fu_1138_p3    |    select|   0|  0|   2|           1|           1|
    |select_ln403_68_fu_1272_p3    |    select|   0|  0|   2|           1|           1|
    |select_ln403_69_fu_1406_p3    |    select|   0|  0|   2|           1|           1|
    |select_ln403_70_fu_1540_p3    |    select|   0|  0|   2|           1|           1|
    |select_ln403_71_fu_1674_p3    |    select|   0|  0|   2|           1|           1|
    |select_ln403_72_fu_1808_p3    |    select|   0|  0|   2|           1|           1|
    |select_ln403_73_fu_1942_p3    |    select|   0|  0|   2|           1|           1|
    |select_ln403_74_fu_2076_p3    |    select|   0|  0|   2|           1|           1|
    |select_ln403_75_fu_2210_p3    |    select|   0|  0|   2|           1|           1|
    |select_ln403_76_fu_2344_p3    |    select|   0|  0|   2|           1|           1|
    |select_ln403_77_fu_2478_p3    |    select|   0|  0|   2|           1|           1|
    |select_ln403_78_fu_2612_p3    |    select|   0|  0|   2|           1|           1|
    |select_ln403_79_fu_2746_p3    |    select|   0|  0|   2|           1|           1|
    |select_ln403_80_fu_2880_p3    |    select|   0|  0|   2|           1|           1|
    |select_ln403_81_fu_3014_p3    |    select|   0|  0|   2|           1|           1|
    |select_ln403_82_fu_3148_p3    |    select|   0|  0|   2|           1|           1|
    |select_ln403_83_fu_3282_p3    |    select|   0|  0|   2|           1|           1|
    |select_ln403_84_fu_3416_p3    |    select|   0|  0|   2|           1|           1|
    |select_ln403_85_fu_3550_p3    |    select|   0|  0|   2|           1|           1|
    |select_ln403_86_fu_3684_p3    |    select|   0|  0|   2|           1|           1|
    |select_ln403_87_fu_3818_p3    |    select|   0|  0|   2|           1|           1|
    |select_ln403_88_fu_3952_p3    |    select|   0|  0|   2|           1|           1|
    |select_ln403_89_fu_4086_p3    |    select|   0|  0|   2|           1|           1|
    |select_ln403_90_fu_4220_p3    |    select|   0|  0|   2|           1|           1|
    |select_ln403_91_fu_4354_p3    |    select|   0|  0|   2|           1|           1|
    |select_ln403_92_fu_4488_p3    |    select|   0|  0|   2|           1|           1|
    |select_ln403_93_fu_4622_p3    |    select|   0|  0|   2|           1|           1|
    |select_ln403_94_fu_4756_p3    |    select|   0|  0|   2|           1|           1|
    |select_ln403_95_fu_4890_p3    |    select|   0|  0|   2|           1|           1|
    |select_ln403_96_fu_5024_p3    |    select|   0|  0|   2|           1|           1|
    |select_ln403_97_fu_5158_p3    |    select|   0|  0|   2|           1|           1|
    |select_ln403_98_fu_5292_p3    |    select|   0|  0|   2|           1|           1|
    |select_ln403_99_fu_5426_p3    |    select|   0|  0|   2|           1|           1|
    |select_ln403_fu_602_p3        |    select|   0|  0|   2|           1|           1|
    |select_ln787_10_fu_1934_p3    |    select|   0|  0|   2|           1|           1|
    |select_ln787_11_fu_2068_p3    |    select|   0|  0|   2|           1|           1|
    |select_ln787_12_fu_2202_p3    |    select|   0|  0|   2|           1|           1|
    |select_ln787_13_fu_2336_p3    |    select|   0|  0|   2|           1|           1|
    |select_ln787_14_fu_2470_p3    |    select|   0|  0|   2|           1|           1|
    |select_ln787_15_fu_2604_p3    |    select|   0|  0|   2|           1|           1|
    |select_ln787_16_fu_2738_p3    |    select|   0|  0|   2|           1|           1|
    |select_ln787_17_fu_2872_p3    |    select|   0|  0|   2|           1|           1|
    |select_ln787_18_fu_3006_p3    |    select|   0|  0|   2|           1|           1|
    |select_ln787_19_fu_3140_p3    |    select|   0|  0|   2|           1|           1|
    |select_ln787_1_fu_728_p3      |    select|   0|  0|   2|           1|           1|
    |select_ln787_20_fu_3274_p3    |    select|   0|  0|   2|           1|           1|
    |select_ln787_21_fu_3408_p3    |    select|   0|  0|   2|           1|           1|
    |select_ln787_22_fu_3542_p3    |    select|   0|  0|   2|           1|           1|
    |select_ln787_23_fu_3676_p3    |    select|   0|  0|   2|           1|           1|
    |select_ln787_24_fu_3810_p3    |    select|   0|  0|   2|           1|           1|
    |select_ln787_25_fu_3944_p3    |    select|   0|  0|   2|           1|           1|
    |select_ln787_26_fu_4078_p3    |    select|   0|  0|   2|           1|           1|
    |select_ln787_27_fu_4212_p3    |    select|   0|  0|   2|           1|           1|
    |select_ln787_28_fu_4346_p3    |    select|   0|  0|   2|           1|           1|
    |select_ln787_29_fu_4480_p3    |    select|   0|  0|   2|           1|           1|
    |select_ln787_2_fu_862_p3      |    select|   0|  0|   2|           1|           1|
    |select_ln787_30_fu_4614_p3    |    select|   0|  0|   2|           1|           1|
    |select_ln787_31_fu_4748_p3    |    select|   0|  0|   2|           1|           1|
    |select_ln787_32_fu_4882_p3    |    select|   0|  0|   2|           1|           1|
    |select_ln787_33_fu_5016_p3    |    select|   0|  0|   2|           1|           1|
    |select_ln787_34_fu_5150_p3    |    select|   0|  0|   2|           1|           1|
    |select_ln787_35_fu_5284_p3    |    select|   0|  0|   2|           1|           1|
    |select_ln787_36_fu_5418_p3    |    select|   0|  0|   2|           1|           1|
    |select_ln787_37_fu_5552_p3    |    select|   0|  0|   2|           1|           1|
    |select_ln787_38_fu_5686_p3    |    select|   0|  0|   2|           1|           1|
    |select_ln787_39_fu_5820_p3    |    select|   0|  0|   2|           1|           1|
    |select_ln787_3_fu_996_p3      |    select|   0|  0|   2|           1|           1|
    |select_ln787_40_fu_5954_p3    |    select|   0|  0|   2|           1|           1|
    |select_ln787_41_fu_6088_p3    |    select|   0|  0|   2|           1|           1|
    |select_ln787_42_fu_6222_p3    |    select|   0|  0|   2|           1|           1|
    |select_ln787_43_fu_6356_p3    |    select|   0|  0|   2|           1|           1|
    |select_ln787_44_fu_6490_p3    |    select|   0|  0|   2|           1|           1|
    |select_ln787_45_fu_6624_p3    |    select|   0|  0|   2|           1|           1|
    |select_ln787_46_fu_6758_p3    |    select|   0|  0|   2|           1|           1|
    |select_ln787_47_fu_6892_p3    |    select|   0|  0|   2|           1|           1|
    |select_ln787_48_fu_7026_p3    |    select|   0|  0|   2|           1|           1|
    |select_ln787_49_fu_7160_p3    |    select|   0|  0|   2|           1|           1|
    |select_ln787_4_fu_1130_p3     |    select|   0|  0|   2|           1|           1|
    |select_ln787_50_fu_7294_p3    |    select|   0|  0|   2|           1|           1|
    |select_ln787_51_fu_7428_p3    |    select|   0|  0|   2|           1|           1|
    |select_ln787_52_fu_7562_p3    |    select|   0|  0|   2|           1|           1|
    |select_ln787_53_fu_7696_p3    |    select|   0|  0|   2|           1|           1|
    |select_ln787_54_fu_7830_p3    |    select|   0|  0|   2|           1|           1|
    |select_ln787_55_fu_7964_p3    |    select|   0|  0|   2|           1|           1|
    |select_ln787_5_fu_1264_p3     |    select|   0|  0|   2|           1|           1|
    |select_ln787_6_fu_1398_p3     |    select|   0|  0|   2|           1|           1|
    |select_ln787_7_fu_1532_p3     |    select|   0|  0|   2|           1|           1|
    |select_ln787_8_fu_1666_p3     |    select|   0|  0|   2|           1|           1|
    |select_ln787_9_fu_1800_p3     |    select|   0|  0|   2|           1|           1|
    |select_ln787_fu_594_p3        |    select|   0|  0|   2|           1|           1|
    +------------------------------+----------+----+---+----+------------+------------+
    |Total                         |          |   0|  0|2408|        2240|        1848|
    +------------------------------+----------+----+---+----+------------+------------+

    * Multiplexer: 
    N/A

    * Register: 
    N/A



================================================================
== Interface
================================================================
* Summary: 
+--------------+-----+-----+------------+------------------------------------------------------------------------+--------------+
|   RTL Ports  | Dir | Bits|  Protocol  |                              Source Object                             |    C Type    |
+--------------+-----+-----+------------+------------------------------------------------------------------------+--------------+
|ap_ready      |  out|    1|  ap_ctrl_hs|  relu<ap_fixed<16, 4, 5, 3, 0>, ap_ufixed<8, 1, 4, 0, 0>, relu_config4>|  return value|
|ap_return_0   |  out|    8|  ap_ctrl_hs|  relu<ap_fixed<16, 4, 5, 3, 0>, ap_ufixed<8, 1, 4, 0, 0>, relu_config4>|  return value|
|ap_return_1   |  out|    8|  ap_ctrl_hs|  relu<ap_fixed<16, 4, 5, 3, 0>, ap_ufixed<8, 1, 4, 0, 0>, relu_config4>|  return value|
|ap_return_2   |  out|    8|  ap_ctrl_hs|  relu<ap_fixed<16, 4, 5, 3, 0>, ap_ufixed<8, 1, 4, 0, 0>, relu_config4>|  return value|
|ap_return_3   |  out|    8|  ap_ctrl_hs|  relu<ap_fixed<16, 4, 5, 3, 0>, ap_ufixed<8, 1, 4, 0, 0>, relu_config4>|  return value|
|ap_return_4   |  out|    8|  ap_ctrl_hs|  relu<ap_fixed<16, 4, 5, 3, 0>, ap_ufixed<8, 1, 4, 0, 0>, relu_config4>|  return value|
|ap_return_5   |  out|    8|  ap_ctrl_hs|  relu<ap_fixed<16, 4, 5, 3, 0>, ap_ufixed<8, 1, 4, 0, 0>, relu_config4>|  return value|
|ap_return_6   |  out|    8|  ap_ctrl_hs|  relu<ap_fixed<16, 4, 5, 3, 0>, ap_ufixed<8, 1, 4, 0, 0>, relu_config4>|  return value|
|ap_return_7   |  out|    8|  ap_ctrl_hs|  relu<ap_fixed<16, 4, 5, 3, 0>, ap_ufixed<8, 1, 4, 0, 0>, relu_config4>|  return value|
|ap_return_8   |  out|    8|  ap_ctrl_hs|  relu<ap_fixed<16, 4, 5, 3, 0>, ap_ufixed<8, 1, 4, 0, 0>, relu_config4>|  return value|
|ap_return_9   |  out|    8|  ap_ctrl_hs|  relu<ap_fixed<16, 4, 5, 3, 0>, ap_ufixed<8, 1, 4, 0, 0>, relu_config4>|  return value|
|ap_return_10  |  out|    8|  ap_ctrl_hs|  relu<ap_fixed<16, 4, 5, 3, 0>, ap_ufixed<8, 1, 4, 0, 0>, relu_config4>|  return value|
|ap_return_11  |  out|    8|  ap_ctrl_hs|  relu<ap_fixed<16, 4, 5, 3, 0>, ap_ufixed<8, 1, 4, 0, 0>, relu_config4>|  return value|
|ap_return_12  |  out|    8|  ap_ctrl_hs|  relu<ap_fixed<16, 4, 5, 3, 0>, ap_ufixed<8, 1, 4, 0, 0>, relu_config4>|  return value|
|ap_return_13  |  out|    8|  ap_ctrl_hs|  relu<ap_fixed<16, 4, 5, 3, 0>, ap_ufixed<8, 1, 4, 0, 0>, relu_config4>|  return value|
|ap_return_14  |  out|    8|  ap_ctrl_hs|  relu<ap_fixed<16, 4, 5, 3, 0>, ap_ufixed<8, 1, 4, 0, 0>, relu_config4>|  return value|
|ap_return_15  |  out|    8|  ap_ctrl_hs|  relu<ap_fixed<16, 4, 5, 3, 0>, ap_ufixed<8, 1, 4, 0, 0>, relu_config4>|  return value|
|ap_return_16  |  out|    8|  ap_ctrl_hs|  relu<ap_fixed<16, 4, 5, 3, 0>, ap_ufixed<8, 1, 4, 0, 0>, relu_config4>|  return value|
|ap_return_17  |  out|    8|  ap_ctrl_hs|  relu<ap_fixed<16, 4, 5, 3, 0>, ap_ufixed<8, 1, 4, 0, 0>, relu_config4>|  return value|
|ap_return_18  |  out|    8|  ap_ctrl_hs|  relu<ap_fixed<16, 4, 5, 3, 0>, ap_ufixed<8, 1, 4, 0, 0>, relu_config4>|  return value|
|ap_return_19  |  out|    8|  ap_ctrl_hs|  relu<ap_fixed<16, 4, 5, 3, 0>, ap_ufixed<8, 1, 4, 0, 0>, relu_config4>|  return value|
|ap_return_20  |  out|    8|  ap_ctrl_hs|  relu<ap_fixed<16, 4, 5, 3, 0>, ap_ufixed<8, 1, 4, 0, 0>, relu_config4>|  return value|
|ap_return_21  |  out|    8|  ap_ctrl_hs|  relu<ap_fixed<16, 4, 5, 3, 0>, ap_ufixed<8, 1, 4, 0, 0>, relu_config4>|  return value|
|ap_return_22  |  out|    8|  ap_ctrl_hs|  relu<ap_fixed<16, 4, 5, 3, 0>, ap_ufixed<8, 1, 4, 0, 0>, relu_config4>|  return value|
|ap_return_23  |  out|    8|  ap_ctrl_hs|  relu<ap_fixed<16, 4, 5, 3, 0>, ap_ufixed<8, 1, 4, 0, 0>, relu_config4>|  return value|
|ap_return_24  |  out|    8|  ap_ctrl_hs|  relu<ap_fixed<16, 4, 5, 3, 0>, ap_ufixed<8, 1, 4, 0, 0>, relu_config4>|  return value|
|ap_return_25  |  out|    8|  ap_ctrl_hs|  relu<ap_fixed<16, 4, 5, 3, 0>, ap_ufixed<8, 1, 4, 0, 0>, relu_config4>|  return value|
|ap_return_26  |  out|    8|  ap_ctrl_hs|  relu<ap_fixed<16, 4, 5, 3, 0>, ap_ufixed<8, 1, 4, 0, 0>, relu_config4>|  return value|
|ap_return_27  |  out|    8|  ap_ctrl_hs|  relu<ap_fixed<16, 4, 5, 3, 0>, ap_ufixed<8, 1, 4, 0, 0>, relu_config4>|  return value|
|ap_return_28  |  out|    8|  ap_ctrl_hs|  relu<ap_fixed<16, 4, 5, 3, 0>, ap_ufixed<8, 1, 4, 0, 0>, relu_config4>|  return value|
|ap_return_29  |  out|    8|  ap_ctrl_hs|  relu<ap_fixed<16, 4, 5, 3, 0>, ap_ufixed<8, 1, 4, 0, 0>, relu_config4>|  return value|
|ap_return_30  |  out|    8|  ap_ctrl_hs|  relu<ap_fixed<16, 4, 5, 3, 0>, ap_ufixed<8, 1, 4, 0, 0>, relu_config4>|  return value|
|ap_return_31  |  out|    8|  ap_ctrl_hs|  relu<ap_fixed<16, 4, 5, 3, 0>, ap_ufixed<8, 1, 4, 0, 0>, relu_config4>|  return value|
|ap_return_32  |  out|    8|  ap_ctrl_hs|  relu<ap_fixed<16, 4, 5, 3, 0>, ap_ufixed<8, 1, 4, 0, 0>, relu_config4>|  return value|
|ap_return_33  |  out|    8|  ap_ctrl_hs|  relu<ap_fixed<16, 4, 5, 3, 0>, ap_ufixed<8, 1, 4, 0, 0>, relu_config4>|  return value|
|ap_return_34  |  out|    8|  ap_ctrl_hs|  relu<ap_fixed<16, 4, 5, 3, 0>, ap_ufixed<8, 1, 4, 0, 0>, relu_config4>|  return value|
|ap_return_35  |  out|    8|  ap_ctrl_hs|  relu<ap_fixed<16, 4, 5, 3, 0>, ap_ufixed<8, 1, 4, 0, 0>, relu_config4>|  return value|
|ap_return_36  |  out|    8|  ap_ctrl_hs|  relu<ap_fixed<16, 4, 5, 3, 0>, ap_ufixed<8, 1, 4, 0, 0>, relu_config4>|  return value|
|ap_return_37  |  out|    8|  ap_ctrl_hs|  relu<ap_fixed<16, 4, 5, 3, 0>, ap_ufixed<8, 1, 4, 0, 0>, relu_config4>|  return value|
|ap_return_38  |  out|    8|  ap_ctrl_hs|  relu<ap_fixed<16, 4, 5, 3, 0>, ap_ufixed<8, 1, 4, 0, 0>, relu_config4>|  return value|
|ap_return_39  |  out|    8|  ap_ctrl_hs|  relu<ap_fixed<16, 4, 5, 3, 0>, ap_ufixed<8, 1, 4, 0, 0>, relu_config4>|  return value|
|ap_return_40  |  out|    8|  ap_ctrl_hs|  relu<ap_fixed<16, 4, 5, 3, 0>, ap_ufixed<8, 1, 4, 0, 0>, relu_config4>|  return value|
|ap_return_41  |  out|    8|  ap_ctrl_hs|  relu<ap_fixed<16, 4, 5, 3, 0>, ap_ufixed<8, 1, 4, 0, 0>, relu_config4>|  return value|
|ap_return_42  |  out|    8|  ap_ctrl_hs|  relu<ap_fixed<16, 4, 5, 3, 0>, ap_ufixed<8, 1, 4, 0, 0>, relu_config4>|  return value|
|ap_return_43  |  out|    8|  ap_ctrl_hs|  relu<ap_fixed<16, 4, 5, 3, 0>, ap_ufixed<8, 1, 4, 0, 0>, relu_config4>|  return value|
|ap_return_44  |  out|    8|  ap_ctrl_hs|  relu<ap_fixed<16, 4, 5, 3, 0>, ap_ufixed<8, 1, 4, 0, 0>, relu_config4>|  return value|
|ap_return_45  |  out|    8|  ap_ctrl_hs|  relu<ap_fixed<16, 4, 5, 3, 0>, ap_ufixed<8, 1, 4, 0, 0>, relu_config4>|  return value|
|ap_return_46  |  out|    8|  ap_ctrl_hs|  relu<ap_fixed<16, 4, 5, 3, 0>, ap_ufixed<8, 1, 4, 0, 0>, relu_config4>|  return value|
|ap_return_47  |  out|    8|  ap_ctrl_hs|  relu<ap_fixed<16, 4, 5, 3, 0>, ap_ufixed<8, 1, 4, 0, 0>, relu_config4>|  return value|
|ap_return_48  |  out|    8|  ap_ctrl_hs|  relu<ap_fixed<16, 4, 5, 3, 0>, ap_ufixed<8, 1, 4, 0, 0>, relu_config4>|  return value|
|ap_return_49  |  out|    8|  ap_ctrl_hs|  relu<ap_fixed<16, 4, 5, 3, 0>, ap_ufixed<8, 1, 4, 0, 0>, relu_config4>|  return value|
|ap_return_50  |  out|    8|  ap_ctrl_hs|  relu<ap_fixed<16, 4, 5, 3, 0>, ap_ufixed<8, 1, 4, 0, 0>, relu_config4>|  return value|
|ap_return_51  |  out|    8|  ap_ctrl_hs|  relu<ap_fixed<16, 4, 5, 3, 0>, ap_ufixed<8, 1, 4, 0, 0>, relu_config4>|  return value|
|ap_return_52  |  out|    8|  ap_ctrl_hs|  relu<ap_fixed<16, 4, 5, 3, 0>, ap_ufixed<8, 1, 4, 0, 0>, relu_config4>|  return value|
|ap_return_53  |  out|    8|  ap_ctrl_hs|  relu<ap_fixed<16, 4, 5, 3, 0>, ap_ufixed<8, 1, 4, 0, 0>, relu_config4>|  return value|
|ap_return_54  |  out|    8|  ap_ctrl_hs|  relu<ap_fixed<16, 4, 5, 3, 0>, ap_ufixed<8, 1, 4, 0, 0>, relu_config4>|  return value|
|ap_return_55  |  out|    8|  ap_ctrl_hs|  relu<ap_fixed<16, 4, 5, 3, 0>, ap_ufixed<8, 1, 4, 0, 0>, relu_config4>|  return value|
|p_read        |   in|   16|     ap_none|                                                                  p_read|        scalar|
|p_read1       |   in|   16|     ap_none|                                                                 p_read1|        scalar|
|p_read2       |   in|   16|     ap_none|                                                                 p_read2|        scalar|
|p_read3       |   in|   16|     ap_none|                                                                 p_read3|        scalar|
|p_read4       |   in|   16|     ap_none|                                                                 p_read4|        scalar|
|p_read5       |   in|   16|     ap_none|                                                                 p_read5|        scalar|
|p_read6       |   in|   16|     ap_none|                                                                 p_read6|        scalar|
|p_read7       |   in|   16|     ap_none|                                                                 p_read7|        scalar|
|p_read8       |   in|   16|     ap_none|                                                                 p_read8|        scalar|
|p_read9       |   in|   16|     ap_none|                                                                 p_read9|        scalar|
|p_read10      |   in|   16|     ap_none|                                                                p_read10|        scalar|
|p_read11      |   in|   16|     ap_none|                                                                p_read11|        scalar|
|p_read12      |   in|   16|     ap_none|                                                                p_read12|        scalar|
|p_read13      |   in|   16|     ap_none|                                                                p_read13|        scalar|
|p_read14      |   in|   16|     ap_none|                                                                p_read14|        scalar|
|p_read15      |   in|   16|     ap_none|                                                                p_read15|        scalar|
|p_read16      |   in|   16|     ap_none|                                                                p_read16|        scalar|
|p_read17      |   in|   16|     ap_none|                                                                p_read17|        scalar|
|p_read18      |   in|   16|     ap_none|                                                                p_read18|        scalar|
|p_read19      |   in|   16|     ap_none|                                                                p_read19|        scalar|
|p_read20      |   in|   16|     ap_none|                                                                p_read20|        scalar|
|p_read21      |   in|   16|     ap_none|                                                                p_read21|        scalar|
|p_read22      |   in|   16|     ap_none|                                                                p_read22|        scalar|
|p_read23      |   in|   16|     ap_none|                                                                p_read23|        scalar|
|p_read24      |   in|   16|     ap_none|                                                                p_read24|        scalar|
|p_read25      |   in|   16|     ap_none|                                                                p_read25|        scalar|
|p_read26      |   in|   16|     ap_none|                                                                p_read26|        scalar|
|p_read27      |   in|   16|     ap_none|                                                                p_read27|        scalar|
|p_read28      |   in|   16|     ap_none|                                                                p_read28|        scalar|
|p_read29      |   in|   16|     ap_none|                                                                p_read29|        scalar|
|p_read30      |   in|   16|     ap_none|                                                                p_read30|        scalar|
|p_read31      |   in|   16|     ap_none|                                                                p_read31|        scalar|
|p_read32      |   in|   16|     ap_none|                                                                p_read32|        scalar|
|p_read33      |   in|   16|     ap_none|                                                                p_read33|        scalar|
|p_read34      |   in|   16|     ap_none|                                                                p_read34|        scalar|
|p_read35      |   in|   16|     ap_none|                                                                p_read35|        scalar|
|p_read36      |   in|   16|     ap_none|                                                                p_read36|        scalar|
|p_read37      |   in|   16|     ap_none|                                                                p_read37|        scalar|
|p_read38      |   in|   16|     ap_none|                                                                p_read38|        scalar|
|p_read39      |   in|   16|     ap_none|                                                                p_read39|        scalar|
|p_read40      |   in|   16|     ap_none|                                                                p_read40|        scalar|
|p_read41      |   in|   16|     ap_none|                                                                p_read41|        scalar|
|p_read42      |   in|   16|     ap_none|                                                                p_read42|        scalar|
|p_read43      |   in|   16|     ap_none|                                                                p_read43|        scalar|
|p_read44      |   in|   16|     ap_none|                                                                p_read44|        scalar|
|p_read45      |   in|   16|     ap_none|                                                                p_read45|        scalar|
|p_read46      |   in|   16|     ap_none|                                                                p_read46|        scalar|
|p_read47      |   in|   16|     ap_none|                                                                p_read47|        scalar|
|p_read48      |   in|   16|     ap_none|                                                                p_read48|        scalar|
|p_read49      |   in|   16|     ap_none|                                                                p_read49|        scalar|
|p_read50      |   in|   16|     ap_none|                                                                p_read50|        scalar|
|p_read51      |   in|   16|     ap_none|                                                                p_read51|        scalar|
|p_read52      |   in|   16|     ap_none|                                                                p_read52|        scalar|
|p_read53      |   in|   16|     ap_none|                                                                p_read53|        scalar|
|p_read54      |   in|   16|     ap_none|                                                                p_read54|        scalar|
|p_read55      |   in|   16|     ap_none|                                                                p_read55|        scalar|
+--------------+-----+-----+------------+------------------------------------------------------------------------+--------------+

