

================================================================
== Vitis HLS Report for 'relu_ap_fixed_16_4_5_3_0_ap_ufixed_8_0_4_0_0_relu_config4_s'
================================================================
* Date:           Sat Jul 22 14:10:36 2023

* Version:        2021.1 (Build 3247384 on Thu Jun 10 19:36:07 MDT 2021)
* Project:        myproject_prj
* Solution:       solution1 (Vivado IP Flow Target)
* Product family: zynq
* Target device:  xc7z007s-clg225-2


================================================================
== Performance Estimates
================================================================
+ Timing: 
    * Summary: 
    +--------+---------+----------+------------+
    |  Clock |  Target | Estimated| Uncertainty|
    +--------+---------+----------+------------+
    |ap_clk  |  3.33 ns|  2.587 ns|     0.42 ns|
    +--------+---------+----------+------------+

+ Latency: 
    * Summary: 
    +---------+---------+----------+----------+-----+-----+---------+
    |  Latency (cycles) |  Latency (absolute) |  Interval | Pipeline|
    |   min   |   max   |    min   |    max   | min | max |   Type  |
    +---------+---------+----------+----------+-----+-----+---------+
    |        1|        1|  3.330 ns|  3.330 ns|    1|    1|      yes|
    +---------+---------+----------+----------+-----+-----+---------+

    + Detail: 
        * Instance: 
        N/A

        * Loop: 
        N/A



================================================================
== Utilization Estimates
================================================================
* Summary: 
+-----------------+---------+----+-------+-------+-----+
|       Name      | BRAM_18K| DSP|   FF  |  LUT  | URAM|
+-----------------+---------+----+-------+-------+-----+
|DSP              |        -|   -|      -|      -|    -|
|Expression       |        -|   -|      0|    129|    -|
|FIFO             |        -|   -|      -|      -|    -|
|Instance         |        -|   -|      -|      -|    -|
|Memory           |        -|   -|      -|      -|    -|
|Multiplexer      |        -|   -|      -|     39|    -|
|Register         |        -|   -|    103|      -|    -|
+-----------------+---------+----+-------+-------+-----+
|Total            |        0|   0|    103|    168|    0|
+-----------------+---------+----+-------+-------+-----+
|Available        |      100|  66|  28800|  14400|    0|
+-----------------+---------+----+-------+-------+-----+
|Utilization (%)  |        0|   0|     ~0|      1|    0|
+-----------------+---------+----+-------+-------+-----+

+ Detail: 
    * Instance: 
    N/A

    * DSP: 
    N/A

    * Memory: 
    N/A

    * FIFO: 
    N/A

    * Expression: 
    +---------------------------+----------+----+---+----+------------+------------+
    |       Variable Name       | Operation| DSP| FF| LUT| Bitwidth P0| Bitwidth P1|
    +---------------------------+----------+----+---+----+------------+------------+
    |add_ln415_1_fu_200_p2      |         +|   0|  0|   8|           8|           8|
    |add_ln415_2_fu_280_p2      |         +|   0|  0|   8|           8|           8|
    |add_ln415_fu_120_p2        |         +|   0|  0|   8|           8|           8|
    |and_ln412_1_fu_190_p2      |       and|   0|  0|   1|           1|           1|
    |and_ln412_2_fu_270_p2      |       and|   0|  0|   1|           1|           1|
    |and_ln412_fu_110_p2        |       and|   0|  0|   1|           1|           1|
    |icmp_ln1049_1_fu_216_p2    |      icmp|   0|  0|   2|           4|           2|
    |icmp_ln1049_2_fu_296_p2    |      icmp|   0|  0|   2|           4|           2|
    |icmp_ln1049_fu_136_p2      |      icmp|   0|  0|   2|           4|           2|
    |icmp_ln1547_1_fu_355_p2    |      icmp|   0|  0|   7|          16|           1|
    |icmp_ln1547_2_fu_402_p2    |      icmp|   0|  0|   7|          16|           1|
    |icmp_ln1547_fu_308_p2      |      icmp|   0|  0|   7|          16|           1|
    |icmp_ln727_1_fu_178_p2     |      icmp|   0|  0|   2|           3|           1|
    |icmp_ln727_2_fu_258_p2     |      icmp|   0|  0|   2|           3|           1|
    |icmp_ln727_fu_98_p2        |      icmp|   0|  0|   2|           3|           1|
    |icmp_ln777_1_fu_222_p2     |      icmp|   0|  0|   2|           4|           1|
    |icmp_ln777_2_fu_302_p2     |      icmp|   0|  0|   2|           4|           1|
    |icmp_ln777_fu_142_p2       |      icmp|   0|  0|   2|           4|           1|
    |or_ln412_1_fu_184_p2       |        or|   0|  0|   1|           1|           1|
    |or_ln412_2_fu_264_p2       |        or|   0|  0|   1|           1|           1|
    |or_ln412_fu_104_p2         |        or|   0|  0|   1|           1|           1|
    |select_ln1547_1_fu_394_p3  |    select|   0|  0|   8|           1|           8|
    |select_ln1547_2_fu_441_p3  |    select|   0|  0|   8|           1|           8|
    |select_ln1547_fu_347_p3    |    select|   0|  0|   8|           1|           8|
    |select_ln394_1_fu_387_p3   |    select|   0|  0|   8|           1|           8|
    |select_ln394_2_fu_434_p3   |    select|   0|  0|   8|           1|           8|
    |select_ln394_fu_340_p3     |    select|   0|  0|   8|           1|           8|
    |select_ln403_1_fu_380_p3   |    select|   0|  0|   2|           1|           1|
    |select_ln403_2_fu_427_p3   |    select|   0|  0|   2|           1|           1|
    |select_ln403_fu_333_p3     |    select|   0|  0|   2|           1|           1|
    |select_ln787_1_fu_374_p3   |    select|   0|  0|   2|           1|           1|
    |select_ln787_2_fu_421_p3   |    select|   0|  0|   2|           1|           1|
    |select_ln787_fu_327_p3     |    select|   0|  0|   2|           1|           1|
    +---------------------------+----------+----+---+----+------------+------------+
    |Total                      |          |   0|  0| 129|         123|          99|
    +---------------------------+----------+----+---+----+------------+------------+

    * Multiplexer: 
    +-------------+----+-----------+-----+-----------+
    |     Name    | LUT| Input Size| Bits| Total Bits|
    +-------------+----+-----------+-----+-----------+
    |ap_return_0  |  13|          3|    8|         24|
    |ap_return_1  |  13|          3|    8|         24|
    |ap_return_2  |  13|          3|    8|         24|
    +-------------+----+-----------+-----+-----------+
    |Total        |  39|          9|   24|         72|
    +-------------+----+-----------+-----+-----------+

    * Register: 
    +-----------------------+----+----+-----+-----------+
    |          Name         | FF | LUT| Bits| Const Bits|
    +-----------------------+----+----+-----+-----------+
    |add_ln415_1_reg_502    |   8|   0|    8|          0|
    |add_ln415_2_reg_519    |   8|   0|    8|          0|
    |add_ln415_reg_485      |   8|   0|    8|          0|
    |ap_ce_reg              |   1|   0|    1|          0|
    |ap_return_0_int_reg    |   8|   0|    8|          0|
    |ap_return_1_int_reg    |   8|   0|    8|          0|
    |ap_return_2_int_reg    |   8|   0|    8|          0|
    |icmp_ln1049_1_reg_508  |   1|   0|    1|          0|
    |icmp_ln1049_2_reg_525  |   1|   0|    1|          0|
    |icmp_ln1049_reg_491    |   1|   0|    1|          0|
    |icmp_ln777_1_reg_513   |   1|   0|    1|          0|
    |icmp_ln777_2_reg_530   |   1|   0|    1|          0|
    |icmp_ln777_reg_496     |   1|   0|    1|          0|
    |p_read14_reg_473       |  16|   0|   16|          0|
    |p_read_4_reg_467       |  16|   0|   16|          0|
    |p_read_5_reg_479       |  16|   0|   16|          0|
    +-----------------------+----+----+-----+-----------+
    |Total                  | 103|   0|  103|          0|
    +-----------------------+----+----+-----+-----------+



================================================================
== Interface
================================================================
* Summary: 
+-------------+-----+-----+------------+------------------------------------------------------------------------+--------------+
|  RTL Ports  | Dir | Bits|  Protocol  |                              Source Object                             |    C Type    |
+-------------+-----+-----+------------+------------------------------------------------------------------------+--------------+
|ap_clk       |   in|    1|  ap_ctrl_hs|  relu<ap_fixed<16, 4, 5, 3, 0>, ap_ufixed<8, 0, 4, 0, 0>, relu_config4>|  return value|
|ap_rst       |   in|    1|  ap_ctrl_hs|  relu<ap_fixed<16, 4, 5, 3, 0>, ap_ufixed<8, 0, 4, 0, 0>, relu_config4>|  return value|
|ap_return_0  |  out|    8|  ap_ctrl_hs|  relu<ap_fixed<16, 4, 5, 3, 0>, ap_ufixed<8, 0, 4, 0, 0>, relu_config4>|  return value|
|ap_return_1  |  out|    8|  ap_ctrl_hs|  relu<ap_fixed<16, 4, 5, 3, 0>, ap_ufixed<8, 0, 4, 0, 0>, relu_config4>|  return value|
|ap_return_2  |  out|    8|  ap_ctrl_hs|  relu<ap_fixed<16, 4, 5, 3, 0>, ap_ufixed<8, 0, 4, 0, 0>, relu_config4>|  return value|
|ap_ce        |   in|    1|  ap_ctrl_hs|  relu<ap_fixed<16, 4, 5, 3, 0>, ap_ufixed<8, 0, 4, 0, 0>, relu_config4>|  return value|
|p_read       |   in|   16|     ap_none|                                                                  p_read|        scalar|
|p_read1      |   in|   16|     ap_none|                                                                 p_read1|        scalar|
|p_read2      |   in|   16|     ap_none|                                                                 p_read2|        scalar|
+-------------+-----+-----+------------+------------------------------------------------------------------------+--------------+

