

================================================================
== Vitis HLS Report for 'dense_latency_ap_ufixed_8_0_4_0_0_ap_fixed_16_4_5_3_0_config5_s'
================================================================
* Date:           Wed Jul 19 12:53:37 2023

* Version:        2021.1 (Build 3247384 on Thu Jun 10 19:36:07 MDT 2021)
* Project:        myproject_prj
* Solution:       solution1 (Vivado IP Flow Target)
* Product family: zynq
* Target device:  xc7z007s-clg225-2


================================================================
== Performance Estimates
================================================================
+ Timing: 
    * Summary: 
    +--------+---------+----------+------------+
    |  Clock |  Target | Estimated| Uncertainty|
    +--------+---------+----------+------------+
    |ap_clk  |  5.00 ns|  5.282 ns|     0.62 ns|
    +--------+---------+----------+------------+

+ Latency: 
    * Summary: 
    +---------+---------+-----------+-----------+-----+-----+---------+
    |  Latency (cycles) |   Latency (absolute)  |  Interval | Pipeline|
    |   min   |   max   |    min    |    max    | min | max |   Type  |
    +---------+---------+-----------+-----------+-----+-----+---------+
    |        7|        7|  36.974 ns|  36.974 ns|    8|    8|      yes|
    +---------+---------+-----------+-----------+-----+-----+---------+

    + Detail: 
        * Instance: 
        N/A

        * Loop: 
        N/A

============================================================
+ Verbose Summary: Synthesis Manager
============================================================
InlineROM: 1
ExposeGlobal: 0
============================================================
+ Verbose Summary: CDFG Model
============================================================
IsTopModel: 0
ResetActiveHigh: 1
IsCombinational: 0
IsDatapathOnly: 0
HasWiredReturn: 1
HasMFsm: 2
HasVarLatency: 0
IsPipeline: 1
IsRtlPipelined: 0
IsInstanceOverlapped: 0
IsDontTouch: 0
HasImplIP: 0
IsGatedGlobalClock: 0

+ Individual pipeline summary: 
  * Pipeline-0: initiation interval (II) = 8, depth = 8


============================================================
+ Verbose Summary: Schedule
============================================================
* Number of FSM states : 8
* Pipeline : 1
  Pipeline-0 : II = 8, D = 8, States = { 1 2 3 4 5 6 7 8 }
* Dataflow Pipeline: 0

* FSM state transitions: 
1 --> 2 
2 --> 3 
3 --> 4 
4 --> 5 
5 --> 6 
6 --> 7 
7 --> 8 
8 --> 

* FSM state operations: 

State 1 <SV = 0> <Delay = 5.28>
ST_1 : Operation 9 [1/1] (0.00ns)   --->   "%p_read_13 = read i8 @_ssdm_op_Read.ap_auto.i8, i8 %p_read"   --->   Operation 9 'read' 'p_read_13' <Predicate = true> <Delay = 0.00>
ST_1 : Operation 10 [1/1] (0.00ns)   --->   "%zext_ln717 = zext i8 %p_read_13"   --->   Operation 10 'zext' 'zext_ln717' <Predicate = true> <Delay = 0.00>
ST_1 : Operation 11 [1/1] (5.28ns)   --->   "%mul_ln717 = mul i12 %zext_ln717, i12 11"   --->   Operation 11 'mul' 'mul_ln717' <Predicate = true> <Delay = 5.28> <CoreInst = "Mul_LUT">   --->   Core 4 'Mul_LUT' <Latency = 0> <II = 1> <Delay = 5.28> <FuncUnit> <Opcode : 'mul'> <InPorts = 2> <OutPorts = 1>
ST_1 : Operation 12 [1/1] (0.00ns)   --->   "%lshr_ln = partselect i9 @_ssdm_op_PartSelect.i9.i12.i32.i32, i12 %mul_ln717, i32 3, i32 11"   --->   Operation 12 'partselect' 'lshr_ln' <Predicate = true> <Delay = 0.00>

State 2 <SV = 1> <Delay = 5.28>
ST_2 : Operation 13 [1/1] (0.00ns)   --->   "%p_read_12 = read i8 @_ssdm_op_Read.ap_auto.i8, i8 %p_read2"   --->   Operation 13 'read' 'p_read_12' <Predicate = true> <Delay = 0.00>
ST_2 : Operation 14 [1/1] (0.00ns)   --->   "%zext_ln1171_10 = zext i8 %p_read_12"   --->   Operation 14 'zext' 'zext_ln1171_10' <Predicate = true> <Delay = 0.00>
ST_2 : Operation 15 [1/1] (5.28ns)   --->   "%mul_ln1171_2 = mul i15 %zext_ln1171_10, i15 100"   --->   Operation 15 'mul' 'mul_ln1171_2' <Predicate = true> <Delay = 5.28> <CoreInst = "Mul_LUT">   --->   Core 4 'Mul_LUT' <Latency = 0> <II = 1> <Delay = 5.28> <FuncUnit> <Opcode : 'mul'> <InPorts = 2> <OutPorts = 1>
ST_2 : Operation 16 [1/1] (0.00ns)   --->   "%trunc_ln1171_1 = partselect i12 @_ssdm_op_PartSelect.i12.i15.i32.i32, i15 %mul_ln1171_2, i32 3, i32 14"   --->   Operation 16 'partselect' 'trunc_ln1171_1' <Predicate = true> <Delay = 0.00>

State 3 <SV = 2> <Delay = 5.28>
ST_3 : Operation 17 [1/1] (0.00ns)   --->   "%p_read_11 = read i8 @_ssdm_op_Read.ap_auto.i8, i8 %p_read3"   --->   Operation 17 'read' 'p_read_11' <Predicate = true> <Delay = 0.00>
ST_3 : Operation 18 [1/1] (0.00ns)   --->   "%zext_ln717_1 = zext i9 %lshr_ln"   --->   Operation 18 'zext' 'zext_ln717_1' <Predicate = true> <Delay = 0.00>
ST_3 : Operation 19 [1/1] (0.00ns)   --->   "%zext_ln1171_13 = zext i8 %p_read_11"   --->   Operation 19 'zext' 'zext_ln1171_13' <Predicate = true> <Delay = 0.00>
ST_3 : Operation 20 [1/1] (5.28ns)   --->   "%mul_ln1171_4 = mul i14 %zext_ln1171_13, i14 44"   --->   Operation 20 'mul' 'mul_ln1171_4' <Predicate = true> <Delay = 5.28> <CoreInst = "Mul_LUT">   --->   Core 4 'Mul_LUT' <Latency = 0> <II = 1> <Delay = 5.28> <FuncUnit> <Opcode : 'mul'> <InPorts = 2> <OutPorts = 1>
ST_3 : Operation 21 [1/1] (0.00ns)   --->   "%lshr_ln717_s = partselect i11 @_ssdm_op_PartSelect.i11.i14.i32.i32, i14 %mul_ln1171_4, i32 3, i32 13"   --->   Operation 21 'partselect' 'lshr_ln717_s' <Predicate = true> <Delay = 0.00>
ST_3 : Operation 22 [1/1] (1.54ns)   --->   "%add_ln712_2 = add i12 %zext_ln717_1, i12 %trunc_ln1171_1"   --->   Operation 22 'add' 'add_ln712_2' <Predicate = true> <Delay = 1.54> <CoreInst = "Adder">   --->   Core 1 'Adder' <Latency = 0> <II = 1> <Delay = 1.52> <FuncUnit> <Opcode : 'add' 'sub'> <InPorts = 2> <OutPorts = 1>

State 4 <SV = 3> <Delay = 5.28>
ST_4 : Operation 23 [1/1] (0.00ns)   --->   "%p_read_10 = read i8 @_ssdm_op_Read.ap_auto.i8, i8 %p_read4"   --->   Operation 23 'read' 'p_read_10' <Predicate = true> <Delay = 0.00>
ST_4 : Operation 24 [1/1] (0.00ns)   --->   "%zext_ln1171 = zext i8 %p_read_13"   --->   Operation 24 'zext' 'zext_ln1171' <Predicate = true> <Delay = 0.00>
ST_4 : Operation 25 [1/1] (5.28ns)   --->   "%mul_ln1171 = mul i14 %zext_ln1171, i14 59"   --->   Operation 25 'mul' 'mul_ln1171' <Predicate = true> <Delay = 5.28> <CoreInst = "Mul_LUT">   --->   Core 4 'Mul_LUT' <Latency = 0> <II = 1> <Delay = 5.28> <FuncUnit> <Opcode : 'mul'> <InPorts = 2> <OutPorts = 1>
ST_4 : Operation 26 [1/1] (0.00ns)   --->   "%lshr_ln717_8 = partselect i11 @_ssdm_op_PartSelect.i11.i14.i32.i32, i14 %mul_ln1171, i32 3, i32 13"   --->   Operation 26 'partselect' 'lshr_ln717_8' <Predicate = true> <Delay = 0.00>
ST_4 : Operation 27 [1/1] (0.00ns)   --->   "%zext_ln1171_14 = zext i8 %p_read_10"   --->   Operation 27 'zext' 'zext_ln1171_14' <Predicate = true> <Delay = 0.00>
ST_4 : Operation 28 [1/1] (0.00ns)   --->   "%shl_ln1171_8 = bitconcatenate i13 @_ssdm_op_BitConcatenate.i13.i8.i5, i8 %p_read_10, i5 0"   --->   Operation 28 'bitconcatenate' 'shl_ln1171_8' <Predicate = true> <Delay = 0.00>
ST_4 : Operation 29 [1/1] (0.00ns)   --->   "%zext_ln1171_15 = zext i13 %shl_ln1171_8"   --->   Operation 29 'zext' 'zext_ln1171_15' <Predicate = true> <Delay = 0.00>
ST_4 : Operation 30 [1/1] (1.53ns)   --->   "%sub_ln1171_1 = sub i14 0, i14 %zext_ln1171_15"   --->   Operation 30 'sub' 'sub_ln1171_1' <Predicate = true> <Delay = 1.53> <CoreInst = "Adder">   --->   Core 1 'Adder' <Latency = 0> <II = 1> <Delay = 1.52> <FuncUnit> <Opcode : 'add' 'sub'> <InPorts = 2> <OutPorts = 1>
ST_4 : Operation 31 [1/1] (0.00ns)   --->   "%sext_ln1171_4 = sext i14 %sub_ln1171_1"   --->   Operation 31 'sext' 'sext_ln1171_4' <Predicate = true> <Delay = 0.00>
ST_4 : Operation 32 [1/1] (1.52ns)   --->   "%sub_ln1171_2 = sub i15 %sext_ln1171_4, i15 %zext_ln1171_14"   --->   Operation 32 'sub' 'sub_ln1171_2' <Predicate = true> <Delay = 1.52> <CoreInst = "Adder">   --->   Core 1 'Adder' <Latency = 0> <II = 1> <Delay = 1.52> <FuncUnit> <Opcode : 'add' 'sub'> <InPorts = 2> <OutPorts = 1>
ST_4 : Operation 33 [1/1] (0.00ns)   --->   "%trunc_ln717_3 = partselect i12 @_ssdm_op_PartSelect.i12.i15.i32.i32, i15 %sub_ln1171_2, i32 3, i32 14"   --->   Operation 33 'partselect' 'trunc_ln717_3' <Predicate = true> <Delay = 0.00>

State 5 <SV = 4> <Delay = 5.28>
ST_5 : Operation 34 [1/1] (0.00ns)   --->   "%p_read111 = read i8 @_ssdm_op_Read.ap_auto.i8, i8 %p_read1"   --->   Operation 34 'read' 'p_read111' <Predicate = true> <Delay = 0.00>
ST_5 : Operation 35 [1/1] (0.00ns)   --->   "%zext_ln1171_6 = zext i8 %p_read111"   --->   Operation 35 'zext' 'zext_ln1171_6' <Predicate = true> <Delay = 0.00>
ST_5 : Operation 36 [1/1] (0.00ns)   --->   "%shl_ln = bitconcatenate i14 @_ssdm_op_BitConcatenate.i14.i8.i6, i8 %p_read111, i6 0"   --->   Operation 36 'bitconcatenate' 'shl_ln' <Predicate = true> <Delay = 0.00>
ST_5 : Operation 37 [1/1] (0.00ns)   --->   "%zext_ln1171_7 = zext i14 %shl_ln"   --->   Operation 37 'zext' 'zext_ln1171_7' <Predicate = true> <Delay = 0.00>
ST_5 : Operation 38 [1/1] (0.00ns)   --->   "%shl_ln1171_5 = bitconcatenate i10 @_ssdm_op_BitConcatenate.i10.i8.i2, i8 %p_read111, i2 0"   --->   Operation 38 'bitconcatenate' 'shl_ln1171_5' <Predicate = true> <Delay = 0.00>
ST_5 : Operation 39 [1/1] (0.00ns)   --->   "%zext_ln1171_8 = zext i10 %shl_ln1171_5"   --->   Operation 39 'zext' 'zext_ln1171_8' <Predicate = true> <Delay = 0.00>
ST_5 : Operation 40 [1/1] (1.52ns)   --->   "%add_ln1171 = add i15 %zext_ln1171_7, i15 %zext_ln1171_8"   --->   Operation 40 'add' 'add_ln1171' <Predicate = true> <Delay = 1.52> <CoreInst = "Adder">   --->   Core 1 'Adder' <Latency = 0> <II = 1> <Delay = 1.52> <FuncUnit> <Opcode : 'add' 'sub'> <InPorts = 2> <OutPorts = 1>
ST_5 : Operation 41 [1/1] (0.00ns)   --->   "%trunc_ln = partselect i12 @_ssdm_op_PartSelect.i12.i15.i32.i32, i15 %add_ln1171, i32 3, i32 14"   --->   Operation 41 'partselect' 'trunc_ln' <Predicate = true> <Delay = 0.00>
ST_5 : Operation 42 [1/1] (0.00ns)   --->   "%zext_ln1171_9 = zext i12 %trunc_ln"   --->   Operation 42 'zext' 'zext_ln1171_9' <Predicate = true> <Delay = 0.00>
ST_5 : Operation 43 [1/1] (5.28ns)   --->   "%mul_ln1171_1 = mul i15 %zext_ln1171_6, i15 32722"   --->   Operation 43 'mul' 'mul_ln1171_1' <Predicate = true> <Delay = 5.28> <CoreInst = "Mul_LUT">   --->   Core 4 'Mul_LUT' <Latency = 0> <II = 1> <Delay = 5.28> <FuncUnit> <Opcode : 'mul'> <InPorts = 2> <OutPorts = 1>
ST_5 : Operation 44 [1/1] (0.00ns)   --->   "%trunc_ln6 = partselect i12 @_ssdm_op_PartSelect.i12.i15.i32.i32, i15 %mul_ln1171_1, i32 3, i32 14"   --->   Operation 44 'partselect' 'trunc_ln6' <Predicate = true> <Delay = 0.00>
ST_5 : Operation 45 [1/1] (0.00ns)   --->   "%shl_ln1171_6 = bitconcatenate i13 @_ssdm_op_BitConcatenate.i13.i8.i5, i8 %p_read_12, i5 0"   --->   Operation 45 'bitconcatenate' 'shl_ln1171_6' <Predicate = true> <Delay = 0.00>
ST_5 : Operation 46 [1/1] (0.00ns)   --->   "%zext_ln1171_11 = zext i13 %shl_ln1171_6"   --->   Operation 46 'zext' 'zext_ln1171_11' <Predicate = true> <Delay = 0.00>
ST_5 : Operation 47 [1/1] (0.00ns)   --->   "%shl_ln1171_7 = bitconcatenate i11 @_ssdm_op_BitConcatenate.i11.i8.i3, i8 %p_read_12, i3 0"   --->   Operation 47 'bitconcatenate' 'shl_ln1171_7' <Predicate = true> <Delay = 0.00>
ST_5 : Operation 48 [1/1] (0.00ns)   --->   "%zext_ln1171_12 = zext i11 %shl_ln1171_7"   --->   Operation 48 'zext' 'zext_ln1171_12' <Predicate = true> <Delay = 0.00>
ST_5 : Operation 49 [1/1] (1.53ns)   --->   "%sub_ln1171 = sub i14 %zext_ln1171_12, i14 %zext_ln1171_11"   --->   Operation 49 'sub' 'sub_ln1171' <Predicate = true> <Delay = 1.53> <CoreInst = "Adder">   --->   Core 1 'Adder' <Latency = 0> <II = 1> <Delay = 1.52> <FuncUnit> <Opcode : 'add' 'sub'> <InPorts = 2> <OutPorts = 1>
ST_5 : Operation 50 [1/1] (0.00ns)   --->   "%trunc_ln717_s = partselect i11 @_ssdm_op_PartSelect.i11.i14.i32.i32, i14 %sub_ln1171, i32 3, i32 13"   --->   Operation 50 'partselect' 'trunc_ln717_s' <Predicate = true> <Delay = 0.00>
ST_5 : Operation 51 [1/1] (0.00ns)   --->   "%trunc_ln717_cast = sext i11 %trunc_ln717_s"   --->   Operation 51 'sext' 'trunc_ln717_cast' <Predicate = true> <Delay = 0.00>
ST_5 : Operation 52 [1/1] (0.00ns)   --->   "%lshr_ln717_cast = zext i11 %lshr_ln717_s"   --->   Operation 52 'zext' 'lshr_ln717_cast' <Predicate = true> <Delay = 0.00>
ST_5 : Operation 53 [1/1] (0.00ns)   --->   "%sext_ln712 = sext i12 %trunc_ln717_3"   --->   Operation 53 'sext' 'sext_ln712' <Predicate = true> <Delay = 0.00>
ST_5 : Operation 54 [1/1] (0.00ns)   --->   "%zext_ln712 = zext i12 %add_ln712_2"   --->   Operation 54 'zext' 'zext_ln712' <Predicate = true> <Delay = 0.00>
ST_5 : Operation 55 [1/1] (1.54ns)   --->   "%add_ln712_3 = add i13 %zext_ln712, i13 %zext_ln1171_9"   --->   Operation 55 'add' 'add_ln712_3' <Predicate = true> <Delay = 1.54> <CoreInst = "Adder">   --->   Core 1 'Adder' <Latency = 0> <II = 1> <Delay = 1.52> <FuncUnit> <Opcode : 'add' 'sub'> <InPorts = 2> <OutPorts = 1>
ST_5 : Operation 56 [1/1] (1.54ns)   --->   "%add_ln712_6 = add i13 %sext_ln712, i13 %lshr_ln717_cast"   --->   Operation 56 'add' 'add_ln712_6' <Predicate = true> <Delay = 1.54> <CoreInst = "Adder">   --->   Core 1 'Adder' <Latency = 0> <II = 1> <Delay = 1.52> <FuncUnit> <Opcode : 'add' 'sub'> <InPorts = 2> <OutPorts = 1>
ST_5 : Operation 57 [1/1] (0.00ns)   --->   "%sext_ln712_5 = sext i13 %add_ln712_6"   --->   Operation 57 'sext' 'sext_ln712_5' <Predicate = true> <Delay = 0.00>
ST_5 : Operation 58 [1/1] (1.53ns)   --->   "%add_ln712_7 = add i14 %sext_ln712_5, i14 %trunc_ln717_cast"   --->   Operation 58 'add' 'add_ln712_7' <Predicate = true> <Delay = 1.53> <CoreInst = "Adder">   --->   Core 1 'Adder' <Latency = 0> <II = 1> <Delay = 1.52> <FuncUnit> <Opcode : 'add' 'sub'> <InPorts = 2> <OutPorts = 1>

State 6 <SV = 5> <Delay = 5.28>
ST_6 : Operation 59 [1/1] (0.00ns)   --->   "%zext_ln1171_16 = zext i11 %lshr_ln717_8"   --->   Operation 59 'zext' 'zext_ln1171_16' <Predicate = true> <Delay = 0.00>
ST_6 : Operation 60 [1/1] (0.00ns)   --->   "%sext_ln1171_5 = sext i12 %trunc_ln6"   --->   Operation 60 'sext' 'sext_ln1171_5' <Predicate = true> <Delay = 0.00>
ST_6 : Operation 61 [1/1] (0.00ns)   --->   "%r_V_3 = zext i8 %p_read_11"   --->   Operation 61 'zext' 'r_V_3' <Predicate = true> <Delay = 0.00>
ST_6 : Operation 62 [1/1] (5.28ns)   --->   "%mul_ln1171_3 = mul i16 %r_V_3, i16 65437"   --->   Operation 62 'mul' 'mul_ln1171_3' <Predicate = true> <Delay = 5.28> <CoreInst = "Mul_LUT">   --->   Core 4 'Mul_LUT' <Latency = 0> <II = 1> <Delay = 5.28> <FuncUnit> <Opcode : 'mul'> <InPorts = 2> <OutPorts = 1>
ST_6 : Operation 63 [1/1] (0.00ns)   --->   "%trunc_ln717_1 = partselect i13 @_ssdm_op_PartSelect.i13.i16.i32.i32, i16 %mul_ln1171_3, i32 3, i32 15"   --->   Operation 63 'partselect' 'trunc_ln717_1' <Predicate = true> <Delay = 0.00>
ST_6 : Operation 64 [1/1] (1.54ns)   --->   "%add_ln712_5 = add i13 %sext_ln1171_5, i13 %zext_ln1171_16"   --->   Operation 64 'add' 'add_ln712_5' <Predicate = true> <Delay = 1.54> <CoreInst = "Adder">   --->   Core 1 'Adder' <Latency = 0> <II = 1> <Delay = 1.52> <FuncUnit> <Opcode : 'add' 'sub'> <InPorts = 2> <OutPorts = 1>
ST_6 : Operation 65 [1/1] (0.00ns)   --->   "%sext_ln712_4 = sext i13 %add_ln712_5"   --->   Operation 65 'sext' 'sext_ln712_4' <Predicate = true> <Delay = 0.00>
ST_6 : Operation 66 [1/1] (0.00ns)   --->   "%sext_ln712_6 = sext i14 %add_ln712_7"   --->   Operation 66 'sext' 'sext_ln712_6' <Predicate = true> <Delay = 0.00>
ST_6 : Operation 67 [1/1] (1.52ns)   --->   "%add_ln712_8 = add i15 %sext_ln712_6, i15 %sext_ln712_4"   --->   Operation 67 'add' 'add_ln712_8' <Predicate = true> <Delay = 1.52> <CoreInst = "Adder">   --->   Core 1 'Adder' <Latency = 0> <II = 1> <Delay = 1.52> <FuncUnit> <Opcode : 'add' 'sub'> <InPorts = 2> <OutPorts = 1>

State 7 <SV = 6> <Delay = 5.28>
ST_7 : Operation 68 [1/1] (0.00ns)   --->   "%r_V_4 = zext i8 %p_read_10"   --->   Operation 68 'zext' 'r_V_4' <Predicate = true> <Delay = 0.00>
ST_7 : Operation 69 [1/1] (5.28ns)   --->   "%mul_ln1171_5 = mul i16 %r_V_4, i16 65469"   --->   Operation 69 'mul' 'mul_ln1171_5' <Predicate = true> <Delay = 5.28> <CoreInst = "Mul_LUT">   --->   Core 4 'Mul_LUT' <Latency = 0> <II = 1> <Delay = 5.28> <FuncUnit> <Opcode : 'mul'> <InPorts = 2> <OutPorts = 1>
ST_7 : Operation 70 [1/1] (0.00ns)   --->   "%trunc_ln717_2 = partselect i13 @_ssdm_op_PartSelect.i13.i16.i32.i32, i16 %mul_ln1171_5, i32 3, i32 15"   --->   Operation 70 'partselect' 'trunc_ln717_2' <Predicate = true> <Delay = 0.00>

State 8 <SV = 7> <Delay = 3.06>
ST_8 : Operation 71 [1/1] (0.00ns)   --->   "%specpipeline_ln0 = specpipeline void @_ssdm_op_SpecPipeline, i32 100, i32 0, i32 0, i32 0, void @empty_1"   --->   Operation 71 'specpipeline' 'specpipeline_ln0' <Predicate = true> <Delay = 0.00>
ST_8 : Operation 72 [1/1] (0.00ns)   --->   "%specresourcelimit_ln31 = specresourcelimit void @_ssdm_op_SpecResourceLimit, i64 1, void @empty_2, void @empty_1, void @empty_1, void @empty_1" [firmware/nnet_utils/nnet_dense_latency.h:31]   --->   Operation 72 'specresourcelimit' 'specresourcelimit_ln31' <Predicate = true> <Delay = 0.00>
ST_8 : Operation 73 [1/1] (0.00ns)   --->   "%sext_ln1171 = sext i13 %trunc_ln717_1"   --->   Operation 73 'sext' 'sext_ln1171' <Predicate = true> <Delay = 0.00>
ST_8 : Operation 74 [1/1] (0.00ns)   --->   "%sext_ln1171_3 = sext i13 %trunc_ln717_2"   --->   Operation 74 'sext' 'sext_ln1171_3' <Predicate = true> <Delay = 0.00>
ST_8 : Operation 75 [1/1] (1.53ns)   --->   "%add_ln712 = add i14 %sext_ln1171, i14 %sext_ln1171_3"   --->   Operation 75 'add' 'add_ln712' <Predicate = true> <Delay = 1.53> <CoreInst = "Adder">   --->   Core 1 'Adder' <Latency = 0> <II = 1> <Delay = 1.52> <FuncUnit> <Opcode : 'add' 'sub'> <InPorts = 2> <OutPorts = 1>
ST_8 : Operation 76 [1/1] (0.00ns)   --->   "%sext_ln712_2 = sext i14 %add_ln712"   --->   Operation 76 'sext' 'sext_ln712_2' <Predicate = true> <Delay = 0.00>
ST_8 : Operation 77 [1/1] (0.00ns)   --->   "%zext_ln712_1 = zext i13 %add_ln712_3"   --->   Operation 77 'zext' 'zext_ln712_1' <Predicate = true> <Delay = 0.00>
ST_8 : Operation 78 [1/1] (1.52ns)   --->   "%add_ln712_4 = add i15 %zext_ln712_1, i15 %sext_ln712_2"   --->   Operation 78 'add' 'add_ln712_4' <Predicate = true> <Delay = 1.52> <CoreInst = "Adder">   --->   Core 1 'Adder' <Latency = 0> <II = 1> <Delay = 1.52> <FuncUnit> <Opcode : 'add' 'sub'> <InPorts = 2> <OutPorts = 1>
ST_8 : Operation 79 [1/1] (0.00ns)   --->   "%sext_ln712_3 = sext i15 %add_ln712_4"   --->   Operation 79 'sext' 'sext_ln712_3' <Predicate = true> <Delay = 0.00>
ST_8 : Operation 80 [1/1] (0.00ns)   --->   "%add_ln712_8_cast = sext i15 %add_ln712_8"   --->   Operation 80 'sext' 'add_ln712_8_cast' <Predicate = true> <Delay = 0.00>
ST_8 : Operation 81 [1/1] (0.00ns)   --->   "%newret = insertvalue i32 <undef>, i16 %sext_ln712_3"   --->   Operation 81 'insertvalue' 'newret' <Predicate = true> <Delay = 0.00>
ST_8 : Operation 82 [1/1] (0.00ns)   --->   "%newret2 = insertvalue i32 %newret, i16 %add_ln712_8_cast"   --->   Operation 82 'insertvalue' 'newret2' <Predicate = true> <Delay = 0.00>
ST_8 : Operation 83 [1/1] (0.00ns)   --->   "%ret_ln712 = ret i32 %newret2"   --->   Operation 83 'ret' 'ret_ln712' <Predicate = true> <Delay = 0.00>


============================================================
+ Verbose Summary: Binding
============================================================
STG Binding: 
---------------- STG Properties BEGIN ----------------
- Is combinational: 0
- Is one-state seq: 0
- Is datapath-only: 0
- Is pipelined: 1
- Is top level: 0
Port [ Return ] is wired: 1; IO mode=ap_ctrl_hs:ce=0
Port [ p_read]:  wired=1; compound=0; hidden=0; nouse=0; global=0; static=0; extern=0; dir=0; type=0; pingpong=0; private_global=0; IO mode=ap_none:ce=0
Port [ p_read1]:  wired=1; compound=0; hidden=0; nouse=0; global=0; static=0; extern=0; dir=0; type=0; pingpong=0; private_global=0; IO mode=ap_none:ce=0
Port [ p_read2]:  wired=1; compound=0; hidden=0; nouse=0; global=0; static=0; extern=0; dir=0; type=0; pingpong=0; private_global=0; IO mode=ap_none:ce=0
Port [ p_read3]:  wired=1; compound=0; hidden=0; nouse=0; global=0; static=0; extern=0; dir=0; type=0; pingpong=0; private_global=0; IO mode=ap_none:ce=0
Port [ p_read4]:  wired=1; compound=0; hidden=0; nouse=0; global=0; static=0; extern=0; dir=0; type=0; pingpong=0; private_global=0; IO mode=ap_none:ce=0
---------------- STG Properties END ------------------

---------------- Datapath Model BEGIN ----------------

<LifeTime>
<method=bitvector/>
p_read_13              (read             ) [ 001110000]
zext_ln717             (zext             ) [ 000000000]
mul_ln717              (mul              ) [ 000000000]
lshr_ln                (partselect       ) [ 001100000]
p_read_12              (read             ) [ 000111000]
zext_ln1171_10         (zext             ) [ 000000000]
mul_ln1171_2           (mul              ) [ 000000000]
trunc_ln1171_1         (partselect       ) [ 000100000]
p_read_11              (read             ) [ 000011100]
zext_ln717_1           (zext             ) [ 000000000]
zext_ln1171_13         (zext             ) [ 000000000]
mul_ln1171_4           (mul              ) [ 000000000]
lshr_ln717_s           (partselect       ) [ 000011000]
add_ln712_2            (add              ) [ 000011000]
p_read_10              (read             ) [ 000001110]
zext_ln1171            (zext             ) [ 000000000]
mul_ln1171             (mul              ) [ 000000000]
lshr_ln717_8           (partselect       ) [ 000001100]
zext_ln1171_14         (zext             ) [ 000000000]
shl_ln1171_8           (bitconcatenate   ) [ 000000000]
zext_ln1171_15         (zext             ) [ 000000000]
sub_ln1171_1           (sub              ) [ 000000000]
sext_ln1171_4          (sext             ) [ 000000000]
sub_ln1171_2           (sub              ) [ 000000000]
trunc_ln717_3          (partselect       ) [ 000001000]
p_read111              (read             ) [ 000000000]
zext_ln1171_6          (zext             ) [ 000000000]
shl_ln                 (bitconcatenate   ) [ 000000000]
zext_ln1171_7          (zext             ) [ 000000000]
shl_ln1171_5           (bitconcatenate   ) [ 000000000]
zext_ln1171_8          (zext             ) [ 000000000]
add_ln1171             (add              ) [ 000000000]
trunc_ln               (partselect       ) [ 000000000]
zext_ln1171_9          (zext             ) [ 000000000]
mul_ln1171_1           (mul              ) [ 000000000]
trunc_ln6              (partselect       ) [ 000000100]
shl_ln1171_6           (bitconcatenate   ) [ 000000000]
zext_ln1171_11         (zext             ) [ 000000000]
shl_ln1171_7           (bitconcatenate   ) [ 000000000]
zext_ln1171_12         (zext             ) [ 000000000]
sub_ln1171             (sub              ) [ 000000000]
trunc_ln717_s          (partselect       ) [ 000000000]
trunc_ln717_cast       (sext             ) [ 000000000]
lshr_ln717_cast        (zext             ) [ 000000000]
sext_ln712             (sext             ) [ 000000000]
zext_ln712             (zext             ) [ 000000000]
add_ln712_3            (add              ) [ 000000111]
add_ln712_6            (add              ) [ 000000000]
sext_ln712_5           (sext             ) [ 000000000]
add_ln712_7            (add              ) [ 000000100]
zext_ln1171_16         (zext             ) [ 000000000]
sext_ln1171_5          (sext             ) [ 000000000]
r_V_3                  (zext             ) [ 000000000]
mul_ln1171_3           (mul              ) [ 000000000]
trunc_ln717_1          (partselect       ) [ 000000011]
add_ln712_5            (add              ) [ 000000000]
sext_ln712_4           (sext             ) [ 000000000]
sext_ln712_6           (sext             ) [ 000000000]
add_ln712_8            (add              ) [ 000000011]
r_V_4                  (zext             ) [ 000000000]
mul_ln1171_5           (mul              ) [ 000000000]
trunc_ln717_2          (partselect       ) [ 000000001]
specpipeline_ln0       (specpipeline     ) [ 000000000]
specresourcelimit_ln31 (specresourcelimit) [ 000000000]
sext_ln1171            (sext             ) [ 000000000]
sext_ln1171_3          (sext             ) [ 000000000]
add_ln712              (add              ) [ 000000000]
sext_ln712_2           (sext             ) [ 000000000]
zext_ln712_1           (zext             ) [ 000000000]
add_ln712_4            (add              ) [ 000000000]
sext_ln712_3           (sext             ) [ 000000000]
add_ln712_8_cast       (sext             ) [ 000000000]
newret                 (insertvalue      ) [ 000000000]
newret2                (insertvalue      ) [ 000000000]
ret_ln712              (ret              ) [ 000000000]
</LifeTime>

<model>

<comp_list>
<comp id="0" class="1000" name="p_read">
<pin_list>
<pin id="1" dir="1" index="0" bw="1" slack="0"/>
</pin_list>
<bind>
<StgValue><ssdm name="p_read"/></StgValue>
</bind>
</comp>

<comp id="2" class="1000" name="p_read1">
<pin_list>
<pin id="3" dir="1" index="0" bw="1" slack="0"/>
</pin_list>
<bind>
<StgValue><ssdm name="p_read1"/></StgValue>
</bind>
</comp>

<comp id="4" class="1000" name="p_read2">
<pin_list>
<pin id="5" dir="1" index="0" bw="1" slack="0"/>
</pin_list>
<bind>
<StgValue><ssdm name="p_read2"/></StgValue>
</bind>
</comp>

<comp id="6" class="1000" name="p_read3">
<pin_list>
<pin id="7" dir="1" index="0" bw="1" slack="0"/>
</pin_list>
<bind>
<StgValue><ssdm name="p_read3"/></StgValue>
</bind>
</comp>

<comp id="8" class="1000" name="p_read4">
<pin_list>
<pin id="9" dir="1" index="0" bw="1" slack="0"/>
</pin_list>
<bind>
<StgValue><ssdm name="p_read4"/></StgValue>
</bind>
</comp>

<comp id="10" class="1001" name="const_10">
<pin_list>
<pin id="11" dir="1" index="0" bw="1" slack="0"/>
</pin_list>
<bind>
<StgValue><ssdm name="_ssdm_op_Read.ap_auto.i8"/></StgValue>
</bind>
</comp>

<comp id="12" class="1001" name="const_12">
<pin_list>
<pin id="13" dir="1" index="0" bw="1" slack="0"/>
</pin_list>
<bind>
<StgValue><ssdm name=""/></StgValue>
</bind>
</comp>

<comp id="14" class="1001" name="const_14">
<pin_list>
<pin id="15" dir="1" index="0" bw="1" slack="0"/>
</pin_list>
<bind>
<StgValue><ssdm name="_ssdm_op_PartSelect.i9.i12.i32.i32"/></StgValue>
</bind>
</comp>

<comp id="16" class="1001" name="const_16">
<pin_list>
<pin id="17" dir="1" index="0" bw="1" slack="0"/>
</pin_list>
<bind>
<StgValue><ssdm name=""/></StgValue>
</bind>
</comp>

<comp id="18" class="1001" name="const_18">
<pin_list>
<pin id="19" dir="1" index="0" bw="1" slack="0"/>
</pin_list>
<bind>
<StgValue><ssdm name=""/></StgValue>
</bind>
</comp>

<comp id="20" class="1001" name="const_20">
<pin_list>
<pin id="21" dir="1" index="0" bw="1" slack="0"/>
</pin_list>
<bind>
<StgValue><ssdm name=""/></StgValue>
</bind>
</comp>

<comp id="22" class="1001" name="const_22">
<pin_list>
<pin id="23" dir="1" index="0" bw="1" slack="0"/>
</pin_list>
<bind>
<StgValue><ssdm name="_ssdm_op_PartSelect.i12.i15.i32.i32"/></StgValue>
</bind>
</comp>

<comp id="24" class="1001" name="const_24">
<pin_list>
<pin id="25" dir="1" index="0" bw="1" slack="0"/>
</pin_list>
<bind>
<StgValue><ssdm name=""/></StgValue>
</bind>
</comp>

<comp id="26" class="1001" name="const_26">
<pin_list>
<pin id="27" dir="1" index="0" bw="1" slack="0"/>
</pin_list>
<bind>
<StgValue><ssdm name=""/></StgValue>
</bind>
</comp>

<comp id="28" class="1001" name="const_28">
<pin_list>
<pin id="29" dir="1" index="0" bw="1" slack="0"/>
</pin_list>
<bind>
<StgValue><ssdm name="_ssdm_op_PartSelect.i11.i14.i32.i32"/></StgValue>
</bind>
</comp>

<comp id="30" class="1001" name="const_30">
<pin_list>
<pin id="31" dir="1" index="0" bw="1" slack="0"/>
</pin_list>
<bind>
<StgValue><ssdm name=""/></StgValue>
</bind>
</comp>

<comp id="32" class="1001" name="const_32">
<pin_list>
<pin id="33" dir="1" index="0" bw="1" slack="0"/>
</pin_list>
<bind>
<StgValue><ssdm name=""/></StgValue>
</bind>
</comp>

<comp id="34" class="1001" name="const_34">
<pin_list>
<pin id="35" dir="1" index="0" bw="1" slack="0"/>
</pin_list>
<bind>
<StgValue><ssdm name="_ssdm_op_BitConcatenate.i13.i8.i5"/></StgValue>
</bind>
</comp>

<comp id="36" class="1001" name="const_36">
<pin_list>
<pin id="37" dir="1" index="0" bw="1" slack="0"/>
</pin_list>
<bind>
<StgValue><ssdm name=""/></StgValue>
</bind>
</comp>

<comp id="38" class="1001" name="const_38">
<pin_list>
<pin id="39" dir="1" index="0" bw="1" slack="0"/>
</pin_list>
<bind>
<StgValue><ssdm name=""/></StgValue>
</bind>
</comp>

<comp id="40" class="1001" name="const_40">
<pin_list>
<pin id="41" dir="1" index="0" bw="1" slack="0"/>
</pin_list>
<bind>
<StgValue><ssdm name="_ssdm_op_BitConcatenate.i14.i8.i6"/></StgValue>
</bind>
</comp>

<comp id="42" class="1001" name="const_42">
<pin_list>
<pin id="43" dir="1" index="0" bw="1" slack="0"/>
</pin_list>
<bind>
<StgValue><ssdm name=""/></StgValue>
</bind>
</comp>

<comp id="44" class="1001" name="const_44">
<pin_list>
<pin id="45" dir="1" index="0" bw="1" slack="0"/>
</pin_list>
<bind>
<StgValue><ssdm name="_ssdm_op_BitConcatenate.i10.i8.i2"/></StgValue>
</bind>
</comp>

<comp id="46" class="1001" name="const_46">
<pin_list>
<pin id="47" dir="1" index="0" bw="1" slack="0"/>
</pin_list>
<bind>
<StgValue><ssdm name=""/></StgValue>
</bind>
</comp>

<comp id="48" class="1001" name="const_48">
<pin_list>
<pin id="49" dir="1" index="0" bw="1" slack="0"/>
</pin_list>
<bind>
<StgValue><ssdm name=""/></StgValue>
</bind>
</comp>

<comp id="50" class="1001" name="const_50">
<pin_list>
<pin id="51" dir="1" index="0" bw="1" slack="0"/>
</pin_list>
<bind>
<StgValue><ssdm name="_ssdm_op_BitConcatenate.i11.i8.i3"/></StgValue>
</bind>
</comp>

<comp id="52" class="1001" name="const_52">
<pin_list>
<pin id="53" dir="1" index="0" bw="1" slack="0"/>
</pin_list>
<bind>
<StgValue><ssdm name=""/></StgValue>
</bind>
</comp>

<comp id="54" class="1001" name="const_54">
<pin_list>
<pin id="55" dir="1" index="0" bw="1" slack="0"/>
</pin_list>
<bind>
<StgValue><ssdm name=""/></StgValue>
</bind>
</comp>

<comp id="56" class="1001" name="const_56">
<pin_list>
<pin id="57" dir="1" index="0" bw="1" slack="0"/>
</pin_list>
<bind>
<StgValue><ssdm name="_ssdm_op_PartSelect.i13.i16.i32.i32"/></StgValue>
</bind>
</comp>

<comp id="58" class="1001" name="const_58">
<pin_list>
<pin id="59" dir="1" index="0" bw="1" slack="0"/>
</pin_list>
<bind>
<StgValue><ssdm name=""/></StgValue>
</bind>
</comp>

<comp id="60" class="1001" name="const_60">
<pin_list>
<pin id="61" dir="1" index="0" bw="1" slack="0"/>
</pin_list>
<bind>
<StgValue><ssdm name=""/></StgValue>
</bind>
</comp>

<comp id="62" class="1001" name="const_62">
<pin_list>
<pin id="63" dir="1" index="0" bw="1" slack="2147483647"/>
</pin_list>
<bind>
<StgValue><ssdm name="_ssdm_op_SpecPipeline"/></StgValue>
</bind>
</comp>

<comp id="64" class="1001" name="const_64">
<pin_list>
<pin id="65" dir="1" index="0" bw="1" slack="2147483647"/>
</pin_list>
<bind>
<StgValue><ssdm name=""/></StgValue>
</bind>
</comp>

<comp id="66" class="1001" name="const_66">
<pin_list>
<pin id="67" dir="1" index="0" bw="1" slack="2147483647"/>
</pin_list>
<bind>
<StgValue><ssdm name=""/></StgValue>
</bind>
</comp>

<comp id="68" class="1001" name="const_68">
<pin_list>
<pin id="69" dir="1" index="0" bw="1" slack="2147483647"/>
</pin_list>
<bind>
<StgValue><ssdm name="empty_1"/></StgValue>
</bind>
</comp>

<comp id="70" class="1001" name="const_70">
<pin_list>
<pin id="71" dir="1" index="0" bw="1" slack="2147483647"/>
</pin_list>
<bind>
<StgValue><ssdm name="_ssdm_op_SpecResourceLimit"/></StgValue>
</bind>
</comp>

<comp id="72" class="1001" name="const_72">
<pin_list>
<pin id="73" dir="1" index="0" bw="1" slack="2147483647"/>
</pin_list>
<bind>
<StgValue><ssdm name=""/></StgValue>
</bind>
</comp>

<comp id="74" class="1001" name="const_74">
<pin_list>
<pin id="75" dir="1" index="0" bw="1" slack="2147483647"/>
</pin_list>
<bind>
<StgValue><ssdm name="empty_2"/></StgValue>
</bind>
</comp>

<comp id="76" class="1001" name="const_76">
<pin_list>
<pin id="77" dir="1" index="0" bw="1" slack="0"/>
</pin_list>
<bind>
<StgValue><ssdm name=""/></StgValue>
</bind>
</comp>

<comp id="78" class="1004" name="p_read_13_read_fu_78">
<pin_list>
<pin id="79" dir="0" index="0" bw="8" slack="0"/>
<pin id="80" dir="0" index="1" bw="8" slack="0"/>
<pin id="81" dir="1" index="2" bw="8" slack="0"/>
</pin_list>
<bind>
<opcode="read(1150) " fcode="read"/>
<opset="p_read_13/1 "/>
</bind>
</comp>

<comp id="84" class="1004" name="p_read_12_read_fu_84">
<pin_list>
<pin id="85" dir="0" index="0" bw="8" slack="0"/>
<pin id="86" dir="0" index="1" bw="8" slack="0"/>
<pin id="87" dir="1" index="2" bw="8" slack="0"/>
</pin_list>
<bind>
<opcode="read(1150) " fcode="read"/>
<opset="p_read_12/2 "/>
</bind>
</comp>

<comp id="90" class="1004" name="p_read_11_read_fu_90">
<pin_list>
<pin id="91" dir="0" index="0" bw="8" slack="0"/>
<pin id="92" dir="0" index="1" bw="8" slack="0"/>
<pin id="93" dir="1" index="2" bw="8" slack="0"/>
</pin_list>
<bind>
<opcode="read(1150) " fcode="read"/>
<opset="p_read_11/3 "/>
</bind>
</comp>

<comp id="96" class="1004" name="p_read_10_read_fu_96">
<pin_list>
<pin id="97" dir="0" index="0" bw="8" slack="0"/>
<pin id="98" dir="0" index="1" bw="8" slack="0"/>
<pin id="99" dir="1" index="2" bw="8" slack="0"/>
</pin_list>
<bind>
<opcode="read(1150) " fcode="read"/>
<opset="p_read_10/4 "/>
</bind>
</comp>

<comp id="102" class="1004" name="p_read111_read_fu_102">
<pin_list>
<pin id="103" dir="0" index="0" bw="8" slack="0"/>
<pin id="104" dir="0" index="1" bw="8" slack="0"/>
<pin id="105" dir="1" index="2" bw="8" slack="0"/>
</pin_list>
<bind>
<opcode="read(1150) " fcode="read"/>
<opset="p_read111/5 "/>
</bind>
</comp>

<comp id="108" class="1004" name="grp_fu_108">
<pin_list>
<pin id="113" dir="0" index="0" bw="8" slack="0"/>
<pin id="114" dir="0" index="1" bw="8" slack="0"/>
<pin id="115" dir="1" index="2" bw="16" slack="0"/>
</pin_list>
<bind>
<opcode="mul(12) " fcode="mul"/>
<opset="mul_ln717/1 mul_ln1171_2/2 mul_ln1171_4/3 mul_ln1171/4 mul_ln1171_1/5 mul_ln1171_3/6 mul_ln1171_5/7 "/>
</bind>
</comp>

<comp id="151" class="1004" name="grp_fu_151">
<pin_list>
<pin id="152" dir="0" index="0" bw="12" slack="0"/>
<pin id="153" dir="0" index="1" bw="15" slack="0"/>
<pin id="154" dir="0" index="2" bw="3" slack="0"/>
<pin id="155" dir="0" index="3" bw="5" slack="0"/>
<pin id="156" dir="1" index="4" bw="12" slack="1"/>
</pin_list>
<bind>
<opcode="partselect(1002) " fcode="partselect"/>
<opset="trunc_ln1171_1/2 trunc_ln6/5 "/>
</bind>
</comp>

<comp id="161" class="1004" name="grp_fu_161">
<pin_list>
<pin id="162" dir="0" index="0" bw="11" slack="0"/>
<pin id="163" dir="0" index="1" bw="14" slack="0"/>
<pin id="164" dir="0" index="2" bw="3" slack="0"/>
<pin id="165" dir="0" index="3" bw="5" slack="0"/>
<pin id="166" dir="1" index="4" bw="11" slack="2"/>
</pin_list>
<bind>
<opcode="partselect(1002) " fcode="partselect"/>
<opset="lshr_ln717_s/3 lshr_ln717_8/4 "/>
</bind>
</comp>

<comp id="171" class="1004" name="grp_fu_171">
<pin_list>
<pin id="172" dir="0" index="0" bw="13" slack="0"/>
<pin id="173" dir="0" index="1" bw="16" slack="0"/>
<pin id="174" dir="0" index="2" bw="3" slack="0"/>
<pin id="175" dir="0" index="3" bw="5" slack="0"/>
<pin id="176" dir="1" index="4" bw="13" slack="1"/>
</pin_list>
<bind>
<opcode="partselect(1002) " fcode="partselect"/>
<opset="trunc_ln717_1/6 trunc_ln717_2/7 "/>
</bind>
</comp>

<comp id="181" class="1005" name="reg_181">
<pin_list>
<pin id="182" dir="0" index="0" bw="12" slack="1"/>
<pin id="183" dir="1" index="1" bw="12" slack="1"/>
</pin_list>
<bind>
<opset="trunc_ln1171_1 trunc_ln6 "/>
</bind>
</comp>

<comp id="185" class="1004" name="zext_ln717_fu_185">
<pin_list>
<pin id="186" dir="0" index="0" bw="8" slack="0"/>
<pin id="187" dir="1" index="1" bw="12" slack="0"/>
</pin_list>
<bind>
<opcode="zext(34) " fcode="zext"/>
<opset="zext_ln717/1 "/>
</bind>
</comp>

<comp id="190" class="1004" name="lshr_ln_fu_190">
<pin_list>
<pin id="191" dir="0" index="0" bw="9" slack="0"/>
<pin id="192" dir="0" index="1" bw="12" slack="0"/>
<pin id="193" dir="0" index="2" bw="3" slack="0"/>
<pin id="194" dir="0" index="3" bw="5" slack="0"/>
<pin id="195" dir="1" index="4" bw="9" slack="2"/>
</pin_list>
<bind>
<opcode="partselect(1002) " fcode="partselect"/>
<opset="lshr_ln/1 "/>
</bind>
</comp>

<comp id="200" class="1004" name="zext_ln1171_10_fu_200">
<pin_list>
<pin id="201" dir="0" index="0" bw="8" slack="0"/>
<pin id="202" dir="1" index="1" bw="15" slack="0"/>
</pin_list>
<bind>
<opcode="zext(34) " fcode="zext"/>
<opset="zext_ln1171_10/2 "/>
</bind>
</comp>

<comp id="205" class="1004" name="zext_ln717_1_fu_205">
<pin_list>
<pin id="206" dir="0" index="0" bw="9" slack="2"/>
<pin id="207" dir="1" index="1" bw="12" slack="0"/>
</pin_list>
<bind>
<opcode="zext(34) " fcode="zext"/>
<opset="zext_ln717_1/3 "/>
</bind>
</comp>

<comp id="208" class="1004" name="zext_ln1171_13_fu_208">
<pin_list>
<pin id="209" dir="0" index="0" bw="8" slack="0"/>
<pin id="210" dir="1" index="1" bw="14" slack="0"/>
</pin_list>
<bind>
<opcode="zext(34) " fcode="zext"/>
<opset="zext_ln1171_13/3 "/>
</bind>
</comp>

<comp id="213" class="1004" name="add_ln712_2_fu_213">
<pin_list>
<pin id="214" dir="0" index="0" bw="9" slack="0"/>
<pin id="215" dir="0" index="1" bw="12" slack="1"/>
<pin id="216" dir="1" index="2" bw="12" slack="2"/>
</pin_list>
<bind>
<opcode="add(8) " fcode="add"/>
<opset="add_ln712_2/3 "/>
</bind>
</comp>

<comp id="219" class="1004" name="zext_ln1171_fu_219">
<pin_list>
<pin id="220" dir="0" index="0" bw="8" slack="3"/>
<pin id="221" dir="1" index="1" bw="14" slack="0"/>
</pin_list>
<bind>
<opcode="zext(34) " fcode="zext"/>
<opset="zext_ln1171/4 "/>
</bind>
</comp>

<comp id="223" class="1004" name="zext_ln1171_14_fu_223">
<pin_list>
<pin id="224" dir="0" index="0" bw="8" slack="0"/>
<pin id="225" dir="1" index="1" bw="15" slack="0"/>
</pin_list>
<bind>
<opcode="zext(34) " fcode="zext"/>
<opset="zext_ln1171_14/4 "/>
</bind>
</comp>

<comp id="227" class="1004" name="shl_ln1171_8_fu_227">
<pin_list>
<pin id="228" dir="0" index="0" bw="13" slack="0"/>
<pin id="229" dir="0" index="1" bw="8" slack="0"/>
<pin id="230" dir="0" index="2" bw="1" slack="0"/>
<pin id="231" dir="1" index="3" bw="13" slack="0"/>
</pin_list>
<bind>
<opcode="bitconcatenate(1004) " fcode="bitconcatenate"/>
<opset="shl_ln1171_8/4 "/>
</bind>
</comp>

<comp id="235" class="1004" name="zext_ln1171_15_fu_235">
<pin_list>
<pin id="236" dir="0" index="0" bw="13" slack="0"/>
<pin id="237" dir="1" index="1" bw="14" slack="0"/>
</pin_list>
<bind>
<opcode="zext(34) " fcode="zext"/>
<opset="zext_ln1171_15/4 "/>
</bind>
</comp>

<comp id="239" class="1004" name="sub_ln1171_1_fu_239">
<pin_list>
<pin id="240" dir="0" index="0" bw="1" slack="0"/>
<pin id="241" dir="0" index="1" bw="13" slack="0"/>
<pin id="242" dir="1" index="2" bw="14" slack="0"/>
</pin_list>
<bind>
<opcode="sub(10) " fcode="sub"/>
<opset="sub_ln1171_1/4 "/>
</bind>
</comp>

<comp id="245" class="1004" name="sext_ln1171_4_fu_245">
<pin_list>
<pin id="246" dir="0" index="0" bw="14" slack="0"/>
<pin id="247" dir="1" index="1" bw="15" slack="0"/>
</pin_list>
<bind>
<opcode="sext(35) " fcode="sext"/>
<opset="sext_ln1171_4/4 "/>
</bind>
</comp>

<comp id="249" class="1004" name="sub_ln1171_2_fu_249">
<pin_list>
<pin id="250" dir="0" index="0" bw="14" slack="0"/>
<pin id="251" dir="0" index="1" bw="8" slack="0"/>
<pin id="252" dir="1" index="2" bw="15" slack="0"/>
</pin_list>
<bind>
<opcode="sub(10) " fcode="sub"/>
<opset="sub_ln1171_2/4 "/>
</bind>
</comp>

<comp id="255" class="1004" name="trunc_ln717_3_fu_255">
<pin_list>
<pin id="256" dir="0" index="0" bw="12" slack="0"/>
<pin id="257" dir="0" index="1" bw="15" slack="0"/>
<pin id="258" dir="0" index="2" bw="3" slack="0"/>
<pin id="259" dir="0" index="3" bw="5" slack="0"/>
<pin id="260" dir="1" index="4" bw="12" slack="1"/>
</pin_list>
<bind>
<opcode="partselect(1002) " fcode="partselect"/>
<opset="trunc_ln717_3/4 "/>
</bind>
</comp>

<comp id="265" class="1004" name="zext_ln1171_6_fu_265">
<pin_list>
<pin id="266" dir="0" index="0" bw="8" slack="0"/>
<pin id="267" dir="1" index="1" bw="15" slack="0"/>
</pin_list>
<bind>
<opcode="zext(34) " fcode="zext"/>
<opset="zext_ln1171_6/5 "/>
</bind>
</comp>

<comp id="270" class="1004" name="shl_ln_fu_270">
<pin_list>
<pin id="271" dir="0" index="0" bw="14" slack="0"/>
<pin id="272" dir="0" index="1" bw="8" slack="0"/>
<pin id="273" dir="0" index="2" bw="1" slack="0"/>
<pin id="274" dir="1" index="3" bw="14" slack="0"/>
</pin_list>
<bind>
<opcode="bitconcatenate(1004) " fcode="bitconcatenate"/>
<opset="shl_ln/5 "/>
</bind>
</comp>

<comp id="278" class="1004" name="zext_ln1171_7_fu_278">
<pin_list>
<pin id="279" dir="0" index="0" bw="14" slack="0"/>
<pin id="280" dir="1" index="1" bw="15" slack="0"/>
</pin_list>
<bind>
<opcode="zext(34) " fcode="zext"/>
<opset="zext_ln1171_7/5 "/>
</bind>
</comp>

<comp id="282" class="1004" name="shl_ln1171_5_fu_282">
<pin_list>
<pin id="283" dir="0" index="0" bw="10" slack="0"/>
<pin id="284" dir="0" index="1" bw="8" slack="0"/>
<pin id="285" dir="0" index="2" bw="1" slack="0"/>
<pin id="286" dir="1" index="3" bw="10" slack="0"/>
</pin_list>
<bind>
<opcode="bitconcatenate(1004) " fcode="bitconcatenate"/>
<opset="shl_ln1171_5/5 "/>
</bind>
</comp>

<comp id="290" class="1004" name="zext_ln1171_8_fu_290">
<pin_list>
<pin id="291" dir="0" index="0" bw="10" slack="0"/>
<pin id="292" dir="1" index="1" bw="15" slack="0"/>
</pin_list>
<bind>
<opcode="zext(34) " fcode="zext"/>
<opset="zext_ln1171_8/5 "/>
</bind>
</comp>

<comp id="294" class="1004" name="add_ln1171_fu_294">
<pin_list>
<pin id="295" dir="0" index="0" bw="14" slack="0"/>
<pin id="296" dir="0" index="1" bw="10" slack="0"/>
<pin id="297" dir="1" index="2" bw="15" slack="0"/>
</pin_list>
<bind>
<opcode="add(8) " fcode="add"/>
<opset="add_ln1171/5 "/>
</bind>
</comp>

<comp id="300" class="1004" name="trunc_ln_fu_300">
<pin_list>
<pin id="301" dir="0" index="0" bw="12" slack="0"/>
<pin id="302" dir="0" index="1" bw="15" slack="0"/>
<pin id="303" dir="0" index="2" bw="3" slack="0"/>
<pin id="304" dir="0" index="3" bw="5" slack="0"/>
<pin id="305" dir="1" index="4" bw="12" slack="0"/>
</pin_list>
<bind>
<opcode="partselect(1002) " fcode="partselect"/>
<opset="trunc_ln/5 "/>
</bind>
</comp>

<comp id="310" class="1004" name="zext_ln1171_9_fu_310">
<pin_list>
<pin id="311" dir="0" index="0" bw="12" slack="0"/>
<pin id="312" dir="1" index="1" bw="13" slack="0"/>
</pin_list>
<bind>
<opcode="zext(34) " fcode="zext"/>
<opset="zext_ln1171_9/5 "/>
</bind>
</comp>

<comp id="314" class="1004" name="shl_ln1171_6_fu_314">
<pin_list>
<pin id="315" dir="0" index="0" bw="13" slack="0"/>
<pin id="316" dir="0" index="1" bw="8" slack="3"/>
<pin id="317" dir="0" index="2" bw="1" slack="0"/>
<pin id="318" dir="1" index="3" bw="13" slack="0"/>
</pin_list>
<bind>
<opcode="bitconcatenate(1004) " fcode="bitconcatenate"/>
<opset="shl_ln1171_6/5 "/>
</bind>
</comp>

<comp id="321" class="1004" name="zext_ln1171_11_fu_321">
<pin_list>
<pin id="322" dir="0" index="0" bw="13" slack="0"/>
<pin id="323" dir="1" index="1" bw="14" slack="0"/>
</pin_list>
<bind>
<opcode="zext(34) " fcode="zext"/>
<opset="zext_ln1171_11/5 "/>
</bind>
</comp>

<comp id="325" class="1004" name="shl_ln1171_7_fu_325">
<pin_list>
<pin id="326" dir="0" index="0" bw="11" slack="0"/>
<pin id="327" dir="0" index="1" bw="8" slack="3"/>
<pin id="328" dir="0" index="2" bw="1" slack="0"/>
<pin id="329" dir="1" index="3" bw="11" slack="0"/>
</pin_list>
<bind>
<opcode="bitconcatenate(1004) " fcode="bitconcatenate"/>
<opset="shl_ln1171_7/5 "/>
</bind>
</comp>

<comp id="332" class="1004" name="zext_ln1171_12_fu_332">
<pin_list>
<pin id="333" dir="0" index="0" bw="11" slack="0"/>
<pin id="334" dir="1" index="1" bw="14" slack="0"/>
</pin_list>
<bind>
<opcode="zext(34) " fcode="zext"/>
<opset="zext_ln1171_12/5 "/>
</bind>
</comp>

<comp id="336" class="1004" name="sub_ln1171_fu_336">
<pin_list>
<pin id="337" dir="0" index="0" bw="11" slack="0"/>
<pin id="338" dir="0" index="1" bw="13" slack="0"/>
<pin id="339" dir="1" index="2" bw="14" slack="0"/>
</pin_list>
<bind>
<opcode="sub(10) " fcode="sub"/>
<opset="sub_ln1171/5 "/>
</bind>
</comp>

<comp id="342" class="1004" name="trunc_ln717_s_fu_342">
<pin_list>
<pin id="343" dir="0" index="0" bw="11" slack="0"/>
<pin id="344" dir="0" index="1" bw="14" slack="0"/>
<pin id="345" dir="0" index="2" bw="3" slack="0"/>
<pin id="346" dir="0" index="3" bw="5" slack="0"/>
<pin id="347" dir="1" index="4" bw="11" slack="0"/>
</pin_list>
<bind>
<opcode="partselect(1002) " fcode="partselect"/>
<opset="trunc_ln717_s/5 "/>
</bind>
</comp>

<comp id="352" class="1004" name="trunc_ln717_cast_fu_352">
<pin_list>
<pin id="353" dir="0" index="0" bw="11" slack="0"/>
<pin id="354" dir="1" index="1" bw="14" slack="0"/>
</pin_list>
<bind>
<opcode="sext(35) " fcode="sext"/>
<opset="trunc_ln717_cast/5 "/>
</bind>
</comp>

<comp id="356" class="1004" name="lshr_ln717_cast_fu_356">
<pin_list>
<pin id="357" dir="0" index="0" bw="11" slack="2"/>
<pin id="358" dir="1" index="1" bw="13" slack="0"/>
</pin_list>
<bind>
<opcode="zext(34) " fcode="zext"/>
<opset="lshr_ln717_cast/5 "/>
</bind>
</comp>

<comp id="359" class="1004" name="sext_ln712_fu_359">
<pin_list>
<pin id="360" dir="0" index="0" bw="12" slack="1"/>
<pin id="361" dir="1" index="1" bw="13" slack="0"/>
</pin_list>
<bind>
<opcode="sext(35) " fcode="sext"/>
<opset="sext_ln712/5 "/>
</bind>
</comp>

<comp id="362" class="1004" name="zext_ln712_fu_362">
<pin_list>
<pin id="363" dir="0" index="0" bw="12" slack="2"/>
<pin id="364" dir="1" index="1" bw="13" slack="0"/>
</pin_list>
<bind>
<opcode="zext(34) " fcode="zext"/>
<opset="zext_ln712/5 "/>
</bind>
</comp>

<comp id="365" class="1004" name="add_ln712_3_fu_365">
<pin_list>
<pin id="366" dir="0" index="0" bw="12" slack="0"/>
<pin id="367" dir="0" index="1" bw="12" slack="0"/>
<pin id="368" dir="1" index="2" bw="13" slack="3"/>
</pin_list>
<bind>
<opcode="add(8) " fcode="add"/>
<opset="add_ln712_3/5 "/>
</bind>
</comp>

<comp id="371" class="1004" name="add_ln712_6_fu_371">
<pin_list>
<pin id="372" dir="0" index="0" bw="12" slack="0"/>
<pin id="373" dir="0" index="1" bw="11" slack="0"/>
<pin id="374" dir="1" index="2" bw="13" slack="0"/>
</pin_list>
<bind>
<opcode="add(8) " fcode="add"/>
<opset="add_ln712_6/5 "/>
</bind>
</comp>

<comp id="377" class="1004" name="sext_ln712_5_fu_377">
<pin_list>
<pin id="378" dir="0" index="0" bw="13" slack="0"/>
<pin id="379" dir="1" index="1" bw="14" slack="0"/>
</pin_list>
<bind>
<opcode="sext(35) " fcode="sext"/>
<opset="sext_ln712_5/5 "/>
</bind>
</comp>

<comp id="381" class="1004" name="add_ln712_7_fu_381">
<pin_list>
<pin id="382" dir="0" index="0" bw="13" slack="0"/>
<pin id="383" dir="0" index="1" bw="11" slack="0"/>
<pin id="384" dir="1" index="2" bw="14" slack="1"/>
</pin_list>
<bind>
<opcode="add(8) " fcode="add"/>
<opset="add_ln712_7/5 "/>
</bind>
</comp>

<comp id="387" class="1004" name="zext_ln1171_16_fu_387">
<pin_list>
<pin id="388" dir="0" index="0" bw="11" slack="2"/>
<pin id="389" dir="1" index="1" bw="13" slack="0"/>
</pin_list>
<bind>
<opcode="zext(34) " fcode="zext"/>
<opset="zext_ln1171_16/6 "/>
</bind>
</comp>

<comp id="390" class="1004" name="sext_ln1171_5_fu_390">
<pin_list>
<pin id="391" dir="0" index="0" bw="12" slack="1"/>
<pin id="392" dir="1" index="1" bw="13" slack="0"/>
</pin_list>
<bind>
<opcode="sext(35) " fcode="sext"/>
<opset="sext_ln1171_5/6 "/>
</bind>
</comp>

<comp id="394" class="1004" name="r_V_3_fu_394">
<pin_list>
<pin id="395" dir="0" index="0" bw="8" slack="3"/>
<pin id="396" dir="1" index="1" bw="16" slack="0"/>
</pin_list>
<bind>
<opcode="zext(34) " fcode="zext"/>
<opset="r_V_3/6 "/>
</bind>
</comp>

<comp id="398" class="1004" name="add_ln712_5_fu_398">
<pin_list>
<pin id="399" dir="0" index="0" bw="12" slack="0"/>
<pin id="400" dir="0" index="1" bw="11" slack="0"/>
<pin id="401" dir="1" index="2" bw="13" slack="0"/>
</pin_list>
<bind>
<opcode="add(8) " fcode="add"/>
<opset="add_ln712_5/6 "/>
</bind>
</comp>

<comp id="404" class="1004" name="sext_ln712_4_fu_404">
<pin_list>
<pin id="405" dir="0" index="0" bw="13" slack="0"/>
<pin id="406" dir="1" index="1" bw="15" slack="0"/>
</pin_list>
<bind>
<opcode="sext(35) " fcode="sext"/>
<opset="sext_ln712_4/6 "/>
</bind>
</comp>

<comp id="408" class="1004" name="sext_ln712_6_fu_408">
<pin_list>
<pin id="409" dir="0" index="0" bw="14" slack="1"/>
<pin id="410" dir="1" index="1" bw="15" slack="0"/>
</pin_list>
<bind>
<opcode="sext(35) " fcode="sext"/>
<opset="sext_ln712_6/6 "/>
</bind>
</comp>

<comp id="411" class="1004" name="add_ln712_8_fu_411">
<pin_list>
<pin id="412" dir="0" index="0" bw="14" slack="0"/>
<pin id="413" dir="0" index="1" bw="13" slack="0"/>
<pin id="414" dir="1" index="2" bw="15" slack="2"/>
</pin_list>
<bind>
<opcode="add(8) " fcode="add"/>
<opset="add_ln712_8/6 "/>
</bind>
</comp>

<comp id="417" class="1004" name="r_V_4_fu_417">
<pin_list>
<pin id="418" dir="0" index="0" bw="8" slack="3"/>
<pin id="419" dir="1" index="1" bw="16" slack="0"/>
</pin_list>
<bind>
<opcode="zext(34) " fcode="zext"/>
<opset="r_V_4/7 "/>
</bind>
</comp>

<comp id="421" class="1004" name="sext_ln1171_fu_421">
<pin_list>
<pin id="422" dir="0" index="0" bw="13" slack="2"/>
<pin id="423" dir="1" index="1" bw="14" slack="0"/>
</pin_list>
<bind>
<opcode="sext(35) " fcode="sext"/>
<opset="sext_ln1171/8 "/>
</bind>
</comp>

<comp id="424" class="1004" name="sext_ln1171_3_fu_424">
<pin_list>
<pin id="425" dir="0" index="0" bw="13" slack="1"/>
<pin id="426" dir="1" index="1" bw="14" slack="0"/>
</pin_list>
<bind>
<opcode="sext(35) " fcode="sext"/>
<opset="sext_ln1171_3/8 "/>
</bind>
</comp>

<comp id="427" class="1004" name="add_ln712_fu_427">
<pin_list>
<pin id="428" dir="0" index="0" bw="13" slack="0"/>
<pin id="429" dir="0" index="1" bw="13" slack="0"/>
<pin id="430" dir="1" index="2" bw="14" slack="0"/>
</pin_list>
<bind>
<opcode="add(8) " fcode="add"/>
<opset="add_ln712/8 "/>
</bind>
</comp>

<comp id="433" class="1004" name="sext_ln712_2_fu_433">
<pin_list>
<pin id="434" dir="0" index="0" bw="14" slack="0"/>
<pin id="435" dir="1" index="1" bw="15" slack="0"/>
</pin_list>
<bind>
<opcode="sext(35) " fcode="sext"/>
<opset="sext_ln712_2/8 "/>
</bind>
</comp>

<comp id="437" class="1004" name="zext_ln712_1_fu_437">
<pin_list>
<pin id="438" dir="0" index="0" bw="13" slack="3"/>
<pin id="439" dir="1" index="1" bw="15" slack="0"/>
</pin_list>
<bind>
<opcode="zext(34) " fcode="zext"/>
<opset="zext_ln712_1/8 "/>
</bind>
</comp>

<comp id="440" class="1004" name="add_ln712_4_fu_440">
<pin_list>
<pin id="441" dir="0" index="0" bw="13" slack="0"/>
<pin id="442" dir="0" index="1" bw="14" slack="0"/>
<pin id="443" dir="1" index="2" bw="15" slack="0"/>
</pin_list>
<bind>
<opcode="add(8) " fcode="add"/>
<opset="add_ln712_4/8 "/>
</bind>
</comp>

<comp id="446" class="1004" name="sext_ln712_3_fu_446">
<pin_list>
<pin id="447" dir="0" index="0" bw="15" slack="0"/>
<pin id="448" dir="1" index="1" bw="16" slack="0"/>
</pin_list>
<bind>
<opcode="sext(35) " fcode="sext"/>
<opset="sext_ln712_3/8 "/>
</bind>
</comp>

<comp id="450" class="1004" name="add_ln712_8_cast_fu_450">
<pin_list>
<pin id="451" dir="0" index="0" bw="15" slack="2"/>
<pin id="452" dir="1" index="1" bw="16" slack="0"/>
</pin_list>
<bind>
<opcode="sext(35) " fcode="sext"/>
<opset="add_ln712_8_cast/8 "/>
</bind>
</comp>

<comp id="453" class="1004" name="newret_fu_453">
<pin_list>
<pin id="454" dir="0" index="0" bw="32" slack="0"/>
<pin id="455" dir="0" index="1" bw="15" slack="0"/>
<pin id="456" dir="1" index="2" bw="32" slack="0"/>
</pin_list>
<bind>
<opcode="insertvalue(57) " fcode="insertvalue"/>
<opset="newret/8 "/>
</bind>
</comp>

<comp id="459" class="1004" name="newret2_fu_459">
<pin_list>
<pin id="460" dir="0" index="0" bw="32" slack="0"/>
<pin id="461" dir="0" index="1" bw="15" slack="0"/>
<pin id="462" dir="1" index="2" bw="32" slack="2147483647"/>
</pin_list>
<bind>
<opcode="insertvalue(57) " fcode="insertvalue"/>
<opset="newret2/8 "/>
</bind>
</comp>

<comp id="465" class="1005" name="p_read_13_reg_465">
<pin_list>
<pin id="466" dir="0" index="0" bw="8" slack="3"/>
<pin id="467" dir="1" index="1" bw="8" slack="3"/>
</pin_list>
<bind>
<opset="p_read_13 "/>
</bind>
</comp>

<comp id="470" class="1005" name="lshr_ln_reg_470">
<pin_list>
<pin id="471" dir="0" index="0" bw="9" slack="2"/>
<pin id="472" dir="1" index="1" bw="9" slack="2"/>
</pin_list>
<bind>
<opset="lshr_ln "/>
</bind>
</comp>

<comp id="475" class="1005" name="p_read_12_reg_475">
<pin_list>
<pin id="476" dir="0" index="0" bw="8" slack="3"/>
<pin id="477" dir="1" index="1" bw="8" slack="3"/>
</pin_list>
<bind>
<opset="p_read_12 "/>
</bind>
</comp>

<comp id="481" class="1005" name="p_read_11_reg_481">
<pin_list>
<pin id="482" dir="0" index="0" bw="8" slack="3"/>
<pin id="483" dir="1" index="1" bw="8" slack="3"/>
</pin_list>
<bind>
<opset="p_read_11 "/>
</bind>
</comp>

<comp id="486" class="1005" name="lshr_ln717_s_reg_486">
<pin_list>
<pin id="487" dir="0" index="0" bw="11" slack="2"/>
<pin id="488" dir="1" index="1" bw="11" slack="2"/>
</pin_list>
<bind>
<opset="lshr_ln717_s "/>
</bind>
</comp>

<comp id="491" class="1005" name="add_ln712_2_reg_491">
<pin_list>
<pin id="492" dir="0" index="0" bw="12" slack="2"/>
<pin id="493" dir="1" index="1" bw="12" slack="2"/>
</pin_list>
<bind>
<opset="add_ln712_2 "/>
</bind>
</comp>

<comp id="496" class="1005" name="p_read_10_reg_496">
<pin_list>
<pin id="497" dir="0" index="0" bw="8" slack="3"/>
<pin id="498" dir="1" index="1" bw="8" slack="3"/>
</pin_list>
<bind>
<opset="p_read_10 "/>
</bind>
</comp>

<comp id="501" class="1005" name="lshr_ln717_8_reg_501">
<pin_list>
<pin id="502" dir="0" index="0" bw="11" slack="2"/>
<pin id="503" dir="1" index="1" bw="11" slack="2"/>
</pin_list>
<bind>
<opset="lshr_ln717_8 "/>
</bind>
</comp>

<comp id="506" class="1005" name="trunc_ln717_3_reg_506">
<pin_list>
<pin id="507" dir="0" index="0" bw="12" slack="1"/>
<pin id="508" dir="1" index="1" bw="12" slack="1"/>
</pin_list>
<bind>
<opset="trunc_ln717_3 "/>
</bind>
</comp>

<comp id="511" class="1005" name="add_ln712_3_reg_511">
<pin_list>
<pin id="512" dir="0" index="0" bw="13" slack="3"/>
<pin id="513" dir="1" index="1" bw="13" slack="3"/>
</pin_list>
<bind>
<opset="add_ln712_3 "/>
</bind>
</comp>

<comp id="516" class="1005" name="add_ln712_7_reg_516">
<pin_list>
<pin id="517" dir="0" index="0" bw="14" slack="1"/>
<pin id="518" dir="1" index="1" bw="14" slack="1"/>
</pin_list>
<bind>
<opset="add_ln712_7 "/>
</bind>
</comp>

<comp id="521" class="1005" name="trunc_ln717_1_reg_521">
<pin_list>
<pin id="522" dir="0" index="0" bw="13" slack="2"/>
<pin id="523" dir="1" index="1" bw="13" slack="2"/>
</pin_list>
<bind>
<opset="trunc_ln717_1 "/>
</bind>
</comp>

<comp id="526" class="1005" name="add_ln712_8_reg_526">
<pin_list>
<pin id="527" dir="0" index="0" bw="15" slack="2"/>
<pin id="528" dir="1" index="1" bw="15" slack="2"/>
</pin_list>
<bind>
<opset="add_ln712_8 "/>
</bind>
</comp>

<comp id="531" class="1005" name="trunc_ln717_2_reg_531">
<pin_list>
<pin id="532" dir="0" index="0" bw="13" slack="1"/>
<pin id="533" dir="1" index="1" bw="13" slack="1"/>
</pin_list>
<bind>
<opset="trunc_ln717_2 "/>
</bind>
</comp>

</comp_list>

<net_list>
<net id="82"><net_src comp="10" pin="0"/><net_sink comp="78" pin=0"/></net>

<net id="83"><net_src comp="0" pin="0"/><net_sink comp="78" pin=1"/></net>

<net id="88"><net_src comp="10" pin="0"/><net_sink comp="84" pin=0"/></net>

<net id="89"><net_src comp="4" pin="0"/><net_sink comp="84" pin=1"/></net>

<net id="94"><net_src comp="10" pin="0"/><net_sink comp="90" pin=0"/></net>

<net id="95"><net_src comp="6" pin="0"/><net_sink comp="90" pin=1"/></net>

<net id="100"><net_src comp="10" pin="0"/><net_sink comp="96" pin=0"/></net>

<net id="101"><net_src comp="8" pin="0"/><net_sink comp="96" pin=1"/></net>

<net id="106"><net_src comp="10" pin="0"/><net_sink comp="102" pin=0"/></net>

<net id="107"><net_src comp="2" pin="0"/><net_sink comp="102" pin=1"/></net>

<net id="116"><net_src comp="12" pin="0"/><net_sink comp="108" pin=1"/></net>

<net id="121"><net_src comp="20" pin="0"/><net_sink comp="108" pin=1"/></net>

<net id="126"><net_src comp="26" pin="0"/><net_sink comp="108" pin=1"/></net>

<net id="131"><net_src comp="32" pin="0"/><net_sink comp="108" pin=1"/></net>

<net id="136"><net_src comp="48" pin="0"/><net_sink comp="108" pin=1"/></net>

<net id="141"><net_src comp="54" pin="0"/><net_sink comp="108" pin=1"/></net>

<net id="146"><net_src comp="60" pin="0"/><net_sink comp="108" pin=1"/></net>

<net id="157"><net_src comp="22" pin="0"/><net_sink comp="151" pin=0"/></net>

<net id="158"><net_src comp="108" pin="2"/><net_sink comp="151" pin=1"/></net>

<net id="159"><net_src comp="16" pin="0"/><net_sink comp="151" pin=2"/></net>

<net id="160"><net_src comp="24" pin="0"/><net_sink comp="151" pin=3"/></net>

<net id="167"><net_src comp="28" pin="0"/><net_sink comp="161" pin=0"/></net>

<net id="168"><net_src comp="108" pin="2"/><net_sink comp="161" pin=1"/></net>

<net id="169"><net_src comp="16" pin="0"/><net_sink comp="161" pin=2"/></net>

<net id="170"><net_src comp="30" pin="0"/><net_sink comp="161" pin=3"/></net>

<net id="177"><net_src comp="56" pin="0"/><net_sink comp="171" pin=0"/></net>

<net id="178"><net_src comp="108" pin="2"/><net_sink comp="171" pin=1"/></net>

<net id="179"><net_src comp="16" pin="0"/><net_sink comp="171" pin=2"/></net>

<net id="180"><net_src comp="58" pin="0"/><net_sink comp="171" pin=3"/></net>

<net id="184"><net_src comp="151" pin="4"/><net_sink comp="181" pin=0"/></net>

<net id="188"><net_src comp="78" pin="2"/><net_sink comp="185" pin=0"/></net>

<net id="189"><net_src comp="185" pin="1"/><net_sink comp="108" pin=0"/></net>

<net id="196"><net_src comp="14" pin="0"/><net_sink comp="190" pin=0"/></net>

<net id="197"><net_src comp="108" pin="2"/><net_sink comp="190" pin=1"/></net>

<net id="198"><net_src comp="16" pin="0"/><net_sink comp="190" pin=2"/></net>

<net id="199"><net_src comp="18" pin="0"/><net_sink comp="190" pin=3"/></net>

<net id="203"><net_src comp="84" pin="2"/><net_sink comp="200" pin=0"/></net>

<net id="204"><net_src comp="200" pin="1"/><net_sink comp="108" pin=0"/></net>

<net id="211"><net_src comp="90" pin="2"/><net_sink comp="208" pin=0"/></net>

<net id="212"><net_src comp="208" pin="1"/><net_sink comp="108" pin=0"/></net>

<net id="217"><net_src comp="205" pin="1"/><net_sink comp="213" pin=0"/></net>

<net id="218"><net_src comp="181" pin="1"/><net_sink comp="213" pin=1"/></net>

<net id="222"><net_src comp="219" pin="1"/><net_sink comp="108" pin=0"/></net>

<net id="226"><net_src comp="96" pin="2"/><net_sink comp="223" pin=0"/></net>

<net id="232"><net_src comp="34" pin="0"/><net_sink comp="227" pin=0"/></net>

<net id="233"><net_src comp="96" pin="2"/><net_sink comp="227" pin=1"/></net>

<net id="234"><net_src comp="36" pin="0"/><net_sink comp="227" pin=2"/></net>

<net id="238"><net_src comp="227" pin="3"/><net_sink comp="235" pin=0"/></net>

<net id="243"><net_src comp="38" pin="0"/><net_sink comp="239" pin=0"/></net>

<net id="244"><net_src comp="235" pin="1"/><net_sink comp="239" pin=1"/></net>

<net id="248"><net_src comp="239" pin="2"/><net_sink comp="245" pin=0"/></net>

<net id="253"><net_src comp="245" pin="1"/><net_sink comp="249" pin=0"/></net>

<net id="254"><net_src comp="223" pin="1"/><net_sink comp="249" pin=1"/></net>

<net id="261"><net_src comp="22" pin="0"/><net_sink comp="255" pin=0"/></net>

<net id="262"><net_src comp="249" pin="2"/><net_sink comp="255" pin=1"/></net>

<net id="263"><net_src comp="16" pin="0"/><net_sink comp="255" pin=2"/></net>

<net id="264"><net_src comp="24" pin="0"/><net_sink comp="255" pin=3"/></net>

<net id="268"><net_src comp="102" pin="2"/><net_sink comp="265" pin=0"/></net>

<net id="269"><net_src comp="265" pin="1"/><net_sink comp="108" pin=0"/></net>

<net id="275"><net_src comp="40" pin="0"/><net_sink comp="270" pin=0"/></net>

<net id="276"><net_src comp="102" pin="2"/><net_sink comp="270" pin=1"/></net>

<net id="277"><net_src comp="42" pin="0"/><net_sink comp="270" pin=2"/></net>

<net id="281"><net_src comp="270" pin="3"/><net_sink comp="278" pin=0"/></net>

<net id="287"><net_src comp="44" pin="0"/><net_sink comp="282" pin=0"/></net>

<net id="288"><net_src comp="102" pin="2"/><net_sink comp="282" pin=1"/></net>

<net id="289"><net_src comp="46" pin="0"/><net_sink comp="282" pin=2"/></net>

<net id="293"><net_src comp="282" pin="3"/><net_sink comp="290" pin=0"/></net>

<net id="298"><net_src comp="278" pin="1"/><net_sink comp="294" pin=0"/></net>

<net id="299"><net_src comp="290" pin="1"/><net_sink comp="294" pin=1"/></net>

<net id="306"><net_src comp="22" pin="0"/><net_sink comp="300" pin=0"/></net>

<net id="307"><net_src comp="294" pin="2"/><net_sink comp="300" pin=1"/></net>

<net id="308"><net_src comp="16" pin="0"/><net_sink comp="300" pin=2"/></net>

<net id="309"><net_src comp="24" pin="0"/><net_sink comp="300" pin=3"/></net>

<net id="313"><net_src comp="300" pin="4"/><net_sink comp="310" pin=0"/></net>

<net id="319"><net_src comp="34" pin="0"/><net_sink comp="314" pin=0"/></net>

<net id="320"><net_src comp="36" pin="0"/><net_sink comp="314" pin=2"/></net>

<net id="324"><net_src comp="314" pin="3"/><net_sink comp="321" pin=0"/></net>

<net id="330"><net_src comp="50" pin="0"/><net_sink comp="325" pin=0"/></net>

<net id="331"><net_src comp="52" pin="0"/><net_sink comp="325" pin=2"/></net>

<net id="335"><net_src comp="325" pin="3"/><net_sink comp="332" pin=0"/></net>

<net id="340"><net_src comp="332" pin="1"/><net_sink comp="336" pin=0"/></net>

<net id="341"><net_src comp="321" pin="1"/><net_sink comp="336" pin=1"/></net>

<net id="348"><net_src comp="28" pin="0"/><net_sink comp="342" pin=0"/></net>

<net id="349"><net_src comp="336" pin="2"/><net_sink comp="342" pin=1"/></net>

<net id="350"><net_src comp="16" pin="0"/><net_sink comp="342" pin=2"/></net>

<net id="351"><net_src comp="30" pin="0"/><net_sink comp="342" pin=3"/></net>

<net id="355"><net_src comp="342" pin="4"/><net_sink comp="352" pin=0"/></net>

<net id="369"><net_src comp="362" pin="1"/><net_sink comp="365" pin=0"/></net>

<net id="370"><net_src comp="310" pin="1"/><net_sink comp="365" pin=1"/></net>

<net id="375"><net_src comp="359" pin="1"/><net_sink comp="371" pin=0"/></net>

<net id="376"><net_src comp="356" pin="1"/><net_sink comp="371" pin=1"/></net>

<net id="380"><net_src comp="371" pin="2"/><net_sink comp="377" pin=0"/></net>

<net id="385"><net_src comp="377" pin="1"/><net_sink comp="381" pin=0"/></net>

<net id="386"><net_src comp="352" pin="1"/><net_sink comp="381" pin=1"/></net>

<net id="393"><net_src comp="181" pin="1"/><net_sink comp="390" pin=0"/></net>

<net id="397"><net_src comp="394" pin="1"/><net_sink comp="108" pin=0"/></net>

<net id="402"><net_src comp="390" pin="1"/><net_sink comp="398" pin=0"/></net>

<net id="403"><net_src comp="387" pin="1"/><net_sink comp="398" pin=1"/></net>

<net id="407"><net_src comp="398" pin="2"/><net_sink comp="404" pin=0"/></net>

<net id="415"><net_src comp="408" pin="1"/><net_sink comp="411" pin=0"/></net>

<net id="416"><net_src comp="404" pin="1"/><net_sink comp="411" pin=1"/></net>

<net id="420"><net_src comp="417" pin="1"/><net_sink comp="108" pin=0"/></net>

<net id="431"><net_src comp="421" pin="1"/><net_sink comp="427" pin=0"/></net>

<net id="432"><net_src comp="424" pin="1"/><net_sink comp="427" pin=1"/></net>

<net id="436"><net_src comp="427" pin="2"/><net_sink comp="433" pin=0"/></net>

<net id="444"><net_src comp="437" pin="1"/><net_sink comp="440" pin=0"/></net>

<net id="445"><net_src comp="433" pin="1"/><net_sink comp="440" pin=1"/></net>

<net id="449"><net_src comp="440" pin="2"/><net_sink comp="446" pin=0"/></net>

<net id="457"><net_src comp="76" pin="0"/><net_sink comp="453" pin=0"/></net>

<net id="458"><net_src comp="446" pin="1"/><net_sink comp="453" pin=1"/></net>

<net id="463"><net_src comp="453" pin="2"/><net_sink comp="459" pin=0"/></net>

<net id="464"><net_src comp="450" pin="1"/><net_sink comp="459" pin=1"/></net>

<net id="468"><net_src comp="78" pin="2"/><net_sink comp="465" pin=0"/></net>

<net id="469"><net_src comp="465" pin="1"/><net_sink comp="219" pin=0"/></net>

<net id="473"><net_src comp="190" pin="4"/><net_sink comp="470" pin=0"/></net>

<net id="474"><net_src comp="470" pin="1"/><net_sink comp="205" pin=0"/></net>

<net id="478"><net_src comp="84" pin="2"/><net_sink comp="475" pin=0"/></net>

<net id="479"><net_src comp="475" pin="1"/><net_sink comp="314" pin=1"/></net>

<net id="480"><net_src comp="475" pin="1"/><net_sink comp="325" pin=1"/></net>

<net id="484"><net_src comp="90" pin="2"/><net_sink comp="481" pin=0"/></net>

<net id="485"><net_src comp="481" pin="1"/><net_sink comp="394" pin=0"/></net>

<net id="489"><net_src comp="161" pin="4"/><net_sink comp="486" pin=0"/></net>

<net id="490"><net_src comp="486" pin="1"/><net_sink comp="356" pin=0"/></net>

<net id="494"><net_src comp="213" pin="2"/><net_sink comp="491" pin=0"/></net>

<net id="495"><net_src comp="491" pin="1"/><net_sink comp="362" pin=0"/></net>

<net id="499"><net_src comp="96" pin="2"/><net_sink comp="496" pin=0"/></net>

<net id="500"><net_src comp="496" pin="1"/><net_sink comp="417" pin=0"/></net>

<net id="504"><net_src comp="161" pin="4"/><net_sink comp="501" pin=0"/></net>

<net id="505"><net_src comp="501" pin="1"/><net_sink comp="387" pin=0"/></net>

<net id="509"><net_src comp="255" pin="4"/><net_sink comp="506" pin=0"/></net>

<net id="510"><net_src comp="506" pin="1"/><net_sink comp="359" pin=0"/></net>

<net id="514"><net_src comp="365" pin="2"/><net_sink comp="511" pin=0"/></net>

<net id="515"><net_src comp="511" pin="1"/><net_sink comp="437" pin=0"/></net>

<net id="519"><net_src comp="381" pin="2"/><net_sink comp="516" pin=0"/></net>

<net id="520"><net_src comp="516" pin="1"/><net_sink comp="408" pin=0"/></net>

<net id="524"><net_src comp="171" pin="4"/><net_sink comp="521" pin=0"/></net>

<net id="525"><net_src comp="521" pin="1"/><net_sink comp="421" pin=0"/></net>

<net id="529"><net_src comp="411" pin="2"/><net_sink comp="526" pin=0"/></net>

<net id="530"><net_src comp="526" pin="1"/><net_sink comp="450" pin=0"/></net>

<net id="534"><net_src comp="171" pin="4"/><net_sink comp="531" pin=0"/></net>

<net id="535"><net_src comp="531" pin="1"/><net_sink comp="424" pin=0"/></net>

</net_list>

</model> 
---------------- Datapath Model END ------------------

* FSMD analyzer results:
  - Output states:
 - Input state : 
	Port: dense_latency<ap_ufixed<8, 0, 4, 0, 0>, ap_fixed<16, 4, 5, 3, 0>, config5> : p_read | {1 }
	Port: dense_latency<ap_ufixed<8, 0, 4, 0, 0>, ap_fixed<16, 4, 5, 3, 0>, config5> : p_read1 | {5 }
	Port: dense_latency<ap_ufixed<8, 0, 4, 0, 0>, ap_fixed<16, 4, 5, 3, 0>, config5> : p_read2 | {2 }
	Port: dense_latency<ap_ufixed<8, 0, 4, 0, 0>, ap_fixed<16, 4, 5, 3, 0>, config5> : p_read3 | {3 }
	Port: dense_latency<ap_ufixed<8, 0, 4, 0, 0>, ap_fixed<16, 4, 5, 3, 0>, config5> : p_read4 | {4 }
  - Chain level:
	State 1
		mul_ln717 : 1
		lshr_ln : 2
	State 2
		mul_ln1171_2 : 1
		trunc_ln1171_1 : 2
	State 3
		mul_ln1171_4 : 1
		lshr_ln717_s : 2
		add_ln712_2 : 1
	State 4
		mul_ln1171 : 1
		lshr_ln717_8 : 2
		zext_ln1171_15 : 1
		sub_ln1171_1 : 2
		sext_ln1171_4 : 3
		sub_ln1171_2 : 4
		trunc_ln717_3 : 5
	State 5
		zext_ln1171_7 : 1
		zext_ln1171_8 : 1
		add_ln1171 : 2
		trunc_ln : 3
		zext_ln1171_9 : 4
		mul_ln1171_1 : 1
		trunc_ln6 : 2
		zext_ln1171_11 : 1
		zext_ln1171_12 : 1
		sub_ln1171 : 2
		trunc_ln717_s : 3
		trunc_ln717_cast : 4
		add_ln712_3 : 5
		add_ln712_6 : 1
		sext_ln712_5 : 2
		add_ln712_7 : 5
	State 6
		mul_ln1171_3 : 1
		trunc_ln717_1 : 2
		add_ln712_5 : 1
		sext_ln712_4 : 2
		add_ln712_8 : 3
	State 7
		mul_ln1171_5 : 1
		trunc_ln717_2 : 2
	State 8
		add_ln712 : 1
		sext_ln712_2 : 2
		add_ln712_4 : 3
		sext_ln712_3 : 4
		newret : 5
		newret2 : 6
		ret_ln712 : 7


============================================================
+ Verbose Summary: Datapath Resource usage 
============================================================

* Functional unit list:
|----------|-------------------------|---------|---------|---------|
| Operation|     Functional Unit     |   DSP   |    FF   |   LUT   |
|----------|-------------------------|---------|---------|---------|
|          |    add_ln712_2_fu_213   |    0    |    0    |    12   |
|          |    add_ln1171_fu_294    |    0    |    0    |    14   |
|          |    add_ln712_3_fu_365   |    0    |    0    |    12   |
|          |    add_ln712_6_fu_371   |    0    |    0    |    12   |
|    add   |    add_ln712_7_fu_381   |    0    |    0    |    13   |
|          |    add_ln712_5_fu_398   |    0    |    0    |    12   |
|          |    add_ln712_8_fu_411   |    0    |    0    |    14   |
|          |     add_ln712_fu_427    |    0    |    0    |    13   |
|          |    add_ln712_4_fu_440   |    0    |    0    |    14   |
|----------|-------------------------|---------|---------|---------|
|    mul   |        grp_fu_108       |    0    |    0    |    62   |
|----------|-------------------------|---------|---------|---------|
|          |   sub_ln1171_1_fu_239   |    0    |    0    |    13   |
|    sub   |   sub_ln1171_2_fu_249   |    0    |    0    |    14   |
|          |    sub_ln1171_fu_336    |    0    |    0    |    13   |
|----------|-------------------------|---------|---------|---------|
|          |   p_read_13_read_fu_78  |    0    |    0    |    0    |
|          |   p_read_12_read_fu_84  |    0    |    0    |    0    |
|   read   |   p_read_11_read_fu_90  |    0    |    0    |    0    |
|          |   p_read_10_read_fu_96  |    0    |    0    |    0    |
|          |  p_read111_read_fu_102  |    0    |    0    |    0    |
|----------|-------------------------|---------|---------|---------|
|          |        grp_fu_151       |    0    |    0    |    0    |
|          |        grp_fu_161       |    0    |    0    |    0    |
|          |        grp_fu_171       |    0    |    0    |    0    |
|partselect|      lshr_ln_fu_190     |    0    |    0    |    0    |
|          |   trunc_ln717_3_fu_255  |    0    |    0    |    0    |
|          |     trunc_ln_fu_300     |    0    |    0    |    0    |
|          |   trunc_ln717_s_fu_342  |    0    |    0    |    0    |
|----------|-------------------------|---------|---------|---------|
|          |    zext_ln717_fu_185    |    0    |    0    |    0    |
|          |  zext_ln1171_10_fu_200  |    0    |    0    |    0    |
|          |   zext_ln717_1_fu_205   |    0    |    0    |    0    |
|          |  zext_ln1171_13_fu_208  |    0    |    0    |    0    |
|          |    zext_ln1171_fu_219   |    0    |    0    |    0    |
|          |  zext_ln1171_14_fu_223  |    0    |    0    |    0    |
|          |  zext_ln1171_15_fu_235  |    0    |    0    |    0    |
|          |   zext_ln1171_6_fu_265  |    0    |    0    |    0    |
|          |   zext_ln1171_7_fu_278  |    0    |    0    |    0    |
|   zext   |   zext_ln1171_8_fu_290  |    0    |    0    |    0    |
|          |   zext_ln1171_9_fu_310  |    0    |    0    |    0    |
|          |  zext_ln1171_11_fu_321  |    0    |    0    |    0    |
|          |  zext_ln1171_12_fu_332  |    0    |    0    |    0    |
|          |  lshr_ln717_cast_fu_356 |    0    |    0    |    0    |
|          |    zext_ln712_fu_362    |    0    |    0    |    0    |
|          |  zext_ln1171_16_fu_387  |    0    |    0    |    0    |
|          |       r_V_3_fu_394      |    0    |    0    |    0    |
|          |       r_V_4_fu_417      |    0    |    0    |    0    |
|          |   zext_ln712_1_fu_437   |    0    |    0    |    0    |
|----------|-------------------------|---------|---------|---------|
|          |   shl_ln1171_8_fu_227   |    0    |    0    |    0    |
|          |      shl_ln_fu_270      |    0    |    0    |    0    |
|bitconcatenate|   shl_ln1171_5_fu_282   |    0    |    0    |    0    |
|          |   shl_ln1171_6_fu_314   |    0    |    0    |    0    |
|          |   shl_ln1171_7_fu_325   |    0    |    0    |    0    |
|----------|-------------------------|---------|---------|---------|
|          |   sext_ln1171_4_fu_245  |    0    |    0    |    0    |
|          | trunc_ln717_cast_fu_352 |    0    |    0    |    0    |
|          |    sext_ln712_fu_359    |    0    |    0    |    0    |
|          |   sext_ln712_5_fu_377   |    0    |    0    |    0    |
|          |   sext_ln1171_5_fu_390  |    0    |    0    |    0    |
|   sext   |   sext_ln712_4_fu_404   |    0    |    0    |    0    |
|          |   sext_ln712_6_fu_408   |    0    |    0    |    0    |
|          |    sext_ln1171_fu_421   |    0    |    0    |    0    |
|          |   sext_ln1171_3_fu_424  |    0    |    0    |    0    |
|          |   sext_ln712_2_fu_433   |    0    |    0    |    0    |
|          |   sext_ln712_3_fu_446   |    0    |    0    |    0    |
|          | add_ln712_8_cast_fu_450 |    0    |    0    |    0    |
|----------|-------------------------|---------|---------|---------|
|insertvalue|      newret_fu_453      |    0    |    0    |    0    |
|          |      newret2_fu_459     |    0    |    0    |    0    |
|----------|-------------------------|---------|---------|---------|
|   Total  |                         |    0    |    0    |   218   |
|----------|-------------------------|---------|---------|---------|

Memories:
N/A

* Register list:
+---------------------+--------+
|                     |   FF   |
+---------------------+--------+
| add_ln712_2_reg_491 |   12   |
| add_ln712_3_reg_511 |   13   |
| add_ln712_7_reg_516 |   14   |
| add_ln712_8_reg_526 |   15   |
| lshr_ln717_8_reg_501|   11   |
| lshr_ln717_s_reg_486|   11   |
|   lshr_ln_reg_470   |    9   |
|  p_read_10_reg_496  |    8   |
|  p_read_11_reg_481  |    8   |
|  p_read_12_reg_475  |    8   |
|  p_read_13_reg_465  |    8   |
|       reg_181       |   12   |
|trunc_ln717_1_reg_521|   13   |
|trunc_ln717_2_reg_531|   13   |
|trunc_ln717_3_reg_506|   12   |
+---------------------+--------+
|        Total        |   167  |
+---------------------+--------+

* Multiplexer (MUX) list: 
|------------|------|------|------|--------||---------||---------|
|    Comp    |  Pin | Size |  BW  | S x BW ||  Delay  ||   LUT   |
|------------|------|------|------|--------||---------||---------|
| grp_fu_108 |  p0  |   7  |   8  |   56   ||    29   |
| grp_fu_108 |  p1  |   7  |   8  |   56   ||    13   |
|------------|------|------|------|--------||---------||---------|
|    Total   |      |      |      |   112  || 2.86671 ||    42   |
|------------|------|------|------|--------||---------||---------|



* Summary:
+-----------+--------+--------+--------+--------+
|           |   DSP  |  Delay |   FF   |   LUT  |
+-----------+--------+--------+--------+--------+
|  Function |    0   |    -   |    0   |   218  |
|   Memory  |    -   |    -   |    -   |    -   |
|Multiplexer|    -   |    2   |    -   |   42   |
|  Register |    -   |    -   |   167  |    -   |
+-----------+--------+--------+--------+--------+
|   Total   |    0   |    2   |   167  |   260  |
+-----------+--------+--------+--------+--------+
