

================================================================
== Vitis HLS Report for 'relu_ap_fixed_16_4_5_3_0_ap_ufixed_8_1_4_0_0_relu_config10_s'
================================================================
* Date:           Wed Jul 19 15:40:19 2023

* Version:        2021.1 (Build 3247384 on Thu Jun 10 19:36:07 MDT 2021)
* Project:        myproject_prj
* Solution:       solution1 (Vivado IP Flow Target)
* Product family: zynq
* Target device:  xc7z007s-clg225-2


================================================================
== Performance Estimates
================================================================
+ Timing: 
    * Summary: 
    +--------+---------+----------+------------+
    |  Clock |  Target | Estimated| Uncertainty|
    +--------+---------+----------+------------+
    |ap_clk  |  5.00 ns|  3.532 ns|     0.62 ns|
    +--------+---------+----------+------------+

+ Latency: 
    * Summary: 
    +---------+---------+----------+----------+-----+-----+---------+
    |  Latency (cycles) |  Latency (absolute) |  Interval | Pipeline|
    |   min   |   max   |    min   |    max   | min | max |   Type  |
    +---------+---------+----------+----------+-----+-----+---------+
    |        0|        0|      0 ns|      0 ns|    1|    1|      yes|
    +---------+---------+----------+----------+-----+-----+---------+

    + Detail: 
        * Instance: 
        N/A

        * Loop: 
        N/A



================================================================
== Utilization Estimates
================================================================
* Summary: 
+-----------------+---------+----+-------+-------+-----+
|       Name      | BRAM_18K| DSP|   FF  |  LUT  | URAM|
+-----------------+---------+----+-------+-------+-----+
|DSP              |        -|   -|      -|      -|    -|
|Expression       |        -|   -|      0|   2365|    -|
|FIFO             |        -|   -|      -|      -|    -|
|Instance         |        -|   -|      -|      -|    -|
|Memory           |        -|   -|      -|      -|    -|
|Multiplexer      |        -|   -|      -|      -|    -|
|Register         |        -|   -|      -|      -|    -|
+-----------------+---------+----+-------+-------+-----+
|Total            |        0|   0|      0|   2365|    0|
+-----------------+---------+----+-------+-------+-----+
|Available        |      100|  66|  28800|  14400|    0|
+-----------------+---------+----+-------+-------+-----+
|Utilization (%)  |        0|   0|      0|     16|    0|
+-----------------+---------+----+-------+-------+-----+

+ Detail: 
    * Instance: 
    N/A

    * DSP: 
    N/A

    * Memory: 
    N/A

    * FIFO: 
    N/A

    * Expression: 
    +------------------------------+----------+----+---+----+------------+------------+
    |         Variable Name        | Operation| DSP| FF| LUT| Bitwidth P0| Bitwidth P1|
    +------------------------------+----------+----+---+----+------------+------------+
    |add_ln415_100_fu_4838_p2      |         +|   0|  0|   8|           8|           8|
    |add_ln415_101_fu_4972_p2      |         +|   0|  0|   8|           8|           8|
    |add_ln415_102_fu_5106_p2      |         +|   0|  0|   8|           8|           8|
    |add_ln415_103_fu_5240_p2      |         +|   0|  0|   8|           8|           8|
    |add_ln415_104_fu_5374_p2      |         +|   0|  0|   8|           8|           8|
    |add_ln415_105_fu_5508_p2      |         +|   0|  0|   8|           8|           8|
    |add_ln415_106_fu_5642_p2      |         +|   0|  0|   8|           8|           8|
    |add_ln415_107_fu_5776_p2      |         +|   0|  0|   8|           8|           8|
    |add_ln415_108_fu_5910_p2      |         +|   0|  0|   8|           8|           8|
    |add_ln415_109_fu_6044_p2      |         +|   0|  0|   8|           8|           8|
    |add_ln415_110_fu_6178_p2      |         +|   0|  0|   8|           8|           8|
    |add_ln415_111_fu_6312_p2      |         +|   0|  0|   8|           8|           8|
    |add_ln415_112_fu_6446_p2      |         +|   0|  0|   8|           8|           8|
    |add_ln415_113_fu_6580_p2      |         +|   0|  0|   8|           8|           8|
    |add_ln415_114_fu_6714_p2      |         +|   0|  0|   8|           8|           8|
    |add_ln415_115_fu_6848_p2      |         +|   0|  0|   8|           8|           8|
    |add_ln415_116_fu_6982_p2      |         +|   0|  0|   8|           8|           8|
    |add_ln415_117_fu_7116_p2      |         +|   0|  0|   8|           8|           8|
    |add_ln415_118_fu_7250_p2      |         +|   0|  0|   8|           8|           8|
    |add_ln415_119_fu_7384_p2      |         +|   0|  0|   8|           8|           8|
    |add_ln415_120_fu_7518_p2      |         +|   0|  0|   8|           8|           8|
    |add_ln415_121_fu_7652_p2      |         +|   0|  0|   8|           8|           8|
    |add_ln415_122_fu_7786_p2      |         +|   0|  0|   8|           8|           8|
    |add_ln415_69_fu_684_p2        |         +|   0|  0|   8|           8|           8|
    |add_ln415_70_fu_818_p2        |         +|   0|  0|   8|           8|           8|
    |add_ln415_71_fu_952_p2        |         +|   0|  0|   8|           8|           8|
    |add_ln415_72_fu_1086_p2       |         +|   0|  0|   8|           8|           8|
    |add_ln415_73_fu_1220_p2       |         +|   0|  0|   8|           8|           8|
    |add_ln415_74_fu_1354_p2       |         +|   0|  0|   8|           8|           8|
    |add_ln415_75_fu_1488_p2       |         +|   0|  0|   8|           8|           8|
    |add_ln415_76_fu_1622_p2       |         +|   0|  0|   8|           8|           8|
    |add_ln415_77_fu_1756_p2       |         +|   0|  0|   8|           8|           8|
    |add_ln415_78_fu_1890_p2       |         +|   0|  0|   8|           8|           8|
    |add_ln415_79_fu_2024_p2       |         +|   0|  0|   8|           8|           8|
    |add_ln415_80_fu_2158_p2       |         +|   0|  0|   8|           8|           8|
    |add_ln415_81_fu_2292_p2       |         +|   0|  0|   8|           8|           8|
    |add_ln415_82_fu_2426_p2       |         +|   0|  0|   8|           8|           8|
    |add_ln415_83_fu_2560_p2       |         +|   0|  0|   8|           8|           8|
    |add_ln415_84_fu_2694_p2       |         +|   0|  0|   8|           8|           8|
    |add_ln415_85_fu_2828_p2       |         +|   0|  0|   8|           8|           8|
    |add_ln415_86_fu_2962_p2       |         +|   0|  0|   8|           8|           8|
    |add_ln415_87_fu_3096_p2       |         +|   0|  0|   8|           8|           8|
    |add_ln415_88_fu_3230_p2       |         +|   0|  0|   8|           8|           8|
    |add_ln415_89_fu_3364_p2       |         +|   0|  0|   8|           8|           8|
    |add_ln415_90_fu_3498_p2       |         +|   0|  0|   8|           8|           8|
    |add_ln415_91_fu_3632_p2       |         +|   0|  0|   8|           8|           8|
    |add_ln415_92_fu_3766_p2       |         +|   0|  0|   8|           8|           8|
    |add_ln415_93_fu_3900_p2       |         +|   0|  0|   8|           8|           8|
    |add_ln415_94_fu_4034_p2       |         +|   0|  0|   8|           8|           8|
    |add_ln415_95_fu_4168_p2       |         +|   0|  0|   8|           8|           8|
    |add_ln415_96_fu_4302_p2       |         +|   0|  0|   8|           8|           8|
    |add_ln415_97_fu_4436_p2       |         +|   0|  0|   8|           8|           8|
    |add_ln415_98_fu_4570_p2       |         +|   0|  0|   8|           8|           8|
    |add_ln415_99_fu_4704_p2       |         +|   0|  0|   8|           8|           8|
    |add_ln415_fu_550_p2           |         +|   0|  0|   8|           8|           8|
    |and_ln412_100_fu_4828_p2      |       and|   0|  0|   1|           1|           1|
    |and_ln412_101_fu_4962_p2      |       and|   0|  0|   1|           1|           1|
    |and_ln412_102_fu_5096_p2      |       and|   0|  0|   1|           1|           1|
    |and_ln412_103_fu_5230_p2      |       and|   0|  0|   1|           1|           1|
    |and_ln412_104_fu_5364_p2      |       and|   0|  0|   1|           1|           1|
    |and_ln412_105_fu_5498_p2      |       and|   0|  0|   1|           1|           1|
    |and_ln412_106_fu_5632_p2      |       and|   0|  0|   1|           1|           1|
    |and_ln412_107_fu_5766_p2      |       and|   0|  0|   1|           1|           1|
    |and_ln412_108_fu_5900_p2      |       and|   0|  0|   1|           1|           1|
    |and_ln412_109_fu_6034_p2      |       and|   0|  0|   1|           1|           1|
    |and_ln412_110_fu_6168_p2      |       and|   0|  0|   1|           1|           1|
    |and_ln412_111_fu_6302_p2      |       and|   0|  0|   1|           1|           1|
    |and_ln412_112_fu_6436_p2      |       and|   0|  0|   1|           1|           1|
    |and_ln412_113_fu_6570_p2      |       and|   0|  0|   1|           1|           1|
    |and_ln412_114_fu_6704_p2      |       and|   0|  0|   1|           1|           1|
    |and_ln412_115_fu_6838_p2      |       and|   0|  0|   1|           1|           1|
    |and_ln412_116_fu_6972_p2      |       and|   0|  0|   1|           1|           1|
    |and_ln412_117_fu_7106_p2      |       and|   0|  0|   1|           1|           1|
    |and_ln412_118_fu_7240_p2      |       and|   0|  0|   1|           1|           1|
    |and_ln412_119_fu_7374_p2      |       and|   0|  0|   1|           1|           1|
    |and_ln412_120_fu_7508_p2      |       and|   0|  0|   1|           1|           1|
    |and_ln412_121_fu_7642_p2      |       and|   0|  0|   1|           1|           1|
    |and_ln412_122_fu_7776_p2      |       and|   0|  0|   1|           1|           1|
    |and_ln412_69_fu_674_p2        |       and|   0|  0|   1|           1|           1|
    |and_ln412_70_fu_808_p2        |       and|   0|  0|   1|           1|           1|
    |and_ln412_71_fu_942_p2        |       and|   0|  0|   1|           1|           1|
    |and_ln412_72_fu_1076_p2       |       and|   0|  0|   1|           1|           1|
    |and_ln412_73_fu_1210_p2       |       and|   0|  0|   1|           1|           1|
    |and_ln412_74_fu_1344_p2       |       and|   0|  0|   1|           1|           1|
    |and_ln412_75_fu_1478_p2       |       and|   0|  0|   1|           1|           1|
    |and_ln412_76_fu_1612_p2       |       and|   0|  0|   1|           1|           1|
    |and_ln412_77_fu_1746_p2       |       and|   0|  0|   1|           1|           1|
    |and_ln412_78_fu_1880_p2       |       and|   0|  0|   1|           1|           1|
    |and_ln412_79_fu_2014_p2       |       and|   0|  0|   1|           1|           1|
    |and_ln412_80_fu_2148_p2       |       and|   0|  0|   1|           1|           1|
    |and_ln412_81_fu_2282_p2       |       and|   0|  0|   1|           1|           1|
    |and_ln412_82_fu_2416_p2       |       and|   0|  0|   1|           1|           1|
    |and_ln412_83_fu_2550_p2       |       and|   0|  0|   1|           1|           1|
    |and_ln412_84_fu_2684_p2       |       and|   0|  0|   1|           1|           1|
    |and_ln412_85_fu_2818_p2       |       and|   0|  0|   1|           1|           1|
    |and_ln412_86_fu_2952_p2       |       and|   0|  0|   1|           1|           1|
    |and_ln412_87_fu_3086_p2       |       and|   0|  0|   1|           1|           1|
    |and_ln412_88_fu_3220_p2       |       and|   0|  0|   1|           1|           1|
    |and_ln412_89_fu_3354_p2       |       and|   0|  0|   1|           1|           1|
    |and_ln412_90_fu_3488_p2       |       and|   0|  0|   1|           1|           1|
    |and_ln412_91_fu_3622_p2       |       and|   0|  0|   1|           1|           1|
    |and_ln412_92_fu_3756_p2       |       and|   0|  0|   1|           1|           1|
    |and_ln412_93_fu_3890_p2       |       and|   0|  0|   1|           1|           1|
    |and_ln412_94_fu_4024_p2       |       and|   0|  0|   1|           1|           1|
    |and_ln412_95_fu_4158_p2       |       and|   0|  0|   1|           1|           1|
    |and_ln412_96_fu_4292_p2       |       and|   0|  0|   1|           1|           1|
    |and_ln412_97_fu_4426_p2       |       and|   0|  0|   1|           1|           1|
    |and_ln412_98_fu_4560_p2       |       and|   0|  0|   1|           1|           1|
    |and_ln412_99_fu_4694_p2       |       and|   0|  0|   1|           1|           1|
    |and_ln412_fu_540_p2           |       and|   0|  0|   1|           1|           1|
    |icmp_ln1049_100_fu_4862_p2    |      icmp|   0|  0|   2|           3|           2|
    |icmp_ln1049_101_fu_4996_p2    |      icmp|   0|  0|   2|           3|           2|
    |icmp_ln1049_102_fu_5130_p2    |      icmp|   0|  0|   2|           3|           2|
    |icmp_ln1049_103_fu_5264_p2    |      icmp|   0|  0|   2|           3|           2|
    |icmp_ln1049_104_fu_5398_p2    |      icmp|   0|  0|   2|           3|           2|
    |icmp_ln1049_105_fu_5532_p2    |      icmp|   0|  0|   2|           3|           2|
    |icmp_ln1049_106_fu_5666_p2    |      icmp|   0|  0|   2|           3|           2|
    |icmp_ln1049_107_fu_5800_p2    |      icmp|   0|  0|   2|           3|           2|
    |icmp_ln1049_108_fu_5934_p2    |      icmp|   0|  0|   2|           3|           2|
    |icmp_ln1049_109_fu_6068_p2    |      icmp|   0|  0|   2|           3|           2|
    |icmp_ln1049_110_fu_6202_p2    |      icmp|   0|  0|   2|           3|           2|
    |icmp_ln1049_111_fu_6336_p2    |      icmp|   0|  0|   2|           3|           2|
    |icmp_ln1049_112_fu_6470_p2    |      icmp|   0|  0|   2|           3|           2|
    |icmp_ln1049_113_fu_6604_p2    |      icmp|   0|  0|   2|           3|           2|
    |icmp_ln1049_114_fu_6738_p2    |      icmp|   0|  0|   2|           3|           2|
    |icmp_ln1049_115_fu_6872_p2    |      icmp|   0|  0|   2|           3|           2|
    |icmp_ln1049_116_fu_7006_p2    |      icmp|   0|  0|   2|           3|           2|
    |icmp_ln1049_117_fu_7140_p2    |      icmp|   0|  0|   2|           3|           2|
    |icmp_ln1049_118_fu_7274_p2    |      icmp|   0|  0|   2|           3|           2|
    |icmp_ln1049_119_fu_7408_p2    |      icmp|   0|  0|   2|           3|           2|
    |icmp_ln1049_120_fu_7542_p2    |      icmp|   0|  0|   2|           3|           2|
    |icmp_ln1049_121_fu_7676_p2    |      icmp|   0|  0|   2|           3|           2|
    |icmp_ln1049_122_fu_7810_p2    |      icmp|   0|  0|   2|           3|           2|
    |icmp_ln1049_69_fu_708_p2      |      icmp|   0|  0|   2|           3|           2|
    |icmp_ln1049_70_fu_842_p2      |      icmp|   0|  0|   2|           3|           2|
    |icmp_ln1049_71_fu_976_p2      |      icmp|   0|  0|   2|           3|           2|
    |icmp_ln1049_72_fu_1110_p2     |      icmp|   0|  0|   2|           3|           2|
    |icmp_ln1049_73_fu_1244_p2     |      icmp|   0|  0|   2|           3|           2|
    |icmp_ln1049_74_fu_1378_p2     |      icmp|   0|  0|   2|           3|           2|
    |icmp_ln1049_75_fu_1512_p2     |      icmp|   0|  0|   2|           3|           2|
    |icmp_ln1049_76_fu_1646_p2     |      icmp|   0|  0|   2|           3|           2|
    |icmp_ln1049_77_fu_1780_p2     |      icmp|   0|  0|   2|           3|           2|
    |icmp_ln1049_78_fu_1914_p2     |      icmp|   0|  0|   2|           3|           2|
    |icmp_ln1049_79_fu_2048_p2     |      icmp|   0|  0|   2|           3|           2|
    |icmp_ln1049_80_fu_2182_p2     |      icmp|   0|  0|   2|           3|           2|
    |icmp_ln1049_81_fu_2316_p2     |      icmp|   0|  0|   2|           3|           2|
    |icmp_ln1049_82_fu_2450_p2     |      icmp|   0|  0|   2|           3|           2|
    |icmp_ln1049_83_fu_2584_p2     |      icmp|   0|  0|   2|           3|           2|
    |icmp_ln1049_84_fu_2718_p2     |      icmp|   0|  0|   2|           3|           2|
    |icmp_ln1049_85_fu_2852_p2     |      icmp|   0|  0|   2|           3|           2|
    |icmp_ln1049_86_fu_2986_p2     |      icmp|   0|  0|   2|           3|           2|
    |icmp_ln1049_87_fu_3120_p2     |      icmp|   0|  0|   2|           3|           2|
    |icmp_ln1049_88_fu_3254_p2     |      icmp|   0|  0|   2|           3|           2|
    |icmp_ln1049_89_fu_3388_p2     |      icmp|   0|  0|   2|           3|           2|
    |icmp_ln1049_90_fu_3522_p2     |      icmp|   0|  0|   2|           3|           2|
    |icmp_ln1049_91_fu_3656_p2     |      icmp|   0|  0|   2|           3|           2|
    |icmp_ln1049_92_fu_3790_p2     |      icmp|   0|  0|   2|           3|           2|
    |icmp_ln1049_93_fu_3924_p2     |      icmp|   0|  0|   2|           3|           2|
    |icmp_ln1049_94_fu_4058_p2     |      icmp|   0|  0|   2|           3|           2|
    |icmp_ln1049_95_fu_4192_p2     |      icmp|   0|  0|   2|           3|           2|
    |icmp_ln1049_96_fu_4326_p2     |      icmp|   0|  0|   2|           3|           2|
    |icmp_ln1049_97_fu_4460_p2     |      icmp|   0|  0|   2|           3|           2|
    |icmp_ln1049_98_fu_4594_p2     |      icmp|   0|  0|   2|           3|           2|
    |icmp_ln1049_99_fu_4728_p2     |      icmp|   0|  0|   2|           3|           2|
    |icmp_ln1049_fu_574_p2         |      icmp|   0|  0|   2|           3|           2|
    |icmp_ln1547_10_fu_1824_p2     |      icmp|   0|  0|   7|          16|           1|
    |icmp_ln1547_11_fu_1958_p2     |      icmp|   0|  0|   7|          16|           1|
    |icmp_ln1547_12_fu_2092_p2     |      icmp|   0|  0|   7|          16|           1|
    |icmp_ln1547_13_fu_2226_p2     |      icmp|   0|  0|   7|          16|           1|
    |icmp_ln1547_14_fu_2360_p2     |      icmp|   0|  0|   7|          16|           1|
    |icmp_ln1547_15_fu_2494_p2     |      icmp|   0|  0|   7|          16|           1|
    |icmp_ln1547_16_fu_2628_p2     |      icmp|   0|  0|   7|          16|           1|
    |icmp_ln1547_17_fu_2762_p2     |      icmp|   0|  0|   7|          16|           1|
    |icmp_ln1547_18_fu_2896_p2     |      icmp|   0|  0|   7|          16|           1|
    |icmp_ln1547_19_fu_3030_p2     |      icmp|   0|  0|   7|          16|           1|
    |icmp_ln1547_1_fu_618_p2       |      icmp|   0|  0|   7|          16|           1|
    |icmp_ln1547_20_fu_3164_p2     |      icmp|   0|  0|   7|          16|           1|
    |icmp_ln1547_21_fu_3298_p2     |      icmp|   0|  0|   7|          16|           1|
    |icmp_ln1547_22_fu_3432_p2     |      icmp|   0|  0|   7|          16|           1|
    |icmp_ln1547_23_fu_3566_p2     |      icmp|   0|  0|   7|          16|           1|
    |icmp_ln1547_25_fu_3700_p2     |      icmp|   0|  0|   7|          16|           1|
    |icmp_ln1547_26_fu_3834_p2     |      icmp|   0|  0|   7|          16|           1|
    |icmp_ln1547_27_fu_3968_p2     |      icmp|   0|  0|   7|          16|           1|
    |icmp_ln1547_28_fu_4102_p2     |      icmp|   0|  0|   7|          16|           1|
    |icmp_ln1547_29_fu_4236_p2     |      icmp|   0|  0|   7|          16|           1|
    |icmp_ln1547_2_fu_752_p2       |      icmp|   0|  0|   7|          16|           1|
    |icmp_ln1547_30_fu_4370_p2     |      icmp|   0|  0|   7|          16|           1|
    |icmp_ln1547_32_fu_4504_p2     |      icmp|   0|  0|   7|          16|           1|
    |icmp_ln1547_33_fu_4638_p2     |      icmp|   0|  0|   7|          16|           1|
    |icmp_ln1547_34_fu_4772_p2     |      icmp|   0|  0|   7|          16|           1|
    |icmp_ln1547_35_fu_4906_p2     |      icmp|   0|  0|   7|          16|           1|
    |icmp_ln1547_36_fu_5040_p2     |      icmp|   0|  0|   7|          16|           1|
    |icmp_ln1547_37_fu_5174_p2     |      icmp|   0|  0|   7|          16|           1|
    |icmp_ln1547_38_fu_5308_p2     |      icmp|   0|  0|   7|          16|           1|
    |icmp_ln1547_3_fu_886_p2       |      icmp|   0|  0|   7|          16|           1|
    |icmp_ln1547_40_fu_5442_p2     |      icmp|   0|  0|   7|          16|           1|
    |icmp_ln1547_41_fu_5576_p2     |      icmp|   0|  0|   7|          16|           1|
    |icmp_ln1547_42_fu_5710_p2     |      icmp|   0|  0|   7|          16|           1|
    |icmp_ln1547_44_fu_5844_p2     |      icmp|   0|  0|   7|          16|           1|
    |icmp_ln1547_46_fu_5978_p2     |      icmp|   0|  0|   7|          16|           1|
    |icmp_ln1547_48_fu_6112_p2     |      icmp|   0|  0|   7|          16|           1|
    |icmp_ln1547_4_fu_1020_p2      |      icmp|   0|  0|   7|          16|           1|
    |icmp_ln1547_50_fu_6246_p2     |      icmp|   0|  0|   7|          16|           1|
    |icmp_ln1547_51_fu_6380_p2     |      icmp|   0|  0|   7|          16|           1|
    |icmp_ln1547_52_fu_6514_p2     |      icmp|   0|  0|   7|          16|           1|
    |icmp_ln1547_53_fu_6648_p2     |      icmp|   0|  0|   7|          16|           1|
    |icmp_ln1547_54_fu_6782_p2     |      icmp|   0|  0|   7|          16|           1|
    |icmp_ln1547_55_fu_6916_p2     |      icmp|   0|  0|   7|          16|           1|
    |icmp_ln1547_56_fu_7050_p2     |      icmp|   0|  0|   7|          16|           1|
    |icmp_ln1547_57_fu_7184_p2     |      icmp|   0|  0|   7|          16|           1|
    |icmp_ln1547_58_fu_7318_p2     |      icmp|   0|  0|   7|          16|           1|
    |icmp_ln1547_59_fu_7452_p2     |      icmp|   0|  0|   7|          16|           1|
    |icmp_ln1547_5_fu_1154_p2      |      icmp|   0|  0|   7|          16|           1|
    |icmp_ln1547_60_fu_7586_p2     |      icmp|   0|  0|   7|          16|           1|
    |icmp_ln1547_61_fu_7720_p2     |      icmp|   0|  0|   7|          16|           1|
    |icmp_ln1547_6_fu_1288_p2      |      icmp|   0|  0|   7|          16|           1|
    |icmp_ln1547_7_fu_1422_p2      |      icmp|   0|  0|   7|          16|           1|
    |icmp_ln1547_8_fu_1556_p2      |      icmp|   0|  0|   7|          16|           1|
    |icmp_ln1547_9_fu_1690_p2      |      icmp|   0|  0|   7|          16|           1|
    |icmp_ln1547_fu_484_p2         |      icmp|   0|  0|   7|          16|           1|
    |icmp_ln727_100_fu_4808_p2     |      icmp|   0|  0|   2|           4|           1|
    |icmp_ln727_101_fu_4942_p2     |      icmp|   0|  0|   2|           4|           1|
    |icmp_ln727_102_fu_5076_p2     |      icmp|   0|  0|   2|           4|           1|
    |icmp_ln727_103_fu_5210_p2     |      icmp|   0|  0|   2|           4|           1|
    |icmp_ln727_104_fu_5344_p2     |      icmp|   0|  0|   2|           4|           1|
    |icmp_ln727_105_fu_5478_p2     |      icmp|   0|  0|   2|           4|           1|
    |icmp_ln727_106_fu_5612_p2     |      icmp|   0|  0|   2|           4|           1|
    |icmp_ln727_107_fu_5746_p2     |      icmp|   0|  0|   2|           4|           1|
    |icmp_ln727_108_fu_5880_p2     |      icmp|   0|  0|   2|           4|           1|
    |icmp_ln727_109_fu_6014_p2     |      icmp|   0|  0|   2|           4|           1|
    |icmp_ln727_110_fu_6148_p2     |      icmp|   0|  0|   2|           4|           1|
    |icmp_ln727_111_fu_6282_p2     |      icmp|   0|  0|   2|           4|           1|
    |icmp_ln727_112_fu_6416_p2     |      icmp|   0|  0|   2|           4|           1|
    |icmp_ln727_113_fu_6550_p2     |      icmp|   0|  0|   2|           4|           1|
    |icmp_ln727_114_fu_6684_p2     |      icmp|   0|  0|   2|           4|           1|
    |icmp_ln727_115_fu_6818_p2     |      icmp|   0|  0|   2|           4|           1|
    |icmp_ln727_116_fu_6952_p2     |      icmp|   0|  0|   2|           4|           1|
    |icmp_ln727_117_fu_7086_p2     |      icmp|   0|  0|   2|           4|           1|
    |icmp_ln727_118_fu_7220_p2     |      icmp|   0|  0|   2|           4|           1|
    |icmp_ln727_119_fu_7354_p2     |      icmp|   0|  0|   2|           4|           1|
    |icmp_ln727_120_fu_7488_p2     |      icmp|   0|  0|   2|           4|           1|
    |icmp_ln727_121_fu_7622_p2     |      icmp|   0|  0|   2|           4|           1|
    |icmp_ln727_122_fu_7756_p2     |      icmp|   0|  0|   2|           4|           1|
    |icmp_ln727_69_fu_654_p2       |      icmp|   0|  0|   2|           4|           1|
    |icmp_ln727_70_fu_788_p2       |      icmp|   0|  0|   2|           4|           1|
    |icmp_ln727_71_fu_922_p2       |      icmp|   0|  0|   2|           4|           1|
    |icmp_ln727_72_fu_1056_p2      |      icmp|   0|  0|   2|           4|           1|
    |icmp_ln727_73_fu_1190_p2      |      icmp|   0|  0|   2|           4|           1|
    |icmp_ln727_74_fu_1324_p2      |      icmp|   0|  0|   2|           4|           1|
    |icmp_ln727_75_fu_1458_p2      |      icmp|   0|  0|   2|           4|           1|
    |icmp_ln727_76_fu_1592_p2      |      icmp|   0|  0|   2|           4|           1|
    |icmp_ln727_77_fu_1726_p2      |      icmp|   0|  0|   2|           4|           1|
    |icmp_ln727_78_fu_1860_p2      |      icmp|   0|  0|   2|           4|           1|
    |icmp_ln727_79_fu_1994_p2      |      icmp|   0|  0|   2|           4|           1|
    |icmp_ln727_80_fu_2128_p2      |      icmp|   0|  0|   2|           4|           1|
    |icmp_ln727_81_fu_2262_p2      |      icmp|   0|  0|   2|           4|           1|
    |icmp_ln727_82_fu_2396_p2      |      icmp|   0|  0|   2|           4|           1|
    |icmp_ln727_83_fu_2530_p2      |      icmp|   0|  0|   2|           4|           1|
    |icmp_ln727_84_fu_2664_p2      |      icmp|   0|  0|   2|           4|           1|
    |icmp_ln727_85_fu_2798_p2      |      icmp|   0|  0|   2|           4|           1|
    |icmp_ln727_86_fu_2932_p2      |      icmp|   0|  0|   2|           4|           1|
    |icmp_ln727_87_fu_3066_p2      |      icmp|   0|  0|   2|           4|           1|
    |icmp_ln727_88_fu_3200_p2      |      icmp|   0|  0|   2|           4|           1|
    |icmp_ln727_89_fu_3334_p2      |      icmp|   0|  0|   2|           4|           1|
    |icmp_ln727_90_fu_3468_p2      |      icmp|   0|  0|   2|           4|           1|
    |icmp_ln727_91_fu_3602_p2      |      icmp|   0|  0|   2|           4|           1|
    |icmp_ln727_92_fu_3736_p2      |      icmp|   0|  0|   2|           4|           1|
    |icmp_ln727_93_fu_3870_p2      |      icmp|   0|  0|   2|           4|           1|
    |icmp_ln727_94_fu_4004_p2      |      icmp|   0|  0|   2|           4|           1|
    |icmp_ln727_95_fu_4138_p2      |      icmp|   0|  0|   2|           4|           1|
    |icmp_ln727_96_fu_4272_p2      |      icmp|   0|  0|   2|           4|           1|
    |icmp_ln727_97_fu_4406_p2      |      icmp|   0|  0|   2|           4|           1|
    |icmp_ln727_98_fu_4540_p2      |      icmp|   0|  0|   2|           4|           1|
    |icmp_ln727_99_fu_4674_p2      |      icmp|   0|  0|   2|           4|           1|
    |icmp_ln727_fu_520_p2          |      icmp|   0|  0|   2|           4|           1|
    |icmp_ln777_100_fu_4868_p2     |      icmp|   0|  0|   2|           3|           1|
    |icmp_ln777_101_fu_5002_p2     |      icmp|   0|  0|   2|           3|           1|
    |icmp_ln777_102_fu_5136_p2     |      icmp|   0|  0|   2|           3|           1|
    |icmp_ln777_103_fu_5270_p2     |      icmp|   0|  0|   2|           3|           1|
    |icmp_ln777_104_fu_5404_p2     |      icmp|   0|  0|   2|           3|           1|
    |icmp_ln777_105_fu_5538_p2     |      icmp|   0|  0|   2|           3|           1|
    |icmp_ln777_106_fu_5672_p2     |      icmp|   0|  0|   2|           3|           1|
    |icmp_ln777_107_fu_5806_p2     |      icmp|   0|  0|   2|           3|           1|
    |icmp_ln777_108_fu_5940_p2     |      icmp|   0|  0|   2|           3|           1|
    |icmp_ln777_109_fu_6074_p2     |      icmp|   0|  0|   2|           3|           1|
    |icmp_ln777_110_fu_6208_p2     |      icmp|   0|  0|   2|           3|           1|
    |icmp_ln777_111_fu_6342_p2     |      icmp|   0|  0|   2|           3|           1|
    |icmp_ln777_112_fu_6476_p2     |      icmp|   0|  0|   2|           3|           1|
    |icmp_ln777_113_fu_6610_p2     |      icmp|   0|  0|   2|           3|           1|
    |icmp_ln777_114_fu_6744_p2     |      icmp|   0|  0|   2|           3|           1|
    |icmp_ln777_115_fu_6878_p2     |      icmp|   0|  0|   2|           3|           1|
    |icmp_ln777_116_fu_7012_p2     |      icmp|   0|  0|   2|           3|           1|
    |icmp_ln777_117_fu_7146_p2     |      icmp|   0|  0|   2|           3|           1|
    |icmp_ln777_118_fu_7280_p2     |      icmp|   0|  0|   2|           3|           1|
    |icmp_ln777_119_fu_7414_p2     |      icmp|   0|  0|   2|           3|           1|
    |icmp_ln777_120_fu_7548_p2     |      icmp|   0|  0|   2|           3|           1|
    |icmp_ln777_121_fu_7682_p2     |      icmp|   0|  0|   2|           3|           1|
    |icmp_ln777_122_fu_7816_p2     |      icmp|   0|  0|   2|           3|           1|
    |icmp_ln777_69_fu_714_p2       |      icmp|   0|  0|   2|           3|           1|
    |icmp_ln777_70_fu_848_p2       |      icmp|   0|  0|   2|           3|           1|
    |icmp_ln777_71_fu_982_p2       |      icmp|   0|  0|   2|           3|           1|
    |icmp_ln777_72_fu_1116_p2      |      icmp|   0|  0|   2|           3|           1|
    |icmp_ln777_73_fu_1250_p2      |      icmp|   0|  0|   2|           3|           1|
    |icmp_ln777_74_fu_1384_p2      |      icmp|   0|  0|   2|           3|           1|
    |icmp_ln777_75_fu_1518_p2      |      icmp|   0|  0|   2|           3|           1|
    |icmp_ln777_76_fu_1652_p2      |      icmp|   0|  0|   2|           3|           1|
    |icmp_ln777_77_fu_1786_p2      |      icmp|   0|  0|   2|           3|           1|
    |icmp_ln777_78_fu_1920_p2      |      icmp|   0|  0|   2|           3|           1|
    |icmp_ln777_79_fu_2054_p2      |      icmp|   0|  0|   2|           3|           1|
    |icmp_ln777_80_fu_2188_p2      |      icmp|   0|  0|   2|           3|           1|
    |icmp_ln777_81_fu_2322_p2      |      icmp|   0|  0|   2|           3|           1|
    |icmp_ln777_82_fu_2456_p2      |      icmp|   0|  0|   2|           3|           1|
    |icmp_ln777_83_fu_2590_p2      |      icmp|   0|  0|   2|           3|           1|
    |icmp_ln777_84_fu_2724_p2      |      icmp|   0|  0|   2|           3|           1|
    |icmp_ln777_85_fu_2858_p2      |      icmp|   0|  0|   2|           3|           1|
    |icmp_ln777_86_fu_2992_p2      |      icmp|   0|  0|   2|           3|           1|
    |icmp_ln777_87_fu_3126_p2      |      icmp|   0|  0|   2|           3|           1|
    |icmp_ln777_88_fu_3260_p2      |      icmp|   0|  0|   2|           3|           1|
    |icmp_ln777_89_fu_3394_p2      |      icmp|   0|  0|   2|           3|           1|
    |icmp_ln777_90_fu_3528_p2      |      icmp|   0|  0|   2|           3|           1|
    |icmp_ln777_91_fu_3662_p2      |      icmp|   0|  0|   2|           3|           1|
    |icmp_ln777_92_fu_3796_p2      |      icmp|   0|  0|   2|           3|           1|
    |icmp_ln777_93_fu_3930_p2      |      icmp|   0|  0|   2|           3|           1|
    |icmp_ln777_94_fu_4064_p2      |      icmp|   0|  0|   2|           3|           1|
    |icmp_ln777_95_fu_4198_p2      |      icmp|   0|  0|   2|           3|           1|
    |icmp_ln777_96_fu_4332_p2      |      icmp|   0|  0|   2|           3|           1|
    |icmp_ln777_97_fu_4466_p2      |      icmp|   0|  0|   2|           3|           1|
    |icmp_ln777_98_fu_4600_p2      |      icmp|   0|  0|   2|           3|           1|
    |icmp_ln777_99_fu_4734_p2      |      icmp|   0|  0|   2|           3|           1|
    |icmp_ln777_fu_580_p2          |      icmp|   0|  0|   2|           3|           1|
    |or_ln412_10_fu_1874_p2        |        or|   0|  0|   1|           1|           1|
    |or_ln412_11_fu_2008_p2        |        or|   0|  0|   1|           1|           1|
    |or_ln412_12_fu_2142_p2        |        or|   0|  0|   1|           1|           1|
    |or_ln412_13_fu_2276_p2        |        or|   0|  0|   1|           1|           1|
    |or_ln412_14_fu_2410_p2        |        or|   0|  0|   1|           1|           1|
    |or_ln412_15_fu_2544_p2        |        or|   0|  0|   1|           1|           1|
    |or_ln412_16_fu_2678_p2        |        or|   0|  0|   1|           1|           1|
    |or_ln412_17_fu_2812_p2        |        or|   0|  0|   1|           1|           1|
    |or_ln412_18_fu_2946_p2        |        or|   0|  0|   1|           1|           1|
    |or_ln412_19_fu_3080_p2        |        or|   0|  0|   1|           1|           1|
    |or_ln412_1_fu_668_p2          |        or|   0|  0|   1|           1|           1|
    |or_ln412_20_fu_3214_p2        |        or|   0|  0|   1|           1|           1|
    |or_ln412_21_fu_3348_p2        |        or|   0|  0|   1|           1|           1|
    |or_ln412_22_fu_3482_p2        |        or|   0|  0|   1|           1|           1|
    |or_ln412_23_fu_3616_p2        |        or|   0|  0|   1|           1|           1|
    |or_ln412_25_fu_3750_p2        |        or|   0|  0|   1|           1|           1|
    |or_ln412_26_fu_3884_p2        |        or|   0|  0|   1|           1|           1|
    |or_ln412_27_fu_4018_p2        |        or|   0|  0|   1|           1|           1|
    |or_ln412_28_fu_4152_p2        |        or|   0|  0|   1|           1|           1|
    |or_ln412_29_fu_4286_p2        |        or|   0|  0|   1|           1|           1|
    |or_ln412_2_fu_802_p2          |        or|   0|  0|   1|           1|           1|
    |or_ln412_30_fu_4420_p2        |        or|   0|  0|   1|           1|           1|
    |or_ln412_32_fu_4554_p2        |        or|   0|  0|   1|           1|           1|
    |or_ln412_33_fu_4688_p2        |        or|   0|  0|   1|           1|           1|
    |or_ln412_34_fu_4822_p2        |        or|   0|  0|   1|           1|           1|
    |or_ln412_35_fu_4956_p2        |        or|   0|  0|   1|           1|           1|
    |or_ln412_36_fu_5090_p2        |        or|   0|  0|   1|           1|           1|
    |or_ln412_37_fu_5224_p2        |        or|   0|  0|   1|           1|           1|
    |or_ln412_38_fu_5358_p2        |        or|   0|  0|   1|           1|           1|
    |or_ln412_3_fu_936_p2          |        or|   0|  0|   1|           1|           1|
    |or_ln412_40_fu_5492_p2        |        or|   0|  0|   1|           1|           1|
    |or_ln412_41_fu_5626_p2        |        or|   0|  0|   1|           1|           1|
    |or_ln412_42_fu_5760_p2        |        or|   0|  0|   1|           1|           1|
    |or_ln412_44_fu_5894_p2        |        or|   0|  0|   1|           1|           1|
    |or_ln412_46_fu_6028_p2        |        or|   0|  0|   1|           1|           1|
    |or_ln412_48_fu_6162_p2        |        or|   0|  0|   1|           1|           1|
    |or_ln412_4_fu_1070_p2         |        or|   0|  0|   1|           1|           1|
    |or_ln412_50_fu_6296_p2        |        or|   0|  0|   1|           1|           1|
    |or_ln412_51_fu_6430_p2        |        or|   0|  0|   1|           1|           1|
    |or_ln412_52_fu_6564_p2        |        or|   0|  0|   1|           1|           1|
    |or_ln412_53_fu_6698_p2        |        or|   0|  0|   1|           1|           1|
    |or_ln412_54_fu_6832_p2        |        or|   0|  0|   1|           1|           1|
    |or_ln412_55_fu_6966_p2        |        or|   0|  0|   1|           1|           1|
    |or_ln412_56_fu_7100_p2        |        or|   0|  0|   1|           1|           1|
    |or_ln412_57_fu_7234_p2        |        or|   0|  0|   1|           1|           1|
    |or_ln412_58_fu_7368_p2        |        or|   0|  0|   1|           1|           1|
    |or_ln412_59_fu_7502_p2        |        or|   0|  0|   1|           1|           1|
    |or_ln412_5_fu_1204_p2         |        or|   0|  0|   1|           1|           1|
    |or_ln412_60_fu_7636_p2        |        or|   0|  0|   1|           1|           1|
    |or_ln412_61_fu_7770_p2        |        or|   0|  0|   1|           1|           1|
    |or_ln412_6_fu_1338_p2         |        or|   0|  0|   1|           1|           1|
    |or_ln412_7_fu_1472_p2         |        or|   0|  0|   1|           1|           1|
    |or_ln412_8_fu_1606_p2         |        or|   0|  0|   1|           1|           1|
    |or_ln412_9_fu_1740_p2         |        or|   0|  0|   1|           1|           1|
    |or_ln412_fu_534_p2            |        or|   0|  0|   1|           1|           1|
    |select_ln1547_100_fu_4898_p3  |    select|   0|  0|   8|           1|           8|
    |select_ln1547_101_fu_5032_p3  |    select|   0|  0|   8|           1|           8|
    |select_ln1547_102_fu_5166_p3  |    select|   0|  0|   8|           1|           8|
    |select_ln1547_103_fu_5300_p3  |    select|   0|  0|   8|           1|           8|
    |select_ln1547_104_fu_5434_p3  |    select|   0|  0|   8|           1|           8|
    |select_ln1547_105_fu_5568_p3  |    select|   0|  0|   8|           1|           8|
    |select_ln1547_106_fu_5702_p3  |    select|   0|  0|   8|           1|           8|
    |select_ln1547_107_fu_5836_p3  |    select|   0|  0|   8|           1|           8|
    |select_ln1547_108_fu_5970_p3  |    select|   0|  0|   8|           1|           8|
    |select_ln1547_109_fu_6104_p3  |    select|   0|  0|   8|           1|           8|
    |select_ln1547_110_fu_6238_p3  |    select|   0|  0|   8|           1|           8|
    |select_ln1547_111_fu_6372_p3  |    select|   0|  0|   8|           1|           8|
    |select_ln1547_112_fu_6506_p3  |    select|   0|  0|   8|           1|           8|
    |select_ln1547_113_fu_6640_p3  |    select|   0|  0|   8|           1|           8|
    |select_ln1547_114_fu_6774_p3  |    select|   0|  0|   8|           1|           8|
    |select_ln1547_115_fu_6908_p3  |    select|   0|  0|   8|           1|           8|
    |select_ln1547_116_fu_7042_p3  |    select|   0|  0|   8|           1|           8|
    |select_ln1547_117_fu_7176_p3  |    select|   0|  0|   8|           1|           8|
    |select_ln1547_118_fu_7310_p3  |    select|   0|  0|   8|           1|           8|
    |select_ln1547_119_fu_7444_p3  |    select|   0|  0|   8|           1|           8|
    |select_ln1547_120_fu_7578_p3  |    select|   0|  0|   8|           1|           8|
    |select_ln1547_121_fu_7712_p3  |    select|   0|  0|   8|           1|           8|
    |select_ln1547_122_fu_7846_p3  |    select|   0|  0|   8|           1|           8|
    |select_ln1547_69_fu_744_p3    |    select|   0|  0|   8|           1|           8|
    |select_ln1547_70_fu_878_p3    |    select|   0|  0|   8|           1|           8|
    |select_ln1547_71_fu_1012_p3   |    select|   0|  0|   8|           1|           8|
    |select_ln1547_72_fu_1146_p3   |    select|   0|  0|   8|           1|           8|
    |select_ln1547_73_fu_1280_p3   |    select|   0|  0|   8|           1|           8|
    |select_ln1547_74_fu_1414_p3   |    select|   0|  0|   8|           1|           8|
    |select_ln1547_75_fu_1548_p3   |    select|   0|  0|   8|           1|           8|
    |select_ln1547_76_fu_1682_p3   |    select|   0|  0|   8|           1|           8|
    |select_ln1547_77_fu_1816_p3   |    select|   0|  0|   8|           1|           8|
    |select_ln1547_78_fu_1950_p3   |    select|   0|  0|   8|           1|           8|
    |select_ln1547_79_fu_2084_p3   |    select|   0|  0|   8|           1|           8|
    |select_ln1547_80_fu_2218_p3   |    select|   0|  0|   8|           1|           8|
    |select_ln1547_81_fu_2352_p3   |    select|   0|  0|   8|           1|           8|
    |select_ln1547_82_fu_2486_p3   |    select|   0|  0|   8|           1|           8|
    |select_ln1547_83_fu_2620_p3   |    select|   0|  0|   8|           1|           8|
    |select_ln1547_84_fu_2754_p3   |    select|   0|  0|   8|           1|           8|
    |select_ln1547_85_fu_2888_p3   |    select|   0|  0|   8|           1|           8|
    |select_ln1547_86_fu_3022_p3   |    select|   0|  0|   8|           1|           8|
    |select_ln1547_87_fu_3156_p3   |    select|   0|  0|   8|           1|           8|
    |select_ln1547_88_fu_3290_p3   |    select|   0|  0|   8|           1|           8|
    |select_ln1547_89_fu_3424_p3   |    select|   0|  0|   8|           1|           8|
    |select_ln1547_90_fu_3558_p3   |    select|   0|  0|   8|           1|           8|
    |select_ln1547_91_fu_3692_p3   |    select|   0|  0|   8|           1|           8|
    |select_ln1547_92_fu_3826_p3   |    select|   0|  0|   8|           1|           8|
    |select_ln1547_93_fu_3960_p3   |    select|   0|  0|   8|           1|           8|
    |select_ln1547_94_fu_4094_p3   |    select|   0|  0|   8|           1|           8|
    |select_ln1547_95_fu_4228_p3   |    select|   0|  0|   8|           1|           8|
    |select_ln1547_96_fu_4362_p3   |    select|   0|  0|   8|           1|           8|
    |select_ln1547_97_fu_4496_p3   |    select|   0|  0|   8|           1|           8|
    |select_ln1547_98_fu_4630_p3   |    select|   0|  0|   8|           1|           8|
    |select_ln1547_99_fu_4764_p3   |    select|   0|  0|   8|           1|           8|
    |select_ln1547_fu_610_p3       |    select|   0|  0|   8|           1|           8|
    |select_ln394_100_fu_4890_p3   |    select|   0|  0|   8|           1|           8|
    |select_ln394_101_fu_5024_p3   |    select|   0|  0|   8|           1|           8|
    |select_ln394_102_fu_5158_p3   |    select|   0|  0|   8|           1|           8|
    |select_ln394_103_fu_5292_p3   |    select|   0|  0|   8|           1|           8|
    |select_ln394_104_fu_5426_p3   |    select|   0|  0|   8|           1|           8|
    |select_ln394_105_fu_5560_p3   |    select|   0|  0|   8|           1|           8|
    |select_ln394_106_fu_5694_p3   |    select|   0|  0|   8|           1|           8|
    |select_ln394_107_fu_5828_p3   |    select|   0|  0|   8|           1|           8|
    |select_ln394_108_fu_5962_p3   |    select|   0|  0|   8|           1|           8|
    |select_ln394_109_fu_6096_p3   |    select|   0|  0|   8|           1|           8|
    |select_ln394_110_fu_6230_p3   |    select|   0|  0|   8|           1|           8|
    |select_ln394_111_fu_6364_p3   |    select|   0|  0|   8|           1|           8|
    |select_ln394_112_fu_6498_p3   |    select|   0|  0|   8|           1|           8|
    |select_ln394_113_fu_6632_p3   |    select|   0|  0|   8|           1|           8|
    |select_ln394_114_fu_6766_p3   |    select|   0|  0|   8|           1|           8|
    |select_ln394_115_fu_6900_p3   |    select|   0|  0|   8|           1|           8|
    |select_ln394_116_fu_7034_p3   |    select|   0|  0|   8|           1|           8|
    |select_ln394_117_fu_7168_p3   |    select|   0|  0|   8|           1|           8|
    |select_ln394_118_fu_7302_p3   |    select|   0|  0|   8|           1|           8|
    |select_ln394_119_fu_7436_p3   |    select|   0|  0|   8|           1|           8|
    |select_ln394_120_fu_7570_p3   |    select|   0|  0|   8|           1|           8|
    |select_ln394_121_fu_7704_p3   |    select|   0|  0|   8|           1|           8|
    |select_ln394_122_fu_7838_p3   |    select|   0|  0|   8|           1|           8|
    |select_ln394_69_fu_736_p3     |    select|   0|  0|   8|           1|           8|
    |select_ln394_70_fu_870_p3     |    select|   0|  0|   8|           1|           8|
    |select_ln394_71_fu_1004_p3    |    select|   0|  0|   8|           1|           8|
    |select_ln394_72_fu_1138_p3    |    select|   0|  0|   8|           1|           8|
    |select_ln394_73_fu_1272_p3    |    select|   0|  0|   8|           1|           8|
    |select_ln394_74_fu_1406_p3    |    select|   0|  0|   8|           1|           8|
    |select_ln394_75_fu_1540_p3    |    select|   0|  0|   8|           1|           8|
    |select_ln394_76_fu_1674_p3    |    select|   0|  0|   8|           1|           8|
    |select_ln394_77_fu_1808_p3    |    select|   0|  0|   8|           1|           8|
    |select_ln394_78_fu_1942_p3    |    select|   0|  0|   8|           1|           8|
    |select_ln394_79_fu_2076_p3    |    select|   0|  0|   8|           1|           8|
    |select_ln394_80_fu_2210_p3    |    select|   0|  0|   8|           1|           8|
    |select_ln394_81_fu_2344_p3    |    select|   0|  0|   8|           1|           8|
    |select_ln394_82_fu_2478_p3    |    select|   0|  0|   8|           1|           8|
    |select_ln394_83_fu_2612_p3    |    select|   0|  0|   8|           1|           8|
    |select_ln394_84_fu_2746_p3    |    select|   0|  0|   8|           1|           8|
    |select_ln394_85_fu_2880_p3    |    select|   0|  0|   8|           1|           8|
    |select_ln394_86_fu_3014_p3    |    select|   0|  0|   8|           1|           8|
    |select_ln394_87_fu_3148_p3    |    select|   0|  0|   8|           1|           8|
    |select_ln394_88_fu_3282_p3    |    select|   0|  0|   8|           1|           8|
    |select_ln394_89_fu_3416_p3    |    select|   0|  0|   8|           1|           8|
    |select_ln394_90_fu_3550_p3    |    select|   0|  0|   8|           1|           8|
    |select_ln394_91_fu_3684_p3    |    select|   0|  0|   8|           1|           8|
    |select_ln394_92_fu_3818_p3    |    select|   0|  0|   8|           1|           8|
    |select_ln394_93_fu_3952_p3    |    select|   0|  0|   8|           1|           8|
    |select_ln394_94_fu_4086_p3    |    select|   0|  0|   8|           1|           8|
    |select_ln394_95_fu_4220_p3    |    select|   0|  0|   8|           1|           8|
    |select_ln394_96_fu_4354_p3    |    select|   0|  0|   8|           1|           8|
    |select_ln394_97_fu_4488_p3    |    select|   0|  0|   8|           1|           8|
    |select_ln394_98_fu_4622_p3    |    select|   0|  0|   8|           1|           8|
    |select_ln394_99_fu_4756_p3    |    select|   0|  0|   8|           1|           8|
    |select_ln394_fu_602_p3        |    select|   0|  0|   8|           1|           8|
    |select_ln403_100_fu_4882_p3   |    select|   0|  0|   2|           1|           1|
    |select_ln403_101_fu_5016_p3   |    select|   0|  0|   2|           1|           1|
    |select_ln403_102_fu_5150_p3   |    select|   0|  0|   2|           1|           1|
    |select_ln403_103_fu_5284_p3   |    select|   0|  0|   2|           1|           1|
    |select_ln403_104_fu_5418_p3   |    select|   0|  0|   2|           1|           1|
    |select_ln403_105_fu_5552_p3   |    select|   0|  0|   2|           1|           1|
    |select_ln403_106_fu_5686_p3   |    select|   0|  0|   2|           1|           1|
    |select_ln403_107_fu_5820_p3   |    select|   0|  0|   2|           1|           1|
    |select_ln403_108_fu_5954_p3   |    select|   0|  0|   2|           1|           1|
    |select_ln403_109_fu_6088_p3   |    select|   0|  0|   2|           1|           1|
    |select_ln403_110_fu_6222_p3   |    select|   0|  0|   2|           1|           1|
    |select_ln403_111_fu_6356_p3   |    select|   0|  0|   2|           1|           1|
    |select_ln403_112_fu_6490_p3   |    select|   0|  0|   2|           1|           1|
    |select_ln403_113_fu_6624_p3   |    select|   0|  0|   2|           1|           1|
    |select_ln403_114_fu_6758_p3   |    select|   0|  0|   2|           1|           1|
    |select_ln403_115_fu_6892_p3   |    select|   0|  0|   2|           1|           1|
    |select_ln403_116_fu_7026_p3   |    select|   0|  0|   2|           1|           1|
    |select_ln403_117_fu_7160_p3   |    select|   0|  0|   2|           1|           1|
    |select_ln403_118_fu_7294_p3   |    select|   0|  0|   2|           1|           1|
    |select_ln403_119_fu_7428_p3   |    select|   0|  0|   2|           1|           1|
    |select_ln403_120_fu_7562_p3   |    select|   0|  0|   2|           1|           1|
    |select_ln403_121_fu_7696_p3   |    select|   0|  0|   2|           1|           1|
    |select_ln403_122_fu_7830_p3   |    select|   0|  0|   2|           1|           1|
    |select_ln403_69_fu_728_p3     |    select|   0|  0|   2|           1|           1|
    |select_ln403_70_fu_862_p3     |    select|   0|  0|   2|           1|           1|
    |select_ln403_71_fu_996_p3     |    select|   0|  0|   2|           1|           1|
    |select_ln403_72_fu_1130_p3    |    select|   0|  0|   2|           1|           1|
    |select_ln403_73_fu_1264_p3    |    select|   0|  0|   2|           1|           1|
    |select_ln403_74_fu_1398_p3    |    select|   0|  0|   2|           1|           1|
    |select_ln403_75_fu_1532_p3    |    select|   0|  0|   2|           1|           1|
    |select_ln403_76_fu_1666_p3    |    select|   0|  0|   2|           1|           1|
    |select_ln403_77_fu_1800_p3    |    select|   0|  0|   2|           1|           1|
    |select_ln403_78_fu_1934_p3    |    select|   0|  0|   2|           1|           1|
    |select_ln403_79_fu_2068_p3    |    select|   0|  0|   2|           1|           1|
    |select_ln403_80_fu_2202_p3    |    select|   0|  0|   2|           1|           1|
    |select_ln403_81_fu_2336_p3    |    select|   0|  0|   2|           1|           1|
    |select_ln403_82_fu_2470_p3    |    select|   0|  0|   2|           1|           1|
    |select_ln403_83_fu_2604_p3    |    select|   0|  0|   2|           1|           1|
    |select_ln403_84_fu_2738_p3    |    select|   0|  0|   2|           1|           1|
    |select_ln403_85_fu_2872_p3    |    select|   0|  0|   2|           1|           1|
    |select_ln403_86_fu_3006_p3    |    select|   0|  0|   2|           1|           1|
    |select_ln403_87_fu_3140_p3    |    select|   0|  0|   2|           1|           1|
    |select_ln403_88_fu_3274_p3    |    select|   0|  0|   2|           1|           1|
    |select_ln403_89_fu_3408_p3    |    select|   0|  0|   2|           1|           1|
    |select_ln403_90_fu_3542_p3    |    select|   0|  0|   2|           1|           1|
    |select_ln403_91_fu_3676_p3    |    select|   0|  0|   2|           1|           1|
    |select_ln403_92_fu_3810_p3    |    select|   0|  0|   2|           1|           1|
    |select_ln403_93_fu_3944_p3    |    select|   0|  0|   2|           1|           1|
    |select_ln403_94_fu_4078_p3    |    select|   0|  0|   2|           1|           1|
    |select_ln403_95_fu_4212_p3    |    select|   0|  0|   2|           1|           1|
    |select_ln403_96_fu_4346_p3    |    select|   0|  0|   2|           1|           1|
    |select_ln403_97_fu_4480_p3    |    select|   0|  0|   2|           1|           1|
    |select_ln403_98_fu_4614_p3    |    select|   0|  0|   2|           1|           1|
    |select_ln403_99_fu_4748_p3    |    select|   0|  0|   2|           1|           1|
    |select_ln403_fu_594_p3        |    select|   0|  0|   2|           1|           1|
    |select_ln787_10_fu_1926_p3    |    select|   0|  0|   2|           1|           1|
    |select_ln787_11_fu_2060_p3    |    select|   0|  0|   2|           1|           1|
    |select_ln787_12_fu_2194_p3    |    select|   0|  0|   2|           1|           1|
    |select_ln787_13_fu_2328_p3    |    select|   0|  0|   2|           1|           1|
    |select_ln787_14_fu_2462_p3    |    select|   0|  0|   2|           1|           1|
    |select_ln787_15_fu_2596_p3    |    select|   0|  0|   2|           1|           1|
    |select_ln787_16_fu_2730_p3    |    select|   0|  0|   2|           1|           1|
    |select_ln787_17_fu_2864_p3    |    select|   0|  0|   2|           1|           1|
    |select_ln787_18_fu_2998_p3    |    select|   0|  0|   2|           1|           1|
    |select_ln787_19_fu_3132_p3    |    select|   0|  0|   2|           1|           1|
    |select_ln787_1_fu_720_p3      |    select|   0|  0|   2|           1|           1|
    |select_ln787_20_fu_3266_p3    |    select|   0|  0|   2|           1|           1|
    |select_ln787_21_fu_3400_p3    |    select|   0|  0|   2|           1|           1|
    |select_ln787_22_fu_3534_p3    |    select|   0|  0|   2|           1|           1|
    |select_ln787_23_fu_3668_p3    |    select|   0|  0|   2|           1|           1|
    |select_ln787_25_fu_3802_p3    |    select|   0|  0|   2|           1|           1|
    |select_ln787_26_fu_3936_p3    |    select|   0|  0|   2|           1|           1|
    |select_ln787_27_fu_4070_p3    |    select|   0|  0|   2|           1|           1|
    |select_ln787_28_fu_4204_p3    |    select|   0|  0|   2|           1|           1|
    |select_ln787_29_fu_4338_p3    |    select|   0|  0|   2|           1|           1|
    |select_ln787_2_fu_854_p3      |    select|   0|  0|   2|           1|           1|
    |select_ln787_30_fu_4472_p3    |    select|   0|  0|   2|           1|           1|
    |select_ln787_32_fu_4606_p3    |    select|   0|  0|   2|           1|           1|
    |select_ln787_33_fu_4740_p3    |    select|   0|  0|   2|           1|           1|
    |select_ln787_34_fu_4874_p3    |    select|   0|  0|   2|           1|           1|
    |select_ln787_35_fu_5008_p3    |    select|   0|  0|   2|           1|           1|
    |select_ln787_36_fu_5142_p3    |    select|   0|  0|   2|           1|           1|
    |select_ln787_37_fu_5276_p3    |    select|   0|  0|   2|           1|           1|
    |select_ln787_38_fu_5410_p3    |    select|   0|  0|   2|           1|           1|
    |select_ln787_3_fu_988_p3      |    select|   0|  0|   2|           1|           1|
    |select_ln787_40_fu_5544_p3    |    select|   0|  0|   2|           1|           1|
    |select_ln787_41_fu_5678_p3    |    select|   0|  0|   2|           1|           1|
    |select_ln787_42_fu_5812_p3    |    select|   0|  0|   2|           1|           1|
    |select_ln787_44_fu_5946_p3    |    select|   0|  0|   2|           1|           1|
    |select_ln787_46_fu_6080_p3    |    select|   0|  0|   2|           1|           1|
    |select_ln787_48_fu_6214_p3    |    select|   0|  0|   2|           1|           1|
    |select_ln787_4_fu_1122_p3     |    select|   0|  0|   2|           1|           1|
    |select_ln787_50_fu_6348_p3    |    select|   0|  0|   2|           1|           1|
    |select_ln787_51_fu_6482_p3    |    select|   0|  0|   2|           1|           1|
    |select_ln787_52_fu_6616_p3    |    select|   0|  0|   2|           1|           1|
    |select_ln787_53_fu_6750_p3    |    select|   0|  0|   2|           1|           1|
    |select_ln787_54_fu_6884_p3    |    select|   0|  0|   2|           1|           1|
    |select_ln787_55_fu_7018_p3    |    select|   0|  0|   2|           1|           1|
    |select_ln787_56_fu_7152_p3    |    select|   0|  0|   2|           1|           1|
    |select_ln787_57_fu_7286_p3    |    select|   0|  0|   2|           1|           1|
    |select_ln787_58_fu_7420_p3    |    select|   0|  0|   2|           1|           1|
    |select_ln787_59_fu_7554_p3    |    select|   0|  0|   2|           1|           1|
    |select_ln787_5_fu_1256_p3     |    select|   0|  0|   2|           1|           1|
    |select_ln787_60_fu_7688_p3    |    select|   0|  0|   2|           1|           1|
    |select_ln787_61_fu_7822_p3    |    select|   0|  0|   2|           1|           1|
    |select_ln787_6_fu_1390_p3     |    select|   0|  0|   2|           1|           1|
    |select_ln787_7_fu_1524_p3     |    select|   0|  0|   2|           1|           1|
    |select_ln787_8_fu_1658_p3     |    select|   0|  0|   2|           1|           1|
    |select_ln787_9_fu_1792_p3     |    select|   0|  0|   2|           1|           1|
    |select_ln787_fu_586_p3        |    select|   0|  0|   2|           1|           1|
    +------------------------------+----------+----+---+----+------------+------------+
    |Total                         |          |   0|  0|2365|        2200|        1815|
    +------------------------------+----------+----+---+----+------------+------------+

    * Multiplexer: 
    N/A

    * Register: 
    N/A



================================================================
== Interface
================================================================
* Summary: 
+--------------+-----+-----+------------+-------------------------------------------------------------------------+--------------+
|   RTL Ports  | Dir | Bits|  Protocol  |                              Source Object                              |    C Type    |
+--------------+-----+-----+------------+-------------------------------------------------------------------------+--------------+
|ap_ready      |  out|    1|  ap_ctrl_hs|  relu<ap_fixed<16, 4, 5, 3, 0>, ap_ufixed<8, 1, 4, 0, 0>, relu_config10>|  return value|
|ap_return_0   |  out|    8|  ap_ctrl_hs|  relu<ap_fixed<16, 4, 5, 3, 0>, ap_ufixed<8, 1, 4, 0, 0>, relu_config10>|  return value|
|ap_return_1   |  out|    8|  ap_ctrl_hs|  relu<ap_fixed<16, 4, 5, 3, 0>, ap_ufixed<8, 1, 4, 0, 0>, relu_config10>|  return value|
|ap_return_2   |  out|    8|  ap_ctrl_hs|  relu<ap_fixed<16, 4, 5, 3, 0>, ap_ufixed<8, 1, 4, 0, 0>, relu_config10>|  return value|
|ap_return_3   |  out|    8|  ap_ctrl_hs|  relu<ap_fixed<16, 4, 5, 3, 0>, ap_ufixed<8, 1, 4, 0, 0>, relu_config10>|  return value|
|ap_return_4   |  out|    8|  ap_ctrl_hs|  relu<ap_fixed<16, 4, 5, 3, 0>, ap_ufixed<8, 1, 4, 0, 0>, relu_config10>|  return value|
|ap_return_5   |  out|    8|  ap_ctrl_hs|  relu<ap_fixed<16, 4, 5, 3, 0>, ap_ufixed<8, 1, 4, 0, 0>, relu_config10>|  return value|
|ap_return_6   |  out|    8|  ap_ctrl_hs|  relu<ap_fixed<16, 4, 5, 3, 0>, ap_ufixed<8, 1, 4, 0, 0>, relu_config10>|  return value|
|ap_return_7   |  out|    8|  ap_ctrl_hs|  relu<ap_fixed<16, 4, 5, 3, 0>, ap_ufixed<8, 1, 4, 0, 0>, relu_config10>|  return value|
|ap_return_8   |  out|    8|  ap_ctrl_hs|  relu<ap_fixed<16, 4, 5, 3, 0>, ap_ufixed<8, 1, 4, 0, 0>, relu_config10>|  return value|
|ap_return_9   |  out|    8|  ap_ctrl_hs|  relu<ap_fixed<16, 4, 5, 3, 0>, ap_ufixed<8, 1, 4, 0, 0>, relu_config10>|  return value|
|ap_return_10  |  out|    8|  ap_ctrl_hs|  relu<ap_fixed<16, 4, 5, 3, 0>, ap_ufixed<8, 1, 4, 0, 0>, relu_config10>|  return value|
|ap_return_11  |  out|    8|  ap_ctrl_hs|  relu<ap_fixed<16, 4, 5, 3, 0>, ap_ufixed<8, 1, 4, 0, 0>, relu_config10>|  return value|
|ap_return_12  |  out|    8|  ap_ctrl_hs|  relu<ap_fixed<16, 4, 5, 3, 0>, ap_ufixed<8, 1, 4, 0, 0>, relu_config10>|  return value|
|ap_return_13  |  out|    8|  ap_ctrl_hs|  relu<ap_fixed<16, 4, 5, 3, 0>, ap_ufixed<8, 1, 4, 0, 0>, relu_config10>|  return value|
|ap_return_14  |  out|    8|  ap_ctrl_hs|  relu<ap_fixed<16, 4, 5, 3, 0>, ap_ufixed<8, 1, 4, 0, 0>, relu_config10>|  return value|
|ap_return_15  |  out|    8|  ap_ctrl_hs|  relu<ap_fixed<16, 4, 5, 3, 0>, ap_ufixed<8, 1, 4, 0, 0>, relu_config10>|  return value|
|ap_return_16  |  out|    8|  ap_ctrl_hs|  relu<ap_fixed<16, 4, 5, 3, 0>, ap_ufixed<8, 1, 4, 0, 0>, relu_config10>|  return value|
|ap_return_17  |  out|    8|  ap_ctrl_hs|  relu<ap_fixed<16, 4, 5, 3, 0>, ap_ufixed<8, 1, 4, 0, 0>, relu_config10>|  return value|
|ap_return_18  |  out|    8|  ap_ctrl_hs|  relu<ap_fixed<16, 4, 5, 3, 0>, ap_ufixed<8, 1, 4, 0, 0>, relu_config10>|  return value|
|ap_return_19  |  out|    8|  ap_ctrl_hs|  relu<ap_fixed<16, 4, 5, 3, 0>, ap_ufixed<8, 1, 4, 0, 0>, relu_config10>|  return value|
|ap_return_20  |  out|    8|  ap_ctrl_hs|  relu<ap_fixed<16, 4, 5, 3, 0>, ap_ufixed<8, 1, 4, 0, 0>, relu_config10>|  return value|
|ap_return_21  |  out|    8|  ap_ctrl_hs|  relu<ap_fixed<16, 4, 5, 3, 0>, ap_ufixed<8, 1, 4, 0, 0>, relu_config10>|  return value|
|ap_return_22  |  out|    8|  ap_ctrl_hs|  relu<ap_fixed<16, 4, 5, 3, 0>, ap_ufixed<8, 1, 4, 0, 0>, relu_config10>|  return value|
|ap_return_23  |  out|    8|  ap_ctrl_hs|  relu<ap_fixed<16, 4, 5, 3, 0>, ap_ufixed<8, 1, 4, 0, 0>, relu_config10>|  return value|
|ap_return_24  |  out|    8|  ap_ctrl_hs|  relu<ap_fixed<16, 4, 5, 3, 0>, ap_ufixed<8, 1, 4, 0, 0>, relu_config10>|  return value|
|ap_return_25  |  out|    8|  ap_ctrl_hs|  relu<ap_fixed<16, 4, 5, 3, 0>, ap_ufixed<8, 1, 4, 0, 0>, relu_config10>|  return value|
|ap_return_26  |  out|    8|  ap_ctrl_hs|  relu<ap_fixed<16, 4, 5, 3, 0>, ap_ufixed<8, 1, 4, 0, 0>, relu_config10>|  return value|
|ap_return_27  |  out|    8|  ap_ctrl_hs|  relu<ap_fixed<16, 4, 5, 3, 0>, ap_ufixed<8, 1, 4, 0, 0>, relu_config10>|  return value|
|ap_return_28  |  out|    8|  ap_ctrl_hs|  relu<ap_fixed<16, 4, 5, 3, 0>, ap_ufixed<8, 1, 4, 0, 0>, relu_config10>|  return value|
|ap_return_29  |  out|    8|  ap_ctrl_hs|  relu<ap_fixed<16, 4, 5, 3, 0>, ap_ufixed<8, 1, 4, 0, 0>, relu_config10>|  return value|
|ap_return_30  |  out|    8|  ap_ctrl_hs|  relu<ap_fixed<16, 4, 5, 3, 0>, ap_ufixed<8, 1, 4, 0, 0>, relu_config10>|  return value|
|ap_return_31  |  out|    8|  ap_ctrl_hs|  relu<ap_fixed<16, 4, 5, 3, 0>, ap_ufixed<8, 1, 4, 0, 0>, relu_config10>|  return value|
|ap_return_32  |  out|    8|  ap_ctrl_hs|  relu<ap_fixed<16, 4, 5, 3, 0>, ap_ufixed<8, 1, 4, 0, 0>, relu_config10>|  return value|
|ap_return_33  |  out|    8|  ap_ctrl_hs|  relu<ap_fixed<16, 4, 5, 3, 0>, ap_ufixed<8, 1, 4, 0, 0>, relu_config10>|  return value|
|ap_return_34  |  out|    8|  ap_ctrl_hs|  relu<ap_fixed<16, 4, 5, 3, 0>, ap_ufixed<8, 1, 4, 0, 0>, relu_config10>|  return value|
|ap_return_35  |  out|    8|  ap_ctrl_hs|  relu<ap_fixed<16, 4, 5, 3, 0>, ap_ufixed<8, 1, 4, 0, 0>, relu_config10>|  return value|
|ap_return_36  |  out|    8|  ap_ctrl_hs|  relu<ap_fixed<16, 4, 5, 3, 0>, ap_ufixed<8, 1, 4, 0, 0>, relu_config10>|  return value|
|ap_return_37  |  out|    8|  ap_ctrl_hs|  relu<ap_fixed<16, 4, 5, 3, 0>, ap_ufixed<8, 1, 4, 0, 0>, relu_config10>|  return value|
|ap_return_38  |  out|    8|  ap_ctrl_hs|  relu<ap_fixed<16, 4, 5, 3, 0>, ap_ufixed<8, 1, 4, 0, 0>, relu_config10>|  return value|
|ap_return_39  |  out|    8|  ap_ctrl_hs|  relu<ap_fixed<16, 4, 5, 3, 0>, ap_ufixed<8, 1, 4, 0, 0>, relu_config10>|  return value|
|ap_return_40  |  out|    8|  ap_ctrl_hs|  relu<ap_fixed<16, 4, 5, 3, 0>, ap_ufixed<8, 1, 4, 0, 0>, relu_config10>|  return value|
|ap_return_41  |  out|    8|  ap_ctrl_hs|  relu<ap_fixed<16, 4, 5, 3, 0>, ap_ufixed<8, 1, 4, 0, 0>, relu_config10>|  return value|
|ap_return_42  |  out|    8|  ap_ctrl_hs|  relu<ap_fixed<16, 4, 5, 3, 0>, ap_ufixed<8, 1, 4, 0, 0>, relu_config10>|  return value|
|ap_return_43  |  out|    8|  ap_ctrl_hs|  relu<ap_fixed<16, 4, 5, 3, 0>, ap_ufixed<8, 1, 4, 0, 0>, relu_config10>|  return value|
|ap_return_44  |  out|    8|  ap_ctrl_hs|  relu<ap_fixed<16, 4, 5, 3, 0>, ap_ufixed<8, 1, 4, 0, 0>, relu_config10>|  return value|
|ap_return_45  |  out|    8|  ap_ctrl_hs|  relu<ap_fixed<16, 4, 5, 3, 0>, ap_ufixed<8, 1, 4, 0, 0>, relu_config10>|  return value|
|ap_return_46  |  out|    8|  ap_ctrl_hs|  relu<ap_fixed<16, 4, 5, 3, 0>, ap_ufixed<8, 1, 4, 0, 0>, relu_config10>|  return value|
|ap_return_47  |  out|    8|  ap_ctrl_hs|  relu<ap_fixed<16, 4, 5, 3, 0>, ap_ufixed<8, 1, 4, 0, 0>, relu_config10>|  return value|
|ap_return_48  |  out|    8|  ap_ctrl_hs|  relu<ap_fixed<16, 4, 5, 3, 0>, ap_ufixed<8, 1, 4, 0, 0>, relu_config10>|  return value|
|ap_return_49  |  out|    8|  ap_ctrl_hs|  relu<ap_fixed<16, 4, 5, 3, 0>, ap_ufixed<8, 1, 4, 0, 0>, relu_config10>|  return value|
|ap_return_50  |  out|    8|  ap_ctrl_hs|  relu<ap_fixed<16, 4, 5, 3, 0>, ap_ufixed<8, 1, 4, 0, 0>, relu_config10>|  return value|
|ap_return_51  |  out|    8|  ap_ctrl_hs|  relu<ap_fixed<16, 4, 5, 3, 0>, ap_ufixed<8, 1, 4, 0, 0>, relu_config10>|  return value|
|ap_return_52  |  out|    8|  ap_ctrl_hs|  relu<ap_fixed<16, 4, 5, 3, 0>, ap_ufixed<8, 1, 4, 0, 0>, relu_config10>|  return value|
|ap_return_53  |  out|    8|  ap_ctrl_hs|  relu<ap_fixed<16, 4, 5, 3, 0>, ap_ufixed<8, 1, 4, 0, 0>, relu_config10>|  return value|
|ap_return_54  |  out|    8|  ap_ctrl_hs|  relu<ap_fixed<16, 4, 5, 3, 0>, ap_ufixed<8, 1, 4, 0, 0>, relu_config10>|  return value|
|p_read        |   in|   16|     ap_none|                                                                   p_read|        scalar|
|p_read1       |   in|   16|     ap_none|                                                                  p_read1|        scalar|
|p_read2       |   in|   16|     ap_none|                                                                  p_read2|        scalar|
|p_read3       |   in|   16|     ap_none|                                                                  p_read3|        scalar|
|p_read4       |   in|   16|     ap_none|                                                                  p_read4|        scalar|
|p_read5       |   in|   16|     ap_none|                                                                  p_read5|        scalar|
|p_read6       |   in|   16|     ap_none|                                                                  p_read6|        scalar|
|p_read7       |   in|   16|     ap_none|                                                                  p_read7|        scalar|
|p_read8       |   in|   16|     ap_none|                                                                  p_read8|        scalar|
|p_read9       |   in|   16|     ap_none|                                                                  p_read9|        scalar|
|p_read10      |   in|   16|     ap_none|                                                                 p_read10|        scalar|
|p_read11      |   in|   16|     ap_none|                                                                 p_read11|        scalar|
|p_read12      |   in|   16|     ap_none|                                                                 p_read12|        scalar|
|p_read13      |   in|   16|     ap_none|                                                                 p_read13|        scalar|
|p_read14      |   in|   16|     ap_none|                                                                 p_read14|        scalar|
|p_read15      |   in|   16|     ap_none|                                                                 p_read15|        scalar|
|p_read16      |   in|   16|     ap_none|                                                                 p_read16|        scalar|
|p_read17      |   in|   16|     ap_none|                                                                 p_read17|        scalar|
|p_read18      |   in|   16|     ap_none|                                                                 p_read18|        scalar|
|p_read19      |   in|   16|     ap_none|                                                                 p_read19|        scalar|
|p_read20      |   in|   16|     ap_none|                                                                 p_read20|        scalar|
|p_read21      |   in|   16|     ap_none|                                                                 p_read21|        scalar|
|p_read22      |   in|   16|     ap_none|                                                                 p_read22|        scalar|
|p_read23      |   in|   16|     ap_none|                                                                 p_read23|        scalar|
|p_read25      |   in|   16|     ap_none|                                                                 p_read25|        scalar|
|p_read26      |   in|   16|     ap_none|                                                                 p_read26|        scalar|
|p_read27      |   in|   16|     ap_none|                                                                 p_read27|        scalar|
|p_read28      |   in|   16|     ap_none|                                                                 p_read28|        scalar|
|p_read29      |   in|   16|     ap_none|                                                                 p_read29|        scalar|
|p_read30      |   in|   16|     ap_none|                                                                 p_read30|        scalar|
|p_read32      |   in|   16|     ap_none|                                                                 p_read32|        scalar|
|p_read33      |   in|   16|     ap_none|                                                                 p_read33|        scalar|
|p_read34      |   in|   16|     ap_none|                                                                 p_read34|        scalar|
|p_read35      |   in|   16|     ap_none|                                                                 p_read35|        scalar|
|p_read36      |   in|   16|     ap_none|                                                                 p_read36|        scalar|
|p_read37      |   in|   16|     ap_none|                                                                 p_read37|        scalar|
|p_read38      |   in|   16|     ap_none|                                                                 p_read38|        scalar|
|p_read40      |   in|   16|     ap_none|                                                                 p_read40|        scalar|
|p_read41      |   in|   16|     ap_none|                                                                 p_read41|        scalar|
|p_read42      |   in|   16|     ap_none|                                                                 p_read42|        scalar|
|p_read44      |   in|   16|     ap_none|                                                                 p_read44|        scalar|
|p_read46      |   in|   16|     ap_none|                                                                 p_read46|        scalar|
|p_read48      |   in|   16|     ap_none|                                                                 p_read48|        scalar|
|p_read50      |   in|   16|     ap_none|                                                                 p_read50|        scalar|
|p_read51      |   in|   16|     ap_none|                                                                 p_read51|        scalar|
|p_read52      |   in|   16|     ap_none|                                                                 p_read52|        scalar|
|p_read53      |   in|   16|     ap_none|                                                                 p_read53|        scalar|
|p_read54      |   in|   16|     ap_none|                                                                 p_read54|        scalar|
|p_read55      |   in|   16|     ap_none|                                                                 p_read55|        scalar|
|p_read56      |   in|   16|     ap_none|                                                                 p_read56|        scalar|
|p_read57      |   in|   16|     ap_none|                                                                 p_read57|        scalar|
|p_read58      |   in|   16|     ap_none|                                                                 p_read58|        scalar|
|p_read59      |   in|   16|     ap_none|                                                                 p_read59|        scalar|
|p_read61      |   in|   16|     ap_none|                                                                 p_read61|        scalar|
|p_read63      |   in|   16|     ap_none|                                                                 p_read63|        scalar|
+--------------+-----+-----+------------+-------------------------------------------------------------------------+--------------+

