

================================================================
== Vitis HLS Report for 'myproject'
================================================================
* Date:           Sat Jul 22 16:08:13 2023

* Version:        2021.1 (Build 3247384 on Thu Jun 10 19:36:07 MDT 2021)
* Project:        myproject_prj
* Solution:       solution1 (Vivado IP Flow Target)
* Product family: zynq
* Target device:  xc7z007s-clg225-2


================================================================
== Performance Estimates
================================================================
+ Timing: 
    * Summary: 
    +--------+---------+----------+------------+
    |  Clock |  Target | Estimated| Uncertainty|
    +--------+---------+----------+------------+
    |ap_clk  |  3.33 ns|  7.947 ns|     0.42 ns|
    +--------+---------+----------+------------+

+ Latency: 
    * Summary: 
    +---------+---------+----------+----------+-----+-----+---------+
    |  Latency (cycles) |  Latency (absolute) |  Interval | Pipeline|
    |   min   |   max   |    min   |    max   | min | max |   Type  |
    +---------+---------+----------+----------+-----+-----+---------+
    |       32|       32|  0.254 us|  0.254 us|    2|    2|      yes|
    +---------+---------+----------+----------+-----+-----+---------+

    + Detail: 
        * Instance: 
        N/A

        * Loop: 
        N/A

============================================================
+ Verbose Summary: Synthesis Manager
============================================================
InlineROM: 1
ExposeGlobal: 0
============================================================
+ Verbose Summary: CDFG Model
============================================================
IsTopModel: 1
ResetActiveHigh: 1
IsCombinational: 0
IsDatapathOnly: 0
HasWiredReturn: 1
HasMFsm: 2
HasVarLatency: 0
IsPipeline: 1
IsRtlPipelined: 1
IsInstanceOverlapped: 0
IsDontTouch: 0
HasImplIP: 0
IsGatedGlobalClock: 0

+ Individual pipeline summary: 
  * Pipeline-0: initiation interval (II) = 2, depth = 33


============================================================
+ Verbose Summary: Schedule
============================================================
* Number of FSM states : 33
* Pipeline : 1
  Pipeline-0 : II = 2, D = 33, States = { 1 2 3 4 5 6 7 8 9 10 11 12 13 14 15 16 17 18 19 20 21 22 23 24 25 26 27 28 29 30 31 32 33 }
* Dataflow Pipeline: 0

* FSM state transitions: 
1 --> 2 
2 --> 3 
3 --> 4 
4 --> 5 
5 --> 6 
6 --> 7 
7 --> 8 
8 --> 9 
9 --> 10 
10 --> 11 
11 --> 12 
12 --> 13 
13 --> 14 
14 --> 15 
15 --> 16 
16 --> 17 
17 --> 18 
18 --> 19 
19 --> 20 
20 --> 21 
21 --> 22 
22 --> 23 
23 --> 24 
24 --> 25 
25 --> 26 
26 --> 27 
27 --> 28 
28 --> 29 
29 --> 30 
30 --> 31 
31 --> 32 
32 --> 33 
33 --> 

* FSM state operations: 

State 1 <SV = 0> <Delay = 2.91>
ST_1 : Operation 34 [1/1] (0.00ns)   --->   "%fc1_input_read = read i2192 @_ssdm_op_Read.ap_auto.i2192P0A, i2192 %fc1_input" [firmware/nnet_utils/nnet_dense.h:41]   --->   Operation 34 'read' 'fc1_input_read' <Predicate = true> <Delay = 0.00>
ST_1 : Operation 35 [8/8] (2.91ns)   --->   "%call_ret = call i96 @dense_latency<ap_fixed<8, 2, 5, 3, 0>, ap_fixed<16, 4, 5, 3, 0>, config2>, i2192 %fc1_input_read" [firmware/nnet_utils/nnet_dense.h:41]   --->   Operation 35 'call' 'call_ret' <Predicate = true> <Delay = 2.91> <CoreType = "Generic">   --->   Core 0 '' <Latency = 0> <II = 1> <Delay = 1.00> <Generic> <Opcode : >

State 2 <SV = 1> <Delay = 2.91>
ST_2 : Operation 36 [7/8] (2.91ns)   --->   "%call_ret = call i96 @dense_latency<ap_fixed<8, 2, 5, 3, 0>, ap_fixed<16, 4, 5, 3, 0>, config2>, i2192 %fc1_input_read" [firmware/nnet_utils/nnet_dense.h:41]   --->   Operation 36 'call' 'call_ret' <Predicate = true> <Delay = 2.91> <CoreType = "Generic">   --->   Core 0 '' <Latency = 0> <II = 1> <Delay = 1.00> <Generic> <Opcode : >

State 3 <SV = 2> <Delay = 2.91>
ST_3 : Operation 37 [6/8] (2.91ns)   --->   "%call_ret = call i96 @dense_latency<ap_fixed<8, 2, 5, 3, 0>, ap_fixed<16, 4, 5, 3, 0>, config2>, i2192 %fc1_input_read" [firmware/nnet_utils/nnet_dense.h:41]   --->   Operation 37 'call' 'call_ret' <Predicate = true> <Delay = 2.91> <CoreType = "Generic">   --->   Core 0 '' <Latency = 0> <II = 1> <Delay = 1.00> <Generic> <Opcode : >

State 4 <SV = 3> <Delay = 2.91>
ST_4 : Operation 38 [5/8] (2.91ns)   --->   "%call_ret = call i96 @dense_latency<ap_fixed<8, 2, 5, 3, 0>, ap_fixed<16, 4, 5, 3, 0>, config2>, i2192 %fc1_input_read" [firmware/nnet_utils/nnet_dense.h:41]   --->   Operation 38 'call' 'call_ret' <Predicate = true> <Delay = 2.91> <CoreType = "Generic">   --->   Core 0 '' <Latency = 0> <II = 1> <Delay = 1.00> <Generic> <Opcode : >

State 5 <SV = 4> <Delay = 2.91>
ST_5 : Operation 39 [4/8] (2.91ns)   --->   "%call_ret = call i96 @dense_latency<ap_fixed<8, 2, 5, 3, 0>, ap_fixed<16, 4, 5, 3, 0>, config2>, i2192 %fc1_input_read" [firmware/nnet_utils/nnet_dense.h:41]   --->   Operation 39 'call' 'call_ret' <Predicate = true> <Delay = 2.91> <CoreType = "Generic">   --->   Core 0 '' <Latency = 0> <II = 1> <Delay = 1.00> <Generic> <Opcode : >

State 6 <SV = 5> <Delay = 2.91>
ST_6 : Operation 40 [3/8] (2.91ns)   --->   "%call_ret = call i96 @dense_latency<ap_fixed<8, 2, 5, 3, 0>, ap_fixed<16, 4, 5, 3, 0>, config2>, i2192 %fc1_input_read" [firmware/nnet_utils/nnet_dense.h:41]   --->   Operation 40 'call' 'call_ret' <Predicate = true> <Delay = 2.91> <CoreType = "Generic">   --->   Core 0 '' <Latency = 0> <II = 1> <Delay = 1.00> <Generic> <Opcode : >

State 7 <SV = 6> <Delay = 2.91>
ST_7 : Operation 41 [2/8] (2.91ns)   --->   "%call_ret = call i96 @dense_latency<ap_fixed<8, 2, 5, 3, 0>, ap_fixed<16, 4, 5, 3, 0>, config2>, i2192 %fc1_input_read" [firmware/nnet_utils/nnet_dense.h:41]   --->   Operation 41 'call' 'call_ret' <Predicate = true> <Delay = 2.91> <CoreType = "Generic">   --->   Core 0 '' <Latency = 0> <II = 1> <Delay = 1.00> <Generic> <Opcode : >

State 8 <SV = 7> <Delay = 3.13>
ST_8 : Operation 42 [1/8] (3.13ns)   --->   "%call_ret = call i96 @dense_latency<ap_fixed<8, 2, 5, 3, 0>, ap_fixed<16, 4, 5, 3, 0>, config2>, i2192 %fc1_input_read" [firmware/nnet_utils/nnet_dense.h:41]   --->   Operation 42 'call' 'call_ret' <Predicate = true> <Delay = 3.13> <CoreType = "Generic">   --->   Core 0 '' <Latency = 0> <II = 1> <Delay = 1.00> <Generic> <Opcode : >
ST_8 : Operation 43 [1/1] (0.00ns)   --->   "%layer2_out_V_0 = extractvalue i96 %call_ret" [firmware/nnet_utils/nnet_dense.h:41]   --->   Operation 43 'extractvalue' 'layer2_out_V_0' <Predicate = true> <Delay = 0.00>
ST_8 : Operation 44 [1/1] (0.00ns)   --->   "%layer2_out_V_1 = extractvalue i96 %call_ret" [firmware/nnet_utils/nnet_dense.h:41]   --->   Operation 44 'extractvalue' 'layer2_out_V_1' <Predicate = true> <Delay = 0.00>
ST_8 : Operation 45 [1/1] (0.00ns)   --->   "%layer2_out_V_2 = extractvalue i96 %call_ret" [firmware/nnet_utils/nnet_dense.h:41]   --->   Operation 45 'extractvalue' 'layer2_out_V_2' <Predicate = true> <Delay = 0.00>
ST_8 : Operation 46 [1/1] (0.00ns)   --->   "%layer2_out_V_3 = extractvalue i96 %call_ret" [firmware/nnet_utils/nnet_dense.h:41]   --->   Operation 46 'extractvalue' 'layer2_out_V_3' <Predicate = true> <Delay = 0.00>
ST_8 : Operation 47 [1/1] (0.00ns)   --->   "%layer2_out_V_5 = extractvalue i96 %call_ret" [firmware/nnet_utils/nnet_dense.h:41]   --->   Operation 47 'extractvalue' 'layer2_out_V_5' <Predicate = true> <Delay = 0.00>
ST_8 : Operation 48 [1/1] (0.00ns)   --->   "%layer2_out_V_6 = extractvalue i96 %call_ret" [firmware/nnet_utils/nnet_dense.h:41]   --->   Operation 48 'extractvalue' 'layer2_out_V_6' <Predicate = true> <Delay = 0.00>

State 9 <SV = 8> <Delay = 2.27>
ST_9 : Operation 49 [2/2] (2.27ns)   --->   "%call_ret1 = call i48 @relu<ap_fixed<16, 4, 5, 3, 0>, ap_ufixed<8, 1, 4, 0, 0>, relu_config4>, i16 %layer2_out_V_0, i16 %layer2_out_V_1, i16 %layer2_out_V_2, i16 %layer2_out_V_3, i16 %layer2_out_V_5, i16 %layer2_out_V_6" [firmware/myproject.cpp:41]   --->   Operation 49 'call' 'call_ret1' <Predicate = true> <Delay = 2.27> <CoreType = "Generic">   --->   Core 0 '' <Latency = 0> <II = 1> <Delay = 1.00> <Generic> <Opcode : >

State 10 <SV = 9> <Delay = 2.58>
ST_10 : Operation 50 [1/2] (2.58ns)   --->   "%call_ret1 = call i48 @relu<ap_fixed<16, 4, 5, 3, 0>, ap_ufixed<8, 1, 4, 0, 0>, relu_config4>, i16 %layer2_out_V_0, i16 %layer2_out_V_1, i16 %layer2_out_V_2, i16 %layer2_out_V_3, i16 %layer2_out_V_5, i16 %layer2_out_V_6" [firmware/myproject.cpp:41]   --->   Operation 50 'call' 'call_ret1' <Predicate = true> <Delay = 2.58> <CoreType = "Generic">   --->   Core 0 '' <Latency = 0> <II = 1> <Delay = 1.00> <Generic> <Opcode : >
ST_10 : Operation 51 [1/1] (0.00ns)   --->   "%layer4_out_V_0 = extractvalue i48 %call_ret1" [firmware/myproject.cpp:41]   --->   Operation 51 'extractvalue' 'layer4_out_V_0' <Predicate = true> <Delay = 0.00>
ST_10 : Operation 52 [1/1] (0.00ns)   --->   "%layer4_out_V_1 = extractvalue i48 %call_ret1" [firmware/myproject.cpp:41]   --->   Operation 52 'extractvalue' 'layer4_out_V_1' <Predicate = true> <Delay = 0.00>
ST_10 : Operation 53 [1/1] (0.00ns)   --->   "%layer4_out_V_2 = extractvalue i48 %call_ret1" [firmware/myproject.cpp:41]   --->   Operation 53 'extractvalue' 'layer4_out_V_2' <Predicate = true> <Delay = 0.00>
ST_10 : Operation 54 [1/1] (0.00ns)   --->   "%layer4_out_V_3 = extractvalue i48 %call_ret1" [firmware/myproject.cpp:41]   --->   Operation 54 'extractvalue' 'layer4_out_V_3' <Predicate = true> <Delay = 0.00>
ST_10 : Operation 55 [1/1] (0.00ns)   --->   "%layer4_out_V_5 = extractvalue i48 %call_ret1" [firmware/myproject.cpp:41]   --->   Operation 55 'extractvalue' 'layer4_out_V_5' <Predicate = true> <Delay = 0.00>
ST_10 : Operation 56 [1/1] (0.00ns)   --->   "%layer4_out_V_6 = extractvalue i48 %call_ret1" [firmware/myproject.cpp:41]   --->   Operation 56 'extractvalue' 'layer4_out_V_6' <Predicate = true> <Delay = 0.00>

State 11 <SV = 10> <Delay = 2.91>
ST_11 : Operation 57 [5/5] (2.91ns)   --->   "%call_ret2 = call i256 @dense_latency<ap_ufixed<8, 1, 4, 0, 0>, ap_fixed<16, 4, 5, 3, 0>, config5>, i8 %layer4_out_V_0, i8 %layer4_out_V_1, i8 %layer4_out_V_2, i8 %layer4_out_V_3, i8 %layer4_out_V_5, i8 %layer4_out_V_6" [firmware/nnet_utils/nnet_dense.h:41]   --->   Operation 57 'call' 'call_ret2' <Predicate = true> <Delay = 2.91> <CoreType = "Generic">   --->   Core 0 '' <Latency = 0> <II = 1> <Delay = 1.00> <Generic> <Opcode : >

State 12 <SV = 11> <Delay = 2.91>
ST_12 : Operation 58 [4/5] (2.91ns)   --->   "%call_ret2 = call i256 @dense_latency<ap_ufixed<8, 1, 4, 0, 0>, ap_fixed<16, 4, 5, 3, 0>, config5>, i8 %layer4_out_V_0, i8 %layer4_out_V_1, i8 %layer4_out_V_2, i8 %layer4_out_V_3, i8 %layer4_out_V_5, i8 %layer4_out_V_6" [firmware/nnet_utils/nnet_dense.h:41]   --->   Operation 58 'call' 'call_ret2' <Predicate = true> <Delay = 2.91> <CoreType = "Generic">   --->   Core 0 '' <Latency = 0> <II = 1> <Delay = 1.00> <Generic> <Opcode : >

State 13 <SV = 12> <Delay = 2.91>
ST_13 : Operation 59 [3/5] (2.91ns)   --->   "%call_ret2 = call i256 @dense_latency<ap_ufixed<8, 1, 4, 0, 0>, ap_fixed<16, 4, 5, 3, 0>, config5>, i8 %layer4_out_V_0, i8 %layer4_out_V_1, i8 %layer4_out_V_2, i8 %layer4_out_V_3, i8 %layer4_out_V_5, i8 %layer4_out_V_6" [firmware/nnet_utils/nnet_dense.h:41]   --->   Operation 59 'call' 'call_ret2' <Predicate = true> <Delay = 2.91> <CoreType = "Generic">   --->   Core 0 '' <Latency = 0> <II = 1> <Delay = 1.00> <Generic> <Opcode : >

State 14 <SV = 13> <Delay = 2.91>
ST_14 : Operation 60 [2/5] (2.91ns)   --->   "%call_ret2 = call i256 @dense_latency<ap_ufixed<8, 1, 4, 0, 0>, ap_fixed<16, 4, 5, 3, 0>, config5>, i8 %layer4_out_V_0, i8 %layer4_out_V_1, i8 %layer4_out_V_2, i8 %layer4_out_V_3, i8 %layer4_out_V_5, i8 %layer4_out_V_6" [firmware/nnet_utils/nnet_dense.h:41]   --->   Operation 60 'call' 'call_ret2' <Predicate = true> <Delay = 2.91> <CoreType = "Generic">   --->   Core 0 '' <Latency = 0> <II = 1> <Delay = 1.00> <Generic> <Opcode : >

State 15 <SV = 14> <Delay = 3.13>
ST_15 : Operation 61 [1/5] (3.13ns)   --->   "%call_ret2 = call i256 @dense_latency<ap_ufixed<8, 1, 4, 0, 0>, ap_fixed<16, 4, 5, 3, 0>, config5>, i8 %layer4_out_V_0, i8 %layer4_out_V_1, i8 %layer4_out_V_2, i8 %layer4_out_V_3, i8 %layer4_out_V_5, i8 %layer4_out_V_6" [firmware/nnet_utils/nnet_dense.h:41]   --->   Operation 61 'call' 'call_ret2' <Predicate = true> <Delay = 3.13> <CoreType = "Generic">   --->   Core 0 '' <Latency = 0> <II = 1> <Delay = 1.00> <Generic> <Opcode : >
ST_15 : Operation 62 [1/1] (0.00ns)   --->   "%layer5_out_V_0 = extractvalue i256 %call_ret2" [firmware/nnet_utils/nnet_dense.h:41]   --->   Operation 62 'extractvalue' 'layer5_out_V_0' <Predicate = true> <Delay = 0.00>
ST_15 : Operation 63 [1/1] (0.00ns)   --->   "%layer5_out_V_1 = extractvalue i256 %call_ret2" [firmware/nnet_utils/nnet_dense.h:41]   --->   Operation 63 'extractvalue' 'layer5_out_V_1' <Predicate = true> <Delay = 0.00>
ST_15 : Operation 64 [1/1] (0.00ns)   --->   "%layer5_out_V_2 = extractvalue i256 %call_ret2" [firmware/nnet_utils/nnet_dense.h:41]   --->   Operation 64 'extractvalue' 'layer5_out_V_2' <Predicate = true> <Delay = 0.00>
ST_15 : Operation 65 [1/1] (0.00ns)   --->   "%layer5_out_V_3 = extractvalue i256 %call_ret2" [firmware/nnet_utils/nnet_dense.h:41]   --->   Operation 65 'extractvalue' 'layer5_out_V_3' <Predicate = true> <Delay = 0.00>
ST_15 : Operation 66 [1/1] (0.00ns)   --->   "%layer5_out_V_4 = extractvalue i256 %call_ret2" [firmware/nnet_utils/nnet_dense.h:41]   --->   Operation 66 'extractvalue' 'layer5_out_V_4' <Predicate = true> <Delay = 0.00>
ST_15 : Operation 67 [1/1] (0.00ns)   --->   "%layer5_out_V_5 = extractvalue i256 %call_ret2" [firmware/nnet_utils/nnet_dense.h:41]   --->   Operation 67 'extractvalue' 'layer5_out_V_5' <Predicate = true> <Delay = 0.00>
ST_15 : Operation 68 [1/1] (0.00ns)   --->   "%layer5_out_V_6 = extractvalue i256 %call_ret2" [firmware/nnet_utils/nnet_dense.h:41]   --->   Operation 68 'extractvalue' 'layer5_out_V_6' <Predicate = true> <Delay = 0.00>
ST_15 : Operation 69 [1/1] (0.00ns)   --->   "%layer5_out_V_7 = extractvalue i256 %call_ret2" [firmware/nnet_utils/nnet_dense.h:41]   --->   Operation 69 'extractvalue' 'layer5_out_V_7' <Predicate = true> <Delay = 0.00>
ST_15 : Operation 70 [1/1] (0.00ns)   --->   "%layer5_out_V_8 = extractvalue i256 %call_ret2" [firmware/nnet_utils/nnet_dense.h:41]   --->   Operation 70 'extractvalue' 'layer5_out_V_8' <Predicate = true> <Delay = 0.00>
ST_15 : Operation 71 [1/1] (0.00ns)   --->   "%layer5_out_V_9 = extractvalue i256 %call_ret2" [firmware/nnet_utils/nnet_dense.h:41]   --->   Operation 71 'extractvalue' 'layer5_out_V_9' <Predicate = true> <Delay = 0.00>
ST_15 : Operation 72 [1/1] (0.00ns)   --->   "%layer5_out_V_10 = extractvalue i256 %call_ret2" [firmware/nnet_utils/nnet_dense.h:41]   --->   Operation 72 'extractvalue' 'layer5_out_V_10' <Predicate = true> <Delay = 0.00>
ST_15 : Operation 73 [1/1] (0.00ns)   --->   "%layer5_out_V_11 = extractvalue i256 %call_ret2" [firmware/nnet_utils/nnet_dense.h:41]   --->   Operation 73 'extractvalue' 'layer5_out_V_11' <Predicate = true> <Delay = 0.00>
ST_15 : Operation 74 [1/1] (0.00ns)   --->   "%layer5_out_V_12 = extractvalue i256 %call_ret2" [firmware/nnet_utils/nnet_dense.h:41]   --->   Operation 74 'extractvalue' 'layer5_out_V_12' <Predicate = true> <Delay = 0.00>
ST_15 : Operation 75 [1/1] (0.00ns)   --->   "%layer5_out_V_13 = extractvalue i256 %call_ret2" [firmware/nnet_utils/nnet_dense.h:41]   --->   Operation 75 'extractvalue' 'layer5_out_V_13' <Predicate = true> <Delay = 0.00>
ST_15 : Operation 76 [1/1] (0.00ns)   --->   "%layer5_out_V_14 = extractvalue i256 %call_ret2" [firmware/nnet_utils/nnet_dense.h:41]   --->   Operation 76 'extractvalue' 'layer5_out_V_14' <Predicate = true> <Delay = 0.00>
ST_15 : Operation 77 [1/1] (0.00ns)   --->   "%layer5_out_V_15 = extractvalue i256 %call_ret2" [firmware/nnet_utils/nnet_dense.h:41]   --->   Operation 77 'extractvalue' 'layer5_out_V_15' <Predicate = true> <Delay = 0.00>

State 16 <SV = 15> <Delay = 2.13>
ST_16 : Operation 78 [18/18] (2.13ns)   --->   "%call_ret3 = call i256 @softmax_stable<ap_fixed,ap_fixed<16,6,5,3,0>,softmax_config7>, i16 %layer5_out_V_0, i16 %layer5_out_V_1, i16 %layer5_out_V_2, i16 %layer5_out_V_3, i16 %layer5_out_V_4, i16 %layer5_out_V_5, i16 %layer5_out_V_6, i16 %layer5_out_V_7, i16 %layer5_out_V_8, i16 %layer5_out_V_9, i16 %layer5_out_V_10, i16 %layer5_out_V_11, i16 %layer5_out_V_12, i16 %layer5_out_V_13, i16 %layer5_out_V_14, i16 %layer5_out_V_15, i18 %exp_table, i18 %invert_table" [firmware/nnet_utils/nnet_activation.h:386]   --->   Operation 78 'call' 'call_ret3' <Predicate = true> <Delay = 2.13> <CoreType = "Generic">   --->   Core 0 '' <Latency = 0> <II = 1> <Delay = 1.00> <Generic> <Opcode : >

State 17 <SV = 16> <Delay = 2.91>
ST_17 : Operation 79 [17/18] (2.91ns)   --->   "%call_ret3 = call i256 @softmax_stable<ap_fixed,ap_fixed<16,6,5,3,0>,softmax_config7>, i16 %layer5_out_V_0, i16 %layer5_out_V_1, i16 %layer5_out_V_2, i16 %layer5_out_V_3, i16 %layer5_out_V_4, i16 %layer5_out_V_5, i16 %layer5_out_V_6, i16 %layer5_out_V_7, i16 %layer5_out_V_8, i16 %layer5_out_V_9, i16 %layer5_out_V_10, i16 %layer5_out_V_11, i16 %layer5_out_V_12, i16 %layer5_out_V_13, i16 %layer5_out_V_14, i16 %layer5_out_V_15, i18 %exp_table, i18 %invert_table" [firmware/nnet_utils/nnet_activation.h:386]   --->   Operation 79 'call' 'call_ret3' <Predicate = true> <Delay = 2.91> <CoreType = "Generic">   --->   Core 0 '' <Latency = 0> <II = 1> <Delay = 1.00> <Generic> <Opcode : >

State 18 <SV = 17> <Delay = 2.91>
ST_18 : Operation 80 [16/18] (2.91ns)   --->   "%call_ret3 = call i256 @softmax_stable<ap_fixed,ap_fixed<16,6,5,3,0>,softmax_config7>, i16 %layer5_out_V_0, i16 %layer5_out_V_1, i16 %layer5_out_V_2, i16 %layer5_out_V_3, i16 %layer5_out_V_4, i16 %layer5_out_V_5, i16 %layer5_out_V_6, i16 %layer5_out_V_7, i16 %layer5_out_V_8, i16 %layer5_out_V_9, i16 %layer5_out_V_10, i16 %layer5_out_V_11, i16 %layer5_out_V_12, i16 %layer5_out_V_13, i16 %layer5_out_V_14, i16 %layer5_out_V_15, i18 %exp_table, i18 %invert_table" [firmware/nnet_utils/nnet_activation.h:386]   --->   Operation 80 'call' 'call_ret3' <Predicate = true> <Delay = 2.91> <CoreType = "Generic">   --->   Core 0 '' <Latency = 0> <II = 1> <Delay = 1.00> <Generic> <Opcode : >

State 19 <SV = 18> <Delay = 2.91>
ST_19 : Operation 81 [15/18] (2.91ns)   --->   "%call_ret3 = call i256 @softmax_stable<ap_fixed,ap_fixed<16,6,5,3,0>,softmax_config7>, i16 %layer5_out_V_0, i16 %layer5_out_V_1, i16 %layer5_out_V_2, i16 %layer5_out_V_3, i16 %layer5_out_V_4, i16 %layer5_out_V_5, i16 %layer5_out_V_6, i16 %layer5_out_V_7, i16 %layer5_out_V_8, i16 %layer5_out_V_9, i16 %layer5_out_V_10, i16 %layer5_out_V_11, i16 %layer5_out_V_12, i16 %layer5_out_V_13, i16 %layer5_out_V_14, i16 %layer5_out_V_15, i18 %exp_table, i18 %invert_table" [firmware/nnet_utils/nnet_activation.h:386]   --->   Operation 81 'call' 'call_ret3' <Predicate = true> <Delay = 2.91> <CoreType = "Generic">   --->   Core 0 '' <Latency = 0> <II = 1> <Delay = 1.00> <Generic> <Opcode : >

State 20 <SV = 19> <Delay = 2.91>
ST_20 : Operation 82 [14/18] (2.91ns)   --->   "%call_ret3 = call i256 @softmax_stable<ap_fixed,ap_fixed<16,6,5,3,0>,softmax_config7>, i16 %layer5_out_V_0, i16 %layer5_out_V_1, i16 %layer5_out_V_2, i16 %layer5_out_V_3, i16 %layer5_out_V_4, i16 %layer5_out_V_5, i16 %layer5_out_V_6, i16 %layer5_out_V_7, i16 %layer5_out_V_8, i16 %layer5_out_V_9, i16 %layer5_out_V_10, i16 %layer5_out_V_11, i16 %layer5_out_V_12, i16 %layer5_out_V_13, i16 %layer5_out_V_14, i16 %layer5_out_V_15, i18 %exp_table, i18 %invert_table" [firmware/nnet_utils/nnet_activation.h:386]   --->   Operation 82 'call' 'call_ret3' <Predicate = true> <Delay = 2.91> <CoreType = "Generic">   --->   Core 0 '' <Latency = 0> <II = 1> <Delay = 1.00> <Generic> <Opcode : >

State 21 <SV = 20> <Delay = 2.91>
ST_21 : Operation 83 [13/18] (2.91ns)   --->   "%call_ret3 = call i256 @softmax_stable<ap_fixed,ap_fixed<16,6,5,3,0>,softmax_config7>, i16 %layer5_out_V_0, i16 %layer5_out_V_1, i16 %layer5_out_V_2, i16 %layer5_out_V_3, i16 %layer5_out_V_4, i16 %layer5_out_V_5, i16 %layer5_out_V_6, i16 %layer5_out_V_7, i16 %layer5_out_V_8, i16 %layer5_out_V_9, i16 %layer5_out_V_10, i16 %layer5_out_V_11, i16 %layer5_out_V_12, i16 %layer5_out_V_13, i16 %layer5_out_V_14, i16 %layer5_out_V_15, i18 %exp_table, i18 %invert_table" [firmware/nnet_utils/nnet_activation.h:386]   --->   Operation 83 'call' 'call_ret3' <Predicate = true> <Delay = 2.91> <CoreType = "Generic">   --->   Core 0 '' <Latency = 0> <II = 1> <Delay = 1.00> <Generic> <Opcode : >

State 22 <SV = 21> <Delay = 2.91>
ST_22 : Operation 84 [12/18] (2.91ns)   --->   "%call_ret3 = call i256 @softmax_stable<ap_fixed,ap_fixed<16,6,5,3,0>,softmax_config7>, i16 %layer5_out_V_0, i16 %layer5_out_V_1, i16 %layer5_out_V_2, i16 %layer5_out_V_3, i16 %layer5_out_V_4, i16 %layer5_out_V_5, i16 %layer5_out_V_6, i16 %layer5_out_V_7, i16 %layer5_out_V_8, i16 %layer5_out_V_9, i16 %layer5_out_V_10, i16 %layer5_out_V_11, i16 %layer5_out_V_12, i16 %layer5_out_V_13, i16 %layer5_out_V_14, i16 %layer5_out_V_15, i18 %exp_table, i18 %invert_table" [firmware/nnet_utils/nnet_activation.h:386]   --->   Operation 84 'call' 'call_ret3' <Predicate = true> <Delay = 2.91> <CoreType = "Generic">   --->   Core 0 '' <Latency = 0> <II = 1> <Delay = 1.00> <Generic> <Opcode : >

State 23 <SV = 22> <Delay = 2.91>
ST_23 : Operation 85 [11/18] (2.91ns)   --->   "%call_ret3 = call i256 @softmax_stable<ap_fixed,ap_fixed<16,6,5,3,0>,softmax_config7>, i16 %layer5_out_V_0, i16 %layer5_out_V_1, i16 %layer5_out_V_2, i16 %layer5_out_V_3, i16 %layer5_out_V_4, i16 %layer5_out_V_5, i16 %layer5_out_V_6, i16 %layer5_out_V_7, i16 %layer5_out_V_8, i16 %layer5_out_V_9, i16 %layer5_out_V_10, i16 %layer5_out_V_11, i16 %layer5_out_V_12, i16 %layer5_out_V_13, i16 %layer5_out_V_14, i16 %layer5_out_V_15, i18 %exp_table, i18 %invert_table" [firmware/nnet_utils/nnet_activation.h:386]   --->   Operation 85 'call' 'call_ret3' <Predicate = true> <Delay = 2.91> <CoreType = "Generic">   --->   Core 0 '' <Latency = 0> <II = 1> <Delay = 1.00> <Generic> <Opcode : >

State 24 <SV = 23> <Delay = 2.91>
ST_24 : Operation 86 [10/18] (2.91ns)   --->   "%call_ret3 = call i256 @softmax_stable<ap_fixed,ap_fixed<16,6,5,3,0>,softmax_config7>, i16 %layer5_out_V_0, i16 %layer5_out_V_1, i16 %layer5_out_V_2, i16 %layer5_out_V_3, i16 %layer5_out_V_4, i16 %layer5_out_V_5, i16 %layer5_out_V_6, i16 %layer5_out_V_7, i16 %layer5_out_V_8, i16 %layer5_out_V_9, i16 %layer5_out_V_10, i16 %layer5_out_V_11, i16 %layer5_out_V_12, i16 %layer5_out_V_13, i16 %layer5_out_V_14, i16 %layer5_out_V_15, i18 %exp_table, i18 %invert_table" [firmware/nnet_utils/nnet_activation.h:386]   --->   Operation 86 'call' 'call_ret3' <Predicate = true> <Delay = 2.91> <CoreType = "Generic">   --->   Core 0 '' <Latency = 0> <II = 1> <Delay = 1.00> <Generic> <Opcode : >

State 25 <SV = 24> <Delay = 2.91>
ST_25 : Operation 87 [9/18] (2.91ns)   --->   "%call_ret3 = call i256 @softmax_stable<ap_fixed,ap_fixed<16,6,5,3,0>,softmax_config7>, i16 %layer5_out_V_0, i16 %layer5_out_V_1, i16 %layer5_out_V_2, i16 %layer5_out_V_3, i16 %layer5_out_V_4, i16 %layer5_out_V_5, i16 %layer5_out_V_6, i16 %layer5_out_V_7, i16 %layer5_out_V_8, i16 %layer5_out_V_9, i16 %layer5_out_V_10, i16 %layer5_out_V_11, i16 %layer5_out_V_12, i16 %layer5_out_V_13, i16 %layer5_out_V_14, i16 %layer5_out_V_15, i18 %exp_table, i18 %invert_table" [firmware/nnet_utils/nnet_activation.h:386]   --->   Operation 87 'call' 'call_ret3' <Predicate = true> <Delay = 2.91> <CoreType = "Generic">   --->   Core 0 '' <Latency = 0> <II = 1> <Delay = 1.00> <Generic> <Opcode : >

State 26 <SV = 25> <Delay = 2.91>
ST_26 : Operation 88 [8/18] (2.91ns)   --->   "%call_ret3 = call i256 @softmax_stable<ap_fixed,ap_fixed<16,6,5,3,0>,softmax_config7>, i16 %layer5_out_V_0, i16 %layer5_out_V_1, i16 %layer5_out_V_2, i16 %layer5_out_V_3, i16 %layer5_out_V_4, i16 %layer5_out_V_5, i16 %layer5_out_V_6, i16 %layer5_out_V_7, i16 %layer5_out_V_8, i16 %layer5_out_V_9, i16 %layer5_out_V_10, i16 %layer5_out_V_11, i16 %layer5_out_V_12, i16 %layer5_out_V_13, i16 %layer5_out_V_14, i16 %layer5_out_V_15, i18 %exp_table, i18 %invert_table" [firmware/nnet_utils/nnet_activation.h:386]   --->   Operation 88 'call' 'call_ret3' <Predicate = true> <Delay = 2.91> <CoreType = "Generic">   --->   Core 0 '' <Latency = 0> <II = 1> <Delay = 1.00> <Generic> <Opcode : >

State 27 <SV = 26> <Delay = 2.91>
ST_27 : Operation 89 [7/18] (2.91ns)   --->   "%call_ret3 = call i256 @softmax_stable<ap_fixed,ap_fixed<16,6,5,3,0>,softmax_config7>, i16 %layer5_out_V_0, i16 %layer5_out_V_1, i16 %layer5_out_V_2, i16 %layer5_out_V_3, i16 %layer5_out_V_4, i16 %layer5_out_V_5, i16 %layer5_out_V_6, i16 %layer5_out_V_7, i16 %layer5_out_V_8, i16 %layer5_out_V_9, i16 %layer5_out_V_10, i16 %layer5_out_V_11, i16 %layer5_out_V_12, i16 %layer5_out_V_13, i16 %layer5_out_V_14, i16 %layer5_out_V_15, i18 %exp_table, i18 %invert_table" [firmware/nnet_utils/nnet_activation.h:386]   --->   Operation 89 'call' 'call_ret3' <Predicate = true> <Delay = 2.91> <CoreType = "Generic">   --->   Core 0 '' <Latency = 0> <II = 1> <Delay = 1.00> <Generic> <Opcode : >

State 28 <SV = 27> <Delay = 2.91>
ST_28 : Operation 90 [6/18] (2.91ns)   --->   "%call_ret3 = call i256 @softmax_stable<ap_fixed,ap_fixed<16,6,5,3,0>,softmax_config7>, i16 %layer5_out_V_0, i16 %layer5_out_V_1, i16 %layer5_out_V_2, i16 %layer5_out_V_3, i16 %layer5_out_V_4, i16 %layer5_out_V_5, i16 %layer5_out_V_6, i16 %layer5_out_V_7, i16 %layer5_out_V_8, i16 %layer5_out_V_9, i16 %layer5_out_V_10, i16 %layer5_out_V_11, i16 %layer5_out_V_12, i16 %layer5_out_V_13, i16 %layer5_out_V_14, i16 %layer5_out_V_15, i18 %exp_table, i18 %invert_table" [firmware/nnet_utils/nnet_activation.h:386]   --->   Operation 90 'call' 'call_ret3' <Predicate = true> <Delay = 2.91> <CoreType = "Generic">   --->   Core 0 '' <Latency = 0> <II = 1> <Delay = 1.00> <Generic> <Opcode : >

State 29 <SV = 28> <Delay = 2.91>
ST_29 : Operation 91 [5/18] (2.91ns)   --->   "%call_ret3 = call i256 @softmax_stable<ap_fixed,ap_fixed<16,6,5,3,0>,softmax_config7>, i16 %layer5_out_V_0, i16 %layer5_out_V_1, i16 %layer5_out_V_2, i16 %layer5_out_V_3, i16 %layer5_out_V_4, i16 %layer5_out_V_5, i16 %layer5_out_V_6, i16 %layer5_out_V_7, i16 %layer5_out_V_8, i16 %layer5_out_V_9, i16 %layer5_out_V_10, i16 %layer5_out_V_11, i16 %layer5_out_V_12, i16 %layer5_out_V_13, i16 %layer5_out_V_14, i16 %layer5_out_V_15, i18 %exp_table, i18 %invert_table" [firmware/nnet_utils/nnet_activation.h:386]   --->   Operation 91 'call' 'call_ret3' <Predicate = true> <Delay = 2.91> <CoreType = "Generic">   --->   Core 0 '' <Latency = 0> <II = 1> <Delay = 1.00> <Generic> <Opcode : >

State 30 <SV = 29> <Delay = 2.91>
ST_30 : Operation 92 [4/18] (2.91ns)   --->   "%call_ret3 = call i256 @softmax_stable<ap_fixed,ap_fixed<16,6,5,3,0>,softmax_config7>, i16 %layer5_out_V_0, i16 %layer5_out_V_1, i16 %layer5_out_V_2, i16 %layer5_out_V_3, i16 %layer5_out_V_4, i16 %layer5_out_V_5, i16 %layer5_out_V_6, i16 %layer5_out_V_7, i16 %layer5_out_V_8, i16 %layer5_out_V_9, i16 %layer5_out_V_10, i16 %layer5_out_V_11, i16 %layer5_out_V_12, i16 %layer5_out_V_13, i16 %layer5_out_V_14, i16 %layer5_out_V_15, i18 %exp_table, i18 %invert_table" [firmware/nnet_utils/nnet_activation.h:386]   --->   Operation 92 'call' 'call_ret3' <Predicate = true> <Delay = 2.91> <CoreType = "Generic">   --->   Core 0 '' <Latency = 0> <II = 1> <Delay = 1.00> <Generic> <Opcode : >

State 31 <SV = 30> <Delay = 2.91>
ST_31 : Operation 93 [3/18] (2.91ns)   --->   "%call_ret3 = call i256 @softmax_stable<ap_fixed,ap_fixed<16,6,5,3,0>,softmax_config7>, i16 %layer5_out_V_0, i16 %layer5_out_V_1, i16 %layer5_out_V_2, i16 %layer5_out_V_3, i16 %layer5_out_V_4, i16 %layer5_out_V_5, i16 %layer5_out_V_6, i16 %layer5_out_V_7, i16 %layer5_out_V_8, i16 %layer5_out_V_9, i16 %layer5_out_V_10, i16 %layer5_out_V_11, i16 %layer5_out_V_12, i16 %layer5_out_V_13, i16 %layer5_out_V_14, i16 %layer5_out_V_15, i18 %exp_table, i18 %invert_table" [firmware/nnet_utils/nnet_activation.h:386]   --->   Operation 93 'call' 'call_ret3' <Predicate = true> <Delay = 2.91> <CoreType = "Generic">   --->   Core 0 '' <Latency = 0> <II = 1> <Delay = 1.00> <Generic> <Opcode : >

State 32 <SV = 31> <Delay = 2.91>
ST_32 : Operation 94 [2/18] (2.91ns)   --->   "%call_ret3 = call i256 @softmax_stable<ap_fixed,ap_fixed<16,6,5,3,0>,softmax_config7>, i16 %layer5_out_V_0, i16 %layer5_out_V_1, i16 %layer5_out_V_2, i16 %layer5_out_V_3, i16 %layer5_out_V_4, i16 %layer5_out_V_5, i16 %layer5_out_V_6, i16 %layer5_out_V_7, i16 %layer5_out_V_8, i16 %layer5_out_V_9, i16 %layer5_out_V_10, i16 %layer5_out_V_11, i16 %layer5_out_V_12, i16 %layer5_out_V_13, i16 %layer5_out_V_14, i16 %layer5_out_V_15, i18 %exp_table, i18 %invert_table" [firmware/nnet_utils/nnet_activation.h:386]   --->   Operation 94 'call' 'call_ret3' <Predicate = true> <Delay = 2.91> <CoreType = "Generic">   --->   Core 0 '' <Latency = 0> <II = 1> <Delay = 1.00> <Generic> <Opcode : >

State 33 <SV = 32> <Delay = 7.94>
ST_33 : Operation 95 [1/1] (0.00ns)   --->   "%specpipeline_ln0 = specpipeline void @_ssdm_op_SpecPipeline, i32 4294967295, i32 0, i32 0, i32 0, void @empty_0"   --->   Operation 95 'specpipeline' 'specpipeline_ln0' <Predicate = true> <Delay = 0.00>
ST_33 : Operation 96 [1/1] (0.00ns)   --->   "%spectopmodule_ln0 = spectopmodule void @_ssdm_op_SpecTopModule, void @empty_1"   --->   Operation 96 'spectopmodule' 'spectopmodule_ln0' <Predicate = true> <Delay = 0.00>
ST_33 : Operation 97 [1/1] (0.00ns)   --->   "%specbitsmap_ln0 = specbitsmap void @_ssdm_op_SpecBitsMap, i2192 %fc1_input"   --->   Operation 97 'specbitsmap' 'specbitsmap_ln0' <Predicate = true> <Delay = 0.00>
ST_33 : Operation 98 [1/1] (0.00ns)   --->   "%specinterface_ln0 = specinterface void @_ssdm_op_SpecInterface, i2192 %fc1_input, void @empty, i32 0, i32 0, void @empty_0, i32 0, i32 0, void @empty_0, void @empty_0, void @empty_0, i32 0, i32 0, i32 0, i32 0, void @empty_0, void @empty_0"   --->   Operation 98 'specinterface' 'specinterface_ln0' <Predicate = true> <Delay = 0.00>
ST_33 : Operation 99 [1/1] (0.00ns)   --->   "%specbitsmap_ln0 = specbitsmap void @_ssdm_op_SpecBitsMap, i16 %layer7_out_0"   --->   Operation 99 'specbitsmap' 'specbitsmap_ln0' <Predicate = true> <Delay = 0.00>
ST_33 : Operation 100 [1/1] (0.00ns)   --->   "%specinterface_ln0 = specinterface void @_ssdm_op_SpecInterface, i16 %layer7_out_0, void @empty, i32 0, i32 0, void @empty_0, i32 0, i32 0, void @empty_0, void @empty_0, void @empty_0, i32 0, i32 0, i32 0, i32 0, void @empty_0, void @empty_0"   --->   Operation 100 'specinterface' 'specinterface_ln0' <Predicate = true> <Delay = 0.00>
ST_33 : Operation 101 [1/1] (0.00ns)   --->   "%specbitsmap_ln0 = specbitsmap void @_ssdm_op_SpecBitsMap, i16 %layer7_out_1"   --->   Operation 101 'specbitsmap' 'specbitsmap_ln0' <Predicate = true> <Delay = 0.00>
ST_33 : Operation 102 [1/1] (0.00ns)   --->   "%specinterface_ln0 = specinterface void @_ssdm_op_SpecInterface, i16 %layer7_out_1, void @empty, i32 0, i32 0, void @empty_0, i32 0, i32 0, void @empty_0, void @empty_0, void @empty_0, i32 0, i32 0, i32 0, i32 0, void @empty_0, void @empty_0"   --->   Operation 102 'specinterface' 'specinterface_ln0' <Predicate = true> <Delay = 0.00>
ST_33 : Operation 103 [1/1] (0.00ns)   --->   "%specbitsmap_ln0 = specbitsmap void @_ssdm_op_SpecBitsMap, i16 %layer7_out_2"   --->   Operation 103 'specbitsmap' 'specbitsmap_ln0' <Predicate = true> <Delay = 0.00>
ST_33 : Operation 104 [1/1] (0.00ns)   --->   "%specinterface_ln0 = specinterface void @_ssdm_op_SpecInterface, i16 %layer7_out_2, void @empty, i32 0, i32 0, void @empty_0, i32 0, i32 0, void @empty_0, void @empty_0, void @empty_0, i32 0, i32 0, i32 0, i32 0, void @empty_0, void @empty_0"   --->   Operation 104 'specinterface' 'specinterface_ln0' <Predicate = true> <Delay = 0.00>
ST_33 : Operation 105 [1/1] (0.00ns)   --->   "%specbitsmap_ln0 = specbitsmap void @_ssdm_op_SpecBitsMap, i16 %layer7_out_3"   --->   Operation 105 'specbitsmap' 'specbitsmap_ln0' <Predicate = true> <Delay = 0.00>
ST_33 : Operation 106 [1/1] (0.00ns)   --->   "%specinterface_ln0 = specinterface void @_ssdm_op_SpecInterface, i16 %layer7_out_3, void @empty, i32 0, i32 0, void @empty_0, i32 0, i32 0, void @empty_0, void @empty_0, void @empty_0, i32 0, i32 0, i32 0, i32 0, void @empty_0, void @empty_0"   --->   Operation 106 'specinterface' 'specinterface_ln0' <Predicate = true> <Delay = 0.00>
ST_33 : Operation 107 [1/1] (0.00ns)   --->   "%specbitsmap_ln0 = specbitsmap void @_ssdm_op_SpecBitsMap, i16 %layer7_out_4"   --->   Operation 107 'specbitsmap' 'specbitsmap_ln0' <Predicate = true> <Delay = 0.00>
ST_33 : Operation 108 [1/1] (0.00ns)   --->   "%specinterface_ln0 = specinterface void @_ssdm_op_SpecInterface, i16 %layer7_out_4, void @empty, i32 0, i32 0, void @empty_0, i32 0, i32 0, void @empty_0, void @empty_0, void @empty_0, i32 0, i32 0, i32 0, i32 0, void @empty_0, void @empty_0"   --->   Operation 108 'specinterface' 'specinterface_ln0' <Predicate = true> <Delay = 0.00>
ST_33 : Operation 109 [1/1] (0.00ns)   --->   "%specbitsmap_ln0 = specbitsmap void @_ssdm_op_SpecBitsMap, i16 %layer7_out_5"   --->   Operation 109 'specbitsmap' 'specbitsmap_ln0' <Predicate = true> <Delay = 0.00>
ST_33 : Operation 110 [1/1] (0.00ns)   --->   "%specinterface_ln0 = specinterface void @_ssdm_op_SpecInterface, i16 %layer7_out_5, void @empty, i32 0, i32 0, void @empty_0, i32 0, i32 0, void @empty_0, void @empty_0, void @empty_0, i32 0, i32 0, i32 0, i32 0, void @empty_0, void @empty_0"   --->   Operation 110 'specinterface' 'specinterface_ln0' <Predicate = true> <Delay = 0.00>
ST_33 : Operation 111 [1/1] (0.00ns)   --->   "%specbitsmap_ln0 = specbitsmap void @_ssdm_op_SpecBitsMap, i16 %layer7_out_6"   --->   Operation 111 'specbitsmap' 'specbitsmap_ln0' <Predicate = true> <Delay = 0.00>
ST_33 : Operation 112 [1/1] (0.00ns)   --->   "%specinterface_ln0 = specinterface void @_ssdm_op_SpecInterface, i16 %layer7_out_6, void @empty, i32 0, i32 0, void @empty_0, i32 0, i32 0, void @empty_0, void @empty_0, void @empty_0, i32 0, i32 0, i32 0, i32 0, void @empty_0, void @empty_0"   --->   Operation 112 'specinterface' 'specinterface_ln0' <Predicate = true> <Delay = 0.00>
ST_33 : Operation 113 [1/1] (0.00ns)   --->   "%specbitsmap_ln0 = specbitsmap void @_ssdm_op_SpecBitsMap, i16 %layer7_out_7"   --->   Operation 113 'specbitsmap' 'specbitsmap_ln0' <Predicate = true> <Delay = 0.00>
ST_33 : Operation 114 [1/1] (0.00ns)   --->   "%specinterface_ln0 = specinterface void @_ssdm_op_SpecInterface, i16 %layer7_out_7, void @empty, i32 0, i32 0, void @empty_0, i32 0, i32 0, void @empty_0, void @empty_0, void @empty_0, i32 0, i32 0, i32 0, i32 0, void @empty_0, void @empty_0"   --->   Operation 114 'specinterface' 'specinterface_ln0' <Predicate = true> <Delay = 0.00>
ST_33 : Operation 115 [1/1] (0.00ns)   --->   "%specbitsmap_ln0 = specbitsmap void @_ssdm_op_SpecBitsMap, i16 %layer7_out_8"   --->   Operation 115 'specbitsmap' 'specbitsmap_ln0' <Predicate = true> <Delay = 0.00>
ST_33 : Operation 116 [1/1] (0.00ns)   --->   "%specinterface_ln0 = specinterface void @_ssdm_op_SpecInterface, i16 %layer7_out_8, void @empty, i32 0, i32 0, void @empty_0, i32 0, i32 0, void @empty_0, void @empty_0, void @empty_0, i32 0, i32 0, i32 0, i32 0, void @empty_0, void @empty_0"   --->   Operation 116 'specinterface' 'specinterface_ln0' <Predicate = true> <Delay = 0.00>
ST_33 : Operation 117 [1/1] (0.00ns)   --->   "%specbitsmap_ln0 = specbitsmap void @_ssdm_op_SpecBitsMap, i16 %layer7_out_9"   --->   Operation 117 'specbitsmap' 'specbitsmap_ln0' <Predicate = true> <Delay = 0.00>
ST_33 : Operation 118 [1/1] (0.00ns)   --->   "%specinterface_ln0 = specinterface void @_ssdm_op_SpecInterface, i16 %layer7_out_9, void @empty, i32 0, i32 0, void @empty_0, i32 0, i32 0, void @empty_0, void @empty_0, void @empty_0, i32 0, i32 0, i32 0, i32 0, void @empty_0, void @empty_0"   --->   Operation 118 'specinterface' 'specinterface_ln0' <Predicate = true> <Delay = 0.00>
ST_33 : Operation 119 [1/1] (0.00ns)   --->   "%specbitsmap_ln0 = specbitsmap void @_ssdm_op_SpecBitsMap, i16 %layer7_out_10"   --->   Operation 119 'specbitsmap' 'specbitsmap_ln0' <Predicate = true> <Delay = 0.00>
ST_33 : Operation 120 [1/1] (0.00ns)   --->   "%specinterface_ln0 = specinterface void @_ssdm_op_SpecInterface, i16 %layer7_out_10, void @empty, i32 0, i32 0, void @empty_0, i32 0, i32 0, void @empty_0, void @empty_0, void @empty_0, i32 0, i32 0, i32 0, i32 0, void @empty_0, void @empty_0"   --->   Operation 120 'specinterface' 'specinterface_ln0' <Predicate = true> <Delay = 0.00>
ST_33 : Operation 121 [1/1] (0.00ns)   --->   "%specbitsmap_ln0 = specbitsmap void @_ssdm_op_SpecBitsMap, i16 %layer7_out_11"   --->   Operation 121 'specbitsmap' 'specbitsmap_ln0' <Predicate = true> <Delay = 0.00>
ST_33 : Operation 122 [1/1] (0.00ns)   --->   "%specinterface_ln0 = specinterface void @_ssdm_op_SpecInterface, i16 %layer7_out_11, void @empty, i32 0, i32 0, void @empty_0, i32 0, i32 0, void @empty_0, void @empty_0, void @empty_0, i32 0, i32 0, i32 0, i32 0, void @empty_0, void @empty_0"   --->   Operation 122 'specinterface' 'specinterface_ln0' <Predicate = true> <Delay = 0.00>
ST_33 : Operation 123 [1/1] (0.00ns)   --->   "%specbitsmap_ln0 = specbitsmap void @_ssdm_op_SpecBitsMap, i16 %layer7_out_12"   --->   Operation 123 'specbitsmap' 'specbitsmap_ln0' <Predicate = true> <Delay = 0.00>
ST_33 : Operation 124 [1/1] (0.00ns)   --->   "%specinterface_ln0 = specinterface void @_ssdm_op_SpecInterface, i16 %layer7_out_12, void @empty, i32 0, i32 0, void @empty_0, i32 0, i32 0, void @empty_0, void @empty_0, void @empty_0, i32 0, i32 0, i32 0, i32 0, void @empty_0, void @empty_0"   --->   Operation 124 'specinterface' 'specinterface_ln0' <Predicate = true> <Delay = 0.00>
ST_33 : Operation 125 [1/1] (0.00ns)   --->   "%specbitsmap_ln0 = specbitsmap void @_ssdm_op_SpecBitsMap, i16 %layer7_out_13"   --->   Operation 125 'specbitsmap' 'specbitsmap_ln0' <Predicate = true> <Delay = 0.00>
ST_33 : Operation 126 [1/1] (0.00ns)   --->   "%specinterface_ln0 = specinterface void @_ssdm_op_SpecInterface, i16 %layer7_out_13, void @empty, i32 0, i32 0, void @empty_0, i32 0, i32 0, void @empty_0, void @empty_0, void @empty_0, i32 0, i32 0, i32 0, i32 0, void @empty_0, void @empty_0"   --->   Operation 126 'specinterface' 'specinterface_ln0' <Predicate = true> <Delay = 0.00>
ST_33 : Operation 127 [1/1] (0.00ns)   --->   "%specbitsmap_ln0 = specbitsmap void @_ssdm_op_SpecBitsMap, i16 %layer7_out_14"   --->   Operation 127 'specbitsmap' 'specbitsmap_ln0' <Predicate = true> <Delay = 0.00>
ST_33 : Operation 128 [1/1] (0.00ns)   --->   "%specinterface_ln0 = specinterface void @_ssdm_op_SpecInterface, i16 %layer7_out_14, void @empty, i32 0, i32 0, void @empty_0, i32 0, i32 0, void @empty_0, void @empty_0, void @empty_0, i32 0, i32 0, i32 0, i32 0, void @empty_0, void @empty_0"   --->   Operation 128 'specinterface' 'specinterface_ln0' <Predicate = true> <Delay = 0.00>
ST_33 : Operation 129 [1/1] (0.00ns)   --->   "%specbitsmap_ln0 = specbitsmap void @_ssdm_op_SpecBitsMap, i16 %layer7_out_15"   --->   Operation 129 'specbitsmap' 'specbitsmap_ln0' <Predicate = true> <Delay = 0.00>
ST_33 : Operation 130 [1/1] (0.00ns)   --->   "%specinterface_ln0 = specinterface void @_ssdm_op_SpecInterface, i16 %layer7_out_15, void @empty, i32 0, i32 0, void @empty_0, i32 0, i32 0, void @empty_0, void @empty_0, void @empty_0, i32 0, i32 0, i32 0, i32 0, void @empty_0, void @empty_0"   --->   Operation 130 'specinterface' 'specinterface_ln0' <Predicate = true> <Delay = 0.00>
ST_33 : Operation 131 [1/18] (7.94ns)   --->   "%call_ret3 = call i256 @softmax_stable<ap_fixed,ap_fixed<16,6,5,3,0>,softmax_config7>, i16 %layer5_out_V_0, i16 %layer5_out_V_1, i16 %layer5_out_V_2, i16 %layer5_out_V_3, i16 %layer5_out_V_4, i16 %layer5_out_V_5, i16 %layer5_out_V_6, i16 %layer5_out_V_7, i16 %layer5_out_V_8, i16 %layer5_out_V_9, i16 %layer5_out_V_10, i16 %layer5_out_V_11, i16 %layer5_out_V_12, i16 %layer5_out_V_13, i16 %layer5_out_V_14, i16 %layer5_out_V_15, i18 %exp_table, i18 %invert_table" [firmware/nnet_utils/nnet_activation.h:386]   --->   Operation 131 'call' 'call_ret3' <Predicate = true> <Delay = 7.94> <CoreType = "Generic">   --->   Core 0 '' <Latency = 0> <II = 1> <Delay = 1.00> <Generic> <Opcode : >
ST_33 : Operation 132 [1/1] (0.00ns)   --->   "%layer7_out_0_ret = extractvalue i256 %call_ret3" [firmware/nnet_utils/nnet_activation.h:386]   --->   Operation 132 'extractvalue' 'layer7_out_0_ret' <Predicate = true> <Delay = 0.00>
ST_33 : Operation 133 [1/1] (0.00ns)   --->   "%write_ln386 = write void @_ssdm_op_Write.ap_auto.i16P0A, i16 %layer7_out_0, i16 %layer7_out_0_ret" [firmware/nnet_utils/nnet_activation.h:386]   --->   Operation 133 'write' 'write_ln386' <Predicate = true> <Delay = 0.00>
ST_33 : Operation 134 [1/1] (0.00ns)   --->   "%layer7_out_1_ret = extractvalue i256 %call_ret3" [firmware/nnet_utils/nnet_activation.h:386]   --->   Operation 134 'extractvalue' 'layer7_out_1_ret' <Predicate = true> <Delay = 0.00>
ST_33 : Operation 135 [1/1] (0.00ns)   --->   "%write_ln386 = write void @_ssdm_op_Write.ap_auto.i16P0A, i16 %layer7_out_1, i16 %layer7_out_1_ret" [firmware/nnet_utils/nnet_activation.h:386]   --->   Operation 135 'write' 'write_ln386' <Predicate = true> <Delay = 0.00>
ST_33 : Operation 136 [1/1] (0.00ns)   --->   "%layer7_out_2_ret = extractvalue i256 %call_ret3" [firmware/nnet_utils/nnet_activation.h:386]   --->   Operation 136 'extractvalue' 'layer7_out_2_ret' <Predicate = true> <Delay = 0.00>
ST_33 : Operation 137 [1/1] (0.00ns)   --->   "%write_ln386 = write void @_ssdm_op_Write.ap_auto.i16P0A, i16 %layer7_out_2, i16 %layer7_out_2_ret" [firmware/nnet_utils/nnet_activation.h:386]   --->   Operation 137 'write' 'write_ln386' <Predicate = true> <Delay = 0.00>
ST_33 : Operation 138 [1/1] (0.00ns)   --->   "%layer7_out_3_ret = extractvalue i256 %call_ret3" [firmware/nnet_utils/nnet_activation.h:386]   --->   Operation 138 'extractvalue' 'layer7_out_3_ret' <Predicate = true> <Delay = 0.00>
ST_33 : Operation 139 [1/1] (0.00ns)   --->   "%write_ln386 = write void @_ssdm_op_Write.ap_auto.i16P0A, i16 %layer7_out_3, i16 %layer7_out_3_ret" [firmware/nnet_utils/nnet_activation.h:386]   --->   Operation 139 'write' 'write_ln386' <Predicate = true> <Delay = 0.00>
ST_33 : Operation 140 [1/1] (0.00ns)   --->   "%layer7_out_4_ret = extractvalue i256 %call_ret3" [firmware/nnet_utils/nnet_activation.h:386]   --->   Operation 140 'extractvalue' 'layer7_out_4_ret' <Predicate = true> <Delay = 0.00>
ST_33 : Operation 141 [1/1] (0.00ns)   --->   "%write_ln386 = write void @_ssdm_op_Write.ap_auto.i16P0A, i16 %layer7_out_4, i16 %layer7_out_4_ret" [firmware/nnet_utils/nnet_activation.h:386]   --->   Operation 141 'write' 'write_ln386' <Predicate = true> <Delay = 0.00>
ST_33 : Operation 142 [1/1] (0.00ns)   --->   "%layer7_out_5_ret = extractvalue i256 %call_ret3" [firmware/nnet_utils/nnet_activation.h:386]   --->   Operation 142 'extractvalue' 'layer7_out_5_ret' <Predicate = true> <Delay = 0.00>
ST_33 : Operation 143 [1/1] (0.00ns)   --->   "%write_ln386 = write void @_ssdm_op_Write.ap_auto.i16P0A, i16 %layer7_out_5, i16 %layer7_out_5_ret" [firmware/nnet_utils/nnet_activation.h:386]   --->   Operation 143 'write' 'write_ln386' <Predicate = true> <Delay = 0.00>
ST_33 : Operation 144 [1/1] (0.00ns)   --->   "%layer7_out_6_ret = extractvalue i256 %call_ret3" [firmware/nnet_utils/nnet_activation.h:386]   --->   Operation 144 'extractvalue' 'layer7_out_6_ret' <Predicate = true> <Delay = 0.00>
ST_33 : Operation 145 [1/1] (0.00ns)   --->   "%write_ln386 = write void @_ssdm_op_Write.ap_auto.i16P0A, i16 %layer7_out_6, i16 %layer7_out_6_ret" [firmware/nnet_utils/nnet_activation.h:386]   --->   Operation 145 'write' 'write_ln386' <Predicate = true> <Delay = 0.00>
ST_33 : Operation 146 [1/1] (0.00ns)   --->   "%layer7_out_7_ret = extractvalue i256 %call_ret3" [firmware/nnet_utils/nnet_activation.h:386]   --->   Operation 146 'extractvalue' 'layer7_out_7_ret' <Predicate = true> <Delay = 0.00>
ST_33 : Operation 147 [1/1] (0.00ns)   --->   "%write_ln386 = write void @_ssdm_op_Write.ap_auto.i16P0A, i16 %layer7_out_7, i16 %layer7_out_7_ret" [firmware/nnet_utils/nnet_activation.h:386]   --->   Operation 147 'write' 'write_ln386' <Predicate = true> <Delay = 0.00>
ST_33 : Operation 148 [1/1] (0.00ns)   --->   "%layer7_out_8_ret = extractvalue i256 %call_ret3" [firmware/nnet_utils/nnet_activation.h:386]   --->   Operation 148 'extractvalue' 'layer7_out_8_ret' <Predicate = true> <Delay = 0.00>
ST_33 : Operation 149 [1/1] (0.00ns)   --->   "%write_ln386 = write void @_ssdm_op_Write.ap_auto.i16P0A, i16 %layer7_out_8, i16 %layer7_out_8_ret" [firmware/nnet_utils/nnet_activation.h:386]   --->   Operation 149 'write' 'write_ln386' <Predicate = true> <Delay = 0.00>
ST_33 : Operation 150 [1/1] (0.00ns)   --->   "%layer7_out_9_ret = extractvalue i256 %call_ret3" [firmware/nnet_utils/nnet_activation.h:386]   --->   Operation 150 'extractvalue' 'layer7_out_9_ret' <Predicate = true> <Delay = 0.00>
ST_33 : Operation 151 [1/1] (0.00ns)   --->   "%write_ln386 = write void @_ssdm_op_Write.ap_auto.i16P0A, i16 %layer7_out_9, i16 %layer7_out_9_ret" [firmware/nnet_utils/nnet_activation.h:386]   --->   Operation 151 'write' 'write_ln386' <Predicate = true> <Delay = 0.00>
ST_33 : Operation 152 [1/1] (0.00ns)   --->   "%layer7_out_10_ret = extractvalue i256 %call_ret3" [firmware/nnet_utils/nnet_activation.h:386]   --->   Operation 152 'extractvalue' 'layer7_out_10_ret' <Predicate = true> <Delay = 0.00>
ST_33 : Operation 153 [1/1] (0.00ns)   --->   "%write_ln386 = write void @_ssdm_op_Write.ap_auto.i16P0A, i16 %layer7_out_10, i16 %layer7_out_10_ret" [firmware/nnet_utils/nnet_activation.h:386]   --->   Operation 153 'write' 'write_ln386' <Predicate = true> <Delay = 0.00>
ST_33 : Operation 154 [1/1] (0.00ns)   --->   "%layer7_out_11_ret = extractvalue i256 %call_ret3" [firmware/nnet_utils/nnet_activation.h:386]   --->   Operation 154 'extractvalue' 'layer7_out_11_ret' <Predicate = true> <Delay = 0.00>
ST_33 : Operation 155 [1/1] (0.00ns)   --->   "%write_ln386 = write void @_ssdm_op_Write.ap_auto.i16P0A, i16 %layer7_out_11, i16 %layer7_out_11_ret" [firmware/nnet_utils/nnet_activation.h:386]   --->   Operation 155 'write' 'write_ln386' <Predicate = true> <Delay = 0.00>
ST_33 : Operation 156 [1/1] (0.00ns)   --->   "%layer7_out_12_ret = extractvalue i256 %call_ret3" [firmware/nnet_utils/nnet_activation.h:386]   --->   Operation 156 'extractvalue' 'layer7_out_12_ret' <Predicate = true> <Delay = 0.00>
ST_33 : Operation 157 [1/1] (0.00ns)   --->   "%write_ln386 = write void @_ssdm_op_Write.ap_auto.i16P0A, i16 %layer7_out_12, i16 %layer7_out_12_ret" [firmware/nnet_utils/nnet_activation.h:386]   --->   Operation 157 'write' 'write_ln386' <Predicate = true> <Delay = 0.00>
ST_33 : Operation 158 [1/1] (0.00ns)   --->   "%layer7_out_13_ret = extractvalue i256 %call_ret3" [firmware/nnet_utils/nnet_activation.h:386]   --->   Operation 158 'extractvalue' 'layer7_out_13_ret' <Predicate = true> <Delay = 0.00>
ST_33 : Operation 159 [1/1] (0.00ns)   --->   "%write_ln386 = write void @_ssdm_op_Write.ap_auto.i16P0A, i16 %layer7_out_13, i16 %layer7_out_13_ret" [firmware/nnet_utils/nnet_activation.h:386]   --->   Operation 159 'write' 'write_ln386' <Predicate = true> <Delay = 0.00>
ST_33 : Operation 160 [1/1] (0.00ns)   --->   "%layer7_out_14_ret = extractvalue i256 %call_ret3" [firmware/nnet_utils/nnet_activation.h:386]   --->   Operation 160 'extractvalue' 'layer7_out_14_ret' <Predicate = true> <Delay = 0.00>
ST_33 : Operation 161 [1/1] (0.00ns)   --->   "%write_ln386 = write void @_ssdm_op_Write.ap_auto.i16P0A, i16 %layer7_out_14, i16 %layer7_out_14_ret" [firmware/nnet_utils/nnet_activation.h:386]   --->   Operation 161 'write' 'write_ln386' <Predicate = true> <Delay = 0.00>
ST_33 : Operation 162 [1/1] (0.00ns)   --->   "%layer7_out_15_ret = extractvalue i256 %call_ret3" [firmware/nnet_utils/nnet_activation.h:386]   --->   Operation 162 'extractvalue' 'layer7_out_15_ret' <Predicate = true> <Delay = 0.00>
ST_33 : Operation 163 [1/1] (0.00ns)   --->   "%write_ln386 = write void @_ssdm_op_Write.ap_auto.i16P0A, i16 %layer7_out_15, i16 %layer7_out_15_ret" [firmware/nnet_utils/nnet_activation.h:386]   --->   Operation 163 'write' 'write_ln386' <Predicate = true> <Delay = 0.00>
ST_33 : Operation 164 [1/1] (0.00ns)   --->   "%ret_ln49 = ret" [firmware/myproject.cpp:49]   --->   Operation 164 'ret' 'ret_ln49' <Predicate = true> <Delay = 0.00>


============================================================
+ Verbose Summary: Timing violations
============================================================
Target clock period: 3.33ns, clock uncertainty: 0.416ns.

 <State 1>: 2.91ns
The critical path consists of the following:
	wire read operation ('fc1_input_read', firmware/nnet_utils/nnet_dense.h:41) on port 'fc1_input' (firmware/nnet_utils/nnet_dense.h:41) [56]  (0 ns)
	'call' operation ('call_ret', firmware/nnet_utils/nnet_dense.h:41) to 'dense_latency<ap_fixed<8, 2, 5, 3, 0>, ap_fixed<16, 4, 5, 3, 0>, config2>' [57]  (2.91 ns)

 <State 2>: 2.91ns
The critical path consists of the following:
	'call' operation ('call_ret', firmware/nnet_utils/nnet_dense.h:41) to 'dense_latency<ap_fixed<8, 2, 5, 3, 0>, ap_fixed<16, 4, 5, 3, 0>, config2>' [57]  (2.91 ns)

 <State 3>: 2.91ns
The critical path consists of the following:
	'call' operation ('call_ret', firmware/nnet_utils/nnet_dense.h:41) to 'dense_latency<ap_fixed<8, 2, 5, 3, 0>, ap_fixed<16, 4, 5, 3, 0>, config2>' [57]  (2.91 ns)

 <State 4>: 2.91ns
The critical path consists of the following:
	'call' operation ('call_ret', firmware/nnet_utils/nnet_dense.h:41) to 'dense_latency<ap_fixed<8, 2, 5, 3, 0>, ap_fixed<16, 4, 5, 3, 0>, config2>' [57]  (2.91 ns)

 <State 5>: 2.91ns
The critical path consists of the following:
	'call' operation ('call_ret', firmware/nnet_utils/nnet_dense.h:41) to 'dense_latency<ap_fixed<8, 2, 5, 3, 0>, ap_fixed<16, 4, 5, 3, 0>, config2>' [57]  (2.91 ns)

 <State 6>: 2.91ns
The critical path consists of the following:
	'call' operation ('call_ret', firmware/nnet_utils/nnet_dense.h:41) to 'dense_latency<ap_fixed<8, 2, 5, 3, 0>, ap_fixed<16, 4, 5, 3, 0>, config2>' [57]  (2.91 ns)

 <State 7>: 2.91ns
The critical path consists of the following:
	'call' operation ('call_ret', firmware/nnet_utils/nnet_dense.h:41) to 'dense_latency<ap_fixed<8, 2, 5, 3, 0>, ap_fixed<16, 4, 5, 3, 0>, config2>' [57]  (2.91 ns)

 <State 8>: 3.13ns
The critical path consists of the following:
	'call' operation ('call_ret', firmware/nnet_utils/nnet_dense.h:41) to 'dense_latency<ap_fixed<8, 2, 5, 3, 0>, ap_fixed<16, 4, 5, 3, 0>, config2>' [57]  (3.13 ns)

 <State 9>: 2.27ns
The critical path consists of the following:
	'call' operation ('call_ret1', firmware/myproject.cpp:41) to 'relu<ap_fixed<16, 4, 5, 3, 0>, ap_ufixed<8, 1, 4, 0, 0>, relu_config4>' [64]  (2.27 ns)

 <State 10>: 2.59ns
The critical path consists of the following:
	'call' operation ('call_ret1', firmware/myproject.cpp:41) to 'relu<ap_fixed<16, 4, 5, 3, 0>, ap_ufixed<8, 1, 4, 0, 0>, relu_config4>' [64]  (2.59 ns)

 <State 11>: 2.91ns
The critical path consists of the following:
	'call' operation ('call_ret2', firmware/nnet_utils/nnet_dense.h:41) to 'dense_latency<ap_ufixed<8, 1, 4, 0, 0>, ap_fixed<16, 4, 5, 3, 0>, config5>' [71]  (2.91 ns)

 <State 12>: 2.91ns
The critical path consists of the following:
	'call' operation ('call_ret2', firmware/nnet_utils/nnet_dense.h:41) to 'dense_latency<ap_ufixed<8, 1, 4, 0, 0>, ap_fixed<16, 4, 5, 3, 0>, config5>' [71]  (2.91 ns)

 <State 13>: 2.91ns
The critical path consists of the following:
	'call' operation ('call_ret2', firmware/nnet_utils/nnet_dense.h:41) to 'dense_latency<ap_ufixed<8, 1, 4, 0, 0>, ap_fixed<16, 4, 5, 3, 0>, config5>' [71]  (2.91 ns)

 <State 14>: 2.91ns
The critical path consists of the following:
	'call' operation ('call_ret2', firmware/nnet_utils/nnet_dense.h:41) to 'dense_latency<ap_ufixed<8, 1, 4, 0, 0>, ap_fixed<16, 4, 5, 3, 0>, config5>' [71]  (2.91 ns)

 <State 15>: 3.13ns
The critical path consists of the following:
	'call' operation ('call_ret2', firmware/nnet_utils/nnet_dense.h:41) to 'dense_latency<ap_ufixed<8, 1, 4, 0, 0>, ap_fixed<16, 4, 5, 3, 0>, config5>' [71]  (3.13 ns)

 <State 16>: 2.14ns
The critical path consists of the following:
	'call' operation ('call_ret3', firmware/nnet_utils/nnet_activation.h:386) to 'softmax_stable<ap_fixed,ap_fixed<16,6,5,3,0>,softmax_config7>' [88]  (2.14 ns)

 <State 17>: 2.91ns
The critical path consists of the following:
	'call' operation ('call_ret3', firmware/nnet_utils/nnet_activation.h:386) to 'softmax_stable<ap_fixed,ap_fixed<16,6,5,3,0>,softmax_config7>' [88]  (2.91 ns)

 <State 18>: 2.91ns
The critical path consists of the following:
	'call' operation ('call_ret3', firmware/nnet_utils/nnet_activation.h:386) to 'softmax_stable<ap_fixed,ap_fixed<16,6,5,3,0>,softmax_config7>' [88]  (2.91 ns)

 <State 19>: 2.91ns
The critical path consists of the following:
	'call' operation ('call_ret3', firmware/nnet_utils/nnet_activation.h:386) to 'softmax_stable<ap_fixed,ap_fixed<16,6,5,3,0>,softmax_config7>' [88]  (2.91 ns)

 <State 20>: 2.91ns
The critical path consists of the following:
	'call' operation ('call_ret3', firmware/nnet_utils/nnet_activation.h:386) to 'softmax_stable<ap_fixed,ap_fixed<16,6,5,3,0>,softmax_config7>' [88]  (2.91 ns)

 <State 21>: 2.91ns
The critical path consists of the following:
	'call' operation ('call_ret3', firmware/nnet_utils/nnet_activation.h:386) to 'softmax_stable<ap_fixed,ap_fixed<16,6,5,3,0>,softmax_config7>' [88]  (2.91 ns)

 <State 22>: 2.91ns
The critical path consists of the following:
	'call' operation ('call_ret3', firmware/nnet_utils/nnet_activation.h:386) to 'softmax_stable<ap_fixed,ap_fixed<16,6,5,3,0>,softmax_config7>' [88]  (2.91 ns)

 <State 23>: 2.91ns
The critical path consists of the following:
	'call' operation ('call_ret3', firmware/nnet_utils/nnet_activation.h:386) to 'softmax_stable<ap_fixed,ap_fixed<16,6,5,3,0>,softmax_config7>' [88]  (2.91 ns)

 <State 24>: 2.91ns
The critical path consists of the following:
	'call' operation ('call_ret3', firmware/nnet_utils/nnet_activation.h:386) to 'softmax_stable<ap_fixed,ap_fixed<16,6,5,3,0>,softmax_config7>' [88]  (2.91 ns)

 <State 25>: 2.91ns
The critical path consists of the following:
	'call' operation ('call_ret3', firmware/nnet_utils/nnet_activation.h:386) to 'softmax_stable<ap_fixed,ap_fixed<16,6,5,3,0>,softmax_config7>' [88]  (2.91 ns)

 <State 26>: 2.91ns
The critical path consists of the following:
	'call' operation ('call_ret3', firmware/nnet_utils/nnet_activation.h:386) to 'softmax_stable<ap_fixed,ap_fixed<16,6,5,3,0>,softmax_config7>' [88]  (2.91 ns)

 <State 27>: 2.91ns
The critical path consists of the following:
	'call' operation ('call_ret3', firmware/nnet_utils/nnet_activation.h:386) to 'softmax_stable<ap_fixed,ap_fixed<16,6,5,3,0>,softmax_config7>' [88]  (2.91 ns)

 <State 28>: 2.91ns
The critical path consists of the following:
	'call' operation ('call_ret3', firmware/nnet_utils/nnet_activation.h:386) to 'softmax_stable<ap_fixed,ap_fixed<16,6,5,3,0>,softmax_config7>' [88]  (2.91 ns)

 <State 29>: 2.91ns
The critical path consists of the following:
	'call' operation ('call_ret3', firmware/nnet_utils/nnet_activation.h:386) to 'softmax_stable<ap_fixed,ap_fixed<16,6,5,3,0>,softmax_config7>' [88]  (2.91 ns)

 <State 30>: 2.91ns
The critical path consists of the following:
	'call' operation ('call_ret3', firmware/nnet_utils/nnet_activation.h:386) to 'softmax_stable<ap_fixed,ap_fixed<16,6,5,3,0>,softmax_config7>' [88]  (2.91 ns)

 <State 31>: 2.91ns
The critical path consists of the following:
	'call' operation ('call_ret3', firmware/nnet_utils/nnet_activation.h:386) to 'softmax_stable<ap_fixed,ap_fixed<16,6,5,3,0>,softmax_config7>' [88]  (2.91 ns)

 <State 32>: 2.91ns
The critical path consists of the following:
	'call' operation ('call_ret3', firmware/nnet_utils/nnet_activation.h:386) to 'softmax_stable<ap_fixed,ap_fixed<16,6,5,3,0>,softmax_config7>' [88]  (2.91 ns)

 <State 33>: 7.95ns
The critical path consists of the following:
	'call' operation ('call_ret3', firmware/nnet_utils/nnet_activation.h:386) to 'softmax_stable<ap_fixed,ap_fixed<16,6,5,3,0>,softmax_config7>' [88]  (7.95 ns)


============================================================
+ Verbose Summary: Binding
============================================================
N/A
* FSMD analyzer results:
  - Output states:
 - Input state : 
  - Chain level:
	State 1
	State 2
	State 3
	State 4
	State 5
	State 6
	State 7
	State 8
	State 9
	State 10
	State 11
	State 12
	State 13
	State 14
	State 15
	State 16
	State 17
	State 18
	State 19
	State 20
	State 21
	State 22
	State 23
	State 24
	State 25
	State 26
	State 27
	State 28
	State 29
	State 30
	State 31
	State 32
	State 33


============================================================
+ Verbose Summary: Datapath Resource usage 
============================================================
N/A
