

================================================================
== Vitis HLS Report for 'myproject'
================================================================
* Date:           Tue Jul 18 17:26:27 2023

* Version:        2021.1 (Build 3247384 on Thu Jun 10 19:36:07 MDT 2021)
* Project:        myproject_prj
* Solution:       solution1 (Vivado IP Flow Target)
* Product family: zynq
* Target device:  xc7z007s-clg225-2


================================================================
== Performance Estimates
================================================================
+ Timing: 
    * Summary: 
    +--------+---------+----------+------------+
    |  Clock |  Target | Estimated| Uncertainty|
    +--------+---------+----------+------------+
    |ap_clk  |  5.00 ns|  4.362 ns|     0.62 ns|
    +--------+---------+----------+------------+

+ Latency: 
    * Summary: 
    +---------+---------+----------+----------+-----+-----+---------+
    |  Latency (cycles) |  Latency (absolute) |  Interval | Pipeline|
    |   min   |   max   |    min   |    max   | min | max |   Type  |
    +---------+---------+----------+----------+-----+-----+---------+
    |      229|      229|  1.145 us|  1.145 us|    1|    1|      yes|
    +---------+---------+----------+----------+-----+-----+---------+

    + Detail: 
        * Instance: 
        +-------------------------------------------------------------------------------+------------------------------------------------------------------+---------+---------+-----------+-----------+-----+-----+---------+
        |                                                                               |                                                                  |  Latency (cycles) |   Latency (absolute)  |  Interval | Pipeline|
        |                                    Instance                                   |                              Module                              |   min   |   max   |    min    |    max    | min | max |   Type  |
        +-------------------------------------------------------------------------------+------------------------------------------------------------------+---------+---------+-----------+-----------+-----+-----+---------+
        |grp_dense_latency_ap_fixed_8_2_5_3_0_ap_fixed_16_4_5_3_0_config2_s_fu_104      |dense_latency_ap_fixed_8_2_5_3_0_ap_fixed_16_4_5_3_0_config2_s    |      192|      192|   0.960 us|   0.960 us|    1|    1|      yes|
        |call_ret1_relu_ap_fixed_16_4_5_3_0_ap_ufixed_8_1_4_0_0_relu_config4_s_fu_110   |relu_ap_fixed_16_4_5_3_0_ap_ufixed_8_1_4_0_0_relu_config4_s       |        0|        0|       0 ns|       0 ns|    1|    1|      yes|
        |grp_dense_latency_ap_ufixed_8_1_4_0_0_ap_fixed_16_4_5_3_0_config5_s_fu_132     |dense_latency_ap_ufixed_8_1_4_0_0_ap_fixed_16_4_5_3_0_config5_s   |        4|        4|  20.000 ns|  20.000 ns|    1|    1|      yes|
        |call_ret3_relu_ap_fixed_16_4_5_3_0_ap_ufixed_8_1_4_0_0_relu_config7_s_fu_154   |relu_ap_fixed_16_4_5_3_0_ap_ufixed_8_1_4_0_0_relu_config7_s       |        0|        0|       0 ns|       0 ns|    1|    1|      yes|
        |grp_dense_latency_ap_ufixed_8_1_4_0_0_ap_fixed_16_4_5_3_0_config8_s_fu_210     |dense_latency_ap_ufixed_8_1_4_0_0_ap_fixed_16_4_5_3_0_config8_s   |        5|        5|  25.000 ns|  25.000 ns|    1|    1|      yes|
        |call_ret5_relu_ap_fixed_16_4_5_3_0_ap_ufixed_8_1_4_0_0_relu_config10_s_fu_266  |relu_ap_fixed_16_4_5_3_0_ap_ufixed_8_1_4_0_0_relu_config10_s      |        0|        0|       0 ns|       0 ns|    1|    1|      yes|
        |grp_dense_latency_ap_ufixed_8_1_4_0_0_ap_fixed_16_4_5_3_0_config11_s_fu_325    |dense_latency_ap_ufixed_8_1_4_0_0_ap_fixed_16_4_5_3_0_config11_s  |        5|        5|  25.000 ns|  25.000 ns|    1|    1|      yes|
        |grp_softmax_stable_ap_fixed_ap_fixed_16_4_5_3_0_softmax_config13_s_fu_384      |softmax_stable_ap_fixed_ap_fixed_16_4_5_3_0_softmax_config13_s    |       12|       12|  60.000 ns|  60.000 ns|    1|    1|      yes|
        +-------------------------------------------------------------------------------+------------------------------------------------------------------+---------+---------+-----------+-----------+-----+-----+---------+

        * Loop: 
        N/A



================================================================
== Utilization Estimates
================================================================
* Summary: 
+-----------------+---------+-----+--------+--------+-----+
|       Name      | BRAM_18K| DSP |   FF   |   LUT  | URAM|
+-----------------+---------+-----+--------+--------+-----+
|DSP              |        -|    -|       -|       -|    -|
|Expression       |        -|    -|       0|       2|    -|
|FIFO             |        -|    -|       -|       -|    -|
|Instance         |        6|  413|  242988|  237118|    -|
|Memory           |        -|    -|       -|       -|    -|
|Multiplexer      |        -|    -|       -|       -|    -|
|Register         |        -|    -|    3327|       -|    -|
+-----------------+---------+-----+--------+--------+-----+
|Total            |        6|  413|  246315|  237120|    0|
+-----------------+---------+-----+--------+--------+-----+
|Available        |      100|   66|   28800|   14400|    0|
+-----------------+---------+-----+--------+--------+-----+
|Utilization (%)  |        6|  625|     855|    1646|    0|
+-----------------+---------+-----+--------+--------+-----+

+ Detail: 
    * Instance: 
    +-------------------------------------------------------------------------------+------------------------------------------------------------------+---------+-----+--------+--------+-----+
    |                                    Instance                                   |                              Module                              | BRAM_18K| DSP |   FF   |   LUT  | URAM|
    +-------------------------------------------------------------------------------+------------------------------------------------------------------+---------+-----+--------+--------+-----+
    |grp_dense_latency_ap_fixed_8_2_5_3_0_ap_fixed_16_4_5_3_0_config2_s_fu_104      |dense_latency_ap_fixed_8_2_5_3_0_ap_fixed_16_4_5_3_0_config2_s    |        0|   33|  190789|  168322|    0|
    |grp_dense_latency_ap_ufixed_8_1_4_0_0_ap_fixed_16_4_5_3_0_config11_s_fu_325    |dense_latency_ap_ufixed_8_1_4_0_0_ap_fixed_16_4_5_3_0_config11_s  |        0|   89|    6581|    7133|    0|
    |grp_dense_latency_ap_ufixed_8_1_4_0_0_ap_fixed_16_4_5_3_0_config5_s_fu_132     |dense_latency_ap_ufixed_8_1_4_0_0_ap_fixed_16_4_5_3_0_config5_s   |        0|  156|   13911|   16539|    0|
    |grp_dense_latency_ap_ufixed_8_1_4_0_0_ap_fixed_16_4_5_3_0_config8_s_fu_210     |dense_latency_ap_ufixed_8_1_4_0_0_ap_fixed_16_4_5_3_0_config8_s   |        0|  129|   30533|   38896|    0|
    |call_ret5_relu_ap_fixed_16_4_5_3_0_ap_ufixed_8_1_4_0_0_relu_config10_s_fu_266  |relu_ap_fixed_16_4_5_3_0_ap_ufixed_8_1_4_0_0_relu_config10_s      |        0|    0|       0|    2365|    0|
    |call_ret1_relu_ap_fixed_16_4_5_3_0_ap_ufixed_8_1_4_0_0_relu_config4_s_fu_110   |relu_ap_fixed_16_4_5_3_0_ap_ufixed_8_1_4_0_0_relu_config4_s       |        0|    0|       0|     774|    0|
    |call_ret3_relu_ap_fixed_16_4_5_3_0_ap_ufixed_8_1_4_0_0_relu_config7_s_fu_154   |relu_ap_fixed_16_4_5_3_0_ap_ufixed_8_1_4_0_0_relu_config7_s       |        0|    0|       0|    2236|    0|
    |grp_softmax_stable_ap_fixed_ap_fixed_16_4_5_3_0_softmax_config13_s_fu_384      |softmax_stable_ap_fixed_ap_fixed_16_4_5_3_0_softmax_config13_s    |        6|    6|    1174|     853|    0|
    +-------------------------------------------------------------------------------+------------------------------------------------------------------+---------+-----+--------+--------+-----+
    |Total                                                                          |                                                                  |        6|  413|  242988|  237118|    0|
    +-------------------------------------------------------------------------------+------------------------------------------------------------------+---------+-----+--------+--------+-----+

    * DSP: 
    N/A

    * Memory: 
    N/A

    * FIFO: 
    N/A

    * Expression: 
    +---------------+----------+----+---+----+------------+------------+
    | Variable Name | Operation| DSP| FF| LUT| Bitwidth P0| Bitwidth P1|
    +---------------+----------+----+---+----+------------+------------+
    |ap_enable_pp0  |       xor|   0|  0|   2|           1|           2|
    +---------------+----------+----+---+----+------------+------------+
    |Total          |          |   0|  0|   2|           1|           2|
    +---------------+----------+----+---+----+------------+------------+

    * Multiplexer: 
    N/A

    * Register: 
    +----------------------------------------------------------------------------------------+----+----+-----+-----------+
    |                                          Name                                          | FF | LUT| Bits| Const Bits|
    +----------------------------------------------------------------------------------------+----+----+-----+-----------+
    |ap_CS_fsm                                                                               |   1|   0|    1|          0|
    |ap_enable_reg_pp0_iter1                                                                 |   1|   0|    1|          0|
    |ap_enable_reg_pp0_iter10                                                                |   1|   0|    1|          0|
    |ap_enable_reg_pp0_iter100                                                               |   1|   0|    1|          0|
    |ap_enable_reg_pp0_iter101                                                               |   1|   0|    1|          0|
    |ap_enable_reg_pp0_iter102                                                               |   1|   0|    1|          0|
    |ap_enable_reg_pp0_iter103                                                               |   1|   0|    1|          0|
    |ap_enable_reg_pp0_iter104                                                               |   1|   0|    1|          0|
    |ap_enable_reg_pp0_iter105                                                               |   1|   0|    1|          0|
    |ap_enable_reg_pp0_iter106                                                               |   1|   0|    1|          0|
    |ap_enable_reg_pp0_iter107                                                               |   1|   0|    1|          0|
    |ap_enable_reg_pp0_iter108                                                               |   1|   0|    1|          0|
    |ap_enable_reg_pp0_iter109                                                               |   1|   0|    1|          0|
    |ap_enable_reg_pp0_iter11                                                                |   1|   0|    1|          0|
    |ap_enable_reg_pp0_iter110                                                               |   1|   0|    1|          0|
    |ap_enable_reg_pp0_iter111                                                               |   1|   0|    1|          0|
    |ap_enable_reg_pp0_iter112                                                               |   1|   0|    1|          0|
    |ap_enable_reg_pp0_iter113                                                               |   1|   0|    1|          0|
    |ap_enable_reg_pp0_iter114                                                               |   1|   0|    1|          0|
    |ap_enable_reg_pp0_iter115                                                               |   1|   0|    1|          0|
    |ap_enable_reg_pp0_iter116                                                               |   1|   0|    1|          0|
    |ap_enable_reg_pp0_iter117                                                               |   1|   0|    1|          0|
    |ap_enable_reg_pp0_iter118                                                               |   1|   0|    1|          0|
    |ap_enable_reg_pp0_iter119                                                               |   1|   0|    1|          0|
    |ap_enable_reg_pp0_iter12                                                                |   1|   0|    1|          0|
    |ap_enable_reg_pp0_iter120                                                               |   1|   0|    1|          0|
    |ap_enable_reg_pp0_iter121                                                               |   1|   0|    1|          0|
    |ap_enable_reg_pp0_iter122                                                               |   1|   0|    1|          0|
    |ap_enable_reg_pp0_iter123                                                               |   1|   0|    1|          0|
    |ap_enable_reg_pp0_iter124                                                               |   1|   0|    1|          0|
    |ap_enable_reg_pp0_iter125                                                               |   1|   0|    1|          0|
    |ap_enable_reg_pp0_iter126                                                               |   1|   0|    1|          0|
    |ap_enable_reg_pp0_iter127                                                               |   1|   0|    1|          0|
    |ap_enable_reg_pp0_iter128                                                               |   1|   0|    1|          0|
    |ap_enable_reg_pp0_iter129                                                               |   1|   0|    1|          0|
    |ap_enable_reg_pp0_iter13                                                                |   1|   0|    1|          0|
    |ap_enable_reg_pp0_iter130                                                               |   1|   0|    1|          0|
    |ap_enable_reg_pp0_iter131                                                               |   1|   0|    1|          0|
    |ap_enable_reg_pp0_iter132                                                               |   1|   0|    1|          0|
    |ap_enable_reg_pp0_iter133                                                               |   1|   0|    1|          0|
    |ap_enable_reg_pp0_iter134                                                               |   1|   0|    1|          0|
    |ap_enable_reg_pp0_iter135                                                               |   1|   0|    1|          0|
    |ap_enable_reg_pp0_iter136                                                               |   1|   0|    1|          0|
    |ap_enable_reg_pp0_iter137                                                               |   1|   0|    1|          0|
    |ap_enable_reg_pp0_iter138                                                               |   1|   0|    1|          0|
    |ap_enable_reg_pp0_iter139                                                               |   1|   0|    1|          0|
    |ap_enable_reg_pp0_iter14                                                                |   1|   0|    1|          0|
    |ap_enable_reg_pp0_iter140                                                               |   1|   0|    1|          0|
    |ap_enable_reg_pp0_iter141                                                               |   1|   0|    1|          0|
    |ap_enable_reg_pp0_iter142                                                               |   1|   0|    1|          0|
    |ap_enable_reg_pp0_iter143                                                               |   1|   0|    1|          0|
    |ap_enable_reg_pp0_iter144                                                               |   1|   0|    1|          0|
    |ap_enable_reg_pp0_iter145                                                               |   1|   0|    1|          0|
    |ap_enable_reg_pp0_iter146                                                               |   1|   0|    1|          0|
    |ap_enable_reg_pp0_iter147                                                               |   1|   0|    1|          0|
    |ap_enable_reg_pp0_iter148                                                               |   1|   0|    1|          0|
    |ap_enable_reg_pp0_iter149                                                               |   1|   0|    1|          0|
    |ap_enable_reg_pp0_iter15                                                                |   1|   0|    1|          0|
    |ap_enable_reg_pp0_iter150                                                               |   1|   0|    1|          0|
    |ap_enable_reg_pp0_iter151                                                               |   1|   0|    1|          0|
    |ap_enable_reg_pp0_iter152                                                               |   1|   0|    1|          0|
    |ap_enable_reg_pp0_iter153                                                               |   1|   0|    1|          0|
    |ap_enable_reg_pp0_iter154                                                               |   1|   0|    1|          0|
    |ap_enable_reg_pp0_iter155                                                               |   1|   0|    1|          0|
    |ap_enable_reg_pp0_iter156                                                               |   1|   0|    1|          0|
    |ap_enable_reg_pp0_iter157                                                               |   1|   0|    1|          0|
    |ap_enable_reg_pp0_iter158                                                               |   1|   0|    1|          0|
    |ap_enable_reg_pp0_iter159                                                               |   1|   0|    1|          0|
    |ap_enable_reg_pp0_iter16                                                                |   1|   0|    1|          0|
    |ap_enable_reg_pp0_iter160                                                               |   1|   0|    1|          0|
    |ap_enable_reg_pp0_iter161                                                               |   1|   0|    1|          0|
    |ap_enable_reg_pp0_iter162                                                               |   1|   0|    1|          0|
    |ap_enable_reg_pp0_iter163                                                               |   1|   0|    1|          0|
    |ap_enable_reg_pp0_iter164                                                               |   1|   0|    1|          0|
    |ap_enable_reg_pp0_iter165                                                               |   1|   0|    1|          0|
    |ap_enable_reg_pp0_iter166                                                               |   1|   0|    1|          0|
    |ap_enable_reg_pp0_iter167                                                               |   1|   0|    1|          0|
    |ap_enable_reg_pp0_iter168                                                               |   1|   0|    1|          0|
    |ap_enable_reg_pp0_iter169                                                               |   1|   0|    1|          0|
    |ap_enable_reg_pp0_iter17                                                                |   1|   0|    1|          0|
    |ap_enable_reg_pp0_iter170                                                               |   1|   0|    1|          0|
    |ap_enable_reg_pp0_iter171                                                               |   1|   0|    1|          0|
    |ap_enable_reg_pp0_iter172                                                               |   1|   0|    1|          0|
    |ap_enable_reg_pp0_iter173                                                               |   1|   0|    1|          0|
    |ap_enable_reg_pp0_iter174                                                               |   1|   0|    1|          0|
    |ap_enable_reg_pp0_iter175                                                               |   1|   0|    1|          0|
    |ap_enable_reg_pp0_iter176                                                               |   1|   0|    1|          0|
    |ap_enable_reg_pp0_iter177                                                               |   1|   0|    1|          0|
    |ap_enable_reg_pp0_iter178                                                               |   1|   0|    1|          0|
    |ap_enable_reg_pp0_iter179                                                               |   1|   0|    1|          0|
    |ap_enable_reg_pp0_iter18                                                                |   1|   0|    1|          0|
    |ap_enable_reg_pp0_iter180                                                               |   1|   0|    1|          0|
    |ap_enable_reg_pp0_iter181                                                               |   1|   0|    1|          0|
    |ap_enable_reg_pp0_iter182                                                               |   1|   0|    1|          0|
    |ap_enable_reg_pp0_iter183                                                               |   1|   0|    1|          0|
    |ap_enable_reg_pp0_iter184                                                               |   1|   0|    1|          0|
    |ap_enable_reg_pp0_iter185                                                               |   1|   0|    1|          0|
    |ap_enable_reg_pp0_iter186                                                               |   1|   0|    1|          0|
    |ap_enable_reg_pp0_iter187                                                               |   1|   0|    1|          0|
    |ap_enable_reg_pp0_iter188                                                               |   1|   0|    1|          0|
    |ap_enable_reg_pp0_iter189                                                               |   1|   0|    1|          0|
    |ap_enable_reg_pp0_iter19                                                                |   1|   0|    1|          0|
    |ap_enable_reg_pp0_iter190                                                               |   1|   0|    1|          0|
    |ap_enable_reg_pp0_iter191                                                               |   1|   0|    1|          0|
    |ap_enable_reg_pp0_iter192                                                               |   1|   0|    1|          0|
    |ap_enable_reg_pp0_iter193                                                               |   1|   0|    1|          0|
    |ap_enable_reg_pp0_iter194                                                               |   1|   0|    1|          0|
    |ap_enable_reg_pp0_iter195                                                               |   1|   0|    1|          0|
    |ap_enable_reg_pp0_iter196                                                               |   1|   0|    1|          0|
    |ap_enable_reg_pp0_iter197                                                               |   1|   0|    1|          0|
    |ap_enable_reg_pp0_iter198                                                               |   1|   0|    1|          0|
    |ap_enable_reg_pp0_iter199                                                               |   1|   0|    1|          0|
    |ap_enable_reg_pp0_iter2                                                                 |   1|   0|    1|          0|
    |ap_enable_reg_pp0_iter20                                                                |   1|   0|    1|          0|
    |ap_enable_reg_pp0_iter200                                                               |   1|   0|    1|          0|
    |ap_enable_reg_pp0_iter201                                                               |   1|   0|    1|          0|
    |ap_enable_reg_pp0_iter202                                                               |   1|   0|    1|          0|
    |ap_enable_reg_pp0_iter203                                                               |   1|   0|    1|          0|
    |ap_enable_reg_pp0_iter204                                                               |   1|   0|    1|          0|
    |ap_enable_reg_pp0_iter205                                                               |   1|   0|    1|          0|
    |ap_enable_reg_pp0_iter206                                                               |   1|   0|    1|          0|
    |ap_enable_reg_pp0_iter207                                                               |   1|   0|    1|          0|
    |ap_enable_reg_pp0_iter208                                                               |   1|   0|    1|          0|
    |ap_enable_reg_pp0_iter209                                                               |   1|   0|    1|          0|
    |ap_enable_reg_pp0_iter21                                                                |   1|   0|    1|          0|
    |ap_enable_reg_pp0_iter210                                                               |   1|   0|    1|          0|
    |ap_enable_reg_pp0_iter211                                                               |   1|   0|    1|          0|
    |ap_enable_reg_pp0_iter212                                                               |   1|   0|    1|          0|
    |ap_enable_reg_pp0_iter213                                                               |   1|   0|    1|          0|
    |ap_enable_reg_pp0_iter214                                                               |   1|   0|    1|          0|
    |ap_enable_reg_pp0_iter215                                                               |   1|   0|    1|          0|
    |ap_enable_reg_pp0_iter216                                                               |   1|   0|    1|          0|
    |ap_enable_reg_pp0_iter217                                                               |   1|   0|    1|          0|
    |ap_enable_reg_pp0_iter218                                                               |   1|   0|    1|          0|
    |ap_enable_reg_pp0_iter219                                                               |   1|   0|    1|          0|
    |ap_enable_reg_pp0_iter22                                                                |   1|   0|    1|          0|
    |ap_enable_reg_pp0_iter220                                                               |   1|   0|    1|          0|
    |ap_enable_reg_pp0_iter221                                                               |   1|   0|    1|          0|
    |ap_enable_reg_pp0_iter222                                                               |   1|   0|    1|          0|
    |ap_enable_reg_pp0_iter223                                                               |   1|   0|    1|          0|
    |ap_enable_reg_pp0_iter224                                                               |   1|   0|    1|          0|
    |ap_enable_reg_pp0_iter225                                                               |   1|   0|    1|          0|
    |ap_enable_reg_pp0_iter226                                                               |   1|   0|    1|          0|
    |ap_enable_reg_pp0_iter227                                                               |   1|   0|    1|          0|
    |ap_enable_reg_pp0_iter228                                                               |   1|   0|    1|          0|
    |ap_enable_reg_pp0_iter229                                                               |   1|   0|    1|          0|
    |ap_enable_reg_pp0_iter23                                                                |   1|   0|    1|          0|
    |ap_enable_reg_pp0_iter24                                                                |   1|   0|    1|          0|
    |ap_enable_reg_pp0_iter25                                                                |   1|   0|    1|          0|
    |ap_enable_reg_pp0_iter26                                                                |   1|   0|    1|          0|
    |ap_enable_reg_pp0_iter27                                                                |   1|   0|    1|          0|
    |ap_enable_reg_pp0_iter28                                                                |   1|   0|    1|          0|
    |ap_enable_reg_pp0_iter29                                                                |   1|   0|    1|          0|
    |ap_enable_reg_pp0_iter3                                                                 |   1|   0|    1|          0|
    |ap_enable_reg_pp0_iter30                                                                |   1|   0|    1|          0|
    |ap_enable_reg_pp0_iter31                                                                |   1|   0|    1|          0|
    |ap_enable_reg_pp0_iter32                                                                |   1|   0|    1|          0|
    |ap_enable_reg_pp0_iter33                                                                |   1|   0|    1|          0|
    |ap_enable_reg_pp0_iter34                                                                |   1|   0|    1|          0|
    |ap_enable_reg_pp0_iter35                                                                |   1|   0|    1|          0|
    |ap_enable_reg_pp0_iter36                                                                |   1|   0|    1|          0|
    |ap_enable_reg_pp0_iter37                                                                |   1|   0|    1|          0|
    |ap_enable_reg_pp0_iter38                                                                |   1|   0|    1|          0|
    |ap_enable_reg_pp0_iter39                                                                |   1|   0|    1|          0|
    |ap_enable_reg_pp0_iter4                                                                 |   1|   0|    1|          0|
    |ap_enable_reg_pp0_iter40                                                                |   1|   0|    1|          0|
    |ap_enable_reg_pp0_iter41                                                                |   1|   0|    1|          0|
    |ap_enable_reg_pp0_iter42                                                                |   1|   0|    1|          0|
    |ap_enable_reg_pp0_iter43                                                                |   1|   0|    1|          0|
    |ap_enable_reg_pp0_iter44                                                                |   1|   0|    1|          0|
    |ap_enable_reg_pp0_iter45                                                                |   1|   0|    1|          0|
    |ap_enable_reg_pp0_iter46                                                                |   1|   0|    1|          0|
    |ap_enable_reg_pp0_iter47                                                                |   1|   0|    1|          0|
    |ap_enable_reg_pp0_iter48                                                                |   1|   0|    1|          0|
    |ap_enable_reg_pp0_iter49                                                                |   1|   0|    1|          0|
    |ap_enable_reg_pp0_iter5                                                                 |   1|   0|    1|          0|
    |ap_enable_reg_pp0_iter50                                                                |   1|   0|    1|          0|
    |ap_enable_reg_pp0_iter51                                                                |   1|   0|    1|          0|
    |ap_enable_reg_pp0_iter52                                                                |   1|   0|    1|          0|
    |ap_enable_reg_pp0_iter53                                                                |   1|   0|    1|          0|
    |ap_enable_reg_pp0_iter54                                                                |   1|   0|    1|          0|
    |ap_enable_reg_pp0_iter55                                                                |   1|   0|    1|          0|
    |ap_enable_reg_pp0_iter56                                                                |   1|   0|    1|          0|
    |ap_enable_reg_pp0_iter57                                                                |   1|   0|    1|          0|
    |ap_enable_reg_pp0_iter58                                                                |   1|   0|    1|          0|
    |ap_enable_reg_pp0_iter59                                                                |   1|   0|    1|          0|
    |ap_enable_reg_pp0_iter6                                                                 |   1|   0|    1|          0|
    |ap_enable_reg_pp0_iter60                                                                |   1|   0|    1|          0|
    |ap_enable_reg_pp0_iter61                                                                |   1|   0|    1|          0|
    |ap_enable_reg_pp0_iter62                                                                |   1|   0|    1|          0|
    |ap_enable_reg_pp0_iter63                                                                |   1|   0|    1|          0|
    |ap_enable_reg_pp0_iter64                                                                |   1|   0|    1|          0|
    |ap_enable_reg_pp0_iter65                                                                |   1|   0|    1|          0|
    |ap_enable_reg_pp0_iter66                                                                |   1|   0|    1|          0|
    |ap_enable_reg_pp0_iter67                                                                |   1|   0|    1|          0|
    |ap_enable_reg_pp0_iter68                                                                |   1|   0|    1|          0|
    |ap_enable_reg_pp0_iter69                                                                |   1|   0|    1|          0|
    |ap_enable_reg_pp0_iter7                                                                 |   1|   0|    1|          0|
    |ap_enable_reg_pp0_iter70                                                                |   1|   0|    1|          0|
    |ap_enable_reg_pp0_iter71                                                                |   1|   0|    1|          0|
    |ap_enable_reg_pp0_iter72                                                                |   1|   0|    1|          0|
    |ap_enable_reg_pp0_iter73                                                                |   1|   0|    1|          0|
    |ap_enable_reg_pp0_iter74                                                                |   1|   0|    1|          0|
    |ap_enable_reg_pp0_iter75                                                                |   1|   0|    1|          0|
    |ap_enable_reg_pp0_iter76                                                                |   1|   0|    1|          0|
    |ap_enable_reg_pp0_iter77                                                                |   1|   0|    1|          0|
    |ap_enable_reg_pp0_iter78                                                                |   1|   0|    1|          0|
    |ap_enable_reg_pp0_iter79                                                                |   1|   0|    1|          0|
    |ap_enable_reg_pp0_iter8                                                                 |   1|   0|    1|          0|
    |ap_enable_reg_pp0_iter80                                                                |   1|   0|    1|          0|
    |ap_enable_reg_pp0_iter81                                                                |   1|   0|    1|          0|
    |ap_enable_reg_pp0_iter82                                                                |   1|   0|    1|          0|
    |ap_enable_reg_pp0_iter83                                                                |   1|   0|    1|          0|
    |ap_enable_reg_pp0_iter84                                                                |   1|   0|    1|          0|
    |ap_enable_reg_pp0_iter85                                                                |   1|   0|    1|          0|
    |ap_enable_reg_pp0_iter86                                                                |   1|   0|    1|          0|
    |ap_enable_reg_pp0_iter87                                                                |   1|   0|    1|          0|
    |ap_enable_reg_pp0_iter88                                                                |   1|   0|    1|          0|
    |ap_enable_reg_pp0_iter89                                                                |   1|   0|    1|          0|
    |ap_enable_reg_pp0_iter9                                                                 |   1|   0|    1|          0|
    |ap_enable_reg_pp0_iter90                                                                |   1|   0|    1|          0|
    |ap_enable_reg_pp0_iter91                                                                |   1|   0|    1|          0|
    |ap_enable_reg_pp0_iter92                                                                |   1|   0|    1|          0|
    |ap_enable_reg_pp0_iter93                                                                |   1|   0|    1|          0|
    |ap_enable_reg_pp0_iter94                                                                |   1|   0|    1|          0|
    |ap_enable_reg_pp0_iter95                                                                |   1|   0|    1|          0|
    |ap_enable_reg_pp0_iter96                                                                |   1|   0|    1|          0|
    |ap_enable_reg_pp0_iter97                                                                |   1|   0|    1|          0|
    |ap_enable_reg_pp0_iter98                                                                |   1|   0|    1|          0|
    |ap_enable_reg_pp0_iter99                                                                |   1|   0|    1|          0|
    |grp_softmax_stable_ap_fixed_ap_fixed_16_4_5_3_0_softmax_config13_s_fu_384_ap_start_reg  |   1|   0|    1|          0|
    |layer10_out_V_0_reg_2432                                                                |   8|   0|    8|          0|
    |layer10_out_V_10_reg_2482                                                               |   8|   0|    8|          0|
    |layer10_out_V_11_reg_2487                                                               |   8|   0|    8|          0|
    |layer10_out_V_12_reg_2492                                                               |   8|   0|    8|          0|
    |layer10_out_V_13_reg_2497                                                               |   8|   0|    8|          0|
    |layer10_out_V_14_reg_2502                                                               |   8|   0|    8|          0|
    |layer10_out_V_15_reg_2507                                                               |   8|   0|    8|          0|
    |layer10_out_V_16_reg_2512                                                               |   8|   0|    8|          0|
    |layer10_out_V_17_reg_2517                                                               |   8|   0|    8|          0|
    |layer10_out_V_18_reg_2522                                                               |   8|   0|    8|          0|
    |layer10_out_V_19_reg_2527                                                               |   8|   0|    8|          0|
    |layer10_out_V_1_reg_2437                                                                |   8|   0|    8|          0|
    |layer10_out_V_20_reg_2532                                                               |   8|   0|    8|          0|
    |layer10_out_V_21_reg_2537                                                               |   8|   0|    8|          0|
    |layer10_out_V_22_reg_2542                                                               |   8|   0|    8|          0|
    |layer10_out_V_23_reg_2547                                                               |   8|   0|    8|          0|
    |layer10_out_V_25_reg_2552                                                               |   8|   0|    8|          0|
    |layer10_out_V_26_reg_2557                                                               |   8|   0|    8|          0|
    |layer10_out_V_27_reg_2562                                                               |   8|   0|    8|          0|
    |layer10_out_V_28_reg_2567                                                               |   8|   0|    8|          0|
    |layer10_out_V_29_reg_2572                                                               |   8|   0|    8|          0|
    |layer10_out_V_2_reg_2442                                                                |   8|   0|    8|          0|
    |layer10_out_V_30_reg_2577                                                               |   8|   0|    8|          0|
    |layer10_out_V_32_reg_2582                                                               |   8|   0|    8|          0|
    |layer10_out_V_33_reg_2587                                                               |   8|   0|    8|          0|
    |layer10_out_V_34_reg_2592                                                               |   8|   0|    8|          0|
    |layer10_out_V_35_reg_2597                                                               |   8|   0|    8|          0|
    |layer10_out_V_36_reg_2602                                                               |   8|   0|    8|          0|
    |layer10_out_V_37_reg_2607                                                               |   8|   0|    8|          0|
    |layer10_out_V_38_reg_2612                                                               |   8|   0|    8|          0|
    |layer10_out_V_3_reg_2447                                                                |   8|   0|    8|          0|
    |layer10_out_V_40_reg_2617                                                               |   8|   0|    8|          0|
    |layer10_out_V_41_reg_2622                                                               |   8|   0|    8|          0|
    |layer10_out_V_42_reg_2627                                                               |   8|   0|    8|          0|
    |layer10_out_V_44_reg_2632                                                               |   8|   0|    8|          0|
    |layer10_out_V_46_reg_2637                                                               |   8|   0|    8|          0|
    |layer10_out_V_48_reg_2642                                                               |   8|   0|    8|          0|
    |layer10_out_V_4_reg_2452                                                                |   8|   0|    8|          0|
    |layer10_out_V_50_reg_2647                                                               |   8|   0|    8|          0|
    |layer10_out_V_51_reg_2652                                                               |   8|   0|    8|          0|
    |layer10_out_V_52_reg_2657                                                               |   8|   0|    8|          0|
    |layer10_out_V_53_reg_2662                                                               |   8|   0|    8|          0|
    |layer10_out_V_54_reg_2667                                                               |   8|   0|    8|          0|
    |layer10_out_V_55_reg_2672                                                               |   8|   0|    8|          0|
    |layer10_out_V_56_reg_2677                                                               |   8|   0|    8|          0|
    |layer10_out_V_57_reg_2682                                                               |   8|   0|    8|          0|
    |layer10_out_V_58_reg_2687                                                               |   8|   0|    8|          0|
    |layer10_out_V_59_reg_2692                                                               |   8|   0|    8|          0|
    |layer10_out_V_5_reg_2457                                                                |   8|   0|    8|          0|
    |layer10_out_V_61_reg_2697                                                               |   8|   0|    8|          0|
    |layer10_out_V_63_reg_2702                                                               |   8|   0|    8|          0|
    |layer10_out_V_6_reg_2462                                                                |   8|   0|    8|          0|
    |layer10_out_V_7_reg_2467                                                                |   8|   0|    8|          0|
    |layer10_out_V_8_reg_2472                                                                |   8|   0|    8|          0|
    |layer10_out_V_9_reg_2477                                                                |   8|   0|    8|          0|
    |layer11_out_V_0_reg_2707                                                                |  16|   0|   16|          0|
    |layer11_out_V_1_reg_2712                                                                |  16|   0|   16|          0|
    |layer11_out_V_2_reg_2717                                                                |  16|   0|   16|          0|
    |layer11_out_V_3_reg_2722                                                                |  16|   0|   16|          0|
    |layer11_out_V_4_reg_2727                                                                |  16|   0|   16|          0|
    |layer11_out_V_5_reg_2732                                                                |  16|   0|   16|          0|
    |layer2_out_V_0_reg_1457                                                                 |  16|   0|   16|          0|
    |layer2_out_V_10_reg_1507                                                                |  16|   0|   16|          0|
    |layer2_out_V_11_reg_1512                                                                |  16|   0|   16|          0|
    |layer2_out_V_12_reg_1517                                                                |  16|   0|   16|          0|
    |layer2_out_V_15_reg_1522                                                                |  16|   0|   16|          0|
    |layer2_out_V_16_reg_1527                                                                |  16|   0|   16|          0|
    |layer2_out_V_17_reg_1532                                                                |  16|   0|   16|          0|
    |layer2_out_V_18_reg_1537                                                                |  16|   0|   16|          0|
    |layer2_out_V_19_reg_1542                                                                |  16|   0|   16|          0|
    |layer2_out_V_1_reg_1462                                                                 |  16|   0|   16|          0|
    |layer2_out_V_2_reg_1467                                                                 |  16|   0|   16|          0|
    |layer2_out_V_3_reg_1472                                                                 |  16|   0|   16|          0|
    |layer2_out_V_4_reg_1477                                                                 |  16|   0|   16|          0|
    |layer2_out_V_5_reg_1482                                                                 |  16|   0|   16|          0|
    |layer2_out_V_6_reg_1487                                                                 |  16|   0|   16|          0|
    |layer2_out_V_7_reg_1492                                                                 |  16|   0|   16|          0|
    |layer2_out_V_8_reg_1497                                                                 |  16|   0|   16|          0|
    |layer2_out_V_9_reg_1502                                                                 |  16|   0|   16|          0|
    |layer4_out_V_0_reg_1547                                                                 |   8|   0|    8|          0|
    |layer4_out_V_10_reg_1597                                                                |   8|   0|    8|          0|
    |layer4_out_V_11_reg_1602                                                                |   8|   0|    8|          0|
    |layer4_out_V_12_reg_1607                                                                |   8|   0|    8|          0|
    |layer4_out_V_15_reg_1612                                                                |   8|   0|    8|          0|
    |layer4_out_V_16_reg_1617                                                                |   8|   0|    8|          0|
    |layer4_out_V_17_reg_1622                                                                |   8|   0|    8|          0|
    |layer4_out_V_18_reg_1627                                                                |   8|   0|    8|          0|
    |layer4_out_V_19_reg_1632                                                                |   8|   0|    8|          0|
    |layer4_out_V_1_reg_1552                                                                 |   8|   0|    8|          0|
    |layer4_out_V_2_reg_1557                                                                 |   8|   0|    8|          0|
    |layer4_out_V_3_reg_1562                                                                 |   8|   0|    8|          0|
    |layer4_out_V_4_reg_1567                                                                 |   8|   0|    8|          0|
    |layer4_out_V_5_reg_1572                                                                 |   8|   0|    8|          0|
    |layer4_out_V_6_reg_1577                                                                 |   8|   0|    8|          0|
    |layer4_out_V_7_reg_1582                                                                 |   8|   0|    8|          0|
    |layer4_out_V_8_reg_1587                                                                 |   8|   0|    8|          0|
    |layer4_out_V_9_reg_1592                                                                 |   8|   0|    8|          0|
    |layer5_out_V_0_reg_1637                                                                 |  16|   0|   16|          0|
    |layer5_out_V_10_reg_1682                                                                |  16|   0|   16|          0|
    |layer5_out_V_11_reg_1687                                                                |  16|   0|   16|          0|
    |layer5_out_V_12_reg_1692                                                                |  16|   0|   16|          0|
    |layer5_out_V_13_reg_1697                                                                |  16|   0|   16|          0|
    |layer5_out_V_15_reg_1702                                                                |  16|   0|   16|          0|
    |layer5_out_V_16_reg_1707                                                                |  16|   0|   16|          0|
    |layer5_out_V_17_reg_1712                                                                |  16|   0|   16|          0|
    |layer5_out_V_19_reg_1717                                                                |  16|   0|   16|          0|
    |layer5_out_V_1_reg_1642                                                                 |  16|   0|   16|          0|
    |layer5_out_V_20_reg_1722                                                                |  16|   0|   16|          0|
    |layer5_out_V_21_reg_1727                                                                |  16|   0|   16|          0|
    |layer5_out_V_22_reg_1732                                                                |  16|   0|   16|          0|
    |layer5_out_V_23_reg_1737                                                                |  16|   0|   16|          0|
    |layer5_out_V_25_reg_1742                                                                |  16|   0|   16|          0|
    |layer5_out_V_26_reg_1747                                                                |  16|   0|   16|          0|
    |layer5_out_V_27_reg_1752                                                                |  16|   0|   16|          0|
    |layer5_out_V_29_reg_1757                                                                |  16|   0|   16|          0|
    |layer5_out_V_2_reg_1647                                                                 |  16|   0|   16|          0|
    |layer5_out_V_31_reg_1762                                                                |  16|   0|   16|          0|
    |layer5_out_V_32_reg_1767                                                                |  16|   0|   16|          0|
    |layer5_out_V_33_reg_1772                                                                |  16|   0|   16|          0|
    |layer5_out_V_34_reg_1777                                                                |  16|   0|   16|          0|
    |layer5_out_V_36_reg_1782                                                                |  16|   0|   16|          0|
    |layer5_out_V_38_reg_1787                                                                |  16|   0|   16|          0|
    |layer5_out_V_39_reg_1792                                                                |  16|   0|   16|          0|
    |layer5_out_V_3_reg_1652                                                                 |  16|   0|   16|          0|
    |layer5_out_V_40_reg_1797                                                                |  16|   0|   16|          0|
    |layer5_out_V_42_reg_1802                                                                |  16|   0|   16|          0|
    |layer5_out_V_43_reg_1807                                                                |  16|   0|   16|          0|
    |layer5_out_V_44_reg_1812                                                                |  16|   0|   16|          0|
    |layer5_out_V_46_reg_1817                                                                |  16|   0|   16|          0|
    |layer5_out_V_47_reg_1822                                                                |  16|   0|   16|          0|
    |layer5_out_V_48_reg_1827                                                                |  16|   0|   16|          0|
    |layer5_out_V_49_reg_1832                                                                |  16|   0|   16|          0|
    |layer5_out_V_4_reg_1657                                                                 |  16|   0|   16|          0|
    |layer5_out_V_51_reg_1837                                                                |  16|   0|   16|          0|
    |layer5_out_V_52_reg_1842                                                                |  16|   0|   16|          0|
    |layer5_out_V_53_reg_1847                                                                |  16|   0|   16|          0|
    |layer5_out_V_54_reg_1852                                                                |  16|   0|   16|          0|
    |layer5_out_V_55_reg_1857                                                                |  16|   0|   16|          0|
    |layer5_out_V_56_reg_1862                                                                |  16|   0|   16|          0|
    |layer5_out_V_58_reg_1867                                                                |  16|   0|   16|          0|
    |layer5_out_V_59_reg_1872                                                                |  16|   0|   16|          0|
    |layer5_out_V_5_reg_1662                                                                 |  16|   0|   16|          0|
    |layer5_out_V_60_reg_1877                                                                |  16|   0|   16|          0|
    |layer5_out_V_61_reg_1882                                                                |  16|   0|   16|          0|
    |layer5_out_V_62_reg_1887                                                                |  16|   0|   16|          0|
    |layer5_out_V_63_reg_1892                                                                |  16|   0|   16|          0|
    |layer5_out_V_6_reg_1667                                                                 |  16|   0|   16|          0|
    |layer5_out_V_7_reg_1672                                                                 |  16|   0|   16|          0|
    |layer5_out_V_8_reg_1677                                                                 |  16|   0|   16|          0|
    |layer7_out_V_0_reg_1897                                                                 |   8|   0|    8|          0|
    |layer7_out_V_10_reg_1942                                                                |   8|   0|    8|          0|
    |layer7_out_V_11_reg_1947                                                                |   8|   0|    8|          0|
    |layer7_out_V_12_reg_1952                                                                |   8|   0|    8|          0|
    |layer7_out_V_13_reg_1957                                                                |   8|   0|    8|          0|
    |layer7_out_V_15_reg_1962                                                                |   8|   0|    8|          0|
    |layer7_out_V_16_reg_1967                                                                |   8|   0|    8|          0|
    |layer7_out_V_17_reg_1972                                                                |   8|   0|    8|          0|
    |layer7_out_V_19_reg_1977                                                                |   8|   0|    8|          0|
    |layer7_out_V_1_reg_1902                                                                 |   8|   0|    8|          0|
    |layer7_out_V_20_reg_1982                                                                |   8|   0|    8|          0|
    |layer7_out_V_21_reg_1987                                                                |   8|   0|    8|          0|
    |layer7_out_V_22_reg_1992                                                                |   8|   0|    8|          0|
    |layer7_out_V_23_reg_1997                                                                |   8|   0|    8|          0|
    |layer7_out_V_25_reg_2002                                                                |   8|   0|    8|          0|
    |layer7_out_V_26_reg_2007                                                                |   8|   0|    8|          0|
    |layer7_out_V_27_reg_2012                                                                |   8|   0|    8|          0|
    |layer7_out_V_29_reg_2017                                                                |   8|   0|    8|          0|
    |layer7_out_V_2_reg_1907                                                                 |   8|   0|    8|          0|
    |layer7_out_V_31_reg_2022                                                                |   8|   0|    8|          0|
    |layer7_out_V_32_reg_2027                                                                |   8|   0|    8|          0|
    |layer7_out_V_33_reg_2032                                                                |   8|   0|    8|          0|
    |layer7_out_V_34_reg_2037                                                                |   8|   0|    8|          0|
    |layer7_out_V_36_reg_2042                                                                |   8|   0|    8|          0|
    |layer7_out_V_38_reg_2047                                                                |   8|   0|    8|          0|
    |layer7_out_V_39_reg_2052                                                                |   8|   0|    8|          0|
    |layer7_out_V_3_reg_1912                                                                 |   8|   0|    8|          0|
    |layer7_out_V_40_reg_2057                                                                |   8|   0|    8|          0|
    |layer7_out_V_42_reg_2062                                                                |   8|   0|    8|          0|
    |layer7_out_V_43_reg_2067                                                                |   8|   0|    8|          0|
    |layer7_out_V_44_reg_2072                                                                |   8|   0|    8|          0|
    |layer7_out_V_46_reg_2077                                                                |   8|   0|    8|          0|
    |layer7_out_V_47_reg_2082                                                                |   8|   0|    8|          0|
    |layer7_out_V_48_reg_2087                                                                |   8|   0|    8|          0|
    |layer7_out_V_49_reg_2092                                                                |   8|   0|    8|          0|
    |layer7_out_V_4_reg_1917                                                                 |   8|   0|    8|          0|
    |layer7_out_V_51_reg_2097                                                                |   8|   0|    8|          0|
    |layer7_out_V_52_reg_2102                                                                |   8|   0|    8|          0|
    |layer7_out_V_53_reg_2107                                                                |   8|   0|    8|          0|
    |layer7_out_V_54_reg_2112                                                                |   8|   0|    8|          0|
    |layer7_out_V_55_reg_2117                                                                |   8|   0|    8|          0|
    |layer7_out_V_56_reg_2122                                                                |   8|   0|    8|          0|
    |layer7_out_V_58_reg_2127                                                                |   8|   0|    8|          0|
    |layer7_out_V_59_reg_2132                                                                |   8|   0|    8|          0|
    |layer7_out_V_5_reg_1922                                                                 |   8|   0|    8|          0|
    |layer7_out_V_60_reg_2137                                                                |   8|   0|    8|          0|
    |layer7_out_V_61_reg_2142                                                                |   8|   0|    8|          0|
    |layer7_out_V_62_reg_2147                                                                |   8|   0|    8|          0|
    |layer7_out_V_63_reg_2152                                                                |   8|   0|    8|          0|
    |layer7_out_V_6_reg_1927                                                                 |   8|   0|    8|          0|
    |layer7_out_V_7_reg_1932                                                                 |   8|   0|    8|          0|
    |layer7_out_V_8_reg_1937                                                                 |   8|   0|    8|          0|
    |layer8_out_V_0_reg_2157                                                                 |  16|   0|   16|          0|
    |layer8_out_V_10_reg_2207                                                                |  16|   0|   16|          0|
    |layer8_out_V_11_reg_2212                                                                |  16|   0|   16|          0|
    |layer8_out_V_12_reg_2217                                                                |  16|   0|   16|          0|
    |layer8_out_V_13_reg_2222                                                                |  16|   0|   16|          0|
    |layer8_out_V_14_reg_2227                                                                |  16|   0|   16|          0|
    |layer8_out_V_15_reg_2232                                                                |  16|   0|   16|          0|
    |layer8_out_V_16_reg_2237                                                                |  16|   0|   16|          0|
    |layer8_out_V_17_reg_2242                                                                |  16|   0|   16|          0|
    |layer8_out_V_18_reg_2247                                                                |  16|   0|   16|          0|
    |layer8_out_V_19_reg_2252                                                                |  16|   0|   16|          0|
    |layer8_out_V_1_reg_2162                                                                 |  16|   0|   16|          0|
    |layer8_out_V_20_reg_2257                                                                |  16|   0|   16|          0|
    |layer8_out_V_21_reg_2262                                                                |  16|   0|   16|          0|
    |layer8_out_V_22_reg_2267                                                                |  16|   0|   16|          0|
    |layer8_out_V_23_reg_2272                                                                |  16|   0|   16|          0|
    |layer8_out_V_25_reg_2277                                                                |  16|   0|   16|          0|
    |layer8_out_V_26_reg_2282                                                                |  16|   0|   16|          0|
    |layer8_out_V_27_reg_2287                                                                |  16|   0|   16|          0|
    |layer8_out_V_28_reg_2292                                                                |  16|   0|   16|          0|
    |layer8_out_V_29_reg_2297                                                                |  16|   0|   16|          0|
    |layer8_out_V_2_reg_2167                                                                 |  16|   0|   16|          0|
    |layer8_out_V_30_reg_2302                                                                |  16|   0|   16|          0|
    |layer8_out_V_32_reg_2307                                                                |  16|   0|   16|          0|
    |layer8_out_V_33_reg_2312                                                                |  16|   0|   16|          0|
    |layer8_out_V_34_reg_2317                                                                |  16|   0|   16|          0|
    |layer8_out_V_35_reg_2322                                                                |  16|   0|   16|          0|
    |layer8_out_V_36_reg_2327                                                                |  16|   0|   16|          0|
    |layer8_out_V_37_reg_2332                                                                |  16|   0|   16|          0|
    |layer8_out_V_38_reg_2337                                                                |  16|   0|   16|          0|
    |layer8_out_V_3_reg_2172                                                                 |  16|   0|   16|          0|
    |layer8_out_V_40_reg_2342                                                                |  16|   0|   16|          0|
    |layer8_out_V_41_reg_2347                                                                |  16|   0|   16|          0|
    |layer8_out_V_42_reg_2352                                                                |  16|   0|   16|          0|
    |layer8_out_V_44_reg_2357                                                                |  16|   0|   16|          0|
    |layer8_out_V_46_reg_2362                                                                |  16|   0|   16|          0|
    |layer8_out_V_48_reg_2367                                                                |  16|   0|   16|          0|
    |layer8_out_V_4_reg_2177                                                                 |  16|   0|   16|          0|
    |layer8_out_V_50_reg_2372                                                                |  16|   0|   16|          0|
    |layer8_out_V_51_reg_2377                                                                |  16|   0|   16|          0|
    |layer8_out_V_52_reg_2382                                                                |  16|   0|   16|          0|
    |layer8_out_V_53_reg_2387                                                                |  16|   0|   16|          0|
    |layer8_out_V_54_reg_2392                                                                |  16|   0|   16|          0|
    |layer8_out_V_55_reg_2397                                                                |  16|   0|   16|          0|
    |layer8_out_V_56_reg_2402                                                                |  16|   0|   16|          0|
    |layer8_out_V_57_reg_2407                                                                |  16|   0|   16|          0|
    |layer8_out_V_58_reg_2412                                                                |  16|   0|   16|          0|
    |layer8_out_V_59_reg_2417                                                                |  16|   0|   16|          0|
    |layer8_out_V_5_reg_2182                                                                 |  16|   0|   16|          0|
    |layer8_out_V_61_reg_2422                                                                |  16|   0|   16|          0|
    |layer8_out_V_63_reg_2427                                                                |  16|   0|   16|          0|
    |layer8_out_V_6_reg_2187                                                                 |  16|   0|   16|          0|
    |layer8_out_V_7_reg_2192                                                                 |  16|   0|   16|          0|
    |layer8_out_V_8_reg_2197                                                                 |  16|   0|   16|          0|
    |layer8_out_V_9_reg_2202                                                                 |  16|   0|   16|          0|
    +----------------------------------------------------------------------------------------+----+----+-----+-----------+
    |Total                                                                                   |3327|   0| 3327|          0|
    +----------------------------------------------------------------------------------------+----+----+-----+-----------+



================================================================
== Interface
================================================================
* Summary: 
+----------------------+-----+------+------------+---------------+--------------+
|       RTL Ports      | Dir | Bits |  Protocol  | Source Object |    C Type    |
+----------------------+-----+------+------------+---------------+--------------+
|ap_clk                |   in|     1|  ap_ctrl_hs|      myproject|  return value|
|ap_rst                |   in|     1|  ap_ctrl_hs|      myproject|  return value|
|ap_start              |   in|     1|  ap_ctrl_hs|      myproject|  return value|
|ap_done               |  out|     1|  ap_ctrl_hs|      myproject|  return value|
|ap_idle               |  out|     1|  ap_ctrl_hs|      myproject|  return value|
|ap_ready              |  out|     1|  ap_ctrl_hs|      myproject|  return value|
|fc1_input             |   in|  4488|     ap_none|      fc1_input|       pointer|
|layer13_out_0         |  out|    16|      ap_vld|  layer13_out_0|       pointer|
|layer13_out_0_ap_vld  |  out|     1|      ap_vld|  layer13_out_0|       pointer|
|layer13_out_1         |  out|    16|      ap_vld|  layer13_out_1|       pointer|
|layer13_out_1_ap_vld  |  out|     1|      ap_vld|  layer13_out_1|       pointer|
|layer13_out_2         |  out|    16|      ap_vld|  layer13_out_2|       pointer|
|layer13_out_2_ap_vld  |  out|     1|      ap_vld|  layer13_out_2|       pointer|
|layer13_out_3         |  out|    16|      ap_vld|  layer13_out_3|       pointer|
|layer13_out_3_ap_vld  |  out|     1|      ap_vld|  layer13_out_3|       pointer|
|layer13_out_4         |  out|    16|      ap_vld|  layer13_out_4|       pointer|
|layer13_out_4_ap_vld  |  out|     1|      ap_vld|  layer13_out_4|       pointer|
|layer13_out_5         |  out|    16|      ap_vld|  layer13_out_5|       pointer|
|layer13_out_5_ap_vld  |  out|     1|      ap_vld|  layer13_out_5|       pointer|
+----------------------+-----+------+------------+---------------+--------------+

