

================================================================
== Vitis HLS Report for 'dense_latency_ap_fixed_8_2_5_3_0_ap_fixed_16_4_5_3_0_config2_s'
================================================================
* Date:           Wed Jul 19 12:53:38 2023

* Version:        2021.1 (Build 3247384 on Thu Jun 10 19:36:07 MDT 2021)
* Project:        myproject_prj
* Solution:       solution1 (Vivado IP Flow Target)
* Product family: zynq
* Target device:  xc7z007s-clg225-2


================================================================
== Performance Estimates
================================================================
+ Timing: 
    * Summary: 
    +--------+---------+----------+------------+
    |  Clock |  Target | Estimated| Uncertainty|
    +--------+---------+----------+------------+
    |ap_clk  |  5.00 ns|  5.282 ns|     0.62 ns|
    +--------+---------+----------+------------+

+ Latency: 
    * Summary: 
    +---------+---------+----------+----------+-----+-----+---------+
    |  Latency (cycles) |  Latency (absolute) |  Interval | Pipeline|
    |   min   |   max   |    min   |    max   | min | max |   Type  |
    +---------+---------+----------+----------+-----+-----+---------+
    |       26|       26|  0.137 us|  0.137 us|   27|   27|      yes|
    +---------+---------+----------+----------+-----+-----+---------+

    + Detail: 
        * Instance: 
        N/A

        * Loop: 
        N/A



================================================================
== Utilization Estimates
================================================================
* Summary: 
+-----------------+---------+----+-------+-------+-----+
|       Name      | BRAM_18K| DSP|   FF  |  LUT  | URAM|
+-----------------+---------+----+-------+-------+-----+
|DSP              |        -|   -|      -|      -|    -|
|Expression       |        -|   -|      0|   1131|    -|
|FIFO             |        -|   -|      -|      -|    -|
|Instance         |        -|   0|      0|     62|    -|
|Memory           |        -|   -|      -|      -|    -|
|Multiplexer      |        -|   -|      -|    386|    -|
|Register         |        -|   -|    992|      -|    -|
+-----------------+---------+----+-------+-------+-----+
|Total            |        0|   0|    992|   1579|    0|
+-----------------+---------+----+-------+-------+-----+
|Available        |      100|  66|  28800|  14400|    0|
+-----------------+---------+----+-------+-------+-----+
|Utilization (%)  |        0|   0|      3|     10|    0|
+-----------------+---------+----+-------+-------+-----+

+ Detail: 
    * Instance: 
    +---------------------+------------------+---------+----+---+----+-----+
    |       Instance      |      Module      | BRAM_18K| DSP| FF| LUT| URAM|
    +---------------------+------------------+---------+----+---+----+-----+
    |mul_8s_9s_16_1_1_U1  |mul_8s_9s_16_1_1  |        0|   0|  0|  62|    0|
    +---------------------+------------------+---------+----+---+----+-----+
    |Total                |                  |        0|   0|  0|  62|    0|
    +---------------------+------------------+---------+----+---+----+-----+

    * DSP: 
    N/A

    * Memory: 
    N/A

    * FIFO: 
    N/A

    * Expression: 
    +--------------------------+----------+----+---+----+------------+------------+
    |       Variable Name      | Operation| DSP| FF| LUT| Bitwidth P0| Bitwidth P1|
    +--------------------------+----------+----+---+----+------------+------------+
    |add_ln1171_1_fu_1326_p2   |         +|   0|  0|  14|          14|          14|
    |add_ln1171_fu_923_p2      |         +|   0|  0|  12|          12|          12|
    |add_ln712_10_fu_1571_p2   |         +|   0|  0|  16|          16|          16|
    |add_ln712_11_fu_1761_p2   |         +|   0|  0|  15|          16|          16|
    |add_ln712_12_fu_817_p2    |         +|   0|  0|  15|          15|          15|
    |add_ln712_13_fu_823_p2    |         +|   0|  0|  15|          15|          15|
    |add_ln712_14_fu_1638_p2   |         +|   0|  0|  15|          15|          12|
    |add_ln712_15_fu_1719_p2   |         +|   0|  0|  15|          16|          16|
    |add_ln712_16_fu_1725_p2   |         +|   0|  0|  15|          16|          16|
    |add_ln712_17_fu_1766_p2   |         +|   0|  0|  15|          16|          16|
    |add_ln712_18_fu_1062_p2   |         +|   0|  0|  16|          16|          16|
    |add_ln712_19_fu_1519_p2   |         +|   0|  0|  14|          14|          14|
    |add_ln712_20_fu_1579_p2   |         +|   0|  0|  15|          15|          15|
    |add_ln712_21_fu_1647_p2   |         +|   0|  0|  15|          16|          16|
    |add_ln712_22_fu_778_p2    |         +|   0|  0|  15|          15|          15|
    |add_ln712_23_fu_1619_p2   |         +|   0|  0|  15|          16|          16|
    |add_ln712_24_fu_510_p2    |         +|   0|  0|  11|          11|          11|
    |add_ln712_25_fu_520_p2    |         +|   0|  0|  16|          16|          16|
    |add_ln712_26_fu_1625_p2   |         +|   0|  0|  15|          16|          16|
    |add_ln712_27_fu_1652_p2   |         +|   0|  0|  15|          16|          16|
    |add_ln712_28_fu_1117_p2   |         +|   0|  0|  14|          14|          14|
    |add_ln712_29_fu_1600_p2   |         +|   0|  0|  15|          15|          15|
    |add_ln712_30_fu_1606_p2   |         +|   0|  0|  15|          15|          15|
    |add_ln712_31_fu_1737_p2   |         +|   0|  0|  15|          16|          16|
    |add_ln712_32_fu_489_p2    |         +|   0|  0|  15|          15|          15|
    |add_ln712_33_fu_1660_p2   |         +|   0|  0|  15|          16|          16|
    |add_ln712_34_fu_869_p2    |         +|   0|  0|  14|          14|          10|
    |add_ln712_35_fu_879_p2    |         +|   0|  0|  15|          15|          15|
    |add_ln712_36_fu_1669_p2   |         +|   0|  0|  15|          16|          16|
    |add_ln712_37_fu_1743_p2   |         +|   0|  0|  15|          16|          16|
    |add_ln712_38_fu_1214_p2   |         +|   0|  0|  15|          15|          15|
    |add_ln712_39_fu_1220_p2   |         +|   0|  0|  13|          13|          13|
    |add_ln712_40_fu_1297_p2   |         +|   0|  0|  16|          16|          16|
    |add_ln712_41_fu_1378_p2   |         +|   0|  0|  15|          16|          16|
    |add_ln712_42_fu_829_p2    |         +|   0|  0|  15|          15|          15|
    |add_ln712_43_fu_835_p2    |         +|   0|  0|  15|          15|          15|
    |add_ln712_44_fu_1226_p2   |         +|   0|  0|  10|          10|          10|
    |add_ln712_45_fu_1236_p2   |         +|   0|  0|  12|          12|          12|
    |add_ln712_46_fu_1309_p2   |         +|   0|  0|  16|          16|          16|
    |add_ln712_47_fu_1383_p2   |         +|   0|  0|  15|          16|          16|
    |add_ln712_48_fu_1068_p2   |         +|   0|  0|  13|          13|          13|
    |add_ln712_49_fu_1388_p2   |         +|   0|  0|  13|          13|          13|
    |add_ln712_50_fu_1531_p2   |         +|   0|  0|  14|          14|          14|
    |add_ln712_51_fu_1541_p2   |         +|   0|  0|  15|          15|          15|
    |add_ln712_52_fu_841_p2    |         +|   0|  0|  15|          13|          13|
    |add_ln712_53_fu_847_p2    |         +|   0|  0|  15|          13|          13|
    |add_ln712_54_fu_1748_p2   |         +|   0|  0|  13|          13|           7|
    |add_ln712_55_fu_1777_p2   |         +|   0|  0|  15|          15|          15|
    |add_ln712_56_fu_1783_p2   |         +|   0|  0|  15|          15|          15|
    |add_ln712_57_fu_1795_p2   |         +|   0|  0|  16|          16|          16|
    |add_ln712_9_fu_1561_p2    |         +|   0|  0|  14|          14|          14|
    |add_ln712_fu_1056_p2      |         +|   0|  0|  15|          15|          15|
    |sub_ln1171_10_fu_1352_p2  |         -|   0|  0|  11|           1|          11|
    |sub_ln1171_11_fu_1499_p2  |         -|   0|  0|  14|           1|          14|
    |sub_ln1171_12_fu_1261_p2  |         -|   0|  0|  15|           1|          13|
    |sub_ln1171_13_fu_1278_p2  |         -|   0|  0|  15|          13|          13|
    |sub_ln1171_14_fu_1092_p2  |         -|   0|  0|  15|           1|          13|
    |sub_ln1171_15_fu_1101_p2  |         -|   0|  0|  15|          13|          13|
    |sub_ln1171_16_fu_578_p2   |         -|   0|  0|  12|          12|          12|
    |sub_ln1171_17_fu_622_p2   |         -|   0|  0|  13|          13|          13|
    |sub_ln1171_18_fu_653_p2   |         -|   0|  0|  15|           1|          14|
    |sub_ln1171_19_fu_659_p2   |         -|   0|  0|  15|          14|          14|
    |sub_ln1171_20_fu_686_p2   |         -|   0|  0|  15|           1|          12|
    |sub_ln1171_21_fu_692_p2   |         -|   0|  0|  15|          12|          12|
    |sub_ln1171_22_fu_722_p2   |         -|   0|  0|  14|           1|          14|
    |sub_ln1171_23_fu_728_p2   |         -|   0|  0|  14|          14|          14|
    |sub_ln1171_24_fu_758_p2   |         -|   0|  0|  14|          14|          14|
    |sub_ln1171_25_fu_1194_p2  |         -|   0|  0|  12|          12|          12|
    |sub_ln1171_26_fu_1036_p2  |         -|   0|  0|  12|          12|          12|
    |sub_ln1171_27_fu_540_p2   |         -|   0|  0|  11|          11|          11|
    |sub_ln1171_28_fu_1693_p2  |         -|   0|  0|  13|          13|          13|
    |sub_ln1171_3_fu_964_p2    |         -|   0|  0|  15|          13|          13|
    |sub_ln1171_4_fu_991_p2    |         -|   0|  0|  13|          13|          13|
    |sub_ln1171_5_fu_1415_p2   |         -|   0|  0|  14|          14|          14|
    |sub_ln1171_6_fu_1442_p2   |         -|   0|  0|  14|          14|          14|
    |sub_ln1171_7_fu_1462_p2   |         -|   0|  0|  15|           1|          14|
    |sub_ln1171_8_fu_1468_p2   |         -|   0|  0|  15|          14|          14|
    |sub_ln1171_9_fu_1146_p2   |         -|   0|  0|  13|           1|          13|
    |sub_ln1171_fu_958_p2      |         -|   0|  0|  15|           1|          13|
    +--------------------------+----------+----+---+----+------------+------------+
    |Total                     |          |   0|  0|1131|         998|        1106|
    +--------------------------+----------+----+---+----+------------+------------+

    * Multiplexer: 
    +---------------+-----+-----------+-----+-----------+
    |      Name     | LUT | Input Size| Bits| Total Bits|
    +---------------+-----+-----------+-----+-----------+
    |ap_NS_fsm      |  139|         28|    1|         28|
    |grp_fu_176_p0  |  129|         26|    8|        208|
    |grp_fu_176_p1  |  118|         24|    9|        216|
    +---------------+-----+-----------+-----+-----------+
    |Total          |  386|         78|   18|        452|
    +---------------+-----+-----------+-----+-----------+

    * Register: 
    +-------------------------+----+----+-----+-----------+
    |           Name          | FF | LUT| Bits| Const Bits|
    +-------------------------+----+----+-----+-----------+
    |add_ln712_10_reg_2149    |  16|   0|   16|          0|
    |add_ln712_13_reg_2008    |  15|   0|   15|          0|
    |add_ln712_14_reg_2174    |  15|   0|   15|          0|
    |add_ln712_16_reg_2189    |  16|   0|   16|          0|
    |add_ln712_17_reg_2204    |  16|   0|   16|          0|
    |add_ln712_18_reg_2048    |  16|   0|   16|          0|
    |add_ln712_19_reg_2139    |  12|   0|   14|          2|
    |add_ln712_20_reg_2154    |  15|   0|   15|          0|
    |add_ln712_22_reg_2003    |  15|   0|   15|          0|
    |add_ln712_25_reg_1958    |  16|   0|   16|          0|
    |add_ln712_26_reg_2169    |  16|   0|   16|          0|
    |add_ln712_27_reg_2179    |  16|   0|   16|          0|
    |add_ln712_28_reg_2063    |  14|   0|   14|          0|
    |add_ln712_30_reg_2164    |  15|   0|   15|          0|
    |add_ln712_32_reg_1948    |  15|   0|   15|          0|
    |add_ln712_35_reg_2023    |  15|   0|   15|          0|
    |add_ln712_36_reg_2184    |  16|   0|   16|          0|
    |add_ln712_37_reg_2194    |  16|   0|   16|          0|
    |add_ln712_38_reg_2068    |  15|   0|   15|          0|
    |add_ln712_39_reg_2073    |  12|   0|   13|          1|
    |add_ln712_40_reg_2099    |  16|   0|   16|          0|
    |add_ln712_43_reg_2013    |  15|   0|   15|          0|
    |add_ln712_45_reg_2078    |  12|   0|   12|          0|
    |add_ln712_46_reg_2104    |  16|   0|   16|          0|
    |add_ln712_47_reg_2119    |  16|   0|   16|          0|
    |add_ln712_48_reg_2053    |  13|   0|   13|          0|
    |add_ln712_49_reg_2124    |  13|   0|   13|          0|
    |add_ln712_51_reg_2144    |  15|   0|   15|          0|
    |add_ln712_53_reg_2018    |  13|   0|   13|          0|
    |add_ln712_54_reg_2199    |  13|   0|   13|          0|
    |add_ln712_56_reg_2209    |  15|   0|   15|          0|
    |add_ln712_reg_2043       |  15|   0|   15|          0|
    |ap_CS_fsm                |  27|   0|   27|          0|
    |r_V_87_reg_1953          |  16|   0|   16|          0|
    |reg_335                  |  14|   0|   14|          0|
    |reg_339                  |  14|   0|   14|          0|
    |reg_343                  |  15|   0|   15|          0|
    |reg_347                  |  13|   0|   13|          0|
    |reg_351                  |  13|   0|   13|          0|
    |sext_ln1171_12_reg_2028  |  15|   0|   15|          0|
    |sext_ln1171_14_reg_2083  |  14|   0|   14|          0|
    |sext_ln1171_28_reg_2159  |  15|   0|   15|          0|
    |sext_ln1171_36_reg_1892  |  15|   0|   15|          0|
    |sext_ln1171_41_reg_1928  |  15|   0|   15|          0|
    |sext_ln1171_46_reg_1998  |  15|   0|   15|          0|
    |sext_ln717_2_reg_2089    |  16|   0|   16|          0|
    |shl_ln1171_4_reg_2114    |   8|   0|   10|          2|
    |tmp_s_reg_1963           |   8|   0|   10|          2|
    |trunc_ln38_1_reg_1837    |   8|   0|    8|          0|
    |trunc_ln38_2_reg_1846    |   8|   0|    8|          0|
    |trunc_ln38_3_reg_1853    |   8|   0|    8|          0|
    |trunc_ln38_4_reg_1862    |   8|   0|    8|          0|
    |trunc_ln38_5_reg_1872    |   8|   0|    8|          0|
    |trunc_ln38_6_reg_1882    |   8|   0|    8|          0|
    |trunc_ln38_7_reg_1897    |   8|   0|    8|          0|
    |trunc_ln38_8_reg_1906    |   8|   0|    8|          0|
    |trunc_ln38_9_reg_1913    |   8|   0|    8|          0|
    |trunc_ln38_reg_1827      |   8|   0|    8|          0|
    |trunc_ln717_10_reg_2109  |  13|   0|   13|          0|
    |trunc_ln717_13_reg_2129  |  12|   0|   13|          1|
    |trunc_ln717_15_reg_2134  |  13|   0|   13|          0|
    |trunc_ln717_21_reg_2094  |  12|   0|   12|          0|
    |trunc_ln717_22_reg_1968  |  10|   0|   10|          0|
    |trunc_ln717_25_reg_2058  |  11|   0|   12|          1|
    |trunc_ln717_26_reg_1973  |  11|   0|   11|          0|
    |trunc_ln717_30_reg_1978  |  13|   0|   13|          0|
    |trunc_ln717_31_reg_1983  |  11|   0|   11|          0|
    |trunc_ln717_32_reg_1988  |  13|   0|   13|          0|
    |trunc_ln717_33_reg_1933  |  14|   0|   14|          0|
    |trunc_ln717_34_reg_1938  |  14|   0|   14|          0|
    |trunc_ln717_35_reg_1993  |  12|   0|   13|          1|
    |trunc_ln717_36_reg_1943  |  12|   0|   12|          0|
    |trunc_ln717_43_reg_1923  |   7|   0|    7|          0|
    |trunc_ln717_4_reg_2038   |  12|   0|   12|          0|
    |trunc_ln717_8_reg_2033   |  15|   0|   15|          0|
    +-------------------------+----+----+-----+-----------+
    |Total                    | 992|   0| 1002|         10|
    +-------------------------+----+----+-----+-----------+



================================================================
== Interface
================================================================
* Summary: 
+-------------+-----+-----+------------+---------------------------------------------------------------------------+--------------+
|  RTL Ports  | Dir | Bits|  Protocol  |                               Source Object                               |    C Type    |
+-------------+-----+-----+------------+---------------------------------------------------------------------------+--------------+
|ap_clk       |   in|    1|  ap_ctrl_hs|  dense_latency<ap_fixed<8, 2, 5, 3, 0>, ap_fixed<16, 4, 5, 3, 0>, config2>|  return value|
|ap_rst       |   in|    1|  ap_ctrl_hs|  dense_latency<ap_fixed<8, 2, 5, 3, 0>, ap_fixed<16, 4, 5, 3, 0>, config2>|  return value|
|ap_start     |   in|    1|  ap_ctrl_hs|  dense_latency<ap_fixed<8, 2, 5, 3, 0>, ap_fixed<16, 4, 5, 3, 0>, config2>|  return value|
|ap_done      |  out|    1|  ap_ctrl_hs|  dense_latency<ap_fixed<8, 2, 5, 3, 0>, ap_fixed<16, 4, 5, 3, 0>, config2>|  return value|
|ap_idle      |  out|    1|  ap_ctrl_hs|  dense_latency<ap_fixed<8, 2, 5, 3, 0>, ap_fixed<16, 4, 5, 3, 0>, config2>|  return value|
|ap_ready     |  out|    1|  ap_ctrl_hs|  dense_latency<ap_fixed<8, 2, 5, 3, 0>, ap_fixed<16, 4, 5, 3, 0>, config2>|  return value|
|ap_return_0  |  out|   16|  ap_ctrl_hs|  dense_latency<ap_fixed<8, 2, 5, 3, 0>, ap_fixed<16, 4, 5, 3, 0>, config2>|  return value|
|ap_return_1  |  out|   16|  ap_ctrl_hs|  dense_latency<ap_fixed<8, 2, 5, 3, 0>, ap_fixed<16, 4, 5, 3, 0>, config2>|  return value|
|ap_return_2  |  out|   16|  ap_ctrl_hs|  dense_latency<ap_fixed<8, 2, 5, 3, 0>, ap_fixed<16, 4, 5, 3, 0>, config2>|  return value|
|ap_return_3  |  out|   16|  ap_ctrl_hs|  dense_latency<ap_fixed<8, 2, 5, 3, 0>, ap_fixed<16, 4, 5, 3, 0>, config2>|  return value|
|ap_return_4  |  out|   16|  ap_ctrl_hs|  dense_latency<ap_fixed<8, 2, 5, 3, 0>, ap_fixed<16, 4, 5, 3, 0>, config2>|  return value|
|p_read       |   in|   80|     ap_none|                                                                     p_read|        scalar|
+-------------+-----+-----+------------+---------------------------------------------------------------------------+--------------+

