

================================================================
== Vitis HLS Report for 'dense_latency_ap_ufixed_8_1_4_0_0_ap_fixed_16_4_5_3_0_config5_s'
================================================================
* Date:           Sat Jul 22 16:22:58 2023

* Version:        2021.1 (Build 3247384 on Thu Jun 10 19:36:07 MDT 2021)
* Project:        myproject_prj
* Solution:       solution1 (Vivado IP Flow Target)
* Product family: zynq
* Target device:  xc7z007s-clg225-2


================================================================
== Performance Estimates
================================================================
+ Timing: 
    * Summary: 
    +--------+---------+----------+------------+
    |  Clock |  Target | Estimated| Uncertainty|
    +--------+---------+----------+------------+
    |ap_clk  |  3.33 ns|  5.282 ns|     0.42 ns|
    +--------+---------+----------+------------+

+ Latency: 
    * Summary: 
    +---------+---------+----------+----------+-----+-----+---------+
    |  Latency (cycles) |  Latency (absolute) |  Interval | Pipeline|
    |   min   |   max   |    min   |    max   | min | max |   Type  |
    +---------+---------+----------+----------+-----+-----+---------+
    |       21|       21|  0.111 us|  0.111 us|   22|   22|      yes|
    +---------+---------+----------+----------+-----+-----+---------+

    + Detail: 
        * Instance: 
        N/A

        * Loop: 
        N/A



================================================================
== Utilization Estimates
================================================================
* Summary: 
+-----------------+---------+----+-------+-------+-----+
|       Name      | BRAM_18K| DSP|   FF  |  LUT  | URAM|
+-----------------+---------+----+-------+-------+-----+
|DSP              |        -|   -|      -|      -|    -|
|Expression       |        -|   -|      0|   1711|    -|
|FIFO             |        -|   -|      -|      -|    -|
|Instance         |        -|   0|      0|    124|    -|
|Memory           |        -|   -|      -|      -|    -|
|Multiplexer      |        -|   -|      -|    505|    -|
|Register         |        -|   -|   1618|      -|    -|
+-----------------+---------+----+-------+-------+-----+
|Total            |        0|   0|   1618|   2340|    0|
+-----------------+---------+----+-------+-------+-----+
|Available        |      100|  66|  28800|  14400|    0|
+-----------------+---------+----+-------+-------+-----+
|Utilization (%)  |        0|   0|      5|     16|    0|
+-----------------+---------+----+-------+-------+-----+

+ Detail: 
    * Instance: 
    +-----------------------+-------------------+---------+----+---+----+-----+
    |        Instance       |       Module      | BRAM_18K| DSP| FF| LUT| URAM|
    +-----------------------+-------------------+---------+----+---+----+-----+
    |mul_8ns_8s_16_1_1_U26  |mul_8ns_8s_16_1_1  |        0|   0|  0|  62|    0|
    |mul_8ns_9s_16_1_1_U27  |mul_8ns_9s_16_1_1  |        0|   0|  0|  62|    0|
    +-----------------------+-------------------+---------+----+---+----+-----+
    |Total                  |                   |        0|   0|  0| 124|    0|
    +-----------------------+-------------------+---------+----+---+----+-----+

    * DSP: 
    N/A

    * Memory: 
    N/A

    * FIFO: 
    N/A

    * Expression: 
    +--------------------------+----------+----+---+----+------------+------------+
    |       Variable Name      | Operation| DSP| FF| LUT| Bitwidth P0| Bitwidth P1|
    +--------------------------+----------+----+---+----+------------+------------+
    |add_ln1171_fu_1027_p2     |         +|   0|  0|  14|          14|          14|
    |add_ln712_fu_2456_p2      |         +|   0|  0|  12|          12|          12|
    |add_ln717_1_fu_1813_p2    |         +|   0|  0|  11|          11|          11|
    |add_ln717_fu_1646_p2      |         +|   0|  0|  13|          13|          13|
    |add_ln740_10_fu_2215_p2   |         +|   0|  0|  14|          14|          14|
    |add_ln740_11_fu_2436_p2   |         +|   0|  0|  14|          14|          14|
    |add_ln740_12_fu_2488_p2   |         +|   0|  0|  14|          14|          14|
    |add_ln740_13_fu_2525_p2   |         +|   0|  0|  14|          14|          14|
    |add_ln740_14_fu_2660_p2   |         +|   0|  0|  14|          14|          14|
    |add_ln740_15_fu_2118_p2   |         +|   0|  0|  13|          13|          13|
    |add_ln740_16_fu_2541_p2   |         +|   0|  0|  14|          14|          14|
    |add_ln740_17_fu_1938_p2   |         +|   0|  0|  12|          12|          12|
    |add_ln740_18_fu_1944_p2   |         +|   0|  0|  11|          11|          11|
    |add_ln740_19_fu_2130_p2   |         +|   0|  0|  13|          13|          13|
    |add_ln740_1_fu_2470_p2    |         +|   0|  0|  14|          14|          14|
    |add_ln740_20_fu_987_p2    |         +|   0|  0|  14|          14|          14|
    |add_ln740_21_fu_2462_p2   |         +|   0|  0|  14|          14|          14|
    |add_ln740_22_fu_850_p2    |         +|   0|  0|  14|          13|          13|
    |add_ln740_23_fu_822_p2    |         +|   0|  0|  11|          11|           9|
    |add_ln740_24_fu_859_p2    |         +|   0|  0|  14|          13|          13|
    |add_ln740_25_fu_1949_p2   |         +|   0|  0|  14|          14|          14|
    |add_ln740_26_fu_2411_p2   |         +|   0|  0|  14|          14|          14|
    |add_ln740_27_fu_1089_p2   |         +|   0|  0|  14|          14|          14|
    |add_ln740_28_fu_993_p2    |         +|   0|  0|  11|          11|           8|
    |add_ln740_29_fu_1098_p2   |         +|   0|  0|  14|          14|          14|
    |add_ln740_2_fu_2416_p2    |         +|   0|  0|  14|          14|          14|
    |add_ln740_30_fu_1104_p2   |         +|   0|  0|  14|          14|          14|
    |add_ln740_31_fu_2136_p2   |         +|   0|  0|  14|          14|          14|
    |add_ln740_32_fu_1599_p2   |         +|   0|  0|  14|          14|          14|
    |add_ln740_33_fu_1227_p2   |         +|   0|  0|  12|          12|           8|
    |add_ln740_34_fu_1608_p2   |         +|   0|  0|  14|          14|          14|
    |add_ln740_35_fu_1955_p2   |         +|   0|  0|  14|          14|          14|
    |add_ln740_36_fu_2267_p2   |         +|   0|  0|  14|          14|          14|
    |add_ln740_37_fu_2146_p2   |         +|   0|  0|  14|          12|          12|
    |add_ln740_38_fu_1961_p2   |         +|   0|  0|  11|          11|          10|
    |add_ln740_39_fu_2155_p2   |         +|   0|  0|  14|          12|          12|
    |add_ln740_3_fu_2141_p2    |         +|   0|  0|  14|          14|          14|
    |add_ln740_40_fu_2281_p2   |         +|   0|  0|  14|          14|          14|
    |add_ln740_41_fu_2505_p2   |         +|   0|  0|  14|          14|          14|
    |add_ln740_42_fu_2161_p2   |         +|   0|  0|  11|          11|          11|
    |add_ln740_43_fu_1967_p2   |         +|   0|  0|  11|          11|          11|
    |add_ln740_44_fu_2174_p2   |         +|   0|  0|  13|          13|          13|
    |add_ln740_45_fu_1973_p2   |         +|   0|  0|  13|          13|          13|
    |add_ln740_46_fu_2183_p2   |         +|   0|  0|  14|          14|          14|
    |add_ln740_47_fu_1614_p2   |         +|   0|  0|  13|          13|          13|
    |add_ln740_48_fu_1620_p2   |         +|   0|  0|  13|          13|          11|
    |add_ln740_49_fu_1985_p2   |         +|   0|  0|  14|          14|          14|
    |add_ln740_4_fu_2275_p2    |         +|   0|  0|  14|          14|          14|
    |add_ln740_50_fu_1233_p2   |         +|   0|  0|  14|          14|          14|
    |add_ln740_51_fu_2344_p2   |         +|   0|  0|  14|          14|          14|
    |add_ln740_52_fu_2287_p2   |         +|   0|  0|  14|          14|          14|
    |add_ln740_53_fu_2194_p2   |         +|   0|  0|  11|          11|          11|
    |add_ln740_54_fu_2295_p2   |         +|   0|  0|  14|          14|          14|
    |add_ln740_55_fu_2421_p2   |         +|   0|  0|  14|          14|          14|
    |add_ln740_56_fu_828_p2    |         +|   0|  0|  13|          13|          13|
    |add_ln740_57_fu_834_p2    |         +|   0|  0|  12|          12|          10|
    |add_ln740_58_fu_871_p2    |         +|   0|  0|  14|          14|          14|
    |add_ln740_59_fu_1991_p2   |         +|   0|  0|  14|          14|          14|
    |add_ln740_5_fu_2513_p2    |         +|   0|  0|  14|          14|          14|
    |add_ln740_60_fu_2200_p2   |         +|   0|  0|  14|          14|          14|
    |add_ln740_61_fu_1239_p2   |         +|   0|  0|  14|          14|          14|
    |add_ln740_62_fu_1110_p2   |         +|   0|  0|  11|          11|           8|
    |add_ln740_63_fu_1248_p2   |         +|   0|  0|  14|          14|          14|
    |add_ln740_64_fu_1997_p2   |         +|   0|  0|  14|          14|          14|
    |add_ln740_65_fu_2210_p2   |         +|   0|  0|  14|          14|          14|
    |add_ln740_66_fu_2003_p2   |         +|   0|  0|  14|          14|          12|
    |add_ln740_67_fu_2009_p2   |         +|   0|  0|  14|          14|          14|
    |add_ln740_68_fu_1626_p2   |         +|   0|  0|  14|          14|          14|
    |add_ln740_69_fu_2431_p2   |         +|   0|  0|  14|          14|          14|
    |add_ln740_6_fu_2189_p2    |         +|   0|  0|  14|          14|          14|
    |add_ln740_70_fu_2354_p2   |         +|   0|  0|  14|          14|          14|
    |add_ln740_71_fu_2371_p2   |         +|   0|  0|  14|          14|          14|
    |add_ln740_72_fu_2015_p2   |         +|   0|  0|  13|          13|          13|
    |add_ln740_73_fu_2479_p2   |         +|   0|  0|  14|          14|          14|
    |add_ln740_74_fu_2220_p2   |         +|   0|  0|  14|          13|          13|
    |add_ln740_75_fu_2021_p2   |         +|   0|  0|  10|          10|          10|
    |add_ln740_76_fu_2229_p2   |         +|   0|  0|  14|          13|          13|
    |add_ln740_77_fu_2519_p2   |         +|   0|  0|  14|          14|          14|
    |add_ln740_78_fu_2027_p2   |         +|   0|  0|  14|          14|          14|
    |add_ln740_79_fu_2033_p2   |         +|   0|  0|  14|          14|          14|
    |add_ln740_7_fu_2349_p2    |         +|   0|  0|  14|          14|          14|
    |add_ln740_80_fu_2655_p2   |         +|   0|  0|  14|          14|          14|
    |add_ln740_81_fu_2039_p2   |         +|   0|  0|  14|          14|          14|
    |add_ln740_82_fu_2045_p2   |         +|   0|  0|  14|          14|          14|
    |add_ln740_8_fu_2426_p2    |         +|   0|  0|  14|          14|          14|
    |add_ln740_9_fu_2205_p2    |         +|   0|  0|  14|          14|          14|
    |add_ln740_fu_2550_p2      |         +|   0|  0|  14|          14|          14|
    |sub_ln1171_10_fu_1360_p2  |         -|   0|  0|  16|          16|          16|
    |sub_ln1171_11_fu_1376_p2  |         -|   0|  0|  14|           1|          14|
    |sub_ln1171_12_fu_892_p2   |         -|   0|  0|  14|           1|          14|
    |sub_ln1171_13_fu_901_p2   |         -|   0|  0|  15|          15|          15|
    |sub_ln1171_14_fu_1403_p2  |         -|   0|  0|  16|           1|          16|
    |sub_ln1171_15_fu_1441_p2  |         -|   0|  0|  15|          15|          15|
    |sub_ln1171_16_fu_1017_p2  |         -|   0|  0|  14|           1|          14|
    |sub_ln1171_17_fu_1129_p2  |         -|   0|  0|  15|          15|          15|
    |sub_ln1171_18_fu_1185_p2  |         -|   0|  0|  15|           1|          15|
    |sub_ln1171_19_fu_1484_p2  |         -|   0|  0|  16|          16|          16|
    |sub_ln1171_1_fu_1265_p2   |         -|   0|  0|  15|           1|          15|
    |sub_ln1171_20_fu_1054_p2  |         -|   0|  0|  16|           1|          16|
    |sub_ln1171_21_fu_2062_p2  |         -|   0|  0|  14|           1|          14|
    |sub_ln1171_22_fu_2238_p2  |         -|   0|  0|  15|          15|          15|
    |sub_ln1171_23_fu_1206_p2  |         -|   0|  0|  15|           1|          15|
    |sub_ln1171_24_fu_1514_p2  |         -|   0|  0|  16|          16|          16|
    |sub_ln1171_25_fu_702_p2   |         -|   0|  0|  14|           1|          14|
    |sub_ln1171_26_fu_726_p2   |         -|   0|  0|  15|          15|          15|
    |sub_ln1171_27_fu_752_p2   |         -|   0|  0|  12|           1|          12|
    |sub_ln1171_28_fu_797_p2   |         -|   0|  0|  13|          13|          13|
    |sub_ln1171_29_fu_769_p2   |         -|   0|  0|  12|          12|          12|
    |sub_ln1171_2_fu_1669_p2   |         -|   0|  0|  16|          16|          16|
    |sub_ln1171_30_fu_1541_p2  |         -|   0|  0|  16|           1|          16|
    |sub_ln1171_31_fu_1159_p2  |         -|   0|  0|  16|          16|          16|
    |sub_ln1171_32_fu_961_p2   |         -|   0|  0|  12|          12|          12|
    |sub_ln1171_3_fu_1696_p2   |         -|   0|  0|  16|          16|          16|
    |sub_ln1171_4_fu_1740_p2   |         -|   0|  0|  13|          13|          13|
    |sub_ln1171_5_fu_1767_p2   |         -|   0|  0|  16|          16|          16|
    |sub_ln1171_6_fu_1783_p2   |         -|   0|  0|  10|           1|          10|
    |sub_ln1171_7_fu_2384_p2   |         -|   0|  0|   9|           1|           9|
    |sub_ln1171_8_fu_1298_p2   |         -|   0|  0|  16|           1|          16|
    |sub_ln1171_9_fu_1336_p2   |         -|   0|  0|  15|          15|          15|
    |sub_ln1171_fu_2317_p2     |         -|   0|  0|  16|           1|          16|
    |sub_ln717_1_fu_1281_p2    |         -|   0|  0|  13|          13|          13|
    |sub_ln717_2_fu_1843_p2    |         -|   0|  0|  12|          12|          12|
    |sub_ln717_3_fu_1471_p2    |         -|   0|  0|  13|          13|          13|
    |sub_ln717_4_fu_945_p2     |         -|   0|  0|  12|          12|          12|
    |sub_ln717_fu_1719_p2      |         -|   0|  0|  13|          13|          13|
    +--------------------------+----------+----+---+----+------------+------------+
    |Total                     |          |   0|  0|1711|        1493|        1684|
    +--------------------------+----------+----+---+----+------------+------------+

    * Multiplexer: 
    +---------------+-----+-----------+-----+-----------+
    |      Name     | LUT | Input Size| Bits| Total Bits|
    +---------------+-----+-----------+-----+-----------+
    |ap_NS_fsm      |  113|         23|    1|         23|
    |grp_fu_256_p0  |  102|         21|    8|        168|
    |grp_fu_256_p1  |   91|         19|    8|        152|
    |grp_fu_257_p0  |   97|         20|    8|        160|
    |grp_fu_257_p1  |  102|         21|    9|        189|
    +---------------+-----+-----------+-----+-----------+
    |Total          |  505|        104|   34|        692|
    +---------------+-----+-----------+-----+-----------+

    * Register: 
    +-------------------------+----+----+-----+-----------+
    |           Name          | FF | LUT| Bits| Const Bits|
    +-------------------------+----+----+-----+-----------+
    |add_ln712_reg_3454       |  12|   0|   12|          0|
    |add_ln740_10_reg_3384    |  14|   0|   14|          0|
    |add_ln740_11_reg_3444    |  14|   0|   14|          0|
    |add_ln740_12_reg_3464    |  14|   0|   14|          0|
    |add_ln740_13_reg_3479    |  14|   0|   14|          0|
    |add_ln740_15_reg_3344    |  13|   0|   13|          0|
    |add_ln740_17_reg_3258    |  12|   0|   12|          0|
    |add_ln740_18_reg_3263    |  11|   0|   11|          0|
    |add_ln740_19_reg_3349    |  13|   0|   13|          0|
    |add_ln740_1_reg_3459     |  14|   0|   14|          0|
    |add_ln740_20_reg_3037    |  14|   0|   14|          0|
    |add_ln740_23_reg_2964    |  11|   0|   11|          0|
    |add_ln740_24_reg_2989    |  13|   0|   13|          0|
    |add_ln740_25_reg_3268    |  10|   0|   14|          4|
    |add_ln740_28_reg_3042    |  11|   0|   11|          0|
    |add_ln740_29_reg_3067    |  14|   0|   14|          0|
    |add_ln740_2_reg_3434     |  14|   0|   14|          0|
    |add_ln740_30_reg_3072    |  14|   0|   14|          0|
    |add_ln740_33_reg_3108    |  12|   0|   12|          0|
    |add_ln740_34_reg_3188    |  14|   0|   14|          0|
    |add_ln740_35_reg_3274    |  14|   0|   14|          0|
    |add_ln740_38_reg_3279    |  11|   0|   11|          0|
    |add_ln740_39_reg_3359    |  12|   0|   12|          0|
    |add_ln740_3_reg_3354     |  14|   0|   14|          0|
    |add_ln740_40_reg_3404    |  14|   0|   14|          0|
    |add_ln740_43_reg_3284    |  11|   0|   11|          0|
    |add_ln740_44_reg_3364    |  13|   0|   13|          0|
    |add_ln740_45_reg_3289    |  13|   0|   13|          0|
    |add_ln740_47_reg_3193    |  13|   0|   13|          0|
    |add_ln740_48_reg_3198    |  13|   0|   13|          0|
    |add_ln740_49_reg_3294    |  14|   0|   14|          0|
    |add_ln740_4_reg_3399     |  14|   0|   14|          0|
    |add_ln740_50_reg_3113    |  14|   0|   14|          0|
    |add_ln740_53_reg_3374    |  11|   0|   11|          0|
    |add_ln740_54_reg_3409    |  14|   0|   14|          0|
    |add_ln740_56_reg_2969    |  13|   0|   13|          0|
    |add_ln740_57_reg_2974    |  12|   0|   12|          0|
    |add_ln740_58_reg_2994    |  14|   0|   14|          0|
    |add_ln740_59_reg_3299    |  14|   0|   14|          0|
    |add_ln740_5_reg_3474     |  14|   0|   14|          0|
    |add_ln740_62_reg_3077    |  11|   0|   11|          0|
    |add_ln740_63_reg_3118    |  14|   0|   14|          0|
    |add_ln740_64_reg_3304    |  14|   0|   14|          0|
    |add_ln740_67_reg_3309    |  14|   0|   14|          0|
    |add_ln740_68_reg_3203    |  14|   0|   14|          0|
    |add_ln740_6_reg_3369     |  14|   0|   14|          0|
    |add_ln740_71_reg_3424    |  14|   0|   14|          0|
    |add_ln740_72_reg_3314    |  13|   0|   13|          0|
    |add_ln740_75_reg_3319    |  10|   0|   10|          0|
    |add_ln740_76_reg_3389    |  13|   0|   13|          0|
    |add_ln740_79_reg_3324    |  14|   0|   14|          0|
    |add_ln740_7_reg_3419     |  14|   0|   14|          0|
    |add_ln740_82_reg_3329    |  14|   0|   14|          0|
    |add_ln740_8_reg_3439     |  14|   0|   14|          0|
    |add_ln740_9_reg_3379     |  14|   0|   14|          0|
    |ap_CS_fsm                |  22|   0|   22|          0|
    |ap_port_reg_p_read       |   8|   0|    8|          0|
    |ap_port_reg_p_read3      |   8|   0|    8|          0|
    |ap_port_reg_p_read4      |   8|   0|    8|          0|
    |ap_port_reg_p_read5      |   8|   0|    8|          0|
    |lshr_ln717_1_reg_3238    |   8|   0|    8|          0|
    |lshr_ln717_2_reg_2799    |   6|   0|    6|          0|
    |lshr_ln717_3_reg_3057    |  11|   0|   11|          0|
    |lshr_ln717_4_reg_2817    |   5|   0|    5|          0|
    |lshr_ln717_s_reg_2948    |  11|   0|   11|          0|
    |lshr_ln_reg_3208         |  10|   0|   10|          0|
    |p_read34_reg_2928        |   8|   0|    8|          0|
    |p_read_17_reg_2863       |   8|   0|    8|          0|
    |p_read_18_reg_2832       |   8|   0|    8|          0|
    |p_read_19_reg_2805       |   8|   0|    8|          0|
    |p_read_20_reg_2769       |   8|   0|    8|          0|
    |p_read_21_reg_2781       |   8|   0|    8|          0|
    |r_V_1_reg_3449           |   8|   0|   16|          8|
    |r_V_2_reg_2984           |   8|   0|   16|          8|
    |r_V_3_reg_3020           |   8|   0|   16|          8|
    |r_V_5_reg_3097           |   8|   0|   16|          8|
    |r_V_6_reg_3339           |   8|   0|   16|          8|
    |reg_591                  |  11|   0|   11|          0|
    |reg_595                  |  11|   0|   11|          0|
    |reg_599                  |  12|   0|   12|          0|
    |reg_603                  |  12|   0|   12|          0|
    |reg_607                  |  13|   0|   13|          0|
    |reg_611                  |  13|   0|   13|          0|
    |reg_615                  |  13|   0|   13|          0|
    |reg_619                  |  13|   0|   13|          0|
    |sext_ln712_24_reg_3469   |  14|   0|   14|          0|
    |sext_ln712_47_reg_3253   |  14|   0|   14|          0|
    |shl_ln717_6_reg_3047     |   8|   0|   10|          2|
    |sub_ln1171_12_reg_3005   |   9|   0|   14|          5|
    |sub_ln1171_16_reg_3052   |   9|   0|   14|          5|
    |sub_ln1171_18_reg_3092   |   9|   0|   15|          6|
    |sub_ln1171_1_reg_3123    |   9|   0|   15|          6|
    |sub_ln1171_21_reg_3334   |   9|   0|   14|          5|
    |sub_ln1171_23_reg_3103   |   9|   0|   15|          6|
    |sub_ln1171_25_reg_2883   |   9|   0|   14|          5|
    |sub_ln1171_27_reg_2908   |   9|   0|   12|          3|
    |trunc_ln3_reg_3248       |  10|   0|   10|          0|
    |trunc_ln712_1_reg_3178   |  10|   0|   10|          0|
    |trunc_ln712_4_reg_2822   |  11|   0|   11|          0|
    |trunc_ln712_5_reg_3183   |  10|   0|   10|          0|
    |trunc_ln712_6_reg_2827   |  10|   0|   10|          0|
    |trunc_ln712_7_reg_2846   |  10|   0|   10|          0|
    |trunc_ln712_9_reg_2893   |  10|   0|   10|          0|
    |trunc_ln712_s_reg_2923   |  11|   0|   11|          0|
    |trunc_ln717_19_reg_3218  |  13|   0|   13|          0|
    |trunc_ln717_20_reg_3223  |  10|   0|   10|          0|
    |trunc_ln717_23_reg_3228  |  13|   0|   13|          0|
    |trunc_ln717_24_reg_3233  |   7|   0|    7|          0|
    |trunc_ln717_27_reg_3429  |   6|   0|    6|          0|
    |trunc_ln717_29_reg_3128  |   9|   0|   13|          4|
    |trunc_ln717_31_reg_3133  |  11|   0|   12|          1|
    |trunc_ln717_33_reg_3138  |  11|   0|   13|          2|
    |trunc_ln717_34_reg_2979  |  12|   0|   12|          0|
    |trunc_ln717_35_reg_3143  |   9|   0|   11|          2|
    |trunc_ln717_38_reg_3010  |  12|   0|   12|          0|
    |trunc_ln717_39_reg_3148  |   9|   0|   13|          4|
    |trunc_ln717_42_reg_3243  |   9|   0|    9|          0|
    |trunc_ln717_43_reg_3153  |  12|   0|   12|          0|
    |trunc_ln717_45_reg_3015  |  12|   0|   12|          0|
    |trunc_ln717_49_reg_3082  |  12|   0|   12|          0|
    |trunc_ln717_53_reg_3087  |  13|   0|   13|          0|
    |trunc_ln717_55_reg_3158  |  12|   0|   13|          1|
    |trunc_ln717_57_reg_3027  |   9|   0|    9|          0|
    |trunc_ln717_60_reg_3032  |   9|   0|    9|          0|
    |trunc_ln717_61_reg_2858  |  11|   0|   11|          0|
    |trunc_ln717_62_reg_3163  |  13|   0|   13|          0|
    |trunc_ln717_63_reg_3062  |   9|   0|   13|          4|
    |trunc_ln717_64_reg_3394  |  12|   0|   12|          0|
    |trunc_ln717_66_reg_3168  |  13|   0|   13|          0|
    |trunc_ln717_67_reg_2903  |  12|   0|   12|          0|
    |trunc_ln717_68_reg_2959  |  10|   0|   10|          0|
    |trunc_ln717_69_reg_2913  |   9|   0|    9|          0|
    |trunc_ln717_72_reg_2888  |  12|   0|   12|          0|
    |trunc_ln717_74_reg_2918  |  11|   0|   11|          0|
    |trunc_ln717_75_reg_3173  |   9|   0|   13|          4|
    |trunc_ln717_s_reg_3213   |  12|   0|   13|          1|
    |trunc_ln_reg_3414        |   9|   0|   13|          4|
    |zext_ln1171_12_reg_2953  |   8|   0|   15|          7|
    |zext_ln1171_13_reg_2794  |   8|   0|   14|          6|
    |zext_ln1171_19_reg_2999  |   8|   0|   15|          7|
    |zext_ln1171_37_reg_2851  |   8|   0|   15|          7|
    |zext_ln1171_3_reg_2943   |   8|   0|   14|          6|
    |zext_ln1171_43_reg_2898  |   8|   0|   14|          6|
    |zext_ln1171_44_reg_2873  |   8|   0|   15|          7|
    |zext_ln1171_45_reg_2878  |   8|   0|   13|          5|
    +-------------------------+----+----+-----+-----------+
    |Total                    |1618|   0| 1783|        165|
    +-------------------------+----+----+-----+-----------+



================================================================
== Interface
================================================================
* Summary: 
+--------------+-----+-----+------------+----------------------------------------------------------------------------+--------------+
|   RTL Ports  | Dir | Bits|  Protocol  |                                Source Object                               |    C Type    |
+--------------+-----+-----+------------+----------------------------------------------------------------------------+--------------+
|ap_clk        |   in|    1|  ap_ctrl_hs|  dense_latency<ap_ufixed<8, 1, 4, 0, 0>, ap_fixed<16, 4, 5, 3, 0>, config5>|  return value|
|ap_rst        |   in|    1|  ap_ctrl_hs|  dense_latency<ap_ufixed<8, 1, 4, 0, 0>, ap_fixed<16, 4, 5, 3, 0>, config5>|  return value|
|ap_start      |   in|    1|  ap_ctrl_hs|  dense_latency<ap_ufixed<8, 1, 4, 0, 0>, ap_fixed<16, 4, 5, 3, 0>, config5>|  return value|
|ap_done       |  out|    1|  ap_ctrl_hs|  dense_latency<ap_ufixed<8, 1, 4, 0, 0>, ap_fixed<16, 4, 5, 3, 0>, config5>|  return value|
|ap_idle       |  out|    1|  ap_ctrl_hs|  dense_latency<ap_ufixed<8, 1, 4, 0, 0>, ap_fixed<16, 4, 5, 3, 0>, config5>|  return value|
|ap_ready      |  out|    1|  ap_ctrl_hs|  dense_latency<ap_ufixed<8, 1, 4, 0, 0>, ap_fixed<16, 4, 5, 3, 0>, config5>|  return value|
|ap_return_0   |  out|   16|  ap_ctrl_hs|  dense_latency<ap_ufixed<8, 1, 4, 0, 0>, ap_fixed<16, 4, 5, 3, 0>, config5>|  return value|
|ap_return_1   |  out|   16|  ap_ctrl_hs|  dense_latency<ap_ufixed<8, 1, 4, 0, 0>, ap_fixed<16, 4, 5, 3, 0>, config5>|  return value|
|ap_return_2   |  out|   16|  ap_ctrl_hs|  dense_latency<ap_ufixed<8, 1, 4, 0, 0>, ap_fixed<16, 4, 5, 3, 0>, config5>|  return value|
|ap_return_3   |  out|   16|  ap_ctrl_hs|  dense_latency<ap_ufixed<8, 1, 4, 0, 0>, ap_fixed<16, 4, 5, 3, 0>, config5>|  return value|
|ap_return_4   |  out|   16|  ap_ctrl_hs|  dense_latency<ap_ufixed<8, 1, 4, 0, 0>, ap_fixed<16, 4, 5, 3, 0>, config5>|  return value|
|ap_return_5   |  out|   16|  ap_ctrl_hs|  dense_latency<ap_ufixed<8, 1, 4, 0, 0>, ap_fixed<16, 4, 5, 3, 0>, config5>|  return value|
|ap_return_6   |  out|   16|  ap_ctrl_hs|  dense_latency<ap_ufixed<8, 1, 4, 0, 0>, ap_fixed<16, 4, 5, 3, 0>, config5>|  return value|
|ap_return_7   |  out|   16|  ap_ctrl_hs|  dense_latency<ap_ufixed<8, 1, 4, 0, 0>, ap_fixed<16, 4, 5, 3, 0>, config5>|  return value|
|ap_return_8   |  out|   16|  ap_ctrl_hs|  dense_latency<ap_ufixed<8, 1, 4, 0, 0>, ap_fixed<16, 4, 5, 3, 0>, config5>|  return value|
|ap_return_9   |  out|   16|  ap_ctrl_hs|  dense_latency<ap_ufixed<8, 1, 4, 0, 0>, ap_fixed<16, 4, 5, 3, 0>, config5>|  return value|
|ap_return_10  |  out|   16|  ap_ctrl_hs|  dense_latency<ap_ufixed<8, 1, 4, 0, 0>, ap_fixed<16, 4, 5, 3, 0>, config5>|  return value|
|ap_return_11  |  out|   16|  ap_ctrl_hs|  dense_latency<ap_ufixed<8, 1, 4, 0, 0>, ap_fixed<16, 4, 5, 3, 0>, config5>|  return value|
|ap_return_12  |  out|   16|  ap_ctrl_hs|  dense_latency<ap_ufixed<8, 1, 4, 0, 0>, ap_fixed<16, 4, 5, 3, 0>, config5>|  return value|
|ap_return_13  |  out|   16|  ap_ctrl_hs|  dense_latency<ap_ufixed<8, 1, 4, 0, 0>, ap_fixed<16, 4, 5, 3, 0>, config5>|  return value|
|ap_return_14  |  out|   16|  ap_ctrl_hs|  dense_latency<ap_ufixed<8, 1, 4, 0, 0>, ap_fixed<16, 4, 5, 3, 0>, config5>|  return value|
|ap_return_15  |  out|   16|  ap_ctrl_hs|  dense_latency<ap_ufixed<8, 1, 4, 0, 0>, ap_fixed<16, 4, 5, 3, 0>, config5>|  return value|
|p_read        |   in|    8|     ap_none|                                                                      p_read|        scalar|
|p_read1       |   in|    8|     ap_none|                                                                     p_read1|        scalar|
|p_read2       |   in|    8|     ap_none|                                                                     p_read2|        scalar|
|p_read3       |   in|    8|     ap_none|                                                                     p_read3|        scalar|
|p_read4       |   in|    8|     ap_none|                                                                     p_read4|        scalar|
|p_read5       |   in|    8|     ap_none|                                                                     p_read5|        scalar|
+--------------+-----+-----+------------+----------------------------------------------------------------------------+--------------+

