

================================================================
== Synthesis Summary Report of 'myproject'
================================================================
+ General Information: 
    * Date:           Sat Jul 22 14:21:57 2023
    * Version:        2021.1 (Build 3247384 on Thu Jun 10 19:36:07 MDT 2021)
    * Project:        myproject_prj
    * Solution:       solution1 (Vivado IP Flow Target)
    * Product family: zynq
    * Target device:  xc7z007s-clg225-2
    

+ Performance & Resource Estimates: 
    
    PS: '+' for module; 'o' for loop; '*' for dataflow
    +------------------------------------------------------------------------------+--------+-------+---------+---------+----------+---------+------+----------+--------+--------+-----------+------------+-----+
    |                                    Modules                                   |  Issue |       | Latency | Latency | Iteration|         | Trip |          |        |        |           |            |     |
    |                                    & Loops                                   |  Type  | Slack | (cycles)|   (ns)  |  Latency | Interval| Count| Pipelined|  BRAM  |   DSP  |     FF    |     LUT    | URAM|
    +------------------------------------------------------------------------------+--------+-------+---------+---------+----------+---------+------+----------+--------+--------+-----------+------------+-----+
    |+ myproject                                                                   |  Timing|  -0.36|       58|  193.140|         -|       38|     -|       yes|  3 (3%)|  5 (7%)|  2209 (7%)|  2700 (18%)|    -|
    | + grp_dense_latency_ap_fixed_8_2_5_3_0_ap_fixed_16_4_5_3_0_config2_s_fu_69   |  Timing|  -0.36|       37|  123.210|         -|       38|     -|       yes|       -|  1 (1%)|  1145 (3%)|  1668 (11%)|    -|
    | + grp_relu_ap_fixed_16_4_5_3_0_ap_ufixed_8_0_4_0_0_relu_config4_s_fu_75      |      II|   0.33|        1|    3.330|         -|        1|     -|       yes|       -|       -|  103 (~0%)|    168 (1%)|    -|
    | + grp_dense_latency_ap_ufixed_8_0_4_0_0_ap_fixed_16_4_5_3_0_config5_s_fu_82  |       -|   0.45|        4|   13.320|         -|        5|     -|       yes|       -|  1 (1%)|  191 (~0%)|    265 (1%)|    -|
    | + grp_softmax_stable_ap_fixed_ap_fixed_16_6_5_3_0_softmax_config7_s_fu_89    |  Timing|  -0.32|       13|   43.290|         -|        1|     -|       yes|  3 (3%)|  3 (4%)|   608 (2%)|    406 (2%)|    -|
    +------------------------------------------------------------------------------+--------+-------+---------+---------+----------+---------+------+----------+--------+--------+-----------+------------+-----+


================================================================
== HW Interfaces
================================================================
* REGISTER
+--------------+---------+----------+
| Interface    | Mode    | Bitwidth |
+--------------+---------+----------+
| fc1_input    | ap_none | 168      |
| layer7_out_0 | ap_none | 16       |
| layer7_out_1 | ap_none | 16       |
| layer7_out_2 | ap_none | 16       |
+--------------+---------+----------+

* TOP LEVEL CONTROL
+-----------+------------+-----------------------------------+
| Interface | Type       | Ports                             |
+-----------+------------+-----------------------------------+
| ap_clk    | clock      | ap_clk                            |
| ap_rst    | reset      | ap_rst                            |
| ap_ctrl   | ap_ctrl_hs | ap_done ap_idle ap_ready ap_start |
+-----------+------------+-----------------------------------+


================================================================
== SW I/O Information
================================================================
* Top Function Arguments
+------------+-----------+--------------------------------------+
| Argument   | Direction | Datatype                             |
+------------+-----------+--------------------------------------+
| fc1_input  | in        | ap_fixed<8, 2, AP_TRN, AP_WRAP, 0>*  |
| layer7_out | out       | ap_fixed<16, 6, AP_TRN, AP_WRAP, 0>* |
+------------+-----------+--------------------------------------+

* SW-to-HW Mapping
+------------+---------------------+---------+
| Argument   | HW Name             | HW Type |
+------------+---------------------+---------+
| fc1_input  | fc1_input           | port    |
| layer7_out | layer7_out_0        | port    |
| layer7_out | layer7_out_0_ap_vld | port    |
| layer7_out | layer7_out_1        | port    |
| layer7_out | layer7_out_1_ap_vld | port    |
| layer7_out | layer7_out_2        | port    |
| layer7_out | layer7_out_2_ap_vld | port    |
+------------+---------------------+---------+


================================================================
== M_AXI Burst Information
================================================================

