

================================================================
== Vitis HLS Report for 'dense_latency_ap_ufixed_8_0_4_0_0_ap_fixed_16_4_5_3_0_config5_s'
================================================================
* Date:           Sat Jul 22 14:21:56 2023

* Version:        2021.1 (Build 3247384 on Thu Jun 10 19:36:07 MDT 2021)
* Project:        myproject_prj
* Solution:       solution1 (Vivado IP Flow Target)
* Product family: zynq
* Target device:  xc7z007s-clg225-2


================================================================
== Performance Estimates
================================================================
+ Timing: 
    * Summary: 
    +--------+---------+----------+------------+
    |  Clock |  Target | Estimated| Uncertainty|
    +--------+---------+----------+------------+
    |ap_clk  |  3.33 ns|  2.459 ns|     0.42 ns|
    +--------+---------+----------+------------+

+ Latency: 
    * Summary: 
    +---------+---------+-----------+-----------+-----+-----+---------+
    |  Latency (cycles) |   Latency (absolute)  |  Interval | Pipeline|
    |   min   |   max   |    min    |    max    | min | max |   Type  |
    +---------+---------+-----------+-----------+-----+-----+---------+
    |        4|        4|  13.320 ns|  13.320 ns|    5|    5|      yes|
    +---------+---------+-----------+-----------+-----+-----+---------+

    + Detail: 
        * Instance: 
        N/A

        * Loop: 
        N/A



================================================================
== Utilization Estimates
================================================================
* Summary: 
+-----------------+---------+----+-------+-------+-----+
|       Name      | BRAM_18K| DSP|   FF  |  LUT  | URAM|
+-----------------+---------+----+-------+-------+-----+
|DSP              |        -|   -|      -|      -|    -|
|Expression       |        -|   -|      0|    240|    -|
|FIFO             |        -|   -|      -|      -|    -|
|Instance         |        -|   1|      0|      0|    -|
|Memory           |        -|   -|      -|      -|    -|
|Multiplexer      |        -|   -|      -|     25|    -|
|Register         |        -|   -|    191|      -|    -|
+-----------------+---------+----+-------+-------+-----+
|Total            |        0|   1|    191|    265|    0|
+-----------------+---------+----+-------+-------+-----+
|Available        |      100|  66|  28800|  14400|    0|
+-----------------+---------+----+-------+-------+-----+
|Utilization (%)  |        0|   1|     ~0|      1|    0|
+-----------------+---------+----+-------+-------+-----+

+ Detail: 
    * Instance: 
    +-----------------------+--------------------+---------+----+---+----+-----+
    |        Instance       |       Module       | BRAM_18K| DSP| FF| LUT| URAM|
    +-----------------------+--------------------+---------+----+---+----+-----+
    |mul_8ns_8ns_15_3_1_U7  |mul_8ns_8ns_15_3_1  |        0|   1|  0|   0|    0|
    +-----------------------+--------------------+---------+----+---+----+-----+
    |Total                  |                    |        0|   1|  0|   0|    0|
    +-----------------------+--------------------+---------+----+---+----+-----+

    * DSP: 
    N/A

    * Memory: 
    N/A

    * FIFO: 
    N/A

    * Expression: 
    +------------------------+----------+----+---+----+------------+------------+
    |      Variable Name     | Operation| DSP| FF| LUT| Bitwidth P0| Bitwidth P1|
    +------------------------+----------+----+---+----+------------+------------+
    |add_ln740_1_fu_379_p2   |         +|   0|  0|  13|          13|          13|
    |add_ln740_2_fu_403_p2   |         +|   0|  0|  13|          13|          13|
    |add_ln740_3_fu_317_p2   |         +|   0|  0|  12|          12|          12|
    |add_ln740_4_fu_323_p2   |         +|   0|  0|  12|          12|          10|
    |add_ln740_5_fu_329_p2   |         +|   0|  0|  12|          12|          12|
    |add_ln740_6_fu_335_p2   |         +|   0|  0|  12|          12|          10|
    |add_ln740_7_fu_341_p2   |         +|   0|  0|  12|          12|          12|
    |add_ln740_8_fu_347_p2   |         +|   0|  0|  12|          12|          12|
    |add_ln740_fu_359_p2     |         +|   0|  0|  14|          14|          14|
    |sub_ln1171_1_fu_132_p2  |         -|   0|  0|  16|           1|          16|
    |sub_ln1171_2_fu_162_p2  |         -|   0|  0|  16|           1|          16|
    |sub_ln1171_3_fu_178_p2  |         -|   0|  0|  16|          16|          16|
    |sub_ln1171_4_fu_212_p2  |         -|   0|  0|  16|          16|          16|
    |sub_ln1171_5_fu_228_p2  |         -|   0|  0|  16|           1|          16|
    |sub_ln1171_6_fu_244_p2  |         -|   0|  0|  16|          16|          16|
    |sub_ln1171_7_fu_116_p2  |         -|   0|  0|  16|          16|          16|
    |sub_ln1171_fu_110_p2    |         -|   0|  0|  16|          16|          16|
    +------------------------+----------+----+---+----+------------+------------+
    |Total                   |          |   0|  0| 240|         195|         236|
    +------------------------+----------+----+---+----+------------+------------+

    * Multiplexer: 
    +-----------+----+-----------+-----+-----------+
    |    Name   | LUT| Input Size| Bits| Total Bits|
    +-----------+----+-----------+-----+-----------+
    |ap_NS_fsm  |  25|          6|    1|          6|
    +-----------+----+-----------+-----+-----------+
    |Total      |  25|          6|    1|          6|
    +-----------+----+-----------+-----+-----------+

    * Register: 
    +-----------------------+----+----+-----+-----------+
    |          Name         | FF | LUT| Bits| Const Bits|
    +-----------------------+----+----+-----+-----------+
    |add_ln740_3_reg_495    |  12|   0|   12|          0|
    |add_ln740_4_reg_500    |  12|   0|   12|          0|
    |add_ln740_5_reg_505    |  12|   0|   12|          0|
    |add_ln740_6_reg_510    |  12|   0|   12|          0|
    |add_ln740_7_reg_515    |  10|   0|   12|          2|
    |add_ln740_8_reg_520    |  12|   0|   12|          0|
    |ap_CS_fsm              |   5|   0|    5|          0|
    |ap_port_reg_p_read     |   8|   0|    8|          0|
    |ap_port_reg_p_read2    |   8|   0|    8|          0|
    |p_read14_reg_439       |   8|   0|    8|          0|
    |trunc_ln3_reg_475      |  11|   0|   11|          0|
    |trunc_ln4_reg_490      |  11|   0|   11|          0|
    |trunc_ln712_1_reg_480  |  11|   0|   11|          0|
    |trunc_ln712_2_reg_485  |  10|   0|   10|          0|
    |trunc_ln717_5_reg_455  |   9|   0|   11|          2|
    |trunc_ln717_6_reg_460  |   9|   0|   11|          2|
    |trunc_ln717_7_reg_465  |  11|   0|   11|          0|
    |trunc_ln717_8_reg_470  |   9|   0|   11|          2|
    |trunc_ln_reg_450       |  11|   0|   11|          0|
    +-----------------------+----+----+-----+-----------+
    |Total                  | 191|   0|  199|          8|
    +-----------------------+----+----+-----+-----------+



================================================================
== Interface
================================================================
* Summary: 
+-------------+-----+-----+------------+----------------------------------------------------------------------------+--------------+
|  RTL Ports  | Dir | Bits|  Protocol  |                                Source Object                               |    C Type    |
+-------------+-----+-----+------------+----------------------------------------------------------------------------+--------------+
|ap_clk       |   in|    1|  ap_ctrl_hs|  dense_latency<ap_ufixed<8, 0, 4, 0, 0>, ap_fixed<16, 4, 5, 3, 0>, config5>|  return value|
|ap_rst       |   in|    1|  ap_ctrl_hs|  dense_latency<ap_ufixed<8, 0, 4, 0, 0>, ap_fixed<16, 4, 5, 3, 0>, config5>|  return value|
|ap_start     |   in|    1|  ap_ctrl_hs|  dense_latency<ap_ufixed<8, 0, 4, 0, 0>, ap_fixed<16, 4, 5, 3, 0>, config5>|  return value|
|ap_done      |  out|    1|  ap_ctrl_hs|  dense_latency<ap_ufixed<8, 0, 4, 0, 0>, ap_fixed<16, 4, 5, 3, 0>, config5>|  return value|
|ap_idle      |  out|    1|  ap_ctrl_hs|  dense_latency<ap_ufixed<8, 0, 4, 0, 0>, ap_fixed<16, 4, 5, 3, 0>, config5>|  return value|
|ap_ready     |  out|    1|  ap_ctrl_hs|  dense_latency<ap_ufixed<8, 0, 4, 0, 0>, ap_fixed<16, 4, 5, 3, 0>, config5>|  return value|
|ap_return_0  |  out|   16|  ap_ctrl_hs|  dense_latency<ap_ufixed<8, 0, 4, 0, 0>, ap_fixed<16, 4, 5, 3, 0>, config5>|  return value|
|ap_return_1  |  out|   16|  ap_ctrl_hs|  dense_latency<ap_ufixed<8, 0, 4, 0, 0>, ap_fixed<16, 4, 5, 3, 0>, config5>|  return value|
|ap_return_2  |  out|   16|  ap_ctrl_hs|  dense_latency<ap_ufixed<8, 0, 4, 0, 0>, ap_fixed<16, 4, 5, 3, 0>, config5>|  return value|
|p_read       |   in|    8|     ap_none|                                                                      p_read|        scalar|
|p_read1      |   in|    8|     ap_none|                                                                     p_read1|        scalar|
|p_read2      |   in|    8|     ap_none|                                                                     p_read2|        scalar|
+-------------+-----+-----+------------+----------------------------------------------------------------------------+--------------+

