

================================================================
== Vitis HLS Report for 'dense_latency_ap_fixed_8_2_5_3_0_ap_fixed_16_4_5_3_0_config2_s'
================================================================
* Date:           Sat Jul 22 14:21:55 2023

* Version:        2021.1 (Build 3247384 on Thu Jun 10 19:36:07 MDT 2021)
* Project:        myproject_prj
* Solution:       solution1 (Vivado IP Flow Target)
* Product family: zynq
* Target device:  xc7z007s-clg225-2


================================================================
== Performance Estimates
================================================================
+ Timing: 
    * Summary: 
    +--------+---------+----------+------------+
    |  Clock |  Target | Estimated| Uncertainty|
    +--------+---------+----------+------------+
    |ap_clk  |  3.33 ns|  3.270 ns|     0.42 ns|
    +--------+---------+----------+------------+

+ Latency: 
    * Summary: 
    +---------+---------+----------+----------+-----+-----+---------+
    |  Latency (cycles) |  Latency (absolute) |  Interval | Pipeline|
    |   min   |   max   |    min   |    max   | min | max |   Type  |
    +---------+---------+----------+----------+-----+-----+---------+
    |       37|       37|  0.123 us|  0.123 us|   38|   38|      yes|
    +---------+---------+----------+----------+-----+-----+---------+

    + Detail: 
        * Instance: 
        N/A

        * Loop: 
        N/A



================================================================
== Utilization Estimates
================================================================
* Summary: 
+-----------------+---------+----+-------+-------+-----+
|       Name      | BRAM_18K| DSP|   FF  |  LUT  | URAM|
+-----------------+---------+----+-------+-------+-----+
|DSP              |        -|   -|      -|      -|    -|
|Expression       |        -|   -|      0|   1205|    -|
|FIFO             |        -|   -|      -|      -|    -|
|Instance         |        -|   1|      0|      0|    -|
|Memory           |        -|   -|      -|      -|    -|
|Multiplexer      |        -|   -|      -|    463|    -|
|Register         |        -|   -|   1145|      -|    -|
+-----------------+---------+----+-------+-------+-----+
|Total            |        0|   1|   1145|   1668|    0|
+-----------------+---------+----+-------+-------+-----+
|Available        |      100|  66|  28800|  14400|    0|
+-----------------+---------+----+-------+-------+-----+
|Utilization (%)  |        0|   1|      3|     11|    0|
+-----------------+---------+----+-------+-------+-----+

+ Detail: 
    * Instance: 
    +---------------------+------------------+---------+----+---+----+-----+
    |       Instance      |      Module      | BRAM_18K| DSP| FF| LUT| URAM|
    +---------------------+------------------+---------+----+---+----+-----+
    |mul_8s_9s_16_5_1_U1  |mul_8s_9s_16_5_1  |        0|   1|  0|   0|    0|
    +---------------------+------------------+---------+----+---+----+-----+
    |Total                |                  |        0|   1|  0|   0|    0|
    +---------------------+------------------+---------+----+---+----+-----+

    * DSP: 
    N/A

    * Memory: 
    N/A

    * FIFO: 
    N/A

    * Expression: 
    +--------------------------+----------+----+---+----+------------+------------+
    |       Variable Name      | Operation| DSP| FF| LUT| Bitwidth P0| Bitwidth P1|
    +--------------------------+----------+----+---+----+------------+------------+
    |add_ln1171_1_fu_1513_p2   |         +|   0|  0|  13|          13|          13|
    |add_ln1171_2_fu_1785_p2   |         +|   0|  0|  11|          11|          11|
    |add_ln1171_fu_1175_p2     |         +|   0|  0|  14|          14|          14|
    |add_ln740_10_fu_1317_p2   |         +|   0|  0|  14|          14|          14|
    |add_ln740_11_fu_1323_p2   |         +|   0|  0|  14|          14|          14|
    |add_ln740_12_fu_2037_p2   |         +|   0|  0|  14|          14|          14|
    |add_ln740_13_fu_2187_p2   |         +|   0|  0|  14|          14|          14|
    |add_ln740_14_fu_1414_p2   |         +|   0|  0|  14|          14|          14|
    |add_ln740_15_fu_1420_p2   |         +|   0|  0|  14|          14|          14|
    |add_ln740_16_fu_2193_p2   |         +|   0|  0|  14|          14|          14|
    |add_ln740_17_fu_2202_p2   |         +|   0|  0|  14|          14|          14|
    |add_ln740_18_fu_1572_p2   |         +|   0|  0|  14|          14|          14|
    |add_ln740_19_fu_1817_p2   |         +|   0|  0|  10|          10|          10|
    |add_ln740_20_fu_1849_p2   |         +|   0|  0|  11|          11|          11|
    |add_ln740_21_fu_2002_p2   |         +|   0|  0|  14|          14|          14|
    |add_ln740_22_fu_1014_p2   |         +|   0|  0|  14|          14|          14|
    |add_ln740_23_fu_1916_p2   |         +|   0|  0|  14|          14|          14|
    |add_ln740_24_fu_742_p2    |         +|   0|  0|   9|           9|           9|
    |add_ln740_25_fu_752_p2    |         +|   0|  0|  10|          10|          10|
    |add_ln740_26_fu_1924_p2   |         +|   0|  0|  14|          14|          14|
    |add_ln740_27_fu_2007_p2   |         +|   0|  0|  14|          14|          14|
    |add_ln740_28_fu_2100_p2   |         +|   0|  0|  14|          14|          14|
    |add_ln740_29_fu_1343_p2   |         +|   0|  0|  14|          14|          14|
    |add_ln740_30_fu_1349_p2   |         +|   0|  0|  14|          14|          14|
    |add_ln740_31_fu_2106_p2   |         +|   0|  0|  14|          14|          14|
    |add_ln740_32_fu_1378_p2   |         +|   0|  0|  14|          14|          14|
    |add_ln740_33_fu_1578_p2   |         +|   0|  0|  14|          14|          14|
    |add_ln740_34_fu_1545_p2   |         +|   0|  0|  14|          14|          14|
    |add_ln740_35_fu_1551_p2   |         +|   0|  0|  14|          14|          14|
    |add_ln740_36_fu_1583_p2   |         +|   0|  0|  14|          14|          14|
    |add_ln740_37_fu_2156_p2   |         +|   0|  0|  14|          14|          14|
    |add_ln740_38_fu_1855_p2   |         +|   0|  0|  12|          12|          12|
    |add_ln740_39_fu_769_p2    |         +|   0|  0|  12|          12|          12|
    |add_ln740_3_fu_2160_p2    |         +|   0|  0|  14|          14|          14|
    |add_ln740_40_fu_1864_p2   |         +|   0|  0|  13|          13|          13|
    |add_ln740_41_fu_1936_p2   |         +|   0|  0|  14|          14|          14|
    |add_ln740_42_fu_1020_p2   |         +|   0|  0|  14|          14|          14|
    |add_ln740_43_fu_1109_p2   |         +|   0|  0|  14|          14|          14|
    |add_ln740_44_fu_1026_p2   |         +|   0|  0|   6|           6|           5|
    |add_ln740_45_fu_1036_p2   |         +|   0|  0|  13|          13|          13|
    |add_ln740_46_fu_1117_p2   |         +|   0|  0|  14|          14|          14|
    |add_ln740_47_fu_1942_p2   |         +|   0|  0|  14|          14|          14|
    |add_ln740_48_fu_2165_p2   |         +|   0|  0|  14|          14|          14|
    |add_ln740_49_fu_1281_p2   |         +|   0|  0|  14|          13|          13|
    |add_ln740_4_fu_2239_p2    |         +|   0|  0|  14|          14|          14|
    |add_ln740_50_fu_1287_p2   |         +|   0|  0|  14|          13|          13|
    |add_ln740_51_fu_2174_p2   |         +|   0|  0|  14|          14|          14|
    |add_ln740_52_fu_1384_p2   |         +|   0|  0|  14|          14|          14|
    |add_ln740_53_fu_2211_p2   |         +|   0|  0|  14|          14|          14|
    |add_ln740_54_fu_1483_p2   |         +|   0|  0|  14|          14|          14|
    |add_ln740_55_fu_1489_p2   |         +|   0|  0|  14|          14|          14|
    |add_ln740_56_fu_2216_p2   |         +|   0|  0|  14|          14|          14|
    |add_ln740_57_fu_2235_p2   |         +|   0|  0|  14|          14|          14|
    |add_ln740_58_fu_1823_p2   |         +|   0|  0|  13|          13|          13|
    |add_ln740_59_fu_2012_p2   |         +|   0|  0|  14|          14|          14|
    |add_ln740_60_fu_2018_p2   |         +|   0|  0|  14|          14|          14|
    |add_ln740_61_fu_2045_p2   |         +|   0|  0|  14|          14|          14|
    |add_ln740_62_fu_1042_p2   |         +|   0|  0|  14|          14|          14|
    |add_ln740_63_fu_1139_p2   |         +|   0|  0|  14|          14|          14|
    |add_ln740_64_fu_1048_p2   |         +|   0|  0|  10|          10|           9|
    |add_ln740_65_fu_1126_p2   |         +|   0|  0|  13|          13|          13|
    |add_ln740_66_fu_1147_p2   |         +|   0|  0|  14|          14|          14|
    |add_ln740_67_fu_2050_p2   |         +|   0|  0|  14|          14|          14|
    |add_ln740_9_fu_2031_p2    |         +|   0|  0|  14|          14|          14|
    |add_ln740_fu_2206_p2      |         +|   0|  0|  14|          14|          14|
    |sub_ln1171_10_fu_1227_p2  |         -|   0|  0|  14|          14|          14|
    |sub_ln1171_11_fu_1254_p2  |         -|   0|  0|  16|          16|          16|
    |sub_ln1171_12_fu_790_p2   |         -|   0|  0|  16|          16|          16|
    |sub_ln1171_13_fu_2133_p2  |         -|   0|  0|  16|          16|          16|
    |sub_ln1171_14_fu_1448_p2  |         -|   0|  0|  13|          13|          13|
    |sub_ln1171_15_fu_1614_p2  |         -|   0|  0|  14|          14|          14|
    |sub_ln1171_16_fu_1641_p2  |         -|   0|  0|  10|           1|          10|
    |sub_ln1171_17_fu_1671_p2  |         -|   0|  0|  13|          13|          13|
    |sub_ln1171_18_fu_1709_p2  |         -|   0|  0|  14|          14|          14|
    |sub_ln1171_19_fu_1769_p2  |         -|   0|  0|  11|           1|          11|
    |sub_ln1171_20_fu_1896_p2  |         -|   0|  0|  15|          15|          15|
    |sub_ln1171_21_fu_1069_p2  |         -|   0|  0|  14|           1|          15|
    |sub_ln1171_22_fu_1086_p2  |         -|   0|  0|  14|          15|          15|
    |sub_ln1171_23_fu_832_p2   |         -|   0|  0|  12|          12|          12|
    |sub_ln1171_24_fu_870_p2   |         -|   0|  0|  16|          16|          16|
    |sub_ln1171_25_fu_908_p2   |         -|   0|  0|  16|          16|          16|
    |sub_ln1171_26_fu_935_p2   |         -|   0|  0|  16|          16|          16|
    |sub_ln1171_27_fu_719_p2   |         -|   0|  0|  11|          11|          11|
    |sub_ln1171_28_fu_1739_p2  |         -|   0|  0|  12|          12|          12|
    |sub_ln1171_29_fu_969_p2   |         -|   0|  0|  13|          13|          13|
    |sub_ln1171_7_fu_1958_p2   |         -|   0|  0|  16|          16|          16|
    |sub_ln1171_8_fu_1973_p2   |         -|   0|  0|  16|           1|          16|
    |sub_ln1171_9_fu_1210_p2   |         -|   0|  0|  14|           1|          14|
    |sub_ln1171_fu_2077_p2     |         -|   0|  0|  13|          13|          13|
    +--------------------------+----------+----+---+----+------------+------------+
    |Total                     |          |   0|  0|1205|        1144|        1203|
    +--------------------------+----------+----+---+----+------------+------------+

    * Multiplexer: 
    +---------------+-----+-----------+-----+-----------+
    |      Name     | LUT | Input Size| Bits| Total Bits|
    +---------------+-----+-----------+-----+-----------+
    |ap_NS_fsm      |  173|         39|    1|         39|
    |grp_fu_246_p0  |  145|         32|    8|        256|
    |grp_fu_246_p1  |  145|         29|    9|        261|
    +---------------+-----+-----------+-----+-----------+
    |Total          |  463|        100|   18|        556|
    +---------------+-----+-----------+-----+-----------+

    * Register: 
    +-------------------------+----+----+-----+-----------+
    |           Name          | FF | LUT| Bits| Const Bits|
    +-------------------------+----+----+-----+-----------+
    |add_ln740_11_reg_2617    |  14|   0|   14|          0|
    |add_ln740_12_reg_2818    |  14|   0|   14|          0|
    |add_ln740_15_reg_2662    |  14|   0|   14|          0|
    |add_ln740_16_reg_2853    |  14|   0|   14|          0|
    |add_ln740_18_reg_2712    |  14|   0|   14|          0|
    |add_ln740_19_reg_2747    |  10|   0|   10|          0|
    |add_ln740_20_reg_2763    |  11|   0|   11|          0|
    |add_ln740_22_reg_2527    |  14|   0|   14|          0|
    |add_ln740_25_reg_2457    |  10|   0|   10|          0|
    |add_ln740_26_reg_2788    |  14|   0|   14|          0|
    |add_ln740_27_reg_2808    |  14|   0|   14|          0|
    |add_ln740_30_reg_2627    |  14|   0|   14|          0|
    |add_ln740_31_reg_2833    |  14|   0|   14|          0|
    |add_ln740_32_reg_2637    |  14|   0|   14|          0|
    |add_ln740_35_reg_2702    |  14|   0|   14|          0|
    |add_ln740_36_reg_2717    |  14|   0|   14|          0|
    |add_ln740_38_reg_2768    |  12|   0|   12|          0|
    |add_ln740_39_reg_2472    |  12|   0|   12|          0|
    |add_ln740_3_reg_2843     |  14|   0|   14|          0|
    |add_ln740_40_reg_2773    |  13|   0|   13|          0|
    |add_ln740_42_reg_2532    |  14|   0|   14|          0|
    |add_ln740_45_reg_2537    |  13|   0|   13|          0|
    |add_ln740_46_reg_2562    |  14|   0|   14|          0|
    |add_ln740_47_reg_2793    |  14|   0|   14|          0|
    |add_ln740_50_reg_2602    |  13|   0|   13|          0|
    |add_ln740_51_reg_2848    |  14|   0|   14|          0|
    |add_ln740_52_reg_2642    |  14|   0|   14|          0|
    |add_ln740_55_reg_2682    |  14|   0|   14|          0|
    |add_ln740_56_reg_2863    |  14|   0|   14|          0|
    |add_ln740_58_reg_2752    |  13|   0|   13|          0|
    |add_ln740_60_reg_2813    |  14|   0|   14|          0|
    |add_ln740_62_reg_2542    |  14|   0|   14|          0|
    |add_ln740_64_reg_2547    |  10|   0|   10|          0|
    |add_ln740_65_reg_2567    |  13|   0|   13|          0|
    |add_ln740_66_reg_2577    |  14|   0|   14|          0|
    |add_ln740_67_reg_2823    |  14|   0|   14|          0|
    |add_ln740_reg_2858       |  14|   0|   14|          0|
    |ap_CS_fsm                |  38|   0|   38|          0|
    |r_V_1_reg_2757           |  16|   0|   16|          0|
    |r_V_77_reg_2587          |  16|   0|   16|          0|
    |r_V_8_reg_2622           |  16|   0|   16|          0|
    |r_V_9_reg_2632           |  16|   0|   16|          0|
    |reg_436                  |  11|   0|   11|          0|
    |reg_440                  |  12|   0|   12|          0|
    |reg_444                  |  13|   0|   13|          0|
    |reg_448                  |  13|   0|   13|          0|
    |reg_452                  |  13|   0|   13|          0|
    |reg_456                  |  13|   0|   13|          0|
    |sext_ln1171_19_reg_2778  |  14|   0|   14|          0|
    |sext_ln1171_57_reg_2452  |  15|   0|   15|          0|
    |tmp_2_reg_2414           |   8|   0|    8|          0|
    |trunc_ln38_10_reg_2346   |   8|   0|    8|          0|
    |trunc_ln38_11_reg_2354   |   8|   0|    8|          0|
    |trunc_ln38_12_reg_2363   |   8|   0|    8|          0|
    |trunc_ln38_13_reg_2371   |   8|   0|    8|          0|
    |trunc_ln38_14_reg_2382   |   8|   0|    8|          0|
    |trunc_ln38_15_reg_2394   |   8|   0|    8|          0|
    |trunc_ln38_16_reg_2402   |   8|   0|    8|          0|
    |trunc_ln38_17_reg_2422   |   8|   0|    8|          0|
    |trunc_ln38_18_reg_2430   |   8|   0|    8|          0|
    |trunc_ln38_1_reg_2278    |   8|   0|    8|          0|
    |trunc_ln38_2_reg_2284    |   8|   0|    8|          0|
    |trunc_ln38_3_reg_2292    |   8|   0|    8|          0|
    |trunc_ln38_4_reg_2299    |   8|   0|    8|          0|
    |trunc_ln38_5_reg_2307    |   8|   0|    8|          0|
    |trunc_ln38_6_reg_2314    |   8|   0|    8|          0|
    |trunc_ln38_7_reg_2321    |   8|   0|    8|          0|
    |trunc_ln38_8_reg_2327    |   8|   0|    8|          0|
    |trunc_ln38_9_reg_2333    |   8|   0|    8|          0|
    |trunc_ln38_reg_2270      |   8|   0|    8|          0|
    |trunc_ln38_s_reg_2338    |   8|   0|    8|          0|
    |trunc_ln717_12_reg_2607  |  10|   0|   10|          0|
    |trunc_ln717_13_reg_2582  |  11|   0|   11|          0|
    |trunc_ln717_15_reg_2692  |  10|   0|   10|          0|
    |trunc_ln717_17_reg_2838  |  13|   0|   13|          0|
    |trunc_ln717_1_reg_2798   |  13|   0|   13|          0|
    |trunc_ln717_29_reg_2667  |  10|   0|   10|          0|
    |trunc_ln717_2_reg_2803   |   9|   0|   13|          4|
    |trunc_ln717_31_reg_2727  |  11|   0|   11|          0|
    |trunc_ln717_33_reg_2732  |  10|   0|   10|          0|
    |trunc_ln717_34_reg_2737  |  11|   0|   11|          0|
    |trunc_ln717_40_reg_2742  |   8|   0|    8|          0|
    |trunc_ln717_41_reg_2389  |   7|   0|    7|          0|
    |trunc_ln717_42_reg_2462  |  11|   0|   11|          0|
    |trunc_ln717_43_reg_2783  |  11|   0|   12|          1|
    |trunc_ln717_45_reg_2522  |  10|   0|   10|          0|
    |trunc_ln717_48_reg_2409  |   5|   0|    5|          0|
    |trunc_ln717_49_reg_2557  |  12|   0|   12|          0|
    |trunc_ln717_4_reg_2592   |  11|   0|   11|          0|
    |trunc_ln717_50_reg_2492  |   9|   0|    9|          0|
    |trunc_ln717_51_reg_2497  |  13|   0|   13|          0|
    |trunc_ln717_52_reg_2502  |  13|   0|   13|          0|
    |trunc_ln717_54_reg_2507  |  13|   0|   13|          0|
    |trunc_ln717_56_reg_2512  |  12|   0|   12|          0|
    |trunc_ln717_5_reg_2597   |  11|   0|   13|          2|
    |trunc_ln717_7_reg_2482   |  13|   0|   13|          0|
    |trunc_ln717_s_reg_2828   |  10|   0|   10|          0|
    +-------------------------+----+----+-----+-----------+
    |Total                    |1145|   0| 1152|          7|
    +-------------------------+----+----+-----+-----------+



================================================================
== Interface
================================================================
* Summary: 
+-------------+-----+-----+------------+---------------------------------------------------------------------------+--------------+
|  RTL Ports  | Dir | Bits|  Protocol  |                               Source Object                               |    C Type    |
+-------------+-----+-----+------------+---------------------------------------------------------------------------+--------------+
|ap_clk       |   in|    1|  ap_ctrl_hs|  dense_latency<ap_fixed<8, 2, 5, 3, 0>, ap_fixed<16, 4, 5, 3, 0>, config2>|  return value|
|ap_rst       |   in|    1|  ap_ctrl_hs|  dense_latency<ap_fixed<8, 2, 5, 3, 0>, ap_fixed<16, 4, 5, 3, 0>, config2>|  return value|
|ap_start     |   in|    1|  ap_ctrl_hs|  dense_latency<ap_fixed<8, 2, 5, 3, 0>, ap_fixed<16, 4, 5, 3, 0>, config2>|  return value|
|ap_done      |  out|    1|  ap_ctrl_hs|  dense_latency<ap_fixed<8, 2, 5, 3, 0>, ap_fixed<16, 4, 5, 3, 0>, config2>|  return value|
|ap_idle      |  out|    1|  ap_ctrl_hs|  dense_latency<ap_fixed<8, 2, 5, 3, 0>, ap_fixed<16, 4, 5, 3, 0>, config2>|  return value|
|ap_ready     |  out|    1|  ap_ctrl_hs|  dense_latency<ap_fixed<8, 2, 5, 3, 0>, ap_fixed<16, 4, 5, 3, 0>, config2>|  return value|
|ap_return_0  |  out|   16|  ap_ctrl_hs|  dense_latency<ap_fixed<8, 2, 5, 3, 0>, ap_fixed<16, 4, 5, 3, 0>, config2>|  return value|
|ap_return_1  |  out|   16|  ap_ctrl_hs|  dense_latency<ap_fixed<8, 2, 5, 3, 0>, ap_fixed<16, 4, 5, 3, 0>, config2>|  return value|
|ap_return_2  |  out|   16|  ap_ctrl_hs|  dense_latency<ap_fixed<8, 2, 5, 3, 0>, ap_fixed<16, 4, 5, 3, 0>, config2>|  return value|
|p_read       |   in|  168|     ap_none|                                                                     p_read|        scalar|
+-------------+-----+-----+------------+---------------------------------------------------------------------------+--------------+

