

================================================================
== Vitis HLS Report for 'relu_ap_fixed_16_4_5_3_0_ap_ufixed_8_0_4_0_0_relu_config7_s'
================================================================
* Date:           Wed Jul 19 12:18:45 2023

* Version:        2021.1 (Build 3247384 on Thu Jun 10 19:36:07 MDT 2021)
* Project:        myproject_prj
* Solution:       solution1 (Vivado IP Flow Target)
* Product family: zynq
* Target device:  xc7z007s-clg225-2


================================================================
== Performance Estimates
================================================================
+ Timing: 
    * Summary: 
    +--------+---------+----------+------------+
    |  Clock |  Target | Estimated| Uncertainty|
    +--------+---------+----------+------------+
    |ap_clk  |  5.00 ns|  3.547 ns|     0.62 ns|
    +--------+---------+----------+------------+

+ Latency: 
    * Summary: 
    +---------+---------+----------+----------+-----+-----+---------+
    |  Latency (cycles) |  Latency (absolute) |  Interval | Pipeline|
    |   min   |   max   |    min   |    max   | min | max |   Type  |
    +---------+---------+----------+----------+-----+-----+---------+
    |        0|        0|      0 ns|      0 ns|    1|    1|      yes|
    +---------+---------+----------+----------+-----+-----+---------+

    + Detail: 
        * Instance: 
        N/A

        * Loop: 
        N/A

============================================================
+ Verbose Summary: Synthesis Manager
============================================================
InlineROM: 1
ExposeGlobal: 0
============================================================
+ Verbose Summary: CDFG Model
============================================================
IsTopModel: 0
ResetActiveHigh: 1
IsCombinational: 0
IsDatapathOnly: 0
HasWiredReturn: 1
HasMFsm: 2
HasVarLatency: 0
IsPipeline: 1
IsRtlPipelined: 0
IsInstanceOverlapped: 0
IsDontTouch: 0
HasImplIP: 0
IsGatedGlobalClock: 0

+ Individual pipeline summary: 
  * Pipeline-0: initiation interval (II) = 1, depth = 1


============================================================
+ Verbose Summary: Schedule
============================================================
* Number of FSM states : 1
* Pipeline : 1
  Pipeline-0 : II = 1, D = 1, States = { 1 }
* Dataflow Pipeline: 0

* FSM state transitions: 
1 --> 

* FSM state operations: 

State 1 <SV = 0> <Delay = 3.54>
ST_1 : Operation 2 [1/1] (0.00ns)   --->   "%p_read22 = read i16 @_ssdm_op_Read.ap_auto.i16, i16 %p_read2" [firmware/nnet_utils/nnet_activation.h:39]   --->   Operation 2 'read' 'p_read22' <Predicate = true> <Delay = 0.00>
ST_1 : Operation 3 [1/1] (0.00ns)   --->   "%p_read11 = read i16 @_ssdm_op_Read.ap_auto.i16, i16 %p_read1" [firmware/nnet_utils/nnet_activation.h:39]   --->   Operation 3 'read' 'p_read11' <Predicate = true> <Delay = 0.00>
ST_1 : Operation 4 [1/1] (0.00ns)   --->   "%specpipeline_ln39 = specpipeline void @_ssdm_op_SpecPipeline, i32 4294967295, i32 0, i32 0, i32 0, void @empty_1" [firmware/nnet_utils/nnet_activation.h:39]   --->   Operation 4 'specpipeline' 'specpipeline_ln39' <Predicate = true> <Delay = 0.00>
ST_1 : Operation 5 [1/1] (2.13ns)   --->   "%icmp_ln1547 = icmp_sgt  i16 %p_read11, i16 0"   --->   Operation 5 'icmp' 'icmp_ln1547' <Predicate = true> <Delay = 2.13> <CoreInst = "Cmp">   --->   Core 9 'Cmp' <Latency = 0> <II = 1> <Delay = 0.96> <FuncUnit> <Opcode : 'icmp'> <InPorts = 2> <OutPorts = 1>
ST_1 : Operation 6 [1/1] (0.00ns) (grouped into LUT with out node add_ln415)   --->   "%trunc_ln1 = partselect i8 @_ssdm_op_PartSelect.i8.i16.i32.i32, i16 %p_read11, i32 4, i32 11"   --->   Operation 6 'partselect' 'trunc_ln1' <Predicate = (icmp_ln1547)> <Delay = 0.00>
ST_1 : Operation 7 [1/1] (0.00ns) (grouped into LUT with out node add_ln415)   --->   "%tmp = bitselect i1 @_ssdm_op_BitSelect.i1.i16.i32, i16 %p_read11, i32 4"   --->   Operation 7 'bitselect' 'tmp' <Predicate = (icmp_ln1547)> <Delay = 0.00>
ST_1 : Operation 8 [1/1] (0.00ns) (grouped into LUT with out node add_ln415)   --->   "%tmp_6 = bitselect i1 @_ssdm_op_BitSelect.i1.i16.i32, i16 %p_read11, i32 3"   --->   Operation 8 'bitselect' 'tmp_6' <Predicate = (icmp_ln1547)> <Delay = 0.00>
ST_1 : Operation 9 [1/1] (0.00ns)   --->   "%trunc_ln727 = trunc i16 %p_read11"   --->   Operation 9 'trunc' 'trunc_ln727' <Predicate = (icmp_ln1547)> <Delay = 0.00>
ST_1 : Operation 10 [1/1] (0.98ns)   --->   "%icmp_ln727 = icmp_ne  i3 %trunc_ln727, i3 0"   --->   Operation 10 'icmp' 'icmp_ln727' <Predicate = (icmp_ln1547)> <Delay = 0.98> <CoreInst = "Cmp">   --->   Core 9 'Cmp' <Latency = 0> <II = 1> <Delay = 0.96> <FuncUnit> <Opcode : 'icmp'> <InPorts = 2> <OutPorts = 1>
ST_1 : Operation 11 [1/1] (0.00ns) (grouped into LUT with out node select_ln394)   --->   "%tmp_7 = bitselect i1 @_ssdm_op_BitSelect.i1.i16.i32, i16 %p_read11, i32 11"   --->   Operation 11 'bitselect' 'tmp_7' <Predicate = (icmp_ln1547)> <Delay = 0.00>
ST_1 : Operation 12 [1/1] (0.00ns) (grouped into LUT with out node add_ln415)   --->   "%or_ln412 = or i1 %tmp, i1 %icmp_ln727"   --->   Operation 12 'or' 'or_ln412' <Predicate = (icmp_ln1547)> <Delay = 0.00> <CoreInst = "LogicGate">   --->   Core 74 'LogicGate' <Latency = 0> <II = 1> <Delay = 0.80> <FuncUnit> <Opcode : 'and' 'or' 'xor'> <InPorts = 2> <OutPorts = 1>
ST_1 : Operation 13 [1/1] (0.00ns) (grouped into LUT with out node add_ln415)   --->   "%and_ln412 = and i1 %or_ln412, i1 %tmp_6"   --->   Operation 13 'and' 'and_ln412' <Predicate = (icmp_ln1547)> <Delay = 0.00> <CoreInst = "LogicGate">   --->   Core 74 'LogicGate' <Latency = 0> <II = 1> <Delay = 0.80> <FuncUnit> <Opcode : 'and' 'or' 'xor'> <InPorts = 2> <OutPorts = 1>
ST_1 : Operation 14 [1/1] (0.00ns) (grouped into LUT with out node add_ln415)   --->   "%zext_ln415 = zext i1 %and_ln412"   --->   Operation 14 'zext' 'zext_ln415' <Predicate = (icmp_ln1547)> <Delay = 0.00>
ST_1 : Operation 15 [1/1] (1.30ns) (out node of the LUT)   --->   "%add_ln415 = add i8 %trunc_ln1, i8 %zext_ln415"   --->   Operation 15 'add' 'add_ln415' <Predicate = (icmp_ln1547)> <Delay = 1.30> <CoreInst = "Adder">   --->   Core 1 'Adder' <Latency = 0> <II = 1> <Delay = 1.30> <FuncUnit> <Opcode : 'add' 'sub'> <InPorts = 2> <OutPorts = 1>
ST_1 : Operation 16 [1/1] (0.00ns) (grouped into LUT with out node select_ln394)   --->   "%tmp_8 = bitselect i1 @_ssdm_op_BitSelect.i1.i8.i32, i8 %add_ln415, i32 7"   --->   Operation 16 'bitselect' 'tmp_8' <Predicate = (icmp_ln1547 & tmp_7)> <Delay = 0.00>
ST_1 : Operation 17 [1/1] (0.00ns)   --->   "%p_Result_29_1 = partselect i4 @_ssdm_op_PartSelect.i4.i16.i32.i32, i16 %p_read11, i32 12, i32 15"   --->   Operation 17 'partselect' 'p_Result_29_1' <Predicate = (icmp_ln1547)> <Delay = 0.00>
ST_1 : Operation 18 [1/1] (0.96ns)   --->   "%icmp_ln1049 = icmp_eq  i4 %p_Result_29_1, i4 15"   --->   Operation 18 'icmp' 'icmp_ln1049' <Predicate = (icmp_ln1547 & !tmp_8 & tmp_7)> <Delay = 0.96> <CoreInst = "Cmp">   --->   Core 9 'Cmp' <Latency = 0> <II = 1> <Delay = 0.96> <FuncUnit> <Opcode : 'icmp'> <InPorts = 2> <OutPorts = 1>
ST_1 : Operation 19 [1/1] (0.96ns)   --->   "%icmp_ln777 = icmp_eq  i4 %p_Result_29_1, i4 0"   --->   Operation 19 'icmp' 'icmp_ln777' <Predicate = (icmp_ln1547)> <Delay = 0.96> <CoreInst = "Cmp">   --->   Core 9 'Cmp' <Latency = 0> <II = 1> <Delay = 0.96> <FuncUnit> <Opcode : 'icmp'> <InPorts = 2> <OutPorts = 1>
ST_1 : Operation 20 [1/1] (0.00ns) (grouped into LUT with out node select_ln394)   --->   "%select_ln787 = select i1 %tmp_8, i1 %icmp_ln777, i1 %icmp_ln1049"   --->   Operation 20 'select' 'select_ln787' <Predicate = (icmp_ln1547 & tmp_7)> <Delay = 0.00> <CoreInst = "Sel">   --->   Core 73 'Sel' <Latency = 0> <II = 1> <Delay = 0.44> <FuncUnit> <Opcode : 'select'> <InPorts = 3> <OutPorts = 1>
ST_1 : Operation 21 [1/1] (0.00ns) (grouped into LUT with out node select_ln394)   --->   "%select_ln403 = select i1 %tmp_7, i1 %select_ln787, i1 %icmp_ln777"   --->   Operation 21 'select' 'select_ln403' <Predicate = (icmp_ln1547)> <Delay = 0.00> <CoreInst = "Sel">   --->   Core 73 'Sel' <Latency = 0> <II = 1> <Delay = 0.44> <FuncUnit> <Opcode : 'select'> <InPorts = 3> <OutPorts = 1>
ST_1 : Operation 22 [1/1] (0.81ns) (out node of the LUT)   --->   "%select_ln394 = select i1 %select_ln403, i8 %add_ln415, i8 255"   --->   Operation 22 'select' 'select_ln394' <Predicate = (icmp_ln1547)> <Delay = 0.81> <CoreInst = "Sel">   --->   Core 73 'Sel' <Latency = 0> <II = 1> <Delay = 0.44> <FuncUnit> <Opcode : 'select'> <InPorts = 3> <OutPorts = 1>
ST_1 : Operation 23 [1/1] (0.44ns) (out node of the LUT)   --->   "%select_ln1547 = select i1 %icmp_ln1547, i8 %select_ln394, i8 0"   --->   Operation 23 'select' 'select_ln1547' <Predicate = true> <Delay = 0.44> <CoreInst = "Sel">   --->   Core 73 'Sel' <Latency = 0> <II = 1> <Delay = 0.44> <FuncUnit> <Opcode : 'select'> <InPorts = 3> <OutPorts = 1>
ST_1 : Operation 24 [1/1] (2.13ns)   --->   "%icmp_ln1547_1 = icmp_sgt  i16 %p_read22, i16 0"   --->   Operation 24 'icmp' 'icmp_ln1547_1' <Predicate = true> <Delay = 2.13> <CoreInst = "Cmp">   --->   Core 9 'Cmp' <Latency = 0> <II = 1> <Delay = 0.96> <FuncUnit> <Opcode : 'icmp'> <InPorts = 2> <OutPorts = 1>
ST_1 : Operation 25 [1/1] (0.00ns) (grouped into LUT with out node add_ln415_1)   --->   "%trunc_ln717_2 = partselect i8 @_ssdm_op_PartSelect.i8.i16.i32.i32, i16 %p_read22, i32 4, i32 11"   --->   Operation 25 'partselect' 'trunc_ln717_2' <Predicate = (icmp_ln1547_1)> <Delay = 0.00>
ST_1 : Operation 26 [1/1] (0.00ns) (grouped into LUT with out node add_ln415_1)   --->   "%tmp_9 = bitselect i1 @_ssdm_op_BitSelect.i1.i16.i32, i16 %p_read22, i32 4"   --->   Operation 26 'bitselect' 'tmp_9' <Predicate = (icmp_ln1547_1)> <Delay = 0.00>
ST_1 : Operation 27 [1/1] (0.00ns) (grouped into LUT with out node add_ln415_1)   --->   "%tmp_10 = bitselect i1 @_ssdm_op_BitSelect.i1.i16.i32, i16 %p_read22, i32 3"   --->   Operation 27 'bitselect' 'tmp_10' <Predicate = (icmp_ln1547_1)> <Delay = 0.00>
ST_1 : Operation 28 [1/1] (0.00ns)   --->   "%trunc_ln727_1 = trunc i16 %p_read22"   --->   Operation 28 'trunc' 'trunc_ln727_1' <Predicate = (icmp_ln1547_1)> <Delay = 0.00>
ST_1 : Operation 29 [1/1] (0.98ns)   --->   "%icmp_ln727_1 = icmp_ne  i3 %trunc_ln727_1, i3 0"   --->   Operation 29 'icmp' 'icmp_ln727_1' <Predicate = (icmp_ln1547_1)> <Delay = 0.98> <CoreInst = "Cmp">   --->   Core 9 'Cmp' <Latency = 0> <II = 1> <Delay = 0.96> <FuncUnit> <Opcode : 'icmp'> <InPorts = 2> <OutPorts = 1>
ST_1 : Operation 30 [1/1] (0.00ns) (grouped into LUT with out node select_ln394_1)   --->   "%tmp_11 = bitselect i1 @_ssdm_op_BitSelect.i1.i16.i32, i16 %p_read22, i32 11"   --->   Operation 30 'bitselect' 'tmp_11' <Predicate = (icmp_ln1547_1)> <Delay = 0.00>
ST_1 : Operation 31 [1/1] (0.00ns) (grouped into LUT with out node add_ln415_1)   --->   "%or_ln412_1 = or i1 %tmp_9, i1 %icmp_ln727_1"   --->   Operation 31 'or' 'or_ln412_1' <Predicate = (icmp_ln1547_1)> <Delay = 0.00> <CoreInst = "LogicGate">   --->   Core 74 'LogicGate' <Latency = 0> <II = 1> <Delay = 0.80> <FuncUnit> <Opcode : 'and' 'or' 'xor'> <InPorts = 2> <OutPorts = 1>
ST_1 : Operation 32 [1/1] (0.00ns) (grouped into LUT with out node add_ln415_1)   --->   "%and_ln412_1 = and i1 %or_ln412_1, i1 %tmp_10"   --->   Operation 32 'and' 'and_ln412_1' <Predicate = (icmp_ln1547_1)> <Delay = 0.00> <CoreInst = "LogicGate">   --->   Core 74 'LogicGate' <Latency = 0> <II = 1> <Delay = 0.80> <FuncUnit> <Opcode : 'and' 'or' 'xor'> <InPorts = 2> <OutPorts = 1>
ST_1 : Operation 33 [1/1] (0.00ns) (grouped into LUT with out node add_ln415_1)   --->   "%zext_ln415_1 = zext i1 %and_ln412_1"   --->   Operation 33 'zext' 'zext_ln415_1' <Predicate = (icmp_ln1547_1)> <Delay = 0.00>
ST_1 : Operation 34 [1/1] (1.30ns) (out node of the LUT)   --->   "%add_ln415_1 = add i8 %trunc_ln717_2, i8 %zext_ln415_1"   --->   Operation 34 'add' 'add_ln415_1' <Predicate = (icmp_ln1547_1)> <Delay = 1.30> <CoreInst = "Adder">   --->   Core 1 'Adder' <Latency = 0> <II = 1> <Delay = 1.30> <FuncUnit> <Opcode : 'add' 'sub'> <InPorts = 2> <OutPorts = 1>
ST_1 : Operation 35 [1/1] (0.00ns) (grouped into LUT with out node select_ln394_1)   --->   "%tmp_12 = bitselect i1 @_ssdm_op_BitSelect.i1.i8.i32, i8 %add_ln415_1, i32 7"   --->   Operation 35 'bitselect' 'tmp_12' <Predicate = (icmp_ln1547_1 & tmp_11)> <Delay = 0.00>
ST_1 : Operation 36 [1/1] (0.00ns)   --->   "%p_Result_29_2 = partselect i4 @_ssdm_op_PartSelect.i4.i16.i32.i32, i16 %p_read22, i32 12, i32 15"   --->   Operation 36 'partselect' 'p_Result_29_2' <Predicate = (icmp_ln1547_1)> <Delay = 0.00>
ST_1 : Operation 37 [1/1] (0.96ns)   --->   "%icmp_ln1049_1 = icmp_eq  i4 %p_Result_29_2, i4 15"   --->   Operation 37 'icmp' 'icmp_ln1049_1' <Predicate = (icmp_ln1547_1 & !tmp_12 & tmp_11)> <Delay = 0.96> <CoreInst = "Cmp">   --->   Core 9 'Cmp' <Latency = 0> <II = 1> <Delay = 0.96> <FuncUnit> <Opcode : 'icmp'> <InPorts = 2> <OutPorts = 1>
ST_1 : Operation 38 [1/1] (0.96ns)   --->   "%icmp_ln777_1 = icmp_eq  i4 %p_Result_29_2, i4 0"   --->   Operation 38 'icmp' 'icmp_ln777_1' <Predicate = (icmp_ln1547_1)> <Delay = 0.96> <CoreInst = "Cmp">   --->   Core 9 'Cmp' <Latency = 0> <II = 1> <Delay = 0.96> <FuncUnit> <Opcode : 'icmp'> <InPorts = 2> <OutPorts = 1>
ST_1 : Operation 39 [1/1] (0.00ns) (grouped into LUT with out node select_ln394_1)   --->   "%select_ln787_1 = select i1 %tmp_12, i1 %icmp_ln777_1, i1 %icmp_ln1049_1"   --->   Operation 39 'select' 'select_ln787_1' <Predicate = (icmp_ln1547_1 & tmp_11)> <Delay = 0.00> <CoreInst = "Sel">   --->   Core 73 'Sel' <Latency = 0> <II = 1> <Delay = 0.44> <FuncUnit> <Opcode : 'select'> <InPorts = 3> <OutPorts = 1>
ST_1 : Operation 40 [1/1] (0.00ns) (grouped into LUT with out node select_ln394_1)   --->   "%select_ln403_1 = select i1 %tmp_11, i1 %select_ln787_1, i1 %icmp_ln777_1"   --->   Operation 40 'select' 'select_ln403_1' <Predicate = (icmp_ln1547_1)> <Delay = 0.00> <CoreInst = "Sel">   --->   Core 73 'Sel' <Latency = 0> <II = 1> <Delay = 0.44> <FuncUnit> <Opcode : 'select'> <InPorts = 3> <OutPorts = 1>
ST_1 : Operation 41 [1/1] (0.81ns) (out node of the LUT)   --->   "%select_ln394_1 = select i1 %select_ln403_1, i8 %add_ln415_1, i8 255"   --->   Operation 41 'select' 'select_ln394_1' <Predicate = (icmp_ln1547_1)> <Delay = 0.81> <CoreInst = "Sel">   --->   Core 73 'Sel' <Latency = 0> <II = 1> <Delay = 0.44> <FuncUnit> <Opcode : 'select'> <InPorts = 3> <OutPorts = 1>
ST_1 : Operation 42 [1/1] (0.44ns) (out node of the LUT)   --->   "%select_ln1547_1 = select i1 %icmp_ln1547_1, i8 %select_ln394_1, i8 0"   --->   Operation 42 'select' 'select_ln1547_1' <Predicate = true> <Delay = 0.44> <CoreInst = "Sel">   --->   Core 73 'Sel' <Latency = 0> <II = 1> <Delay = 0.44> <FuncUnit> <Opcode : 'select'> <InPorts = 3> <OutPorts = 1>
ST_1 : Operation 43 [1/1] (0.00ns)   --->   "%newret = insertvalue i16 <undef>, i8 %select_ln1547"   --->   Operation 43 'insertvalue' 'newret' <Predicate = true> <Delay = 0.00>
ST_1 : Operation 44 [1/1] (0.00ns)   --->   "%newret2 = insertvalue i16 %newret, i8 %select_ln1547_1"   --->   Operation 44 'insertvalue' 'newret2' <Predicate = true> <Delay = 0.00>
ST_1 : Operation 45 [1/1] (0.00ns)   --->   "%ret_ln1547 = ret i16 %newret2"   --->   Operation 45 'ret' 'ret_ln1547' <Predicate = true> <Delay = 0.00>


============================================================
+ Verbose Summary: Timing violations
============================================================
Target clock period: 5ns, clock uncertainty: 0.625ns.

 <State 1>: 3.55ns
The critical path consists of the following:
	wire read operation ('data.V[1]', firmware/nnet_utils/nnet_activation.h:39) on port 'p_read1' (firmware/nnet_utils/nnet_activation.h:39) [4]  (0 ns)
	'icmp' operation ('icmp_ln727') [11]  (0.98 ns)
	'or' operation ('or_ln412') [13]  (0 ns)
	'and' operation ('and_ln412') [14]  (0 ns)
	'add' operation ('add_ln415') [16]  (1.31 ns)
	'select' operation ('select_ln394') [23]  (0.813 ns)
	'select' operation ('res.V[1]') [24]  (0.448 ns)


============================================================
+ Verbose Summary: Binding
============================================================
N/A
* FSMD analyzer results:
  - Output states:
 - Input state : 
  - Chain level:
	State 1


============================================================
+ Verbose Summary: Datapath Resource usage 
============================================================
N/A
