

================================================================
== Vitis HLS Report for 'dense_latency_ap_fixed_8_2_5_3_0_ap_fixed_16_4_5_3_0_config2_s'
================================================================
* Date:           Sat Jul 22 14:11:38 2023

* Version:        2021.1 (Build 3247384 on Thu Jun 10 19:36:07 MDT 2021)
* Project:        myproject_prj
* Solution:       solution1 (Vivado IP Flow Target)
* Product family: zynq
* Target device:  xc7z007s-clg225-2


================================================================
== Performance Estimates
================================================================
+ Timing: 
    * Summary: 
    +--------+---------+----------+------------+
    |  Clock |  Target | Estimated| Uncertainty|
    +--------+---------+----------+------------+
    |ap_clk  |  3.33 ns|  5.282 ns|     0.42 ns|
    +--------+---------+----------+------------+

+ Latency: 
    * Summary: 
    +---------+---------+-----------+-----------+-----+-----+---------+
    |  Latency (cycles) |   Latency (absolute)  |  Interval | Pipeline|
    |   min   |   max   |    min    |    max    | min | max |   Type  |
    +---------+---------+-----------+-----------+-----+-----+---------+
    |        4|        4|  21.128 ns|  21.128 ns|    2|    2|      yes|
    +---------+---------+-----------+-----------+-----+-----+---------+

    + Detail: 
        * Instance: 
        N/A

        * Loop: 
        N/A



================================================================
== Utilization Estimates
================================================================
* Summary: 
+-----------------+---------+----+-------+-------+-----+
|       Name      | BRAM_18K| DSP|   FF  |  LUT  | URAM|
+-----------------+---------+----+-------+-------+-----+
|DSP              |        -|   -|      -|      -|    -|
|Expression       |        -|   -|      0|   1207|    -|
|FIFO             |        -|   -|      -|      -|    -|
|Instance         |        -|   0|      0|   1984|    -|
|Memory           |        -|   -|      -|      -|    -|
|Multiplexer      |        -|   -|      -|     31|    -|
|Register         |        -|   -|   1169|      -|    -|
+-----------------+---------+----+-------+-------+-----+
|Total            |        0|   0|   1169|   3222|    0|
+-----------------+---------+----+-------+-------+-----+
|Available        |      100|  66|  28800|  14400|    0|
+-----------------+---------+----+-------+-------+-----+
|Utilization (%)  |        0|   0|      4|     22|    0|
+-----------------+---------+----+-------+-------+-----+

+ Detail: 
    * Instance: 
    +-----------------------+-------------------+---------+----+---+----+-----+
    |        Instance       |       Module      | BRAM_18K| DSP| FF| LUT| URAM|
    +-----------------------+-------------------+---------+----+---+----+-----+
    |mul_8s_5ns_13_1_1_U30  |mul_8s_5ns_13_1_1  |        0|   0|  0|  62|    0|
    |mul_8s_6ns_14_1_1_U5   |mul_8s_6ns_14_1_1  |        0|   0|  0|  62|    0|
    |mul_8s_6ns_14_1_1_U8   |mul_8s_6ns_14_1_1  |        0|   0|  0|  62|    0|
    |mul_8s_6ns_14_1_1_U9   |mul_8s_6ns_14_1_1  |        0|   0|  0|  62|    0|
    |mul_8s_6s_14_1_1_U3    |mul_8s_6s_14_1_1   |        0|   0|  0|  62|    0|
    |mul_8s_6s_14_1_1_U6    |mul_8s_6s_14_1_1   |        0|   0|  0|  62|    0|
    |mul_8s_6s_14_1_1_U22   |mul_8s_6s_14_1_1   |        0|   0|  0|  62|    0|
    |mul_8s_6s_14_1_1_U29   |mul_8s_6s_14_1_1   |        0|   0|  0|  62|    0|
    |mul_8s_7ns_15_1_1_U2   |mul_8s_7ns_15_1_1  |        0|   0|  0|  62|    0|
    |mul_8s_7ns_15_1_1_U4   |mul_8s_7ns_15_1_1  |        0|   0|  0|  62|    0|
    |mul_8s_7ns_15_1_1_U7   |mul_8s_7ns_15_1_1  |        0|   0|  0|  62|    0|
    |mul_8s_7ns_15_1_1_U12  |mul_8s_7ns_15_1_1  |        0|   0|  0|  62|    0|
    |mul_8s_7ns_15_1_1_U19  |mul_8s_7ns_15_1_1  |        0|   0|  0|  62|    0|
    |mul_8s_7ns_15_1_1_U23  |mul_8s_7ns_15_1_1  |        0|   0|  0|  62|    0|
    |mul_8s_7s_15_1_1_U1    |mul_8s_7s_15_1_1   |        0|   0|  0|  62|    0|
    |mul_8s_7s_15_1_1_U14   |mul_8s_7s_15_1_1   |        0|   0|  0|  62|    0|
    |mul_8s_7s_15_1_1_U25   |mul_8s_7s_15_1_1   |        0|   0|  0|  62|    0|
    |mul_8s_7s_15_1_1_U31   |mul_8s_7s_15_1_1   |        0|   0|  0|  62|    0|
    |mul_8s_8ns_16_1_1_U13  |mul_8s_8ns_16_1_1  |        0|   0|  0|  62|    0|
    |mul_8s_8ns_16_1_1_U16  |mul_8s_8ns_16_1_1  |        0|   0|  0|  62|    0|
    |mul_8s_8ns_16_1_1_U20  |mul_8s_8ns_16_1_1  |        0|   0|  0|  62|    0|
    |mul_8s_8ns_16_1_1_U21  |mul_8s_8ns_16_1_1  |        0|   0|  0|  62|    0|
    |mul_8s_8ns_16_1_1_U24  |mul_8s_8ns_16_1_1  |        0|   0|  0|  62|    0|
    |mul_8s_8ns_16_1_1_U28  |mul_8s_8ns_16_1_1  |        0|   0|  0|  62|    0|
    |mul_8s_8ns_16_1_1_U32  |mul_8s_8ns_16_1_1  |        0|   0|  0|  62|    0|
    |mul_8s_8s_16_1_1_U10   |mul_8s_8s_16_1_1   |        0|   0|  0|  62|    0|
    |mul_8s_8s_16_1_1_U11   |mul_8s_8s_16_1_1   |        0|   0|  0|  62|    0|
    |mul_8s_8s_16_1_1_U15   |mul_8s_8s_16_1_1   |        0|   0|  0|  62|    0|
    |mul_8s_8s_16_1_1_U17   |mul_8s_8s_16_1_1   |        0|   0|  0|  62|    0|
    |mul_8s_8s_16_1_1_U18   |mul_8s_8s_16_1_1   |        0|   0|  0|  62|    0|
    |mul_8s_8s_16_1_1_U26   |mul_8s_8s_16_1_1   |        0|   0|  0|  62|    0|
    |mul_8s_8s_16_1_1_U27   |mul_8s_8s_16_1_1   |        0|   0|  0|  62|    0|
    +-----------------------+-------------------+---------+----+---+----+-----+
    |Total                  |                   |        0|   0|  0|1984|    0|
    +-----------------------+-------------------+---------+----+---+----+-----+

    * DSP: 
    N/A

    * Memory: 
    N/A

    * FIFO: 
    N/A

    * Expression: 
    +--------------------------+----------+----+---+----+------------+------------+
    |       Variable Name      | Operation| DSP| FF| LUT| Bitwidth P0| Bitwidth P1|
    +--------------------------+----------+----+---+----+------------+------------+
    |add_ln1171_1_fu_5216_p2   |         +|   0|  0|  13|          13|          13|
    |add_ln1171_2_fu_4737_p2   |         +|   0|  0|  11|          11|          11|
    |add_ln1171_fu_4308_p2     |         +|   0|  0|  14|          14|          14|
    |add_ln740_10_fu_5565_p2   |         +|   0|  0|  14|          14|          14|
    |add_ln740_11_fu_5571_p2   |         +|   0|  0|  14|          14|          14|
    |add_ln740_12_fu_6041_p2   |         +|   0|  0|  14|          14|          14|
    |add_ln740_13_fu_6046_p2   |         +|   0|  0|  14|          14|          14|
    |add_ln740_14_fu_5577_p2   |         +|   0|  0|  14|          14|          14|
    |add_ln740_15_fu_5583_p2   |         +|   0|  0|  14|          14|          14|
    |add_ln740_16_fu_6052_p2   |         +|   0|  0|  14|          14|          14|
    |add_ln740_17_fu_6136_p2   |         +|   0|  0|  14|          14|          14|
    |add_ln740_18_fu_5589_p2   |         +|   0|  0|  14|          14|          14|
    |add_ln740_19_fu_5174_p2   |         +|   0|  0|  10|          10|          10|
    |add_ln740_20_fu_5935_p2   |         +|   0|  0|  11|          11|          11|
    |add_ln740_21_fu_6060_p2   |         +|   0|  0|  14|          14|          14|
    |add_ln740_22_fu_5595_p2   |         +|   0|  0|  14|          14|          14|
    |add_ln740_23_fu_5941_p2   |         +|   0|  0|  14|          14|          14|
    |add_ln740_24_fu_5180_p2   |         +|   0|  0|   9|           9|           9|
    |add_ln740_25_fu_5190_p2   |         +|   0|  0|  10|          10|          10|
    |add_ln740_26_fu_5949_p2   |         +|   0|  0|  14|          14|          14|
    |add_ln740_27_fu_6065_p2   |         +|   0|  0|  14|          14|          14|
    |add_ln740_28_fu_6070_p2   |         +|   0|  0|  14|          14|          14|
    |add_ln740_29_fu_5601_p2   |         +|   0|  0|  14|          14|          14|
    |add_ln740_30_fu_5607_p2   |         +|   0|  0|  14|          14|          14|
    |add_ln740_31_fu_6076_p2   |         +|   0|  0|  14|          14|          14|
    |add_ln740_32_fu_5613_p2   |         +|   0|  0|  14|          14|          14|
    |add_ln740_33_fu_5955_p2   |         +|   0|  0|  14|          14|          14|
    |add_ln740_34_fu_5619_p2   |         +|   0|  0|  14|          14|          14|
    |add_ln740_35_fu_5625_p2   |         +|   0|  0|  14|          14|          14|
    |add_ln740_36_fu_5960_p2   |         +|   0|  0|  14|          14|          14|
    |add_ln740_37_fu_6153_p2   |         +|   0|  0|  14|          14|          14|
    |add_ln740_38_fu_5965_p2   |         +|   0|  0|  12|          12|          12|
    |add_ln740_39_fu_5631_p2   |         +|   0|  0|  12|          12|          12|
    |add_ln740_3_fu_6157_p2    |         +|   0|  0|  14|          14|          14|
    |add_ln740_40_fu_5974_p2   |         +|   0|  0|  13|          13|          13|
    |add_ln740_41_fu_6087_p2   |         +|   0|  0|  14|          14|          14|
    |add_ln740_42_fu_5637_p2   |         +|   0|  0|  14|          14|          14|
    |add_ln740_43_fu_5980_p2   |         +|   0|  0|  14|          14|          14|
    |add_ln740_44_fu_5643_p2   |         +|   0|  0|   6|           6|           5|
    |add_ln740_45_fu_5653_p2   |         +|   0|  0|  13|          13|          13|
    |add_ln740_46_fu_5988_p2   |         +|   0|  0|  14|          14|          14|
    |add_ln740_47_fu_6093_p2   |         +|   0|  0|  14|          14|          14|
    |add_ln740_48_fu_6098_p2   |         +|   0|  0|  14|          14|          14|
    |add_ln740_49_fu_5659_p2   |         +|   0|  0|  14|          13|          13|
    |add_ln740_4_fu_6174_p2    |         +|   0|  0|  14|          14|          14|
    |add_ln740_50_fu_5665_p2   |         +|   0|  0|  14|          13|          13|
    |add_ln740_51_fu_6107_p2   |         +|   0|  0|  14|          14|          14|
    |add_ln740_52_fu_5671_p2   |         +|   0|  0|  14|          14|          14|
    |add_ln740_53_fu_6113_p2   |         +|   0|  0|  14|          14|          14|
    |add_ln740_54_fu_5677_p2   |         +|   0|  0|  14|          14|          14|
    |add_ln740_55_fu_5683_p2   |         +|   0|  0|  14|          14|          14|
    |add_ln740_56_fu_6118_p2   |         +|   0|  0|  14|          14|          14|
    |add_ln740_57_fu_6170_p2   |         +|   0|  0|  14|          14|          14|
    |add_ln740_58_fu_5689_p2   |         +|   0|  0|  13|          13|          13|
    |add_ln740_59_fu_5695_p2   |         +|   0|  0|  14|          14|          14|
    |add_ln740_60_fu_5701_p2   |         +|   0|  0|  14|          14|          14|
    |add_ln740_61_fu_6126_p2   |         +|   0|  0|  14|          14|          14|
    |add_ln740_62_fu_5707_p2   |         +|   0|  0|  14|          14|          14|
    |add_ln740_63_fu_5994_p2   |         +|   0|  0|  14|          14|          14|
    |add_ln740_64_fu_5196_p2   |         +|   0|  0|  10|          10|           9|
    |add_ln740_65_fu_5716_p2   |         +|   0|  0|  13|          13|          13|
    |add_ln740_66_fu_6002_p2   |         +|   0|  0|  14|          14|          14|
    |add_ln740_67_fu_6131_p2   |         +|   0|  0|  14|          14|          14|
    |add_ln740_9_fu_6035_p2    |         +|   0|  0|  14|          14|          14|
    |add_ln740_fu_6140_p2      |         +|   0|  0|  14|          14|          14|
    |sub_ln1171_10_fu_4122_p2  |         -|   0|  0|  14|          14|          14|
    |sub_ln1171_11_fu_4150_p2  |         -|   0|  0|  16|          16|          16|
    |sub_ln1171_12_fu_4208_p2  |         -|   0|  0|  16|          16|          16|
    |sub_ln1171_13_fu_5892_p2  |         -|   0|  0|  16|          16|          16|
    |sub_ln1171_14_fu_4557_p2  |         -|   0|  0|  13|          13|          13|
    |sub_ln1171_15_fu_5261_p2  |         -|   0|  0|  14|          14|          14|
    |sub_ln1171_16_fu_5288_p2  |         -|   0|  0|  10|           1|          10|
    |sub_ln1171_17_fu_5318_p2  |         -|   0|  0|  13|          13|          13|
    |sub_ln1171_18_fu_5356_p2  |         -|   0|  0|  14|          14|          14|
    |sub_ln1171_19_fu_4711_p2  |         -|   0|  0|  11|           1|          11|
    |sub_ln1171_20_fu_4812_p2  |         -|   0|  0|  15|          15|          15|
    |sub_ln1171_21_fu_5413_p2  |         -|   0|  0|  14|           1|          15|
    |sub_ln1171_22_fu_5430_p2  |         -|   0|  0|  14|          15|          15|
    |sub_ln1171_23_fu_4937_p2  |         -|   0|  0|  12|          12|          12|
    |sub_ln1171_24_fu_4977_p2  |         -|   0|  0|  16|          16|          16|
    |sub_ln1171_25_fu_5032_p2  |         -|   0|  0|  16|          16|          16|
    |sub_ln1171_26_fu_5070_p2  |         -|   0|  0|  16|          16|          16|
    |sub_ln1171_27_fu_5118_p2  |         -|   0|  0|  11|          11|          11|
    |sub_ln1171_28_fu_4654_p2  |         -|   0|  0|  12|          12|          12|
    |sub_ln1171_29_fu_5386_p2  |         -|   0|  0|  13|          13|          13|
    |sub_ln1171_7_fu_5803_p2   |         -|   0|  0|  16|          16|          16|
    |sub_ln1171_8_fu_5819_p2   |         -|   0|  0|  16|           1|          16|
    |sub_ln1171_9_fu_4104_p2   |         -|   0|  0|  14|           1|          14|
    |sub_ln1171_fu_5772_p2     |         -|   0|  0|  13|          13|          13|
    |ap_enable_pp0             |       xor|   0|  0|   2|           1|           2|
    +--------------------------+----------+----+---+----+------------+------------+
    |Total                     |          |   0|  0|1207|        1145|        1205|
    +--------------------------+----------+----+---+----+------------+------------+

    * Multiplexer: 
    +-------------------------+----+-----------+-----+-----------+
    |           Name          | LUT| Input Size| Bits| Total Bits|
    +-------------------------+----+-----------+-----+-----------+
    |ap_NS_fsm                |  13|          3|    1|          3|
    |ap_enable_reg_pp0_iter0  |   9|          2|    1|          2|
    |ap_enable_reg_pp0_iter2  |   9|          2|    1|          2|
    +-------------------------+----+-----------+-----+-----------+
    |Total                    |  31|          7|    3|          7|
    +-------------------------+----+-----------+-----+-----------+

    * Register: 
    +-----------------------------+----+----+-----+-----------+
    |             Name            | FF | LUT| Bits| Const Bits|
    +-----------------------------+----+----+-----+-----------+
    |add_ln740_11_reg_6504        |  14|   0|   14|          0|
    |add_ln740_12_reg_6669        |  14|   0|   14|          0|
    |add_ln740_15_reg_6509        |  14|   0|   14|          0|
    |add_ln740_16_reg_6674        |  14|   0|   14|          0|
    |add_ln740_18_reg_6514        |  14|   0|   14|          0|
    |add_ln740_19_reg_6459        |  10|   0|   10|          0|
    |add_ln740_20_reg_6634        |  11|   0|   11|          0|
    |add_ln740_22_reg_6519        |  14|   0|   14|          0|
    |add_ln740_25_reg_6464        |  10|   0|   10|          0|
    |add_ln740_26_reg_6639        |  14|   0|   14|          0|
    |add_ln740_27_reg_6679        |  14|   0|   14|          0|
    |add_ln740_30_reg_6524        |  14|   0|   14|          0|
    |add_ln740_31_reg_6684        |  14|   0|   14|          0|
    |add_ln740_32_reg_6529        |  14|   0|   14|          0|
    |add_ln740_35_reg_6534        |  14|   0|   14|          0|
    |add_ln740_36_reg_6644        |  14|   0|   14|          0|
    |add_ln740_38_reg_6649        |  12|   0|   12|          0|
    |add_ln740_39_reg_6539        |  12|   0|   12|          0|
    |add_ln740_40_reg_6654        |  13|   0|   13|          0|
    |add_ln740_42_reg_6544        |  14|   0|   14|          0|
    |add_ln740_45_reg_6549        |  13|   0|   13|          0|
    |add_ln740_46_reg_6659        |  14|   0|   14|          0|
    |add_ln740_47_reg_6689        |  14|   0|   14|          0|
    |add_ln740_50_reg_6554        |  13|   0|   13|          0|
    |add_ln740_51_reg_6694        |  14|   0|   14|          0|
    |add_ln740_52_reg_6559        |  14|   0|   14|          0|
    |add_ln740_55_reg_6564        |  14|   0|   14|          0|
    |add_ln740_56_reg_6699        |  14|   0|   14|          0|
    |add_ln740_58_reg_6569        |  13|   0|   13|          0|
    |add_ln740_60_reg_6574        |  14|   0|   14|          0|
    |add_ln740_62_reg_6579        |  14|   0|   14|          0|
    |add_ln740_64_reg_6469        |  10|   0|   10|          0|
    |add_ln740_65_reg_6584        |  13|   0|   13|          0|
    |add_ln740_66_reg_6664        |  14|   0|   14|          0|
    |add_ln740_67_reg_6704        |  14|   0|   14|          0|
    |ap_CS_fsm                    |   2|   0|    2|          0|
    |ap_enable_reg_pp0_iter0_reg  |   1|   0|    1|          0|
    |ap_enable_reg_pp0_iter1      |   1|   0|    1|          0|
    |ap_enable_reg_pp0_iter2      |   1|   0|    1|          0|
    |trunc_ln38_10_reg_6342       |   8|   0|    8|          0|
    |trunc_ln38_11_reg_6354       |   8|   0|    8|          0|
    |trunc_ln38_15_reg_6392       |   8|   0|    8|          0|
    |trunc_ln38_16_reg_6408       |   8|   0|    8|          0|
    |trunc_ln38_1_reg_6213        |   8|   0|    8|          0|
    |trunc_ln38_5_reg_6264        |   8|   0|    8|          0|
    |trunc_ln38_6_reg_6271        |   8|   0|    8|          0|
    |trunc_ln38_7_reg_6282        |   8|   0|    8|          0|
    |trunc_ln38_reg_6205          |   8|   0|    8|          0|
    |trunc_ln5_reg_6589           |  12|   0|   12|          0|
    |trunc_ln717_10_reg_6244      |  12|   0|   12|          0|
    |trunc_ln717_11_reg_6249      |  12|   0|   12|          0|
    |trunc_ln717_12_reg_6254      |  10|   0|   10|          0|
    |trunc_ln717_13_reg_6259      |  11|   0|   11|          0|
    |trunc_ln717_14_reg_6619      |  11|   0|   11|          0|
    |trunc_ln717_15_reg_6474      |  10|   0|   10|          0|
    |trunc_ln717_16_reg_6624      |  11|   0|   11|          0|
    |trunc_ln717_17_reg_6629      |  13|   0|   13|          0|
    |trunc_ln717_18_reg_6277      |  13|   0|   13|          0|
    |trunc_ln717_19_reg_6287      |  13|   0|   13|          0|
    |trunc_ln717_1_reg_6604       |  13|   0|   13|          0|
    |trunc_ln717_20_reg_6292      |  13|   0|   13|          0|
    |trunc_ln717_21_reg_6297      |  12|   0|   12|          0|
    |trunc_ln717_22_reg_6302      |  13|   0|   13|          0|
    |trunc_ln717_23_reg_6307      |  13|   0|   13|          0|
    |trunc_ln717_24_reg_6312      |  13|   0|   13|          0|
    |trunc_ln717_25_reg_6317      |  13|   0|   13|          0|
    |trunc_ln717_26_reg_6322      |  13|   0|   13|          0|
    |trunc_ln717_27_reg_6327      |  13|   0|   13|          0|
    |trunc_ln717_28_reg_6332      |  11|   0|   11|          0|
    |trunc_ln717_29_reg_6337      |  10|   0|   10|          0|
    |trunc_ln717_2_reg_6609       |   9|   0|   13|          4|
    |trunc_ln717_30_reg_6349      |  12|   0|   12|          0|
    |trunc_ln717_31_reg_6479      |  11|   0|   11|          0|
    |trunc_ln717_33_reg_6484      |  10|   0|   10|          0|
    |trunc_ln717_34_reg_6489      |  11|   0|   11|          0|
    |trunc_ln717_35_reg_6362      |  12|   0|   12|          0|
    |trunc_ln717_37_reg_6367      |  12|   0|   12|          0|
    |trunc_ln717_39_reg_6372      |  11|   0|   11|          0|
    |trunc_ln717_3_reg_6614       |  13|   0|   13|          0|
    |trunc_ln717_40_reg_6377      |   8|   0|    8|          0|
    |trunc_ln717_42_reg_6382      |  11|   0|   11|          0|
    |trunc_ln717_43_reg_6387      |  11|   0|   12|          1|
    |trunc_ln717_44_reg_6398      |  11|   0|   11|          0|
    |trunc_ln717_45_reg_6494      |  10|   0|   10|          0|
    |trunc_ln717_46_reg_6403      |  13|   0|   13|          0|
    |trunc_ln717_47_reg_6414      |  12|   0|   12|          0|
    |trunc_ln717_48_reg_6419      |   5|   0|    5|          0|
    |trunc_ln717_49_reg_6499      |  12|   0|   12|          0|
    |trunc_ln717_4_reg_6219       |  11|   0|   11|          0|
    |trunc_ln717_50_reg_6424      |   9|   0|    9|          0|
    |trunc_ln717_51_reg_6429      |  13|   0|   13|          0|
    |trunc_ln717_52_reg_6434      |  13|   0|   13|          0|
    |trunc_ln717_53_reg_6439      |  13|   0|   13|          0|
    |trunc_ln717_54_reg_6444      |  13|   0|   13|          0|
    |trunc_ln717_56_reg_6449      |  12|   0|   12|          0|
    |trunc_ln717_57_reg_6454      |  12|   0|   12|          0|
    |trunc_ln717_5_reg_6224       |  11|   0|   13|          2|
    |trunc_ln717_6_reg_6229       |  11|   0|   11|          0|
    |trunc_ln717_7_reg_6234       |  13|   0|   13|          0|
    |trunc_ln717_8_reg_6239       |  13|   0|   13|          0|
    |trunc_ln717_9_reg_6594       |  13|   0|   13|          0|
    |trunc_ln717_s_reg_6599       |  10|   0|   10|          0|
    +-----------------------------+----+----+-----+-----------+
    |Total                        |1169|   0| 1176|          7|
    +-----------------------------+----+----+-----+-----------+



================================================================
== Interface
================================================================
* Summary: 
+-------------+-----+-----+------------+---------------------------------------------------------------------------+--------------+
|  RTL Ports  | Dir | Bits|  Protocol  |                               Source Object                               |    C Type    |
+-------------+-----+-----+------------+---------------------------------------------------------------------------+--------------+
|ap_clk       |   in|    1|  ap_ctrl_hs|  dense_latency<ap_fixed<8, 2, 5, 3, 0>, ap_fixed<16, 4, 5, 3, 0>, config2>|  return value|
|ap_rst       |   in|    1|  ap_ctrl_hs|  dense_latency<ap_fixed<8, 2, 5, 3, 0>, ap_fixed<16, 4, 5, 3, 0>, config2>|  return value|
|ap_start     |   in|    1|  ap_ctrl_hs|  dense_latency<ap_fixed<8, 2, 5, 3, 0>, ap_fixed<16, 4, 5, 3, 0>, config2>|  return value|
|ap_done      |  out|    1|  ap_ctrl_hs|  dense_latency<ap_fixed<8, 2, 5, 3, 0>, ap_fixed<16, 4, 5, 3, 0>, config2>|  return value|
|ap_idle      |  out|    1|  ap_ctrl_hs|  dense_latency<ap_fixed<8, 2, 5, 3, 0>, ap_fixed<16, 4, 5, 3, 0>, config2>|  return value|
|ap_ready     |  out|    1|  ap_ctrl_hs|  dense_latency<ap_fixed<8, 2, 5, 3, 0>, ap_fixed<16, 4, 5, 3, 0>, config2>|  return value|
|ap_return_0  |  out|   16|  ap_ctrl_hs|  dense_latency<ap_fixed<8, 2, 5, 3, 0>, ap_fixed<16, 4, 5, 3, 0>, config2>|  return value|
|ap_return_1  |  out|   16|  ap_ctrl_hs|  dense_latency<ap_fixed<8, 2, 5, 3, 0>, ap_fixed<16, 4, 5, 3, 0>, config2>|  return value|
|ap_return_2  |  out|   16|  ap_ctrl_hs|  dense_latency<ap_fixed<8, 2, 5, 3, 0>, ap_fixed<16, 4, 5, 3, 0>, config2>|  return value|
|p_read       |   in|  168|     ap_none|                                                                     p_read|        scalar|
+-------------+-----+-----+------------+---------------------------------------------------------------------------+--------------+

